1 - Software; Archivo: actividades.php; Acción: Lista las actividades de los adminitradores; Fecha: 26-11-2024; Hora: 09:33:27
1 - Software; Archivo: actividades.php; Acción: Edita Actividades7 Test1; Fecha: 26-11-2024; Hora: 09:35:22
1 - Software; Archivo: actividades.php; Acción: Lista las actividades de los adminitradores; Fecha: 26-11-2024; Hora: 09:35:24
1 - Software; Archivo: actividades.php; Acción: Lista los alumnos apuntados en la actividad 7; Fecha: 26-11-2024; Hora: 09:35:28
1 - Software; Archivo: actividades.php; Acción: Alumno 5 fue apuntado por Software a la actividad 7; Fecha: 26-11-2024; Hora: 09:35:36
1 - Software; Archivo: actividades.php; Acción: Lista los alumnos apuntados en la actividad 7; Fecha: 26-11-2024; Hora: 09:35:36
1 - Software; Archivo: actividades.php; Acción: Lista las actividades de los adminitradores; Fecha: 26-11-2024; Hora: 09:35:41
1 - Software; Archivo: actividades.php; Acción: Lista los alumnos apuntados en la actividad 7; Fecha: 26-11-2024; Hora: 09:36:58
1 - Software; Archivo: actividades.php; Acción: Lista las actividades de los adminitradores; Fecha: 26-11-2024; Hora: 09:37:00
1 - Software; Archivo: pagos.php; Acción: Recoger los medios de pago; Fecha: 26-11-2024; Hora: 09:41:06
1 - Software; Archivo: pagos.php; Acción: Recoger los medios de pago; Fecha: 26-11-2024; Hora: 09:41:34
1 - Software; Archivo: actividades.php; Acción: Lista las actividades de los adminitradores; Fecha: 26-11-2024; Hora: 12:38:55
1 - Software; Archivo: actividades.php; Acción: Lista los alumnos apuntados en la actividad 1; Fecha: 26-11-2024; Hora: 12:38:59
1 - Software; Archivo: actividades.php; Acción: Lista las actividades de los adminitradores; Fecha: 26-11-2024; Hora: 12:39:01
1 - Software; Archivo: actividades.php; Acción: Lista las actividades de los adminitradores; Fecha: 26-11-2024; Hora: 13:21:38
1 - Software; Archivo: actividades.php; Acción: Lista los alumnos apuntados en la actividad 1; Fecha: 26-11-2024; Hora: 15:40:29
1 - Software; Archivo: actividades.php; Acción: Lista las actividades de los adminitradores; Fecha: 26-11-2024; Hora: 15:40:31
1 - Software; Archivo: actividades.php; Acción: Lista las actividades de los adminitradores; Fecha: 26-11-2024; Hora: 15:40:41
1 - Software; Archivo: actividades.php; Acción: Lista los alumnos apuntados en la actividad 1; Fecha: 26-11-2024; Hora: 15:40:45
1 - Software; Archivo: actividades.php; Acción: Lista las actividades de los adminitradores; Fecha: 26-11-2024; Hora: 15:40:47
1 - Software; Archivo: actividades.php; Acción: Lista los alumnos apuntados en la actividad 1; Fecha: 26-11-2024; Hora: 15:40:49
1 - Software; Archivo: actividades.php; Acción: Lista las actividades de los adminitradores; Fecha: 26-11-2024; Hora: 15:40:50
1 - Software; Archivo: actividades.php; Acción: Lista las actividades de los adminitradores; Fecha: 26-11-2024; Hora: 15:48:42
1 - Software; Archivo: actividades.php; Acción: Lista las actividades de los adminitradores; Fecha: 26-11-2024; Hora: 15:48:51
1 - Software; Archivo: actividades.php; Acción: Lista las actividades de los adminitradores; Fecha: 26-11-2024; Hora: 15:53:05
1 - Software; Archivo: actividades.php; Acción: Lista las actividades de los adminitradores; Fecha: 26-11-2024; Hora: 17:17:49
1 - Software; Archivo: actividades.php; Acción: Lista los alumnos apuntados en la actividad 1; Fecha: 26-11-2024; Hora: 17:20:11
1 - Software; Archivo: actividades.php; Acción: Lista las actividades de los adminitradores; Fecha: 26-11-2024; Hora: 17:20:15
1 - Software; Archivo: actividades.php; Acción: Lista los alumnos apuntados en la actividad 3; Fecha: 26-11-2024; Hora: 17:20:17
1 - Software; Archivo: actividades.php; Acción: Alumno 1 fue apuntado por Software a la actividad 3; Fecha: 26-11-2024; Hora: 17:20:22
1 - Software; Archivo: actividades.php; Acción: Lista los alumnos apuntados en la actividad 3; Fecha: 26-11-2024; Hora: 17:20:22
1 - Software; Archivo: actividades.php; Acción: Alumno 1 fue apuntado por Software a la actividad 3; Fecha: 26-11-2024; Hora: 17:20:25
1 - Software; Archivo: actividades.php; Acción: Lista los alumnos apuntados en la actividad 3; Fecha: 26-11-2024; Hora: 17:20:25
1 - Software; Archivo: actividades.php; Acción: El alumno 7 no ha asistido; Fecha: 26-11-2024; Hora: 17:20:33
1 - Software; Archivo: actividades.php; Acción: Lista los alumnos apuntados en la actividad 3; Fecha: 26-11-2024; Hora: 17:20:33
1 - Software; Archivo: actividades.php; Acción: El alumno 7 fue eliminad@ de la actividad; Fecha: 26-11-2024; Hora: 17:20:35
1 - Software; Archivo: actividades.php; Acción: Lista los alumnos apuntados en la actividad 3; Fecha: 26-11-2024; Hora: 17:20:35
1 - Software; Archivo: actividades.php; Acción: Lista las actividades de los adminitradores; Fecha: 26-11-2024; Hora: 17:34:53
1 - Software; Archivo: actividades.php; Acción: Lista las actividades de los adminitradores; Fecha: 26-11-2024; Hora: 17:36:32
1 - Software; Archivo: actividades.php; Acción: Lista las actividades de los adminitradores; Fecha: 26-11-2024; Hora: 17:38:47
1 - Software; Archivo: actividades.php; Acción: Lista las actividades de los adminitradores; Fecha: 26-11-2024; Hora: 17:39:18
1 - Software; Archivo: actividades.php; Acción: Lista las actividades de los adminitradores; Fecha: 26-11-2024; Hora: 17:40:03
1 - Software; Archivo: actividades.php; Acción: Lista las actividades de los adminitradores; Fecha: 26-11-2024; Hora: 17:40:49
1 - Software; Archivo: actividades.php; Acción: Lista las actividades de los adminitradores; Fecha: 26-11-2024; Hora: 17:41:16
1 - Software; Archivo: actividades.php; Acción: Lista las actividades de los adminitradores; Fecha: 26-11-2024; Hora: 17:41:22
1 - Software; Archivo: actividades.php; Acción: Lista las actividades de los adminitradores; Fecha: 26-11-2024; Hora: 17:41:33
1 - Software; Archivo: actividades.php; Acción: Lista las actividades de los adminitradores; Fecha: 26-11-2024; Hora: 17:41:45
1 - Software; Archivo: actividades.php; Acción: Lista las actividades de los adminitradores; Fecha: 26-11-2024; Hora: 17:42:07
1 - Software; Archivo: actividades.php; Acción: Lista las actividades de los adminitradores; Fecha: 26-11-2024; Hora: 17:43:01
1 - Software; Archivo: actividades.php; Acción: Lista las actividades de los adminitradores; Fecha: 26-11-2024; Hora: 17:45:00
1 - Software; Archivo: actividades.php; Acción: Lista las actividades de los adminitradores; Fecha: 26-11-2024; Hora: 17:45:46
1 - Software; Archivo: actividades.php; Acción: Lista las actividades de los adminitradores; Fecha: 26-11-2024; Hora: 17:46:05
1 - Software; Archivo: actividades.php; Acción: Lista las actividades de los adminitradores; Fecha: 26-11-2024; Hora: 17:48:05
1 - Software; Archivo: actividades.php; Acción: Lista las actividades de los adminitradores; Fecha: 26-11-2024; Hora: 17:51:11
1 - Software; Archivo: actividades.php; Acción: Lista las actividades de los adminitradores; Fecha: 26-11-2024; Hora: 17:51:18
1 - Software; Archivo: actividades.php; Acción: Edita Actividades5 Dsfsf; Fecha: 26-11-2024; Hora: 17:51:26
1 - Software; Archivo: pagos.php; Acción: Recoger los medios de pago; Fecha: 26-11-2024; Hora: 12:49:03
1 - Software; Archivo: pagos.php; Acción: Recoger los medios de pago; Fecha: 26-11-2024; Hora: 12:51:10
1 - Software; Archivo: pagos.php; Acción: Recoger los medios de pago; Fecha: 26-11-2024; Hora: 12:51:33
1 - Software; Archivo: pagos.php; Acción: Recoger los medios de pago; Fecha: 26-11-2024; Hora: 12:52:13
1 - Software; Archivo: pagos.php; Acción: Recoger los medios de pago; Fecha: 26-11-2024; Hora: 12:52:24
1 - Software; Archivo: pagos.php; Acción: Recoger los medios de pago; Fecha: 26-11-2024; Hora: 12:53:13
1 - Software; Archivo: pagos.php; Acción: Recoger los medios de pago; Fecha: 26-11-2024; Hora: 12:57:56
1 - Software; Archivo: pagos.php; Acción: Recoger los medios de pago; Fecha: 26-11-2024; Hora: 12:57:58
1 - Software; Archivo: pagos.php; Acción: Recoger los medios de pago; Fecha: 26-11-2024; Hora: 12:58:02
1 - Software; Archivo: pagos.php; Acción: Recoger los medios de pago; Fecha: 26-11-2024; Hora: 13:01:34
1 - Software; Archivo: pagos.php; Acción: Recoger los medios de pago; Fecha: 26-11-2024; Hora: 13:03:21
1 - Software; Archivo: pagos.php; Acción: Recoger los medios de pago; Fecha: 26-11-2024; Hora: 13:03:31
1 - Software; Archivo: pagos.php; Acción: Recoger los medios de pago; Fecha: 26-11-2024; Hora: 13:08:13
1 - Software; Archivo: pagos.php; Acción: Recoger los medios de pago; Fecha: 26-11-2024; Hora: 13:08:17
1 - Software; Archivo: pagos.php; Acción: Recoger los medios de pago; Fecha: 26-11-2024; Hora: 13:10:13
1 - Software; Archivo: pagos.php; Acción: Recoger los medios de pago; Fecha: 26-11-2024; Hora: 13:10:24
1 - Software; Archivo: pagos.php; Acción: Recoger los medios de pago; Fecha: 26-11-2024; Hora: 13:10:36
1 - Software; Archivo: pagos.php; Acción: Recoger los medios de pago; Fecha: 26-11-2024; Hora: 13:10:52
1 - Software; Archivo: pagos.php; Acción: Recoger los medios de pago; Fecha: 26-11-2024; Hora: 13:11:01
1 - Software; Archivo: pagos.php; Acción: Recoger los medios de pago; Fecha: 26-11-2024; Hora: 13:11:09
1 - Software; Archivo: pagos.php; Acción: Recoger los medios de pago; Fecha: 26-11-2024; Hora: 13:11:22
1 - Software; Archivo: pagos.php; Acción: Recoger los medios de pago; Fecha: 26-11-2024; Hora: 13:11:36
1 - Software; Archivo: pagos.php; Acción: Recoger los medios de pago; Fecha: 26-11-2024; Hora: 13:11:46
1 - Software; Archivo: pagos.php; Acción: Recoger los medios de pago; Fecha: 26-11-2024; Hora: 13:11:54
1 - Software; Archivo: pagos.php; Acción: Recoger los medios de pago; Fecha: 26-11-2024; Hora: 13:12:04
1 - Software; Archivo: pagos.php; Acción: Recoger los medios de pago; Fecha: 26-11-2024; Hora: 13:12:19
1 - Software; Archivo: pagos.php; Acción: Recoger los medios de pago; Fecha: 26-11-2024; Hora: 13:12:31
1 - Software; Archivo: pagos.php; Acción: Recoger los medios de pago; Fecha: 26-11-2024; Hora: 13:12:41
1 - Software; Archivo: pagos.php; Acción: Recoger los medios de pago; Fecha: 26-11-2024; Hora: 13:12:54
1 - Software; Archivo: pagos.php; Acción: Recoger los medios de pago; Fecha: 26-11-2024; Hora: 13:13:05
1 - Software; Archivo: pagos.php; Acción: Recoger los medios de pago; Fecha: 26-11-2024; Hora: 13:13:22
1 - Software; Archivo: pagos.php; Acción: Recoger los medios de pago; Fecha: 26-11-2024; Hora: 13:13:39
1 - Software; Archivo: pagos.php; Acción: Recoger los medios de pago; Fecha: 26-11-2024; Hora: 13:21:08
1 - Software; Archivo: pagos.php; Acción: Recoger los medios de pago; Fecha: 26-11-2024; Hora: 13:21:41
1 - Software; Archivo: pagos.php; Acción: Recoger los medios de pago; Fecha: 26-11-2024; Hora: 13:23:15
1 - Software; Archivo: tarifaAloja.php; Acción: Lista las tarifas de alojamiento; Fecha: 26-11-2024; Hora: 13:25:42
1 - Software; Archivo: pagos.php; Acción: Recoger los medios de pago; Fecha: 26-11-2024; Hora: 13:29:42
1 - Software; Archivo: tarifaAloja.php; Acción: Lista las tarifas de alojamiento; Fecha: 26-11-2024; Hora: 13:29:54
1 - Software; Archivo: pagos.php; Acción: Recoger los medios de pago; Fecha: 26-11-2024; Hora: 13:31:32
1 - Software; Archivo: tarifaAloja.php; Acción: Lista las tarifas de alojamiento; Fecha: 26-11-2024; Hora: 13:31:37
1 - Software; Archivo: pagos.php; Acción: Recoger los medios de pago; Fecha: 26-11-2024; Hora: 13:32:25
1 - Software; Archivo: tarifaAloja.php; Acción: Lista las tarifas de alojamiento; Fecha: 26-11-2024; Hora: 13:32:30
1 - Software; Archivo: tarifaAloja.php; Acción: Lista las tarifas de alojamiento; Fecha: 26-11-2024; Hora: 13:32:47
1 - Software; Archivo: pagos.php; Acción: Recoger los medios de pago; Fecha: 26-11-2024; Hora: 13:32:52
1 - Software; Archivo: tarifaAloja.php; Acción: Lista las tarifas de alojamiento; Fecha: 26-11-2024; Hora: 13:33:09
1 - Software; Archivo: pagos.php; Acción: Recoger los medios de pago; Fecha: 26-11-2024; Hora: 13:34:50
1 - Software; Archivo: pagos.php; Acción: Recoger los medios de pago; Fecha: 26-11-2024; Hora: 13:35:15
1 - Software; Archivo: tarifaAloja.php; Acción: Lista las tarifas de alojamiento; Fecha: 26-11-2024; Hora: 13:35:23
1 - Software; Archivo: pagos.php; Acción: Recoger los medios de pago; Fecha: 26-11-2024; Hora: 13:35:47
1 - Software; Archivo: tarifaAloja.php; Acción: Lista las tarifas de alojamiento; Fecha: 26-11-2024; Hora: 13:35:50
1 - Software; Archivo: pagos.php; Acción: Recoger los medios de pago; Fecha: 26-11-2024; Hora: 13:36:41
1 - Software; Archivo: tarifaAloja.php; Acción: Lista las tarifas de alojamiento; Fecha: 26-11-2024; Hora: 13:36:46
1 - Software; Archivo: pagos.php; Acción: Recoger los medios de pago; Fecha: 26-11-2024; Hora: 13:37:33
1 - Software; Archivo: tarifaAloja.php; Acción: Lista las tarifas de alojamiento; Fecha: 26-11-2024; Hora: 13:37:39
1 - Software; Archivo: pagos.php; Acción: Recoger los medios de pago; Fecha: 26-11-2024; Hora: 13:37:43
1 - Software; Archivo: pagos.php; Acción: Recoger los medios de pago; Fecha: 26-11-2024; Hora: 13:37:54
1 - Software; Archivo: tarifaAloja.php; Acción: Lista las tarifas de alojamiento; Fecha: 26-11-2024; Hora: 13:37:58
1 - Software; Archivo: pagos.php; Acción: Recoger los medios de pago; Fecha: 26-11-2024; Hora: 13:38:03
1 - Software; Archivo: tarifaAloja.php; Acción: Lista las tarifas de alojamiento; Fecha: 26-11-2024; Hora: 13:38:07
1 - Software; Archivo: pagos.php; Acción: Recoger los medios de pago; Fecha: 26-11-2024; Hora: 13:38:24
1 - Software; Archivo: tarifaAloja.php; Acción: Lista las tarifas de alojamiento; Fecha: 26-11-2024; Hora: 13:38:28
1 - Software; Archivo: pagos.php; Acción: Recoger los medios de pago; Fecha: 26-11-2024; Hora: 13:40:11
1 - Software; Archivo: tarifaAloja.php; Acción: Lista las tarifas de alojamiento; Fecha: 26-11-2024; Hora: 13:40:16
1 - Software; Archivo: pagos.php; Acción: Recoger los medios de pago; Fecha: 26-11-2024; Hora: 13:42:36
1 - Software; Archivo: pagos.php; Acción: Recoger los medios de pago; Fecha: 26-11-2024; Hora: 13:46:57
1 - Software; Archivo: tarifaAloja.php; Acción: Lista las tarifas de alojamiento; Fecha: 26-11-2024; Hora: 13:47:27
1 - Software; Archivo: pagos.php; Acción: Recoger los medios de pago; Fecha: 26-11-2024; Hora: 13:48:58
1 - Software; Archivo: tarifaAloja.php; Acción: Lista las tarifas de alojamiento; Fecha: 26-11-2024; Hora: 13:49:02
1 - Software; Archivo: pagos.php; Acción: Recoger los medios de pago; Fecha: 26-11-2024; Hora: 13:51:01
1 - Software; Archivo: pagos.php; Acción: Recoger los medios de pago; Fecha: 26-11-2024; Hora: 13:51:20
1 - Software; Archivo: pagos.php; Acción: Recoger los medios de pago; Fecha: 26-11-2024; Hora: 13:52:03
1 - Software; Archivo: tarifaAloja.php; Acción: Lista las tarifas de alojamiento; Fecha: 26-11-2024; Hora: 13:52:08
1 - Software; Archivo: pagos.php; Acción: Recoger los medios de pago; Fecha: 26-11-2024; Hora: 13:52:14
1 - Software; Archivo: pagos.php; Acción: Recoger los medios de pago; Fecha: 26-11-2024; Hora: 13:52:41
1 - Software; Archivo: pagos.php; Acción: Recoger los medios de pago; Fecha: 26-11-2024; Hora: 13:53:02
1 - Software; Archivo: pagos.php; Acción: Recoger los medios de pago; Fecha: 26-11-2024; Hora: 13:53:14
1 - Software; Archivo: tarifaAloja.php; Acción: Lista las tarifas de alojamiento; Fecha: 26-11-2024; Hora: 13:53:27
1 - Software; Archivo: pagos.php; Acción: Recoger los medios de pago; Fecha: 26-11-2024; Hora: 13:54:11
1 - Software; Archivo: tarifaAloja.php; Acción: Lista las tarifas de alojamiento; Fecha: 26-11-2024; Hora: 13:54:14
1 - Software; Archivo: pagos.php; Acción: Recoger los medios de pago; Fecha: 26-11-2024; Hora: 13:54:21
1 - Software; Archivo: tarifaAloja.php; Acción: Lista las tarifas de alojamiento; Fecha: 26-11-2024; Hora: 13:54:27
1 - Software; Archivo: pagos.php; Acción: Recoger los medios de pago; Fecha: 26-11-2024; Hora: 13:57:19
1 - Software; Archivo: tarifaAloja.php; Acción: Lista las tarifas de alojamiento; Fecha: 26-11-2024; Hora: 13:57:23
1 - Software; Archivo: pagos.php; Acción: Recoger los medios de pago; Fecha: 26-11-2024; Hora: 13:58:03
1 - Software; Archivo: tarifaAloja.php; Acción: Lista las tarifas de alojamiento; Fecha: 26-11-2024; Hora: 13:58:03
1 - Software; Archivo: pagos.php; Acción: Recoger los medios de pago; Fecha: 26-11-2024; Hora: 13:58:17
1 - Software; Archivo: tarifaAloja.php; Acción: Lista las tarifas de alojamiento; Fecha: 26-11-2024; Hora: 13:58:17
1 - Software; Archivo: tarifaAloja.php; Acción: Lista las tarifas de alojamiento; Fecha: 26-11-2024; Hora: 13:58:20
1 - Software; Archivo: pagos.php; Acción: Recoger los medios de pago; Fecha: 26-11-2024; Hora: 13:58:27
1 - Software; Archivo: tarifaAloja.php; Acción: Lista las tarifas de alojamiento; Fecha: 26-11-2024; Hora: 13:58:28
1 - Software; Archivo: pagos.php; Acción: Recoger los medios de pago; Fecha: 26-11-2024; Hora: 13:58:40
