 - ;usuario.php;Se hace login;26-03-2024;08:25:44
1 - Joser;departamentos.php;Mostrar departamentos;26-03-2024;08:34:31
1 - Joser;departamentos.php;Mostrar departamentos;26-03-2024;08:36:31
1 - Joser;departamentos.php;Mostrar departamentos;26-03-2024;08:36:45
1 - Joser;departamentos.php;Mostrar departamentos;26-03-2024;08:38:30
1 - Joser;departamentos.php;Mostrar departamentos;26-03-2024;08:41:59
1 - Joser;departamentos.php;Mostrar departamentos;26-03-2024;08:42:10
1 - Joser;departamentos.php;Mostrar departamentos;26-03-2024;08:42:14
1 - Joser;departamentos.php;Mostrar departamentos;26-03-2024;08:43:37
1 - Joser;departamentos.php;Mostrar departamentos;26-03-2024;08:43:41
1 - Joser;departamentos.php;Mostrar departamentos;26-03-2024;08:44:18
1 - Joser;departamentos.php;Mostrar departamentos;26-03-2024;08:44:25
1 - Joser;departamentos.php;Mostrar departamentos;26-03-2024;08:45:20
1 - Joser;departamentos.php;Mostrar departamentos;26-03-2024;08:48:34
1 - Joser;departamentos.php;Mostrar departamentos;26-03-2024;08:49:23
1 - Joser;departamentos.php;Mostrar departamentos;26-03-2024;08:49:25
1 - Joser;departamentos.php;Mostrar departamentos;26-03-2024;09:45:09
1 - Joser;departamentos.php;Mostrar departamentos;26-03-2024;09:46:24
1 - Joser;departamentos.php;Mostrar departamentos;26-03-2024;09:46:49
1 - Joser;departamentos.php;Mostrar departamentos;26-03-2024;09:47:41
1 - Joser;departamentos.php;Mostrar departamentos;26-03-2024;09:47:59
1 - Joser;departamentos.php;Mostrar departamentos;26-03-2024;09:48:41
1 - Joser;departamentos.php;Mostrar departamentos;26-03-2024;09:50:48
1 - Joser;departamentos.php;Mostrar departamentos;26-03-2024;09:51:04
1 - Joser;usuario.php;Mostrar usuarios;26-03-2024;10:46:03
1 - Joser;usuario.php;Mostrar usuarios;26-03-2024;11:00:28
1 - Joser;usuario.php;Mostrar usuarios;26-03-2024;11:01:53
1 - Joser;usuario.php;Mostrar usuarios;26-03-2024;11:04:30
1 - Joser;usuario.php;Mostrar usuarios;26-03-2024;11:16:47
1 - Joser;usuario.php;Se recoge usuario con id: 1;26-03-2024;11:42:08
1 - Joser;usuario.php;Mostrar usuarios;26-03-2024;11:42:28
1 - Joser;usuario.php;Mostrar usuarios;26-03-2024;11:43:20
1 - Joser;usuario.php;Mostrar usuarios;26-03-2024;11:43:30
1 - Joser;usuario.php;Mostrar usuarios;26-03-2024;11:43:57
1 - Joser;usuario.php;Mostrar usuarios;26-03-2024;11:59:16
1 - Joser;usuario.php;Mostrar usuarios;26-03-2024;12:04:58
1 - Joser;usuario.php;Mostrar usuarios;26-03-2024;12:05:39
1 - Joser;usuario.php;Mostrar usuarios;26-03-2024;12:16:10
1 - Joser;usuario.php;Mostrar usuarios;26-03-2024;12:17:44
1 - Joser;usuario.php;Mostrar usuarios;26-03-2024;12:19:30
1 - Joser;usuario.php;Mostrar usuarios;26-03-2024;12:20:17
1 - Joser;usuario.php;Se crea un nuevo usuario;26-03-2024;12:20:54
1 - Joser;usuario.php;Se crea un nuevo usuario;26-03-2024;12:32:15
1 - Joser;usuario.php;Mostrar usuarios;26-03-2024;12:32:15
1 - Joser;usuario.php;Mostrar usuarios;26-03-2024;12:32:22
1 - Joser;usuario.php;Mostrar usuarios;26-03-2024;12:38:23
1 - Joser;usuario.php;Se crea un nuevo usuario;26-03-2024;12:39:15
1 - Joser;usuario.php;Mostrar usuarios;26-03-2024;12:39:15
1 - Joser;usuario.php;Mostrar usuarios;26-03-2024;12:41:38
1 - Joser;usuario.php;Se crea un nuevo usuario;26-03-2024;12:42:19
1 - Joser;usuario.php;Mostrar usuarios;26-03-2024;12:42:19
1 - Joser;logout.php;Sesión cerrada;26-03-2024;12:47:29
7 - Ivan;logout.php;Sesión cerrada;26-03-2024;13:10:52
 - ;usuario.php;Se hace login;26-03-2024;13:10:59
1 - Joser;usuario.php;Mostrar usuarios;26-03-2024;13:11:05
1 - Joser;usuario.php;Se desactiva el usuario con id: 7;26-03-2024;13:11:09
1 - Joser;usuario.php;Mostrar usuarios;26-03-2024;13:11:09
1 - Joser;usuario.php;Se recoge usuario con id: 7;26-03-2024;13:11:14
1 - Joser;usuario.php;Se recoge usuario con id: 6;26-03-2024;13:11:19
