1 - Joser; Archivo: medios.php; Acción: Lista los medios de pago; Fecha: 09-08-2024; Hora: 09:19:09
1 - Joser; Archivo: medios.php; Acción: Lista los medios de pago; Fecha: 09-08-2024; Hora: 10:15:44
1 - Joser; Archivo: idiomas.php; Acción: Lista los idiomas; Fecha: 09-08-2024; Hora: 10:25:26
1 - Joser; Archivo: idiomas.php; Acción: Lista los idiomas; Fecha: 09-08-2024; Hora: 10:31:21
1 - Joser; Archivo: idiomas.php; Acción: Lista los idiomas; Fecha: 09-08-2024; Hora: 10:36:42
1 - Joser; Archivo: idiomas.php; Acción: Se inserta un nuevo idioma ; Fecha: 09-08-2024; Hora: 10:36:49
1 - Joser; Archivo: idiomas.php; Acción: Lista los idiomas; Fecha: 09-08-2024; Hora: 10:36:49
1 - Joser; Archivo: idiomas.php; Acción: Lista los idiomas; Fecha: 09-08-2024; Hora: 10:39:24
1 - Joser; Archivo: idiomas.php; Acción: Se inserta un nuevo idioma ; Fecha: 09-08-2024; Hora: 10:39:27
1 - Joser; Archivo: idiomas.php; Acción: Lista los idiomas; Fecha: 09-08-2024; Hora: 10:39:27
1 - Joser; Archivo: idiomas.php; Acción: Lista los idiomas; Fecha: 09-08-2024; Hora: 10:49:23
1 - Joser; Archivo: idiomas.php; Acción: Lista los idiomas; Fecha: 09-08-2024; Hora: 10:49:45
1 - Joser; Archivo: idiomas.php; Acción: Lista los idiomas; Fecha: 09-08-2024; Hora: 10:49:55
1 - Joser; Archivo: idiomas.php; Acción: Lista los idiomas; Fecha: 09-08-2024; Hora: 10:50:38
1 - Joser; Archivo: idiomas.php; Acción: Lista los idiomas; Fecha: 09-08-2024; Hora: 10:54:39
1 - Joser; Archivo: idiomas.php; Acción: Se edita el idioma ; Fecha: 09-08-2024; Hora: 10:54:48
1 - Joser; Archivo: idiomas.php; Acción: Lista los idiomas; Fecha: 09-08-2024; Hora: 10:54:48
1 - Joser; Archivo: idiomas.php; Acción: Lista los idiomas; Fecha: 09-08-2024; Hora: 10:54:51
1 - Joser; Archivo: idiomas.php; Acción: Lista los idiomas; Fecha: 09-08-2024; Hora: 10:55:10
1 - Joser; Archivo: idiomas.php; Acción: Se edita el idioma 7; Fecha: 09-08-2024; Hora: 10:55:18
1 - Joser; Archivo: idiomas.php; Acción: Lista los idiomas; Fecha: 09-08-2024; Hora: 10:55:18
1 - Joser; Archivo: idiomas.php; Acción: Lista los idiomas; Fecha: 09-08-2024; Hora: 10:55:44
1 - Joser; Archivo: idiomas.php; Acción: Se edita el idioma 7; Fecha: 09-08-2024; Hora: 10:55:47
1 - Joser; Archivo: idiomas.php; Acción: Lista los idiomas; Fecha: 09-08-2024; Hora: 10:55:47
1 - Joser; Archivo: idiomas.php; Acción: Lista los idiomas; Fecha: 09-08-2024; Hora: 10:59:06
1 - Joser; Archivo: idiomas.php; Acción: Lista los idiomas; Fecha: 09-08-2024; Hora: 10:59:08
1 - Joser; Archivo: idiomas.php; Acción: Lista los idiomas; Fecha: 09-08-2024; Hora: 10:59:09
1 - Joser; Archivo: idiomas.php; Acción: Lista los idiomas; Fecha: 09-08-2024; Hora: 10:59:39
1 - Joser; Archivo: idiomas.php; Acción: Lista los idiomas; Fecha: 09-08-2024; Hora: 10:59:41
1 - Joser; Archivo: idiomas.php; Acción: Lista los idiomas; Fecha: 09-08-2024; Hora: 10:59:41
1 - Joser; Archivo: idiomas.php; Acción: Lista los idiomas; Fecha: 09-08-2024; Hora: 11:29:28
1 - Joser; Archivo: idiomas.php; Acción: Lista los idiomas; Fecha: 09-08-2024; Hora: 11:29:50
1 - Joser; Archivo: idiomas.php; Acción: Lista los idiomas; Fecha: 09-08-2024; Hora: 11:29:52
1 - Joser; Archivo: idiomas.php; Acción: Lista los idiomas; Fecha: 09-08-2024; Hora: 11:30:21
1 - Joser; Archivo: tiposAloja_Edu.php; Acción: Lista los tipos de alojamiento ; Fecha: 09-08-2024; Hora: 11:37:44
1 - Joser; Archivo: medidasAloja.php; Acción: Lista las medidas de alojamiento; Fecha: 09-08-2024; Hora: 11:40:14
1 - Joser; Archivo: medidasAloja.php; Acción: Lista las medidas de alojamiento; Fecha: 09-08-2024; Hora: 11:40:25
1 - Joser; Archivo: medidasAloja.php; Acción: Lista las medidas de alojamiento; Fecha: 09-08-2024; Hora: 11:40:49
1 - Joser; Archivo: medidasAloja.php; Acción: Lista las medidas de alojamiento; Fecha: 09-08-2024; Hora: 11:44:58
1 - Joser; Archivo: medidasAloja.php; Acción: Se inserta una nueva medida de alojamiento; Fecha: 09-08-2024; Hora: 11:45:04
1 - Joser; Archivo: medidasAloja.php; Acción: Lista las medidas de alojamiento; Fecha: 09-08-2024; Hora: 11:45:05
1 - Joser; Archivo: medidasAloja.php; Acción: Lista las medidas de alojamiento; Fecha: 09-08-2024; Hora: 11:52:38
1 - Joser; Archivo: medidasAloja.php; Acción: Lista las medidas de alojamiento; Fecha: 09-08-2024; Hora: 11:53:31
1 - Joser; Archivo: medidasAloja.php; Acción: Lista las medidas de alojamiento; Fecha: 09-08-2024; Hora: 11:53:48
1 - Joser; Archivo: medidasAloja.php; Acción: Lista las medidas de alojamiento; Fecha: 09-08-2024; Hora: 11:54:59
1 - Joser; Archivo: medidasAloja.php; Acción: Lista las medidas de alojamiento; Fecha: 09-08-2024; Hora: 11:55:42
1 - Joser; Archivo: medidasAloja.php; Acción: Se edita la medida de alojamiento 8; Fecha: 09-08-2024; Hora: 11:56:03
1 - Joser; Archivo: medidasAloja.php; Acción: Lista las medidas de alojamiento; Fecha: 09-08-2024; Hora: 11:56:03
1 - Joser; Archivo: medidasAloja.php; Acción: Lista las medidas de alojamiento; Fecha: 09-08-2024; Hora: 11:59:10
1 - Joser; Archivo: medidasAloja.php; Acción: Lista las medidas de alojamiento; Fecha: 09-08-2024; Hora: 11:59:29
1 - Joser; Archivo: medidasAloja.php; Acción: Lista las medidas de alojamiento; Fecha: 09-08-2024; Hora: 11:59:30
1 - Joser; Archivo: medidasAloja.php; Acción: Lista las medidas de alojamiento; Fecha: 09-08-2024; Hora: 12:00:10
1 - Joser; Archivo: medidasAloja.php; Acción: Lista las medidas de alojamiento; Fecha: 09-08-2024; Hora: 12:00:14
1 - Joser; Archivo: medidasAloja.php; Acción: Lista las medidas de alojamiento; Fecha: 09-08-2024; Hora: 12:00:14
1 - Joser; Archivo: medidasAloja.php; Acción: Lista las medidas de alojamiento; Fecha: 09-08-2024; Hora: 12:00:27
1 - Joser; Archivo: medidasAloja.php; Acción: Lista las medidas de alojamiento; Fecha: 09-08-2024; Hora: 12:31:12
1 - Joser; Archivo: medidasAloja.php; Acción: Lista las medidas de alojamiento; Fecha: 09-08-2024; Hora: 12:32:37
1 - Joser; Archivo: medidasAloja.php; Acción: Lista las medidas de alojamiento; Fecha: 09-08-2024; Hora: 12:33:31
1 - Joser; Archivo: niveles.php; Acción: Lista los niveles; Fecha: 09-08-2024; Hora: 12:33:37
1 - Joser; Archivo: niveles.php; Acción: Lista los niveles; Fecha: 09-08-2024; Hora: 12:34:13
1 - Joser; Archivo: niveles.php; Acción: Lista los niveles; Fecha: 09-08-2024; Hora: 12:34:48
1 - Joser; Archivo: niveles.php; Acción: Lista los niveles; Fecha: 09-08-2024; Hora: 12:34:57
1 - Joser; Archivo: niveles.php; Acción: Lista los niveles; Fecha: 09-08-2024; Hora: 12:35:14
1 - Joser; Archivo: niveles.php; Acción: Lista los niveles; Fecha: 09-08-2024; Hora: 12:36:14
1 - Joser; Archivo: niveles.php; Acción: Lista los niveles; Fecha: 09-08-2024; Hora: 12:47:19
1 - Joser; Archivo: niveles.php; Acción: Se inserta un nuevo nivel; Fecha: 09-08-2024; Hora: 12:47:34
1 - Joser; Archivo: niveles.php; Acción: Lista los niveles; Fecha: 09-08-2024; Hora: 12:47:34
1 - Joser; Archivo: niveles.php; Acción: Lista los niveles; Fecha: 09-08-2024; Hora: 12:54:37
1 - Joser; Archivo: niveles.php; Acción: Lista los niveles; Fecha: 09-08-2024; Hora: 12:54:52
1 - Joser; Archivo: niveles.php; Acción: Lista los niveles; Fecha: 09-08-2024; Hora: 12:55:08
1 - Joser; Archivo: niveles.php; Acción: Lista los niveles; Fecha: 09-08-2024; Hora: 12:55:39
1 - Joser; Archivo: niveles.php; Acción: Lista los niveles; Fecha: 09-08-2024; Hora: 12:56:21
1 - Joser; Archivo: niveles.php; Acción: Se edita el nivel ; Fecha: 09-08-2024; Hora: 12:56:35
1 - Joser; Archivo: niveles.php; Acción: Lista los niveles; Fecha: 09-08-2024; Hora: 12:56:35
1 - Joser; Archivo: niveles.php; Acción: Lista los niveles; Fecha: 09-08-2024; Hora: 12:57:04
1 - Joser; Archivo: niveles.php; Acción: Lista los niveles; Fecha: 09-08-2024; Hora: 12:59:14
1 - Joser; Archivo: niveles.php; Acción: Lista los niveles; Fecha: 09-08-2024; Hora: 12:59:23
1 - Joser; Archivo: niveles.php; Acción: Lista los niveles; Fecha: 09-08-2024; Hora: 12:59:35
