16 - Ivan;usuario.php;Mostrar usuarios;07-05-2024;08:05:31
16 - Ivan;usuario.php;Mostrar usuarios;07-05-2024;09:47:26
16 - Ivan;usuario.php;Se recoge usuario con id: 16;07-05-2024;09:49:07
16 - Ivan;usuario.php;Mostrar usuarios;07-05-2024;09:55:19
16 - Ivan;usuario.php;Se recoge usuario con id: 9;07-05-2024;09:55:23
16 - Ivan;usuario.php;Se crea un nuevo usuario;07-05-2024;10:07:03
16 - Ivan;usuario.php;Se crea un nuevo usuario;07-05-2024;10:07:15
16 - Ivan;usuario.php;Mostrar usuarios;07-05-2024;10:07:16
16 - Ivan;usuario.php;Se recoge usuario con id: 17;07-05-2024;10:07:18
16 - Ivan;usuario.php;Mostrar usuarios;07-05-2024;10:25:57
16 - Ivan;usuario.php;Se crea un nuevo usuario;07-05-2024;10:27:43
16 - Ivan;usuario.php;Mostrar usuarios;07-05-2024;10:27:43
16 - Ivan;usuario.php;Mostrar usuarios;07-05-2024;10:52:42
16 - Ivan;usuario.php;Mostrar usuarios;07-05-2024;10:55:32
16 - Ivan;usuario.php;Se crea un nuevo usuario;07-05-2024;10:56:23
16 - Ivan;usuario.php;Mostrar usuarios;07-05-2024;10:56:23
16 - Ivan;usuario.php;Mostrar usuarios;07-05-2024;11:21:35
16 - Ivan;usuario.php;Se recoge usuario con id: 19;07-05-2024;11:22:40
16 - Ivan;usuario.php;Se recoge usuario con id: 19;07-05-2024;11:23:09
16 - Ivan;usuario.php;Mostrar usuarios;07-05-2024;11:38:54
16 - Ivan;usuario.php;Se recoge usuario con id: 19;07-05-2024;11:38:57
16 - Ivan;usuario.php;Se edita el usuario con id: 19;07-05-2024;11:41:38
16 - Ivan;usuario.php;Mostrar usuarios;07-05-2024;11:41:39
16 - Ivan;usuario.php;Mostrar usuarios;07-05-2024;12:26:06
16 - Ivan;usuario.php;Se desactiva el usuario con id: 9;07-05-2024;12:51:51
16 - Ivan;usuario.php;Mostrar usuarios;07-05-2024;12:51:51
16 - Ivan;usuario.php;Mostrar usuarios;07-05-2024;13:12:37
16 - Ivan;empresa.php;Listar datos de empresa;07-05-2024;13:12:42
16 - Ivan;usuario.php;Mostrar usuarios;07-05-2024;13:18:24
16 - Ivan;usuario.php;Mostrar usuarios;07-05-2024;13:18:26
16 - Ivan;empresa.php;Listar datos de empresa;07-05-2024;13:18:28
16 - Ivan;empresa.php;Listar datos de empresa;07-05-2024;13:18:54
16 - Ivan;empresa.php;Listar datos de empresa;07-05-2024;13:19:25
16 - Ivan;empresa.php;Listar datos de empresa;07-05-2024;13:19:29
