ID:  - Nombre:  - IP: 127.0.0.1; Archivo: usuario.php; Acción: Se hace login; Fecha: 13-08-2024; Hora: 10:59:37
1 - Joser; Archivo: contenido.php; Acción: Lista los contenidos; Fecha: 13-08-2024; Hora: 10:59:45
1 - Joser; Archivo: contenido.php; Acción: Lista los contenidos; Fecha: 13-08-2024; Hora: 10:59:46
1 - Joser; Archivo: contenido.php; Acción: Lista los contenidos; Fecha: 13-08-2024; Hora: 10:59:47
1 - Joser; Archivo: contenido.php; Acción: Lista los contenidos; Fecha: 13-08-2024; Hora: 10:59:48
1 - Joser; Archivo: contenido.php; Acción: Lista los contenidos; Fecha: 13-08-2024; Hora: 11:24:39
1 - Joser; Archivo: contenido.php; Acción: Lista los contenidos; Fecha: 13-08-2024; Hora: 11:24:39
1 - Joser; Archivo: contenido.php; Acción: Lista los contenidos; Fecha: 13-08-2024; Hora: 11:24:44
1 - Joser; Archivo: contenido.php; Acción: Lista los contenidos; Fecha: 13-08-2024; Hora: 11:24:44
1 - Joser; Archivo: contenido.php; Acción: Lista los contenidos; Fecha: 13-08-2024; Hora: 11:24:49
1 - Joser; Archivo: contenido.php; Acción: Lista los contenidos; Fecha: 13-08-2024; Hora: 11:24:49
1 - Joser; Archivo: contenido.php; Acción: Lista los contenidos; Fecha: 13-08-2024; Hora: 11:24:51
1 - Joser; Archivo: contenido.php; Acción: Lista los contenidos; Fecha: 13-08-2024; Hora: 11:24:52
1 - Joser; Archivo: contenido.php; Acción: Lista los contenidos; Fecha: 13-08-2024; Hora: 11:57:09
1 - Joser; Archivo: objetivos.php; Acción: Lista los objetivos; Fecha: 13-08-2024; Hora: 11:57:36
1 - Joser; Archivo: contenido.php; Acción: Lista los contenidos; Fecha: 13-08-2024; Hora: 11:57:36
1 - Joser; Archivo: objetivos.php; Acción: Lista los objetivos; Fecha: 13-08-2024; Hora: 11:58:54
1 - Joser; Archivo: contenido.php; Acción: Lista los contenidos; Fecha: 13-08-2024; Hora: 11:58:54
1 - Joser; Archivo: objetivos.php; Acción: Lista los objetivos; Fecha: 13-08-2024; Hora: 11:59:23
1 - Joser; Archivo: contenido.php; Acción: Lista los contenidos; Fecha: 13-08-2024; Hora: 11:59:23
1 - Joser; Archivo: objetivos.php; Acción: Lista los objetivos; Fecha: 13-08-2024; Hora: 11:59:31
1 - Joser; Archivo: contenido.php; Acción: Lista los contenidos; Fecha: 13-08-2024; Hora: 11:59:31
1 - Joser; Archivo: objetivos.php; Acción: Lista los objetivos; Fecha: 13-08-2024; Hora: 11:59:39
1 - Joser; Archivo: contenido.php; Acción: Lista los contenidos; Fecha: 13-08-2024; Hora: 11:59:39
1 - Joser; Archivo: objetivos.php; Acción: Lista los objetivos; Fecha: 13-08-2024; Hora: 12:00:11
1 - Joser; Archivo: contenido.php; Acción: Lista los contenidos; Fecha: 13-08-2024; Hora: 12:00:11
1 - Joser; Archivo: objetivos.php; Acción: Lista los objetivos; Fecha: 13-08-2024; Hora: 12:01:29
1 - Joser; Archivo: contenido.php; Acción: Lista los contenidos; Fecha: 13-08-2024; Hora: 12:01:29
1 - Joser; Archivo: objetivos.php; Acción: Lista los objetivos; Fecha: 13-08-2024; Hora: 12:01:38
1 - Joser; Archivo: objetivos.php; Acción: Lista los objetivos; Fecha: 13-08-2024; Hora: 12:01:53
1 - Joser; Archivo: contenido.php; Acción: Lista los contenidos; Fecha: 13-08-2024; Hora: 12:02:11
1 - Joser; Archivo: contenido.php; Acción: Lista los contenidos; Fecha: 13-08-2024; Hora: 12:02:11
1 - Joser; Archivo: objetivos.php; Acción: Lista los objetivos; Fecha: 13-08-2024; Hora: 12:03:01
1 - Joser; Archivo: objetivos.php; Acción: Lista los objetivos; Fecha: 13-08-2024; Hora: 12:03:07
1 - Joser; Archivo: objetivos.php; Acción: Lista los objetivos; Fecha: 13-08-2024; Hora: 12:03:42
1 - Joser; Archivo: contenido.php; Acción: Lista los contenidos; Fecha: 13-08-2024; Hora: 12:03:42
1 - Joser; Archivo: objetivos.php; Acción: Lista los objetivos; Fecha: 13-08-2024; Hora: 12:04:14
1 - Joser; Archivo: contenido.php; Acción: Lista los contenidos; Fecha: 13-08-2024; Hora: 12:04:14
1 - Joser; Archivo: contenido.php; Acción: Lista los contenidos; Fecha: 13-08-2024; Hora: 12:05:12
1 - Joser; Archivo: contenido.php; Acción: Lista los contenidos; Fecha: 13-08-2024; Hora: 12:05:31
1 - Joser; Archivo: objetivos.php; Acción: Lista los objetivos; Fecha: 13-08-2024; Hora: 12:05:43
1 - Joser; Archivo: contenido.php; Acción: Lista los contenidos; Fecha: 13-08-2024; Hora: 12:05:43
1 - Joser; Archivo: objetivos.php; Acción: Lista los objetivos; Fecha: 13-08-2024; Hora: 12:06:30
1 - Joser; Archivo: contenido.php; Acción: Lista los contenidos; Fecha: 13-08-2024; Hora: 12:06:30
1 - Joser; Archivo: contenido.php; Acción: Lista los contenidos; Fecha: 13-08-2024; Hora: 12:07:37
1 - Joser; Archivo: objetivos.php; Acción: Lista los objetivos; Fecha: 13-08-2024; Hora: 12:08:05
1 - Joser; Archivo: contenido.php; Acción: Lista los contenidos; Fecha: 13-08-2024; Hora: 12:08:05
1 - Joser; Archivo: objetivos.php; Acción: Lista los objetivos; Fecha: 13-08-2024; Hora: 12:08:35
1 - Joser; Archivo: contenido.php; Acción: Lista los contenidos; Fecha: 13-08-2024; Hora: 12:08:35
1 - Joser; Archivo: objetivos.php; Acción: Lista los objetivos; Fecha: 13-08-2024; Hora: 12:09:07
1 - Joser; Archivo: contenido.php; Acción: Lista los contenidos; Fecha: 13-08-2024; Hora: 12:09:07
1 - Joser; Archivo: objetivos.php; Acción: Lista los objetivos; Fecha: 13-08-2024; Hora: 12:09:24
1 - Joser; Archivo: contenido.php; Acción: Lista los contenidos; Fecha: 13-08-2024; Hora: 12:09:24
1 - Joser; Archivo: objetivos.php; Acción: Lista los objetivos; Fecha: 13-08-2024; Hora: 12:09:50
1 - Joser; Archivo: contenido.php; Acción: Lista los contenidos; Fecha: 13-08-2024; Hora: 12:09:50
1 - Joser; Archivo: objetivos.php; Acción: Lista los objetivos; Fecha: 13-08-2024; Hora: 12:11:04
1 - Joser; Archivo: contenido.php; Acción: Lista los contenidos; Fecha: 13-08-2024; Hora: 12:11:04
1 - Joser; Archivo: objetivos.php; Acción: Lista los objetivos; Fecha: 13-08-2024; Hora: 12:13:05
1 - Joser; Archivo: contenido.php; Acción: Lista los contenidos; Fecha: 13-08-2024; Hora: 12:13:05
1 - Joser; Archivo: objetivos.php; Acción: Lista los objetivos; Fecha: 13-08-2024; Hora: 12:13:13
1 - Joser; Archivo: objetivos.php; Acción: Lista los objetivos; Fecha: 13-08-2024; Hora: 12:13:44
1 - Joser; Archivo: contenido.php; Acción: Lista los contenidos; Fecha: 13-08-2024; Hora: 12:13:44
1 - Joser; Archivo: objetivos.php; Acción: Lista los objetivos; Fecha: 13-08-2024; Hora: 12:15:17
1 - Joser; Archivo: contenido.php; Acción: Lista los contenidos; Fecha: 13-08-2024; Hora: 12:15:17
1 - Joser; Archivo: objetivos.php; Acción: Lista los objetivos; Fecha: 13-08-2024; Hora: 12:15:37
1 - Joser; Archivo: contenido.php; Acción: Lista los contenidos; Fecha: 13-08-2024; Hora: 12:15:37
1 - Joser; Archivo: objetivos.php; Acción: Lista los objetivos; Fecha: 13-08-2024; Hora: 12:15:51
1 - Joser; Archivo: contenido.php; Acción: Lista los contenidos; Fecha: 13-08-2024; Hora: 12:15:51
1 - Joser; Archivo: objetivos.php; Acción: Lista los objetivos; Fecha: 13-08-2024; Hora: 12:16:04
1 - Joser; Archivo: contenido.php; Acción: Lista los contenidos; Fecha: 13-08-2024; Hora: 12:16:22
1 - Joser; Archivo: contenido.php; Acción: Lista los contenidos; Fecha: 13-08-2024; Hora: 12:16:22
1 - Joser; Archivo: contenido.php; Acción: Lista los contenidos; Fecha: 13-08-2024; Hora: 12:17:43
1 - Joser; Archivo: contenido.php; Acción: Lista los contenidos; Fecha: 13-08-2024; Hora: 12:17:44
1 - Joser; Archivo: objetivos.php; Acción: Lista los objetivos; Fecha: 13-08-2024; Hora: 12:18:08
1 - Joser; Archivo: contenido.php; Acción: Lista los contenidos; Fecha: 13-08-2024; Hora: 12:18:09
1 - Joser; Archivo: objetivos.php; Acción: Lista los objetivos; Fecha: 13-08-2024; Hora: 12:18:40
1 - Joser; Archivo: contenido.php; Acción: Lista los contenidos; Fecha: 13-08-2024; Hora: 12:18:40
1 - Joser; Archivo: objetivos.php; Acción: Lista los objetivos; Fecha: 13-08-2024; Hora: 12:29:06
1 - Joser; Archivo: contenido.php; Acción: Lista los contenidos; Fecha: 13-08-2024; Hora: 12:29:06
1 - Joser; Archivo: objetivos.php; Acción: Lista los objetivos; Fecha: 13-08-2024; Hora: 12:34:13
1 - Joser; Archivo: contenido.php; Acción: Lista los contenidos; Fecha: 13-08-2024; Hora: 12:34:13
1 - Joser; Archivo: objetivos.php; Acción: Lista los objetivos; Fecha: 13-08-2024; Hora: 12:34:44
1 - Joser; Archivo: contenido.php; Acción: Lista los contenidos; Fecha: 13-08-2024; Hora: 13:31:17
1 - Joser; Archivo: contenido.php; Acción: Lista los contenidos; Fecha: 13-08-2024; Hora: 13:31:17
1 - Joser; Archivo: tarifaAloja.php; Acción: Lista las tarifas de alojamiento; Fecha: 13-08-2024; Hora: 13:33:07
1 - Joser; Archivo: tarifaAloja.php; Acción: Lista las tarifas de alojamiento; Fecha: 13-08-2024; Hora: 13:34:43
1 - Joser; Archivo: tarifaAloja.php; Acción: Lista las tarifas de alojamiento; Fecha: 13-08-2024; Hora: 13:35:20
1 - Joser; Archivo: tarifaAloja.php; Acción: Lista las tarifas de alojamiento; Fecha: 13-08-2024; Hora: 13:35:36
1 - Joser; Archivo: tarifaAloja.php; Acción: Lista las tarifas de alojamiento; Fecha: 13-08-2024; Hora: 13:35:59
1 - Joser; Archivo: tarifaAloja.php; Acción: Lista las tarifas de alojamiento; Fecha: 13-08-2024; Hora: 13:36:18
1 - Joser; Archivo: tarifaAloja.php; Acción: Lista las tarifas de alojamiento; Fecha: 13-08-2024; Hora: 13:36:34
1 - Joser; Archivo: tarifaAloja.php; Acción: Lista las tarifas de alojamiento; Fecha: 13-08-2024; Hora: 13:37:08
1 - Joser; Archivo: tarifaAloja.php; Acción: Lista las tarifas de alojamiento; Fecha: 13-08-2024; Hora: 13:37:18
1 - Joser; Archivo: tarifaAloja.php; Acción: Lista las tarifas de alojamiento; Fecha: 13-08-2024; Hora: 13:37:37
1 - Joser; Archivo: tarifaAloja.php; Acción: Lista las tarifas de alojamiento; Fecha: 13-08-2024; Hora: 13:37:51
ID:  - Nombre:  - IP: 127.0.0.1; Archivo: usuario.php; Acción: Se hace login; Fecha: 13-08-2024; Hora: 16:08:13
1 - Joser; Archivo: tarifaAloja.php; Acción: Lista las tarifas de alojamiento; Fecha: 13-08-2024; Hora: 16:10:01
1 - Joser; Archivo: tarifaAloja.php; Acción: Lista las tarifas de alojamiento; Fecha: 13-08-2024; Hora: 16:23:26
1 - Joser; Archivo: tarifaAloja.php; Acción: Lista las tarifas de alojamiento; Fecha: 13-08-2024; Hora: 16:23:50
1 - Joser; Archivo: tarifaAloja.php; Acción: Lista las tarifas de alojamiento; Fecha: 13-08-2024; Hora: 16:25:02
1 - Joser; Archivo: tarifaAloja.php; Acción: Lista las tarifas de alojamiento; Fecha: 13-08-2024; Hora: 16:25:12
1 - Joser; Archivo: tarifaAloja.php; Acción: Lista las tarifas de alojamiento; Fecha: 13-08-2024; Hora: 16:25:59
1 - Joser; Archivo: tarifaAloja.php; Acción: Lista las tarifas de alojamiento; Fecha: 13-08-2024; Hora: 16:26:25
1 - Joser; Archivo: tarifaAloja.php; Acción: Lista las tarifas de alojamiento; Fecha: 13-08-2024; Hora: 16:27:31
1 - Joser; Archivo: tarifaAloja.php; Acción: Lista las tarifas de alojamiento; Fecha: 13-08-2024; Hora: 16:30:20
1 - Joser; Archivo: tarifaAloja.php; Acción: Lista las tarifas de alojamiento; Fecha: 13-08-2024; Hora: 16:30:45
1 - Joser; Archivo: tarifaAloja.php; Acción: Lista las tarifas de alojamiento; Fecha: 13-08-2024; Hora: 16:31:03
1 - Joser; Archivo: tarifaAloja.php; Acción: Lista las tarifas de alojamiento; Fecha: 13-08-2024; Hora: 16:31:30
1 - Joser; Archivo: tarifaAloja.php; Acción: Lista las tarifas de alojamiento; Fecha: 13-08-2024; Hora: 16:58:48
1 - Joser; Archivo: tarifaAloja.php; Acción: Lista las tarifas de alojamiento; Fecha: 13-08-2024; Hora: 16:59:41
1 - Joser; Archivo: tarifaAloja.php; Acción: Lista las tarifas de alojamiento; Fecha: 13-08-2024; Hora: 17:00:09
1 - Joser; Archivo: tarifaAloja.php; Acción: Lista las tarifas de alojamiento; Fecha: 13-08-2024; Hora: 17:00:57
1 - Joser; Archivo: tarifaAloja.php; Acción: Lista las tarifas de alojamiento; Fecha: 13-08-2024; Hora: 17:05:31
1 - Joser; Archivo: tarifaAloja.php; Acción: Lista las tarifas de alojamiento; Fecha: 13-08-2024; Hora: 17:08:25
1 - Joser; Archivo: tarifaAloja.php; Acción: Se inserta una nueva tarifa de alojamiento; Fecha: 13-08-2024; Hora: 17:10:29
1 - Joser; Archivo: tarifaAloja.php; Acción: Lista las tarifas de alojamiento; Fecha: 13-08-2024; Hora: 17:10:29
1 - Joser; Archivo: tarifaAloja.php; Acción: Lista las tarifas de alojamiento; Fecha: 13-08-2024; Hora: 17:21:38
1 - Joser; Archivo: tarifaAloja.php; Acción: Lista las tarifas de alojamiento; Fecha: 13-08-2024; Hora: 17:23:22
1 - Joser; Archivo: tarifaAloja.php; Acción: Lista las tarifas de alojamiento; Fecha: 13-08-2024; Hora: 17:26:06
1 - Joser; Archivo: tarifaAloja.php; Acción: Lista las tarifas de alojamiento; Fecha: 13-08-2024; Hora: 17:27:07
1 - Joser; Archivo: tarifaAloja.php; Acción: Lista las tarifas de alojamiento; Fecha: 13-08-2024; Hora: 17:27:52
1 - Joser; Archivo: tarifaAloja.php; Acción: Lista las tarifas de alojamiento; Fecha: 13-08-2024; Hora: 17:31:17
1 - Joser; Archivo: tarifaAloja.php; Acción: Lista las tarifas de alojamiento; Fecha: 13-08-2024; Hora: 17:34:56
1 - Joser; Archivo: tarifaAloja.php; Acción: Lista las tarifas de alojamiento; Fecha: 13-08-2024; Hora: 17:35:01
1 - Joser; Archivo: tarifaAloja.php; Acción: Lista las tarifas de alojamiento; Fecha: 13-08-2024; Hora: 17:35:23
1 - Joser; Archivo: tarifaAloja.php; Acción: Lista las tarifas de alojamiento; Fecha: 13-08-2024; Hora: 17:41:53
1 - Joser; Archivo: tarifaAloja.php; Acción: Se inserta una nueva tarifa de alojamiento; Fecha: 13-08-2024; Hora: 17:42:09
1 - Joser; Archivo: tarifaAloja.php; Acción: Lista las tarifas de alojamiento; Fecha: 13-08-2024; Hora: 17:42:09
1 - Joser; Archivo: tarifaAloja.php; Acción: Lista las tarifas de alojamiento; Fecha: 13-08-2024; Hora: 17:42:16
1 - Joser; Archivo: tarifaAloja.php; Acción: Se inserta una nueva tarifa de alojamiento; Fecha: 13-08-2024; Hora: 17:43:05
1 - Joser; Archivo: tarifaAloja.php; Acción: Lista las tarifas de alojamiento; Fecha: 13-08-2024; Hora: 17:43:05
1 - Joser; Archivo: tarifaAloja.php; Acción: Lista las tarifas de alojamiento; Fecha: 13-08-2024; Hora: 17:45:02
1 - Joser; Archivo: tarifaAloja.php; Acción: Se inserta una nueva tarifa de alojamiento; Fecha: 13-08-2024; Hora: 17:45:26
1 - Joser; Archivo: tarifaAloja.php; Acción: Lista las tarifas de alojamiento; Fecha: 13-08-2024; Hora: 17:45:26
1 - Joser; Archivo: tarifaAloja.php; Acción: Lista las tarifas de alojamiento; Fecha: 13-08-2024; Hora: 17:46:28
1 - Joser; Archivo: tarifaAloja.php; Acción: Se inserta una nueva tarifa de alojamiento; Fecha: 13-08-2024; Hora: 17:46:41
1 - Joser; Archivo: tarifaAloja.php; Acción: Lista las tarifas de alojamiento; Fecha: 13-08-2024; Hora: 17:46:41
1 - Joser; Archivo: tarifaAloja.php; Acción: Lista las tarifas de alojamiento; Fecha: 13-08-2024; Hora: 17:47:41
1 - Joser; Archivo: tarifaAloja.php; Acción: Lista las tarifas de alojamiento; Fecha: 13-08-2024; Hora: 18:00:46
1 - Joser; Archivo: tarifaAloja.php; Acción: Se inserta una nueva tarifa de alojamiento; Fecha: 13-08-2024; Hora: 18:01:00
1 - Joser; Archivo: tarifaAloja.php; Acción: Lista las tarifas de alojamiento; Fecha: 13-08-2024; Hora: 18:01:00
1 - Joser; Archivo: tarifaAloja.php; Acción: Lista las tarifas de alojamiento; Fecha: 13-08-2024; Hora: 18:01:39
1 - Joser; Archivo: tarifaAloja.php; Acción: Lista las tarifas de alojamiento; Fecha: 13-08-2024; Hora: 18:01:45
1 - Joser; Archivo: tipoCurso_Edu.php; Acción: Se edita el tipo de curso ; Fecha: 13-08-2024; Hora: 18:01:55
1 - Joser; Archivo: tipoCurso_Edu.php; Acción: Se activa el tipo de curso ; Fecha: 13-08-2024; Hora: 18:01:56
1 - Joser; Archivo: tarifaAloja.php; Acción: Lista las tarifas de alojamiento; Fecha: 13-08-2024; Hora: 18:01:56
1 - Joser; Archivo: tarifaAloja.php; Acción: Lista las tarifas de alojamiento; Fecha: 13-08-2024; Hora: 18:03:39
1 - Joser; Archivo: tarifaAloja.php; Acción: Se edita la tarifa de alojamiento ; Fecha: 13-08-2024; Hora: 18:03:47
1 - Joser; Archivo: tarifaAloja.php; Acción: Lista las tarifas de alojamiento; Fecha: 13-08-2024; Hora: 18:03:47
1 - Joser; Archivo: tarifaAloja.php; Acción: Lista las tarifas de alojamiento; Fecha: 13-08-2024; Hora: 18:04:32
1 - Joser; Archivo: tarifaAloja.php; Acción: Se edita la tarifa de alojamiento 6; Fecha: 13-08-2024; Hora: 18:04:39
1 - Joser; Archivo: tarifaAloja.php; Acción: Lista las tarifas de alojamiento; Fecha: 13-08-2024; Hora: 18:04:39
1 - Joser; Archivo: tarifaAloja.php; Acción: Lista las tarifas de alojamiento; Fecha: 13-08-2024; Hora: 18:11:09
1 - Joser; Archivo: tarifaAloja.php; Acción: Lista las tarifas de alojamiento; Fecha: 13-08-2024; Hora: 18:11:10
1 - Joser; Archivo: tarifaAloja.php; Acción: Lista las tarifas de alojamiento; Fecha: 13-08-2024; Hora: 18:11:11
1 - Joser; Archivo: tarifaAloja.php; Acción: Se edita la tarifa de alojamiento 5; Fecha: 13-08-2024; Hora: 18:11:18
1 - Joser; Archivo: tarifaAloja.php; Acción: Lista las tarifas de alojamiento; Fecha: 13-08-2024; Hora: 18:11:18
1 - Joser; Archivo: tarifaAloja.php; Acción: Se edita la tarifa de alojamiento 4; Fecha: 13-08-2024; Hora: 18:11:26
1 - Joser; Archivo: tarifaAloja.php; Acción: Lista las tarifas de alojamiento; Fecha: 13-08-2024; Hora: 18:11:26
1 - Joser; Archivo: tarifaAloja.php; Acción: Se edita la tarifa de alojamiento 3; Fecha: 13-08-2024; Hora: 18:11:40
1 - Joser; Archivo: tarifaAloja.php; Acción: Lista las tarifas de alojamiento; Fecha: 13-08-2024; Hora: 18:11:40
1 - Joser; Archivo: tarifaAloja.php; Acción: Se edita la tarifa de alojamiento 2; Fecha: 13-08-2024; Hora: 18:11:52
1 - Joser; Archivo: tarifaAloja.php; Acción: Lista las tarifas de alojamiento; Fecha: 13-08-2024; Hora: 18:11:52
1 - Joser; Archivo: tarifaAloja.php; Acción: Se edita la tarifa de alojamiento 1; Fecha: 13-08-2024; Hora: 18:12:01
1 - Joser; Archivo: tarifaAloja.php; Acción: Lista las tarifas de alojamiento; Fecha: 13-08-2024; Hora: 18:12:01
