- Software Admin Software; Archivo: tipoCurso_Edu.php; Acción: Lista los tipos de curso; Fecha: 28-10-2024; Hora: 10:20:48
2 - Software Admin Software; Archivo: tarifaAloja.php; Acción: Lista las tarifas de alojamiento; Fecha: 28-10-2024; Hora: 10:20:53
2 - Software Admin Software; Archivo: testnivel.php; Acción: Lista los test de Nivel; Fecha: 28-10-2024; Hora: 10:20:57
2 - Software Admin Software; Archivo: testnivel.php; Acción: Lista los test de Nivel; Fecha: 28-10-2024; Hora: 10:26:09
2 - Software Admin Software; Archivo: testnivel.php; Acción: Lista los test de Nivel; Fecha: 28-10-2024; Hora: 10:26:11
2 - Software Admin Software; Archivo: testnivel.php; Acción: Lista los test de Nivel; Fecha: 28-10-2024; Hora: 10:26:27
2 - Software Admin Software; Archivo: testnivel.php; Acción: Lista los test de Nivel; Fecha: 28-10-2024; Hora: 10:26:41
1 - Software; Archivo: pagos.php; Acción: Recoger los medios de pago; Fecha: 28-10-2024; Hora: 08:06:12
1 - Software; Archivo: pagos.php; Acción: Recoger los medios de pago; Fecha: 28-10-2024; Hora: 08:09:57
1 - Software; Archivo: pagos.php; Acción: Recoger los medios de pago; Fecha: 28-10-2024; Hora: 08:21:38
1 - Software; Archivo: pagos.php; Acción: Recoger los medios de pago; Fecha: 28-10-2024; Hora: 08:22:37
1 - Software; Archivo: pagos.php; Acción: Recoger los medios de pago; Fecha: 28-10-2024; Hora: 08:23:10
1 - Software; Archivo: pagos.php; Acción: Recoger los medios de pago; Fecha: 28-10-2024; Hora: 08:23:32
1 - Software; Archivo: pagos.php; Acción: Recoger los medios de pago; Fecha: 28-10-2024; Hora: 08:23:39
1 - Software; Archivo: pagos.php; Acción: Recoger los medios de pago; Fecha: 28-10-2024; Hora: 08:24:00
1 - Software; Archivo: pagos.php; Acción: Recoger los medios de pago; Fecha: 28-10-2024; Hora: 08:25:28
1 - Software; Archivo: pagos.php; Acción: Recoger los medios de pago; Fecha: 28-10-2024; Hora: 08:25:57
1 - Software; Archivo: pagos.php; Acción: Recoger los medios de pago; Fecha: 28-10-2024; Hora: 08:27:05
1 - Software; Archivo: pagos.php; Acción: Recoger los medios de pago; Fecha: 28-10-2024; Hora: 08:28:44
1 - Software; Archivo: pagos.php; Acción: Recoger los medios de pago; Fecha: 28-10-2024; Hora: 08:30:06
1 - Software; Archivo: pagos.php; Acción: Recoger los medios de pago; Fecha: 28-10-2024; Hora: 08:31:38
1 - Software; Archivo: pagos.php; Acción: Recoger los medios de pago; Fecha: 28-10-2024; Hora: 08:35:04
1 - Software; Archivo: pagos.php; Acción: Recoger los medios de pago; Fecha: 28-10-2024; Hora: 08:35:23
1 - Software; Archivo: pagos.php; Acción: Recoger los medios de pago; Fecha: 28-10-2024; Hora: 08:35:37
1 - Software; Archivo: pagos.php; Acción: Recoger los medios de pago; Fecha: 28-10-2024; Hora: 08:35:43
1 - Software; Archivo: pagos.php; Acción: Recoger los medios de pago; Fecha: 28-10-2024; Hora: 08:37:09
1 - Software; Archivo: pagos.php; Acción: Recoger los medios de pago; Fecha: 28-10-2024; Hora: 08:37:34
1 - Software; Archivo: pagos.php; Acción: Recoger los medios de pago; Fecha: 28-10-2024; Hora: 08:39:38
1 - Software; Archivo: pagos.php; Acción: Recoger los medios de pago; Fecha: 28-10-2024; Hora: 08:39:54
1 - Software; Archivo: pagos.php; Acción: Recoger los medios de pago; Fecha: 28-10-2024; Hora: 08:40:09
1 - Software; Archivo: pagos.php; Acción: Recoger los medios de pago; Fecha: 28-10-2024; Hora: 08:41:35
1 - Software; Archivo: pagos.php; Acción: Recoger los medios de pago; Fecha: 28-10-2024; Hora: 08:42:17
1 - Software; Archivo: pagos.php; Acción: Recoger los medios de pago; Fecha: 28-10-2024; Hora: 09:12:14
1 - Software; Archivo: pagos.php; Acción: Recoger los medios de pago; Fecha: 28-10-2024; Hora: 09:16:50
1 - Software; Archivo: pagos.php; Acción: Recoger los medios de pago; Fecha: 28-10-2024; Hora: 09:17:14
1 - Software; Archivo: pagos.php; Acción: Recoger los medios de pago; Fecha: 28-10-2024; Hora: 09:18:19
1 - Software; Archivo: tarifaAloja.php; Acción: Lista las tarifas de alojamiento; Fecha: 28-10-2024; Hora: 09:18:36
1 - Software; Archivo: pagos.php; Acción: Recoger los medios de pago; Fecha: 28-10-2024; Hora: 09:20:46
1 - Software; Archivo: pagos.php; Acción: Recoger los medios de pago; Fecha: 28-10-2024; Hora: 09:21:37
1 - Software; Archivo: pagos.php; Acción: Recoger los medios de pago; Fecha: 28-10-2024; Hora: 09:21:40
1 - Software; Archivo: pagos.php; Acción: Recoger los medios de pago; Fecha: 28-10-2024; Hora: 09:22:38
1 - Software; Archivo: pagos.php; Acción: Recoger los medios de pago; Fecha: 28-10-2024; Hora: 09:22:48
1 - Software; Archivo: pagos.php; Acción: Recoger los medios de pago; Fecha: 28-10-2024; Hora: 09:23:14
1 - Software; Archivo: pagos.php; Acción: Recoger los medios de pago; Fecha: 28-10-2024; Hora: 09:23:39
1 - Software; Archivo: pagos.php; Acción: Recoger los medios de pago; Fecha: 28-10-2024; Hora: 09:26:29
1 - Software; Archivo: tarifaAloja.php; Acción: Lista las tarifas de alojamiento; Fecha: 28-10-2024; Hora: 09:31:23
1 - Software; Archivo: pagos.php; Acción: Recoger los medios de pago; Fecha: 28-10-2024; Hora: 09:32:08
1 - Software; Archivo: tarifaAloja.php; Acción: Lista las tarifas de alojamiento; Fecha: 28-10-2024; Hora: 09:32:21
1 - Software; Archivo: tarifaAloja.php; Acción: Lista las tarifas de alojamiento; Fecha: 28-10-2024; Hora: 09:32:38
1 - Software; Archivo: pagos.php; Acción: Recoger los medios de pago; Fecha: 28-10-2024; Hora: 09:34:47
1 - Software; Archivo: tarifaAloja.php; Acción: Lista las tarifas de alojamiento; Fecha: 28-10-2024; Hora: 09:34:55
1 - Software; Archivo: pagos.php; Acción: Recoger los medios de pago; Fecha: 28-10-2024; Hora: 09:35:37
1 - Software; Archivo: tarifaAloja.php; Acción: Lista las tarifas de alojamiento; Fecha: 28-10-2024; Hora: 09:35:43
1 - Software; Archivo: pagos.php; Acción: Recoger los medios de pago; Fecha: 28-10-2024; Hora: 09:35:48
1 - Software; Archivo: pagos.php; Acción: Recoger los medios de pago; Fecha: 28-10-2024; Hora: 09:35:52
1 - Software; Archivo: pagos.php; Acción: Recoger los medios de pago; Fecha: 28-10-2024; Hora: 09:35:59
1 - Software; Archivo: tarifaAloja.php; Acción: Lista las tarifas de alojamiento; Fecha: 28-10-2024; Hora: 09:36:07
1 - Software; Archivo: pagos.php; Acción: Recoger los medios de pago; Fecha: 28-10-2024; Hora: 09:36:11
1 - Software; Archivo: pagos.php; Acción: Recoger los medios de pago; Fecha: 28-10-2024; Hora: 09:38:15
1 - Software; Archivo: pagos.php; Acción: Recoger los medios de pago; Fecha: 28-10-2024; Hora: 09:38:39
1 - Software; Archivo: pagos.php; Acción: Recoger los medios de pago; Fecha: 28-10-2024; Hora: 09:39:46
1 - Software; Archivo: pagos.php; Acción: Recoger los medios de pago; Fecha: 28-10-2024; Hora: 09:40:04
1 - Software; Archivo: pagos.php; Acción: Recoger los medios de pago; Fecha: 28-10-2024; Hora: 09:40:10
1 - Software; Archivo: tarifaAloja.php; Acción: Lista las tarifas de alojamiento; Fecha: 28-10-2024; Hora: 09:45:18
1 - Software; Archivo: tarifaAloja.php; Acción: Lista las tarifas de alojamiento; Fecha: 28-10-2024; Hora: 09:45:23
1 - Software; Archivo: tarifaAloja.php; Acción: Lista las tarifas de alojamiento; Fecha: 28-10-2024; Hora: 09:45:29
1 - Software; Archivo: pagos.php; Acción: Recoger los medios de pago; Fecha: 28-10-2024; Hora: 10:14:39
1 - Software; Archivo: tarifaAloja.php; Acción: Lista las tarifas de alojamiento; Fecha: 28-10-2024; Hora: 10:14:45
1 - Software; Archivo: tarifaAloja.php; Acción: Lista las tarifas de alojamiento; Fecha: 28-10-2024; Hora: 10:14:51
1 - Software; Archivo: pagos.php; Acción: Recoger los medios de pago; Fecha: 28-10-2024; Hora: 10:17:20
1 - Software; Archivo: tarifaAloja.php; Acción: Lista las tarifas de alojamiento; Fecha: 28-10-2024; Hora: 10:18:02
1 - Software; Archivo: pagos.php; Acción: Recoger los medios de pago; Fecha: 28-10-2024; Hora: 10:20:13
1 - Software; Archivo: tarifaAloja.php; Acción: Lista las tarifas de alojamiento; Fecha: 28-10-2024; Hora: 10:20:22
1 - Software; Archivo: pagos.php; Acción: Recoger los medios de pago; Fecha: 28-10-2024; Hora: 10:20:29
2 - Software Admin Software; Archivo: pagos.php; Acción: Recoger los medios de pago; Fecha: 28-10-2024; Hora: 11:16:16
2 - Software Admin Software; Archivo: pagos.php; Acción: Recoger los medios de pago; Fecha: 28-10-2024; Hora: 11:16:17
2 - Software Admin Software; Archivo: pagos.php; Acción: Recoger los medios de pago; Fecha: 28-10-2024; Hora: 11:25:29
2 - Software Admin Software; Archivo: pagos.php; Acción: Recoger los medios de pago; Fecha: 28-10-2024; Hora: 11:27:09
2 - Software Admin Software; Archivo: pagos.php; Acción: Recoger los medios de pago; Fecha: 28-10-2024; Hora: 11:27:48
2 - Software Admin Software; Archivo: tarifaAloja.php; Acción: Lista las tarifas de alojamiento; Fecha: 28-10-2024; Hora: 11:36:21
ID: 2 - Nombre: Software Admin Software - IP: 127.0.0.1; Archivo: logout.php; Acción: Sesión cerrada; Fecha: 28-10-2024; Hora: 11:38:32
ID:  - Nombre:  - IP: 127.0.0.1; Archivo: usuario.php; Acción: Se hace login; Fecha: 28-10-2024; Hora: 11:38:34
1 - Software; Archivo: pagos.php; Acción: Recoger los medios de pago; Fecha: 28-10-2024; Hora: 12:11:41
1 - Software; Archivo: pagos.php; Acción: Recoger los medios de pago; Fecha: 28-10-2024; Hora: 12:43:50
1 - Software; Archivo: pagos.php; Acción: Recoger los medios de pago; Fecha: 28-10-2024; Hora: 12:52:53
1 - Software; Archivo: pagos.php; Acción: Recoger los medios de pago; Fecha: 28-10-2024; Hora: 12:53:12
1 - Software; Archivo: pagos.php; Acción: Recoger los medios de pago; Fecha: 28-10-2024; Hora: 12:54:30
1 - Software; Archivo: pagos.php; Acción: Recoger los medios de pago; Fecha: 28-10-2024; Hora: 12:54:58
1 - Software; Archivo: pagos.php; Acción: Recoger los medios de pago; Fecha: 28-10-2024; Hora: 13:04:55
1 - Software; Archivo: pagos.php; Acción: Recoger los medios de pago; Fecha: 28-10-2024; Hora: 13:10:14
1 - Software; Archivo: pagos.php; Acción: Recoger los medios de pago; Fecha: 28-10-2024; Hora: 13:39:04
1 - Software; Archivo: pagos.php; Acción: Recoger los medios de pago; Fecha: 28-10-2024; Hora: 13:52:17
1 - Software; Archivo: pagos.php; Acción: Recoger los medios de pago; Fecha: 28-10-2024; Hora: 17:00:35
1 - Software; Archivo: pagos.php; Acción: Recoger los medios de pago; Fecha: 28-10-2024; Hora: 17:02:12
1 - Software; Archivo: pagos.php; Acción: Recoger los medios de pago; Fecha: 28-10-2024; Hora: 17:45:24
ID: 1 - Nombre: Software - IP: 127.0.0.1; Archivo: logout.php; Acción: Sesión cerrada; Fecha: 28-10-2024; Hora: 18:05:51
ID:  - Nombre:  - IP: 127.0.0.1; Archivo: usuario.php; Acción: Se hace login; Fecha: 28-10-2024; Hora: 18:11:53

