1 - Joser;usuario.php;Mostrar usuarios;27-06-2024;08:17:53
1 - Joser;usuario.php;Se recoge usuario con id: 1;27-06-2024;08:17:55
1 - Joser;usuario.php;Mostrar usuarios;27-06-2024;08:25:46
1 - Joser;usuario.php;Se recoge usuario con id: 1;27-06-2024;08:25:47
1 - Joser;usuario.php;Se recoge usuario con id: 23;27-06-2024;08:25:50
1 - Joser;usuario.php;Mostrar usuarios;27-06-2024;08:26:58
1 - Joser;usuario.php;Se recoge usuario con id: 1;27-06-2024;08:27:00
1 - Joser;usuario.php;Mostrar usuarios;27-06-2024;08:27:07
1 - Joser;usuario.php;Se recoge usuario con id: 1;27-06-2024;08:27:08
1 - Joser;usuario.php;Mostrar usuarios;27-06-2024;08:51:45
1 - Joser;usuario.php;Mostrar usuarios;27-06-2024;08:51:46
1 - Joser;usuario.php;Mostrar usuarios;27-06-2024;08:52:04
1 - Joser;usuario.php;Se recoge usuario con id: 1;27-06-2024;08:52:06
1 - Joser;usuario.php;Se recoge usuario con id: 8;27-06-2024;08:52:22
1 - Joser;usuario.php;Se recoge usuario con id: 9;27-06-2024;08:52:24
1 - Joser;usuario.php;Se recoge usuario con id: 19;27-06-2024;08:52:25
1 - Joser;usuario.php;Se recoge usuario con id: 23;27-06-2024;08:52:27
1 - Joser;usuario.php;Mostrar usuarios;27-06-2024;08:55:49
1 - Joser;usuario.php;Se crea un nuevo usuario;27-06-2024;08:56:23
1 - Joser;usuario.php;Mostrar usuarios;27-06-2024;08:56:23
1 - Joser;usuario.php;Se crea un nuevo usuario;27-06-2024;08:57:09
1 - Joser;usuario.php;Mostrar usuarios;27-06-2024;08:57:09
1 - Joser;usuario.php;Mostrar usuarios;27-06-2024;08:57:17
1 - Joser;usuario.php;Se crea un nuevo usuario;27-06-2024;08:57:49
1 - Joser;usuario.php;Mostrar usuarios;27-06-2024;08:57:49
1 - Joser;usuario.php;Se crea un nuevo usuario;27-06-2024;08:58:30
1 - Joser;usuario.php;Mostrar usuarios;27-06-2024;08:58:30
1 - Joser;usuario.php;Mostrar usuarios;27-06-2024;09:00:05
1 - Joser;usuario.php;Se crea un nuevo usuario;27-06-2024;09:00:36
1 - Joser;usuario.php;Mostrar usuarios;27-06-2024;09:05:10
1 - Joser;logout.php;Sesión cerrada;27-06-2024;09:05:11
 - ;usuario.php;Se hace login;27-06-2024;09:13:05
1 - Joser;usuario.php;Mostrar usuarios;27-06-2024;09:24:31
1 - Joser;usuario.php;Se recoge usuario con id: 1;27-06-2024;09:24:33
1 - Joser;usuario.php;Se recoge usuario con id: 23;27-06-2024;09:24:39
1 - Joser;usuario.php;Se recoge usuario con id: 25;27-06-2024;09:24:41
1 - Joser;usuario.php;Se recoge usuario con id: 23;27-06-2024;09:24:43
1 - Joser;usuario.php;Mostrar usuarios;27-06-2024;09:24:49
1 - Joser;usuario.php;Se recoge usuario con id: 23;27-06-2024;09:24:49
1 - Joser;usuario.php;Mostrar usuarios;27-06-2024;09:25:21
1 - Joser;usuario.php;Se recoge usuario con id: 23;27-06-2024;09:25:24
1 - Joser;usuario.php;Se recoge usuario con id: 23;27-06-2024;09:25:27
1 - Joser;usuario.php;Se recoge usuario con id: 23;27-06-2024;09:25:56
1 - Joser;usuario.php;Se recoge usuario con id: 23;27-06-2024;09:25:58
1 - Joser;usuario.php;Mostrar usuarios;27-06-2024;09:26:00
1 - Joser;usuario.php;Se recoge usuario con id: 23;27-06-2024;09:26:01
