5 - Victor Efeuno;departamentos.php;Mostrar departamentos;15-03-2024;08:16:14
5 - Victor Efeuno;departamentos.php;Mostrar departamentos;15-03-2024;08:31:34
5 - Victor Efeuno;gesdoc.php;Mostrar todos los documentos;15-03-2024;08:32:07
5 - Victor Efeuno;gesdoc.php;Mostrar todos los documentos;15-03-2024;08:32:07
5 - Victor Efeuno;gesdoc.php;Mostrar todos los documentos;15-03-2024;08:32:07
5 - Victor Efeuno;gesdoc.php;Mostrar todos los documentos;15-03-2024;08:32:16
5 - Victor Efeuno;gesdoc.php;Mostrar todos los documentos;15-03-2024;08:32:16
5 - Victor Efeuno;gesdoc.php;Mostrar todos los documentos;15-03-2024;08:32:16
5 - Victor Efeuno;tickets.php;Mostrar Tickets;15-03-2024;08:43:26
5 - Victor Efeuno;tickets.php;Mostrar Tickets;15-03-2024;08:44:09
5 - Victor Efeuno;cliente.php;Mostrar clientes;15-03-2024;08:44:15
5 - Victor Efeuno;usuario.php;Mostrar usuarios;15-03-2024;08:44:42
5 - Victor Efeuno;departamentos.php;Mostrar departamentos;15-03-2024;08:45:29
5 - Victor Efeuno;logout.php;Sesión cerrada;15-03-2024;09:37:50
3 - Ivan;logout.php;Sesión cerrada;15-03-2024;11:22:48
 - ;usuario.php;Se hace login;15-03-2024;11:23:26
 - ;usuario.php;Se hace login;15-03-2024;11:23:28
 - ;usuario.php;Se hace login;15-03-2024;11:23:28
 - ;usuario.php;Se hace login;15-03-2024;11:23:29
0 - Super;usuario.php;Mostrar usuarios;15-03-2024;11:25:48
0 - Super;logout.php;Sesión cerrada;15-03-2024;11:27:34
4 - Ivan;logout.php;Sesión cerrada;15-03-2024;11:30:13
5 - Ivan;logout.php;Sesión cerrada;15-03-2024;11:44:16
6 - Ivan;logout.php;Sesión cerrada;15-03-2024;11:51:24
 - ;usuario.php;Se hace login;15-03-2024;11:51:37
1 - Joser;usuario.php;Mostrar usuarios;15-03-2024;11:51:53
1 - Joser;logout.php;Sesión cerrada;15-03-2024;11:52:22
 - ;usuario.php;Se hace login;15-03-2024;11:52:36
1 - Joser;departamentos.php;Mostrar departamentos;15-03-2024;11:52:56
1 - Joser;usuario.php;Mostrar usuarios;15-03-2024;11:54:16
1 - Joser;usuario.php;Mostrar usuarios;15-03-2024;12:01:51
1 - Joser;usuario.php;Mostrar usuarios;15-03-2024;12:02:45
1 - Joser;usuario.php;Mostrar usuarios;15-03-2024;12:04:42
1 - Joser;usuario.php;Mostrar usuarios;15-03-2024;12:06:20
1 - Joser;usuario.php;Mostrar usuarios;15-03-2024;12:16:03
1 - Joser;usuario.php;Mostrar usuarios;15-03-2024;12:17:36
1 - Joser;usuario.php;Mostrar usuarios;15-03-2024;12:19:07
1 - Joser;usuario.php;Mostrar usuarios;15-03-2024;12:19:42
1 - Joser;usuario.php;Mostrar usuarios;15-03-2024;12:22:42
1 - Joser;usuario.php;Mostrar usuarios;15-03-2024;12:34:53
1 - Joser;usuario.php;Mostrar usuarios;15-03-2024;12:42:00
1 - Joser;usuario.php;Mostrar usuarios;15-03-2024;12:57:06
1 - Joser;usuario.php;Mostrar usuarios;15-03-2024;12:58:22
1 - Joser;usuario.php;Se activa el usuario con id: 2;15-03-2024;13:02:49
1 - Joser;usuario.php;Mostrar usuarios;15-03-2024;13:02:49
1 - Joser;usuario.php;Mostrar usuarios;15-03-2024;13:04:05
1 - Joser;usuario.php;Mostrar usuarios;15-03-2024;13:04:37
1 - Joser;usuario.php;Mostrar usuarios;15-03-2024;13:08:11
1 - Joser;cliente.php;Mostrar clientes;15-03-2024;13:08:25
1 - Joser;usuario.php;Mostrar usuarios;15-03-2024;13:09:30
1 - Joser;usuario.php;Mostrar usuarios;15-03-2024;13:24:33
1 - Joser;usuario.php;Mostrar usuarios;15-03-2024;13:28:36
1 - Joser;usuario.php;Mostrar usuarios;15-03-2024;13:28:53
1 - Joser;usuario.php;Mostrar usuarios;15-03-2024;13:29:51
1 - Joser;usuario.php;Mostrar usuarios;15-03-2024;13:30:31
1 - Joser;usuario.php;Mostrar usuarios;15-03-2024;13:34:19
1 - Joser;usuario.php;Mostrar usuarios;15-03-2024;13:35:17
1 - Joser;usuario.php;Mostrar usuarios;15-03-2024;13:39:10
1 - Joser;usuario.php;Mostrar usuarios;15-03-2024;13:41:08
1 - Joser;usuario.php;Mostrar usuarios;15-03-2024;13:41:35
1 - Joser;usuario.php;Mostrar usuarios;15-03-2024;13:41:54
1 - Joser;usuario.php;Mostrar usuarios;15-03-2024;13:42:13
1 - Joser;usuario.php;Mostrar usuarios;15-03-2024;13:43:48
1 - Joser;usuario.php;Mostrar usuarios;15-03-2024;13:44:40
1 - Joser;usuario.php;Mostrar usuarios;15-03-2024;13:47:48
1 - Joser;usuario.php;Mostrar usuarios;15-03-2024;13:49:13
1 - Joser;usuario.php;Mostrar usuarios;15-03-2024;13:56:40
