1 - Joser; Archivo: niveles.php; Acción: Lista los niveles; Fecha: 12-08-2024; Hora: 09:27:38
1 - Joser; Archivo: niveles.php; Acción: Se edita el nivel ; Fecha: 12-08-2024; Hora: 09:27:43
1 - Joser; Archivo: niveles.php; Acción: Lista los niveles; Fecha: 12-08-2024; Hora: 09:27:43
1 - Joser; Archivo: niveles.php; Acción: Lista los niveles; Fecha: 12-08-2024; Hora: 09:38:02
1 - Joser; Archivo: niveles.php; Acción: Se edita el nivel ; Fecha: 12-08-2024; Hora: 09:38:19
1 - Joser; Archivo: niveles.php; Acción: Lista los niveles; Fecha: 12-08-2024; Hora: 09:38:19
1 - Joser; Archivo: niveles.php; Acción: Lista los niveles; Fecha: 12-08-2024; Hora: 09:38:24
1 - Joser; Archivo: niveles.php; Acción: Lista los niveles; Fecha: 12-08-2024; Hora: 09:41:13
1 - Joser; Archivo: niveles.php; Acción: Se edita el nivel ; Fecha: 12-08-2024; Hora: 09:41:24
1 - Joser; Archivo: niveles.php; Acción: Lista los niveles; Fecha: 12-08-2024; Hora: 09:41:24
1 - Joser; Archivo: niveles.php; Acción: Lista los niveles; Fecha: 12-08-2024; Hora: 09:41:39
1 - Joser; Archivo: niveles.php; Acción: Se edita el nivel ; Fecha: 12-08-2024; Hora: 09:41:43
1 - Joser; Archivo: niveles.php; Acción: Lista los niveles; Fecha: 12-08-2024; Hora: 09:41:43
1 - Joser; Archivo: niveles.php; Acción: Lista los niveles; Fecha: 12-08-2024; Hora: 09:42:10
1 - Joser; Archivo: niveles.php; Acción: Se edita el nivel ; Fecha: 12-08-2024; Hora: 09:42:15
1 - Joser; Archivo: niveles.php; Acción: Lista los niveles; Fecha: 12-08-2024; Hora: 09:42:15
1 - Joser; Archivo: niveles.php; Acción: Lista los niveles; Fecha: 12-08-2024; Hora: 09:42:41
1 - Joser; Archivo: niveles.php; Acción: Se edita el nivel 3; Fecha: 12-08-2024; Hora: 09:42:44
1 - Joser; Archivo: niveles.php; Acción: Lista los niveles; Fecha: 12-08-2024; Hora: 09:42:44
1 - Joser; Archivo: niveles.php; Acción: Lista los niveles; Fecha: 12-08-2024; Hora: 09:46:54
1 - Joser; Archivo: niveles.php; Acción: Lista los niveles; Fecha: 12-08-2024; Hora: 09:46:55
1 - Joser; Archivo: niveles.php; Acción: Lista los niveles; Fecha: 12-08-2024; Hora: 09:46:56
1 - Joser; Archivo: niveles.php; Acción: Lista los niveles; Fecha: 12-08-2024; Hora: 09:46:56
1 - Joser; Archivo: niveles.php; Acción: Lista los niveles; Fecha: 12-08-2024; Hora: 09:46:57
1 - Joser; Archivo: niveles.php; Acción: Lista los niveles; Fecha: 12-08-2024; Hora: 10:03:26
1 - Joser; Archivo: contenido.php; Acción: Lista los contenidos; Fecha: 12-08-2024; Hora: 10:03:30
1 - Joser; Archivo: contenido.php; Acción: Lista los contenidos; Fecha: 12-08-2024; Hora: 10:03:51
1 - Joser; Archivo: contenido.php; Acción: Lista los contenidos; Fecha: 12-08-2024; Hora: 10:04:57
1 - Joser; Archivo: contenido.php; Acción: Lista los contenidos; Fecha: 12-08-2024; Hora: 10:05:07
1 - Joser; Archivo: contenido.php; Acción: Lista los contenidos; Fecha: 12-08-2024; Hora: 10:05:12
1 - Joser; Archivo: contenido.php; Acción: Lista los contenidos; Fecha: 12-08-2024; Hora: 10:05:49
1 - Joser; Archivo: contenido.php; Acción: Lista los contenidos; Fecha: 12-08-2024; Hora: 10:05:53
1 - Joser; Archivo: contenido.php; Acción: Lista los contenidos; Fecha: 12-08-2024; Hora: 10:06:05
1 - Joser; Archivo: contenido.php; Acción: Lista los contenidos; Fecha: 12-08-2024; Hora: 10:07:38
1 - Joser; Archivo: contenido.php; Acción: Lista los contenidos; Fecha: 12-08-2024; Hora: 10:09:05
1 - Joser; Archivo: contenido.php; Acción: Lista los contenidos; Fecha: 12-08-2024; Hora: 10:09:27
1 - Joser; Archivo: contenido.php; Acción: Lista los contenidos; Fecha: 12-08-2024; Hora: 10:10:20
1 - Joser; Archivo: contenido.php; Acción: Lista los contenidos; Fecha: 12-08-2024; Hora: 10:10:41
1 - Joser; Archivo: contenido.php; Acción: Lista los contenidos; Fecha: 12-08-2024; Hora: 10:10:43
1 - Joser; Archivo: contenido.php; Acción: Lista los contenidos; Fecha: 12-08-2024; Hora: 10:11:38
1 - Joser; Archivo: contenido.php; Acción: Lista los contenidos; Fecha: 12-08-2024; Hora: 10:11:46
1 - Joser; Archivo: contenido.php; Acción: Lista los contenidos; Fecha: 12-08-2024; Hora: 10:11:56
1 - Joser; Archivo: contenido.php; Acción: Lista los contenidos; Fecha: 12-08-2024; Hora: 10:12:16
1 - Joser; Archivo: contenido.php; Acción: Lista los contenidos; Fecha: 12-08-2024; Hora: 10:12:24
1 - Joser; Archivo: contenido.php; Acción: Lista los contenidos; Fecha: 12-08-2024; Hora: 10:12:30
1 - Joser; Archivo: contenido.php; Acción: Lista los contenidos; Fecha: 12-08-2024; Hora: 10:12:33
1 - Joser; Archivo: contenido.php; Acción: Lista los contenidos; Fecha: 12-08-2024; Hora: 10:12:43
1 - Joser; Archivo: contenido.php; Acción: Lista los contenidos; Fecha: 12-08-2024; Hora: 10:12:57
1 - Joser; Archivo: contenido.php; Acción: Lista los contenidos; Fecha: 12-08-2024; Hora: 10:13:03
1 - Joser; Archivo: contenido.php; Acción: Lista los contenidos; Fecha: 12-08-2024; Hora: 10:13:37
1 - Joser; Archivo: contenido.php; Acción: Lista los contenidos; Fecha: 12-08-2024; Hora: 10:13:44
1 - Joser; Archivo: contenido.php; Acción: Lista los contenidos; Fecha: 12-08-2024; Hora: 10:13:53
1 - Joser; Archivo: contenido.php; Acción: Lista los contenidos; Fecha: 12-08-2024; Hora: 10:14:59
1 - Joser; Archivo: contenido.php; Acción: Lista los contenidos; Fecha: 12-08-2024; Hora: 10:15:10
1 - Joser; Archivo: contenido.php; Acción: Lista los contenidos; Fecha: 12-08-2024; Hora: 10:15:42
1 - Joser; Archivo: contenido.php; Acción: Lista los contenidos; Fecha: 12-08-2024; Hora: 10:15:49
1 - Joser; Archivo: contenido.php; Acción: Lista los contenidos; Fecha: 12-08-2024; Hora: 10:15:59
1 - Joser; Archivo: contenido.php; Acción: Lista los contenidos; Fecha: 12-08-2024; Hora: 10:16:11
1 - Joser; Archivo: contenido.php; Acción: Lista los contenidos; Fecha: 12-08-2024; Hora: 10:16:45
1 - Joser; Archivo: contenido.php; Acción: Lista los contenidos; Fecha: 12-08-2024; Hora: 10:17:22
1 - Joser; Archivo: contenido.php; Acción: Lista los contenidos; Fecha: 12-08-2024; Hora: 10:18:22
1 - Joser; Archivo: contenido.php; Acción: Lista los contenidos; Fecha: 12-08-2024; Hora: 10:18:28
1 - Joser; Archivo: contenido.php; Acción: Lista los contenidos; Fecha: 12-08-2024; Hora: 10:18:53
1 - Joser; Archivo: contenido.php; Acción: Lista los contenidos; Fecha: 12-08-2024; Hora: 10:19:07
1 - Joser; Archivo: contenido.php; Acción: Lista los contenidos; Fecha: 12-08-2024; Hora: 10:19:16
1 - Joser; Archivo: contenido.php; Acción: Lista los contenidos; Fecha: 12-08-2024; Hora: 10:19:17
1 - Joser; Archivo: contenido.php; Acción: Lista los contenidos; Fecha: 12-08-2024; Hora: 11:00:30
1 - Joser; Archivo: contenido.php; Acción: Lista los contenidos; Fecha: 12-08-2024; Hora: 11:00:43
1 - Joser; Archivo: contenido.php; Acción: Lista los contenidos; Fecha: 12-08-2024; Hora: 11:00:45
1 - Joser; Archivo: contenido.php; Acción: Lista los contenidos; Fecha: 12-08-2024; Hora: 11:00:45
1 - Joser; Archivo: contenido.php; Acción: Lista los contenidos; Fecha: 12-08-2024; Hora: 11:00:50
1 - Joser; Archivo: contenido.php; Acción: Lista los contenidos; Fecha: 12-08-2024; Hora: 11:01:14
1 - Joser; Archivo: contenido.php; Acción: Lista los contenidos; Fecha: 12-08-2024; Hora: 11:01:16
1 - Joser; Archivo: contenido.php; Acción: Lista los contenidos; Fecha: 12-08-2024; Hora: 11:19:51
1 - Joser; Archivo: grupos.php; Acción: Lista los grupos; Fecha: 12-08-2024; Hora: 11:19:52
1 - Joser; Archivo: grupos.php; Acción: Lista los grupos; Fecha: 12-08-2024; Hora: 11:19:53
1 - Joser; Archivo: contenido.php; Acción: Lista los contenidos; Fecha: 12-08-2024; Hora: 11:19:54
1 - Joser; Archivo: contenido.php; Acción: Lista los contenidos; Fecha: 12-08-2024; Hora: 11:19:55
1 - Joser; Archivo: contenido.php; Acción: Lista los contenidos; Fecha: 12-08-2024; Hora: 11:19:56
1 - Joser; Archivo: contenido.php; Acción: Lista los contenidos; Fecha: 12-08-2024; Hora: 11:19:58
1 - Joser; Archivo: contenido.php; Acción: Lista los contenidos; Fecha: 12-08-2024; Hora: 11:20:00
1 - Joser; Archivo: contenido.php; Acción: Lista los contenidos; Fecha: 12-08-2024; Hora: 11:20:11
1 - Joser; Archivo: contenido.php; Acción: Lista los contenidos; Fecha: 12-08-2024; Hora: 11:20:14
1 - Joser; Archivo: contenido.php; Acción: Lista los contenidos; Fecha: 12-08-2024; Hora: 11:20:16
1 - Joser; Archivo: contenido.php; Acción: Lista los contenidos; Fecha: 12-08-2024; Hora: 11:20:16
1 - Joser; Archivo: contenido.php; Acción: Lista los contenidos; Fecha: 12-08-2024; Hora: 11:20:56
1 - Joser; Archivo: contenido.php; Acción: Lista los contenidos; Fecha: 12-08-2024; Hora: 11:21:56
1 - Joser; Archivo: contenido.php; Acción: Lista los contenidos; Fecha: 12-08-2024; Hora: 11:22:13
1 - Joser; Archivo: contenido.php; Acción: Lista los contenidos; Fecha: 12-08-2024; Hora: 11:22:20
1 - Joser; Archivo: contenido.php; Acción: Lista los contenidos; Fecha: 12-08-2024; Hora: 11:22:40
1 - Joser; Archivo: contenido.php; Acción: Lista los contenidos; Fecha: 12-08-2024; Hora: 11:53:16
1 - Joser; Archivo: contenido.php; Acción: Lista los contenidos; Fecha: 12-08-2024; Hora: 11:53:18
1 - Joser; Archivo: contenido.php; Acción: Lista los contenidos; Fecha: 12-08-2024; Hora: 11:54:28
1 - Joser; Archivo: contenido.php; Acción: Lista los contenidos; Fecha: 12-08-2024; Hora: 11:55:55
1 - Joser; Archivo: contenido.php; Acción: Lista los contenidos; Fecha: 12-08-2024; Hora: 11:56:19
1 - Joser; Archivo: contenido.php; Acción: Lista los contenidos; Fecha: 12-08-2024; Hora: 11:57:10
1 - Joser; Archivo: contenido.php; Acción: Lista los contenidos; Fecha: 12-08-2024; Hora: 11:59:25
1 - Joser; Archivo: contenido.php; Acción: Lista los contenidos; Fecha: 12-08-2024; Hora: 12:00:08
1 - Joser; Archivo: contenido.php; Acción: Lista los contenidos; Fecha: 12-08-2024; Hora: 12:00:26
1 - Joser; Archivo: contenido.php; Acción: Lista los contenidos; Fecha: 12-08-2024; Hora: 12:01:21
1 - Joser; Archivo: contenido.php; Acción: Lista los contenidos; Fecha: 12-08-2024; Hora: 12:03:21
1 - Joser; Archivo: contenido.php; Acción: Lista los contenidos; Fecha: 12-08-2024; Hora: 12:03:46
1 - Joser; Archivo: contenido.php; Acción: Lista los contenidos; Fecha: 12-08-2024; Hora: 12:04:54
1 - Joser; Archivo: contenido.php; Acción: Lista los contenidos; Fecha: 12-08-2024; Hora: 12:20:51
1 - Joser; Archivo: contenido.php; Acción: Lista los contenidos; Fecha: 12-08-2024; Hora: 12:21:29
1 - Joser; Archivo: contenido.php; Acción: Lista los contenidos; Fecha: 12-08-2024; Hora: 12:22:06
1 - Joser; Archivo: contenido.php; Acción: Lista los contenidos; Fecha: 12-08-2024; Hora: 12:22:43
1 - Joser; Archivo: contenido.php; Acción: Lista los contenidos; Fecha: 12-08-2024; Hora: 12:23:28
1 - Joser; Archivo: contenido.php; Acción: Lista los contenidos; Fecha: 12-08-2024; Hora: 12:24:48
1 - Joser; Archivo: contenido.php; Acción: Lista los contenidos; Fecha: 12-08-2024; Hora: 12:25:01
1 - Joser; Archivo: contenido.php; Acción: Lista los contenidos; Fecha: 12-08-2024; Hora: 12:25:09
1 - Joser; Archivo: contenido.php; Acción: Lista los contenidos; Fecha: 12-08-2024; Hora: 12:25:25
1 - Joser; Archivo: contenido.php; Acción: Lista los contenidos; Fecha: 12-08-2024; Hora: 12:26:13
1 - Joser; Archivo: contenido.php; Acción: Lista los contenidos; Fecha: 12-08-2024; Hora: 12:26:56
1 - Joser; Archivo: contenido.php; Acción: Lista los contenidos; Fecha: 12-08-2024; Hora: 12:27:11
1 - Joser; Archivo: contenido.php; Acción: Lista los contenidos; Fecha: 12-08-2024; Hora: 12:29:32
1 - Joser; Archivo: contenido.php; Acción: Lista los contenidos; Fecha: 12-08-2024; Hora: 12:29:59
1 - Joser; Archivo: contenido.php; Acción: Lista los contenidos; Fecha: 12-08-2024; Hora: 12:31:32
1 - Joser; Archivo: contenido.php; Acción: Lista los contenidos; Fecha: 12-08-2024; Hora: 12:31:32
1 - Joser; Archivo: contenido.php; Acción: Lista los contenidos; Fecha: 12-08-2024; Hora: 12:31:52
1 - Joser; Archivo: contenido.php; Acción: Lista los contenidos; Fecha: 12-08-2024; Hora: 12:31:52
1 - Joser; Archivo: contenido.php; Acción: Lista los contenidos; Fecha: 12-08-2024; Hora: 12:32:30
1 - Joser; Archivo: contenido.php; Acción: Lista los contenidos; Fecha: 12-08-2024; Hora: 12:32:30
1 - Joser; Archivo: contenido.php; Acción: Lista los contenidos; Fecha: 12-08-2024; Hora: 12:32:58
1 - Joser; Archivo: contenido.php; Acción: Lista los contenidos; Fecha: 12-08-2024; Hora: 12:32:58
1 - Joser; Archivo: contenido.php; Acción: Lista los contenidos; Fecha: 12-08-2024; Hora: 12:33:26
1 - Joser; Archivo: contenido.php; Acción: Lista los contenidos; Fecha: 12-08-2024; Hora: 12:33:26
1 - Joser; Archivo: contenido.php; Acción: Lista los contenidos; Fecha: 12-08-2024; Hora: 12:33:35
1 - Joser; Archivo: contenido.php; Acción: Lista los contenidos; Fecha: 12-08-2024; Hora: 12:33:35
1 - Joser; Archivo: contenido.php; Acción: Lista los contenidos; Fecha: 12-08-2024; Hora: 12:33:50
1 - Joser; Archivo: contenido.php; Acción: Lista los contenidos; Fecha: 12-08-2024; Hora: 12:33:50
1 - Joser; Archivo: tiposContrato_Edu.php; Acción: Lista los tipos de contrato; Fecha: 12-08-2024; Hora: 12:38:05
1 - Joser; Archivo: contenido.php; Acción: Lista los contenidos; Fecha: 12-08-2024; Hora: 12:38:07
1 - Joser; Archivo: contenido.php; Acción: Lista los contenidos; Fecha: 12-08-2024; Hora: 12:38:27
1 - Joser; Archivo: contenido.php; Acción: Lista los contenidos; Fecha: 12-08-2024; Hora: 12:38:29
1 - Joser; Archivo: contenido.php; Acción: Lista los contenidos; Fecha: 12-08-2024; Hora: 12:38:29
1 - Joser; Archivo: contenido.php; Acción: Lista los contenidos; Fecha: 12-08-2024; Hora: 12:38:38
1 - Joser; Archivo: contenido.php; Acción: Lista los contenidos; Fecha: 12-08-2024; Hora: 12:38:38
1 - Joser; Archivo: contenido.php; Acción: Lista los contenidos; Fecha: 12-08-2024; Hora: 12:46:51
1 - Joser; Archivo: contenido.php; Acción: Lista los contenidos; Fecha: 12-08-2024; Hora: 12:46:51
1 - Joser; Archivo: contenido.php; Acción: Lista los contenidos; Fecha: 12-08-2024; Hora: 12:48:22
1 - Joser; Archivo: contenido.php; Acción: Lista los contenidos; Fecha: 12-08-2024; Hora: 12:48:22
1 - Joser; Archivo: contenido.php; Acción: Lista los contenidos; Fecha: 12-08-2024; Hora: 12:49:20
1 - Joser; Archivo: contenido.php; Acción: Lista los contenidos; Fecha: 12-08-2024; Hora: 12:49:20
1 - Joser; Archivo: contenido.php; Acción: Lista los contenidos; Fecha: 12-08-2024; Hora: 12:50:49
1 - Joser; Archivo: contenido.php; Acción: Lista los contenidos; Fecha: 12-08-2024; Hora: 12:50:49
1 - Joser; Archivo: contenido.php; Acción: Lista los contenidos; Fecha: 12-08-2024; Hora: 12:53:03
1 - Joser; Archivo: contenido.php; Acción: Lista los contenidos; Fecha: 12-08-2024; Hora: 12:53:03
1 - Joser; Archivo: contenido.php; Acción: Lista los contenidos; Fecha: 12-08-2024; Hora: 12:53:40
1 - Joser; Archivo: contenido.php; Acción: Lista los contenidos; Fecha: 12-08-2024; Hora: 12:53:40
1 - Joser; Archivo: contenido.php; Acción: Lista los contenidos; Fecha: 12-08-2024; Hora: 12:54:11
1 - Joser; Archivo: contenido.php; Acción: Lista los contenidos; Fecha: 12-08-2024; Hora: 12:54:11
1 - Joser; Archivo: contenido.php; Acción: Lista los contenidos; Fecha: 12-08-2024; Hora: 12:54:17
1 - Joser; Archivo: contenido.php; Acción: Lista los contenidos; Fecha: 12-08-2024; Hora: 12:54:17
1 - Joser; Archivo: contenido.php; Acción: Lista los contenidos; Fecha: 12-08-2024; Hora: 12:54:51
1 - Joser; Archivo: contenido.php; Acción: Lista los contenidos; Fecha: 12-08-2024; Hora: 12:54:51
1 - Joser; Archivo: contenido.php; Acción: Lista los contenidos; Fecha: 12-08-2024; Hora: 12:55:44
1 - Joser; Archivo: contenido.php; Acción: Lista los contenidos; Fecha: 12-08-2024; Hora: 12:55:44
1 - Joser; Archivo: contenido.php; Acción: Lista los contenidos; Fecha: 12-08-2024; Hora: 12:55:47
1 - Joser; Archivo: contenido.php; Acción: Lista los contenidos; Fecha: 12-08-2024; Hora: 12:55:47
1 - Joser; Archivo: contenido.php; Acción: Lista los contenidos; Fecha: 12-08-2024; Hora: 12:56:01
1 - Joser; Archivo: contenido.php; Acción: Lista los contenidos; Fecha: 12-08-2024; Hora: 12:56:01
1 - Joser; Archivo: contenido.php; Acción: Lista los contenidos; Fecha: 12-08-2024; Hora: 12:56:28
1 - Joser; Archivo: contenido.php; Acción: Lista los contenidos; Fecha: 12-08-2024; Hora: 12:56:28
1 - Joser; Archivo: contenido.php; Acción: Lista los contenidos; Fecha: 12-08-2024; Hora: 12:57:25
1 - Joser; Archivo: contenido.php; Acción: Lista los contenidos; Fecha: 12-08-2024; Hora: 12:57:25
1 - Joser; Archivo: contenido.php; Acción: Lista los contenidos; Fecha: 12-08-2024; Hora: 12:57:28
1 - Joser; Archivo: contenido.php; Acción: Lista los contenidos; Fecha: 12-08-2024; Hora: 12:57:28
1 - Joser; Archivo: contenido.php; Acción: Lista los contenidos; Fecha: 12-08-2024; Hora: 13:01:06
1 - Joser; Archivo: contenido.php; Acción: Lista los contenidos; Fecha: 12-08-2024; Hora: 13:01:06
1 - Joser; Archivo: contenido.php; Acción: Lista los contenidos; Fecha: 12-08-2024; Hora: 13:01:30
1 - Joser; Archivo: contenido.php; Acción: Lista los contenidos; Fecha: 12-08-2024; Hora: 13:01:30
1 - Joser; Archivo: contenido.php; Acción: Lista los contenidos; Fecha: 12-08-2024; Hora: 13:04:27
1 - Joser; Archivo: contenido.php; Acción: Lista los contenidos; Fecha: 12-08-2024; Hora: 13:04:27
1 - Joser; Archivo: contenido.php; Acción: Lista los contenidos; Fecha: 12-08-2024; Hora: 13:04:40
1 - Joser; Archivo: contenido.php; Acción: Lista los contenidos; Fecha: 12-08-2024; Hora: 13:04:40
1 - Joser; Archivo: contenido.php; Acción: Lista los contenidos; Fecha: 12-08-2024; Hora: 13:05:44
1 - Joser; Archivo: contenido.php; Acción: Lista los contenidos; Fecha: 12-08-2024; Hora: 13:05:44
1 - Joser; Archivo: contenido.php; Acción: Lista los contenidos; Fecha: 12-08-2024; Hora: 13:05:59
1 - Joser; Archivo: contenido.php; Acción: Lista los contenidos; Fecha: 12-08-2024; Hora: 13:05:59
1 - Joser; Archivo: contenido.php; Acción: Lista los contenidos; Fecha: 12-08-2024; Hora: 13:17:56
1 - Joser; Archivo: contenido.php; Acción: Lista los contenidos; Fecha: 12-08-2024; Hora: 13:17:56
1 - Joser; Archivo: contenido.php; Acción: Lista los contenidos; Fecha: 12-08-2024; Hora: 13:18:09
1 - Joser; Archivo: contenido.php; Acción: Lista los contenidos; Fecha: 12-08-2024; Hora: 13:18:09
1 - Joser; Archivo: contenido.php; Acción: Lista los contenidos; Fecha: 12-08-2024; Hora: 13:18:20
1 - Joser; Archivo: contenido.php; Acción: Lista los contenidos; Fecha: 12-08-2024; Hora: 13:18:20
1 - Joser; Archivo: contenido.php; Acción: Lista los contenidos; Fecha: 12-08-2024; Hora: 13:18:35
1 - Joser; Archivo: contenido.php; Acción: Lista los contenidos; Fecha: 12-08-2024; Hora: 13:18:35
1 - Joser; Archivo: contenido.php; Acción: Lista los contenidos; Fecha: 12-08-2024; Hora: 13:18:48
1 - Joser; Archivo: contenido.php; Acción: Lista los contenidos; Fecha: 12-08-2024; Hora: 13:18:48
1 - Joser; Archivo: contenido.php; Acción: Lista los contenidos; Fecha: 12-08-2024; Hora: 13:19:29
1 - Joser; Archivo: contenido.php; Acción: Lista los contenidos; Fecha: 12-08-2024; Hora: 13:19:29
1 - Joser; Archivo: contenido.php; Acción: Lista los contenidos; Fecha: 12-08-2024; Hora: 13:20:16
1 - Joser; Archivo: contenido.php; Acción: Lista los contenidos; Fecha: 12-08-2024; Hora: 13:20:16
1 - Joser; Archivo: contenido.php; Acción: Lista los contenidos; Fecha: 12-08-2024; Hora: 13:20:47
1 - Joser; Archivo: contenido.php; Acción: Lista los contenidos; Fecha: 12-08-2024; Hora: 13:20:47
1 - Joser; Archivo: contenido.php; Acción: Lista los contenidos; Fecha: 12-08-2024; Hora: 13:20:59
1 - Joser; Archivo: contenido.php; Acción: Lista los contenidos; Fecha: 12-08-2024; Hora: 13:20:59
1 - Joser; Archivo: contenido.php; Acción: Lista los contenidos; Fecha: 12-08-2024; Hora: 13:21:23
1 - Joser; Archivo: contenido.php; Acción: Lista los contenidos; Fecha: 12-08-2024; Hora: 13:21:23
1 - Joser; Archivo: contenido.php; Acción: Lista los contenidos; Fecha: 12-08-2024; Hora: 13:22:08
1 - Joser; Archivo: contenido.php; Acción: Lista los contenidos; Fecha: 12-08-2024; Hora: 13:22:08
1 - Joser; Archivo: contenido.php; Acción: Lista los contenidos; Fecha: 12-08-2024; Hora: 13:24:13
1 - Joser; Archivo: contenido.php; Acción: Lista los contenidos; Fecha: 12-08-2024; Hora: 13:24:13
1 - Joser; Archivo: contenido.php; Acción: Lista los contenidos; Fecha: 12-08-2024; Hora: 13:24:21
1 - Joser; Archivo: contenido.php; Acción: Lista los contenidos; Fecha: 12-08-2024; Hora: 13:24:21
1 - Joser; Archivo: contenido.php; Acción: Lista los contenidos; Fecha: 12-08-2024; Hora: 13:24:34
1 - Joser; Archivo: contenido.php; Acción: Lista los contenidos; Fecha: 12-08-2024; Hora: 13:24:34
1 - Joser; Archivo: contenido.php; Acción: Lista los contenidos; Fecha: 12-08-2024; Hora: 13:25:03
1 - Joser; Archivo: contenido.php; Acción: Lista los contenidos; Fecha: 12-08-2024; Hora: 13:25:03
1 - Joser; Archivo: contenido.php; Acción: Lista los contenidos; Fecha: 12-08-2024; Hora: 13:25:30
1 - Joser; Archivo: contenido.php; Acción: Lista los contenidos; Fecha: 12-08-2024; Hora: 13:25:30
1 - Joser; Archivo: contenido.php; Acción: Lista los contenidos; Fecha: 12-08-2024; Hora: 13:26:06
1 - Joser; Archivo: contenido.php; Acción: Lista los contenidos; Fecha: 12-08-2024; Hora: 13:26:06
1 - Joser; Archivo: contenido.php; Acción: Lista los contenidos; Fecha: 12-08-2024; Hora: 13:27:35
1 - Joser; Archivo: contenido.php; Acción: Lista los contenidos; Fecha: 12-08-2024; Hora: 13:27:35
1 - Joser; Archivo: contenido.php; Acción: Lista los contenidos; Fecha: 12-08-2024; Hora: 13:27:56
1 - Joser; Archivo: contenido.php; Acción: Lista los contenidos; Fecha: 12-08-2024; Hora: 13:27:56
1 - Joser; Archivo: contenido.php; Acción: Lista los contenidos; Fecha: 12-08-2024; Hora: 13:28:46
1 - Joser; Archivo: contenido.php; Acción: Lista los contenidos; Fecha: 12-08-2024; Hora: 13:28:46
1 - Joser; Archivo: contenido.php; Acción: Lista los contenidos; Fecha: 12-08-2024; Hora: 13:28:50
1 - Joser; Archivo: contenido.php; Acción: Lista los contenidos; Fecha: 12-08-2024; Hora: 13:28:50
1 - Joser; Archivo: contenido.php; Acción: Lista los contenidos; Fecha: 12-08-2024; Hora: 13:29:31
1 - Joser; Archivo: contenido.php; Acción: Lista los contenidos; Fecha: 12-08-2024; Hora: 13:29:31
1 - Joser; Archivo: contenido.php; Acción: Lista los contenidos; Fecha: 12-08-2024; Hora: 13:31:44
1 - Joser; Archivo: contenido.php; Acción: Lista los contenidos; Fecha: 12-08-2024; Hora: 13:31:44
1 - Joser; Archivo: contenido.php; Acción: Lista los contenidos; Fecha: 12-08-2024; Hora: 13:31:54
1 - Joser; Archivo: contenido.php; Acción: Lista los contenidos; Fecha: 12-08-2024; Hora: 13:31:54
1 - Joser; Archivo: contenido.php; Acción: Lista los contenidos; Fecha: 12-08-2024; Hora: 13:32:16
1 - Joser; Archivo: contenido.php; Acción: Lista los contenidos; Fecha: 12-08-2024; Hora: 13:32:16
1 - Joser; Archivo: contenido.php; Acción: Lista los contenidos; Fecha: 12-08-2024; Hora: 13:32:29
1 - Joser; Archivo: contenido.php; Acción: Lista los contenidos; Fecha: 12-08-2024; Hora: 13:32:29
1 - Joser; Archivo: contenido.php; Acción: Lista los contenidos; Fecha: 12-08-2024; Hora: 13:33:19
1 - Joser; Archivo: contenido.php; Acción: Lista los contenidos; Fecha: 12-08-2024; Hora: 13:33:19
1 - Joser; Archivo: contenido.php; Acción: Lista los contenidos; Fecha: 12-08-2024; Hora: 13:33:32
1 - Joser; Archivo: contenido.php; Acción: Lista los contenidos; Fecha: 12-08-2024; Hora: 13:33:32
1 - Joser; Archivo: contenido.php; Acción: Lista los contenidos; Fecha: 12-08-2024; Hora: 13:33:44
1 - Joser; Archivo: contenido.php; Acción: Lista los contenidos; Fecha: 12-08-2024; Hora: 13:33:44
1 - Joser; Archivo: contenido.php; Acción: Lista los contenidos; Fecha: 12-08-2024; Hora: 13:34:39
1 - Joser; Archivo: contenido.php; Acción: Lista los contenidos; Fecha: 12-08-2024; Hora: 13:34:39
1 - Joser; Archivo: contenido.php; Acción: Lista los contenidos; Fecha: 12-08-2024; Hora: 13:34:48
1 - Joser; Archivo: contenido.php; Acción: Lista los contenidos; Fecha: 12-08-2024; Hora: 13:34:48
1 - Joser; Archivo: contenido.php; Acción: Lista los contenidos; Fecha: 12-08-2024; Hora: 13:35:16
1 - Joser; Archivo: contenido.php; Acción: Lista los contenidos; Fecha: 12-08-2024; Hora: 13:35:16
1 - Joser; Archivo: contenido.php; Acción: Lista los contenidos; Fecha: 12-08-2024; Hora: 13:35:37
1 - Joser; Archivo: contenido.php; Acción: Lista los contenidos; Fecha: 12-08-2024; Hora: 13:35:37
1 - Joser; Archivo: contenido.php; Acción: Lista los contenidos; Fecha: 12-08-2024; Hora: 13:35:48
1 - Joser; Archivo: contenido.php; Acción: Lista los contenidos; Fecha: 12-08-2024; Hora: 13:35:48
1 - Joser; Archivo: contenido.php; Acción: Lista los contenidos; Fecha: 12-08-2024; Hora: 13:36:06
1 - Joser; Archivo: contenido.php; Acción: Lista los contenidos; Fecha: 12-08-2024; Hora: 13:36:06
1 - Joser; Archivo: contenido.php; Acción: Lista los contenidos; Fecha: 12-08-2024; Hora: 13:50:13
1 - Joser; Archivo: contenido.php; Acción: Lista los contenidos; Fecha: 12-08-2024; Hora: 13:50:13
ID:  - Nombre:  - IP: 127.0.0.1; Archivo: usuario.php; Acción: Se hace login; Fecha: 12-08-2024; Hora: 16:16:03
1 - Joser; Archivo: contenido.php; Acción: Lista los contenidos; Fecha: 12-08-2024; Hora: 16:16:18
1 - Joser; Archivo: contenido.php; Acción: Lista los contenidos; Fecha: 12-08-2024; Hora: 16:16:18
1 - Joser; Archivo: contenido.php; Acción: Lista los contenidos; Fecha: 12-08-2024; Hora: 16:21:07
1 - Joser; Archivo: contenido.php; Acción: Lista los contenidos; Fecha: 12-08-2024; Hora: 16:21:07
1 - Joser; Archivo: contenido.php; Acción: Lista los contenidos; Fecha: 12-08-2024; Hora: 16:21:57
1 - Joser; Archivo: contenido.php; Acción: Lista los contenidos; Fecha: 12-08-2024; Hora: 16:21:57
1 - Joser; Archivo: tiposContrato_Edu.php; Acción: Lista los tipos de contrato; Fecha: 12-08-2024; Hora: 16:22:12
1 - Joser; Archivo: tipoCurso_Edu.php; Acción: Lista los tipos de curso; Fecha: 12-08-2024; Hora: 16:22:15
1 - Joser; Archivo: medios.php; Acción: Lista los medios de pago; Fecha: 12-08-2024; Hora: 16:22:17
1 - Joser; Archivo: contenido.php; Acción: Lista los contenidos; Fecha: 12-08-2024; Hora: 16:22:19
1 - Joser; Archivo: contenido.php; Acción: Lista los contenidos; Fecha: 12-08-2024; Hora: 16:22:20
1 - Joser; Archivo: contenido.php; Acción: Lista los contenidos; Fecha: 12-08-2024; Hora: 16:27:33
1 - Joser; Archivo: contenido.php; Acción: Lista los contenidos; Fecha: 12-08-2024; Hora: 16:27:33
1 - Joser; Archivo: contenido.php; Acción: Lista los contenidos; Fecha: 12-08-2024; Hora: 16:35:39
1 - Joser; Archivo: contenido.php; Acción: Lista los contenidos; Fecha: 12-08-2024; Hora: 16:35:40
1 - Joser; Archivo: contenido.php; Acción: Lista los contenidos; Fecha: 12-08-2024; Hora: 16:35:47
1 - Joser; Archivo: contenido.php; Acción: Lista los contenidos; Fecha: 12-08-2024; Hora: 16:35:47
1 - Joser; Archivo: contenido.php; Acción: Lista los contenidos; Fecha: 12-08-2024; Hora: 16:36:05
1 - Joser; Archivo: contenido.php; Acción: Lista los contenidos; Fecha: 12-08-2024; Hora: 16:36:05
1 - Joser; Archivo: contenido.php; Acción: Lista los contenidos; Fecha: 12-08-2024; Hora: 16:37:28
1 - Joser; Archivo: contenido.php; Acción: Lista los contenidos; Fecha: 12-08-2024; Hora: 16:37:28
1 - Joser; Archivo: contenido.php; Acción: Lista los contenidos; Fecha: 12-08-2024; Hora: 16:39:07
1 - Joser; Archivo: contenido.php; Acción: Lista los contenidos; Fecha: 12-08-2024; Hora: 16:39:07
1 - Joser; Archivo: contenido.php; Acción: Lista los contenidos; Fecha: 12-08-2024; Hora: 16:39:16
1 - Joser; Archivo: contenido.php; Acción: Lista los contenidos; Fecha: 12-08-2024; Hora: 16:44:33
1 - Joser; Archivo: contenido.php; Acción: Lista los contenidos; Fecha: 12-08-2024; Hora: 16:44:33
1 - Joser; Archivo: contenido.php; Acción: Lista los contenidos; Fecha: 12-08-2024; Hora: 16:54:21
1 - Joser; Archivo: contenido.php; Acción: Lista los contenidos; Fecha: 12-08-2024; Hora: 16:54:22
1 - Joser; Archivo: contenido.php; Acción: Lista los contenidos; Fecha: 12-08-2024; Hora: 16:54:39
1 - Joser; Archivo: contenido.php; Acción: Lista los contenidos; Fecha: 12-08-2024; Hora: 16:55:12
1 - Joser; Archivo: contenido.php; Acción: Lista los contenidos; Fecha: 12-08-2024; Hora: 16:55:12
1 - Joser; Archivo: contenido.php; Acción: Lista los contenidos; Fecha: 12-08-2024; Hora: 16:55:48
1 - Joser; Archivo: contenido.php; Acción: Lista los contenidos; Fecha: 12-08-2024; Hora: 16:55:59
1 - Joser; Archivo: contenido.php; Acción: Lista los contenidos; Fecha: 12-08-2024; Hora: 16:56:04
1 - Joser; Archivo: contenido.php; Acción: Lista los contenidos; Fecha: 12-08-2024; Hora: 16:56:04
1 - Joser; Archivo: contenido.php; Acción: Lista los contenidos; Fecha: 12-08-2024; Hora: 16:56:05
1 - Joser; Archivo: contenido.php; Acción: Lista los contenidos; Fecha: 12-08-2024; Hora: 16:56:05
1 - Joser; Archivo: contenido.php; Acción: Lista los contenidos; Fecha: 12-08-2024; Hora: 16:56:09
1 - Joser; Archivo: contenido.php; Acción: Lista los contenidos; Fecha: 12-08-2024; Hora: 16:56:43
1 - Joser; Archivo: contenido.php; Acción: Lista los contenidos; Fecha: 12-08-2024; Hora: 16:56:43
1 - Joser; Archivo: contenido.php; Acción: Lista los contenidos; Fecha: 12-08-2024; Hora: 16:56:59
1 - Joser; Archivo: contenido.php; Acción: Lista los contenidos; Fecha: 12-08-2024; Hora: 16:57:00
1 - Joser; Archivo: contenido.php; Acción: Lista los contenidos; Fecha: 12-08-2024; Hora: 16:57:02
1 - Joser; Archivo: contenido.php; Acción: Lista los contenidos; Fecha: 12-08-2024; Hora: 16:57:02
1 - Joser; Archivo: contenido.php; Acción: Lista los contenidos; Fecha: 12-08-2024; Hora: 16:57:07
1 - Joser; Archivo: contenido.php; Acción: Lista los contenidos; Fecha: 12-08-2024; Hora: 17:01:15
1 - Joser; Archivo: contenido.php; Acción: Lista los contenidos; Fecha: 12-08-2024; Hora: 17:01:15
1 - Joser; Archivo: contenido.php; Acción: Lista los contenidos; Fecha: 12-08-2024; Hora: 17:01:24
1 - Joser; Archivo: contenido.php; Acción: Lista los contenidos; Fecha: 12-08-2024; Hora: 17:01:24
1 - Joser; Archivo: contenido.php; Acción: Lista los contenidos; Fecha: 12-08-2024; Hora: 17:05:25
1 - Joser; Archivo: contenido.php; Acción: Lista los contenidos; Fecha: 12-08-2024; Hora: 17:05:26
1 - Joser; Archivo: contenido.php; Acción: Lista los contenidos; Fecha: 12-08-2024; Hora: 17:06:46
1 - Joser; Archivo: contenido.php; Acción: Lista los contenidos; Fecha: 12-08-2024; Hora: 17:06:46
1 - Joser; Archivo: contenido.php; Acción: Lista los contenidos; Fecha: 12-08-2024; Hora: 17:07:03
1 - Joser; Archivo: contenido.php; Acción: Lista los contenidos; Fecha: 12-08-2024; Hora: 17:07:03
1 - Joser; Archivo: contenido.php; Acción: Lista los contenidos; Fecha: 12-08-2024; Hora: 17:08:23
1 - Joser; Archivo: contenido.php; Acción: Lista los contenidos; Fecha: 12-08-2024; Hora: 17:08:23
1 - Joser; Archivo: contenido.php; Acción: Lista los contenidos; Fecha: 12-08-2024; Hora: 17:09:05
1 - Joser; Archivo: contenido.php; Acción: Lista los contenidos; Fecha: 12-08-2024; Hora: 17:09:05
1 - Joser; Archivo: contenido.php; Acción: Lista los contenidos; Fecha: 12-08-2024; Hora: 17:09:53
1 - Joser; Archivo: contenido.php; Acción: Lista los contenidos; Fecha: 12-08-2024; Hora: 17:09:53
1 - Joser; Archivo: contenido.php; Acción: Lista los contenidos; Fecha: 12-08-2024; Hora: 17:18:50
1 - Joser; Archivo: contenido.php; Acción: Lista los contenidos; Fecha: 12-08-2024; Hora: 17:18:50
1 - Joser; Archivo: contenido.php; Acción: Lista los contenidos; Fecha: 12-08-2024; Hora: 17:20:29
1 - Joser; Archivo: contenido.php; Acción: Lista los contenidos; Fecha: 12-08-2024; Hora: 17:20:33
1 - Joser; Archivo: contenido.php; Acción: Lista los contenidos; Fecha: 12-08-2024; Hora: 17:20:33
1 - Joser; Archivo: contenido.php; Acción: Lista los contenidos; Fecha: 12-08-2024; Hora: 17:21:09
1 - Joser; Archivo: contenido.php; Acción: Lista los contenidos; Fecha: 12-08-2024; Hora: 17:21:09
1 - Joser; Archivo: contenido.php; Acción: Lista los contenidos; Fecha: 12-08-2024; Hora: 17:21:14
1 - Joser; Archivo: contenido.php; Acción: Lista los contenidos; Fecha: 12-08-2024; Hora: 17:21:54
1 - Joser; Archivo: contenido.php; Acción: Lista los contenidos; Fecha: 12-08-2024; Hora: 17:21:55
1 - Joser; Archivo: contenido.php; Acción: Lista los contenidos; Fecha: 12-08-2024; Hora: 17:22:01
1 - Joser; Archivo: contenido.php; Acción: Lista los contenidos; Fecha: 12-08-2024; Hora: 17:22:23
1 - Joser; Archivo: contenido.php; Acción: Lista los contenidos; Fecha: 12-08-2024; Hora: 17:22:23
1 - Joser; Archivo: contenido.php; Acción: Lista los contenidos; Fecha: 12-08-2024; Hora: 17:23:05
1 - Joser; Archivo: contenido.php; Acción: Lista los contenidos; Fecha: 12-08-2024; Hora: 17:23:05
1 - Joser; Archivo: contenido.php; Acción: Lista los contenidos; Fecha: 12-08-2024; Hora: 17:24:20
1 - Joser; Archivo: contenido.php; Acción: Lista los contenidos; Fecha: 12-08-2024; Hora: 17:25:08
1 - Joser; Archivo: contenido.php; Acción: Lista los contenidos; Fecha: 12-08-2024; Hora: 17:25:08
1 - Joser; Archivo: contenido.php; Acción: Lista los contenidos; Fecha: 12-08-2024; Hora: 17:25:25
1 - Joser; Archivo: contenido.php; Acción: Lista los contenidos; Fecha: 12-08-2024; Hora: 17:25:25
1 - Joser; Archivo: contenido.php; Acción: Lista los contenidos; Fecha: 12-08-2024; Hora: 17:31:54
1 - Joser; Archivo: contenido.php; Acción: Lista los contenidos; Fecha: 12-08-2024; Hora: 17:31:54
1 - Joser; Archivo: contenido.php; Acción: Lista los contenidos; Fecha: 12-08-2024; Hora: 17:32:39
1 - Joser; Archivo: contenido.php; Acción: Lista los contenidos; Fecha: 12-08-2024; Hora: 17:32:39
1 - Joser; Archivo: contenido.php; Acción: Lista los contenidos; Fecha: 12-08-2024; Hora: 17:32:54
1 - Joser; Archivo: contenido.php; Acción: Lista los contenidos; Fecha: 12-08-2024; Hora: 17:33:35
1 - Joser; Archivo: contenido.php; Acción: Lista los contenidos; Fecha: 12-08-2024; Hora: 17:33:35
1 - Joser; Archivo: contenido.php; Acción: Lista los contenidos; Fecha: 12-08-2024; Hora: 17:33:59
1 - Joser; Archivo: contenido.php; Acción: Lista los contenidos; Fecha: 12-08-2024; Hora: 17:33:59
1 - Joser; Archivo: contenido.php; Acción: Lista los contenidos; Fecha: 12-08-2024; Hora: 17:34:41
1 - Joser; Archivo: contenido.php; Acción: Lista los contenidos; Fecha: 12-08-2024; Hora: 17:34:41
1 - Joser; Archivo: contenido.php; Acción: Lista los contenidos; Fecha: 12-08-2024; Hora: 17:34:48
1 - Joser; Archivo: contenido.php; Acción: Lista los contenidos; Fecha: 12-08-2024; Hora: 17:34:50
1 - Joser; Archivo: contenido.php; Acción: Lista los contenidos; Fecha: 12-08-2024; Hora: 17:34:50
1 - Joser; Archivo: contenido.php; Acción: Lista los contenidos; Fecha: 12-08-2024; Hora: 17:39:02
1 - Joser; Archivo: contenido.php; Acción: Lista los contenidos; Fecha: 12-08-2024; Hora: 17:39:02
1 - Joser; Archivo: contenido.php; Acción: Lista los contenidos; Fecha: 12-08-2024; Hora: 17:39:03
1 - Joser; Archivo: contenido.php; Acción: Lista los contenidos; Fecha: 12-08-2024; Hora: 17:39:05
1 - Joser; Archivo: contenido.php; Acción: Lista los contenidos; Fecha: 12-08-2024; Hora: 17:39:05
1 - Joser; Archivo: contenido.php; Acción: Lista los contenidos; Fecha: 12-08-2024; Hora: 17:39:06
1 - Joser; Archivo: contenido.php; Acción: Lista los contenidos; Fecha: 12-08-2024; Hora: 17:39:06
1 - Joser; Archivo: contenido.php; Acción: Lista los contenidos; Fecha: 12-08-2024; Hora: 17:39:08
1 - Joser; Archivo: contenido.php; Acción: Lista los contenidos; Fecha: 12-08-2024; Hora: 17:39:09
1 - Joser; Archivo: contenido.php; Acción: Lista los contenidos; Fecha: 12-08-2024; Hora: 17:39:09
1 - Joser; Archivo: contenido.php; Acción: Lista los contenidos; Fecha: 12-08-2024; Hora: 17:39:45
1 - Joser; Archivo: contenido.php; Acción: Lista los contenidos; Fecha: 12-08-2024; Hora: 17:39:45
1 - Joser; Archivo: contenido.php; Acción: Lista los contenidos; Fecha: 12-08-2024; Hora: 17:39:46
1 - Joser; Archivo: contenido.php; Acción: Lista los contenidos; Fecha: 12-08-2024; Hora: 17:39:47
1 - Joser; Archivo: contenido.php; Acción: Lista los contenidos; Fecha: 12-08-2024; Hora: 17:39:57
1 - Joser; Archivo: contenido.php; Acción: Lista los contenidos; Fecha: 12-08-2024; Hora: 17:39:57
1 - Joser; Archivo: contenido.php; Acción: Lista los contenidos; Fecha: 12-08-2024; Hora: 17:39:59
1 - Joser; Archivo: contenido.php; Acción: Lista los contenidos; Fecha: 12-08-2024; Hora: 17:40:00
1 - Joser; Archivo: contenido.php; Acción: Lista los contenidos; Fecha: 12-08-2024; Hora: 17:45:36
1 - Joser; Archivo: contenido.php; Acción: Lista los contenidos; Fecha: 12-08-2024; Hora: 17:45:38
1 - Joser; Archivo: contenido.php; Acción: Lista los contenidos; Fecha: 12-08-2024; Hora: 17:45:41
1 - Joser; Archivo: contenido.php; Acción: Lista los contenidos; Fecha: 12-08-2024; Hora: 17:45:43
1 - Joser; Archivo: contenido.php; Acción: Lista los contenidos; Fecha: 12-08-2024; Hora: 17:47:19
