ID: 2 - Nombre: Jose - IP: 127.0.0.1; Archivo: usuario.php; Acción: Se hace login Alumno; Fecha: 17-12-2024; Hora: 08:31:02
ID: 2 - Nombre: Jose - IP: 127.0.0.1; Archivo: logout.php; Acción: Sesión cerrada; Fecha: 17-12-2024; Hora: 08:53:04
ID: 1 - Nombre: Software - IP: 127.0.0.1; Archivo: usuario.php; Acción: Se hace login; Fecha: 17-12-2024; Hora: 09:03:12
1 - Software; Archivo: pagos.php; Acción: Recoger los medios de pago; Fecha: 17-12-2024; Hora: 09:03:19
1 - Software; Archivo: tarifaAloja.php; Acción: Lista las tarifas de alojamiento; Fecha: 17-12-2024; Hora: 09:03:19
1 - Software; Archivo: pagos.php; Acción: Recoger los medios de pago; Fecha: 17-12-2024; Hora: 09:03:36
1 - Software; Archivo: tarifaAloja.php; Acción: Lista las tarifas de alojamiento; Fecha: 17-12-2024; Hora: 09:03:36
1 - Software; Archivo: tarifaAloja.php; Acción: Lista las tarifas de alojamiento; Fecha: 17-12-2024; Hora: 09:21:34
1 - Software; Archivo: pagos.php; Acción: Recoger los medios de pago; Fecha: 17-12-2024; Hora: 09:21:49
1 - Software; Archivo: tarifaAloja.php; Acción: Lista las tarifas de alojamiento; Fecha: 17-12-2024; Hora: 09:21:49
1 - Software; Archivo: pagos.php; Acción: Recoger los medios de pago; Fecha: 17-12-2024; Hora: 09:31:33
1 - Software; Archivo: tarifaAloja.php; Acción: Lista las tarifas de alojamiento; Fecha: 17-12-2024; Hora: 09:31:33
1 - Software; Archivo: pagos.php; Acción: Recoger los medios de pago; Fecha: 17-12-2024; Hora: 09:31:45
1 - Software; Archivo: tarifaAloja.php; Acción: Lista las tarifas de alojamiento; Fecha: 17-12-2024; Hora: 09:31:45
1 - Software; Archivo: pagos.php; Acción: Recoger los medios de pago; Fecha: 17-12-2024; Hora: 09:32:51
1 - Software; Archivo: tarifaAloja.php; Acción: Lista las tarifas de alojamiento; Fecha: 17-12-2024; Hora: 09:32:51
1 - Software; Archivo: pagos.php; Acción: Recoger los medios de pago; Fecha: 17-12-2024; Hora: 09:32:55
1 - Software; Archivo: tarifaAloja.php; Acción: Lista las tarifas de alojamiento; Fecha: 17-12-2024; Hora: 09:32:55
1 - Software; Archivo: pagos.php; Acción: Recoger los medios de pago; Fecha: 17-12-2024; Hora: 09:49:09
1 - Software; Archivo: tarifaAloja.php; Acción: Lista las tarifas de alojamiento; Fecha: 17-12-2024; Hora: 09:49:09
1 - Software; Archivo: pagos.php; Acción: Recoger los medios de pago; Fecha: 17-12-2024; Hora: 09:49:13
1 - Software; Archivo: tarifaAloja.php; Acción: Lista las tarifas de alojamiento; Fecha: 17-12-2024; Hora: 09:49:13
1 - Software; Archivo: pagos.php; Acción: Recoger los medios de pago; Fecha: 17-12-2024; Hora: 09:49:25
1 - Software; Archivo: tarifaAloja.php; Acción: Lista las tarifas de alojamiento; Fecha: 17-12-2024; Hora: 09:49:25
1 - Software; Archivo: pagos.php; Acción: Recoger los medios de pago; Fecha: 17-12-2024; Hora: 09:52:56
1 - Software; Archivo: tarifaAloja.php; Acción: Lista las tarifas de alojamiento; Fecha: 17-12-2024; Hora: 09:52:56
1 - Software; Archivo: pagos.php; Acción: Recoger los medios de pago; Fecha: 17-12-2024; Hora: 09:52:59
1 - Software; Archivo: tarifaAloja.php; Acción: Lista las tarifas de alojamiento; Fecha: 17-12-2024; Hora: 09:52:59
1 - Software; Archivo: pagos.php; Acción: Recoger los medios de pago; Fecha: 17-12-2024; Hora: 10:02:14
1 - Software; Archivo: tarifaAloja.php; Acción: Lista las tarifas de alojamiento; Fecha: 17-12-2024; Hora: 10:02:14
1 - Software; Archivo: pagos.php; Acción: Recoger los medios de pago; Fecha: 17-12-2024; Hora: 10:02:28
1 - Software; Archivo: tarifaAloja.php; Acción: Lista las tarifas de alojamiento; Fecha: 17-12-2024; Hora: 10:02:28
1 - Software; Archivo: pagos.php; Acción: Recoger los medios de pago; Fecha: 17-12-2024; Hora: 10:02:29
1 - Software; Archivo: tarifaAloja.php; Acción: Lista las tarifas de alojamiento; Fecha: 17-12-2024; Hora: 10:02:29
1 - Software; Archivo: pagos.php; Acción: Recoger los medios de pago; Fecha: 17-12-2024; Hora: 10:02:42
1 - Software; Archivo: tarifaAloja.php; Acción: Lista las tarifas de alojamiento; Fecha: 17-12-2024; Hora: 10:02:42
1 - Software; Archivo: pagos.php; Acción: Recoger los medios de pago; Fecha: 17-12-2024; Hora: 10:03:08
1 - Software; Archivo: tarifaAloja.php; Acción: Lista las tarifas de alojamiento; Fecha: 17-12-2024; Hora: 10:03:08
1 - Software; Archivo: pagos.php; Acción: Recoger los medios de pago; Fecha: 17-12-2024; Hora: 10:03:20
1 - Software; Archivo: tarifaAloja.php; Acción: Lista las tarifas de alojamiento; Fecha: 17-12-2024; Hora: 10:03:20
1 - Software; Archivo: pagos.php; Acción: Recoger los medios de pago; Fecha: 17-12-2024; Hora: 10:24:49
1 - Software; Archivo: tarifaAloja.php; Acción: Lista las tarifas de alojamiento; Fecha: 17-12-2024; Hora: 10:24:49
1 - Software; Archivo: pagos.php; Acción: Recoger los medios de pago; Fecha: 17-12-2024; Hora: 10:26:33
1 - Software; Archivo: tarifaAloja.php; Acción: Lista las tarifas de alojamiento; Fecha: 17-12-2024; Hora: 10:26:33
1 - Software; Archivo: pagos.php; Acción: Recoger los medios de pago; Fecha: 17-12-2024; Hora: 10:27:50
1 - Software; Archivo: tarifaAloja.php; Acción: Lista las tarifas de alojamiento; Fecha: 17-12-2024; Hora: 10:27:50
1 - Software; Archivo: pagos.php; Acción: Recoger los medios de pago; Fecha: 17-12-2024; Hora: 10:27:55
1 - Software; Archivo: tarifaAloja.php; Acción: Lista las tarifas de alojamiento; Fecha: 17-12-2024; Hora: 10:27:55
1 - Software; Archivo: pagos.php; Acción: Recoger los medios de pago; Fecha: 17-12-2024; Hora: 10:28:35
1 - Software; Archivo: tarifaAloja.php; Acción: Lista las tarifas de alojamiento; Fecha: 17-12-2024; Hora: 10:28:35
1 - Software; Archivo: pagos.php; Acción: Recoger los medios de pago; Fecha: 17-12-2024; Hora: 10:28:38
1 - Software; Archivo: tarifaAloja.php; Acción: Lista las tarifas de alojamiento; Fecha: 17-12-2024; Hora: 10:28:38
1 - Software; Archivo: pagos.php; Acción: Recoger los medios de pago; Fecha: 17-12-2024; Hora: 10:29:59
1 - Software; Archivo: tarifaAloja.php; Acción: Lista las tarifas de alojamiento; Fecha: 17-12-2024; Hora: 10:29:59
1 - Software; Archivo: pagos.php; Acción: Recoger los medios de pago; Fecha: 17-12-2024; Hora: 10:30:04
1 - Software; Archivo: tarifaAloja.php; Acción: Lista las tarifas de alojamiento; Fecha: 17-12-2024; Hora: 10:30:04
1 - Software; Archivo: pagos.php; Acción: Recoger los medios de pago; Fecha: 17-12-2024; Hora: 10:31:56
1 - Software; Archivo: tarifaAloja.php; Acción: Lista las tarifas de alojamiento; Fecha: 17-12-2024; Hora: 10:31:56
1 - Software; Archivo: pagos.php; Acción: Recoger los medios de pago; Fecha: 17-12-2024; Hora: 10:31:59
1 - Software; Archivo: tarifaAloja.php; Acción: Lista las tarifas de alojamiento; Fecha: 17-12-2024; Hora: 10:31:59
1 - Software; Archivo: tarifaAloja.php; Acción: Lista las tarifas de alojamiento; Fecha: 17-12-2024; Hora: 10:32:41
1 - Software; Archivo: tarifaAloja.php; Acción: Lista las tarifas de alojamiento; Fecha: 17-12-2024; Hora: 10:32:49
1 - Software; Archivo: pagos.php; Acción: Recoger los medios de pago; Fecha: 17-12-2024; Hora: 10:32:59
1 - Software; Archivo: tarifaAloja.php; Acción: Lista las tarifas de alojamiento; Fecha: 17-12-2024; Hora: 10:32:59
1 - Software; Archivo: pagos.php; Acción: Recoger los medios de pago; Fecha: 17-12-2024; Hora: 10:33:59
1 - Software; Archivo: tarifaAloja.php; Acción: Lista las tarifas de alojamiento; Fecha: 17-12-2024; Hora: 10:34:00
1 - Software; Archivo: tarifaAloja.php; Acción: Lista las tarifas de alojamiento; Fecha: 17-12-2024; Hora: 10:34:10
1 - Software; Archivo: tarifaAloja.php; Acción: Lista las tarifas de alojamiento; Fecha: 17-12-2024; Hora: 10:34:22
1 - Software; Archivo: pagos.php; Acción: Recoger los medios de pago; Fecha: 17-12-2024; Hora: 10:34:29
1 - Software; Archivo: tarifaAloja.php; Acción: Lista las tarifas de alojamiento; Fecha: 17-12-2024; Hora: 10:34:29
1 - Software; Archivo: pagos.php; Acción: Recoger los medios de pago; Fecha: 17-12-2024; Hora: 10:35:15
1 - Software; Archivo: tarifaAloja.php; Acción: Lista las tarifas de alojamiento; Fecha: 17-12-2024; Hora: 10:35:15
1 - Software; Archivo: tarifaAloja.php; Acción: Lista las tarifas de alojamiento; Fecha: 17-12-2024; Hora: 10:35:27
1 - Software; Archivo: pagos.php; Acción: Recoger los medios de pago; Fecha: 17-12-2024; Hora: 10:35:34
1 - Software; Archivo: tarifaAloja.php; Acción: Lista las tarifas de alojamiento; Fecha: 17-12-2024; Hora: 10:35:34
1 - Software; Archivo: tarifaAloja.php; Acción: Lista las tarifas de alojamiento; Fecha: 17-12-2024; Hora: 10:36:15
1 - Software; Archivo: tarifaAloja.php; Acción: Lista las tarifas de alojamiento; Fecha: 17-12-2024; Hora: 10:36:35
1 - Software; Archivo: tarifaAloja.php; Acción: Lista las tarifas de alojamiento; Fecha: 17-12-2024; Hora: 10:37:08
1 - Software; Archivo: pagos.php; Acción: Recoger los medios de pago; Fecha: 17-12-2024; Hora: 10:37:47
1 - Software; Archivo: tarifaAloja.php; Acción: Lista las tarifas de alojamiento; Fecha: 17-12-2024; Hora: 10:37:47
1 - Software; Archivo: pagos.php; Acción: Recoger los medios de pago; Fecha: 17-12-2024; Hora: 10:38:11
1 - Software; Archivo: tarifaAloja.php; Acción: Lista las tarifas de alojamiento; Fecha: 17-12-2024; Hora: 10:38:11
ID: 1 - Nombre: Software - IP: 127.0.0.1; Archivo: logout.php; Acción: Sesión cerrada; Fecha: 17-12-2024; Hora: 11:01:56
ID:  - Nombre:  - IP: 127.0.0.1; Archivo: usuario.php; Acción: Se hace login Alumno; Fecha: 17-12-2024; Hora: 11:02:03
ID: 2 - Nombre: Jose - IP: 127.0.0.1; Archivo: usuario.php; Acción: Se hace login Alumno; Fecha: 17-12-2024; Hora: 11:02:10
ID: 2 - Nombre: Jose - IP: 127.0.0.1; Archivo: logout.php; Acción: Sesión cerrada; Fecha: 17-12-2024; Hora: 11:03:45
ID: 1 - Nombre: Software - IP: 127.0.0.1; Archivo: usuario.php; Acción: Se hace login; Fecha: 17-12-2024; Hora: 11:03:51
1 - Software; Archivo: pagos.php; Acción: Recoger los medios de pago; Fecha: 17-12-2024; Hora: 11:03:58
1 - Software; Archivo: tarifaAloja.php; Acción: Lista las tarifas de alojamiento; Fecha: 17-12-2024; Hora: 11:03:58
ID: 1 - Nombre: Software - IP: 127.0.0.1; Archivo: logout.php; Acción: Sesión cerrada; Fecha: 17-12-2024; Hora: 11:04:31
ID: 2 - Nombre: Jose - IP: 127.0.0.1; Archivo: usuario.php; Acción: Se hace login Alumno; Fecha: 17-12-2024; Hora: 11:04:39
ID: 2 - Nombre: Jose - IP: 127.0.0.1; Archivo: logout.php; Acción: Sesión cerrada; Fecha: 17-12-2024; Hora: 12:36:31
ID: 2 - Nombre: Jose - IP: 127.0.0.1; Archivo: usuario.php; Acción: Se hace login Alumno; Fecha: 17-12-2024; Hora: 12:36:43
