
1 - Software; Archivo: actividades.php; Acción: Lista las actividades de los adminitradores; Fecha: 22-11-2024; Hora: 09:15:18
1 - Software; Archivo: tipoCurso_Edu.php; Acción: Lista los tipos de curso; Fecha: 22-11-2024; Hora: 10:06:04
1 - Software; Archivo: actividades.php; Acción: Lista las actividades de los adminitradores; Fecha: 22-11-2024; Hora: 10:09:18
1 - Software; Archivo: actividades.php; Acción: Lista las actividades de los adminitradores; Fecha: 22-11-2024; Hora: 10:12:47
1 - Software; Archivo: actividades.php; Acción: Inserta Actividades; Fecha: 22-11-2024; Hora: 11:17:51
1 - Software; Archivo: actividades.php; Acción: Lista las actividades de los adminitradores; Fecha: 22-11-2024; Hora: 11:17:54
1 - Software; Archivo: actividades.php; Acción: Inserta Actividades; Fecha: 22-11-2024; Hora: 11:19:47
1 - Software; Archivo: actividades.php; Acción: Lista las actividades de los adminitradores; Fecha: 22-11-2024; Hora: 11:19:57
1 - Software; Archivo: actividades.php; Acción: Lista las actividades de los adminitradores; Fecha: 22-11-2024; Hora: 11:20:55
1 - Software; Archivo: actividades.php; Acción: Inserta Actividades; Fecha: 22-11-2024; Hora: 12:55:29
1 - Software; Archivo: actividades.php; Acción: Inserta Actividades; Fecha: 22-11-2024; Hora: 12:58:16
1 - Software; Archivo: actividades.php; Acción: Lista las actividades de los adminitradores; Fecha: 22-11-2024; Hora: 13:08:09
1 - Software; Archivo: actividades.php; Acción: Edita Actividades8 Albufera 231003; Fecha: 22-11-2024; Hora: 13:34:15
1 - Software; Archivo: actividades.php; Acción: Lista las actividades de los adminitradores; Fecha: 22-11-2024; Hora: 13:34:17
1 - Software; Archivo: actividades.php; Acción: Edita Actividades8 Albufera 231003; Fecha: 22-11-2024; Hora: 13:36:51
1 - Software; Archivo: actividades.php; Acción: Lista las actividades de los adminitradores; Fecha: 22-11-2024; Hora: 13:38:09
1 - Software; Archivo: actividades.php; Acción: Lista las actividades de los adminitradores; Fecha: 22-11-2024; Hora: 13:40:26
1 - Software; Archivo: actividades.php; Acción: Edita Actividades8 Albufera 231003; Fecha: 22-11-2024; Hora: 13:40:59
1 - Software; Archivo: actividades.php; Acción: Edita Actividades8 Albufera 231003; Fecha: 22-11-2024; Hora: 13:41:07
1 - Software; Archivo: actividades.php; Acción: Lista las actividades de los adminitradores; Fecha: 22-11-2024; Hora: 13:41:10
1 - Software; Archivo: actividades.php; Acción: Edita Actividades8 Albufera 231003; Fecha: 22-11-2024; Hora: 13:45:14
1 - Software; Archivo: actividades.php; Acción: Lista las actividades de los adminitradores; Fecha: 22-11-2024; Hora: 13:45:17
1 - Software; Archivo: actividades.php; Acción: Lista las actividades de los adminitradores; Fecha: 22-11-2024; Hora: 13:45:50
1 - Software; Archivo: actividades.php; Acción: Edita Actividades8 Albufera 231003; Fecha: 22-11-2024; Hora: 13:47:05
1 - Software; Archivo: actividades.php; Acción: Edita Actividades8 Albufera 231003; Fecha: 22-11-2024; Hora: 13:49:07
1 - Software; Archivo: actividades.php; Acción: Edita Actividades8 Albufera 231003; Fecha: 22-11-2024; Hora: 13:50:33
1 - Software; Archivo: actividades.php; Acción: Edita Actividades8 Albufera 231003; Fecha: 22-11-2024; Hora: 13:53:43
1 - Software; Archivo: actividades.php; Acción: Edita Actividades8 Albufera 231003; Fecha: 22-11-2024; Hora: 13:54:31
1 - Software; Archivo: actividades.php; Acción: Lista las actividades de los adminitradores; Fecha: 22-11-2024; Hora: 13:54:33
1 - Software; Archivo: actividades.php; Acción: Edita Actividades8 Albufera 231003; Fecha: 22-11-2024; Hora: 13:57:26
1 - Software; Archivo: actividades.php; Acción: Lista las actividades de los adminitradores; Fecha: 22-11-2024; Hora: 13:57:29
1 - Software; Archivo: actividades.php; Acción: Lista las actividades de los adminitradores; Fecha: 22-11-2024; Hora: 16:20:38
1 - Software; Archivo: actividades.php; Acción: Edita Actividades8 Albufera 231003; Fecha: 22-11-2024; Hora: 16:20:54
1 - Software; Archivo: actividades.php; Acción: Lista las actividades de los adminitradores; Fecha: 22-11-2024; Hora: 16:20:58
1 - Software; Archivo: actividades.php; Acción: Edita Actividades8 Albufera 231003; Fecha: 22-11-2024; Hora: 16:23:42
1 - Software; Archivo: actividades.php; Acción: Lista las actividades de los adminitradores; Fecha: 22-11-2024; Hora: 16:43:29
1 - Software; Archivo: actividades.php; Acción: Lista las actividades de los adminitradores; Fecha: 22-11-2024; Hora: 16:46:15
1 - Software; Archivo: actividades.php; Acción: Edita Actividades8 Albufera 231003; Fecha: 22-11-2024; Hora: 16:48:37
1 - Software; Archivo: actividades.php; Acción: Lista las actividades de los adminitradores; Fecha: 22-11-2024; Hora: 16:48:40
1 - Software; Archivo: actividades.php; Acción: Lista las actividades de los adminitradores; Fecha: 22-11-2024; Hora: 16:56:04
1 - Software; Archivo: actividades.php; Acción: Edita Actividades8 Albufera 231003; Fecha: 22-11-2024; Hora: 16:56:17
1 - Software; Archivo: actividades.php; Acción: Lista las actividades de los adminitradores; Fecha: 22-11-2024; Hora: 16:56:20
1 - Software; Archivo: actividades.php; Acción: Edita Actividades8 Albufera 231003; Fecha: 22-11-2024; Hora: 16:56:28
1 - Software; Archivo: actividades.php; Acción: Lista las actividades de los adminitradores; Fecha: 22-11-2024; Hora: 16:56:31
1 - Software; Archivo: actividades.php; Acción: Edita Actividades8 Albufera 231003; Fecha: 22-11-2024; Hora: 16:57:15
1 - Software; Archivo: actividades.php; Acción: Lista las actividades de los adminitradores; Fecha: 22-11-2024; Hora: 16:57:18
1 - Software; Archivo: actividades.php; Acción: Edita Actividades8 Albufera 231003; Fecha: 22-11-2024; Hora: 16:59:51
1 - Software; Archivo: actividades.php; Acción: Lista las actividades de los adminitradores; Fecha: 22-11-2024; Hora: 16:59:55
1 - Software; Archivo: actividades.php; Acción: Lista los alumnos apuntados en la actividad 8; Fecha: 22-11-2024; Hora: 17:00:10
1 - Software; Archivo: actividades.php; Acción: Lista los alumnos apuntados en la actividad 8; Fecha: 22-11-2024; Hora: 17:27:38
1 - Software; Archivo: actividades.php; Acción: Lista los alumnos apuntados en la actividad 8; Fecha: 22-11-2024; Hora: 17:27:51
1 - Software; Archivo: actividades.php; Acción: Lista los alumnos apuntados en la actividad 8; Fecha: 22-11-2024; Hora: 17:28:16
1 - Software; Archivo: actividades.php; Acción: Lista los alumnos apuntados en la actividad 8; Fecha: 22-11-2024; Hora: 17:29:29
1 - Software; Archivo: actividades.php; Acción: Lista los alumnos apuntados en la actividad 8; Fecha: 22-11-2024; Hora: 17:33:35
1 - Software; Archivo: actividades.php; Acción: Lista los alumnos apuntados en la actividad 8; Fecha: 22-11-2024; Hora: 17:34:45
1 - Software; Archivo: actividades.php; Acción: Lista los alumnos apuntados en la actividad 8; Fecha: 22-11-2024; Hora: 17:45:51
1 - Software; Archivo: actividades.php; Acción: Lista los alumnos apuntados en la actividad 8; Fecha: 22-11-2024; Hora: 17:47:45
1 - Software; Archivo: actividades.php; Acción: Lista los alumnos apuntados en la actividad 8; Fecha: 22-11-2024; Hora: 17:48:54
1 - Software; Archivo: actividades.php; Acción: Lista los alumnos apuntados en la actividad 8; Fecha: 22-11-2024; Hora: 17:49:43
1 - Software; Archivo: actividades.php; Acción: Lista los alumnos apuntados en la actividad 8; Fecha: 22-11-2024; Hora: 18:02:08
1 - Software; Archivo: actividades.php; Acción: Lista los alumnos apuntados en la actividad 8; Fecha: 22-11-2024; Hora: 18:21:29
1 - Software; Archivo: actividades.php; Acción: Lista los alumnos apuntados en la actividad 8; Fecha: 22-11-2024; Hora: 18:21:45
1 - Software; Archivo: actividades.php; Acción: Lista los alumnos apuntados en la actividad 8; Fecha: 22-11-2024; Hora: 18:24:55
1 - Software; Archivo: actividades.php; Acción: Lista los alumnos apuntados en la actividad 8; Fecha: 22-11-2024; Hora: 18:25:32
1 - Software; Archivo: actividades.php; Acción: Alumno 5 fue apuntado por Software a la actividad 8; Fecha: 22-11-2024; Hora: 18:25:38
1 - Software; Archivo: actividades.php; Acción: Lista los alumnos apuntados en la actividad 8; Fecha: 22-11-2024; Hora: 18:25:38
1 - Software; Archivo: actividades.php; Acción: Lista los alumnos apuntados en la actividad 8; Fecha: 22-11-2024; Hora: 18:25:42
1 - Software; Archivo: pagos.php; Acción: Recoger los medios de pago; Fecha: 22-11-2024; Hora: 11:42:30
1 - Software; Archivo: pagos.php; Acción: Recoger los medios de pago; Fecha: 22-11-2024; Hora: 11:42:48
1 - Software; Archivo: pagos.php; Acción: Recoger los medios de pago; Fecha: 22-11-2024; Hora: 11:51:47
1 - Software; Archivo: pagos.php; Acción: Recoger los medios de pago; Fecha: 22-11-2024; Hora: 11:52:14
1 - Software; Archivo: pagos.php; Acción: Recoger los medios de pago; Fecha: 22-11-2024; Hora: 11:54:20
1 - Software; Archivo: pagos.php; Acción: Recoger los medios de pago; Fecha: 22-11-2024; Hora: 11:56:05
1 - Software; Archivo: pagos.php; Acción: Recoger los medios de pago; Fecha: 22-11-2024; Hora: 13:15:35
1 - Software; Archivo: pagos.php; Acción: Recoger los medios de pago; Fecha: 22-11-2024; Hora: 13:16:00
1 - Software; Archivo: pagos.php; Acción: Recoger los medios de pago; Fecha: 22-11-2024; Hora: 13:43:41
1 - Software; Archivo: pagos.php; Acción: Recoger los medios de pago; Fecha: 22-11-2024; Hora: 13:43:49
1 - Software; Archivo: pagos.php; Acción: Recoger los medios de pago; Fecha: 22-11-2024; Hora: 13:46:31
1 - Software; Archivo: pagos.php; Acción: Recoger los medios de pago; Fecha: 22-11-2024; Hora: 13:46:49
1 - Software; Archivo: pagos.php; Acción: Recoger los medios de pago; Fecha: 22-11-2024; Hora: 13:56:43
1 - Software; Archivo: pagos.php; Acción: Recoger los medios de pago; Fecha: 22-11-2024; Hora: 13:56:48
1 - Software; Archivo: pagos.php; Acción: Recoger los medios de pago; Fecha: 22-11-2024; Hora: 13:56:54
1 - Software; Archivo: pagos.php; Acción: Recoger los medios de pago; Fecha: 22-11-2024; Hora: 13:57:26
1 - Software; Archivo: pagos.php; Acción: Recoger los medios de pago; Fecha: 22-11-2024; Hora: 13:57:57