1 - Joser; Archivo: tiposAloja_Edu.php; Acción: Se edita el tipo de alojamiento 9; Fecha: 08-08-2024; Hora: 09:02:36
1 - Joser; Archivo: tiposAloja_Edu.php; Acción: Lista los tipos de alojamiento ; Fecha: 08-08-2024; Hora: 09:02:36
1 - Joser; Archivo: tiposAloja_Edu.php; Acción: Lista los tipos de alojamiento ; Fecha: 08-08-2024; Hora: 09:16:05
1 - Joser; Archivo: tiposContrato_Edu.php; Acción: Lista los tipos de contrato; Fecha: 08-08-2024; Hora: 09:16:43
1 - Joser; Archivo: tiposContrato_Edu.php; Acción: Lista los tipos de contrato; Fecha: 08-08-2024; Hora: 09:18:07
1 - Joser; Archivo: tiposContrato_Edu.php; Acción: Lista los tipos de contrato; Fecha: 08-08-2024; Hora: 09:18:48
1 - Joser; Archivo: tiposContrato_Edu.php; Acción: Se inserta un nuevo tipo de contrato; Fecha: 08-08-2024; Hora: 09:18:55
1 - Joser; Archivo: tiposContrato_Edu.php; Acción: Lista los tipos de contrato; Fecha: 08-08-2024; Hora: 09:19:43
1 - Joser; Archivo: tiposContrato_Edu.php; Acción: Se inserta un nuevo tipo de contrato; Fecha: 08-08-2024; Hora: 09:19:46
1 - Joser; Archivo: tiposContrato_Edu.php; Acción: Lista los tipos de contrato; Fecha: 08-08-2024; Hora: 09:39:48
1 - Joser; Archivo: tiposContrato_Edu.php; Acción: Lista los tipos de contrato; Fecha: 08-08-2024; Hora: 09:41:58
1 - Joser; Archivo: tiposContrato_Edu.php; Acción: Se inserta un nuevo tipo de contrato; Fecha: 08-08-2024; Hora: 09:42:05
1 - Joser; Archivo: tiposContrato_Edu.php; Acción: Lista los tipos de contrato; Fecha: 08-08-2024; Hora: 09:42:06
1 - Joser; Archivo: tiposContrato_Edu.php; Acción: Lista los tipos de contrato; Fecha: 08-08-2024; Hora: 09:57:00
1 - Joser; Archivo: tiposContrato_Edu.php; Acción: Lista los tipos de contrato; Fecha: 08-08-2024; Hora: 09:57:13
1 - Joser; Archivo: tiposContrato_Edu.php; Acción: Se edita el tipo de contrato ; Fecha: 08-08-2024; Hora: 09:57:19
1 - Joser; Archivo: tiposContrato_Edu.php; Acción: Lista los tipos de contrato; Fecha: 08-08-2024; Hora: 09:57:19
1 - Joser; Archivo: tiposContrato_Edu.php; Acción: Lista los tipos de contrato; Fecha: 08-08-2024; Hora: 09:57:21
1 - Joser; Archivo: tiposContrato_Edu.php; Acción: Lista los tipos de contrato; Fecha: 08-08-2024; Hora: 09:58:23
1 - Joser; Archivo: tiposContrato_Edu.php; Acción: Se edita el tipo de contrato ; Fecha: 08-08-2024; Hora: 09:58:26
1 - Joser; Archivo: tiposContrato_Edu.php; Acción: Lista los tipos de contrato; Fecha: 08-08-2024; Hora: 09:58:26
1 - Joser; Archivo: tiposContrato_Edu.php; Acción: Lista los tipos de contrato; Fecha: 08-08-2024; Hora: 09:59:23
1 - Joser; Archivo: tiposContrato_Edu.php; Acción: Se edita el tipo de contrato 3; Fecha: 08-08-2024; Hora: 10:00:29
1 - Joser; Archivo: tiposContrato_Edu.php; Acción: Lista los tipos de contrato; Fecha: 08-08-2024; Hora: 10:00:29
1 - Joser; Archivo: tiposContrato_Edu.php; Acción: Lista los tipos de contrato; Fecha: 08-08-2024; Hora: 10:01:31
1 - Joser; Archivo: tiposContrato_Edu.php; Acción: Lista los tipos de contrato; Fecha: 08-08-2024; Hora: 10:01:31
1 - Joser; Archivo: tiposContrato_Edu.php; Acción: Lista los tipos de contrato; Fecha: 08-08-2024; Hora: 10:01:32
1 - Joser; Archivo: tiposContrato_Edu.php; Acción: Lista los tipos de contrato; Fecha: 08-08-2024; Hora: 10:02:18
1 - Joser; Archivo: tiposContrato_Edu.php; Acción: Lista los tipos de contrato; Fecha: 08-08-2024; Hora: 10:02:20
1 - Joser; Archivo: tiposContrato_Edu.php; Acción: Lista los tipos de contrato; Fecha: 08-08-2024; Hora: 10:02:26
1 - Joser; Archivo: tiposContrato_Edu.php; Acción: Lista los tipos de contrato; Fecha: 08-08-2024; Hora: 10:16:23
1 - Joser; Archivo: tiposContrato_Edu.php; Acción: Lista los tipos de contrato; Fecha: 08-08-2024; Hora: 10:16:25
1 - Joser; Archivo: tipoCurso_Edu.php; Acción: Lista los tipos de curso; Fecha: 08-08-2024; Hora: 10:19:02
1 - Joser; Archivo: tipoCurso_Edu.php; Acción: Lista los tipos de curso; Fecha: 08-08-2024; Hora: 10:48:22
1 - Joser; Archivo: tipoCurso_Edu.php; Acción: Lista los tipos de curso; Fecha: 08-08-2024; Hora: 10:49:16
1 - Joser; Archivo: tipoCurso_Edu.php; Acción: Lista los tipos de curso; Fecha: 08-08-2024; Hora: 10:53:02
1 - Joser; Archivo: tipoCurso_Edu.php; Acción: Lista los tipos de curso; Fecha: 08-08-2024; Hora: 10:53:33
1 - Joser; Archivo: tipoCurso_Edu.php; Acción: Lista los tipos de curso; Fecha: 08-08-2024; Hora: 10:53:40
1 - Joser; Archivo: tipoCurso_Edu.php; Acción: Lista los tipos de curso; Fecha: 08-08-2024; Hora: 10:53:45
1 - Joser; Archivo: tipoCurso_Edu.php; Acción: Lista los tipos de curso; Fecha: 08-08-2024; Hora: 10:53:52
1 - Joser; Archivo: tipoCurso_Edu.php; Acción: Lista los tipos de curso; Fecha: 08-08-2024; Hora: 10:53:57
1 - Joser; Archivo: tipoCurso_Edu.php; Acción: Lista los tipos de curso; Fecha: 08-08-2024; Hora: 10:54:04
1 - Joser; Archivo: tipoCurso_Edu.php; Acción: Lista los tipos de curso; Fecha: 08-08-2024; Hora: 10:55:21
1 - Joser; Archivo: tipoCurso_Edu.php; Acción: Lista los tipos de curso; Fecha: 08-08-2024; Hora: 10:58:00
1 - Joser; Archivo: tipoCurso_Edu.php; Acción: Lista los tipos de curso; Fecha: 08-08-2024; Hora: 10:58:03
1 - Joser; Archivo: tipoCurso_Edu.php; Acción: Lista los tipos de curso; Fecha: 08-08-2024; Hora: 10:58:38
1 - Joser; Archivo: tipoCurso_Edu.php; Acción: Lista los tipos de curso; Fecha: 08-08-2024; Hora: 10:59:08
1 - Joser; Archivo: tipoCurso_Edu.php; Acción: Lista los tipos de curso; Fecha: 08-08-2024; Hora: 11:00:20
1 - Joser; Archivo: tipoCurso_Edu.php; Acción: Lista los tipos de curso; Fecha: 08-08-2024; Hora: 11:00:45
1 - Joser; Archivo: tipoCurso_Edu.php; Acción: Lista los tipos de curso; Fecha: 08-08-2024; Hora: 11:12:39
1 - Joser; Archivo: tipoCurso_Edu.php; Acción: Lista los tipos de curso; Fecha: 08-08-2024; Hora: 11:14:32
1 - Joser; Archivo: tipoCurso_Edu.php; Acción: Lista los tipos de curso; Fecha: 08-08-2024; Hora: 11:14:49
1 - Joser; Archivo: tipoCurso_Edu.php; Acción: Lista los tipos de curso; Fecha: 08-08-2024; Hora: 11:19:22
1 - Joser; Archivo: tipoCurso_Edu.php; Acción: Lista los tipos de curso; Fecha: 08-08-2024; Hora: 11:22:25
1 - Joser; Archivo: tipoCurso_Edu.php; Acción: Lista los tipos de curso; Fecha: 08-08-2024; Hora: 11:23:57
1 - Joser; Archivo: tipoCurso_Edu.php; Acción: Lista los tipos de curso; Fecha: 08-08-2024; Hora: 11:25:53
1 - Joser; Archivo: tipoCurso_Edu.php; Acción: Lista los tipos de curso; Fecha: 08-08-2024; Hora: 11:27:01
1 - Joser; Archivo: tipoCurso_Edu.php; Acción: Lista los tipos de curso; Fecha: 08-08-2024; Hora: 11:27:12
1 - Joser; Archivo: tipoCurso_Edu.php; Acción: Lista los tipos de curso; Fecha: 08-08-2024; Hora: 11:27:37
1 - Joser; Archivo: tipoCurso_Edu.php; Acción: Lista los tipos de curso; Fecha: 08-08-2024; Hora: 11:28:00
1 - Joser; Archivo: tipoCurso_Edu.php; Acción: Lista los tipos de curso; Fecha: 08-08-2024; Hora: 11:29:06
1 - Joser; Archivo: tipoCurso_Edu.php; Acción: Lista los tipos de curso; Fecha: 08-08-2024; Hora: 11:29:26
1 - Joser; Archivo: tipoCurso_Edu.php; Acción: Lista los tipos de curso; Fecha: 08-08-2024; Hora: 11:29:59
1 - Joser; Archivo: tipoCurso_Edu.php; Acción: Lista los tipos de curso; Fecha: 08-08-2024; Hora: 11:30:21
1 - Joser; Archivo: tipoCurso_Edu.php; Acción: Lista los tipos de curso; Fecha: 08-08-2024; Hora: 11:30:41
1 - Joser; Archivo: tipoCurso_Edu.php; Acción: Lista los tipos de curso; Fecha: 08-08-2024; Hora: 11:31:04
1 - Joser; Archivo: tipoCurso_Edu.php; Acción: Lista los tipos de curso; Fecha: 08-08-2024; Hora: 11:34:07
1 - Joser; Archivo: tipoCurso_Edu.php; Acción: Lista los tipos de curso; Fecha: 08-08-2024; Hora: 11:36:45
1 - Joser; Archivo: tipoCurso_Edu.php; Acción: Se inserta un nuevo tipo de curso; Fecha: 08-08-2024; Hora: 11:36:58
1 - Joser; Archivo: tipoCurso_Edu.php; Acción: Lista los tipos de curso; Fecha: 08-08-2024; Hora: 11:37:04
1 - Joser; Archivo: tipoCurso_Edu.php; Acción: Lista los tipos de curso; Fecha: 08-08-2024; Hora: 11:37:43
1 - Joser; Archivo: tipoCurso_Edu.php; Acción: Se inserta un nuevo tipo de curso; Fecha: 08-08-2024; Hora: 11:38:28
1 - Joser; Archivo: tipoCurso_Edu.php; Acción: Lista los tipos de curso; Fecha: 08-08-2024; Hora: 11:45:19
1 - Joser; Archivo: tipoCurso_Edu.php; Acción: Lista los tipos de curso; Fecha: 08-08-2024; Hora: 11:47:32
1 - Joser; Archivo: tipoCurso_Edu.php; Acción: Se inserta un nuevo tipo de curso; Fecha: 08-08-2024; Hora: 11:48:04
1 - Joser; Archivo: tipoCurso_Edu.php; Acción: Lista los tipos de curso; Fecha: 08-08-2024; Hora: 11:48:07
1 - Joser; Archivo: tipoCurso_Edu.php; Acción: Lista los tipos de curso; Fecha: 08-08-2024; Hora: 11:49:04
1 - Joser; Archivo: tipoCurso_Edu.php; Acción: Se inserta un nuevo tipo de curso; Fecha: 08-08-2024; Hora: 11:49:10
1 - Joser; Archivo: tipoCurso_Edu.php; Acción: Lista los tipos de curso; Fecha: 08-08-2024; Hora: 11:51:44
1 - Joser; Archivo: tipoCurso_Edu.php; Acción: Lista los tipos de curso; Fecha: 08-08-2024; Hora: 11:51:49
1 - Joser; Archivo: tipoCurso_Edu.php; Acción: Se inserta un nuevo tipo de curso; Fecha: 08-08-2024; Hora: 11:51:54
1 - Joser; Archivo: tipoCurso_Edu.php; Acción: Lista los tipos de curso; Fecha: 08-08-2024; Hora: 11:51:54
1 - Joser; Archivo: tipoCurso_Edu.php; Acción: Lista los tipos de curso; Fecha: 08-08-2024; Hora: 11:55:54
1 - Joser; Archivo: tipoCurso_Edu.php; Acción: Lista los tipos de curso; Fecha: 08-08-2024; Hora: 11:56:10
1 - Joser; Archivo: tipoCurso_Edu.php; Acción: Lista los tipos de curso; Fecha: 08-08-2024; Hora: 11:56:20
1 - Joser; Archivo: tipoCurso_Edu.php; Acción: Lista los tipos de curso; Fecha: 08-08-2024; Hora: 11:56:41
1 - Joser; Archivo: tipoCurso_Edu.php; Acción: Lista los tipos de curso; Fecha: 08-08-2024; Hora: 11:57:07
1 - Joser; Archivo: tipoCurso_Edu.php; Acción: Lista los tipos de curso; Fecha: 08-08-2024; Hora: 11:57:15
1 - Joser; Archivo: tipoCurso_Edu.php; Acción: Lista los tipos de curso; Fecha: 08-08-2024; Hora: 11:57:53
1 - Joser; Archivo: tipoCurso_Edu.php; Acción: Lista los tipos de curso; Fecha: 08-08-2024; Hora: 11:59:16
1 - Joser; Archivo: tipoCurso_Edu.php; Acción: Lista los tipos de curso; Fecha: 08-08-2024; Hora: 11:59:26
1 - Joser; Archivo: tipoCurso_Edu.php; Acción: Lista los tipos de curso; Fecha: 08-08-2024; Hora: 11:59:49
1 - Joser; Archivo: tipoCurso_Edu.php; Acción: Lista los tipos de curso; Fecha: 08-08-2024; Hora: 12:01:11
1 - Joser; Archivo: tipoCurso_Edu.php; Acción: Lista los tipos de curso; Fecha: 08-08-2024; Hora: 12:01:28
1 - Joser; Archivo: tipoCurso_Edu.php; Acción: Lista los tipos de curso; Fecha: 08-08-2024; Hora: 12:01:38
1 - Joser; Archivo: tipoCurso_Edu.php; Acción: Lista los tipos de curso; Fecha: 08-08-2024; Hora: 12:01:43
1 - Joser; Archivo: tipoCurso_Edu.php; Acción: Lista los tipos de curso; Fecha: 08-08-2024; Hora: 12:01:59
1 - Joser; Archivo: tipoCurso_Edu.php; Acción: Lista los tipos de curso; Fecha: 08-08-2024; Hora: 12:02:42
1 - Joser; Archivo: tipoCurso_Edu.php; Acción: Lista los tipos de curso; Fecha: 08-08-2024; Hora: 12:02:49
1 - Joser; Archivo: tipoCurso_Edu.php; Acción: Lista los tipos de curso; Fecha: 08-08-2024; Hora: 12:03:06
1 - Joser; Archivo: tipoCurso_Edu.php; Acción: Lista los tipos de curso; Fecha: 08-08-2024; Hora: 12:03:22
1 - Joser; Archivo: tipoCurso_Edu.php; Acción: Lista los tipos de curso; Fecha: 08-08-2024; Hora: 12:03:43
1 - Joser; Archivo: tipoCurso_Edu.php; Acción: Lista los tipos de curso; Fecha: 08-08-2024; Hora: 12:03:58
1 - Joser; Archivo: tipoCurso_Edu.php; Acción: Lista los tipos de curso; Fecha: 08-08-2024; Hora: 12:04:56
1 - Joser; Archivo: tipoCurso_Edu.php; Acción: Lista los tipos de curso; Fecha: 08-08-2024; Hora: 12:05:03
1 - Joser; Archivo: tipoCurso_Edu.php; Acción: Lista los tipos de curso; Fecha: 08-08-2024; Hora: 12:16:47
1 - Joser; Archivo: tipoCurso_Edu.php; Acción: Lista los tipos de curso; Fecha: 08-08-2024; Hora: 12:17:48
1 - Joser; Archivo: tipoCurso_Edu.php; Acción: Lista los tipos de curso; Fecha: 08-08-2024; Hora: 12:19:11
1 - Joser; Archivo: tipoCurso_Edu.php; Acción: Lista los tipos de curso; Fecha: 08-08-2024; Hora: 12:23:28
1 - Joser; Archivo: tipoCurso_Edu.php; Acción: Se edita el tipo de curso ; Fecha: 08-08-2024; Hora: 12:23:46
1 - Joser; Archivo: tipoCurso_Edu.php; Acción: Se activa el tipo de curso ; Fecha: 08-08-2024; Hora: 12:23:46
1 - Joser; Archivo: tipoCurso_Edu.php; Acción: Lista los tipos de curso; Fecha: 08-08-2024; Hora: 12:23:46
1 - Joser; Archivo: tipoCurso_Edu.php; Acción: Lista los tipos de curso; Fecha: 08-08-2024; Hora: 12:24:29
1 - Joser; Archivo: tipoCurso_Edu.php; Acción: Se edita el tipo de curso ; Fecha: 08-08-2024; Hora: 12:24:41
1 - Joser; Archivo: tipoCurso_Edu.php; Acción: Se activa el tipo de curso ; Fecha: 08-08-2024; Hora: 12:24:41
1 - Joser; Archivo: tipoCurso_Edu.php; Acción: Lista los tipos de curso; Fecha: 08-08-2024; Hora: 12:24:41
1 - Joser; Archivo: tipoCurso_Edu.php; Acción: Se edita el tipo de curso ; Fecha: 08-08-2024; Hora: 12:25:16
1 - Joser; Archivo: tipoCurso_Edu.php; Acción: Se activa el tipo de curso ; Fecha: 08-08-2024; Hora: 12:25:16
1 - Joser; Archivo: tipoCurso_Edu.php; Acción: Lista los tipos de curso; Fecha: 08-08-2024; Hora: 12:25:16
1 - Joser; Archivo: tipoCurso_Edu.php; Acción: Lista los tipos de curso; Fecha: 08-08-2024; Hora: 12:25:50
1 - Joser; Archivo: tipoCurso_Edu.php; Acción: Lista los tipos de curso; Fecha: 08-08-2024; Hora: 12:26:31
1 - Joser; Archivo: tipoCurso_Edu.php; Acción: Lista los tipos de curso; Fecha: 08-08-2024; Hora: 12:27:09
1 - Joser; Archivo: tipoCurso_Edu.php; Acción: Lista los tipos de curso; Fecha: 08-08-2024; Hora: 12:28:27
1 - Joser; Archivo: tipoCurso_Edu.php; Acción: Se edita el tipo de curso Prueba Edit; Fecha: 08-08-2024; Hora: 12:28:35
1 - Joser; Archivo: tipoCurso_Edu.php; Acción: Se activa el tipo de curso ; Fecha: 08-08-2024; Hora: 12:28:35
1 - Joser; Archivo: tipoCurso_Edu.php; Acción: Lista los tipos de curso; Fecha: 08-08-2024; Hora: 12:28:35
1 - Joser; Archivo: tipoCurso_Edu.php; Acción: Lista los tipos de curso; Fecha: 08-08-2024; Hora: 12:31:16
1 - Joser; Archivo: tipoCurso_Edu.php; Acción: Lista los tipos de curso; Fecha: 08-08-2024; Hora: 12:31:33
1 - Joser; Archivo: tipoCurso_Edu.php; Acción: Lista los tipos de curso; Fecha: 08-08-2024; Hora: 12:31:48
1 - Joser; Archivo: tipoCurso_Edu.php; Acción: Lista los tipos de curso; Fecha: 08-08-2024; Hora: 12:33:37
1 - Joser; Archivo: tipoCurso_Edu.php; Acción: Se edita el tipo de curso Prueba Edit; Fecha: 08-08-2024; Hora: 12:33:52
1 - Joser; Archivo: tipoCurso_Edu.php; Acción: Se activa el tipo de curso ; Fecha: 08-08-2024; Hora: 12:33:52
1 - Joser; Archivo: tipoCurso_Edu.php; Acción: Lista los tipos de curso; Fecha: 08-08-2024; Hora: 12:33:52
1 - Joser; Archivo: tipoCurso_Edu.php; Acción: Lista los tipos de curso; Fecha: 08-08-2024; Hora: 12:33:57
1 - Joser; Archivo: tipoCurso_Edu.php; Acción: Lista los tipos de curso; Fecha: 08-08-2024; Hora: 12:34:07
1 - Joser; Archivo: tipoCurso_Edu.php; Acción: Lista los tipos de curso; Fecha: 08-08-2024; Hora: 12:34:37
1 - Joser; Archivo: tipoCurso_Edu.php; Acción: Lista los tipos de curso; Fecha: 08-08-2024; Hora: 12:34:40
1 - Joser; Archivo: tipoCurso_Edu.php; Acción: Lista los tipos de curso; Fecha: 08-08-2024; Hora: 12:35:07
1 - Joser; Archivo: tipoCurso_Edu.php; Acción: Lista los tipos de curso; Fecha: 08-08-2024; Hora: 12:35:07
1 - Joser; Archivo: tipoCurso_Edu.php; Acción: Lista los tipos de curso; Fecha: 08-08-2024; Hora: 12:35:35
1 - Joser; Archivo: tipoCurso_Edu.php; Acción: Lista los tipos de curso; Fecha: 08-08-2024; Hora: 12:35:36
1 - Joser; Archivo: tipoCurso_Edu.php; Acción: Lista los tipos de curso; Fecha: 08-08-2024; Hora: 12:35:36
1 - Joser; Archivo: tipoCurso_Edu.php; Acción: Lista los tipos de curso; Fecha: 08-08-2024; Hora: 12:35:39
1 - Joser; Archivo: tipoCurso_Edu.php; Acción: Lista los tipos de curso; Fecha: 08-08-2024; Hora: 12:35:42
1 - Joser; Archivo: tipoCurso_Edu.php; Acción: Lista los tipos de curso; Fecha: 08-08-2024; Hora: 12:38:40
1 - Joser; Archivo: tipoCurso_Edu.php; Acción: Lista los tipos de curso; Fecha: 08-08-2024; Hora: 12:38:42
1 - Joser; Archivo: tipoCurso_Edu.php; Acción: Lista los tipos de curso; Fecha: 08-08-2024; Hora: 12:38:43
1 - Joser; Archivo: personal_Edu.php; Acción: Lista los personales; Fecha: 08-08-2024; Hora: 12:52:00
1 - Joser; Archivo: personal_Edu.php; Acción: Lista los personales; Fecha: 08-08-2024; Hora: 12:52:03
1 - Joser; Archivo: personal_Edu.php; Acción: Lista los personales; Fecha: 08-08-2024; Hora: 12:52:04
ID: 1 - Nombre: Joser - IP: 127.0.0.1; Archivo: transportes.php; Acción: Mostrar Ordenes; Fecha: 08-08-2024; Hora: 12:53:33
1 - Joser; Archivo: tipoCurso_Edu.php; Acción: Lista los tipos de curso; Fecha: 08-08-2024; Hora: 12:55:31
1 - Joser; Archivo: tiposContrato_Edu.php; Acción: Lista los tipos de contrato; Fecha: 08-08-2024; Hora: 12:55:33
1 - Joser; Archivo: tiposAloja_Edu.php; Acción: Lista los tipos de alojamiento ; Fecha: 08-08-2024; Hora: 12:55:36
1 - Joser; Archivo: personal_Edu.php; Acción: Lista los personales; Fecha: 08-08-2024; Hora: 12:55:41
1 - Joser; Archivo: personal_Edu.php; Acción: Lista los personales; Fecha: 08-08-2024; Hora: 13:21:42
1 - Joser; Archivo: medios.php; Acción: Lista los medios de pago; Fecha: 08-08-2024; Hora: 13:21:43
1 - Joser; Archivo: medios.php; Acción: Lista los medios de pago; Fecha: 08-08-2024; Hora: 13:22:35
1 - Joser; Archivo: medios.php; Acción: Lista los medios de pago; Fecha: 08-08-2024; Hora: 13:24:31
1 - Joser; Archivo: medios.php; Acción: Lista los medios de pago; Fecha: 08-08-2024; Hora: 13:24:49
1 - Joser; Archivo: medios.php; Acción: Lista los medios de pago; Fecha: 08-08-2024; Hora: 13:25:24
1 - Joser; Archivo: pagos.php; Acción: insertar pago; Fecha: 08-08-2024; Hora: 13:25:29
1 - Joser; Archivo: medios.php; Acción: Lista los medios de pago; Fecha: 08-08-2024; Hora: 13:25:29
1 - Joser; Archivo: medios.php; Acción: Lista los medios de pago; Fecha: 08-08-2024; Hora: 13:38:40
1 - Joser; Archivo: medios.php; Acción: Lista los medios de pago; Fecha: 08-08-2024; Hora: 13:38:58
1 - Joser; Archivo: pagos.php; Acción: Recoger los medios de pago por id; Fecha: 08-08-2024; Hora: 13:39:00
1 - Joser; Archivo: pagos.php; Acción: editar pago; Fecha: 08-08-2024; Hora: 13:39:01
1 - Joser; Archivo: medios.php; Acción: Lista los medios de pago; Fecha: 08-08-2024; Hora: 13:39:01
1 - Joser; Archivo: medios.php; Acción: Lista los medios de pago; Fecha: 08-08-2024; Hora: 13:40:08
1 - Joser; Archivo: pagos.php; Acción: Recoger los medios de pago por id; Fecha: 08-08-2024; Hora: 13:40:10
1 - Joser; Archivo: pagos.php; Acción: editar pago; Fecha: 08-08-2024; Hora: 13:40:11
1 - Joser; Archivo: medios.php; Acción: Lista los medios de pago; Fecha: 08-08-2024; Hora: 13:40:11
1 - Joser; Archivo: medios.php; Acción: Lista los medios de pago; Fecha: 08-08-2024; Hora: 13:40:14
1 - Joser; Archivo: medios.php; Acción: Lista los medios de pago; Fecha: 08-08-2024; Hora: 13:41:26
1 - Joser; Archivo: medios.php; Acción: Lista los medios de pago; Fecha: 08-08-2024; Hora: 13:41:36
1 - Joser; Archivo: pagos.php; Acción: Recoger los medios de pago por id; Fecha: 08-08-2024; Hora: 13:41:37
1 - Joser; Archivo: pagos.php; Acción: editar pago; Fecha: 08-08-2024; Hora: 13:41:39
1 - Joser; Archivo: medios.php; Acción: Lista los medios de pago; Fecha: 08-08-2024; Hora: 13:41:39
1 - Joser; Archivo: medios.php; Acción: Lista los medios de pago; Fecha: 08-08-2024; Hora: 13:47:55
1 - Joser; Archivo: medios.php; Acción: Lista los medios de pago; Fecha: 08-08-2024; Hora: 13:47:56
1 - Joser; Archivo: medios.php; Acción: Lista los medios de pago; Fecha: 08-08-2024; Hora: 13:47:57
1 - Joser; Archivo: series.php; Acción: Lista las Series; Fecha: 08-08-2024; Hora: 14:02:55
ID:  - Nombre:  - IP: 127.0.0.1; Archivo: usuario.php; Acción: Se hace login; Fecha: 08-08-2024; Hora: 15:49:23
1 - Joser; Archivo: series.php; Acción: Lista las Series; Fecha: 08-08-2024; Hora: 15:49:28
1 - Joser; Archivo: pagos.php; Acción: insertar pago; Fecha: 08-08-2024; Hora: 15:50:12
1 - Joser; Archivo: series.php; Acción: Lista las Series; Fecha: 08-08-2024; Hora: 15:52:35
1 - Joser; Archivo: series.php; Acción: Lista las Series; Fecha: 08-08-2024; Hora: 15:53:21
1 - Joser; Archivo: series.php; Acción: Lista las Series; Fecha: 08-08-2024; Hora: 15:53:25
1 - Joser; Archivo: series.php; Acción: Lista las Series; Fecha: 08-08-2024; Hora: 15:53:59
1 - Joser; Archivo: series.php; Acción: Lista las Series; Fecha: 08-08-2024; Hora: 15:54:01
1 - Joser; Archivo: series.php; Acción: Lista las Series; Fecha: 08-08-2024; Hora: 15:54:23
1 - Joser; Archivo: series.php; Acción: Lista las Series; Fecha: 08-08-2024; Hora: 15:54:56
1 - Joser; Archivo: series.php; Acción: Lista las Series; Fecha: 08-08-2024; Hora: 15:54:57
1 - Joser; Archivo: medios.php; Acción: Lista los medios de pago; Fecha: 08-08-2024; Hora: 15:55:48
1 - Joser; Archivo: medios.php; Acción: Lista los medios de pago; Fecha: 08-08-2024; Hora: 15:57:35
1 - Joser; Archivo: pagos.php; Acción: Recoger los medios de pago por id; Fecha: 08-08-2024; Hora: 15:57:39
1 - Joser; Archivo: pagos.php; Acción: editar pago; Fecha: 08-08-2024; Hora: 15:57:40
1 - Joser; Archivo: medios.php; Acción: Lista los medios de pago; Fecha: 08-08-2024; Hora: 15:57:41
1 - Joser; Archivo: medios.php; Acción: Lista los medios de pago; Fecha: 08-08-2024; Hora: 15:57:44
1 - Joser; Archivo: medios.php; Acción: Lista los medios de pago; Fecha: 08-08-2024; Hora: 15:57:45
1 - Joser; Archivo: medios.php; Acción: Lista los medios de pago; Fecha: 08-08-2024; Hora: 16:04:28
1 - Joser; Archivo: medios.php; Acción: Lista los medios de pago; Fecha: 08-08-2024; Hora: 16:06:06
1 - Joser; Archivo: series.php; Acción: Lista las Series; Fecha: 08-08-2024; Hora: 16:32:23
1 - Joser; Archivo: series.php; Acción: Lista las Series; Fecha: 08-08-2024; Hora: 16:40:52
1 - Joser; Archivo: series.php; Acción: Se inserta una serie; Fecha: 08-08-2024; Hora: 16:41:18
1 - Joser; Archivo: series.php; Acción: Lista las Series; Fecha: 08-08-2024; Hora: 16:41:18
1 - Joser; Archivo: series.php; Acción: Lista las Series; Fecha: 08-08-2024; Hora: 16:41:20
1 - Joser; Archivo: series.php; Acción: Lista las Series; Fecha: 08-08-2024; Hora: 16:42:25
1 - Joser; Archivo: series.php; Acción: Se inserta una serie; Fecha: 08-08-2024; Hora: 16:42:49
1 - Joser; Archivo: series.php; Acción: Lista las Series; Fecha: 08-08-2024; Hora: 16:42:49
1 - Joser; Archivo: series.php; Acción: Lista las Series; Fecha: 08-08-2024; Hora: 16:43:14
1 - Joser; Archivo: series.php; Acción: Lista las Series; Fecha: 08-08-2024; Hora: 16:44:33
1 - Joser; Archivo: series.php; Acción: Lista las Series; Fecha: 08-08-2024; Hora: 16:44:52
1 - Joser; Archivo: series.php; Acción: Se inserta una serie; Fecha: 08-08-2024; Hora: 16:44:58
1 - Joser; Archivo: series.php; Acción: Lista las Series; Fecha: 08-08-2024; Hora: 16:44:58
1 - Joser; Archivo: series.php; Acción: Lista las Series; Fecha: 08-08-2024; Hora: 16:56:31
1 - Joser; Archivo: series.php; Acción: Se elimina la serie 4; Fecha: 08-08-2024; Hora: 16:56:41
1 - Joser; Archivo: series.php; Acción: Lista las Series; Fecha: 08-08-2024; Hora: 16:56:41
1 - Joser; Archivo: series.php; Acción: Lista las Series; Fecha: 08-08-2024; Hora: 17:27:58
1 - Joser; Archivo: grupos.php; Acción: Lista los grupos; Fecha: 08-08-2024; Hora: 17:28:44
1 - Joser; Archivo: grupos.php; Acción: Lista los grupos; Fecha: 08-08-2024; Hora: 17:32:41
1 - Joser; Archivo: grupos.php; Acción: Se inserta un nuevo grupo; Fecha: 08-08-2024; Hora: 17:32:52
1 - Joser; Archivo: grupos.php; Acción: Lista los grupos; Fecha: 08-08-2024; Hora: 17:32:52
1 - Joser; Archivo: grupos.php; Acción: Lista los grupos; Fecha: 08-08-2024; Hora: 17:45:11
1 - Joser; Archivo: grupos.php; Acción: Lista los grupos; Fecha: 08-08-2024; Hora: 17:46:47
1 - Joser; Archivo: grupos.php; Acción: Lista los grupos; Fecha: 08-08-2024; Hora: 17:48:36
1 - Joser; Archivo: grupos.php; Acción: Lista los grupos; Fecha: 08-08-2024; Hora: 17:49:47
1 - Joser; Archivo: grupos.php; Acción: Lista los grupos; Fecha: 08-08-2024; Hora: 17:50:09
1 - Joser; Archivo: grupos.php; Acción: Lista los grupos; Fecha: 08-08-2024; Hora: 17:50:49
1 - Joser; Archivo: grupos.php; Acción: Lista los grupos; Fecha: 08-08-2024; Hora: 17:52:33
1 - Joser; Archivo: grupos.php; Acción: Lista los grupos; Fecha: 08-08-2024; Hora: 17:54:32
1 - Joser; Archivo: grupos.php; Acción: Se edita el grupo 2; Fecha: 08-08-2024; Hora: 17:56:54
1 - Joser; Archivo: grupos.php; Acción: Lista los grupos; Fecha: 08-08-2024; Hora: 17:56:54
1 - Joser; Archivo: grupos.php; Acción: Lista los grupos; Fecha: 08-08-2024; Hora: 17:57:53
1 - Joser; Archivo: grupos.php; Acción: Lista los grupos; Fecha: 08-08-2024; Hora: 17:58:30
1 - Joser; Archivo: grupos.php; Acción: Se edita el grupo 2; Fecha: 08-08-2024; Hora: 17:58:34
1 - Joser; Archivo: grupos.php; Acción: Lista los grupos; Fecha: 08-08-2024; Hora: 17:58:34
1 - Joser; Archivo: grupos.php; Acción: Lista los grupos; Fecha: 08-08-2024; Hora: 17:58:48
1 - Joser; Archivo: grupos.php; Acción: Se edita el grupo 2; Fecha: 08-08-2024; Hora: 17:58:52
1 - Joser; Archivo: grupos.php; Acción: Lista los grupos; Fecha: 08-08-2024; Hora: 17:58:52
1 - Joser; Archivo: grupos.php; Acción: Lista los grupos; Fecha: 08-08-2024; Hora: 18:00:06
1 - Joser; Archivo: grupos.php; Acción: Lista los grupos; Fecha: 08-08-2024; Hora: 18:00:23
1 - Joser; Archivo: grupos.php; Acción: Lista los grupos; Fecha: 08-08-2024; Hora: 18:00:24
1 - Joser; Archivo: grupos.php; Acción: Lista los grupos; Fecha: 08-08-2024; Hora: 18:00:25
1 - Joser; Archivo: grupos.php; Acción: Lista los grupos; Fecha: 08-08-2024; Hora: 18:00:28
1 - Joser; Archivo: grupos.php; Acción: Lista los grupos; Fecha: 08-08-2024; Hora: 18:00:30
1 - Joser; Archivo: grupos.php; Acción: Lista los grupos; Fecha: 08-08-2024; Hora: 18:00:52
1 - Joser; Archivo: grupos.php; Acción: Lista los grupos; Fecha: 08-08-2024; Hora: 18:00:53
1 - Joser; Archivo: grupos.php; Acción: Lista los grupos; Fecha: 08-08-2024; Hora: 18:00:54
