- ;usuario.php;Se hace login;28-02-2024;09:02:48
1 - Joser;usuario.php;Mostrar usuarios;28-02-2024;09:03:18
1 - Joser;tickets.php;Mostrar Tickets;28-02-2024;09:03:22
1 - Joser;tickets.php;Mostrar Tickets;28-02-2024;09:17:27
1 - Joser;tickets.php;Mostrar Tickets;28-02-2024;09:18:45
1 - Joser;tickets.php;Mostrar Tickets;28-02-2024;09:19:02
1 - Joser;tickets.php;Mostrar Tickets;28-02-2024;09:20:16
1 - Joser;tickets.php;Mostrar Tickets;28-02-2024;08:04:07
1 - Joser;tickets.php;Mostrar Tickets;28-02-2024;08:08:04
1 - Joser;gesdoc.php;Mostrar todos los documentos;28-02-2024;08:08:49
1 - Joser;gesdoc.php;Mostrar todos los documentos;28-02-2024;08:12:08
1 - Joser;gesdoc.php;Mostrar todos los documentos;28-02-2024;08:13:28
1 - Joser;gesdoc.php;Mostrar todos los documentos;28-02-2024;08:13:36
1 - Joser;gesdoc.php;Mostrar todos los documentos;28-02-2024;08:16:47
1 - Joser;gesdoc.php;Mostrar todos los documentos;28-02-2024;08:17:25
1 - Joser;gesdoc.php;Mostrar todos los documentos;28-02-2024;08:19:36
1 - Joser;gesdoc.php;Mostrar todos los documentos;28-02-2024;08:20:03
1 - Joser;gesdoc.php;Mostrar todos los documentos;28-02-2024;08:22:38
1 - Joser;gesdoc.php;Mostrar todos los documentos;28-02-2024;08:24:04
1 - Joser;gesdoc.php;Mostrar todos los documentos;28-02-2024;08:24:53
1 - Joser;gesdoc.php;Mostrar todos los documentos;28-02-2024;08:25:57
1 - Joser;gesdoc.php;Mostrar todos los documentos;28-02-2024;08:27:45
1 - Joser;gesdoc.php;Mostrar todos los documentos;28-02-2024;08:28:05
1 - Joser;gesdoc.php;Mostrar todos los documentos;28-02-2024;08:31:47
1 - Joser;gesdoc.php;Mostrar todos los documentos;28-02-2024;08:36:51
1 - Joser;gesdoc.php;Mostrar todos los documentos;28-02-2024;08:38:09
1 - Joser;gesdoc.php;Mostrar todos los documentos;28-02-2024;08:38:23
1 - Joser;gesdoc.php;Mostrar todos los documentos;28-02-2024;08:38:28
1 - Joser;gesdoc.php;Mostrar todos los documentos;28-02-2024;08:38:31
1 - Joser;gesdoc.php;Mostrar todos los documentos;28-02-2024;08:38:52
1 - Joser;gesdoc.php;Mostrar todos los documentos;28-02-2024;08:39:35
1 - Joser;gesdoc.php;Mostrar todos los documentos;28-02-2024;08:39:55
1 - Joser;gesdoc.php;Mostrar todos los documentos;28-02-2024;08:40:41
1 - Joser;gesdoc.php;Mostrar todos los documentos;28-02-2024;08:40:59
1 - Joser;gesdoc.php;Mostrar todos los documentos;28-02-2024;08:42:46
1 - Joser;gesdoc.php;Mostrar todos los documentos;28-02-2024;08:42:53
1 - Joser;gesdoc.php;Mostrar todos los documentos;28-02-2024;08:42:56
1 - Joser;gesdoc.php;Mostrar todos los documentos;28-02-2024;08:43:00
1 - Joser;gesdoc.php;Mostrar todos los documentos;28-02-2024;08:48:32
1 - Joser;gesdoc.php;Mostrar todos los documentos;28-02-2024;08:49:13
1 - Joser;gesdoc.php;Mostrar todos los documentos;28-02-2024;08:49:30
1 - Joser;gesdoc.php;Mostrar todos los documentos;28-02-2024;08:50:39
1 - Joser;gesdoc.php;Mostrar todos los documentos;28-02-2024;08:51:12
1 - Joser;gesdoc.php;Mostrar todos los documentos;28-02-2024;08:51:31
1 - Joser;gesdoc.php;Mostrar todos los documentos;28-02-2024;08:52:59
1 - Joser;tickets.php;Mostrar Tickets;28-02-2024;08:53:18
1 - Joser;gesdoc.php;Mostrar todos los documentos;28-02-2024;08:55:30
1 - Joser;gesdoc.php;Mostrar todos los documentos;28-02-2024;08:58:03
1 - Joser;gesdoc.php;Mostrar todos los documentos;28-02-2024;08:58:14
1 - Joser;gesdoc.php;Mostrar todos los documentos;28-02-2024;08:58:44
1 - Joser;gesdoc.php;Mostrar todos los documentos;28-02-2024;08:58:56
1 - Joser;gesdoc.php;Mostrar todos los documentos;28-02-2024;08:59:35
1 - Joser;gesdoc.php;Mostrar todos los documentos;28-02-2024;08:59:39
1 - Joser;gesdoc.php;Mostrar todos los documentos;28-02-2024;08:59:41
1 - Joser;gesdoc.php;Mostrar todos los documentos;28-02-2024;08:59:43
1 - Joser;gesdoc.php;Mostrar todos los documentos;28-02-2024;08:59:45
1 - Joser;gesdoc.php;Mostrar todos los documentos;28-02-2024;08:59:47
1 - Joser;gesdoc.php;Mostrar todos los documentos;28-02-2024;08:59:48
1 - Joser;gesdoc.php;Mostrar todos los documentos;28-02-2024;08:59:51
1 - Joser;gesdoc.php;Mostrar todos los documentos;28-02-2024;08:59:53
1 - Joser;gesdoc.php;Mostrar todos los documentos;28-02-2024;08:59:55
1 - Joser;gesdoc.php;Mostrar todos los documentos;28-02-2024;08:59:57
1 - Joser;gesdoc.php;Mostrar todos los documentos;28-02-2024;09:00:44
1 - Joser;gesdoc.php;Mostrar todos los documentos;28-02-2024;09:01:05
1 - Joser;gesdoc.php;Mostrar todos los documentos;28-02-2024;09:13:40
1 - Joser;gesdoc.php;Mostrar todos los documentos;28-02-2024;09:24:51
1 - Joser;gesdoc.php;Mostrar todos los documentos;28-02-2024;09:25:52
1 - Joser;gesdoc.php;Mostrar todos los documentos;28-02-2024;09:26:35
1 - Joser;gesdoc.php;Mostrar todos los documentos;28-02-2024;09:29:04
1 - Joser;gesdoc.php;Mostrar todos los documentos;28-02-2024;09:29:31
1 - Joser;gesdoc.php;Mostrar todos los documentos;28-02-2024;09:29:41
1 - Joser;gesdoc.php;Mostrar todos los documentos;28-02-2024;09:30:02
1 - Joser;gesdoc.php;Mostrar todos los documentos;28-02-2024;09:30:40
1 - Joser;gesdoc.php;Mostrar todos los documentos;28-02-2024;09:31:06
1 - Joser;gesdoc.php;Mostrar todos los documentos;28-02-2024;09:31:20
1 - Joser;gesdoc.php;Mostrar todos los documentos;28-02-2024;09:31:43
1 - Joser;gesdoc.php;Mostrar todos los documentos;28-02-2024;09:31:43
1 - Joser;gesdoc.php;Mostrar todos los documentos;28-02-2024;09:32:24
1 - Joser;gesdoc.php;Mostrar todos los documentos;28-02-2024;09:32:24
1 - Joser;gesdoc.php;Mostrar todos los documentos;28-02-2024;09:33:34
1 - Joser;gesdoc.php;Mostrar todos los documentos;28-02-2024;09:33:34
1 - Joser;gesdoc.php;Mostrar todos los documentos;28-02-2024;09:34:30
1 - Joser;gesdoc.php;Mostrar todos los documentos;28-02-2024;09:34:30
1 - Joser;gesdoc.php;Mostrar todos los documentos;28-02-2024;09:34:58
1 - Joser;gesdoc.php;Mostrar todos los documentos;28-02-2024;09:34:59
1 - Joser;gesdoc.php;Mostrar todos los documentos;28-02-2024;09:35:15
1 - Joser;gesdoc.php;Mostrar todos los documentos;28-02-2024;09:35:15
1 - Joser;gesdoc.php;Mostrar todos los documentos;28-02-2024;09:35:42
1 - Joser;gesdoc.php;Mostrar todos los documentos;28-02-2024;09:35:42
1 - Joser;gesdoc.php;Mostrar todos los documentos;28-02-2024;09:36:38
1 - Joser;gesdoc.php;Mostrar todos los documentos;28-02-2024;09:36:38
1 - Joser;gesdoc.php;Mostrar todos los documentos;28-02-2024;09:37:19
1 - Joser;gesdoc.php;Mostrar todos los documentos;28-02-2024;09:37:19
1 - Joser;gesdoc.php;Mostrar todos los documentos;28-02-2024;09:37:43
1 - Joser;gesdoc.php;Mostrar todos los documentos;28-02-2024;09:37:43
1 - Joser;gesdoc.php;Mostrar todos los documentos;28-02-2024;09:38:08
1 - Joser;gesdoc.php;Mostrar todos los documentos;28-02-2024;09:38:08
1 - Joser;gesdoc.php;Mostrar todos los documentos;28-02-2024;09:39:06
1 - Joser;gesdoc.php;Mostrar todos los documentos;28-02-2024;09:39:06
1 - Joser;gesdoc.php;Mostrar todos los documentos;28-02-2024;09:39:38
1 - Joser;gesdoc.php;Mostrar todos los documentos;28-02-2024;09:39:38
1 - Joser;gesdoc.php;Mostrar todos los documentos;28-02-2024;09:40:33
1 - Joser;gesdoc.php;Mostrar todos los documentos;28-02-2024;09:40:33
1 - Joser;gesdoc.php;Mostrar todos los documentos;28-02-2024;09:40:54
1 - Joser;gesdoc.php;Mostrar todos los documentos;28-02-2024;09:40:54
1 - Joser;gesdoc.php;Mostrar todos los documentos;28-02-2024;09:41:18
1 - Joser;gesdoc.php;Mostrar todos los documentos;28-02-2024;09:41:18
1 - Joser;gesdoc.php;Mostrar todos los documentos;28-02-2024;09:41:24
1 - Joser;gesdoc.php;Mostrar todos los documentos;28-02-2024;09:41:24
1 - Joser;gesdoc.php;Mostrar todos los documentos;28-02-2024;09:41:59
1 - Joser;gesdoc.php;Mostrar todos los documentos;28-02-2024;09:41:59
1 - Joser;gesdoc.php;Mostrar todos los documentos;28-02-2024;09:42:15
1 - Joser;gesdoc.php;Mostrar todos los documentos;28-02-2024;09:42:15
1 - Joser;gesdoc.php;Mostrar todos los documentos;28-02-2024;09:44:00
1 - Joser;gesdoc.php;Mostrar todos los documentos;28-02-2024;09:44:00
1 - Joser;gesdoc.php;Mostrar todos los documentos;28-02-2024;09:44:16
1 - Joser;gesdoc.php;Mostrar todos los documentos;28-02-2024;09:44:16
1 - Joser;gesdoc.php;Mostrar todos los documentos;28-02-2024;09:45:28
1 - Joser;gesdoc.php;Mostrar todos los documentos;28-02-2024;09:45:28
1 - Joser;gesdoc.php;Mostrar todos los documentos;28-02-2024;09:49:41
1 - Joser;gesdoc.php;Mostrar todos los documentos;28-02-2024;09:49:41
1 - Joser;gesdoc.php;Mostrar todos los documentos;28-02-2024;09:50:49
1 - Joser;gesdoc.php;Mostrar todos los documentos;28-02-2024;09:50:49
1 - Joser;gesdoc.php;Mostrar todos los documentos;28-02-2024;09:51:25
1 - Joser;gesdoc.php;Mostrar todos los documentos;28-02-2024;09:51:25
1 - Joser;gesdoc.php;Mostrar todos los documentos;28-02-2024;09:55:07
1 - Joser;gesdoc.php;Mostrar todos los documentos;28-02-2024;09:55:07
1 - Joser;gesdoc.php;Mostrar todos los documentos;28-02-2024;09:57:12
1 - Joser;gesdoc.php;Mostrar todos los documentos;28-02-2024;09:57:13
1 - Joser;gesdoc.php;Mostrar todos los documentos;28-02-2024;09:59:31
1 - Joser;gesdoc.php;Mostrar todos los documentos;28-02-2024;09:59:32
1 - Joser;gesdoc.php;Mostrar todos los documentos;28-02-2024;09:59:58
1 - Joser;gesdoc.php;Mostrar todos los documentos;28-02-2024;09:59:58
1 - Joser;gesdoc.php;Mostrar todos los documentos;28-02-2024;10:00:42
1 - Joser;gesdoc.php;Mostrar todos los documentos;28-02-2024;10:00:42
1 - Joser;gesdoc.php;Mostrar todos los documentos;28-02-2024;10:01:11
1 - Joser;gesdoc.php;Mostrar todos los documentos;28-02-2024;10:01:11
1 - Joser;gesdoc.php;Mostrar todos los documentos;28-02-2024;10:05:21
1 - Joser;gesdoc.php;Mostrar todos los documentos;28-02-2024;10:05:21
1 - Joser;gesdoc.php;Mostrar todos los documentos;28-02-2024;10:05:21
1 - Joser;gesdoc.php;Mostrar todos los documentos;28-02-2024;10:06:22
1 - Joser;gesdoc.php;Mostrar todos los documentos;28-02-2024;10:06:22
1 - Joser;gesdoc.php;Mostrar todos los documentos;28-02-2024;10:06:22
1 - Joser;gesdoc.php;Mostrar todos los documentos;28-02-2024;10:07:03
1 - Joser;gesdoc.php;Mostrar todos los documentos;28-02-2024;10:07:03
1 - Joser;gesdoc.php;Mostrar todos los documentos;28-02-2024;10:07:03
1 - Joser;gesdoc.php;Mostrar todos los documentos;28-02-2024;10:07:51
1 - Joser;gesdoc.php;Mostrar todos los documentos;28-02-2024;10:07:51
1 - Joser;gesdoc.php;Mostrar todos los documentos;28-02-2024;10:07:51
1 - Joser;gesdoc.php;Mostrar todos los documentos;28-02-2024;10:08:10
1 - Joser;gesdoc.php;Mostrar todos los documentos;28-02-2024;10:08:10
1 - Joser;gesdoc.php;Mostrar todos los documentos;28-02-2024;10:08:10
1 - Joser;gesdoc.php;Mostrar todos los documentos;28-02-2024;10:08:24
1 - Joser;gesdoc.php;Mostrar todos los documentos;28-02-2024;10:08:24
1 - Joser;gesdoc.php;Mostrar todos los documentos;28-02-2024;10:08:25
1 - Joser;gesdoc.php;Mostrar todos los documentos;28-02-2024;10:08:38
1 - Joser;gesdoc.php;Mostrar todos los documentos;28-02-2024;10:08:45
1 - Joser;gesdoc.php;Mostrar todos los documentos;28-02-2024;10:34:46
1 - Joser;gesdoc.php;Mostrar todos los documentos;28-02-2024;10:34:46
1 - Joser;gesdoc.php;Mostrar todos los documentos;28-02-2024;10:34:46
1 - Joser;gesdoc.php;Mostrar todos los documentos;28-02-2024;10:34:55
1 - Joser;gesdoc.php;Mostrar todos los documentos;28-02-2024;10:35:58
1 - Joser;gesdoc.php;Mostrar todos los documentos;28-02-2024;10:36:27
1 - Joser;gesdoc.php;Mostrar todos los documentos;28-02-2024;10:36:27
1 - Joser;gesdoc.php;Mostrar todos los documentos;28-02-2024;10:36:27
1 - Joser;gesdoc.php;Mostrar todos los documentos;28-02-2024;10:36:39
1 - Joser;gesdoc.php;Mostrar todos los documentos;28-02-2024;10:36:44
1 - Joser;gesdoc.php;Mostrar todos los documentos;28-02-2024;10:37:40
1 - Joser;gesdoc.php;Mostrar todos los documentos;28-02-2024;10:37:40
1 - Joser;gesdoc.php;Mostrar todos los documentos;28-02-2024;10:37:40
1 - Joser;gesdoc.php;Mostrar todos los documentos;28-02-2024;10:37:52
1 - Joser;gesdoc.php;Mostrar todos los documentos;28-02-2024;10:39:01
1 - Joser;gesdoc.php;Mostrar todos los documentos;28-02-2024;10:39:01
1 - Joser;gesdoc.php;Mostrar todos los documentos;28-02-2024;10:39:01
1 - Joser;gesdoc.php;Mostrar todos los documentos;28-02-2024;10:39:06
1 - Joser;gesdoc.php;Mostrar todos los documentos;28-02-2024;10:39:15
1 - Joser;gesdoc.php;Mostrar todos los documentos;28-02-2024;10:40:41
1 - Joser;gesdoc.php;Mostrar todos los documentos;28-02-2024;10:40:41
1 - Joser;gesdoc.php;Mostrar todos los documentos;28-02-2024;10:40:41
1 - Joser;gesdoc.php;Mostrar todos los documentos;28-02-2024;10:40:47
1 - Joser;gesdoc.php;Mostrar todos los documentos;28-02-2024;10:41:00
1 - Joser;gesdoc.php;Mostrar todos los documentos;28-02-2024;10:42:28
1 - Joser;gesdoc.php;Mostrar todos los documentos;28-02-2024;10:42:28
1 - Joser;gesdoc.php;Mostrar todos los documentos;28-02-2024;10:42:28
1 - Joser;gesdoc.php;Mostrar todos los documentos;28-02-2024;10:42:32
1 - Joser;gesdoc.php;Mostrar todos los documentos;28-02-2024;10:42:41
1 - Joser;gesdoc.php;Mostrar todos los documentos;28-02-2024;10:50:20
1 - Joser;gesdoc.php;Mostrar todos los documentos;28-02-2024;10:50:28
1 - Joser;gesdoc.php;Mostrar todos los documentos;28-02-2024;10:50:28
1 - Joser;gesdoc.php;Mostrar todos los documentos;28-02-2024;10:50:28
1 - Joser;gesdoc.php;Mostrar todos los documentos;28-02-2024;10:51:17
1 - Joser;gesdoc.php;Mostrar todos los documentos;28-02-2024;10:51:17
1 - Joser;gesdoc.php;Mostrar todos los documentos;28-02-2024;10:51:17
1 - Joser;gesdoc.php;Mostrar todos los documentos;28-02-2024;10:51:36
1 - Joser;gesdoc.php;Mostrar todos los documentos;28-02-2024;10:51:41
1 - Joser;gesdoc.php;Mostrar todos los documentos;28-02-2024;10:51:48
1 - Joser;gesdoc.php;Mostrar todos los documentos;28-02-2024;10:52:33
1 - Joser;gesdoc.php;Mostrar todos los documentos;28-02-2024;10:52:33
1 - Joser;gesdoc.php;Mostrar todos los documentos;28-02-2024;10:52:33
1 - Joser;gesdoc.php;Mostrar todos los documentos;28-02-2024;10:52:42
1 - Joser;gesdoc.php;Mostrar todos los documentos;28-02-2024;10:52:51
1 - Joser;gesdoc.php;Mostrar todos los documentos;28-02-2024;10:52:59
1 - Joser;gesdoc.php;Mostrar todos los documentos;28-02-2024;10:56:10
1 - Joser;gesdoc.php;Mostrar todos los documentos;28-02-2024;10:56:10
1 - Joser;gesdoc.php;Mostrar todos los documentos;28-02-2024;10:56:10
1 - Joser;gesdoc.php;Mostrar todos los documentos;28-02-2024;10:56:57
1 - Joser;gesdoc.php;Mostrar todos los documentos;28-02-2024;10:56:58
1 - Joser;gesdoc.php;Mostrar todos los documentos;28-02-2024;10:56:58
1 - Joser;gesdoc.php;Mostrar todos los documentos;28-02-2024;10:57:08
1 - Joser;gesdoc.php;Mostrar todos los documentos;28-02-2024;10:57:38
1 - Joser;gesdoc.php;Mostrar todos los documentos;28-02-2024;10:57:38
1 - Joser;gesdoc.php;Mostrar todos los documentos;28-02-2024;10:57:38
1 - Joser;gesdoc.php;Mostrar todos los documentos;28-02-2024;10:57:51
1 - Joser;gesdoc.php;Mostrar todos los documentos;28-02-2024;10:58:19
1 - Joser;gesdoc.php;Mostrar todos los documentos;28-02-2024;10:58:19
1 - Joser;gesdoc.php;Mostrar todos los documentos;28-02-2024;10:58:19
1 - Joser;gesdoc.php;Mostrar todos los documentos;28-02-2024;10:58:58
1 - Joser;gesdoc.php;Mostrar todos los documentos;28-02-2024;10:59:34
1 - Joser;gesdoc.php;Mostrar todos los documentos;28-02-2024;10:59:34
1 - Joser;gesdoc.php;Mostrar todos los documentos;28-02-2024;10:59:34
1 - Joser;gesdoc.php;Mostrar todos los documentos;28-02-2024;11:02:42
1 - Joser;gesdoc.php;Mostrar todos los documentos;28-02-2024;11:02:42
1 - Joser;gesdoc.php;Mostrar todos los documentos;28-02-2024;11:02:42
1 - Joser;gesdoc.php;Mostrar todos los documentos;28-02-2024;11:02:44
1 - Joser;gesdoc.php;Mostrar todos los documentos;28-02-2024;11:02:49
1 - Joser;gesdoc.php;Mostrar todos los documentos;28-02-2024;11:03:16
1 - Joser;gesdoc.php;Mostrar todos los documentos;28-02-2024;11:10:10
1 - Joser;gesdoc.php;Mostrar todos los documentos;28-02-2024;11:10:41
1 - Joser;gesdoc.php;Mostrar todos los documentos;28-02-2024;11:10:42
1 - Joser;gesdoc.php;Mostrar todos los documentos;28-02-2024;11:10:42
1 - Joser;gesdoc.php;Mostrar todos los documentos;28-02-2024;11:12:19
1 - Joser;gesdoc.php;Mostrar todos los documentos;28-02-2024;11:12:19
1 - Joser;gesdoc.php;Mostrar todos los documentos;28-02-2024;11:12:19
1 - Joser;gesdoc.php;Mostrar todos los documentos;28-02-2024;11:12:44
1 - Joser;gesdoc.php;Mostrar todos los documentos;28-02-2024;11:12:44
1 - Joser;gesdoc.php;Mostrar todos los documentos;28-02-2024;11:12:44
1 - Joser;gesdoc.php;Mostrar todos los documentos;28-02-2024;11:12:55
1 - Joser;gesdoc.php;Mostrar todos los documentos;28-02-2024;11:12:55
1 - Joser;gesdoc.php;Mostrar todos los documentos;28-02-2024;11:12:55
1 - Joser;gesdoc.php;Mostrar todos los documentos;28-02-2024;11:13:10
1 - Joser;gesdoc.php;Mostrar todos los documentos;28-02-2024;11:13:10
1 - Joser;gesdoc.php;Mostrar todos los documentos;28-02-2024;11:13:10
1 - Joser;gesdoc.php;Mostrar todos los documentos;28-02-2024;11:13:26
1 - Joser;gesdoc.php;Mostrar todos los documentos;28-02-2024;11:13:26
1 - Joser;gesdoc.php;Mostrar todos los documentos;28-02-2024;11:13:26
1 - Joser;gesdoc.php;Mostrar todos los documentos;28-02-2024;11:57:03
1 - Joser;gesdoc.php;Mostrar todos los documentos;28-02-2024;11:57:03
1 - Joser;gesdoc.php;Mostrar todos los documentos;28-02-2024;11:57:03
1 - Joser;gesdoc.php;Mostrar todos los documentos;28-02-2024;11:57:36
1 - Joser;gesdoc.php;Mostrar todos los documentos;28-02-2024;11:57:36
1 - Joser;gesdoc.php;Mostrar todos los documentos;28-02-2024;11:57:36
1 - Joser;gesdoc.php;Mostrar todos los documentos;28-02-2024;12:00:47
1 - Joser;gesdoc.php;Mostrar todos los documentos;28-02-2024;12:00:47
1 - Joser;gesdoc.php;Mostrar todos los documentos;28-02-2024;12:00:47
1 - Joser;gesdoc.php;Mostrar todos los documentos;28-02-2024;12:00:58
1 - Joser;gesdoc.php;Mostrar todos los documentos;28-02-2024;12:00:58
1 - Joser;gesdoc.php;Mostrar todos los documentos;28-02-2024;12:00:58
1 - Joser;gesdoc.php;Mostrar todos los documentos;28-02-2024;12:01:16
1 - Joser;gesdoc.php;Mostrar todos los documentos;28-02-2024;12:01:16
1 - Joser;gesdoc.php;Mostrar todos los documentos;28-02-2024;12:01:16
1 - Joser;gesdoc.php;Mostrar todos los documentos;28-02-2024;12:01:48
1 - Joser;gesdoc.php;Mostrar todos los documentos;28-02-2024;12:01:48
1 - Joser;gesdoc.php;Mostrar todos los documentos;28-02-2024;12:01:48
1 - Joser;gesdoc.php;Mostrar todos los documentos;28-02-2024;12:02:04
1 - Joser;gesdoc.php;Mostrar todos los documentos;28-02-2024;12:02:04
1 - Joser;gesdoc.php;Mostrar todos los documentos;28-02-2024;12:02:04
1 - Joser;gesdoc.php;Mostrar todos los documentos;28-02-2024;12:02:49
1 - Joser;gesdoc.php;Mostrar todos los documentos;28-02-2024;12:02:49
1 - Joser;gesdoc.php;Mostrar todos los documentos;28-02-2024;12:02:49
1 - Joser;gesdoc.php;Mostrar todos los documentos;28-02-2024;12:13:35
1 - Joser;gesdoc.php;Mostrar todos los documentos;28-02-2024;12:14:00
1 - Joser;gesdoc.php;Mostrar todos los documentos;28-02-2024;12:14:00
1 - Joser;gesdoc.php;Mostrar todos los documentos;28-02-2024;12:14:00
1 - Joser;gesdoc.php;Mostrar todos los documentos;28-02-2024;12:14:03
1 - Joser;gesdoc.php;Mostrar todos los documentos;28-02-2024;12:14:38
1 - Joser;gesdoc.php;Mostrar todos los documentos;28-02-2024;12:14:38
1 - Joser;gesdoc.php;Mostrar todos los documentos;28-02-2024;12:14:38
1 - Joser;gesdoc.php;Mostrar todos los documentos;28-02-2024;12:14:47
1 - Joser;gesdoc.php;Mostrar todos los documentos;28-02-2024;12:20:18
1 - Joser;gesdoc.php;Mostrar todos los documentos;28-02-2024;12:20:18
1 - Joser;gesdoc.php;Mostrar todos los documentos;28-02-2024;12:20:18
1 - Joser;gesdoc.php;Mostrar todos los documentos;28-02-2024;12:20:50
1 - Joser;gesdoc.php;Mostrar todos los documentos;28-02-2024;12:20:50
1 - Joser;gesdoc.php;Mostrar todos los documentos;28-02-2024;12:20:50
1 - Joser;gesdoc.php;Mostrar todos los documentos;28-02-2024;12:21:11
1 - Joser;gesdoc.php;Mostrar todos los documentos;28-02-2024;12:21:11
1 - Joser;gesdoc.php;Mostrar todos los documentos;28-02-2024;12:21:11
1 - Joser;gesdoc.php;Mostrar todos los documentos;28-02-2024;12:22:22
1 - Joser;gesdoc.php;Mostrar todos los documentos;28-02-2024;12:23:24
1 - Joser;gesdoc.php;Mostrar todos los documentos;28-02-2024;12:23:24
1 - Joser;gesdoc.php;Mostrar todos los documentos;28-02-2024;12:23:24
1 - Joser;gesdoc.php;Mostrar todos los documentos;28-02-2024;12:23:39
1 - Joser;gesdoc.php;Mostrar todos los documentos;28-02-2024;12:27:15
1 - Joser;gesdoc.php;Mostrar todos los documentos;28-02-2024;12:27:15
1 - Joser;gesdoc.php;Mostrar todos los documentos;28-02-2024;12:27:15
1 - Joser;gesdoc.php;Mostrar todos los documentos;28-02-2024;12:30:08
1 - Joser;gesdoc.php;Mostrar todos los documentos;28-02-2024;12:30:08
1 - Joser;gesdoc.php;Mostrar todos los documentos;28-02-2024;12:30:09
1 - Joser;usuario.php;Mostrar usuarios;28-02-2024;12:41:38
1 - Joser;usuario.php;Mostrar usuarios;28-02-2024;12:41:46
1 - Joser;usuario.php;Mostrar usuarios;28-02-2024;12:44:19
1 - Joser;cliente.php;Mostrar clientes;28-02-2024;12:56:34
1 - Joser;cliente.php;Mostrar clientes;28-02-2024;12:56:49
1 - Joser;cliente.php;Mostrar clientes;28-02-2024;12:57:05
1 - Joser;cliente.php;Mostrar clientes;28-02-2024;12:57:41
1 - Joser;cliente.php;Mostrar clientes;28-02-2024;12:57:49
1 - Joser;cliente.php;Mostrar clientes;28-02-2024;12:57:56
1 - Joser;cliente.php;Mostrar clientes;28-02-2024;12:58:11
1 - Joser;cliente.php;Mostrar clientes;28-02-2024;12:58:59
1 - Joser;cliente.php;Mostrar clientes;28-02-2024;13:03:46
1 - Joser;cliente.php;Mostrar clientes;28-02-2024;13:04:12
1 - Joser;cliente.php;Mostrar clientes;28-02-2024;13:05:31
1 - Joser;cliente.php;Mostrar clientes;28-02-2024;13:06:06
1 - Joser;cliente.php;Mostrar clientes;28-02-2024;13:06:22
1 - Joser;cliente.php;Mostrar clientes;28-02-2024;13:06:46
1 - Joser;cliente.php;Mostrar clientes;28-02-2024;13:07:35
1 - Joser;cliente.php;Mostrar clientes;28-02-2024;13:07:46
1 - Joser;cliente.php;Mostrar clientes;28-02-2024;13:07:58
1 - Joser;cliente.php;Mostrar clientes;28-02-2024;13:08:00
1 - Joser;cliente.php;Mostrar clientes;28-02-2024;13:08:06
1 - Joser;cliente.php;Mostrar clientes;28-02-2024;13:08:43
1 - Joser;cliente.php;Mostrar clientes;28-02-2024;13:08:47
1 - Joser;cliente.php;Mostrar clientes;28-02-2024;13:09:21
1 - Joser;cliente.php;Mostrar clientes;28-02-2024;13:09:25
1 - Joser;cliente.php;Mostrar clientes;28-02-2024;13:12:14
1 - Joser;cliente.php;Mostrar clientes;28-02-2024;13:19:08
1 - Joser;cliente.php;Mostrar clientes;28-02-2024;13:19:25
1 - Joser;cliente.php;Mostrar clientes;28-02-2024;13:19:38
1 - Joser;cliente.php;Mostrar clientes;28-02-2024;13:28:06
1 - Joser;cliente.php;Mostrar clientes;28-02-2024;13:28:25
1 - Joser;cliente.php;Mostrar clientes;28-02-2024;13:28:44
1 - Joser;cliente.php;Mostrar clientes;28-02-2024;13:29:54
1 - Joser;cliente.php;Mostrar clientes;28-02-2024;13:30:47
1 - Joser;cliente.php;Mostrar clientes;28-02-2024;13:32:02
1 - Joser;cliente.php;Mostrar clientes;28-02-2024;15:41:31
1 - Joser;cliente.php;Mostrar clientes;28-02-2024;15:41:40
1 - Joser;cliente.php;Mostrar clientes;28-02-2024;15:43:54
1 - Joser;cliente.php;Mostrar clientes;28-02-2024;15:44:09
1 - Joser;cliente.php;Mostrar clientes;28-02-2024;15:44:12
1 - Joser;cliente.php;Mostrar clientes;28-02-2024;15:45:45
1 - Joser;cliente.php;Mostrar clientes;28-02-2024;15:45:59
1 - Joser;cliente.php;Mostrar clientes;28-02-2024;15:46:02
1 - Joser;cliente.php;Mostrar clientes;28-02-2024;15:46:07
1 - Joser;cliente.php;Mostrar clientes;28-02-2024;15:48:08
1 - Joser;cliente.php;Mostrar clientes;28-02-2024;15:48:20
1 - Joser;cliente.php;Mostrar clientes;28-02-2024;15:48:23
1 - Joser;cliente.php;Mostrar clientes;28-02-2024;15:48:40
1 - Joser;cliente.php;Mostrar clientes;28-02-2024;15:48:59
1 - Joser;cliente.php;Mostrar clientes;28-02-2024;15:49:00
1 - Joser;cliente.php;Mostrar clientes;28-02-2024;15:49:00
1 - Joser;usuario.php;Mostrar usuarios;28-02-2024;17:09:17
1 - Joser;cliente.php;Mostrar clientes;28-02-2024;17:10:03
1 - Joser;departamentos.php;Mostrar departamentos;28-02-2024;17:21:22
1 - Joser;departamentos.php;Mostrar departamentos;28-02-2024;17:21:40
1 - Joser;departamentos.php;Mostrar departamentos;28-02-2024;17:21:43
1 - Joser;departamentos.php;Mostrar departamentos;28-02-2024;17:21:44
1 - Joser;departamentos.php;Mostrar departamentos;28-02-2024;17:21:47
1 - Joser;departamentos.php;Mostrar departamentos;28-02-2024;17:21:50
1 - Joser;departamentos.php;Mostrar departamentos;28-02-2024;17:21:54
1 - Joser;departamentos.php;Mostrar departamentos;28-02-2024;17:21:55
1 - Joser;gesdoc.php;Mostrar todos los documentos;28-02-2024;17:24:05
1 - Joser;gesdoc.php;Mostrar todos los documentos;28-02-2024;17:24:05

