1 - Software; Archivo: pagos.php; Acción: Recoger los medios de pago; Fecha: 25-11-2024; Hora: 08:05:15
1 - Software; Archivo: pagos.php; Acción: Recoger los medios de pago; Fecha: 25-11-2024; Hora: 08:05:20
1 - Software; Archivo: pagos.php; Acción: Recoger los medios de pago; Fecha: 25-11-2024; Hora: 08:05:48
1 - Software; Archivo: pagos.php; Acción: Recoger los medios de pago; Fecha: 25-11-2024; Hora: 08:06:56
1 - Software; Archivo: pagos.php; Acción: Recoger los medios de pago; Fecha: 25-11-2024; Hora: 08:07:15
1 - Software; Archivo: pagos.php; Acción: Recoger los medios de pago; Fecha: 25-11-2024; Hora: 08:07:44
1 - Software; Archivo: pagos.php; Acción: Recoger los medios de pago; Fecha: 25-11-2024; Hora: 08:08:25
1 - Software; Archivo: pagos.php; Acción: Recoger los medios de pago; Fecha: 25-11-2024; Hora: 08:08:31
1 - Software; Archivo: pagos.php; Acción: Recoger los medios de pago; Fecha: 25-11-2024; Hora: 08:09:17
1 - Software; Archivo: pagos.php; Acción: Recoger los medios de pago; Fecha: 25-11-2024; Hora: 08:10:19
1 - Software; Archivo: pagos.php; Acción: Recoger los medios de pago; Fecha: 25-11-2024; Hora: 08:10:36
1 - Software; Archivo: pagos.php; Acción: Recoger los medios de pago; Fecha: 25-11-2024; Hora: 08:10:44
1 - Software; Archivo: pagos.php; Acción: Recoger los medios de pago; Fecha: 25-11-2024; Hora: 08:11:11
1 - Software; Archivo: pagos.php; Acción: Recoger los medios de pago; Fecha: 25-11-2024; Hora: 08:11:52
1 - Software; Archivo: pagos.php; Acción: Recoger los medios de pago; Fecha: 25-11-2024; Hora: 08:12:04
1 - Software; Archivo: pagos.php; Acción: Recoger los medios de pago; Fecha: 25-11-2024; Hora: 08:13:35
1 - Software; Archivo: pagos.php; Acción: Recoger los medios de pago; Fecha: 25-11-2024; Hora: 08:13:54
1 - Software; Archivo: pagos.php; Acción: Recoger los medios de pago; Fecha: 25-11-2024; Hora: 08:14:00
1 - Software; Archivo: pagos.php; Acción: Recoger los medios de pago; Fecha: 25-11-2024; Hora: 08:14:12
1 - Software; Archivo: pagos.php; Acción: Recoger los medios de pago; Fecha: 25-11-2024; Hora: 08:14:50
1 - Software; Archivo: pagos.php; Acción: Recoger los medios de pago; Fecha: 25-11-2024; Hora: 08:14:57
1 - Software; Archivo: pagos.php; Acción: Recoger los medios de pago; Fecha: 25-11-2024; Hora: 08:15:02
1 - Software; Archivo: pagos.php; Acción: Recoger los medios de pago; Fecha: 25-11-2024; Hora: 08:15:28
1 - Software; Archivo: pagos.php; Acción: Recoger los medios de pago; Fecha: 25-11-2024; Hora: 08:15:37
1 - Software; Archivo: pagos.php; Acción: Recoger los medios de pago; Fecha: 25-11-2024; Hora: 08:15:44
1 - Software; Archivo: pagos.php; Acción: Recoger los medios de pago; Fecha: 25-11-2024; Hora: 08:15:55
1 - Software; Archivo: pagos.php; Acción: Recoger los medios de pago; Fecha: 25-11-2024; Hora: 08:16:56
1 - Software; Archivo: pagos.php; Acción: Recoger los medios de pago; Fecha: 25-11-2024; Hora: 08:17:17
1 - Software; Archivo: pagos.php; Acción: Recoger los medios de pago; Fecha: 25-11-2024; Hora: 08:21:06
1 - Software; Archivo: pagos.php; Acción: Recoger los medios de pago; Fecha: 25-11-2024; Hora: 08:21:59
1 - Software; Archivo: pagos.php; Acción: Recoger los medios de pago; Fecha: 25-11-2024; Hora: 08:23:05
1 - Software; Archivo: pagos.php; Acción: Recoger los medios de pago; Fecha: 25-11-2024; Hora: 08:23:16
1 - Software; Archivo: pagos.php; Acción: Recoger los medios de pago; Fecha: 25-11-2024; Hora: 08:23:25
1 - Software; Archivo: pagos.php; Acción: Recoger los medios de pago; Fecha: 25-11-2024; Hora: 08:23:47
1 - Software; Archivo: pagos.php; Acción: Recoger los medios de pago; Fecha: 25-11-2024; Hora: 08:24:23
1 - Software; Archivo: pagos.php; Acción: Recoger los medios de pago; Fecha: 25-11-2024; Hora: 08:24:36
1 - Software; Archivo: pagos.php; Acción: Recoger los medios de pago; Fecha: 25-11-2024; Hora: 08:27:17
1 - Software; Archivo: pagos.php; Acción: Recoger los medios de pago; Fecha: 25-11-2024; Hora: 08:29:39
1 - Software; Archivo: pagos.php; Acción: Recoger los medios de pago; Fecha: 25-11-2024; Hora: 08:32:07
1 - Software; Archivo: pagos.php; Acción: Recoger los medios de pago; Fecha: 25-11-2024; Hora: 08:48:46
1 - Software; Archivo: pagos.php; Acción: Recoger los medios de pago; Fecha: 25-11-2024; Hora: 08:50:34
1 - Software; Archivo: pagos.php; Acción: Recoger los medios de pago; Fecha: 25-11-2024; Hora: 08:55:12
1 - Software; Archivo: pagos.php; Acción: Recoger los medios de pago; Fecha: 25-11-2024; Hora: 08:59:33
1 - Software; Archivo: pagos.php; Acción: Recoger los medios de pago; Fecha: 25-11-2024; Hora: 09:00:00
1 - Software; Archivo: pagos.php; Acción: Recoger los medios de pago; Fecha: 25-11-2024; Hora: 09:00:08
1 - Software; Archivo: pagos.php; Acción: Recoger los medios de pago; Fecha: 25-11-2024; Hora: 09:00:10
1 - Software; Archivo: pagos.php; Acción: Recoger los medios de pago; Fecha: 25-11-2024; Hora: 09:00:14
1 - Software; Archivo: pagos.php; Acción: Recoger los medios de pago; Fecha: 25-11-2024; Hora: 09:01:14
1 - Software; Archivo: pagos.php; Acción: Recoger los medios de pago; Fecha: 25-11-2024; Hora: 09:01:21
1 - Software; Archivo: pagos.php; Acción: Recoger los medios de pago; Fecha: 25-11-2024; Hora: 09:02:12
1 - Software; Archivo: pagos.php; Acción: Recoger los medios de pago; Fecha: 25-11-2024; Hora: 09:26:05
1 - Software; Archivo: pagos.php; Acción: Recoger los medios de pago; Fecha: 25-11-2024; Hora: 09:26:18
1 - Software; Archivo: pagos.php; Acción: Recoger los medios de pago; Fecha: 25-11-2024; Hora: 09:37:21
1 - Software; Archivo: pagos.php; Acción: Recoger los medios de pago; Fecha: 25-11-2024; Hora: 09:37:35
1 - Software; Archivo: pagos.php; Acción: Recoger los medios de pago; Fecha: 25-11-2024; Hora: 09:41:37
1 - Software; Archivo: pagos.php; Acción: Recoger los medios de pago; Fecha: 25-11-2024; Hora: 09:42:06
1 - Software; Archivo: actividades.php; Acción: Lista las actividades de los adminitradores; Fecha: 25-11-2024; Hora: 12:26:56
1 - Software; Archivo: actividades.php; Acción: Lista las actividades de los adminitradores; Fecha: 25-11-2024; Hora: 12:26:58
1 - Software; Archivo: actividades.php; Acción: Lista los alumnos apuntados en la actividad 5; Fecha: 25-11-2024; Hora: 12:27:03
1 - Software; Archivo: actividades.php; Acción: Lista los alumnos apuntados en la actividad 5; Fecha: 25-11-2024; Hora: 12:27:08
1 - Software; Archivo: actividades.php; Acción: Lista los alumnos apuntados en la actividad 8; Fecha: 25-11-2024; Hora: 12:28:08
1 - Software; Archivo: actividades.php; Acción: Lista los alumnos apuntados en la actividad 5; Fecha: 25-11-2024; Hora: 13:07:18
1 - Software; Archivo: actividades.php; Acción: Lista los alumnos apuntados en la actividad 5; Fecha: 25-11-2024; Hora: 13:12:57
1 - Software; Archivo: actividades.php; Acción: Lista los alumnos apuntados en la actividad 5; Fecha: 25-11-2024; Hora: 13:21:19
1 - Software; Archivo: actividades.php; Acción: Lista los alumnos apuntados en la actividad 5; Fecha: 25-11-2024; Hora: 13:21:32
1 - Software; Archivo: actividades.php; Acción: Lista los alumnos apuntados en la actividad 5; Fecha: 25-11-2024; Hora: 13:22:08
1 - Software; Archivo: actividades.php; Acción: Lista los alumnos apuntados en la actividad 5; Fecha: 25-11-2024; Hora: 13:22:51
1 - Software; Archivo: actividades.php; Acción: Alumno 3 fue apuntado por Software a la actividad 5; Fecha: 25-11-2024; Hora: 15:33:41
1 - Software; Archivo: actividades.php; Acción: Lista los alumnos apuntados en la actividad 5; Fecha: 25-11-2024; Hora: 15:33:41
1 - Software; Archivo: actividades.php; Acción: Alumno 3 fue apuntado por Software a la actividad 5; Fecha: 25-11-2024; Hora: 15:36:17
1 - Software; Archivo: actividades.php; Acción: Lista los alumnos apuntados en la actividad 5; Fecha: 25-11-2024; Hora: 15:36:17
1 - Software; Archivo: actividades.php; Acción: Alumno 3 fue apuntado por Software a la actividad 5; Fecha: 25-11-2024; Hora: 15:46:50
1 - Software; Archivo: actividades.php; Acción: Lista los alumnos apuntados en la actividad 5; Fecha: 25-11-2024; Hora: 15:46:50
1 - Software; Archivo: actividades.php; Acción: Lista los alumnos apuntados en la actividad 5; Fecha: 25-11-2024; Hora: 15:46:59
1 - Software; Archivo: actividades.php; Acción: Lista los alumnos apuntados en la actividad 5; Fecha: 25-11-2024; Hora: 15:49:03
1 - Software; Archivo: actividades.php; Acción: Lista los alumnos apuntados en la actividad 5; Fecha: 25-11-2024; Hora: 16:22:36
1 - Software; Archivo: actividades.php; Acción: Lista los alumnos apuntados en la actividad 5; Fecha: 25-11-2024; Hora: 16:34:49
1 - Software; Archivo: actividades.php; Acción: Lista los alumnos apuntados en la actividad 5; Fecha: 25-11-2024; Hora: 16:37:48
1 - Software; Archivo: actividades.php; Acción: El alumno 1 fue eliminad@ de la actividad; Fecha: 25-11-2024; Hora: 16:37:55
1 - Software; Archivo: actividades.php; Acción: Lista los alumnos apuntados en la actividad 5; Fecha: 25-11-2024; Hora: 16:37:55
1 - Software; Archivo: actividades.php; Acción: Lista los alumnos apuntados en la actividad 5; Fecha: 25-11-2024; Hora: 16:37:58
1 - Software; Archivo: actividades.php; Acción: Alumno 1 fue apuntado por Software a la actividad 5; Fecha: 25-11-2024; Hora: 16:38:04
1 - Software; Archivo: actividades.php; Acción: Lista los alumnos apuntados en la actividad 5; Fecha: 25-11-2024; Hora: 16:38:04
1 - Software; Archivo: actividades.php; Acción: El alumno 2 no ha asistido; Fecha: 25-11-2024; Hora: 16:38:12
1 - Software; Archivo: actividades.php; Acción: Lista los alumnos apuntados en la actividad 5; Fecha: 25-11-2024; Hora: 16:38:12
1 - Software; Archivo: actividades.php; Acción: El alumno 2 ha asistido; Fecha: 25-11-2024; Hora: 16:38:15
1 - Software; Archivo: actividades.php; Acción: Lista los alumnos apuntados en la actividad 5; Fecha: 25-11-2024; Hora: 16:38:15
1 - Software; Archivo: actividades.php; Acción: El alumno 2 no ha asistido; Fecha: 25-11-2024; Hora: 16:38:18
1 - Software; Archivo: actividades.php; Acción: Lista los alumnos apuntados en la actividad 5; Fecha: 25-11-2024; Hora: 16:38:18
1 - Software; Archivo: actividades.php; Acción: El alumno 2 no ha asistido; Fecha: 25-11-2024; Hora: 16:38:20
1 - Software; Archivo: actividades.php; Acción: Lista los alumnos apuntados en la actividad 5; Fecha: 25-11-2024; Hora: 16:38:20
1 - Software; Archivo: actividades.php; Acción: El alumno 2 ha asistido; Fecha: 25-11-2024; Hora: 16:38:22
1 - Software; Archivo: actividades.php; Acción: Lista los alumnos apuntados en la actividad 5; Fecha: 25-11-2024; Hora: 16:38:22
1 - Software; Archivo: actividades.php; Acción: Lista los alumnos apuntados en la actividad 5; Fecha: 25-11-2024; Hora: 16:38:25
1 - Software; Archivo: actividades.php; Acción: El alumno 2 no ha asistido; Fecha: 25-11-2024; Hora: 16:38:27
1 - Software; Archivo: actividades.php; Acción: Lista los alumnos apuntados en la actividad 5; Fecha: 25-11-2024; Hora: 16:38:27
1 - Software; Archivo: actividades.php; Acción: El alumno 2 ha asistido; Fecha: 25-11-2024; Hora: 16:38:29
1 - Software; Archivo: actividades.php; Acción: Lista los alumnos apuntados en la actividad 5; Fecha: 25-11-2024; Hora: 16:38:29
1 - Software; Archivo: actividades.php; Acción: El alumno 2 ha asistido; Fecha: 25-11-2024; Hora: 16:38:31
1 - Software; Archivo: actividades.php; Acción: Lista los alumnos apuntados en la actividad 5; Fecha: 25-11-2024; Hora: 16:38:31
1 - Software; Archivo: actividades.php; Acción: Lista las actividades de los adminitradores; Fecha: 25-11-2024; Hora: 16:42:48
1 - Software; Archivo: actividades.php; Acción: Lista las actividades de los adminitradores; Fecha: 25-11-2024; Hora: 17:09:01
1 - Software; Archivo: actividades.php; Acción: Lista las actividades de los adminitradores; Fecha: 25-11-2024; Hora: 17:09:05
1 - Software; Archivo: actividades.php; Acción: Lista los alumnos apuntados en la actividad 8; Fecha: 25-11-2024; Hora: 17:49:01
1 - Software; Archivo: actividades.php; Acción: Lista las actividades de los adminitradores; Fecha: 25-11-2024; Hora: 17:49:03
1 - Software; Archivo: actividades.php; Acción: Lista los alumnos apuntados en la actividad 7; Fecha: 25-11-2024; Hora: 17:49:10
1 - Software; Archivo: actividades.php; Acción: Alumno 1 fue apuntado por Software a la actividad 7; Fecha: 25-11-2024; Hora: 17:49:14
1 - Software; Archivo: actividades.php; Acción: Lista los alumnos apuntados en la actividad 7; Fecha: 25-11-2024; Hora: 17:49:14
1 - Software; Archivo: actividades.php; Acción: Lista las actividades de los adminitradores; Fecha: 25-11-2024; Hora: 17:49:17
1 - Software; Archivo: actividades.php; Acción: Lista los alumnos apuntados en la actividad 6; Fecha: 25-11-2024; Hora: 17:49:23
1 - Software; Archivo: actividades.php; Acción: Alumno 2 fue apuntado por Software a la actividad 6; Fecha: 25-11-2024; Hora: 17:49:27
1 - Software; Archivo: actividades.php; Acción: Lista los alumnos apuntados en la actividad 6; Fecha: 25-11-2024; Hora: 17:49:27
1 - Software; Archivo: actividades.php; Acción: Lista las actividades de los adminitradores; Fecha: 25-11-2024; Hora: 17:49:29
1 - Software; Archivo: actividades.php; Acción: Lista los alumnos apuntados en la actividad 8; Fecha: 25-11-2024; Hora: 18:23:03
1 - Software; Archivo: pagos.php; Acción: Recoger los medios de pago; Fecha: 25-11-2024; Hora: 10:09:05
1 - Software; Archivo: pagos.php; Acción: Recoger los medios de pago; Fecha: 25-11-2024; Hora: 10:42:19
1 - Software; Archivo: pagos.php; Acción: Recoger los medios de pago; Fecha: 25-11-2024; Hora: 10:42:28
1 - Software; Archivo: pagos.php; Acción: Recoger los medios de pago; Fecha: 25-11-2024; Hora: 10:42:56
1 - Software; Archivo: pagos.php; Acción: Recoger los medios de pago; Fecha: 25-11-2024; Hora: 10:44:23
1 - Software; Archivo: pagos.php; Acción: Recoger los medios de pago; Fecha: 25-11-2024; Hora: 10:44:50
1 - Software; Archivo: pagos.php; Acción: Recoger los medios de pago; Fecha: 25-11-2024; Hora: 10:45:07
1 - Software; Archivo: pagos.php; Acción: Recoger los medios de pago; Fecha: 25-11-2024; Hora: 10:46:10
1 - Software; Archivo: pagos.php; Acción: Recoger los medios de pago; Fecha: 25-11-2024; Hora: 10:47:05
1 - Software; Archivo: pagos.php; Acción: Recoger los medios de pago; Fecha: 25-11-2024; Hora: 10:47:17
1 - Software; Archivo: pagos.php; Acción: Recoger los medios de pago; Fecha: 25-11-2024; Hora: 10:48:36
1 - Software; Archivo: pagos.php; Acción: Recoger los medios de pago; Fecha: 25-11-2024; Hora: 10:50:23
1 - Software; Archivo: pagos.php; Acción: Recoger los medios de pago; Fecha: 25-11-2024; Hora: 11:05:03
1 - Software; Archivo: pagos.php; Acción: Recoger los medios de pago; Fecha: 25-11-2024; Hora: 11:23:36
1 - Software; Archivo: pagos.php; Acción: Recoger los medios de pago; Fecha: 25-11-2024; Hora: 11:27:45
1 - Software; Archivo: pagos.php; Acción: Recoger los medios de pago; Fecha: 25-11-2024; Hora: 11:28:18
1 - Software; Archivo: pagos.php; Acción: Recoger los medios de pago; Fecha: 25-11-2024; Hora: 11:28:35
1 - Software; Archivo: pagos.php; Acción: Recoger los medios de pago; Fecha: 25-11-2024; Hora: 11:30:20
1 - Software; Archivo: pagos.php; Acción: Recoger los medios de pago; Fecha: 25-11-2024; Hora: 11:30:37
1 - Software; Archivo: pagos.php; Acción: Recoger los medios de pago; Fecha: 25-11-2024; Hora: 11:30:42
1 - Software; Archivo: pagos.php; Acción: Recoger los medios de pago; Fecha: 25-11-2024; Hora: 11:30:47
1 - Software; Archivo: pagos.php; Acción: Recoger los medios de pago; Fecha: 25-11-2024; Hora: 11:31:21
1 - Software; Archivo: pagos.php; Acción: Recoger los medios de pago; Fecha: 25-11-2024; Hora: 11:32:12
1 - Software; Archivo: pagos.php; Acción: Recoger los medios de pago; Fecha: 25-11-2024; Hora: 11:32:14
1 - Software; Archivo: pagos.php; Acción: Recoger los medios de pago; Fecha: 25-11-2024; Hora: 11:32:57
1 - Software; Archivo: pagos.php; Acción: Recoger los medios de pago; Fecha: 25-11-2024; Hora: 11:33:15
1 - Software; Archivo: pagos.php; Acción: Recoger los medios de pago; Fecha: 25-11-2024; Hora: 11:33:32
1 - Software; Archivo: pagos.php; Acción: Recoger los medios de pago; Fecha: 25-11-2024; Hora: 11:33:48
1 - Software; Archivo: pagos.php; Acción: Recoger los medios de pago; Fecha: 25-11-2024; Hora: 11:34:52
1 - Software; Archivo: pagos.php; Acción: Recoger los medios de pago; Fecha: 25-11-2024; Hora: 11:34:58
1 - Software; Archivo: pagos.php; Acción: Recoger los medios de pago; Fecha: 25-11-2024; Hora: 11:35:17
1 - Software; Archivo: pagos.php; Acción: Recoger los medios de pago; Fecha: 25-11-2024; Hora: 11:36:16
1 - Software; Archivo: pagos.php; Acción: Recoger los medios de pago; Fecha: 25-11-2024; Hora: 11:36:29
1 - Software; Archivo: pagos.php; Acción: Recoger los medios de pago; Fecha: 25-11-2024; Hora: 11:36:44
1 - Software; Archivo: pagos.php; Acción: Recoger los medios de pago; Fecha: 25-11-2024; Hora: 11:37:11
1 - Software; Archivo: pagos.php; Acción: Recoger los medios de pago; Fecha: 25-11-2024; Hora: 11:37:17
1 - Software; Archivo: pagos.php; Acción: Recoger los medios de pago; Fecha: 25-11-2024; Hora: 11:37:56
1 - Software; Archivo: pagos.php; Acción: Recoger los medios de pago; Fecha: 25-11-2024; Hora: 11:38:08
1 - Software; Archivo: pagos.php; Acción: Recoger los medios de pago; Fecha: 25-11-2024; Hora: 11:38:25
1 - Software; Archivo: pagos.php; Acción: Recoger los medios de pago; Fecha: 25-11-2024; Hora: 11:38:31
1 - Software; Archivo: pagos.php; Acción: Recoger los medios de pago; Fecha: 25-11-2024; Hora: 11:38:54
1 - Software; Archivo: pagos.php; Acción: Recoger los medios de pago; Fecha: 25-11-2024; Hora: 11:39:02
1 - Software; Archivo: pagos.php; Acción: Recoger los medios de pago; Fecha: 25-11-2024; Hora: 11:39:29
1 - Software; Archivo: pagos.php; Acción: Recoger los medios de pago; Fecha: 25-11-2024; Hora: 11:39:42
1 - Software; Archivo: pagos.php; Acción: Recoger los medios de pago; Fecha: 25-11-2024; Hora: 11:52:57
1 - Software; Archivo: pagos.php; Acción: Recoger los medios de pago; Fecha: 25-11-2024; Hora: 11:53:05
1 - Software; Archivo: pagos.php; Acción: Recoger los medios de pago; Fecha: 25-11-2024; Hora: 11:53:24
1 - Software; Archivo: pagos.php; Acción: Recoger los medios de pago; Fecha: 25-11-2024; Hora: 11:54:43
1 - Software; Archivo: pagos.php; Acción: Recoger los medios de pago; Fecha: 25-11-2024; Hora: 11:55:39
1 - Software; Archivo: pagos.php; Acción: Recoger los medios de pago; Fecha: 25-11-2024; Hora: 11:56:05
1 - Software; Archivo: pagos.php; Acción: Recoger los medios de pago; Fecha: 25-11-2024; Hora: 11:56:21
1 - Software; Archivo: pagos.php; Acción: Recoger los medios de pago; Fecha: 25-11-2024; Hora: 11:58:05
1 - Software; Archivo: pagos.php; Acción: Recoger los medios de pago; Fecha: 25-11-2024; Hora: 11:58:33
1 - Software; Archivo: pagos.php; Acción: Recoger los medios de pago; Fecha: 25-11-2024; Hora: 11:59:34
1 - Software; Archivo: pagos.php; Acción: Recoger los medios de pago; Fecha: 25-11-2024; Hora: 11:59:46
1 - Software; Archivo: pagos.php; Acción: Recoger los medios de pago; Fecha: 25-11-2024; Hora: 11:59:59
1 - Software; Archivo: pagos.php; Acción: Recoger los medios de pago; Fecha: 25-11-2024; Hora: 12:01:19
1 - Software; Archivo: pagos.php; Acción: Recoger los medios de pago; Fecha: 25-11-2024; Hora: 12:04:04
1 - Software; Archivo: pagos.php; Acción: Recoger los medios de pago; Fecha: 25-11-2024; Hora: 12:04:17
1 - Software; Archivo: pagos.php; Acción: Recoger los medios de pago; Fecha: 25-11-2024; Hora: 12:04:57
1 - Software; Archivo: pagos.php; Acción: Recoger los medios de pago; Fecha: 25-11-2024; Hora: 12:05:15
1 - Software; Archivo: pagos.php; Acción: Recoger los medios de pago; Fecha: 25-11-2024; Hora: 12:26:51
1 - Software; Archivo: pagos.php; Acción: Recoger los medios de pago; Fecha: 25-11-2024; Hora: 12:27:19
1 - Software; Archivo: pagos.php; Acción: Recoger los medios de pago; Fecha: 25-11-2024; Hora: 13:07:37
1 - Software; Archivo: pagos.php; Acción: Recoger los medios de pago; Fecha: 25-11-2024; Hora: 13:08:03
1 - Software; Archivo: pagos.php; Acción: Recoger los medios de pago; Fecha: 25-11-2024; Hora: 13:08:57
1 - Software; Archivo: pagos.php; Acción: Recoger los medios de pago; Fecha: 25-11-2024; Hora: 13:26:34
1 - Software; Archivo: pagos.php; Acción: Recoger los medios de pago; Fecha: 25-11-2024; Hora: 13:38:46

