1 - Joser;usuario.php;Mostrar usuarios;24-04-2024;08:33:06
1 - Joser;usuario.php;Mostrar usuarios;24-04-2024;08:53:04
1 - Joser;usuario.php;Mostrar usuarios;24-04-2024;08:53:14
1 - Joser;usuario.php;Mostrar usuarios;24-04-2024;08:53:25
1 - Joser;usuario.php;Se crea un nuevo usuario;24-04-2024;08:54:23
1 - Joser;usuario.php;Mostrar usuarios;24-04-2024;08:54:23
1 - Joser;usuario.php;Se crea un nuevo usuario;24-04-2024;09:08:55
1 - Joser;usuario.php;Mostrar usuarios;24-04-2024;09:08:55
1 - Joser;usuario.php;Mostrar usuarios;24-04-2024;09:13:35
1 - Joser;usuario.php;Se crea un nuevo usuario;24-04-2024;09:14:25
1 - Joser;usuario.php;Mostrar usuarios;24-04-2024;09:14:26
1 - Joser;usuario.php;Mostrar usuarios;24-04-2024;09:19:36
1 - Joser;usuario.php;Mostrar usuarios;24-04-2024;09:20:43
1 - Joser;usuario.php;Se crea un nuevo usuario;24-04-2024;09:21:26
1 - Joser;usuario.php;Mostrar usuarios;24-04-2024;09:21:26
1 - Joser;usuario.php;Se recoge usuario con id: 11;24-04-2024;09:21:33
1 - Joser;usuario.php;Mostrar usuarios;24-04-2024;09:48:01
 - ;usuario.php;Se hace login;24-04-2024;10:59:16
1 - Joser;usuario.php;Mostrar usuarios;24-04-2024;10:59:22
1 - Joser;usuario.php;Se recoge usuario con id: 1;24-04-2024;10:59:23
1 - Joser;usuario.php;Mostrar usuarios;24-04-2024;10:59:26
1 - Joser;usuario.php;Se recoge usuario con id: 1;24-04-2024;10:59:28
1 - Joser;usuario.php;Se recoge usuario con id: 8;24-04-2024;11:00:15
1 - Joser;usuario.php;Se crea un nuevo usuario;24-04-2024;11:32:29
1 - Joser;usuario.php;Mostrar usuarios;24-04-2024;11:32:29
1 - Joser;usuario.php;Mostrar usuarios;24-04-2024;11:36:32
1 - Joser;usuario.php;Se recoge usuario con id: 8;24-04-2024;11:36:52
1 - Joser;usuario.php;Mostrar usuarios;24-04-2024;11:56:27
1 - Joser;logout.php;Sesión cerrada;24-04-2024;11:56:44
13 - Ivan;logout.php;Sesión cerrada;24-04-2024;13:32:23
 - ;usuario.php;Se hace login;24-04-2024;13:32:30
1 - Joser;usuario.php;Mostrar usuarios;24-04-2024;13:32:39
