1 - Joser;departamentos.php;Mostrar departamentos;12-03-2024;08:42:52
1 - Joser;departamentos.php;Mostrar departamentos;12-03-2024;08:42:59
1 - Joser;departamentos.php;Mostrar departamentos;12-03-2024;08:43:10
1 - Joser;departamentos.php;Mostrar departamentos;12-03-2024;08:43:11
1 - Joser;departamentos.php;Mostrar departamentos;12-03-2024;08:43:12
1 - Joser;departamentos.php;Mostrar departamentos;12-03-2024;08:43:14
1 - Joser;cliente.php;Mostrar clientes;12-03-2024;08:43:23
1 - Joser;cliente.php;Mostrar clientes;12-03-2024;08:43:26
1 - Joser;cliente.php;Mostrar clientes;12-03-2024;08:43:27
1 - Joser;departamentos.php;Mostrar departamentos;12-03-2024;08:43:31
1 - Joser;departamentos.php;Mostrar departamentos;12-03-2024;08:44:52
1 - Joser;departamentos.php;Mostrar departamentos;12-03-2024;08:44:57
1 - Joser;departamentos.php;Mostrar departamentos;12-03-2024;08:44:58
1 - Joser;departamentos.php;Mostrar departamentos;12-03-2024;08:45:24
1 - Joser;departamentos.php;Mostrar departamentos;12-03-2024;08:45:26
1 - Joser;departamentos.php;Mostrar departamentos;12-03-2024;08:45:27
1 - Joser;departamentos.php;Mostrar departamentos;12-03-2024;09:00:46
1 - Joser;departamentos.php;Mostrar departamentos;12-03-2024;09:03:45
1 - Joser;departamentos.php;Mostrar departamentos;12-03-2024;09:04:23
1 - Joser;cliente.php;Mostrar clientes;12-03-2024;09:11:32
2 - Software Admin Software;cliente.php;Mostrar clientes;12-03-2024;09:15:16
2 - Software Admin Software;tickets.php;Mostrar Tickets;12-03-2024;09:15:57
2 - Software Admin Software;tickets.php;Mostrar Tickets;12-03-2024;09:16:37
2 - Software Admin Software;gesdoc.php;Mostrar todos los documentos;12-03-2024;09:18:01
2 - Software Admin Software;gesdoc.php;Mostrar todos los documentos;12-03-2024;09:18:01
2 - Software Admin Software;gesdoc.php;Mostrar todos los documentos;12-03-2024;09:18:01
2 - Software Admin Software;gesdoc.php;Mostrar todos los documentos;12-03-2024;09:18:05
2 - Software Admin Software;gesdoc.php;Mostrar todos los documentos;12-03-2024;09:18:05
2 - Software Admin Software;gesdoc.php;Mostrar todos los documentos;12-03-2024;09:18:05
2 - Software Admin Software;tickets.php;Mostrar Tickets;12-03-2024;09:18:52
2 - Software Admin Software;departamentos.php;Mostrar departamentos;12-03-2024;09:19:07
2 - Software Admin Software;departamentos.php;Mostrar departamentos;12-03-2024;09:19:44
2 - Software Admin Software;tickets.php;Mostrar Tickets;12-03-2024;09:20:49
 - ;usuario.php;Se hace login;12-03-2024;12:07:27
1 - Joser;cliente.php;Mostrar clientes;12-03-2024;11:53:36
5 - Victor Efeuno;cliente.php;Mostrar clientes;12-03-2024;12:38:47
5 - Victor Efeuno;usuario.php;Mostrar usuarios;12-03-2024;12:39:28
5 - Victor Efeuno;cliente.php;Mostrar clientes;12-03-2024;12:39:35
5 - Victor Efeuno;cliente.php;Mostrar clientes;12-03-2024;12:41:03
5 - Victor Efeuno;cliente.php;Mostrar clientes;12-03-2024;12:41:16
5 - Victor Efeuno;cliente.php;Mostrar clientes;12-03-2024;12:41:23
5 - Victor Efeuno;cliente.php;Mostrar clientes;12-03-2024;12:45:37
5 - Victor Efeuno;cliente.php;Mostrar clientes;12-03-2024;12:45:47
5 - Victor Efeuno;cliente.php;Mostrar clientes;12-03-2024;12:46:01
5 - Victor Efeuno;cliente.php;Mostrar clientes;12-03-2024;12:47:43
5 - Victor Efeuno;cliente.php;Mostrar clientes;12-03-2024;12:48:14
5 - Victor Efeuno;cliente.php;Mostrar clientes;12-03-2024;12:49:48
5 - Victor Efeuno;cliente.php;Mostrar clientes;12-03-2024;12:54:16
5 - Victor Efeuno;cliente.php;Mostrar clientes;12-03-2024;12:55:28
5 - Victor Efeuno;cliente.php;Mostrar clientes;12-03-2024;12:55:40
5 - Victor Efeuno;cliente.php;Mostrar clientes;12-03-2024;12:56:45
5 - Victor Efeuno;cliente.php;Mostrar clientes;12-03-2024;13:00:08
5 - Victor Efeuno;cliente.php;Mostrar clientes;12-03-2024;13:03:29
5 - Victor Efeuno;cliente.php;Mostrar clientes;12-03-2024;13:05:37
5 - Victor Efeuno;cliente.php;Mostrar clientes;12-03-2024;13:05:58
5 - Victor Efeuno;cliente.php;Mostrar clientes;12-03-2024;13:06:57
5 - Victor Efeuno;cliente.php;Mostrar clientes;12-03-2024;13:07:10
5 - Victor Efeuno;cliente.php;Mostrar clientes;12-03-2024;13:07:38
5 - Victor Efeuno;cliente.php;Mostrar clientes;12-03-2024;13:08:02
5 - Victor Efeuno;cliente.php;Mostrar clientes;12-03-2024;13:13:21
5 - Victor Efeuno;cliente.php;Mostrar clientes;12-03-2024;13:14:08
5 - Victor Efeuno;cliente.php;Mostrar clientes;12-03-2024;13:14:46
5 - Victor Efeuno;cliente.php;Mostrar clientes;12-03-2024;13:15:12
5 - Victor Efeuno;cliente.php;Mostrar clientes;12-03-2024;13:15:29
5 - Victor Efeuno;cliente.php;Mostrar clientes;12-03-2024;13:16:17
5 - Victor Efeuno;cliente.php;Mostrar clientes;12-03-2024;13:17:51
5 - Victor Efeuno;cliente.php;Mostrar clientes;12-03-2024;13:18:39
5 - Victor Efeuno;cliente.php;Mostrar clientes;12-03-2024;13:20:46
5 - Victor Efeuno;cliente.php;Mostrar clientes;12-03-2024;13:21:09
5 - Victor Efeuno;cliente.php;Mostrar clientes;12-03-2024;13:21:41
5 - Victor Efeuno;cliente.php;Mostrar clientes;12-03-2024;13:26:03
5 - Victor Efeuno;cliente.php;Mostrar clientes;12-03-2024;13:26:55
5 - Victor Efeuno;cliente.php;Mostrar clientes;12-03-2024;13:34:07
5 - Victor Efeuno;cliente.php;Mostrar clientes;12-03-2024;13:34:50
5 - Victor Efeuno;cliente.php;Mostrar clientes;12-03-2024;13:35:14
5 - Victor Efeuno;cliente.php;Mostrar clientes;12-03-2024;13:41:45
5 - Victor Efeuno;cliente.php;Mostrar clientes;12-03-2024;13:42:02
5 - Victor Efeuno;cliente.php;Mostrar clientes;12-03-2024;13:42:35
5 - Victor Efeuno;cliente.php;Mostrar clientes;12-03-2024;13:46:31
5 - Victor Efeuno;cliente.php;Mostrar clientes;12-03-2024;13:47:20
5 - Victor Efeuno;cliente.php;Mostrar clientes;12-03-2024;13:47:38
5 - Victor Efeuno;cliente.php;Mostrar clientes;12-03-2024;13:48:09
5 - Victor Efeuno;cliente.php;Mostrar clientes;12-03-2024;13:51:22
5 - Victor Efeuno;cliente.php;Mostrar clientes;12-03-2024;13:51:40
5 - Victor Efeuno;cliente.php;Mostrar clientes;12-03-2024;13:52:26
