1 - Joser;gesdoc.php;Mostrar todos los documentos;26-02-2024;09:04:12
1 - Joser;gesdoc.php;Mostrar todos los documentos;26-02-2024;09:04:31
1 - Joser;tickets.php;Mostrar Tickets;26-02-2024;09:04:38
1 - Joser;tickets.php;Mostrar Tickets;26-02-2024;09:04:41
1 - Joser;tickets.php;Mostrar Tickets;26-02-2024;09:05:15
1 - Joser;logout.php;Sesión cerrada;26-02-2024;09:06:25
 - ;usuario.php;Se hace login;26-02-2024;09:06:31
1 - Joser;tickets.php;Mostrar Tickets;26-02-2024;09:13:19
1 - Joser;tickets.php;Mostrar Tickets;26-02-2024;09:14:21
1 - Joser;tickets.php;Mostrar Tickets;26-02-2024;09:14:37
1 - Joser;tickets.php;Mostrar Tickets;26-02-2024;09:22:32
1 - Joser;tickets.php;Mostrar Tickets;26-02-2024;09:22:52
1 - Joser;tickets.php;Mostrar Tickets;26-02-2024;09:27:17
1 - Joser;tickets.php;Mostrar Tickets;26-02-2024;09:42:53
1 - Joser;tickets.php;Mostrar Tickets;26-02-2024;09:55:39
1 - Joser;tickets.php;Mostrar Tickets;26-02-2024;09:58:28
1 - Joser;tickets.php;Mostrar Tickets;26-02-2024;10:01:47
1 - Joser;tickets.php;Mostrar Tickets;26-02-2024;10:04:43
1 - Joser;tickets.php;Mostrar Tickets;26-02-2024;10:05:09
1 - Joser;tickets.php;Mostrar Tickets;26-02-2024;10:06:32
1 - Joser;tickets.php;Mostrar Tickets;26-02-2024;10:08:32
1 - Joser;tickets.php;Mostrar Tickets;26-02-2024;10:16:29
1 - Joser;tickets.php;Mostrar Tickets;26-02-2024;10:17:13
1 - Joser;tickets.php;Mostrar Tickets;26-02-2024;10:19:51
1 - Joser;tickets.php;Mostrar Tickets;26-02-2024;10:19:55
1 - Joser;tickets.php;Mostrar Tickets;26-02-2024;10:20:04
1 - Joser;tickets.php;Mostrar Tickets;26-02-2024;10:20:09
1 - Joser;tickets.php;Mostrar Tickets;26-02-2024;10:20:35
1 - Joser;tickets.php;Mostrar Tickets;26-02-2024;10:20:54
1 - Joser;tickets.php;Mostrar Tickets;26-02-2024;10:21:06
1 - Joser;tickets.php;Mostrar Tickets;26-02-2024;10:21:23
1 - Joser;tickets.php;Mostrar Tickets;26-02-2024;10:21:47
1 - Joser;tickets.php;Mostrar Tickets;26-02-2024;10:22:35
1 - Joser;tickets.php;Mostrar Tickets;26-02-2024;10:23:44
1 - Joser;tickets.php;Mostrar Tickets;26-02-2024;10:25:21
1 - Joser;tickets.php;Mostrar Tickets;26-02-2024;10:25:27
1 - Joser;tickets.php;Mostrar Tickets;26-02-2024;10:25:30
1 - Joser;tickets.php;Mostrar Tickets;26-02-2024;10:25:35
1 - Joser;tickets.php;Mostrar Tickets;26-02-2024;10:26:18
1 - Joser;tickets.php;Mostrar Tickets;26-02-2024;10:28:16
1 - Joser;tickets.php;Mostrar Tickets;26-02-2024;10:50:54
1 - Joser;tickets.php;Mostrar Tickets;26-02-2024;10:53:09
1 - Joser;tickets.php;Mostrar Tickets;26-02-2024;10:54:39
1 - Joser;tickets.php;Mostrar Tickets;26-02-2024;10:56:52
1 - Joser;tickets.php;Mostrar Tickets;26-02-2024;11:21:11
1 - Joser;tickets.php;Mostrar Tickets;26-02-2024;11:22:07
1 - Joser;tickets.php;Mostrar Tickets;26-02-2024;11:34:22
1 - Joser;tickets.php;Mostrar Tickets;26-02-2024;11:34:39
1 - Joser;tickets.php;Mostrar Tickets;26-02-2024;11:34:45
1 - Joser;gesdoc.php;Mostrar todos los documentos;26-02-2024;11:34:53
1 - Joser;gesdoc.php;Mostrar todos los documentos;26-02-2024;11:34:57
1 - Joser;usuario.php;Mostrar usuarios;26-02-2024;11:35:12
1 - Joser;usuario.php;Mostrar usuarios;26-02-2024;11:35:15
1 - Joser;empresa.php;Listar datos de empresa;26-02-2024;11:35:18
1 - Joser;usuario.php;Mostrar usuarios;26-02-2024;11:35:27
1 - Joser;empresa.php;Listar datos de empresa;26-02-2024;11:35:37
1 - Joser;empresa.php;Listar datos de empresa;26-02-2024;11:35:56
1 - Joser;gesdoc.php;Mostrar todos los documentos;26-02-2024;11:36:02
1 - Joser;gesdoc.php;Mostrar todos los documentos;26-02-2024;11:36:59
1 - Joser;gesdoc.php;Mostrar todos los documentos;26-02-2024;11:37:08
1 - Joser;gesdoc.php;Mostrar todos los documentos;26-02-2024;11:37:35
1 - Joser;gesdoc.php;Mostrar todos los documentos;26-02-2024;11:37:35
1 - Joser;gesdoc.php;Mostrar todos los documentos;26-02-2024;11:37:35
1 - Joser;gesdoc.php;Mostrar todos los documentos;26-02-2024;11:38:00
1 - Joser;gesdoc.php;Mostrar todos los documentos;26-02-2024;11:38:14
1 - Joser;gesdoc.php;Mostrar todos los documentos;26-02-2024;11:38:18
1 - Joser;gesdoc.php;Mostrar todos los documentos;26-02-2024;11:38:20
1 - Joser;gesdoc.php;Mostrar todos los documentos;26-02-2024;11:38:58
1 - Joser;gesdoc.php;Mostrar todos los documentos;26-02-2024;11:39:21
1 - Joser;gesdoc.php;Mostrar todos los documentos;26-02-2024;11:39:33
1 - Joser;gesdoc.php;Mostrar todos los documentos;26-02-2024;11:39:36
1 - Joser;gesdoc.php;Mostrar todos los documentos;26-02-2024;11:39:43
1 - Joser;gesdoc.php;Mostrar todos los documentos;26-02-2024;11:40:15
1 - Joser;gesdoc.php;Mostrar todos los documentos;26-02-2024;11:40:18
1 - Joser;gesdoc.php;Mostrar todos los documentos;26-02-2024;11:40:26
1 - Joser;gesdoc.php;Mostrar todos los documentos;26-02-2024;11:40:37
1 - Joser;gesdoc.php;Mostrar todos los documentos;26-02-2024;11:40:40
1 - Joser;gesdoc.php;Mostrar todos los documentos;26-02-2024;11:42:33
1 - Joser;gesdoc.php;Mostrar todos los documentos;26-02-2024;11:42:33
1 - Joser;tickets.php;Mostrar Tickets;26-02-2024;11:42:56
1 - Joser;tickets.php;Mostrar Tickets;26-02-2024;11:51:54
1 - Joser;tickets.php;Mostrar Tickets;26-02-2024;12:02:18
1 - Joser;tickets.php;Mostrar Tickets;26-02-2024;12:16:22
1 - Joser;tickets.php;Mostrar Tickets;26-02-2024;12:17:17
1 - Joser;tickets.php;Mostrar Tickets;26-02-2024;12:17:56
1 - Joser;tickets.php;Mostrar Tickets;26-02-2024;12:18:02
1 - Joser;tickets.php;Mostrar Tickets;26-02-2024;12:18:12
1 - Joser;tickets.php;Mostrar Tickets;26-02-2024;12:18:53
1 - Joser;tickets.php;Mostrar Tickets;26-02-2024;13:42:12
1 - Joser;tickets.php;Mostrar Tickets;26-02-2024;16:06:00
1 - Joser;tickets.php;Mostrar Tickets;26-02-2024;16:06:32
1 - Joser;tickets.php;Mostrar Tickets;26-02-2024;16:06:59
1 - Joser;tickets.php;Mostrar Tickets;26-02-2024;16:07:06
1 - Joser;tickets.php;Mostrar Tickets;26-02-2024;16:07:16
1 - Joser;tickets.php;Mostrar Tickets;26-02-2024;16:07:20
1 - Joser;tickets.php;Mostrar Tickets;26-02-2024;16:07:39
1 - Joser;tickets.php;Mostrar Tickets;26-02-2024;16:40:55
1 - Joser;tickets.php;Mostrar Tickets;26-02-2024;16:47:55
1 - Joser;tickets.php;Mostrar Tickets;26-02-2024;16:55:36
1 - Joser;tickets.php;Mostrar Tickets;26-02-2024;16:56:05
1 - Joser;tickets.php;Mostrar Tickets;26-02-2024;16:57:26
1 - Joser;tickets.php;Mostrar Tickets;26-02-2024;16:58:13
1 - Joser;empresa.php;Listar datos de empresa;26-02-2024;17:01:05
1 - Joser;tickets.php;Mostrar Tickets;26-02-2024;17:05:01
1 - Joser;tickets.php;Mostrar Tickets;26-02-2024;17:28:32
1 - Joser;tickets.php;Mostrar Tickets;26-02-2024;17:42:32
1 - Joser;tickets.php;Mostrar Tickets;26-02-2024;17:42:36
1 - Joser;tickets.php;Mostrar Tickets;26-02-2024;17:42:46
1 - Joser;tickets.php;Mostrar Tickets;26-02-2024;17:47:13
1 - Joser;tickets.php;Mostrar Tickets;26-02-2024;17:49:33
1 - Joser;tickets.php;Mostrar Tickets;26-02-2024;17:49:35
1 - Joser;tickets.php;Mostrar Tickets;26-02-2024;17:53:23
1 - Joser;tickets.php;Mostrar Tickets;26-02-2024;18:08:53
1 - Joser;gesdoc.php;Mostrar todos los documentos;26-02-2024;18:08:57
1 - Joser;gesdoc.php;Mostrar todos los documentos;26-02-2024;18:09:26
1 - Joser;gesdoc.php;Mostrar todos los documentos;26-02-2024;18:10:38
1 - Joser;gesdoc.php;Mostrar todos los documentos;26-02-2024;18:10:56
1 - Joser;gesdoc.php;Mostrar todos los documentos;26-02-2024;18:11:38
1 - Joser;gesdoc.php;Mostrar todos los documentos;26-02-2024;18:13:32
1 - Joser;gesdoc.php;Mostrar todos los documentos;26-02-2024;18:13:46
1 - Joser;gesdoc.php;Mostrar todos los documentos;26-02-2024;18:15:33
1 - Joser;gesdoc.php;Mostrar todos los documentos;26-02-2024;18:16:49
1 - Joser;gesdoc.php;Mostrar todos los documentos;26-02-2024;18:24:35
1 - Joser;gesdoc.php;Mostrar todos los documentos;26-02-2024;18:25:26
1 - Joser;gesdoc.php;Mostrar todos los documentos;26-02-2024;18:25:33
1 - Joser;gesdoc.php;Mostrar todos los documentos;26-02-2024;18:25:59
1 - Joser;gesdoc.php;Mostrar todos los documentos;26-02-2024;18:26:25
1 - Joser;gesdoc.php;Mostrar todos los documentos;26-02-2024;18:27:31
1 - Joser;gesdoc.php;Mostrar todos los documentos;26-02-2024;18:29:01
1 - Joser;gesdoc.php;Mostrar todos los documentos;26-02-2024;18:29:05
1 - Joser;gesdoc.php;Mostrar todos los documentos;26-02-2024;18:29:54
1 - Joser;gesdoc.php;Mostrar todos los documentos;26-02-2024;18:31:01
1 - Joser;gesdoc.php;Mostrar todos los documentos;26-02-2024;18:31:17
1 - Joser;gesdoc.php;Mostrar todos los documentos;26-02-2024;18:31:54
1 - Joser;tickets.php;Mostrar Tickets;26-02-2024;17:06:43
1 - Joser;tickets.php;Mostrar Tickets;26-02-2024;17:06:49
1 - Joser;tickets.php;Mostrar Tickets;26-02-2024;17:06:59
1 - Joser;tickets.php;Mostrar Tickets;26-02-2024;17:08:49
1 - Joser;tickets.php;Mostrar Tickets;26-02-2024;17:10:52
1 - Joser;tickets.php;Mostrar Tickets;26-02-2024;17:10:56
1 - Joser;tickets.php;Mostrar Tickets;26-02-2024;17:26:48
1 - Joser;tickets.php;Mostrar Tickets;26-02-2024;17:37:48
1 - Joser;tickets.php;Mostrar Tickets;26-02-2024;17:45:45
1 - Joser;tickets.php;Mostrar Tickets;26-02-2024;18:03:50

