1 - Software; Archivo: tipoCurso_Edu.php; Acción: Lista los tipos de curso; Fecha: 15-10-2024; Hora: 09:06:23
1 - Software; Archivo: tipoCurso_Edu.php; Acción: Lista los tipos de curso; Fecha: 15-10-2024; Hora: 09:18:34
1 - Software; Archivo: tipoCurso_Edu.php; Acción: Lista los tipos de curso; Fecha: 15-10-2024; Hora: 09:20:06
1 - Software; Archivo: tipoCurso_Edu.php; Acción: Lista los tipos de curso; Fecha: 15-10-2024; Hora: 09:21:52
1 - Software; Archivo: tipoCurso_Edu.php; Acción: Lista los tipos de curso; Fecha: 15-10-2024; Hora: 09:24:28
1 - Software; Archivo: tipoCurso_Edu.php; Acción: Lista los tipos de curso; Fecha: 15-10-2024; Hora: 09:27:04
1 - Software; Archivo: grupos.php; Acción: Lista los grupos; Fecha: 15-10-2024; Hora: 09:27:19
1 - Software; Archivo: medidasAloja.php; Acción: Lista las medidas de alojamiento; Fecha: 15-10-2024; Hora: 09:27:34
1 - Software; Archivo: tipoCurso_Edu.php; Acción: Lista los tipos de curso; Fecha: 15-10-2024; Hora: 09:27:54
1 - Software; Archivo: tarifaAloja.php; Acción: Lista las tarifas de alojamiento; Fecha: 15-10-2024; Hora: 09:46:16
1 - Software; Archivo: tarifaAloja.php; Acción: Lista las tarifas de alojamiento; Fecha: 15-10-2024; Hora: 09:46:47
1 - Software; Archivo: tarifaAloja.php; Acción: Lista las tarifas de alojamiento; Fecha: 15-10-2024; Hora: 09:47:09
1 - Software; Archivo: tarifaAloja.php; Acción: Lista las tarifas de alojamiento; Fecha: 15-10-2024; Hora: 09:47:45
1 - Software; Archivo: tipoCurso_Edu.php; Acción: Lista los tipos de curso; Fecha: 15-10-2024; Hora: 09:47:48
1 - Software; Archivo: tipoCurso_Edu.php; Acción: Lista los tipos de curso; Fecha: 15-10-2024; Hora: 09:48:07
1 - Software; Archivo: tipoCurso_Edu.php; Acción: Lista los tipos de curso; Fecha: 15-10-2024; Hora: 09:48:23
1 - Software; Archivo: tipoCurso_Edu.php; Acción: Lista los tipos de curso; Fecha: 15-10-2024; Hora: 09:48:54
1 - Software; Archivo: tipoCurso_Edu.php; Acción: Lista los tipos de curso; Fecha: 15-10-2024; Hora: 09:50:08
1 - Software; Archivo: tipoCurso_Edu.php; Acción: Lista los tipos de curso; Fecha: 15-10-2024; Hora: 09:51:36
1 - Software; Archivo: tipoCurso_Edu.php; Acción: Lista los tipos de curso; Fecha: 15-10-2024; Hora: 09:52:27
1 - Software; Archivo: medios.php; Acción: Lista los medios de pago; Fecha: 15-10-2024; Hora: 09:55:42
1 - Software; Archivo: tipoCurso_Edu.php; Acción: Lista los tipos de curso; Fecha: 15-10-2024; Hora: 09:56:01
1 - Software; Archivo: medios.php; Acción: Lista los medios de pago; Fecha: 15-10-2024; Hora: 09:56:36
1 - Software; Archivo: series.php; Acción: Lista las Series; Fecha: 15-10-2024; Hora: 09:56:55
1 - Software; Archivo: tipoCurso_Edu.php; Acción: Lista los tipos de curso; Fecha: 15-10-2024; Hora: 09:57:16
1 - Software; Archivo: tarifaAloja.php; Acción: Lista las tarifas de alojamiento; Fecha: 15-10-2024; Hora: 12:24:01
1 - Software; Archivo: tarifaAloja.php; Acción: Lista las tarifas de alojamiento; Fecha: 15-10-2024; Hora: 13:02:46
