 - ;usuario.php;Se hace login;04-03-2024;12:41:08
1 - Joser;tickets.php;Mostrar Tickets;04-03-2024;12:41:16
1 - Joser;usuario.php;Mostrar usuarios;04-03-2024;12:42:05
1 - Joser;usuario.php;Mostrar usuarios;04-03-2024;12:42:08
1 - Joser;cliente.php;Mostrar clientes;04-03-2024;12:42:27
1 - Joser;cliente.php;Mostrar clientes;04-03-2024;12:44:24
1 - Joser;cliente.php;Mostrar clientes;04-03-2024;12:44:25
1 - Joser;cliente.php;Mostrar clientes;04-03-2024;12:44:25
1 - Joser;cliente.php;Mostrar clientes;04-03-2024;12:44:26
1 - Joser;cliente.php;Mostrar clientes;04-03-2024;12:44:28
1 - Joser;cliente.php;Mostrar clientes;04-03-2024;12:44:28
1 - Joser;cliente.php;Mostrar clientes;04-03-2024;12:44:29
1 - Joser;cliente.php;Mostrar clientes;04-03-2024;12:44:30
1 - Joser;cliente.php;Mostrar clientes;04-03-2024;12:44:31
1 - Joser;cliente.php;Mostrar clientes;04-03-2024;12:44:35
1 - Joser;cliente.php;Mostrar clientes;04-03-2024;12:44:36
1 - Joser;cliente.php;Mostrar clientes;04-03-2024;12:44:37
1 - Joser;cliente.php;Mostrar clientes;04-03-2024;12:44:37
1 - Joser;cliente.php;Mostrar clientes;04-03-2024;12:44:37
1 - Joser;cliente.php;Mostrar clientes;04-03-2024;12:44:44
1 - Joser;cliente.php;Mostrar clientes;04-03-2024;12:44:44
1 - Joser;cliente.php;Mostrar clientes;04-03-2024;12:44:45
1 - Joser;cliente.php;Mostrar clientes;04-03-2024;12:44:45
1 - Joser;cliente.php;Mostrar clientes;04-03-2024;12:44:45
1 - Joser;cliente.php;Mostrar clientes;04-03-2024;12:44:45
1 - Joser;cliente.php;Mostrar clientes;04-03-2024;12:44:45
1 - Joser;cliente.php;Mostrar clientes;04-03-2024;12:44:46
1 - Joser;cliente.php;Mostrar clientes;04-03-2024;12:44:46
1 - Joser;cliente.php;Mostrar clientes;04-03-2024;12:44:47
1 - Joser;cliente.php;Mostrar clientes;04-03-2024;12:44:49
1 - Joser;usuario.php;Mostrar usuarios;04-03-2024;12:51:38
1 - Joser;cliente.php;Mostrar clientes;04-03-2024;12:55:40
1 - Joser;usuario.php;Mostrar usuarios;04-03-2024;12:55:43
1 - Joser;usuario.php;Mostrar usuarios;04-03-2024;12:55:55
1 - Joser;gesdoc.php;Mostrar todos los documentos;04-03-2024;12:56:51
1 - Joser;gesdoc.php;Mostrar todos los documentos;04-03-2024;12:56:51
1 - Joser;gesdoc.php;Mostrar todos los documentos;04-03-2024;12:56:51
1 - Joser;gesdoc.php;Mostrar todos los documentos;04-03-2024;12:56:58
1 - Joser;gesdoc.php;Mostrar todos los documentos;04-03-2024;12:56:58
1 - Joser;gesdoc.php;Mostrar todos los documentos;04-03-2024;12:56:58
1 - Joser;usuario.php;Mostrar usuarios;04-03-2024;13:01:01
1 - Joser;usuario.php;Mostrar usuarios;04-03-2024;13:01:04
1 - Joser;cliente.php;Mostrar clientes;04-03-2024;13:01:07
1 - Joser;cliente.php;Mostrar clientes;04-03-2024;13:01:12
