1 - Joser;gesdoc.php;Mostrar todos los documentos;27-02-2024;08:02:48
1 - Joser;gesdoc.php;Mostrar todos los documentos;27-02-2024;08:02:56
1 - Joser;gesdoc.php;Mostrar todos los documentos;27-02-2024;08:03:00
1 - Joser;gesdoc.php;Mostrar todos los documentos;27-02-2024;08:03:03
1 - Joser;gesdoc.php;Mostrar todos los documentos;27-02-2024;08:07:27
1 - Joser;gesdoc.php;Mostrar todos los documentos;27-02-2024;08:07:59
1 - Joser;gesdoc.php;Mostrar todos los documentos;27-02-2024;08:08:09
1 - Joser;gesdoc.php;Mostrar todos los documentos;27-02-2024;08:09:36
1 - Joser;gesdoc.php;Mostrar todos los documentos;27-02-2024;08:09:45
1 - Joser;gesdoc.php;Mostrar todos los documentos;27-02-2024;08:10:00
1 - Joser;gesdoc.php;Mostrar todos los documentos;27-02-2024;08:10:09
1 - Joser;gesdoc.php;Mostrar todos los documentos;27-02-2024;08:10:13
1 - Joser;gesdoc.php;Mostrar todos los documentos;27-02-2024;08:10:23
1 - Joser;usuario.php;Mostrar usuarios;27-02-2024;08:11:26
1 - Joser;usuario.php;Mostrar usuarios;27-02-2024;08:11:34
1 - Joser;usuario.php;Mostrar usuarios;27-02-2024;08:11:58
1 - Joser;usuario.php;Mostrar usuarios;27-02-2024;08:12:07
1 - Joser;usuario.php;Mostrar usuarios;27-02-2024;08:12:13
1 - Joser;usuario.php;Mostrar usuarios;27-02-2024;08:13:14
1 - Joser;usuario.php;Mostrar usuarios;27-02-2024;08:13:18
1 - Joser;usuario.php;Mostrar usuarios;27-02-2024;08:14:02
1 - Joser;usuario.php;Mostrar usuarios;27-02-2024;08:14:23
1 - Joser;usuario.php;Mostrar usuarios;27-02-2024;08:14:42
1 - Joser;usuario.php;Mostrar usuarios;27-02-2024;08:16:32
1 - Joser;usuario.php;Mostrar usuarios;27-02-2024;08:16:49
1 - Joser;usuario.php;Mostrar usuarios;27-02-2024;08:17:09
1 - Joser;usuario.php;Mostrar usuarios;27-02-2024;08:17:27
1 - Joser;usuario.php;Mostrar usuarios;27-02-2024;08:17:44
1 - Joser;usuario.php;Mostrar usuarios;27-02-2024;08:18:16
1 - Joser;usuario.php;Mostrar usuarios;27-02-2024;08:19:05
1 - Joser;usuario.php;Mostrar usuarios;27-02-2024;08:21:58
1 - Joser;usuario.php;Mostrar usuarios;27-02-2024;08:22:22
1 - Joser;usuario.php;Mostrar usuarios;27-02-2024;08:22:37
1 - Joser;usuario.php;Mostrar usuarios;27-02-2024;08:22:54
1 - Joser;usuario.php;Mostrar usuarios;27-02-2024;08:23:06
1 - Joser;usuario.php;Mostrar usuarios;27-02-2024;08:24:25
1 - Joser;usuario.php;Mostrar usuarios;27-02-2024;08:26:44
1 - Joser;usuario.php;Mostrar usuarios;27-02-2024;08:27:46
1 - Joser;usuario.php;Mostrar usuarios;27-02-2024;08:29:05
1 - Joser;usuario.php;Mostrar usuarios;27-02-2024;08:29:41
1 - Joser;usuario.php;Mostrar usuarios;27-02-2024;08:29:46
1 - Joser;usuario.php;Mostrar usuarios;27-02-2024;08:29:54
1 - Joser;usuario.php;Mostrar usuarios;27-02-2024;08:30:03
1 - Joser;usuario.php;Mostrar usuarios;27-02-2024;08:30:28
1 - Joser;usuario.php;Mostrar usuarios;27-02-2024;08:30:39
1 - Joser;usuario.php;Mostrar usuarios;27-02-2024;08:30:50
1 - Joser;usuario.php;Mostrar usuarios;27-02-2024;08:31:54
1 - Joser;usuario.php;Mostrar usuarios;27-02-2024;08:32:03
1 - Joser;gesdoc.php;Mostrar todos los documentos;27-02-2024;08:32:14
1 - Joser;gesdoc.php;Mostrar todos los documentos;27-02-2024;08:32:27
1 - Joser;gesdoc.php;Mostrar todos los documentos;27-02-2024;08:32:37
1 - Joser;tickets.php;Mostrar Tickets;27-02-2024;08:33:14
1 - Joser;tickets.php;Mostrar Tickets;27-02-2024;08:33:35
1 - Joser;gesdoc.php;Mostrar todos los documentos;27-02-2024;08:33:37
1 - Joser;gesdoc.php;Mostrar todos los documentos;27-02-2024;08:34:18
1 - Joser;gesdoc.php;Mostrar todos los documentos;27-02-2024;08:34:33
1 - Joser;gesdoc.php;Mostrar todos los documentos;27-02-2024;08:34:55
1 - Joser;gesdoc.php;Mostrar todos los documentos;27-02-2024;08:37:36
1 - Joser;gesdoc.php;Mostrar todos los documentos;27-02-2024;08:40:41
1 - Joser;gesdoc.php;Mostrar todos los documentos;27-02-2024;08:42:47
1 - Joser;gesdoc.php;Mostrar todos los documentos;27-02-2024;08:43:11
1 - Joser;gesdoc.php;Mostrar todos los documentos;27-02-2024;08:43:16
1 - Joser;gesdoc.php;Mostrar todos los documentos;27-02-2024;08:43:18
1 - Joser;gesdoc.php;Mostrar todos los documentos;27-02-2024;08:43:19
1 - Joser;gesdoc.php;Mostrar todos los documentos;27-02-2024;08:43:36
1 - Joser;gesdoc.php;Mostrar todos los documentos;27-02-2024;08:43:46
1 - Joser;gesdoc.php;Mostrar todos los documentos;27-02-2024;08:45:14
1 - Joser;gesdoc.php;Mostrar todos los documentos;27-02-2024;08:45:21
1 - Joser;gesdoc.php;Mostrar todos los documentos;27-02-2024;08:46:03
1 - Joser;gesdoc.php;Mostrar todos los documentos;27-02-2024;08:46:56
1 - Joser;gesdoc.php;Mostrar todos los documentos;27-02-2024;08:47:03
1 - Joser;gesdoc.php;Mostrar todos los documentos;27-02-2024;08:48:23
1 - Joser;gesdoc.php;Mostrar todos los documentos;27-02-2024;08:48:59
1 - Joser;gesdoc.php;Mostrar todos los documentos;27-02-2024;08:50:36
1 - Joser;gesdoc.php;Mostrar todos los documentos;27-02-2024;08:50:39
1 - Joser;gesdoc.php;Mostrar todos los documentos;27-02-2024;08:51:42
1 - Joser;gesdoc.php;Mostrar todos los documentos;27-02-2024;08:52:24
1 - Joser;gesdoc.php;Mostrar todos los documentos;27-02-2024;08:52:47
1 - Joser;gesdoc.php;Mostrar todos los documentos;27-02-2024;09:00:02
1 - Joser;gesdoc.php;Mostrar todos los documentos;27-02-2024;09:00:19
1 - Joser;gesdoc.php;Mostrar todos los documentos;27-02-2024;09:27:39
1 - Joser;gesdoc.php;Mostrar todos los documentos;27-02-2024;09:41:57
1 - Joser;gesdoc.php;Mostrar todos los documentos;27-02-2024;09:42:07
1 - Joser;gesdoc.php;Mostrar todos los documentos;27-02-2024;09:42:48
1 - Joser;gesdoc.php;Mostrar todos los documentos;27-02-2024;09:43:27
1 - Joser;gesdoc.php;Mostrar todos los documentos;27-02-2024;09:43:34
1 - Joser;gesdoc.php;Mostrar todos los documentos;27-02-2024;09:44:40
1 - Joser;gesdoc.php;Mostrar todos los documentos;27-02-2024;09:45:03
1 - Joser;gesdoc.php;Mostrar todos los documentos;27-02-2024;10:00:44
1 - Joser;gesdoc.php;Mostrar todos los documentos;27-02-2024;10:00:51
1 - Joser;gesdoc.php;Mostrar todos los documentos;27-02-2024;10:01:09
1 - Joser;gesdoc.php;Mostrar todos los documentos;27-02-2024;10:01:15
1 - Joser;gesdoc.php;Mostrar todos los documentos;27-02-2024;10:01:26
1 - Joser;gesdoc.php;Mostrar todos los documentos;27-02-2024;10:08:24
1 - Joser;gesdoc.php;Mostrar todos los documentos;27-02-2024;10:09:22
1 - Joser;gesdoc.php;Mostrar todos los documentos;27-02-2024;10:10:00
1 - Joser;gesdoc.php;Mostrar todos los documentos;27-02-2024;10:10:24
1 - Joser;gesdoc.php;Mostrar todos los documentos;27-02-2024;10:10:46
1 - Joser;gesdoc.php;Mostrar todos los documentos;27-02-2024;10:11:07
1 - Joser;gesdoc.php;Mostrar todos los documentos;27-02-2024;10:11:49
1 - Joser;gesdoc.php;Mostrar todos los documentos;27-02-2024;10:13:21
1 - Joser;gesdoc.php;Mostrar todos los documentos;27-02-2024;10:14:58
1 - Joser;gesdoc.php;Mostrar todos los documentos;27-02-2024;10:18:51
1 - Joser;gesdoc.php;Mostrar todos los documentos;27-02-2024;10:18:57
1 - Joser;gesdoc.php;Mostrar todos los documentos;27-02-2024;10:21:06
1 - Joser;gesdoc.php;Mostrar todos los documentos;27-02-2024;10:21:21
1 - Joser;gesdoc.php;Mostrar todos los documentos;27-02-2024;10:22:19
1 - Joser;gesdoc.php;Mostrar todos los documentos;27-02-2024;10:22:47
1 - Joser;gesdoc.php;Mostrar todos los documentos;27-02-2024;10:22:51
1 - Joser;gesdoc.php;Mostrar todos los documentos;27-02-2024;10:24:16
1 - Joser;gesdoc.php;Mostrar todos los documentos;27-02-2024;10:24:28
1 - Joser;gesdoc.php;Mostrar todos los documentos;27-02-2024;10:24:32
1 - Joser;gesdoc.php;Mostrar todos los documentos;27-02-2024;10:25:13
1 - Joser;gesdoc.php;Mostrar todos los documentos;27-02-2024;10:25:21
1 - Joser;gesdoc.php;Mostrar todos los documentos;27-02-2024;10:25:24
1 - Joser;gesdoc.php;Mostrar todos los documentos;27-02-2024;10:27:29
1 - Joser;gesdoc.php;Mostrar todos los documentos;27-02-2024;10:27:44
1 - Joser;gesdoc.php;Mostrar todos los documentos;27-02-2024;10:27:49
1 - Joser;gesdoc.php;Mostrar todos los documentos;27-02-2024;10:31:15
1 - Joser;gesdoc.php;Mostrar todos los documentos;27-02-2024;10:31:21
1 - Joser;gesdoc.php;Mostrar todos los documentos;27-02-2024;10:35:44
1 - Joser;gesdoc.php;Mostrar todos los documentos;27-02-2024;10:36:35
1 - Joser;gesdoc.php;Mostrar todos los documentos;27-02-2024;10:37:13
1 - Joser;gesdoc.php;Mostrar todos los documentos;27-02-2024;10:37:34
1 - Joser;gesdoc.php;Mostrar todos los documentos;27-02-2024;10:39:05
1 - Joser;gesdoc.php;Mostrar todos los documentos;27-02-2024;10:46:11
1 - Joser;gesdoc.php;Mostrar todos los documentos;27-02-2024;10:46:55
1 - Joser;gesdoc.php;Mostrar todos los documentos;27-02-2024;10:50:23
1 - Joser;gesdoc.php;Mostrar todos los documentos;27-02-2024;10:51:38
1 - Joser;gesdoc.php;Mostrar todos los documentos;27-02-2024;10:52:44
1 - Joser;gesdoc.php;Mostrar todos los documentos;27-02-2024;10:53:16
1 - Joser;gesdoc.php;Mostrar todos los documentos;27-02-2024;10:57:32
1 - Joser;gesdoc.php;Mostrar todos los documentos;27-02-2024;10:58:04
1 - Joser;gesdoc.php;Mostrar todos los documentos;27-02-2024;10:58:40
1 - Joser;gesdoc.php;Mostrar todos los documentos;27-02-2024;11:00:16
1 - Joser;gesdoc.php;Mostrar todos los documentos;27-02-2024;11:00:51
1 - Joser;gesdoc.php;Mostrar todos los documentos;27-02-2024;11:01:34
1 - Joser;gesdoc.php;Mostrar todos los documentos;27-02-2024;11:02:15
1 - Joser;gesdoc.php;Mostrar todos los documentos;27-02-2024;11:03:03
1 - Joser;gesdoc.php;Mostrar todos los documentos;27-02-2024;11:03:35
1 - Joser;gesdoc.php;Mostrar todos los documentos;27-02-2024;11:04:15
1 - Joser;gesdoc.php;Mostrar todos los documentos;27-02-2024;11:06:40
1 - Joser;gesdoc.php;Mostrar todos los documentos;27-02-2024;11:07:28
1 - Joser;gesdoc.php;Mostrar todos los documentos;27-02-2024;11:07:55
1 - Joser;gesdoc.php;Mostrar todos los documentos;27-02-2024;11:08:34
1 - Joser;gesdoc.php;Mostrar todos los documentos;27-02-2024;11:09:13
1 - Joser;gesdoc.php;Mostrar todos los documentos;27-02-2024;11:10:42
1 - Joser;gesdoc.php;Mostrar todos los documentos;27-02-2024;11:11:27
1 - Joser;gesdoc.php;Mostrar todos los documentos;27-02-2024;11:11:45
1 - Joser;gesdoc.php;Mostrar todos los documentos;27-02-2024;11:12:27
1 - Joser;gesdoc.php;Mostrar todos los documentos;27-02-2024;11:34:47
1 - Joser;gesdoc.php;Mostrar todos los documentos;27-02-2024;11:34:57
1 - Joser;gesdoc.php;Mostrar todos los documentos;27-02-2024;11:35:03
1 - Joser;gesdoc.php;Mostrar todos los documentos;27-02-2024;11:35:31
1 - Joser;gesdoc.php;Mostrar todos los documentos;27-02-2024;11:35:44
1 - Joser;gesdoc.php;Mostrar todos los documentos;27-02-2024;11:35:50
1 - Joser;gesdoc.php;Mostrar todos los documentos;27-02-2024;11:37:20
1 - Joser;gesdoc.php;Mostrar todos los documentos;27-02-2024;11:37:40
1 - Joser;gesdoc.php;Mostrar todos los documentos;27-02-2024;11:38:36
1 - Joser;gesdoc.php;Mostrar todos los documentos;27-02-2024;12:24:00
1 - Joser;gesdoc.php;Mostrar todos los documentos;27-02-2024;12:24:04
1 - Joser;gesdoc.php;Mostrar todos los documentos;27-02-2024;13:28:23
1 - Joser;gesdoc.php;Mostrar todos los documentos;27-02-2024;13:32:28
1 - Joser;gesdoc.php;Mostrar todos los documentos;27-02-2024;13:33:13
1 - Joser;gesdoc.php;Mostrar todos los documentos;27-02-2024;13:33:43
1 - Joser;gesdoc.php;Mostrar todos los documentos;27-02-2024;13:35:40
1 - Joser;gesdoc.php;Mostrar todos los documentos;27-02-2024;13:35:56
1 - Joser;gesdoc.php;Mostrar todos los documentos;27-02-2024;13:36:20
1 - Joser;gesdoc.php;Mostrar todos los documentos;27-02-2024;13:37:19
1 - Joser;gesdoc.php;Mostrar todos los documentos;27-02-2024;13:38:35
1 - Joser;gesdoc.php;Mostrar todos los documentos;27-02-2024;13:39:10
1 - Joser;gesdoc.php;Mostrar todos los documentos;27-02-2024;13:40:04
1 - Joser;gesdoc.php;Mostrar todos los documentos;27-02-2024;13:40:04
1 - Joser;gesdoc.php;Mostrar todos los documentos;27-02-2024;13:42:56
1 - Joser;gesdoc.php;Mostrar todos los documentos;27-02-2024;13:44:31
1 - Joser;gesdoc.php;Mostrar todos los documentos;27-02-2024;13:45:25
1 - Joser;gesdoc.php;Mostrar todos los documentos;27-02-2024;13:46:00
1 - Joser;gesdoc.php;Mostrar todos los documentos;27-02-2024;13:46:00
1 - Joser;gesdoc.php;Mostrar todos los documentos;27-02-2024;13:48:59
1 - Joser;gesdoc.php;Mostrar todos los documentos;27-02-2024;13:48:59
1 - Joser;gesdoc.php;Mostrar todos los documentos;27-02-2024;13:52:08
1 - Joser;gesdoc.php;Mostrar todos los documentos;27-02-2024;13:52:09
1 - Joser;gesdoc.php;Mostrar todos los documentos;27-02-2024;13:53:18
1 - Joser;gesdoc.php;Mostrar todos los documentos;27-02-2024;13:53:18
1 - Joser;gesdoc.php;Mostrar todos los documentos;27-02-2024;13:53:52
1 - Joser;gesdoc.php;Mostrar todos los documentos;27-02-2024;13:53:52
1 - Joser;gesdoc.php;Mostrar todos los documentos;27-02-2024;13:54:07
1 - Joser;gesdoc.php;Mostrar todos los documentos;27-02-2024;13:54:07
1 - Joser;gesdoc.php;Mostrar todos los documentos;27-02-2024;13:54:25
1 - Joser;gesdoc.php;Mostrar todos los documentos;27-02-2024;13:54:25
1 - Joser;gesdoc.php;Mostrar todos los documentos;27-02-2024;13:55:31
1 - Joser;gesdoc.php;Mostrar todos los documentos;27-02-2024;13:55:38
1 - Joser;gesdoc.php;Mostrar todos los documentos;27-02-2024;13:56:55
1 - Joser;gesdoc.php;Mostrar todos los documentos;27-02-2024;13:57:15
1 - Joser;gesdoc.php;Mostrar todos los documentos;27-02-2024;13:57:15
1 - Joser;gesdoc.php;Mostrar todos los documentos;27-02-2024;13:58:13
1 - Joser;gesdoc.php;Mostrar todos los documentos;27-02-2024;13:58:13
1 - Joser;gesdoc.php;Mostrar todos los documentos;27-02-2024;15:31:38
1 - Joser;gesdoc.php;Mostrar todos los documentos;27-02-2024;16:35:02
1 - Joser;gesdoc.php;Mostrar todos los documentos;27-02-2024;17:20:44
1 - Joser;gesdoc.php;Mostrar todos los documentos;27-02-2024;17:23:15
1 - Joser;gesdoc.php;Mostrar todos los documentos;27-02-2024;17:26:05
1 - Joser;gesdoc.php;Mostrar todos los documentos;27-02-2024;17:28:00
1 - Joser;gesdoc.php;Mostrar todos los documentos;27-02-2024;17:29:07
1 - Joser;gesdoc.php;Mostrar todos los documentos;27-02-2024;17:30:39
1 - Joser;gesdoc.php;Mostrar todos los documentos;27-02-2024;17:31:08
1 - Joser;gesdoc.php;Mostrar todos los documentos;27-02-2024;17:31:34
1 - Joser;gesdoc.php;Mostrar todos los documentos;27-02-2024;17:31:48
1 - Joser;gesdoc.php;Mostrar todos los documentos;27-02-2024;17:34:28
1 - Joser;gesdoc.php;Mostrar todos los documentos;27-02-2024;17:34:40
1 - Joser;gesdoc.php;Mostrar todos los documentos;27-02-2024;17:35:01
1 - Joser;gesdoc.php;Mostrar todos los documentos;27-02-2024;17:35:49
1 - Joser;gesdoc.php;Mostrar todos los documentos;27-02-2024;17:36:05
1 - Joser;gesdoc.php;Mostrar todos los documentos;27-02-2024;17:36:21
1 - Joser;gesdoc.php;Mostrar todos los documentos;27-02-2024;17:36:25
1 - Joser;gesdoc.php;Mostrar todos los documentos;27-02-2024;17:37:02
1 - Joser;gesdoc.php;Mostrar todos los documentos;27-02-2024;17:37:22
1 - Joser;gesdoc.php;Mostrar todos los documentos;27-02-2024;17:38:21
1 - Joser;gesdoc.php;Mostrar todos los documentos;27-02-2024;17:40:08
1 - Joser;gesdoc.php;Mostrar todos los documentos;27-02-2024;17:40:18
1 - Joser;gesdoc.php;Mostrar todos los documentos;27-02-2024;17:40:34
1 - Joser;gesdoc.php;Mostrar todos los documentos;27-02-2024;17:41:18
1 - Joser;gesdoc.php;Mostrar todos los documentos;27-02-2024;18:05:00
1 - Joser;gesdoc.php;Mostrar todos los documentos;27-02-2024;18:06:23
1 - Joser;gesdoc.php;Mostrar todos los documentos;27-02-2024;18:06:53
1 - Joser;gesdoc.php;Mostrar todos los documentos;27-02-2024;18:08:40
1 - Joser;gesdoc.php;Mostrar todos los documentos;27-02-2024;18:09:48
1 - Joser;gesdoc.php;Mostrar todos los documentos;27-02-2024;18:10:04
1 - Joser;gesdoc.php;Mostrar todos los documentos;27-02-2024;18:12:34
1 - Joser;gesdoc.php;Mostrar todos los documentos;27-02-2024;18:13:36
1 - Joser;gesdoc.php;Mostrar todos los documentos;27-02-2024;18:16:10
1 - Joser;gesdoc.php;Mostrar todos los documentos;27-02-2024;18:16:34
1 - Joser;gesdoc.php;Mostrar todos los documentos;27-02-2024;18:17:22
1 - Joser;gesdoc.php;Mostrar todos los documentos;27-02-2024;18:17:52
1 - Joser;gesdoc.php;Mostrar todos los documentos;27-02-2024;18:18:20
1 - Joser;gesdoc.php;Mostrar todos los documentos;27-02-2024;18:21:18
1 - Joser;gesdoc.php;Mostrar todos los documentos;27-02-2024;18:22:56
1 - Joser;gesdoc.php;Mostrar todos los documentos;27-02-2024;18:23:07
1 - Joser;gesdoc.php;Mostrar todos los documentos;27-02-2024;18:28:28
1 - Joser;gesdoc.php;Mostrar todos los documentos;27-02-2024;18:28:44
1 - Joser;gesdoc.php;Mostrar todos los documentos;27-02-2024;18:28:51
1 - Joser;tickets.php;Mostrar Tickets;27-02-2024;09:52:15
1 - Joser;tickets.php;Mostrar Tickets;27-02-2024;10:10:18
1 - Joser;tickets.php;Mostrar Tickets;27-02-2024;11:41:31
1 - Joser;tickets.php;Mostrar Tickets;27-02-2024;11:53:23
1 - Joser;tickets.php;Mostrar Tickets;27-02-2024;11:55:32
1 - Joser;gesdoc.php;Mostrar todos los documentos;27-02-2024;12:00:20
1 - Joser;gesdoc.php;Mostrar todos los documentos;27-02-2024;12:00:37
 - ;usuario.php;Se hace login;27-02-2024;14:00:00
1 - Joser;tickets.php;Mostrar Tickets;27-02-2024;14:00:04
1 - Joser;tickets.php;Mostrar Tickets;27-02-2024;15:33:25
1 - Joser;tickets.php;Mostrar Tickets;27-02-2024;15:40:14
1 - Joser;tickets.php;Mostrar Tickets;27-02-2024;15:48:31
1 - Joser;tickets.php;Mostrar Tickets;27-02-2024;15:49:07
1 - Joser;tickets.php;Mostrar Tickets;27-02-2024;15:49:12
1 - Joser;tickets.php;Mostrar Tickets;27-02-2024;15:58:41
1 - Joser;logout.php;Sesión cerrada;27-02-2024;16:20:14
1 - Joser;tickets.php;Mostrar Tickets;27-02-2024;15:40:14
