1 - Joser;departamentos.php;Mostrar departamentos;02-05-2024;08:04:32
1 - Joser;usuario.php;Mostrar usuarios;02-05-2024;08:04:46
1 - Joser;tickets.php;Mostrar Tickets;02-05-2024;08:14:54
1 - Joser;tickets.php;Mostrar Tickets;02-05-2024;08:24:12
1 - Joser;tickets.php;Mostrar Tickets;02-05-2024;08:24:20
1 - Joser;usuario.php;Mostrar usuarios;02-05-2024;08:24:39
1 - Joser;logout.php;Sesión cerrada;02-05-2024;08:27:46
 - ;usuario.php;Se hace login;02-05-2024;08:27:58
 - ;usuario.php;Se hace login;02-05-2024;08:28:07
 - ;usuario.php;Se hace login;02-05-2024;08:28:16
1 - Joser;usuario.php;Mostrar usuarios;02-05-2024;08:28:23
1 - Joser;usuario.php;Se recoge usuario con id: 15;02-05-2024;08:28:26
1 - Joser;usuario.php;Se recoge usuario con id: 1;02-05-2024;08:28:46
1 - Joser;usuario.php;Se recoge usuario con id: 15;02-05-2024;08:38:07
1 - Joser;usuario.php;Mostrar usuarios;02-05-2024;08:46:20
1 - Joser;usuario.php;Se crea un nuevo usuario;02-05-2024;08:47:20
1 - Joser;usuario.php;Mostrar usuarios;02-05-2024;08:47:20
1 - Joser;usuario.php;Se recoge usuario con id: 16;02-05-2024;08:47:27
1 - Joser;logout.php;Sesión cerrada;02-05-2024;08:48:07
 - ;usuario.php;Se hace login;02-05-2024;08:48:16
16 - Ivan;usuario.php;Mostrar usuarios;02-05-2024;08:48:19
16 - Ivan;usuario.php;Se recoge usuario con id: 16;02-05-2024;08:51:15
16 - Ivan;usuario.php;Se recoge usuario con id: 16;02-05-2024;08:54:45
16 - Ivan;departamentos.php;Mostrar departamentos;02-05-2024;09:46:16
16 - Ivan;usuario.php;Mostrar usuarios;02-05-2024;09:46:26
16 - Ivan;usuario.php;Se recoge usuario con id: 16;02-05-2024;09:52:30
16 - Ivan;usuario.php;Se recoge usuario con id: 16;02-05-2024;09:52:35
16 - Ivan;usuario.php;Mostrar usuarios;02-05-2024;10:06:10
16 - Ivan;usuario.php;Se recoge usuario con id: 16;02-05-2024;10:06:13
16 - Ivan;usuario.php;Se recoge usuario con id: 16;02-05-2024;10:06:16
16 - Ivan;usuario.php;Mostrar usuarios;02-05-2024;10:06:41
16 - Ivan;usuario.php;Se recoge usuario con id: 16;02-05-2024;10:06:47
16 - Ivan;usuario.php;Se recoge usuario con id: 16;02-05-2024;10:12:15
16 - Ivan;usuario.php;Mostrar usuarios;02-05-2024;10:22:32
16 - Ivan;usuario.php;Mostrar usuarios;02-05-2024;10:34:36
16 - Ivan;usuario.php;Se recoge usuario con id: 8;02-05-2024;10:34:38
16 - Ivan;usuario.php;Mostrar usuarios;02-05-2024;10:38:42
16 - Ivan;usuario.php;Se recoge usuario con id: 16;02-05-2024;10:38:47
16 - Ivan;usuario.php;Se recoge usuario con id: 9;02-05-2024;10:44:37
16 - Ivan;usuario.php;Se recoge usuario con id: 16;02-05-2024;10:44:39
16 - Ivan;usuario.php;Mostrar usuarios;02-05-2024;10:58:31
16 - Ivan;usuario.php;Se recoge usuario con id: 9;02-05-2024;10:58:33
16 - Ivan;usuario.php;Mostrar usuarios;02-05-2024;10:58:56
16 - Ivan;usuario.php;Se recoge usuario con id: 16;02-05-2024;10:58:58
16 - Ivan;usuario.php;Mostrar usuarios;02-05-2024;10:59:26
16 - Ivan;usuario.php;Se recoge usuario con id: 16;02-05-2024;10:59:27
16 - Ivan;usuario.php;Mostrar usuarios;02-05-2024;11:11:04
16 - Ivan;usuario.php;Se recoge usuario con id: 16;02-05-2024;11:11:09
16 - Ivan;usuario.php;Mostrar usuarios;02-05-2024;11:11:51
16 - Ivan;usuario.php;Se recoge usuario con id: 16;02-05-2024;11:12:23
16 - Ivan;usuario.php;Mostrar usuarios;02-05-2024;11:12:49
16 - Ivan;usuario.php;Mostrar usuarios;02-05-2024;11:14:11
16 - Ivan;usuario.php;Se recoge usuario con id: 9;02-05-2024;11:14:14
16 - Ivan;usuario.php;Mostrar usuarios;02-05-2024;11:15:25
16 - Ivan;usuario.php;Se recoge usuario con id: 1;02-05-2024;11:15:29
16 - Ivan;usuario.php;Mostrar usuarios;02-05-2024;11:16:02
16 - Ivan;usuario.php;Mostrar usuarios;02-05-2024;11:16:09
16 - Ivan;usuario.php;Se recoge usuario con id: 8;02-05-2024;11:16:11
16 - Ivan;usuario.php;Mostrar usuarios;02-05-2024;11:16:43
16 - Ivan;usuario.php;Se recoge usuario con id: 16;02-05-2024;11:16:48
16 - Ivan;usuario.php;Se recoge usuario con id: 8;02-05-2024;11:16:52
16 - Ivan;usuario.php;Mostrar usuarios;02-05-2024;11:17:26
16 - Ivan;usuario.php;Se recoge usuario con id: 8;02-05-2024;11:17:28
16 - Ivan;usuario.php;Mostrar usuarios;02-05-2024;11:18:04
16 - Ivan;usuario.php;Se recoge usuario con id: 8;02-05-2024;11:18:07
16 - Ivan;usuario.php;Mostrar usuarios;02-05-2024;11:20:36
16 - Ivan;usuario.php;Se recoge usuario con id: 16;02-05-2024;11:20:49
16 - Ivan;usuario.php;Se recoge usuario con id: 9;02-05-2024;11:20:54
16 - Ivan;usuario.php;Se recoge usuario con id: 8;02-05-2024;11:20:57
16 - Ivan;usuario.php;Se recoge usuario con id: 1;02-05-2024;11:21:00
16 - Ivan;usuario.php;Se recoge usuario con id: 16;02-05-2024;11:21:03
16 - Ivan;usuario.php;Mostrar usuarios;02-05-2024;12:06:21
16 - Ivan;usuario.php;Se recoge usuario con id: 16;02-05-2024;12:06:24
