ID: 1 - Nombre: Software - IP: 192.168.31.3; Archivo: usuario.php; Acción: Se hace login; Fecha: 19-06-2025; Hora: 09:00:34
ID: 7 - Nombre: José - IP: 192.168.31.3; Archivo: usuario.php; Acción: Se hace login; Fecha: 19-06-2025; Hora: 09:00:49
7 - José; Archivo: actividades.php; Acción: Lista las actividades de los adminitradores; Fecha: 19-06-2025; Hora: 09:01:15
7 - José; Archivo: actividades.php; Acción: Lista las actividades de los adminitradores; Fecha: 19-06-2025; Hora: 09:02:39
ID: 1 - Nombre: Software - IP: 192.168.31.3; Archivo: usuario.php; Acción: Se hace login; Fecha: 19-06-2025; Hora: 09:02:59
ID: 15 - Nombre: Andres - IP: 192.168.31.3; Archivo: usuario.php; Acción: Se hace login Alumno; Fecha: 19-06-2025; Hora: 09:03:15
15 - Andres; Archivo: actividades.php; Acción: Lista las actividades del usuario; Fecha: 19-06-2025; Hora: 09:03:17
15 - Andres; Archivo: actividades.php; Acción: Lista las actividades del usuario; Fecha: 19-06-2025; Hora: 09:03:44
15 - Andres; Archivo: actividades.php; Acción: Lista las actividades de los alumnos; Fecha: 19-06-2025; Hora: 09:06:42
15 - Andres; Archivo: actividades.php; Acción: Lista las actividades de los alumnos; Fecha: 19-06-2025; Hora: 09:06:55
ID: 1 - Nombre: Software - IP: 192.168.31.3; Archivo: usuario.php; Acción: Se hace login; Fecha: 19-06-2025; Hora: 09:07:08
1 - Software; Archivo: actividades.php; Acción: Lista las actividades de los adminitradores; Fecha: 19-06-2025; Hora: 09:07:10
1 - Software; Archivo: actividades.php; Acción: Inserta Actividades; Fecha: 19-06-2025; Hora: 09:08:20
1 - Software; Archivo: actividades.php; Acción: Lista las actividades de los adminitradores; Fecha: 19-06-2025; Hora: 09:08:21
ID: 15 - Nombre: Andres - IP: 192.168.31.3; Archivo: usuario.php; Acción: Se hace login Alumno; Fecha: 19-06-2025; Hora: 09:08:37
15 - Andres; Archivo: actividades.php; Acción: Lista las actividades del usuario; Fecha: 19-06-2025; Hora: 09:08:41
15 - Andres; Archivo: actividades.php; Acción: Lista las actividades del usuario; Fecha: 19-06-2025; Hora: 09:08:58
15 - Andres; Archivo: actividades.php; Acción: Lista las actividades de los alumnos; Fecha: 19-06-2025; Hora: 09:09:08
15 - Andres; Archivo: actividades.php; Acción: El usuario 15 se apunta a la actividad 12; Fecha: 19-06-2025; Hora: 09:09:12
15 - Andres; Archivo: actividades.php; Acción: Lista las actividades de los alumnos; Fecha: 19-06-2025; Hora: 09:09:12
15 - Andres; Archivo: actividades.php; Acción: El usuario 15 se desapunta de la actividad 12; Fecha: 19-06-2025; Hora: 09:09:18
15 - Andres; Archivo: actividades.php; Acción: Lista las actividades de los alumnos; Fecha: 19-06-2025; Hora: 09:09:18
15 - Andres; Archivo: actividades.php; Acción: El usuario 15 se apunta a la actividad 12; Fecha: 19-06-2025; Hora: 09:09:20
15 - Andres; Archivo: actividades.php; Acción: Lista las actividades de los alumnos; Fecha: 19-06-2025; Hora: 09:09:20
15 - Andres; Archivo: actividades.php; Acción: Lista las actividades del usuario; Fecha: 19-06-2025; Hora: 09:09:23
15 - Andres; Archivo: actividades.php; Acción: Lista las actividades del usuario; Fecha: 19-06-2025; Hora: 09:12:45
15 - Andres; Archivo: actividades.php; Acción: Lista las actividades del usuario; Fecha: 19-06-2025; Hora: 09:12:53
15 - Andres; Archivo: actividades.php; Acción: Lista las actividades del usuario; Fecha: 19-06-2025; Hora: 09:12:58
15 - Andres; Archivo: actividades.php; Acción: Lista las actividades del usuario; Fecha: 19-06-2025; Hora: 09:13:08
15 - Andres; Archivo: actividades.php; Acción: Lista las actividades del usuario; Fecha: 19-06-2025; Hora: 09:13:14
15 - Andres; Archivo: actividades.php; Acción: Lista las actividades del usuario; Fecha: 19-06-2025; Hora: 09:13:20
15 - Andres; Archivo: actividades.php; Acción: Lista las actividades del usuario; Fecha: 19-06-2025; Hora: 09:13:26
15 - Andres; Archivo: actividades.php; Acción: Lista las actividades del usuario; Fecha: 19-06-2025; Hora: 09:13:33
15 - Andres; Archivo: actividades.php; Acción: Lista las actividades del usuario; Fecha: 19-06-2025; Hora: 09:13:38
15 - Andres; Archivo: actividades.php; Acción: Lista las actividades del usuario; Fecha: 19-06-2025; Hora: 09:13:44
15 - Andres; Archivo: actividades.php; Acción: Lista las actividades del usuario; Fecha: 19-06-2025; Hora: 09:13:49
15 - Andres; Archivo: actividades.php; Acción: Lista las actividades del usuario; Fecha: 19-06-2025; Hora: 09:13:59
ID: 1 - Nombre: Software - IP: 192.168.31.3; Archivo: usuario.php; Acción: Se hace login; Fecha: 19-06-2025; Hora: 09:14:08
1 - Software; Archivo: actividades.php; Acción: Lista las actividades de los adminitradores; Fecha: 19-06-2025; Hora: 09:14:12
1 - Software; Archivo: actividades.php; Acción: Edita Actividades8 Idiomas en Acción; Fecha: 19-06-2025; Hora: 09:14:56
1 - Software; Archivo: actividades.php; Acción: Lista las actividades de los adminitradores; Fecha: 19-06-2025; Hora: 09:14:57
ID: 15 - Nombre: Andres - IP: 192.168.31.3; Archivo: usuario.php; Acción: Se hace login Alumno; Fecha: 19-06-2025; Hora: 09:15:05
15 - Andres; Archivo: actividades.php; Acción: Lista las actividades del usuario; Fecha: 19-06-2025; Hora: 09:15:07
15 - Andres; Archivo: actividades.php; Acción: Lista las actividades del usuario; Fecha: 19-06-2025; Hora: 09:15:14
15 - Andres; Archivo: actividades.php; Acción: Lista las actividades del usuario; Fecha: 19-06-2025; Hora: 09:15:28
15 - Andres; Archivo: actividades.php; Acción: Lista las actividades del usuario; Fecha: 19-06-2025; Hora: 09:15:35
15 - Andres; Archivo: actividades.php; Acción: Lista las actividades del usuario; Fecha: 19-06-2025; Hora: 09:15:56
15 - Andres; Archivo: actividades.php; Acción: Lista las actividades del usuario; Fecha: 19-06-2025; Hora: 09:16:54
15 - Andres; Archivo: actividades.php; Acción: Lista las actividades del usuario; Fecha: 19-06-2025; Hora: 09:18:24
15 - Andres; Archivo: actividades.php; Acción: Lista las actividades del usuario; Fecha: 19-06-2025; Hora: 09:19:13
15 - Andres; Archivo: actividades.php; Acción: Lista las actividades del usuario; Fecha: 19-06-2025; Hora: 09:19:26
15 - Andres; Archivo: actividades.php; Acción: Lista las actividades del usuario; Fecha: 19-06-2025; Hora: 09:20:36
15 - Andres; Archivo: actividades.php; Acción: Lista las actividades de los alumnos; Fecha: 19-06-2025; Hora: 09:20:40
15 - Andres; Archivo: actividades.php; Acción: Lista las actividades del usuario; Fecha: 19-06-2025; Hora: 09:20:47
15 - Andres; Archivo: actividades.php; Acción: Lista las actividades del usuario; Fecha: 19-06-2025; Hora: 09:22:25
15 - Andres; Archivo: actividades.php; Acción: Lista las actividades del usuario; Fecha: 19-06-2025; Hora: 09:22:26
15 - Andres; Archivo: actividades.php; Acción: Lista las actividades del usuario; Fecha: 19-06-2025; Hora: 09:23:58
15 - Andres; Archivo: actividades.php; Acción: Lista las actividades del usuario; Fecha: 19-06-2025; Hora: 09:24:05
15 - Andres; Archivo: actividades.php; Acción: Lista las actividades del usuario; Fecha: 19-06-2025; Hora: 09:24:12
15 - Andres; Archivo: actividades.php; Acción: Lista las actividades del usuario; Fecha: 19-06-2025; Hora: 09:24:22
15 - Andres; Archivo: actividades.php; Acción: Lista las actividades de los alumnos; Fecha: 19-06-2025; Hora: 09:25:06
15 - Andres; Archivo: actividades.php; Acción: Lista las actividades del usuario; Fecha: 19-06-2025; Hora: 09:25:19
15 - Andres; Archivo: actividades.php; Acción: Lista las actividades del usuario; Fecha: 19-06-2025; Hora: 09:28:43
15 - Andres; Archivo: actividades.php; Acción: Lista las actividades de los alumnos; Fecha: 19-06-2025; Hora: 09:28:57
15 - Andres; Archivo: actividades.php; Acción: Lista las actividades del usuario; Fecha: 19-06-2025; Hora: 09:29:27
15 - Andres; Archivo: actividades.php; Acción: Lista las actividades de los alumnos; Fecha: 19-06-2025; Hora: 09:29:49
15 - Andres; Archivo: actividades.php; Acción: Lista las actividades del usuario; Fecha: 19-06-2025; Hora: 09:29:52
15 - Andres; Archivo: actividades.php; Acción: Lista las actividades del usuario; Fecha: 19-06-2025; Hora: 09:29:58
15 - Andres; Archivo: actividades.php; Acción: Lista las actividades de los alumnos; Fecha: 19-06-2025; Hora: 09:30:13
15 - Andres; Archivo: actividades.php; Acción: Lista las actividades del usuario; Fecha: 19-06-2025; Hora: 09:30:16
15 - Andres; Archivo: actividades.php; Acción: Lista las actividades del usuario; Fecha: 19-06-2025; Hora: 09:30:20
15 - Andres; Archivo: actividades.php; Acción: Lista las actividades del usuario; Fecha: 19-06-2025; Hora: 09:30:21
15 - Andres; Archivo: actividades.php; Acción: Lista las actividades del usuario; Fecha: 19-06-2025; Hora: 09:30:46
15 - Andres; Archivo: actividades.php; Acción: Lista las actividades de los alumnos; Fecha: 19-06-2025; Hora: 09:30:59
15 - Andres; Archivo: actividades.php; Acción: Lista las actividades del usuario; Fecha: 19-06-2025; Hora: 09:31:03
ID: 1 - Nombre: Software - IP: 192.168.31.3; Archivo: usuario.php; Acción: Se hace login; Fecha: 19-06-2025; Hora: 09:32:59
 - Software; Archivo: asistencia.php; Acción: Lista las asistencias; Fecha: 19-06-2025; Hora: 09:33:06
1 - Software; Archivo: tipoCurso_Edu.php; Acción: Lista los tipos de curso; Fecha: 19-06-2025; Hora: 09:34:12
 - Software; Archivo: asistencia.php; Acción: Lista las asistencias; Fecha: 19-06-2025; Hora: 09:34:14
1 - Software; Archivo: personal_Edu.php; Acción: Lista los personales; Fecha: 19-06-2025; Hora: 09:34:15
1 - Software; Archivo: tarifaAloja.php; Acción: Lista las tarifas de alojamiento; Fecha: 19-06-2025; Hora: 09:34:18
1 - Software; Archivo: tipoCurso_Edu.php; Acción: Lista los tipos de curso; Fecha: 19-06-2025; Hora: 09:34:21
1 - Software; Archivo: idiomas.php; Acción: Lista los idiomas; Fecha: 19-06-2025; Hora: 09:34:25
1 - Software; Archivo: niveles.php; Acción: Lista los niveles; Fecha: 19-06-2025; Hora: 09:34:27
1 - Software; Archivo: actividades.php; Acción: Lista las actividades de los adminitradores; Fecha: 19-06-2025; Hora: 09:34:34
1 - Software; Archivo: actividades.php; Acción: Edita Actividades12 Visita al Centro Histórico; Fecha: 19-06-2025; Hora: 09:34:51
1 - Software; Archivo: actividades.php; Acción: Lista las actividades de los adminitradores; Fecha: 19-06-2025; Hora: 09:34:52
1 - Software; Archivo: actividades.php; Acción: Lista las actividades de los adminitradores; Fecha: 19-06-2025; Hora: 09:35:01
ID: 15 - Nombre: Andres - IP: 192.168.31.3; Archivo: usuario.php; Acción: Se hace login Alumno; Fecha: 19-06-2025; Hora: 09:35:14
15 - Andres; Archivo: actividades.php; Acción: Lista las actividades del usuario; Fecha: 19-06-2025; Hora: 09:35:24
15 - Andres; Archivo: actividades.php; Acción: Lista las actividades de los alumnos; Fecha: 19-06-2025; Hora: 09:36:51
15 - Andres; Archivo: actividades.php; Acción: Lista las actividades de los alumnos; Fecha: 19-06-2025; Hora: 09:37:28
15 - Andres; Archivo: actividades.php; Acción: Lista las actividades del usuario; Fecha: 19-06-2025; Hora: 09:37:36
15 - Andres; Archivo: actividades.php; Acción: Lista las actividades de los alumnos; Fecha: 19-06-2025; Hora: 09:37:53
15 - Andres; Archivo: actividades.php; Acción: Lista las actividades del usuario; Fecha: 19-06-2025; Hora: 09:37:56
15 - Andres; Archivo: actividades.php; Acción: Lista las actividades de los alumnos; Fecha: 19-06-2025; Hora: 09:38:03
15 - Andres; Archivo: actividades.php; Acción: Lista las actividades del usuario; Fecha: 19-06-2025; Hora: 09:38:06
15 - Andres; Archivo: actividades.php; Acción: Lista las actividades del usuario; Fecha: 19-06-2025; Hora: 09:38:46
15 - Andres; Archivo: actividades.php; Acción: Lista las actividades del usuario; Fecha: 19-06-2025; Hora: 09:46:09
15 - Andres; Archivo: actividades.php; Acción: Lista las actividades de los alumnos; Fecha: 19-06-2025; Hora: 09:46:19
15 - Andres; Archivo: actividades.php; Acción: Lista las actividades del usuario; Fecha: 19-06-2025; Hora: 09:46:22
ID: 15 - Nombre: Andres - IP: 192.168.31.3; Archivo: usuario.php; Acción: Se hace login Alumno; Fecha: 19-06-2025; Hora: 09:48:37
15 - Andres; Archivo: actividades.php; Acción: Lista las actividades del usuario; Fecha: 19-06-2025; Hora: 09:48:45
15 - Andres; Archivo: actividades.php; Acción: Lista las actividades del usuario; Fecha: 19-06-2025; Hora: 10:01:45
15 - Andres; Archivo: actividades.php; Acción: Lista las actividades del usuario; Fecha: 19-06-2025; Hora: 10:01:50
15 - Andres; Archivo: actividades.php; Acción: Lista las actividades del usuario; Fecha: 19-06-2025; Hora: 10:01:51
15 - Andres; Archivo: actividades.php; Acción: Lista las actividades de los alumnos; Fecha: 19-06-2025; Hora: 10:02:06
15 - Andres; Archivo: actividades.php; Acción: Lista las actividades del usuario; Fecha: 19-06-2025; Hora: 10:02:08
15 - Andres; Archivo: actividades.php; Acción: Lista las actividades de los alumnos; Fecha: 19-06-2025; Hora: 10:02:53
15 - Andres; Archivo: actividades.php; Acción: Lista las actividades del usuario; Fecha: 19-06-2025; Hora: 10:03:06
ID: 1 - Nombre: Software - IP: 192.168.31.3; Archivo: usuario.php; Acción: Se hace login; Fecha: 19-06-2025; Hora: 10:03:29
1 - Software; Archivo: actividades.php; Acción: Lista las actividades de los adminitradores; Fecha: 19-06-2025; Hora: 10:03:32
ID: 15 - Nombre: Andres - IP: 192.168.31.3; Archivo: usuario.php; Acción: Se hace login Alumno; Fecha: 19-06-2025; Hora: 10:04:10
15 - Andres; Archivo: actividades.php; Acción: Lista las actividades del usuario; Fecha: 19-06-2025; Hora: 10:04:18
15 - Andres; Archivo: actividades.php; Acción: Lista las actividades del usuario; Fecha: 19-06-2025; Hora: 10:05:23
15 - Andres; Archivo: actividades.php; Acción: Lista las actividades del usuario; Fecha: 19-06-2025; Hora: 10:05:24
15 - Andres; Archivo: actividades.php; Acción: Lista las actividades del usuario; Fecha: 19-06-2025; Hora: 10:06:04
15 - Andres; Archivo: actividades.php; Acción: Lista las actividades de los alumnos; Fecha: 19-06-2025; Hora: 10:07:29
ID: 1 - Nombre: Software - IP: 192.168.31.3; Archivo: usuario.php; Acción: Se hace login; Fecha: 19-06-2025; Hora: 10:07:38
1 - Software; Archivo: actividades.php; Acción: Lista las actividades de los adminitradores; Fecha: 19-06-2025; Hora: 10:07:41
1 - Software; Archivo: actividades.php; Acción: Inserta Actividades; Fecha: 19-06-2025; Hora: 10:09:17
1 - Software; Archivo: actividades.php; Acción: Lista las actividades de los adminitradores; Fecha: 19-06-2025; Hora: 10:09:19
ID:  - Nombre:  - IP: 192.168.31.3; Archivo: usuario.php; Acción: Se hace login Alumno; Fecha: 19-06-2025; Hora: 10:09:37
ID: 15 - Nombre: Andres - IP: 192.168.31.3; Archivo: usuario.php; Acción: Se hace login Alumno; Fecha: 19-06-2025; Hora: 10:09:43
15 - Andres; Archivo: actividades.php; Acción: Lista las actividades de los alumnos; Fecha: 19-06-2025; Hora: 10:10:46
15 - Andres; Archivo: actividades.php; Acción: Lista las actividades del usuario; Fecha: 19-06-2025; Hora: 10:10:51
ID: 15 - Nombre: Andres - IP: 192.168.31.3; Archivo: usuario.php; Acción: Se hace login Alumno; Fecha: 19-06-2025; Hora: 10:11:10
15 - Andres; Archivo: actividades.php; Acción: Lista las actividades del usuario; Fecha: 19-06-2025; Hora: 10:11:14
15 - Andres; Archivo: actividades.php; Acción: Lista las actividades del usuario; Fecha: 19-06-2025; Hora: 10:11:59
15 - Andres; Archivo: actividades.php; Acción: Lista las actividades del usuario; Fecha: 19-06-2025; Hora: 10:12:36
15 - Andres; Archivo: actividades.php; Acción: Lista las actividades del usuario; Fecha: 19-06-2025; Hora: 10:16:12
ID: 1 - Nombre: Software - IP: 192.168.31.3; Archivo: usuario.php; Acción: Se hace login; Fecha: 19-06-2025; Hora: 10:16:26
1 - Software; Archivo: actividades.php; Acción: Lista las actividades de los adminitradores; Fecha: 19-06-2025; Hora: 10:16:29
1 - Software; Archivo: actividades.php; Acción: Lista las actividades de los adminitradores; Fecha: 19-06-2025; Hora: 10:16:41
1 - Software; Archivo: actividades.php; Acción: Lista los alumnos apuntados en la actividad 8; Fecha: 19-06-2025; Hora: 10:16:46
1 - Software; Archivo: actividades.php; Acción: Lista las actividades de los adminitradores; Fecha: 19-06-2025; Hora: 10:16:47
1 - Software; Archivo: actividades.php; Acción: Lista los alumnos apuntados en la actividad 13; Fecha: 19-06-2025; Hora: 10:16:49
ID: 15 - Nombre: Andres - IP: 192.168.31.3; Archivo: usuario.php; Acción: Se hace login Alumno; Fecha: 19-06-2025; Hora: 10:16:58
15 - Andres; Archivo: actividades.php; Acción: Lista las actividades de los alumnos; Fecha: 19-06-2025; Hora: 10:17:09
15 - Andres; Archivo: actividades.php; Acción: El usuario 15 se apunta a la actividad 13; Fecha: 19-06-2025; Hora: 10:17:11
15 - Andres; Archivo: actividades.php; Acción: Lista las actividades de los alumnos; Fecha: 19-06-2025; Hora: 10:17:11
ID: 1 - Nombre: Software - IP: 192.168.31.3; Archivo: usuario.php; Acción: Se hace login; Fecha: 19-06-2025; Hora: 10:17:20
1 - Software; Archivo: actividades.php; Acción: Lista las actividades de los adminitradores; Fecha: 19-06-2025; Hora: 10:17:22
1 - Software; Archivo: actividades.php; Acción: Lista los alumnos apuntados en la actividad 13; Fecha: 19-06-2025; Hora: 10:17:25
1 - Software; Archivo: actividades.php; Acción: Lista los alumnos apuntados en la actividad 13; Fecha: 19-06-2025; Hora: 10:22:06
1 - Software; Archivo: actividades.php; Acción: Lista los alumnos apuntados en la actividad 13; Fecha: 19-06-2025; Hora: 10:23:43
1 - Software; Archivo: actividades.php; Acción: Lista los alumnos apuntados en la actividad 13; Fecha: 19-06-2025; Hora: 10:23:44
1 - Software; Archivo: actividades.php; Acción: Lista los alumnos apuntados en la actividad 13; Fecha: 19-06-2025; Hora: 10:23:45
1 - Software; Archivo: actividades.php; Acción: Lista los alumnos apuntados en la actividad 13; Fecha: 19-06-2025; Hora: 10:23:53
1 - Software; Archivo: actividades.php; Acción: Lista los alumnos apuntados en la actividad 13; Fecha: 19-06-2025; Hora: 10:23:54
1 - Software; Archivo: actividades.php; Acción: Lista los alumnos apuntados en la actividad 13; Fecha: 19-06-2025; Hora: 10:23:55
1 - Software; Archivo: actividades.php; Acción: Lista los alumnos apuntados en la actividad 13; Fecha: 19-06-2025; Hora: 10:35:09
1 - Software; Archivo: actividades.php; Acción: Lista los alumnos apuntados en la actividad 13; Fecha: 19-06-2025; Hora: 10:35:10
1 - Software; Archivo: actividades.php; Acción: Lista los alumnos apuntados en la actividad 13; Fecha: 19-06-2025; Hora: 10:35:28
1 - Software; Archivo: actividades.php; Acción: Lista los alumnos apuntados en la actividad 13; Fecha: 19-06-2025; Hora: 10:35:29
1 - Software; Archivo: actividades.php; Acción: Lista los alumnos apuntados en la actividad 13; Fecha: 19-06-2025; Hora: 10:35:37
1 - Software; Archivo: actividades.php; Acción: Lista los alumnos apuntados en la actividad 13; Fecha: 19-06-2025; Hora: 10:35:38
1 - Software; Archivo: actividades.php; Acción: Lista los alumnos apuntados en la actividad 13; Fecha: 19-06-2025; Hora: 10:36:56
1 - Software; Archivo: actividades.php; Acción: Lista los alumnos apuntados en la actividad 13; Fecha: 19-06-2025; Hora: 10:36:57
1 - Software; Archivo: actividades.php; Acción: Lista los alumnos apuntados en la actividad 13; Fecha: 19-06-2025; Hora: 10:49:31
1 - Software; Archivo: actividades.php; Acción: Lista los alumnos apuntados en la actividad 13; Fecha: 19-06-2025; Hora: 10:49:31
1 - Software; Archivo: actividades.php; Acción: Lista los alumnos apuntados en la actividad 13; Fecha: 19-06-2025; Hora: 10:55:41
1 - Software; Archivo: actividades.php; Acción: Lista los alumnos apuntados en la actividad 13; Fecha: 19-06-2025; Hora: 10:55:45
1 - Software; Archivo: actividades.php; Acción: Lista los alumnos apuntados en la actividad 13; Fecha: 19-06-2025; Hora: 10:56:05
1 - Software; Archivo: actividades.php; Acción: Lista los alumnos apuntados en la actividad 13; Fecha: 19-06-2025; Hora: 10:56:07
1 - Software; Archivo: actividades.php; Acción: Lista los alumnos apuntados en la actividad 13; Fecha: 19-06-2025; Hora: 10:57:47
1 - Software; Archivo: actividades.php; Acción: Lista los alumnos apuntados en la actividad 13; Fecha: 19-06-2025; Hora: 10:57:48
1 - Software; Archivo: actividades.php; Acción: Lista los alumnos apuntados en la actividad 13; Fecha: 19-06-2025; Hora: 11:03:12
1 - Software; Archivo: actividades.php; Acción: Lista los alumnos apuntados en la actividad 13; Fecha: 19-06-2025; Hora: 11:03:13
1 - Software; Archivo: actividades.php; Acción: Lista los alumnos apuntados en la actividad 13; Fecha: 19-06-2025; Hora: 11:09:48
1 - Software; Archivo: actividades.php; Acción: Lista los alumnos apuntados en la actividad 13; Fecha: 19-06-2025; Hora: 11:09:49
1 - Software; Archivo: actividades.php; Acción: Lista los alumnos apuntados en la actividad 13; Fecha: 19-06-2025; Hora: 11:22:21
1 - Software; Archivo: actividades.php; Acción: Lista los alumnos apuntados en la actividad 13; Fecha: 19-06-2025; Hora: 11:22:21
1 - Software; Archivo: actividades.php; Acción: Lista los alumnos apuntados en la actividad 1; Fecha: 19-06-2025; Hora: 11:22:27
1 - Software; Archivo: actividades.php; Acción: Lista los alumnos apuntados en la actividad 13; Fecha: 19-06-2025; Hora: 11:22:29
1 - Software; Archivo: actividades.php; Acción: Lista los alumnos apuntados en la actividad 13; Fecha: 19-06-2025; Hora: 11:31:37
1 - Software; Archivo: actividades.php; Acción: Lista los alumnos apuntados en la actividad 13; Fecha: 19-06-2025; Hora: 11:34:07
1 - Software; Archivo: actividades.php; Acción: Lista los alumnos apuntados en la actividad 13; Fecha: 19-06-2025; Hora: 11:34:17
1 - Software; Archivo: actividades.php; Acción: Lista los alumnos apuntados en la actividad 13; Fecha: 19-06-2025; Hora: 11:35:39
1 - Software; Archivo: actividades.php; Acción: Lista los alumnos apuntados en la actividad 13; Fecha: 19-06-2025; Hora: 11:35:40
1 - Software; Archivo: actividades.php; Acción: Lista los alumnos apuntados en la actividad 13; Fecha: 19-06-2025; Hora: 11:37:11
1 - Software; Archivo: actividades.php; Acción: Lista los alumnos apuntados en la actividad 13; Fecha: 19-06-2025; Hora: 11:37:12
1 - Software; Archivo: actividades.php; Acción: Lista los alumnos apuntados en la actividad 13; Fecha: 19-06-2025; Hora: 11:37:38
1 - Software; Archivo: actividades.php; Acción: Lista los alumnos apuntados en la actividad 13; Fecha: 19-06-2025; Hora: 11:37:39
1 - Software; Archivo: actividades.php; Acción: Lista los alumnos apuntados en la actividad 13; Fecha: 19-06-2025; Hora: 11:39:31
1 - Software; Archivo: actividades.php; Acción: Lista los alumnos apuntados en la actividad 13; Fecha: 19-06-2025; Hora: 11:39:31
1 - Software; Archivo: actividades.php; Acción: Lista los alumnos apuntados en la actividad 13; Fecha: 19-06-2025; Hora: 11:48:09
1 - Software; Archivo: actividades.php; Acción: Lista los alumnos apuntados en la actividad 13; Fecha: 19-06-2025; Hora: 11:48:11
1 - Software; Archivo: actividades.php; Acción: Alumno 13 fue apuntado por Software a la actividad 13; Fecha: 19-06-2025; Hora: 11:48:14
1 - Software; Archivo: actividades.php; Acción: Lista los alumnos apuntados en la actividad 13; Fecha: 19-06-2025; Hora: 11:48:20
1 - Software; Archivo: actividades.php; Acción: Alumno 6 fue apuntado por Software a la actividad 13; Fecha: 19-06-2025; Hora: 11:48:55
1 - Software; Archivo: actividades.php; Acción: Lista los alumnos apuntados en la actividad 13; Fecha: 19-06-2025; Hora: 11:48:59
1 - Software; Archivo: actividades.php; Acción: Lista los alumnos apuntados en la actividad 13; Fecha: 19-06-2025; Hora: 11:50:10
1 - Software; Archivo: actividades.php; Acción: Lista los alumnos apuntados en la actividad 13; Fecha: 19-06-2025; Hora: 11:50:12
1 - Software; Archivo: actividades.php; Acción: Lista los alumnos apuntados en la actividad 13; Fecha: 19-06-2025; Hora: 11:50:45
1 - Software; Archivo: actividades.php; Acción: Lista los alumnos apuntados en la actividad 13; Fecha: 19-06-2025; Hora: 11:51:00
1 - Software; Archivo: actividades.php; Acción: Lista los alumnos apuntados en la actividad 13; Fecha: 19-06-2025; Hora: 11:51:03
1 - Software; Archivo: actividades.php; Acción: Lista los alumnos apuntados en la actividad 13; Fecha: 19-06-2025; Hora: 11:53:09
1 - Software; Archivo: actividades.php; Acción: Lista los alumnos apuntados en la actividad 13; Fecha: 19-06-2025; Hora: 11:56:46
1 - Software; Archivo: actividades.php; Acción: Lista los alumnos apuntados en la actividad 13; Fecha: 19-06-2025; Hora: 11:56:48
1 - Software; Archivo: actividades.php; Acción: Lista los alumnos apuntados en la actividad 13; Fecha: 19-06-2025; Hora: 11:58:01
1 - Software; Archivo: actividades.php; Acción: Lista los alumnos apuntados en la actividad 13; Fecha: 19-06-2025; Hora: 12:05:51
1 - Software; Archivo: actividades.php; Acción: Lista los alumnos apuntados en la actividad 13; Fecha: 19-06-2025; Hora: 12:06:19
1 - Software; Archivo: actividades.php; Acción: Lista los alumnos apuntados en la actividad 13; Fecha: 19-06-2025; Hora: 12:07:58
1 - Software; Archivo: actividades.php; Acción: Lista los alumnos apuntados en la actividad 13; Fecha: 19-06-2025; Hora: 12:07:59
1 - Software; Archivo: actividades.php; Acción: Lista los alumnos apuntados en la actividad 13; Fecha: 19-06-2025; Hora: 12:08:06
1 - Software; Archivo: actividades.php; Acción: Lista los alumnos apuntados en la actividad 13; Fecha: 19-06-2025; Hora: 12:08:40
1 - Software; Archivo: actividades.php; Acción: Lista los alumnos apuntados en la actividad 13; Fecha: 19-06-2025; Hora: 12:08:40
1 - Software; Archivo: actividades.php; Acción: Lista los alumnos apuntados en la actividad 13; Fecha: 19-06-2025; Hora: 12:08:42
1 - Software; Archivo: actividades.php; Acción: Lista los alumnos apuntados en la actividad 13; Fecha: 19-06-2025; Hora: 12:10:14
1 - Software; Archivo: actividades.php; Acción: Lista los alumnos apuntados en la actividad 13; Fecha: 19-06-2025; Hora: 12:10:15
1 - Software; Archivo: actividades.php; Acción: Lista los alumnos apuntados en la actividad 13; Fecha: 19-06-2025; Hora: 12:11:59
1 - Software; Archivo: actividades.php; Acción: Lista los alumnos apuntados en la actividad 13; Fecha: 19-06-2025; Hora: 12:12:00
1 - Software; Archivo: actividades.php; Acción: Lista los alumnos apuntados en la actividad 13; Fecha: 19-06-2025; Hora: 12:18:31
1 - Software; Archivo: actividades.php; Acción: Lista los alumnos apuntados en la actividad 13; Fecha: 19-06-2025; Hora: 12:23:22
1 - Software; Archivo: actividades.php; Acción: Lista los alumnos apuntados en la actividad 13; Fecha: 19-06-2025; Hora: 12:23:23
1 - Software; Archivo: actividades.php; Acción: Alumno 13 fue apuntado por Software a la actividad 13; Fecha: 19-06-2025; Hora: 12:23:25
1 - Software; Archivo: actividades.php; Acción: Lista los alumnos apuntados en la actividad 13; Fecha: 19-06-2025; Hora: 12:23:25
1 - Software; Archivo: actividades.php; Acción: Alumno 6 fue apuntado por Software a la actividad 13; Fecha: 19-06-2025; Hora: 12:23:53
1 - Software; Archivo: actividades.php; Acción: Lista los alumnos apuntados en la actividad 13; Fecha: 19-06-2025; Hora: 12:23:53
1 - Software; Archivo: actividades.php; Acción: Lista los alumnos apuntados en la actividad 13; Fecha: 19-06-2025; Hora: 12:33:19
1 - Software; Archivo: actividades.php; Acción: Lista los alumnos apuntados en la actividad 13; Fecha: 19-06-2025; Hora: 12:35:20
1 - Software; Archivo: actividades.php; Acción: Lista los alumnos apuntados en la actividad 13; Fecha: 19-06-2025; Hora: 12:35:30
1 - Software; Archivo: actividades.php; Acción: Alumno 6 fue apuntado por Software a la actividad 13; Fecha: 19-06-2025; Hora: 12:35:38
1 - Software; Archivo: actividades.php; Acción: Lista los alumnos apuntados en la actividad 13; Fecha: 19-06-2025; Hora: 12:35:38
1 - Software; Archivo: actividades.php; Acción: Lista los alumnos apuntados en la actividad 13; Fecha: 19-06-2025; Hora: 12:36:35
1 - Software; Archivo: actividades.php; Acción: Alumno 13 fue apuntado por Software a la actividad 13; Fecha: 19-06-2025; Hora: 12:36:49
1 - Software; Archivo: actividades.php; Acción: Lista los alumnos apuntados en la actividad 13; Fecha: 19-06-2025; Hora: 12:36:49
ID: 15 - Nombre: Andres - IP: 192.168.31.3; Archivo: usuario.php; Acción: Se hace login Alumno; Fecha: 19-06-2025; Hora: 12:37:02
15 - Andres; Archivo: actividades.php; Acción: Lista las actividades del usuario; Fecha: 19-06-2025; Hora: 12:37:09
ID: 1 - Nombre: Software - IP: 192.168.31.3; Archivo: usuario.php; Acción: Se hace login; Fecha: 19-06-2025; Hora: 12:37:13
ID: 1 - Nombre: Software - IP: 192.168.31.3; Archivo: usuario.php; Acción: Se hace login; Fecha: 19-06-2025; Hora: 12:37:30
1 - Software; Archivo: actividades.php; Acción: Lista las actividades de los adminitradores; Fecha: 19-06-2025; Hora: 12:37:32
1 - Software; Archivo: actividades.php; Acción: Lista los alumnos apuntados en la actividad 13; Fecha: 19-06-2025; Hora: 12:37:35
1 - Software; Archivo: actividades.php; Acción: Alumno 6 fue apuntado por Software a la actividad 13; Fecha: 19-06-2025; Hora: 12:38:15
1 - Software; Archivo: actividades.php; Acción: Lista los alumnos apuntados en la actividad 13; Fecha: 19-06-2025; Hora: 12:38:15
1 - Software; Archivo: actividades.php; Acción: Alumno 12 fue apuntado por Software a la actividad 13; Fecha: 19-06-2025; Hora: 12:38:29
1 - Software; Archivo: actividades.php; Acción: Lista los alumnos apuntados en la actividad 13; Fecha: 19-06-2025; Hora: 12:38:29
1 - Software; Archivo: actividades.php; Acción: Lista los alumnos apuntados en la actividad 13; Fecha: 19-06-2025; Hora: 12:45:17
1 - Software; Archivo: actividades.php; Acción: Alumno 12 fue apuntado por Software a la actividad 13; Fecha: 19-06-2025; Hora: 12:45:32
1 - Software; Archivo: actividades.php; Acción: Lista los alumnos apuntados en la actividad 13; Fecha: 19-06-2025; Hora: 12:45:32
1 - Software; Archivo: actividades.php; Acción: Lista las actividades de los adminitradores; Fecha: 19-06-2025; Hora: 12:45:50
ID: 15 - Nombre: Andres - IP: 192.168.31.3; Archivo: usuario.php; Acción: Se hace login Alumno; Fecha: 19-06-2025; Hora: 12:46:04
15 - Andres; Archivo: actividades.php; Acción: Lista las actividades del usuario; Fecha: 19-06-2025; Hora: 12:48:32
15 - Andres; Archivo: actividades.php; Acción: Lista las actividades de los alumnos; Fecha: 19-06-2025; Hora: 12:49:04
15 - Andres; Archivo: actividades.php; Acción: Lista las actividades del usuario; Fecha: 19-06-2025; Hora: 12:53:40
ID: 1 - Nombre: Software - IP: 192.168.31.3; Archivo: usuario.php; Acción: Se hace login; Fecha: 19-06-2025; Hora: 12:58:19
1 - Software; Archivo: pagos.php; Acción: Recoger los medios de pago; Fecha: 19-06-2025; Hora: 12:58:24
1 - Software; Archivo: tarifaAloja.php; Acción: Lista las tarifas de alojamiento; Fecha: 19-06-2025; Hora: 12:58:24
1 - Software; Archivo: actividades.php; Acción: Lista los alumnos apuntados en la actividad 13; Fecha: 19-06-2025; Hora: 13:02:17
15 - Andres; Archivo: actividades.php; Acción: Lista las actividades del usuario; Fecha: 19-06-2025; Hora: 13:02:23
1 - Software; Archivo: actividades.php; Acción: Alumno 12 fue apuntado por Software a la actividad 13; Fecha: 19-06-2025; Hora: 13:03:01
1 - Software; Archivo: actividades.php; Acción: Lista los alumnos apuntados en la actividad 13; Fecha: 19-06-2025; Hora: 13:03:01
ID: 7 - Nombre: José - IP: 192.168.31.3; Archivo: usuario.php; Acción: Se hace login; Fecha: 19-06-2025; Hora: 13:03:06
7 - José; Archivo: actividades.php; Acción: Lista las actividades de los adminitradores; Fecha: 19-06-2025; Hora: 13:27:51
ID: 1 - Nombre: Software - IP: 192.168.31.3; Archivo: usuario.php; Acción: Se hace login; Fecha: 19-06-2025; Hora: 13:28:07
1 - Software; Archivo: actividades.php; Acción: Lista las actividades de los adminitradores; Fecha: 19-06-2025; Hora: 13:28:09
1 - Software; Archivo: actividades.php; Acción: Lista los alumnos apuntados en la actividad 6; Fecha: 19-06-2025; Hora: 13:28:11
1 - Software; Archivo: actividades.php; Acción: Lista las actividades de los adminitradores; Fecha: 19-06-2025; Hora: 13:28:19
1 - Software; Archivo: actividades.php; Acción: Lista los alumnos apuntados en la actividad 13; Fecha: 19-06-2025; Hora: 13:28:23
1 - Software; Archivo: actividades.php; Acción: Alumno 6 fue apuntado por Software a la actividad 13; Fecha: 19-06-2025; Hora: 13:40:58
1 - Software; Archivo: actividades.php; Acción: Lista los alumnos apuntados en la actividad 13; Fecha: 19-06-2025; Hora: 13:40:58
1 - Software; Archivo: actividades.php; Acción: Alumno 10 fue apuntado por Software a la actividad 13; Fecha: 19-06-2025; Hora: 13:41:39
1 - Software; Archivo: actividades.php; Acción: Lista los alumnos apuntados en la actividad 13; Fecha: 19-06-2025; Hora: 13:41:39
1 - Software; Archivo: actividades.php; Acción: Alumno 13 fue apuntado por Software a la actividad 13; Fecha: 19-06-2025; Hora: 13:43:25
1 - Software; Archivo: actividades.php; Acción: Lista los alumnos apuntados en la actividad 13; Fecha: 19-06-2025; Hora: 13:43:25
1 - Software; Archivo: actividades.php; Acción: El alumno 58 no ha asistido; Fecha: 19-06-2025; Hora: 13:43:40
1 - Software; Archivo: actividades.php; Acción: Lista los alumnos apuntados en la actividad 13; Fecha: 19-06-2025; Hora: 13:43:40
ID: 7 - Nombre: José - IP: 192.168.31.3; Archivo: usuario.php; Acción: Se hace login; Fecha: 19-06-2025; Hora: 13:49:40
ID: 1 - Nombre: Software - IP: 192.168.31.3; Archivo: usuario.php; Acción: Se hace login; Fecha: 19-06-2025; Hora: 13:50:17
ID: 15 - Nombre: Andres - IP: 192.168.31.3; Archivo: usuario.php; Acción: Se hace login Alumno; Fecha: 19-06-2025; Hora: 13:52:31
15 - Andres; Archivo: actividades.php; Acción: Lista las actividades de los alumnos; Fecha: 19-06-2025; Hora: 13:57:30
15 - Andres; Archivo: actividades.php; Acción: Lista las actividades del usuario; Fecha: 19-06-2025; Hora: 13:57:34
15 - Andres; Archivo: actividades.php; Acción: Lista las actividades del usuario; Fecha: 19-06-2025; Hora: 14:01:03
1 - Software; Archivo: actividades.php; Acción: Lista las actividades de los adminitradores; Fecha: 19-06-2025; Hora: 14:04:47
1 - Software; Archivo: actividades.php; Acción: Lista los alumnos apuntados en la actividad 13; Fecha: 19-06-2025; Hora: 14:04:50
15 - Andres; Archivo: actividades.php; Acción: Lista las actividades del usuario; Fecha: 19-06-2025; Hora: 14:14:26
15 - Andres; Archivo: actividades.php; Acción: Lista las actividades de los alumnos; Fecha: 19-06-2025; Hora: 14:17:34
ID: 1 - Nombre: Software - IP: 192.168.31.3; Archivo: usuario.php; Acción: Se hace login; Fecha: 19-06-2025; Hora: 14:17:51
1 - Software; Archivo: alojamientos.php; Acción: Lista los alojamientos; Fecha: 19-06-2025; Hora: 14:18:22
1 - Software; Archivo: alojamientos.php; Acción: Lista los alojamientos; Fecha: 19-06-2025; Hora: 14:18:22
1 - Software; Archivo: alojamientos.php; Acción: Lista los alojamientos; Fecha: 19-06-2025; Hora: 14:18:22
1 - Software; Archivo: alojamientos.php; Acción: Lista los alojamientos; Fecha: 19-06-2025; Hora: 14:18:22
1 - Software; Archivo: tiposAloja_Edu.php; Acción: Lista los tipos de alojamiento ; Fecha: 19-06-2025; Hora: 14:18:26
1 - Software; Archivo: actividades.php; Acción: Lista las actividades de los adminitradores; Fecha: 19-06-2025; Hora: 14:18:28
1 - Software; Archivo: personal_Edu.php; Acción: Lista los personales; Fecha: 19-06-2025; Hora: 14:18:33
 - Software; Archivo: asistencia.php; Acción: Lista las asistencias; Fecha: 19-06-2025; Hora: 14:18:34
1 - Software; Archivo: tarifaAloja.php; Acción: Lista las tarifas de alojamiento; Fecha: 19-06-2025; Hora: 14:18:37
ID:  - Nombre:  - IP: 192.168.31.3; Archivo: usuario.php; Acción: Se hace login; Fecha: 19-06-2025; Hora: 14:18:49
ID:  - Nombre:  - IP: 192.168.31.3; Archivo: usuario.php; Acción: Se hace login; Fecha: 19-06-2025; Hora: 14:18:50
ID: 1 - Nombre: Software - IP: 192.168.31.3; Archivo: usuario.php; Acción: Se hace login; Fecha: 19-06-2025; Hora: 14:18:53
ID: 15 - Nombre: Andres - IP: 192.168.31.3; Archivo: usuario.php; Acción: Se hace login Alumno; Fecha: 19-06-2025; Hora: 14:19:03
15 - Andres; Archivo: actividades.php; Acción: Lista las actividades del usuario; Fecha: 19-06-2025; Hora: 14:19:06
ID: 1 - Nombre: Software - IP: 192.168.31.3; Archivo: usuario.php; Acción: Se hace login; Fecha: 19-06-2025; Hora: 14:19:49
ID: 15 - Nombre: Andres - IP: 192.168.31.3; Archivo: usuario.php; Acción: Se hace login Alumno; Fecha: 19-06-2025; Hora: 14:20:03
15 - Andres; Archivo: actividades.php; Acción: Lista las actividades de los alumnos; Fecha: 19-06-2025; Hora: 14:21:38
15 - Andres; Archivo: actividades.php; Acción: Lista las actividades de los alumnos; Fecha: 19-06-2025; Hora: 14:21:41
15 - Andres; Archivo: actividades.php; Acción: Lista las actividades del usuario; Fecha: 19-06-2025; Hora: 14:22:07
15 - Andres; Archivo: actividades.php; Acción: Lista las actividades del usuario; Fecha: 19-06-2025; Hora: 14:22:14
15 - Andres; Archivo: actividades.php; Acción: Lista las actividades de los alumnos; Fecha: 19-06-2025; Hora: 14:22:29
ID: 1 - Nombre: Software - IP: 192.168.31.3; Archivo: usuario.php; Acción: Se hace login; Fecha: 19-06-2025; Hora: 14:22:45
1 - Software; Archivo: actividades.php; Acción: Lista las actividades de los adminitradores; Fecha: 19-06-2025; Hora: 14:22:48
1 - Software; Archivo: actividades.php; Acción: Lista las actividades de los adminitradores; Fecha: 19-06-2025; Hora: 14:22:52
1 - Software; Archivo: actividades.php; Acción: Lista los alumnos apuntados en la actividad 13; Fecha: 19-06-2025; Hora: 14:22:56
1 - Software; Archivo: actividades.php; Acción: Lista los alumnos apuntados en la actividad 13; Fecha: 19-06-2025; Hora: 14:24:09
1 - Software; Archivo: actividades.php; Acción: Lista los alumnos apuntados en la actividad 13; Fecha: 19-06-2025; Hora: 14:24:10
1 - Software; Archivo: actividades.php; Acción: Lista los alumnos apuntados en la actividad 13; Fecha: 19-06-2025; Hora: 14:25:44
1 - Software; Archivo: actividades.php; Acción: Lista los alumnos apuntados en la actividad 13; Fecha: 19-06-2025; Hora: 14:25:45
1 - Software; Archivo: actividades.php; Acción: Lista los alumnos apuntados en la actividad 13; Fecha: 19-06-2025; Hora: 14:25:49
1 - Software; Archivo: actividades.php; Acción: Lista los alumnos apuntados en la actividad 13; Fecha: 19-06-2025; Hora: 14:28:23
1 - Software; Archivo: actividades.php; Acción: Lista los alumnos apuntados en la actividad 13; Fecha: 19-06-2025; Hora: 14:28:24
1 - Software; Archivo: actividades.php; Acción: Lista los alumnos apuntados en la actividad 13; Fecha: 19-06-2025; Hora: 14:29:33
1 - Software; Archivo: actividades.php; Acción: Alumno 12 fue apuntado por Software a la actividad 13; Fecha: 19-06-2025; Hora: 14:29:37
1 - Software; Archivo: actividades.php; Acción: Lista los alumnos apuntados en la actividad 13; Fecha: 19-06-2025; Hora: 14:29:37
1 - Software; Archivo: actividades.php; Acción: Alumno 6 fue apuntado por Software a la actividad 13; Fecha: 19-06-2025; Hora: 14:29:45
1 - Software; Archivo: actividades.php; Acción: Lista los alumnos apuntados en la actividad 13; Fecha: 19-06-2025; Hora: 14:29:45
1 - Software; Archivo: actividades.php; Acción: Alumno 10 fue apuntado por Software a la actividad 13; Fecha: 19-06-2025; Hora: 14:29:51
1 - Software; Archivo: actividades.php; Acción: Lista los alumnos apuntados en la actividad 13; Fecha: 19-06-2025; Hora: 14:29:51
1 - Software; Archivo: actividades.php; Acción: Alumno 13 fue apuntado por Software a la actividad 13; Fecha: 19-06-2025; Hora: 14:29:59
1 - Software; Archivo: actividades.php; Acción: Lista los alumnos apuntados en la actividad 13; Fecha: 19-06-2025; Hora: 14:29:59
1 - Software; Archivo: actividades.php; Acción: Lista los alumnos apuntados en la actividad 13; Fecha: 19-06-2025; Hora: 14:34:32
1 - Software; Archivo: actividades.php; Acción: Lista los alumnos apuntados en la actividad 13; Fecha: 19-06-2025; Hora: 14:41:53
1 - Software; Archivo: actividades.php; Acción: Lista los alumnos apuntados en la actividad 13; Fecha: 19-06-2025; Hora: 14:41:55
1 - Software; Archivo: actividades.php; Acción: Lista los alumnos apuntados en la actividad 13; Fecha: 19-06-2025; Hora: 14:42:10
1 - Software; Archivo: personal_Edu.php; Acción: Lista los personales; Fecha: 19-06-2025; Hora: 15:04:35
 - Software; Archivo: asistencia.php; Acción: Lista las asistencias; Fecha: 19-06-2025; Hora: 15:04:36
1 - Software; Archivo: tipoCurso_Edu.php; Acción: Lista los tipos de curso; Fecha: 19-06-2025; Hora: 15:04:38
