ID: 1 - Nombre: Software - IP: 85.51.12.82; Archivo: usuario.php; Acción: Se hace login; Fecha: 26-09-2025; Hora: 10:33:21
1 - Software; Archivo: pagos.php; Acción: Recoger los medios de pago; Fecha: 26-09-2025; Hora: 10:33:36
1 - Software; Archivo: tarifaAloja.php; Acción: Lista las tarifas de alojamiento; Fecha: 26-09-2025; Hora: 10:33:36
1 - Software; Archivo: tarifaAloja.php; Acción: Lista las tarifas de alojamiento; Fecha: 26-09-2025; Hora: 10:34:01
1 - Software; Archivo: pagos.php; Acción: Recoger los medios de pago; Fecha: 26-09-2025; Hora: 10:56:48
1 - Software; Archivo: tarifaAloja.php; Acción: Lista las tarifas de alojamiento; Fecha: 26-09-2025; Hora: 10:56:48
1 - Software; Archivo: tarifaAloja.php; Acción: Lista las tarifas de alojamiento; Fecha: 26-09-2025; Hora: 10:56:53
1 - Software; Archivo: tarifaAloja.php; Acción: Lista las tarifas de alojamiento; Fecha: 26-09-2025; Hora: 10:58:18
1 - Software; Archivo: tarifaAloja.php; Acción: Lista las tarifas de alojamiento; Fecha: 26-09-2025; Hora: 11:04:38
ID: 1 - Nombre: Software - IP: 192.168.31.3; Archivo: usuario.php; Acción: Se hace login; Fecha: 26-09-2025; Hora: 13:58:48
1 - Software; Archivo: pagos.php; Acción: Recoger los medios de pago; Fecha: 26-09-2025; Hora: 14:00:15
1 - Software; Archivo: tarifaAloja.php; Acción: Lista las tarifas de alojamiento; Fecha: 26-09-2025; Hora: 14:00:15
1 - Software; Archivo: pagos.php; Acción: Recoger los medios de pago; Fecha: 26-09-2025; Hora: 14:00:23
1 - Software; Archivo: tarifaAloja.php; Acción: Lista las tarifas de alojamiento; Fecha: 26-09-2025; Hora: 14:00:23
1 - Software; Archivo: pagos.php; Acción: Recoger los medios de pago; Fecha: 26-09-2025; Hora: 14:00:31
1 - Software; Archivo: tarifaAloja.php; Acción: Lista las tarifas de alojamiento; Fecha: 26-09-2025; Hora: 14:00:31
1 - Software; Archivo: pagos.php; Acción: Recoger los medios de pago; Fecha: 26-09-2025; Hora: 14:00:35
1 - Software; Archivo: tarifaAloja.php; Acción: Lista las tarifas de alojamiento; Fecha: 26-09-2025; Hora: 14:00:35
1 - Software; Archivo: tarifaAloja.php; Acción: Lista las tarifas de alojamiento; Fecha: 26-09-2025; Hora: 14:09:18
1 - Software; Archivo: tarifaAloja.php; Acción: Lista las tarifas de alojamiento; Fecha: 26-09-2025; Hora: 14:09:47
1 - Software; Archivo: tarifaAloja.php; Acción: Lista las tarifas de alojamiento; Fecha: 26-09-2025; Hora: 14:09:50
1 - Software; Archivo: tarifaAloja.php; Acción: Lista las tarifas de alojamiento; Fecha: 26-09-2025; Hora: 14:09:55
1 - Software; Archivo: pagos.php; Acción: Recoger los medios de pago; Fecha: 26-09-2025; Hora: 14:09:59
1 - Software; Archivo: tarifaAloja.php; Acción: Lista las tarifas de alojamiento; Fecha: 26-09-2025; Hora: 14:09:59
1 - Software; Archivo: tarifaAloja.php; Acción: Lista las tarifas de alojamiento; Fecha: 26-09-2025; Hora: 14:10:04
1 - Software; Archivo: pagos.php; Acción: Recoger los medios de pago; Fecha: 26-09-2025; Hora: 14:11:45
1 - Software; Archivo: tarifaAloja.php; Acción: Lista las tarifas de alojamiento; Fecha: 26-09-2025; Hora: 14:11:45
1 - Software; Archivo: tarifaAloja.php; Acción: Lista las tarifas de alojamiento; Fecha: 26-09-2025; Hora: 14:13:31
1 - Software; Archivo: tarifaAloja.php; Acción: Lista las tarifas de alojamiento; Fecha: 26-09-2025; Hora: 14:25:12
1 - Software; Archivo: tarifaAloja.php; Acción: Lista las tarifas de alojamiento; Fecha: 26-09-2025; Hora: 14:25:23
1 - Software; Archivo: tarifaAloja.php; Acción: Lista las tarifas de alojamiento; Fecha: 26-09-2025; Hora: 14:25:58
1 - Software; Archivo: tarifaAloja.php; Acción: Lista las tarifas de alojamiento; Fecha: 26-09-2025; Hora: 14:33:19
1 - Software; Archivo: tarifaAloja.php; Acción: Lista las tarifas de alojamiento; Fecha: 26-09-2025; Hora: 14:34:13
1 - Software; Archivo: tarifaAloja.php; Acción: Lista las tarifas de alojamiento; Fecha: 26-09-2025; Hora: 14:36:29
1 - Software; Archivo: tarifaAloja.php; Acción: Lista las tarifas de alojamiento; Fecha: 26-09-2025; Hora: 14:39:50
1 - Software; Archivo: tarifaAloja.php; Acción: Lista las tarifas de alojamiento; Fecha: 26-09-2025; Hora: 14:40:17
1 - Software; Archivo: tarifaAloja.php; Acción: Lista las tarifas de alojamiento; Fecha: 26-09-2025; Hora: 14:40:22
1 - Software; Archivo: tarifaAloja.php; Acción: Lista las tarifas de alojamiento; Fecha: 26-09-2025; Hora: 14:56:30
1 - Software; Archivo: tarifaAloja.php; Acción: Lista las tarifas de alojamiento; Fecha: 26-09-2025; Hora: 14:59:14
1 - Software; Archivo: tarifaAloja.php; Acción: Lista las tarifas de alojamiento; Fecha: 26-09-2025; Hora: 15:17:33
1 - Software; Archivo: tarifaAloja.php; Acción: Lista las tarifas de alojamiento; Fecha: 26-09-2025; Hora: 15:20:22
1 - Software; Archivo: tarifaAloja.php; Acción: Lista las tarifas de alojamiento; Fecha: 26-09-2025; Hora: 15:30:30
1 - Software; Archivo: personal_Edu.php; Acción: Lista los personales; Fecha: 26-09-2025; Hora: 15:42:23
1 - Software; Archivo: actividades.php; Acción: Lista las actividades del usuario; Fecha: 26-09-2025; Hora: 15:42:27
1 - Software; Archivo: alojamientos.php; Acción: Lista los alojamientos; Fecha: 26-09-2025; Hora: 15:51:59
1 - Software; Archivo: alojamientos.php; Acción: Lista los alojamientos; Fecha: 26-09-2025; Hora: 15:51:59
1 - Software; Archivo: alojamientos.php; Acción: Lista los alojamientos; Fecha: 26-09-2025; Hora: 15:51:59
1 - Software; Archivo: alojamientos.php; Acción: Lista los alojamientos; Fecha: 26-09-2025; Hora: 15:51:59
