ID: 1 - Nombre: Software - IP: 192.168.31.3; Archivo: usuario.php; Acción: Se hace login; Fecha: 18-08-2025; Hora: 09:05:02
1 - Software; Archivo: tarifaAloja.php; Acción: Lista las tarifas de alojamiento; Fecha: 18-08-2025; Hora: 09:08:52
1 - Software; Archivo: tarifaAloja.php; Acción: Lista las tarifas de alojamiento; Fecha: 18-08-2025; Hora: 09:18:21
1 - Software; Archivo: tarifaAloja.php; Acción: Lista las tarifas de alojamiento; Fecha: 18-08-2025; Hora: 09:18:22
ID: 1 - Nombre: Software - IP: 192.168.31.3; Archivo: usuario.php; Acción: Se hace login; Fecha: 18-08-2025; Hora: 09:18:50
1 - Software; Archivo: tarifaAloja.php; Acción: Lista las tarifas de alojamiento; Fecha: 18-08-2025; Hora: 09:18:54
1 - Software; Archivo: medios.php; Acción: Lista las facturas en facturación; Fecha: 18-08-2025; Hora: 09:19:53
1 - Software; Archivo: actividades.php; Acción: Lista las actividades de los adminitradores; Fecha: 18-08-2025; Hora: 09:19:58
1 - Software; Archivo: actividades.php; Acción: Lista los alumnos apuntados en la actividad 6; Fecha: 18-08-2025; Hora: 09:20:02
1 - Software; Archivo: pagos.php; Acción: Recoger los medios de pago; Fecha: 18-08-2025; Hora: 09:20:10
1 - Software; Archivo: tarifaAloja.php; Acción: Lista las tarifas de alojamiento; Fecha: 18-08-2025; Hora: 09:20:10
1 - Software; Archivo: tarifaAloja.php; Acción: Lista las tarifas de alojamiento; Fecha: 18-08-2025; Hora: 09:20:16
1 - Software; Archivo: tarifaAloja.php; Acción: Lista las tarifas de alojamiento; Fecha: 18-08-2025; Hora: 09:23:41
1 - Software; Archivo: tarifaAloja.php; Acción: Lista las tarifas de alojamiento; Fecha: 18-08-2025; Hora: 09:23:43
ID: 15 - Nombre: Andres - IP: 192.168.31.3; Archivo: usuario.php; Acción: Se hace login Alumno; Fecha: 18-08-2025; Hora: 09:26:51
15 - Andres; Archivo: actividades.php; Acción: Lista las actividades del usuario; Fecha: 18-08-2025; Hora: 09:26:54
15 - Andres; Archivo: actividades.php; Acción: Lista las actividades de los alumnos; Fecha: 18-08-2025; Hora: 09:27:41
ID: 1 - Nombre: Software - IP: 192.168.31.3; Archivo: usuario.php; Acción: Se hace login; Fecha: 18-08-2025; Hora: 09:28:02
1 - Software; Archivo: alojamientos.php; Acción: Lista los alojamientos; Fecha: 18-08-2025; Hora: 09:28:07
1 - Software; Archivo: alojamientos.php; Acción: Lista los alojamientos; Fecha: 18-08-2025; Hora: 09:28:07
1 - Software; Archivo: alojamientos.php; Acción: Lista los alojamientos; Fecha: 18-08-2025; Hora: 09:28:07
1 - Software; Archivo: alojamientos.php; Acción: Lista los alojamientos; Fecha: 18-08-2025; Hora: 09:28:07
1 - Software; Archivo: actividades.php; Acción: Lista las actividades de los adminitradores; Fecha: 18-08-2025; Hora: 09:28:34
1 - Software; Archivo: actividades.php; Acción: Lista los alumnos apuntados en la actividad 6; Fecha: 18-08-2025; Hora: 09:28:37
1 - Software; Archivo: actividades.php; Acción: Lista las actividades de los adminitradores; Fecha: 18-08-2025; Hora: 09:28:40
1 - Software; Archivo: pagos.php; Acción: Recoger los medios de pago; Fecha: 18-08-2025; Hora: 09:34:51
1 - Software; Archivo: tarifaAloja.php; Acción: Lista las tarifas de alojamiento; Fecha: 18-08-2025; Hora: 09:34:51
1 - Software; Archivo: tarifaAloja.php; Acción: Lista las tarifas de alojamiento; Fecha: 18-08-2025; Hora: 09:34:55
1 - Software; Archivo: tarifaAloja.php; Acción: Lista las tarifas de alojamiento; Fecha: 18-08-2025; Hora: 09:35:23
1 - Software; Archivo: tarifaAloja.php; Acción: Lista las tarifas de alojamiento; Fecha: 18-08-2025; Hora: 09:35:24
1 - Software; Archivo: actividades.php; Acción: Lista las actividades del usuario; Fecha: 18-08-2025; Hora: 09:40:49
1 - Software; Archivo: personal_Edu.php; Acción: Lista los personales; Fecha: 18-08-2025; Hora: 09:40:57
1 - Software; Archivo: personal_Edu.php; Acción: Lista los personales; Fecha: 18-08-2025; Hora: 09:40:59
1 - Software; Archivo: personal_Edu.php; Acción: Lista los personales; Fecha: 18-08-2025; Hora: 09:41:04
 - Software; Archivo: asistencia.php; Acción: Lista las asistencias; Fecha: 18-08-2025; Hora: 09:41:09
1 - Software; Archivo: tipoCurso_Edu.php; Acción: Lista los tipos de curso; Fecha: 18-08-2025; Hora: 09:41:12
1 - Software; Archivo: tarifaAloja.php; Acción: Lista las tarifas de alojamiento; Fecha: 18-08-2025; Hora: 09:41:17
1 - Software; Archivo: idiomas.php; Acción: Lista los idiomas; Fecha: 18-08-2025; Hora: 09:41:25
1 - Software; Archivo: tipoCurso_Edu.php; Acción: Lista los tipos de curso; Fecha: 18-08-2025; Hora: 09:41:26
1 - Software; Archivo: niveles.php; Acción: Lista los niveles; Fecha: 18-08-2025; Hora: 09:41:28
1 - Software; Archivo: personal_Edu.php; Acción: Lista los personales; Fecha: 18-08-2025; Hora: 09:41:31
1 - Software; Archivo: pagos.php; Acción: Recoger los medios de pago; Fecha: 18-08-2025; Hora: 09:41:42
1 - Software; Archivo: tarifaAloja.php; Acción: Lista las tarifas de alojamiento; Fecha: 18-08-2025; Hora: 09:41:42
1 - Software; Archivo: tarifaAloja.php; Acción: Lista las tarifas de alojamiento; Fecha: 18-08-2025; Hora: 09:42:00
1 - Software; Archivo: tarifaAloja.php; Acción: Lista las tarifas de alojamiento; Fecha: 18-08-2025; Hora: 09:42:02
1 - Software; Archivo: pagos.php; Acción: Recoger los medios de pago; Fecha: 18-08-2025; Hora: 09:45:52
1 - Software; Archivo: tarifaAloja.php; Acción: Lista las tarifas de alojamiento; Fecha: 18-08-2025; Hora: 09:45:52
1 - Software; Archivo: tarifaAloja.php; Acción: Lista las tarifas de alojamiento; Fecha: 18-08-2025; Hora: 09:46:00
1 - Software; Archivo: pagos.php; Acción: Recoger los medios de pago; Fecha: 18-08-2025; Hora: 09:46:05
1 - Software; Archivo: tarifaAloja.php; Acción: Lista las tarifas de alojamiento; Fecha: 18-08-2025; Hora: 09:46:05
1 - Software; Archivo: tarifaAloja.php; Acción: Lista las tarifas de alojamiento; Fecha: 18-08-2025; Hora: 09:46:08
1 - Software; Archivo: pagos.php; Acción: Recoger los medios de pago; Fecha: 18-08-2025; Hora: 09:46:11
1 - Software; Archivo: tarifaAloja.php; Acción: Lista las tarifas de alojamiento; Fecha: 18-08-2025; Hora: 09:46:11
1 - Software; Archivo: tarifaAloja.php; Acción: Lista las tarifas de alojamiento; Fecha: 18-08-2025; Hora: 09:46:15
1 - Software; Archivo: tarifaAloja.php; Acción: Lista las tarifas de alojamiento; Fecha: 18-08-2025; Hora: 09:46:49
1 - Software; Archivo: tarifaAloja.php; Acción: Lista las tarifas de alojamiento; Fecha: 18-08-2025; Hora: 09:47:00
1 - Software; Archivo: tarifaAloja.php; Acción: Lista las tarifas de alojamiento; Fecha: 18-08-2025; Hora: 09:47:10
1 - Software; Archivo: tarifaAloja.php; Acción: Lista las tarifas de alojamiento; Fecha: 18-08-2025; Hora: 09:47:13
1 - Software; Archivo: tarifaAloja.php; Acción: Lista las tarifas de alojamiento; Fecha: 18-08-2025; Hora: 09:47:18
1 - Software; Archivo: tarifaAloja.php; Acción: Lista las tarifas de alojamiento; Fecha: 18-08-2025; Hora: 09:47:46
1 - Software; Archivo: tarifaAloja.php; Acción: Lista las tarifas de alojamiento; Fecha: 18-08-2025; Hora: 09:47:49
1 - Software; Archivo: tarifaAloja.php; Acción: Lista las tarifas de alojamiento; Fecha: 18-08-2025; Hora: 09:48:38
1 - Software; Archivo: tarifaAloja.php; Acción: Lista las tarifas de alojamiento; Fecha: 18-08-2025; Hora: 09:48:47
1 - Software; Archivo: tarifaAloja.php; Acción: Lista las tarifas de alojamiento; Fecha: 18-08-2025; Hora: 09:48:59
1 - Software; Archivo: tarifaAloja.php; Acción: Lista las tarifas de alojamiento; Fecha: 18-08-2025; Hora: 09:49:03
1 - Software; Archivo: tarifaAloja.php; Acción: Lista las tarifas de alojamiento; Fecha: 18-08-2025; Hora: 09:49:44
1 - Software; Archivo: tarifaAloja.php; Acción: Lista las tarifas de alojamiento; Fecha: 18-08-2025; Hora: 09:49:47
1 - Software; Archivo: tarifaAloja.php; Acción: Lista las tarifas de alojamiento; Fecha: 18-08-2025; Hora: 09:50:06
1 - Software; Archivo: tarifaAloja.php; Acción: Lista las tarifas de alojamiento; Fecha: 18-08-2025; Hora: 09:51:22
ID: 1 - Nombre: Software - IP: 192.168.31.3; Archivo: usuario.php; Acción: Se hace login; Fecha: 18-08-2025; Hora: 09:56:52
1 - Software; Archivo: tarifaAloja.php; Acción: Lista las tarifas de alojamiento; Fecha: 18-08-2025; Hora: 09:58:19
1 - Software; Archivo: tarifaAloja.php; Acción: Lista las tarifas de alojamiento; Fecha: 18-08-2025; Hora: 09:58:21
1 - Software; Archivo: tarifaAloja.php; Acción: Lista las tarifas de alojamiento; Fecha: 18-08-2025; Hora: 09:58:28
1 - Software; Archivo: tarifaAloja.php; Acción: Lista las tarifas de alojamiento; Fecha: 18-08-2025; Hora: 09:58:44
1 - Software; Archivo: tarifaAloja.php; Acción: Lista las tarifas de alojamiento; Fecha: 18-08-2025; Hora: 09:58:46
ID: 1 - Nombre: Software - IP: 192.168.31.3; Archivo: usuario.php; Acción: Se hace login; Fecha: 18-08-2025; Hora: 09:59:22
1 - Software; Archivo: pagos.php; Acción: Recoger los medios de pago; Fecha: 18-08-2025; Hora: 09:59:25
1 - Software; Archivo: tarifaAloja.php; Acción: Lista las tarifas de alojamiento; Fecha: 18-08-2025; Hora: 09:59:25
1 - Software; Archivo: pagos.php; Acción: Recoger los medios de pago; Fecha: 18-08-2025; Hora: 09:59:27
1 - Software; Archivo: tarifaAloja.php; Acción: Lista las tarifas de alojamiento; Fecha: 18-08-2025; Hora: 09:59:27
1 - Software; Archivo: tarifaAloja.php; Acción: Lista las tarifas de alojamiento; Fecha: 18-08-2025; Hora: 09:59:29
1 - Software; Archivo: tarifaAloja.php; Acción: Lista las tarifas de alojamiento; Fecha: 18-08-2025; Hora: 09:59:31
1 - Software; Archivo: tarifaAloja.php; Acción: Lista las tarifas de alojamiento; Fecha: 18-08-2025; Hora: 09:59:41
1 - Software; Archivo: tarifaAloja.php; Acción: Lista las tarifas de alojamiento; Fecha: 18-08-2025; Hora: 10:07:11
1 - Software; Archivo: tarifaAloja.php; Acción: Lista las tarifas de alojamiento; Fecha: 18-08-2025; Hora: 10:08:07
1 - Software; Archivo: tarifaAloja.php; Acción: Lista las tarifas de alojamiento; Fecha: 18-08-2025; Hora: 10:09:17
1 - Software; Archivo: tarifaAloja.php; Acción: Lista las tarifas de alojamiento; Fecha: 18-08-2025; Hora: 10:09:26
1 - Software; Archivo: tarifaAloja.php; Acción: Lista las tarifas de alojamiento; Fecha: 18-08-2025; Hora: 10:09:55
1 - Software; Archivo: tarifaAloja.php; Acción: Lista las tarifas de alojamiento; Fecha: 18-08-2025; Hora: 10:11:00
1 - Software; Archivo: pagos.php; Acción: Recoger los medios de pago; Fecha: 18-08-2025; Hora: 10:13:04
1 - Software; Archivo: tarifaAloja.php; Acción: Lista las tarifas de alojamiento; Fecha: 18-08-2025; Hora: 10:13:04
1 - Software; Archivo: tarifaAloja.php; Acción: Lista las tarifas de alojamiento; Fecha: 18-08-2025; Hora: 10:13:10
1 - Software; Archivo: tarifaAloja.php; Acción: Lista las tarifas de alojamiento; Fecha: 18-08-2025; Hora: 10:13:28
1 - Software; Archivo: tarifaAloja.php; Acción: Lista las tarifas de alojamiento; Fecha: 18-08-2025; Hora: 10:13:37
1 - Software; Archivo: tarifaAloja.php; Acción: Lista las tarifas de alojamiento; Fecha: 18-08-2025; Hora: 10:15:00
1 - Software; Archivo: tarifaAloja.php; Acción: Lista las tarifas de alojamiento; Fecha: 18-08-2025; Hora: 10:15:09
1 - Software; Archivo: tarifaAloja.php; Acción: Lista las tarifas de alojamiento; Fecha: 18-08-2025; Hora: 10:15:14
1 - Software; Archivo: tarifaAloja.php; Acción: Lista las tarifas de alojamiento; Fecha: 18-08-2025; Hora: 10:15:52
1 - Software; Archivo: tarifaAloja.php; Acción: Lista las tarifas de alojamiento; Fecha: 18-08-2025; Hora: 10:16:36
1 - Software; Archivo: tarifaAloja.php; Acción: Lista las tarifas de alojamiento; Fecha: 18-08-2025; Hora: 10:16:50
1 - Software; Archivo: tarifaAloja.php; Acción: Lista las tarifas de alojamiento; Fecha: 18-08-2025; Hora: 10:16:59
1 - Software; Archivo: tarifaAloja.php; Acción: Lista las tarifas de alojamiento; Fecha: 18-08-2025; Hora: 10:17:00
1 - Software; Archivo: tarifaAloja.php; Acción: Lista las tarifas de alojamiento; Fecha: 18-08-2025; Hora: 10:17:14
1 - Software; Archivo: tarifaAloja.php; Acción: Lista las tarifas de alojamiento; Fecha: 18-08-2025; Hora: 10:17:33
1 - Software; Archivo: tarifaAloja.php; Acción: Lista las tarifas de alojamiento; Fecha: 18-08-2025; Hora: 10:18:10
1 - Software; Archivo: tarifaAloja.php; Acción: Lista las tarifas de alojamiento; Fecha: 18-08-2025; Hora: 10:20:17
1 - Software; Archivo: tarifaAloja.php; Acción: Lista las tarifas de alojamiento; Fecha: 18-08-2025; Hora: 10:21:56
1 - Software; Archivo: pagos.php; Acción: Recoger los medios de pago; Fecha: 18-08-2025; Hora: 10:22:22
1 - Software; Archivo: tarifaAloja.php; Acción: Lista las tarifas de alojamiento; Fecha: 18-08-2025; Hora: 10:22:22
1 - Software; Archivo: tarifaAloja.php; Acción: Lista las tarifas de alojamiento; Fecha: 18-08-2025; Hora: 10:22:32
1 - Software; Archivo: tarifaAloja.php; Acción: Lista las tarifas de alojamiento; Fecha: 18-08-2025; Hora: 10:23:32
1 - Software; Archivo: tarifaAloja.php; Acción: Lista las tarifas de alojamiento; Fecha: 18-08-2025; Hora: 10:33:48
1 - Software; Archivo: tarifaAloja.php; Acción: Lista las tarifas de alojamiento; Fecha: 18-08-2025; Hora: 10:35:01
1 - Software; Archivo: tarifaAloja.php; Acción: Lista las tarifas de alojamiento; Fecha: 18-08-2025; Hora: 10:35:15
1 - Software; Archivo: tarifaAloja.php; Acción: Lista las tarifas de alojamiento; Fecha: 18-08-2025; Hora: 10:35:20
1 - Software; Archivo: tarifaAloja.php; Acción: Lista las tarifas de alojamiento; Fecha: 18-08-2025; Hora: 10:38:55
1 - Software; Archivo: tarifaAloja.php; Acción: Lista las tarifas de alojamiento; Fecha: 18-08-2025; Hora: 10:43:38
1 - Software; Archivo: tarifaAloja.php; Acción: Lista las tarifas de alojamiento; Fecha: 18-08-2025; Hora: 10:43:43
1 - Software; Archivo: tarifaAloja.php; Acción: Lista las tarifas de alojamiento; Fecha: 18-08-2025; Hora: 10:45:48
1 - Software; Archivo: tarifaAloja.php; Acción: Lista las tarifas de alojamiento; Fecha: 18-08-2025; Hora: 10:46:32
1 - Software; Archivo: tarifaAloja.php; Acción: Lista las tarifas de alojamiento; Fecha: 18-08-2025; Hora: 10:46:40
1 - Software; Archivo: tarifaAloja.php; Acción: Lista las tarifas de alojamiento; Fecha: 18-08-2025; Hora: 10:48:18
1 - Software; Archivo: tarifaAloja.php; Acción: Lista las tarifas de alojamiento; Fecha: 18-08-2025; Hora: 10:48:25
1 - Software; Archivo: tarifaAloja.php; Acción: Lista las tarifas de alojamiento; Fecha: 18-08-2025; Hora: 10:49:14
1 - Software; Archivo: tarifaAloja.php; Acción: Lista las tarifas de alojamiento; Fecha: 18-08-2025; Hora: 10:49:18
1 - Software; Archivo: tarifaAloja.php; Acción: Lista las tarifas de alojamiento; Fecha: 18-08-2025; Hora: 10:50:03
1 - Software; Archivo: tarifaAloja.php; Acción: Lista las tarifas de alojamiento; Fecha: 18-08-2025; Hora: 10:50:09
1 - Software; Archivo: tarifaAloja.php; Acción: Lista las tarifas de alojamiento; Fecha: 18-08-2025; Hora: 10:51:31
1 - Software; Archivo: tarifaAloja.php; Acción: Lista las tarifas de alojamiento; Fecha: 18-08-2025; Hora: 10:51:36
1 - Software; Archivo: tarifaAloja.php; Acción: Lista las tarifas de alojamiento; Fecha: 18-08-2025; Hora: 10:52:06
ID: 1 - Nombre: Software - IP: 192.168.31.3; Archivo: usuario.php; Acción: Se hace login; Fecha: 18-08-2025; Hora: 10:52:29
1 - Software; Archivo: pagos.php; Acción: Recoger los medios de pago; Fecha: 18-08-2025; Hora: 10:52:33
1 - Software; Archivo: tarifaAloja.php; Acción: Lista las tarifas de alojamiento; Fecha: 18-08-2025; Hora: 10:52:33
1 - Software; Archivo: tarifaAloja.php; Acción: Lista las tarifas de alojamiento; Fecha: 18-08-2025; Hora: 10:53:25
1 - Software; Archivo: tarifaAloja.php; Acción: Lista las tarifas de alojamiento; Fecha: 18-08-2025; Hora: 10:53:34
1 - Software; Archivo: tarifaAloja.php; Acción: Lista las tarifas de alojamiento; Fecha: 18-08-2025; Hora: 10:54:23
1 - Software; Archivo: tarifaAloja.php; Acción: Lista las tarifas de alojamiento; Fecha: 18-08-2025; Hora: 10:55:07
ID: 1 - Nombre: Software - IP: 192.168.31.3; Archivo: usuario.php; Acción: Se hace login; Fecha: 18-08-2025; Hora: 10:55:42
1 - Software; Archivo: pagos.php; Acción: Recoger los medios de pago; Fecha: 18-08-2025; Hora: 10:55:47
1 - Software; Archivo: tarifaAloja.php; Acción: Lista las tarifas de alojamiento; Fecha: 18-08-2025; Hora: 10:55:47
1 - Software; Archivo: tarifaAloja.php; Acción: Lista las tarifas de alojamiento; Fecha: 18-08-2025; Hora: 10:56:15
1 - Software; Archivo: tarifaAloja.php; Acción: Lista las tarifas de alojamiento; Fecha: 18-08-2025; Hora: 10:56:24
1 - Software; Archivo: tarifaAloja.php; Acción: Lista las tarifas de alojamiento; Fecha: 18-08-2025; Hora: 10:57:23
1 - Software; Archivo: tarifaAloja.php; Acción: Lista las tarifas de alojamiento; Fecha: 18-08-2025; Hora: 10:57:28
1 - Software; Archivo: tarifaAloja.php; Acción: Lista las tarifas de alojamiento; Fecha: 18-08-2025; Hora: 10:57:38
1 - Software; Archivo: pagos.php; Acción: Recoger los medios de pago; Fecha: 18-08-2025; Hora: 10:57:41
1 - Software; Archivo: tarifaAloja.php; Acción: Lista las tarifas de alojamiento; Fecha: 18-08-2025; Hora: 10:57:41
1 - Software; Archivo: tarifaAloja.php; Acción: Lista las tarifas de alojamiento; Fecha: 18-08-2025; Hora: 10:59:13
1 - Software; Archivo: pagos.php; Acción: Recoger los medios de pago; Fecha: 18-08-2025; Hora: 10:59:18
1 - Software; Archivo: tarifaAloja.php; Acción: Lista las tarifas de alojamiento; Fecha: 18-08-2025; Hora: 10:59:18
1 - Software; Archivo: pagos.php; Acción: Recoger los medios de pago; Fecha: 18-08-2025; Hora: 11:00:20
1 - Software; Archivo: tarifaAloja.php; Acción: Lista las tarifas de alojamiento; Fecha: 18-08-2025; Hora: 11:00:20
1 - Software; Archivo: tarifaAloja.php; Acción: Lista las tarifas de alojamiento; Fecha: 18-08-2025; Hora: 11:02:16
1 - Software; Archivo: pagos.php; Acción: Recoger los medios de pago; Fecha: 18-08-2025; Hora: 11:02:19
1 - Software; Archivo: tarifaAloja.php; Acción: Lista las tarifas de alojamiento; Fecha: 18-08-2025; Hora: 11:02:19
1 - Software; Archivo: pagos.php; Acción: Recoger los medios de pago; Fecha: 18-08-2025; Hora: 11:02:48
1 - Software; Archivo: tarifaAloja.php; Acción: Lista las tarifas de alojamiento; Fecha: 18-08-2025; Hora: 11:02:48
1 - Software; Archivo: pagos.php; Acción: Recoger los medios de pago; Fecha: 18-08-2025; Hora: 11:02:49
1 - Software; Archivo: tarifaAloja.php; Acción: Lista las tarifas de alojamiento; Fecha: 18-08-2025; Hora: 11:02:49
1 - Software; Archivo: tarifaAloja.php; Acción: Lista las tarifas de alojamiento; Fecha: 18-08-2025; Hora: 11:03:21
1 - Software; Archivo: tarifaAloja.php; Acción: Lista las tarifas de alojamiento; Fecha: 18-08-2025; Hora: 11:03:22
1 - Software; Archivo: pagos.php; Acción: Recoger los medios de pago; Fecha: 18-08-2025; Hora: 11:03:26
1 - Software; Archivo: tarifaAloja.php; Acción: Lista las tarifas de alojamiento; Fecha: 18-08-2025; Hora: 11:03:26
1 - Software; Archivo: pagos.php; Acción: Recoger los medios de pago; Fecha: 18-08-2025; Hora: 11:03:27
1 - Software; Archivo: tarifaAloja.php; Acción: Lista las tarifas de alojamiento; Fecha: 18-08-2025; Hora: 11:03:27
1 - Software; Archivo: pagos.php; Acción: Recoger los medios de pago; Fecha: 18-08-2025; Hora: 11:03:31
1 - Software; Archivo: tarifaAloja.php; Acción: Lista las tarifas de alojamiento; Fecha: 18-08-2025; Hora: 11:03:31
1 - Software; Archivo: pagos.php; Acción: Recoger los medios de pago; Fecha: 18-08-2025; Hora: 11:04:41
1 - Software; Archivo: tarifaAloja.php; Acción: Lista las tarifas de alojamiento; Fecha: 18-08-2025; Hora: 11:04:41
1 - Software; Archivo: pagos.php; Acción: Recoger los medios de pago; Fecha: 18-08-2025; Hora: 11:04:42
1 - Software; Archivo: tarifaAloja.php; Acción: Lista las tarifas de alojamiento; Fecha: 18-08-2025; Hora: 11:04:42
1 - Software; Archivo: tarifaAloja.php; Acción: Lista las tarifas de alojamiento; Fecha: 18-08-2025; Hora: 11:07:32
1 - Software; Archivo: tarifaAloja.php; Acción: Lista las tarifas de alojamiento; Fecha: 18-08-2025; Hora: 11:07:33
1 - Software; Archivo: pagos.php; Acción: Recoger los medios de pago; Fecha: 18-08-2025; Hora: 11:07:37
1 - Software; Archivo: tarifaAloja.php; Acción: Lista las tarifas de alojamiento; Fecha: 18-08-2025; Hora: 11:07:37
1 - Software; Archivo: pagos.php; Acción: Recoger los medios de pago; Fecha: 18-08-2025; Hora: 11:09:41
1 - Software; Archivo: tarifaAloja.php; Acción: Lista las tarifas de alojamiento; Fecha: 18-08-2025; Hora: 11:09:41
1 - Software; Archivo: pagos.php; Acción: Recoger los medios de pago; Fecha: 18-08-2025; Hora: 11:10:51
1 - Software; Archivo: tarifaAloja.php; Acción: Lista las tarifas de alojamiento; Fecha: 18-08-2025; Hora: 11:10:51
1 - Software; Archivo: pagos.php; Acción: Recoger los medios de pago; Fecha: 18-08-2025; Hora: 11:11:23
1 - Software; Archivo: tarifaAloja.php; Acción: Lista las tarifas de alojamiento; Fecha: 18-08-2025; Hora: 11:11:23
1 - Software; Archivo: tarifaAloja.php; Acción: Lista las tarifas de alojamiento; Fecha: 18-08-2025; Hora: 11:12:17
1 - Software; Archivo: tarifaAloja.php; Acción: Lista las tarifas de alojamiento; Fecha: 18-08-2025; Hora: 11:12:29
ID: 1 - Nombre: Software - IP: 192.168.31.3; Archivo: usuario.php; Acción: Se hace login; Fecha: 18-08-2025; Hora: 11:13:18
1 - Software; Archivo: pagos.php; Acción: Recoger los medios de pago; Fecha: 18-08-2025; Hora: 11:13:22
1 - Software; Archivo: tarifaAloja.php; Acción: Lista las tarifas de alojamiento; Fecha: 18-08-2025; Hora: 11:13:22
1 - Software; Archivo: tarifaAloja.php; Acción: Lista las tarifas de alojamiento; Fecha: 18-08-2025; Hora: 11:13:26
1 - Software; Archivo: tarifaAloja.php; Acción: Lista las tarifas de alojamiento; Fecha: 18-08-2025; Hora: 11:13:44
1 - Software; Archivo: tarifaAloja.php; Acción: Lista las tarifas de alojamiento; Fecha: 18-08-2025; Hora: 11:16:12
ID: 1 - Nombre: Software - IP: 192.168.31.3; Archivo: usuario.php; Acción: Se hace login; Fecha: 18-08-2025; Hora: 11:19:56
1 - Software; Archivo: pagos.php; Acción: Recoger los medios de pago; Fecha: 18-08-2025; Hora: 11:20:05
1 - Software; Archivo: tarifaAloja.php; Acción: Lista las tarifas de alojamiento; Fecha: 18-08-2025; Hora: 11:20:05
1 - Software; Archivo: tarifaAloja.php; Acción: Lista las tarifas de alojamiento; Fecha: 18-08-2025; Hora: 11:21:04
1 - Software; Archivo: tarifaAloja.php; Acción: Lista las tarifas de alojamiento; Fecha: 18-08-2025; Hora: 11:21:36
1 - Software; Archivo: pagos.php; Acción: Recoger los medios de pago; Fecha: 18-08-2025; Hora: 11:22:37
1 - Software; Archivo: tarifaAloja.php; Acción: Lista las tarifas de alojamiento; Fecha: 18-08-2025; Hora: 11:22:37
1 - Software; Archivo: tarifaAloja.php; Acción: Lista las tarifas de alojamiento; Fecha: 18-08-2025; Hora: 11:23:19
1 - Software; Archivo: tarifaAloja.php; Acción: Lista las tarifas de alojamiento; Fecha: 18-08-2025; Hora: 11:25:48
1 - Software; Archivo: tarifaAloja.php; Acción: Lista las tarifas de alojamiento; Fecha: 18-08-2025; Hora: 11:26:35
1 - Software; Archivo: tarifaAloja.php; Acción: Lista las tarifas de alojamiento; Fecha: 18-08-2025; Hora: 11:29:18
1 - Software; Archivo: tarifaAloja.php; Acción: Lista las tarifas de alojamiento; Fecha: 18-08-2025; Hora: 11:35:44
1 - Software; Archivo: tarifaAloja.php; Acción: Lista las tarifas de alojamiento; Fecha: 18-08-2025; Hora: 11:37:19
1 - Software; Archivo: tarifaAloja.php; Acción: Lista las tarifas de alojamiento; Fecha: 18-08-2025; Hora: 11:38:54
1 - Software; Archivo: tarifaAloja.php; Acción: Lista las tarifas de alojamiento; Fecha: 18-08-2025; Hora: 11:40:11
1 - Software; Archivo: pagos.php; Acción: Recoger los medios de pago; Fecha: 18-08-2025; Hora: 11:40:31
1 - Software; Archivo: tarifaAloja.php; Acción: Lista las tarifas de alojamiento; Fecha: 18-08-2025; Hora: 11:40:31
1 - Software; Archivo: tarifaAloja.php; Acción: Lista las tarifas de alojamiento; Fecha: 18-08-2025; Hora: 11:40:34
1 - Software; Archivo: tarifaAloja.php; Acción: Lista las tarifas de alojamiento; Fecha: 18-08-2025; Hora: 11:44:55
1 - Software; Archivo: tarifaAloja.php; Acción: Lista las tarifas de alojamiento; Fecha: 18-08-2025; Hora: 11:45:14
ID: 1 - Nombre: Software - IP: 192.168.31.3; Archivo: usuario.php; Acción: Se hace login; Fecha: 18-08-2025; Hora: 11:48:27
1 - Software; Archivo: pagos.php; Acción: Recoger los medios de pago; Fecha: 18-08-2025; Hora: 11:48:34
1 - Software; Archivo: tarifaAloja.php; Acción: Lista las tarifas de alojamiento; Fecha: 18-08-2025; Hora: 11:48:34
1 - Software; Archivo: tarifaAloja.php; Acción: Lista las tarifas de alojamiento; Fecha: 18-08-2025; Hora: 11:48:38
1 - Software; Archivo: tarifaAloja.php; Acción: Lista las tarifas de alojamiento; Fecha: 18-08-2025; Hora: 11:50:16
1 - Software; Archivo: tarifaAloja.php; Acción: Lista las tarifas de alojamiento; Fecha: 18-08-2025; Hora: 11:50:21
1 - Software; Archivo: tarifaAloja.php; Acción: Lista las tarifas de alojamiento; Fecha: 18-08-2025; Hora: 11:52:10
1 - Software; Archivo: tarifaAloja.php; Acción: Lista las tarifas de alojamiento; Fecha: 18-08-2025; Hora: 11:52:16
1 - Software; Archivo: pagos.php; Acción: Recoger los medios de pago; Fecha: 18-08-2025; Hora: 11:52:31
1 - Software; Archivo: tarifaAloja.php; Acción: Lista las tarifas de alojamiento; Fecha: 18-08-2025; Hora: 11:52:31
1 - Software; Archivo: tarifaAloja.php; Acción: Lista las tarifas de alojamiento; Fecha: 18-08-2025; Hora: 11:52:34
ID: 1 - Nombre: Software - IP: 192.168.31.3; Archivo: usuario.php; Acción: Se hace login; Fecha: 18-08-2025; Hora: 11:53:34
1 - Software; Archivo: pagos.php; Acción: Recoger los medios de pago; Fecha: 18-08-2025; Hora: 11:53:38
1 - Software; Archivo: tarifaAloja.php; Acción: Lista las tarifas de alojamiento; Fecha: 18-08-2025; Hora: 11:53:38
1 - Software; Archivo: tarifaAloja.php; Acción: Lista las tarifas de alojamiento; Fecha: 18-08-2025; Hora: 11:53:41
1 - Software; Archivo: tarifaAloja.php; Acción: Lista las tarifas de alojamiento; Fecha: 18-08-2025; Hora: 11:53:48
1 - Software; Archivo: tarifaAloja.php; Acción: Lista las tarifas de alojamiento; Fecha: 18-08-2025; Hora: 11:54:02
1 - Software; Archivo: tarifaAloja.php; Acción: Lista las tarifas de alojamiento; Fecha: 18-08-2025; Hora: 11:54:15
1 - Software; Archivo: tarifaAloja.php; Acción: Lista las tarifas de alojamiento; Fecha: 18-08-2025; Hora: 11:54:55
1 - Software; Archivo: tarifaAloja.php; Acción: Lista las tarifas de alojamiento; Fecha: 18-08-2025; Hora: 11:54:58
1 - Software; Archivo: tarifaAloja.php; Acción: Lista las tarifas de alojamiento; Fecha: 18-08-2025; Hora: 11:55:31
1 - Software; Archivo: tarifaAloja.php; Acción: Lista las tarifas de alojamiento; Fecha: 18-08-2025; Hora: 11:55:37
1 - Software; Archivo: tarifaAloja.php; Acción: Lista las tarifas de alojamiento; Fecha: 18-08-2025; Hora: 11:55:50
1 - Software; Archivo: tarifaAloja.php; Acción: Lista las tarifas de alojamiento; Fecha: 18-08-2025; Hora: 11:56:18
1 - Software; Archivo: tarifaAloja.php; Acción: Lista las tarifas de alojamiento; Fecha: 18-08-2025; Hora: 11:56:24
1 - Software; Archivo: tarifaAloja.php; Acción: Lista las tarifas de alojamiento; Fecha: 18-08-2025; Hora: 11:56:53
1 - Software; Archivo: tarifaAloja.php; Acción: Lista las tarifas de alojamiento; Fecha: 18-08-2025; Hora: 11:57:09
ID: 1 - Nombre: Software - IP: 192.168.31.3; Archivo: usuario.php; Acción: Se hace login; Fecha: 18-08-2025; Hora: 12:01:58
1 - Software; Archivo: pagos.php; Acción: Recoger los medios de pago; Fecha: 18-08-2025; Hora: 12:02:02
1 - Software; Archivo: tarifaAloja.php; Acción: Lista las tarifas de alojamiento; Fecha: 18-08-2025; Hora: 12:02:02
1 - Software; Archivo: tarifaAloja.php; Acción: Lista las tarifas de alojamiento; Fecha: 18-08-2025; Hora: 12:02:06
1 - Software; Archivo: tarifaAloja.php; Acción: Lista las tarifas de alojamiento; Fecha: 18-08-2025; Hora: 12:02:10
1 - Software; Archivo: pagos.php; Acción: Recoger los medios de pago; Fecha: 18-08-2025; Hora: 12:05:47
1 - Software; Archivo: tarifaAloja.php; Acción: Lista las tarifas de alojamiento; Fecha: 18-08-2025; Hora: 12:05:47
1 - Software; Archivo: tarifaAloja.php; Acción: Lista las tarifas de alojamiento; Fecha: 18-08-2025; Hora: 12:05:51
1 - Software; Archivo: pagos.php; Acción: Recoger los medios de pago; Fecha: 18-08-2025; Hora: 12:05:53
1 - Software; Archivo: tarifaAloja.php; Acción: Lista las tarifas de alojamiento; Fecha: 18-08-2025; Hora: 12:05:53
1 - Software; Archivo: tarifaAloja.php; Acción: Lista las tarifas de alojamiento; Fecha: 18-08-2025; Hora: 12:05:57
1 - Software; Archivo: tarifaAloja.php; Acción: Lista las tarifas de alojamiento; Fecha: 18-08-2025; Hora: 12:06:25
1 - Software; Archivo: tarifaAloja.php; Acción: Lista las tarifas de alojamiento; Fecha: 18-08-2025; Hora: 12:06:52
1 - Software; Archivo: tarifaAloja.php; Acción: Lista las tarifas de alojamiento; Fecha: 18-08-2025; Hora: 12:07:45
1 - Software; Archivo: pagos.php; Acción: Recoger los medios de pago; Fecha: 18-08-2025; Hora: 12:07:47
1 - Software; Archivo: tarifaAloja.php; Acción: Lista las tarifas de alojamiento; Fecha: 18-08-2025; Hora: 12:07:47
ID: 1 - Nombre: Software - IP: 192.168.31.3; Archivo: usuario.php; Acción: Se hace login; Fecha: 18-08-2025; Hora: 12:08:35
1 - Software; Archivo: pagos.php; Acción: Recoger los medios de pago; Fecha: 18-08-2025; Hora: 12:08:39
1 - Software; Archivo: tarifaAloja.php; Acción: Lista las tarifas de alojamiento; Fecha: 18-08-2025; Hora: 12:08:39
1 - Software; Archivo: pagos.php; Acción: Recoger los medios de pago; Fecha: 18-08-2025; Hora: 12:13:44
1 - Software; Archivo: tarifaAloja.php; Acción: Lista las tarifas de alojamiento; Fecha: 18-08-2025; Hora: 12:13:44
1 - Software; Archivo: pagos.php; Acción: Recoger los medios de pago; Fecha: 18-08-2025; Hora: 12:14:32
1 - Software; Archivo: tarifaAloja.php; Acción: Lista las tarifas de alojamiento; Fecha: 18-08-2025; Hora: 12:14:32
1 - Software; Archivo: pagos.php; Acción: Recoger los medios de pago; Fecha: 18-08-2025; Hora: 12:14:42
1 - Software; Archivo: tarifaAloja.php; Acción: Lista las tarifas de alojamiento; Fecha: 18-08-2025; Hora: 12:14:42
1 - Software; Archivo: pagos.php; Acción: Recoger los medios de pago; Fecha: 18-08-2025; Hora: 12:15:35
1 - Software; Archivo: tarifaAloja.php; Acción: Lista las tarifas de alojamiento; Fecha: 18-08-2025; Hora: 12:15:35
1 - Software; Archivo: tarifaAloja.php; Acción: Lista las tarifas de alojamiento; Fecha: 18-08-2025; Hora: 12:27:30
1 - Software; Archivo: medios.php; Acción: Lista las facturas en facturación; Fecha: 18-08-2025; Hora: 12:29:07
1 - Software; Archivo: medios.php; Acción: Lista las facturas en facturación; Fecha: 18-08-2025; Hora: 12:29:07
1 - Software; Archivo: medios.php; Acción: Lista las facturas en facturación; Fecha: 18-08-2025; Hora: 12:29:07
1 - Software; Archivo: medios.php; Acción: Lista las facturas en facturación; Fecha: 18-08-2025; Hora: 12:29:07
1 - Software; Archivo: medios.php; Acción: Lista las facturas en facturación; Fecha: 18-08-2025; Hora: 12:31:34
1 - Software; Archivo: medios.php; Acción: Lista las facturas en facturación; Fecha: 18-08-2025; Hora: 12:31:34
1 - Software; Archivo: medios.php; Acción: Lista las facturas en facturación; Fecha: 18-08-2025; Hora: 12:31:36
1 - Software; Archivo: medios.php; Acción: Lista las facturas en facturación; Fecha: 18-08-2025; Hora: 12:31:36
1 - Software; Archivo: medios.php; Acción: Lista las facturas en facturación; Fecha: 18-08-2025; Hora: 12:31:36
1 - Software; Archivo: medios.php; Acción: Lista las facturas en facturación; Fecha: 18-08-2025; Hora: 12:31:36
1 - Software; Archivo: proforma.php; Acción: La factura 57fue desactivada; Fecha: 18-08-2025; Hora: 12:31:55
1 - Software; Archivo: medios.php; Acción: Lista las facturas en facturación; Fecha: 18-08-2025; Hora: 12:31:55
1 - Software; Archivo: medios.php; Acción: Lista las facturas en facturación; Fecha: 18-08-2025; Hora: 12:31:55
1 - Software; Archivo: medios.php; Acción: Lista las facturas en facturación; Fecha: 18-08-2025; Hora: 12:32:00
1 - Software; Archivo: medios.php; Acción: Lista las facturas en facturación; Fecha: 18-08-2025; Hora: 12:32:00
1 - Software; Archivo: medios.php; Acción: Lista las facturas en facturación; Fecha: 18-08-2025; Hora: 12:32:02
1 - Software; Archivo: medios.php; Acción: Lista las facturas en facturación; Fecha: 18-08-2025; Hora: 12:32:02
1 - Software; Archivo: medios.php; Acción: Lista las facturas en facturación; Fecha: 18-08-2025; Hora: 12:32:02
1 - Software; Archivo: medios.php; Acción: Lista las facturas en facturación; Fecha: 18-08-2025; Hora: 12:32:02
1 - Software; Archivo: medios.php; Acción: Lista las facturas en facturación; Fecha: 18-08-2025; Hora: 12:33:13
1 - Software; Archivo: medios.php; Acción: Lista las facturas en facturación; Fecha: 18-08-2025; Hora: 12:33:13
1 - Software; Archivo: medios.php; Acción: Lista las facturas en facturación; Fecha: 18-08-2025; Hora: 12:33:13
1 - Software; Archivo: medios.php; Acción: Lista las facturas en facturación; Fecha: 18-08-2025; Hora: 12:33:13
1 - Software; Archivo: medios.php; Acción: Lista las facturas en facturación; Fecha: 18-08-2025; Hora: 12:33:37
1 - Software; Archivo: medios.php; Acción: Lista las facturas en facturación; Fecha: 18-08-2025; Hora: 12:33:37
1 - Software; Archivo: medios.php; Acción: Lista las facturas en facturación; Fecha: 18-08-2025; Hora: 12:33:37
1 - Software; Archivo: medios.php; Acción: Lista las facturas en facturación; Fecha: 18-08-2025; Hora: 12:33:37
1 - Software; Archivo: medios.php; Acción: Lista las facturas en facturación; Fecha: 18-08-2025; Hora: 12:34:02
1 - Software; Archivo: medios.php; Acción: Lista las facturas en facturación; Fecha: 18-08-2025; Hora: 12:34:02
1 - Software; Archivo: medios.php; Acción: Lista las facturas en facturación; Fecha: 18-08-2025; Hora: 12:34:02
1 - Software; Archivo: medios.php; Acción: Lista las facturas en facturación; Fecha: 18-08-2025; Hora: 12:34:02
1 - Software; Archivo: tarifaAloja.php; Acción: Lista las tarifas de alojamiento; Fecha: 18-08-2025; Hora: 12:34:21
1 - Software; Archivo: medios.php; Acción: Lista las facturas en facturación; Fecha: 18-08-2025; Hora: 12:36:16
1 - Software; Archivo: medios.php; Acción: Lista las facturas en facturación; Fecha: 18-08-2025; Hora: 12:36:16
1 - Software; Archivo: medios.php; Acción: Lista las facturas en facturación; Fecha: 18-08-2025; Hora: 12:36:16
1 - Software; Archivo: medios.php; Acción: Lista las facturas en facturación; Fecha: 18-08-2025; Hora: 12:36:16
1 - Software; Archivo: medios.php; Acción: Lista las facturas en facturación; Fecha: 18-08-2025; Hora: 12:36:20
1 - Software; Archivo: medios.php; Acción: Lista las facturas en facturación; Fecha: 18-08-2025; Hora: 12:36:20
1 - Software; Archivo: medios.php; Acción: Lista las facturas en facturación; Fecha: 18-08-2025; Hora: 12:36:20
1 - Software; Archivo: medios.php; Acción: Lista las facturas en facturación; Fecha: 18-08-2025; Hora: 12:36:20
1 - Software; Archivo: pagos.php; Acción: Recoger los medios de pago; Fecha: 18-08-2025; Hora: 12:36:28
1 - Software; Archivo: tarifaAloja.php; Acción: Lista las tarifas de alojamiento; Fecha: 18-08-2025; Hora: 12:36:28
1 - Software; Archivo: medios.php; Acción: Lista las facturas en facturación; Fecha: 18-08-2025; Hora: 12:36:28
1 - Software; Archivo: medios.php; Acción: Lista las facturas en facturación; Fecha: 18-08-2025; Hora: 12:36:28
1 - Software; Archivo: medios.php; Acción: Lista las facturas en facturación; Fecha: 18-08-2025; Hora: 12:36:28
1 - Software; Archivo: medios.php; Acción: Lista las facturas en facturación; Fecha: 18-08-2025; Hora: 12:36:28
1 - Software; Archivo: tarifaAloja.php; Acción: Lista las tarifas de alojamiento; Fecha: 18-08-2025; Hora: 12:36:45
1 - Software; Archivo: pagos.php; Acción: Recoger los medios de pago; Fecha: 18-08-2025; Hora: 12:37:20
1 - Software; Archivo: tarifaAloja.php; Acción: Lista las tarifas de alojamiento; Fecha: 18-08-2025; Hora: 12:37:20
1 - Software; Archivo: tarifaAloja.php; Acción: Lista las tarifas de alojamiento; Fecha: 18-08-2025; Hora: 12:37:27
1 - Software; Archivo: pagos.php; Acción: Recoger los medios de pago; Fecha: 18-08-2025; Hora: 12:37:35
1 - Software; Archivo: tarifaAloja.php; Acción: Lista las tarifas de alojamiento; Fecha: 18-08-2025; Hora: 12:37:35
1 - Software; Archivo: tarifaAloja.php; Acción: Lista las tarifas de alojamiento; Fecha: 18-08-2025; Hora: 12:37:39
1 - Software; Archivo: tarifaAloja.php; Acción: Lista las tarifas de alojamiento; Fecha: 18-08-2025; Hora: 12:37:47
1 - Software; Archivo: tarifaAloja.php; Acción: Lista las tarifas de alojamiento; Fecha: 18-08-2025; Hora: 12:37:51
1 - Software; Archivo: tarifaAloja.php; Acción: Lista las tarifas de alojamiento; Fecha: 18-08-2025; Hora: 12:38:07
1 - Software; Archivo: tarifaAloja.php; Acción: Lista las tarifas de alojamiento; Fecha: 18-08-2025; Hora: 12:38:14
1 - Software; Archivo: medios.php; Acción: Lista las facturas en facturación; Fecha: 18-08-2025; Hora: 12:38:33
1 - Software; Archivo: medios.php; Acción: Lista las facturas en facturación; Fecha: 18-08-2025; Hora: 12:38:33
1 - Software; Archivo: medios.php; Acción: Lista las facturas en facturación; Fecha: 18-08-2025; Hora: 12:38:33
1 - Software; Archivo: medios.php; Acción: Lista las facturas en facturación; Fecha: 18-08-2025; Hora: 12:38:33
1 - Software; Archivo: medios.php; Acción: Lista las facturas en facturación; Fecha: 18-08-2025; Hora: 12:38:41
1 - Software; Archivo: medios.php; Acción: Lista las facturas en facturación; Fecha: 18-08-2025; Hora: 12:38:41
1 - Software; Archivo: medios.php; Acción: Lista las facturas en facturación; Fecha: 18-08-2025; Hora: 12:38:44
1 - Software; Archivo: medios.php; Acción: Lista las facturas en facturación; Fecha: 18-08-2025; Hora: 12:38:44
1 - Software; Archivo: medios.php; Acción: Lista las facturas en facturación; Fecha: 18-08-2025; Hora: 12:38:44
1 - Software; Archivo: medios.php; Acción: Lista las facturas en facturación; Fecha: 18-08-2025; Hora: 12:38:44
1 - Software; Archivo: medios.php; Acción: Lista las facturas en facturación; Fecha: 18-08-2025; Hora: 12:39:03
1 - Software; Archivo: medios.php; Acción: Lista las facturas en facturación; Fecha: 18-08-2025; Hora: 12:39:03
1 - Software; Archivo: medios.php; Acción: Lista las facturas en facturación; Fecha: 18-08-2025; Hora: 12:39:05
1 - Software; Archivo: medios.php; Acción: Lista las facturas en facturación; Fecha: 18-08-2025; Hora: 12:39:05
1 - Software; Archivo: medios.php; Acción: Lista las facturas en facturación; Fecha: 18-08-2025; Hora: 12:39:05
1 - Software; Archivo: medios.php; Acción: Lista las facturas en facturación; Fecha: 18-08-2025; Hora: 12:39:05
1 - Software; Archivo: medios.php; Acción: Lista las facturas en facturación; Fecha: 18-08-2025; Hora: 12:39:20
1 - Software; Archivo: medios.php; Acción: Lista las facturas en facturación; Fecha: 18-08-2025; Hora: 12:39:20
1 - Software; Archivo: medios.php; Acción: Lista las facturas en facturación; Fecha: 18-08-2025; Hora: 12:39:20
1 - Software; Archivo: medios.php; Acción: Lista las facturas en facturación; Fecha: 18-08-2025; Hora: 12:39:20
1 - Software; Archivo: tarifaAloja.php; Acción: Lista las tarifas de alojamiento; Fecha: 18-08-2025; Hora: 12:39:46
1 - Software; Archivo: pagos.php; Acción: Recoger los medios de pago; Fecha: 18-08-2025; Hora: 12:40:30
1 - Software; Archivo: tarifaAloja.php; Acción: Lista las tarifas de alojamiento; Fecha: 18-08-2025; Hora: 12:40:30
1 - Software; Archivo: medios.php; Acción: Lista las facturas en facturación; Fecha: 18-08-2025; Hora: 12:40:32
1 - Software; Archivo: medios.php; Acción: Lista las facturas en facturación; Fecha: 18-08-2025; Hora: 12:40:32
1 - Software; Archivo: medios.php; Acción: Lista las facturas en facturación; Fecha: 18-08-2025; Hora: 12:40:32
1 - Software; Archivo: medios.php; Acción: Lista las facturas en facturación; Fecha: 18-08-2025; Hora: 12:40:32
1 - Software; Archivo: medios.php; Acción: Lista las facturas en facturación; Fecha: 18-08-2025; Hora: 12:40:36
1 - Software; Archivo: medios.php; Acción: Lista las facturas en facturación; Fecha: 18-08-2025; Hora: 12:40:36
1 - Software; Archivo: medios.php; Acción: Lista las facturas en facturación; Fecha: 18-08-2025; Hora: 12:40:36
1 - Software; Archivo: medios.php; Acción: Lista las facturas en facturación; Fecha: 18-08-2025; Hora: 12:40:36
1 - Software; Archivo: tarifaAloja.php; Acción: Lista las tarifas de alojamiento; Fecha: 18-08-2025; Hora: 12:41:48
1 - Software; Archivo: tarifaAloja.php; Acción: Lista las tarifas de alojamiento; Fecha: 18-08-2025; Hora: 12:41:59
1 - Software; Archivo: tarifaAloja.php; Acción: Lista las tarifas de alojamiento; Fecha: 18-08-2025; Hora: 12:42:05
1 - Software; Archivo: tarifaAloja.php; Acción: Lista las tarifas de alojamiento; Fecha: 18-08-2025; Hora: 12:43:39
1 - Software; Archivo: medios.php; Acción: Lista las facturas en facturación; Fecha: 18-08-2025; Hora: 12:43:40
1 - Software; Archivo: medios.php; Acción: Lista las facturas en facturación; Fecha: 18-08-2025; Hora: 12:43:40
1 - Software; Archivo: medios.php; Acción: Lista las facturas en facturación; Fecha: 18-08-2025; Hora: 12:43:40
1 - Software; Archivo: medios.php; Acción: Lista las facturas en facturación; Fecha: 18-08-2025; Hora: 12:43:40
1 - Software; Archivo: medios.php; Acción: Lista las facturas en facturación; Fecha: 18-08-2025; Hora: 12:43:50
1 - Software; Archivo: medios.php; Acción: Lista las facturas en facturación; Fecha: 18-08-2025; Hora: 12:43:50
1 - Software; Archivo: medios.php; Acción: Lista las facturas en facturación; Fecha: 18-08-2025; Hora: 12:43:50
1 - Software; Archivo: medios.php; Acción: Lista las facturas en facturación; Fecha: 18-08-2025; Hora: 12:43:50
1 - Software; Archivo: pagos.php; Acción: Recoger los medios de pago; Fecha: 18-08-2025; Hora: 12:45:35
1 - Software; Archivo: tarifaAloja.php; Acción: Lista las tarifas de alojamiento; Fecha: 18-08-2025; Hora: 12:45:35
1 - Software; Archivo: tarifaAloja.php; Acción: Lista las tarifas de alojamiento; Fecha: 18-08-2025; Hora: 12:45:38
1 - Software; Archivo: tarifaAloja.php; Acción: Lista las tarifas de alojamiento; Fecha: 18-08-2025; Hora: 12:49:40
1 - Software; Archivo: tarifaAloja.php; Acción: Lista las tarifas de alojamiento; Fecha: 18-08-2025; Hora: 12:50:19
1 - Software; Archivo: tarifaAloja.php; Acción: Lista las tarifas de alojamiento; Fecha: 18-08-2025; Hora: 12:51:54
1 - Software; Archivo: pagos.php; Acción: Recoger los medios de pago; Fecha: 18-08-2025; Hora: 12:57:45
1 - Software; Archivo: tarifaAloja.php; Acción: Lista las tarifas de alojamiento; Fecha: 18-08-2025; Hora: 12:57:45
1 - Software; Archivo: medios.php; Acción: Lista las facturas en facturación; Fecha: 18-08-2025; Hora: 12:57:48
1 - Software; Archivo: medios.php; Acción: Lista las facturas en facturación; Fecha: 18-08-2025; Hora: 12:57:48
1 - Software; Archivo: medios.php; Acción: Lista las facturas en facturación; Fecha: 18-08-2025; Hora: 12:57:48
1 - Software; Archivo: medios.php; Acción: Lista las facturas en facturación; Fecha: 18-08-2025; Hora: 12:57:48
1 - Software; Archivo: tarifaAloja.php; Acción: Lista las tarifas de alojamiento; Fecha: 18-08-2025; Hora: 13:02:30
1 - Software; Archivo: tarifaAloja.php; Acción: Lista las tarifas de alojamiento; Fecha: 18-08-2025; Hora: 13:03:02
1 - Software; Archivo: pagos.php; Acción: Recoger los medios de pago; Fecha: 18-08-2025; Hora: 13:03:27
1 - Software; Archivo: tarifaAloja.php; Acción: Lista las tarifas de alojamiento; Fecha: 18-08-2025; Hora: 13:03:27
1 - Software; Archivo: tarifaAloja.php; Acción: Lista las tarifas de alojamiento; Fecha: 18-08-2025; Hora: 13:03:27
1 - Software; Archivo: tarifaAloja.php; Acción: Lista las tarifas de alojamiento; Fecha: 18-08-2025; Hora: 13:03:32
1 - Software; Archivo: tarifaAloja.php; Acción: Lista las tarifas de alojamiento; Fecha: 18-08-2025; Hora: 13:03:42
1 - Software; Archivo: tarifaAloja.php; Acción: Lista las tarifas de alojamiento; Fecha: 18-08-2025; Hora: 13:07:52
1 - Software; Archivo: tarifaAloja.php; Acción: Lista las tarifas de alojamiento; Fecha: 18-08-2025; Hora: 13:13:29
1 - Software; Archivo: tarifaAloja.php; Acción: Lista las tarifas de alojamiento; Fecha: 18-08-2025; Hora: 13:13:30
1 - Software; Archivo: medios.php; Acción: Lista las facturas en facturación; Fecha: 18-08-2025; Hora: 13:13:34
1 - Software; Archivo: medios.php; Acción: Lista las facturas en facturación; Fecha: 18-08-2025; Hora: 13:13:34
1 - Software; Archivo: medios.php; Acción: Lista las facturas en facturación; Fecha: 18-08-2025; Hora: 13:13:34
1 - Software; Archivo: medios.php; Acción: Lista las facturas en facturación; Fecha: 18-08-2025; Hora: 13:13:34
1 - Software; Archivo: medios.php; Acción: Lista las facturas en facturación; Fecha: 18-08-2025; Hora: 13:18:31
1 - Software; Archivo: medios.php; Acción: Lista las facturas en facturación; Fecha: 18-08-2025; Hora: 13:18:31
1 - Software; Archivo: medios.php; Acción: Lista las facturas en facturación; Fecha: 18-08-2025; Hora: 13:18:31
1 - Software; Archivo: medios.php; Acción: Lista las facturas en facturación; Fecha: 18-08-2025; Hora: 13:18:31
1 - Software; Archivo: medios.php; Acción: Lista las facturas en facturación; Fecha: 18-08-2025; Hora: 13:18:32
1 - Software; Archivo: medios.php; Acción: Lista las facturas en facturación; Fecha: 18-08-2025; Hora: 13:18:32
1 - Software; Archivo: medios.php; Acción: Lista las facturas en facturación; Fecha: 18-08-2025; Hora: 13:18:32
1 - Software; Archivo: medios.php; Acción: Lista las facturas en facturación; Fecha: 18-08-2025; Hora: 13:18:32
1 - Software; Archivo: medios.php; Acción: Lista las facturas en facturación; Fecha: 18-08-2025; Hora: 13:19:00
1 - Software; Archivo: medios.php; Acción: Lista las facturas en facturación; Fecha: 18-08-2025; Hora: 13:19:00
1 - Software; Archivo: medios.php; Acción: Lista las facturas en facturación; Fecha: 18-08-2025; Hora: 13:19:00
1 - Software; Archivo: medios.php; Acción: Lista las facturas en facturación; Fecha: 18-08-2025; Hora: 13:19:00
1 - Software; Archivo: medios.php; Acción: Lista las facturas en facturación; Fecha: 18-08-2025; Hora: 13:19:01
1 - Software; Archivo: medios.php; Acción: Lista las facturas en facturación; Fecha: 18-08-2025; Hora: 13:19:01
1 - Software; Archivo: medios.php; Acción: Lista las facturas en facturación; Fecha: 18-08-2025; Hora: 13:19:01
1 - Software; Archivo: medios.php; Acción: Lista las facturas en facturación; Fecha: 18-08-2025; Hora: 13:19:01
1 - Software; Archivo: medios.php; Acción: Lista las facturas en facturación; Fecha: 18-08-2025; Hora: 13:21:44
1 - Software; Archivo: medios.php; Acción: Lista las facturas en facturación; Fecha: 18-08-2025; Hora: 13:21:44
1 - Software; Archivo: medios.php; Acción: Lista las facturas en facturación; Fecha: 18-08-2025; Hora: 13:21:45
1 - Software; Archivo: medios.php; Acción: Lista las facturas en facturación; Fecha: 18-08-2025; Hora: 13:21:45
1 - Software; Archivo: medios.php; Acción: Lista las facturas en facturación; Fecha: 18-08-2025; Hora: 13:21:45
1 - Software; Archivo: medios.php; Acción: Lista las facturas en facturación; Fecha: 18-08-2025; Hora: 13:21:45
1 - Software; Archivo: medios.php; Acción: Lista las facturas en facturación; Fecha: 18-08-2025; Hora: 13:24:39
1 - Software; Archivo: medios.php; Acción: Lista las facturas en facturación; Fecha: 18-08-2025; Hora: 13:24:40
1 - Software; Archivo: medios.php; Acción: Lista las facturas en facturación; Fecha: 18-08-2025; Hora: 13:24:40
1 - Software; Archivo: medios.php; Acción: Lista las facturas en facturación; Fecha: 18-08-2025; Hora: 13:24:40
1 - Software; Archivo: medios.php; Acción: Lista las facturas en facturación; Fecha: 18-08-2025; Hora: 13:24:41
1 - Software; Archivo: medios.php; Acción: Lista las facturas en facturación; Fecha: 18-08-2025; Hora: 13:24:41
1 - Software; Archivo: medios.php; Acción: Lista las facturas en facturación; Fecha: 18-08-2025; Hora: 13:24:41
1 - Software; Archivo: medios.php; Acción: Lista las facturas en facturación; Fecha: 18-08-2025; Hora: 13:24:41
1 - Software; Archivo: medios.php; Acción: Lista las facturas en facturación; Fecha: 18-08-2025; Hora: 13:25:51
1 - Software; Archivo: medios.php; Acción: Lista las facturas en facturación; Fecha: 18-08-2025; Hora: 13:25:51
1 - Software; Archivo: medios.php; Acción: Lista las facturas en facturación; Fecha: 18-08-2025; Hora: 13:25:51
1 - Software; Archivo: medios.php; Acción: Lista las facturas en facturación; Fecha: 18-08-2025; Hora: 13:25:51
1 - Software; Archivo: medios.php; Acción: Lista las facturas en facturación; Fecha: 18-08-2025; Hora: 13:26:09
1 - Software; Archivo: medios.php; Acción: Lista las facturas en facturación; Fecha: 18-08-2025; Hora: 13:26:09
1 - Software; Archivo: medios.php; Acción: Lista las facturas en facturación; Fecha: 18-08-2025; Hora: 13:26:09
1 - Software; Archivo: medios.php; Acción: Lista las facturas en facturación; Fecha: 18-08-2025; Hora: 13:26:09
1 - Software; Archivo: medios.php; Acción: Lista las facturas en facturación; Fecha: 18-08-2025; Hora: 13:26:48
1 - Software; Archivo: medios.php; Acción: Lista las facturas en facturación; Fecha: 18-08-2025; Hora: 13:26:48
1 - Software; Archivo: medios.php; Acción: Lista las facturas en facturación; Fecha: 18-08-2025; Hora: 13:26:48
1 - Software; Archivo: medios.php; Acción: Lista las facturas en facturación; Fecha: 18-08-2025; Hora: 13:26:48
1 - Software; Archivo: medios.php; Acción: Lista las facturas en facturación; Fecha: 18-08-2025; Hora: 13:27:36
1 - Software; Archivo: medios.php; Acción: Lista las facturas en facturación; Fecha: 18-08-2025; Hora: 13:29:01
1 - Software; Archivo: medios.php; Acción: Lista las facturas en facturación; Fecha: 18-08-2025; Hora: 13:29:19
1 - Software; Archivo: medios.php; Acción: Lista las facturas en facturación; Fecha: 18-08-2025; Hora: 13:29:19
1 - Software; Archivo: medios.php; Acción: Lista las facturas en facturación; Fecha: 18-08-2025; Hora: 13:29:19
1 - Software; Archivo: medios.php; Acción: Lista las facturas en facturación; Fecha: 18-08-2025; Hora: 13:29:19
1 - Software; Archivo: medios.php; Acción: Lista las facturas en facturación; Fecha: 18-08-2025; Hora: 13:29:22
1 - Software; Archivo: medios.php; Acción: Lista las facturas en facturación; Fecha: 18-08-2025; Hora: 13:34:26
1 - Software; Archivo: medios.php; Acción: Lista las facturas en facturación; Fecha: 18-08-2025; Hora: 13:38:20
1 - Software; Archivo: medios.php; Acción: Lista las facturas en facturación; Fecha: 18-08-2025; Hora: 13:38:21
1 - Software; Archivo: medios.php; Acción: Lista las facturas en facturación; Fecha: 18-08-2025; Hora: 13:38:21
1 - Software; Archivo: medios.php; Acción: Lista las facturas en facturación; Fecha: 18-08-2025; Hora: 13:38:21
1 - Software; Archivo: medios.php; Acción: Lista las facturas en facturación; Fecha: 18-08-2025; Hora: 13:38:21
1 - Software; Archivo: medios.php; Acción: Lista las facturas en facturación; Fecha: 18-08-2025; Hora: 13:38:22
1 - Software; Archivo: medios.php; Acción: Lista las facturas en facturación; Fecha: 18-08-2025; Hora: 13:38:22
1 - Software; Archivo: medios.php; Acción: Lista las facturas en facturación; Fecha: 18-08-2025; Hora: 13:38:22
1 - Software; Archivo: medios.php; Acción: Lista las facturas en facturación; Fecha: 18-08-2025; Hora: 13:38:22
1 - Software; Archivo: medios.php; Acción: Lista las facturas en facturación; Fecha: 18-08-2025; Hora: 13:38:24
1 - Software; Archivo: medios.php; Acción: Lista las facturas en facturación; Fecha: 18-08-2025; Hora: 13:38:24
1 - Software; Archivo: medios.php; Acción: Lista las facturas en facturación; Fecha: 18-08-2025; Hora: 13:38:24
1 - Software; Archivo: medios.php; Acción: Lista las facturas en facturación; Fecha: 18-08-2025; Hora: 13:38:24
1 - Software; Archivo: pagos.php; Acción: Recoger los medios de pago; Fecha: 18-08-2025; Hora: 13:38:34
1 - Software; Archivo: tarifaAloja.php; Acción: Lista las tarifas de alojamiento; Fecha: 18-08-2025; Hora: 13:38:34
1 - Software; Archivo: tarifaAloja.php; Acción: Lista las tarifas de alojamiento; Fecha: 18-08-2025; Hora: 13:38:38
1 - Software; Archivo: tarifaAloja.php; Acción: Lista las tarifas de alojamiento; Fecha: 18-08-2025; Hora: 13:39:42
1 - Software; Archivo: pagos.php; Acción: Recoger los medios de pago; Fecha: 18-08-2025; Hora: 13:41:37
1 - Software; Archivo: tarifaAloja.php; Acción: Lista las tarifas de alojamiento; Fecha: 18-08-2025; Hora: 13:41:37
1 - Software; Archivo: tarifaAloja.php; Acción: Lista las tarifas de alojamiento; Fecha: 18-08-2025; Hora: 13:41:40
1 - Software; Archivo: tarifaAloja.php; Acción: Lista las tarifas de alojamiento; Fecha: 18-08-2025; Hora: 13:46:19
1 - Software; Archivo: tarifaAloja.php; Acción: Lista las tarifas de alojamiento; Fecha: 18-08-2025; Hora: 13:46:50
1 - Software; Archivo: tarifaAloja.php; Acción: Lista las tarifas de alojamiento; Fecha: 18-08-2025; Hora: 13:47:44
1 - Software; Archivo: tarifaAloja.php; Acción: Lista las tarifas de alojamiento; Fecha: 18-08-2025; Hora: 13:47:49
1 - Software; Archivo: tarifaAloja.php; Acción: Lista las tarifas de alojamiento; Fecha: 18-08-2025; Hora: 13:47:59
1 - Software; Archivo: pagos.php; Acción: Recoger los medios de pago; Fecha: 18-08-2025; Hora: 13:48:15
1 - Software; Archivo: tarifaAloja.php; Acción: Lista las tarifas de alojamiento; Fecha: 18-08-2025; Hora: 13:48:15
1 - Software; Archivo: tarifaAloja.php; Acción: Lista las tarifas de alojamiento; Fecha: 18-08-2025; Hora: 13:48:19
1 - Software; Archivo: tarifaAloja.php; Acción: Lista las tarifas de alojamiento; Fecha: 18-08-2025; Hora: 13:48:31
1 - Software; Archivo: tarifaAloja.php; Acción: Lista las tarifas de alojamiento; Fecha: 18-08-2025; Hora: 13:48:41
1 - Software; Archivo: tarifaAloja.php; Acción: Lista las tarifas de alojamiento; Fecha: 18-08-2025; Hora: 13:48:50
1 - Software; Archivo: tarifaAloja.php; Acción: Lista las tarifas de alojamiento; Fecha: 18-08-2025; Hora: 13:49:01
1 - Software; Archivo: tarifaAloja.php; Acción: Lista las tarifas de alojamiento; Fecha: 18-08-2025; Hora: 13:49:07
1 - Software; Archivo: tarifaAloja.php; Acción: Lista las tarifas de alojamiento; Fecha: 18-08-2025; Hora: 13:49:23
1 - Software; Archivo: tarifaAloja.php; Acción: Lista las tarifas de alojamiento; Fecha: 18-08-2025; Hora: 13:49:27
1 - Software; Archivo: tarifaAloja.php; Acción: Lista las tarifas de alojamiento; Fecha: 18-08-2025; Hora: 13:50:32
1 - Software; Archivo: tarifaAloja.php; Acción: Lista las tarifas de alojamiento; Fecha: 18-08-2025; Hora: 13:51:05
1 - Software; Archivo: tarifaAloja.php; Acción: Lista las tarifas de alojamiento; Fecha: 18-08-2025; Hora: 13:51:11
1 - Software; Archivo: tarifaAloja.php; Acción: Lista las tarifas de alojamiento; Fecha: 18-08-2025; Hora: 13:58:07
1 - Software; Archivo: tarifaAloja.php; Acción: Lista las tarifas de alojamiento; Fecha: 18-08-2025; Hora: 13:58:12
1 - Software; Archivo: tarifaAloja.php; Acción: Lista las tarifas de alojamiento; Fecha: 18-08-2025; Hora: 13:58:18
1 - Software; Archivo: tarifaAloja.php; Acción: Lista las tarifas de alojamiento; Fecha: 18-08-2025; Hora: 13:59:15
1 - Software; Archivo: tarifaAloja.php; Acción: Lista las tarifas de alojamiento; Fecha: 18-08-2025; Hora: 14:00:18
1 - Software; Archivo: tarifaAloja.php; Acción: Lista las tarifas de alojamiento; Fecha: 18-08-2025; Hora: 14:00:21
1 - Software; Archivo: tarifaAloja.php; Acción: Lista las tarifas de alojamiento; Fecha: 18-08-2025; Hora: 14:00:25
1 - Software; Archivo: tarifaAloja.php; Acción: Lista las tarifas de alojamiento; Fecha: 18-08-2025; Hora: 14:00:59
1 - Software; Archivo: tarifaAloja.php; Acción: Lista las tarifas de alojamiento; Fecha: 18-08-2025; Hora: 14:01:05
1 - Software; Archivo: tarifaAloja.php; Acción: Lista las tarifas de alojamiento; Fecha: 18-08-2025; Hora: 14:01:07
1 - Software; Archivo: tarifaAloja.php; Acción: Lista las tarifas de alojamiento; Fecha: 18-08-2025; Hora: 14:01:14
1 - Software; Archivo: tarifaAloja.php; Acción: Lista las tarifas de alojamiento; Fecha: 18-08-2025; Hora: 14:01:30
1 - Software; Archivo: tarifaAloja.php; Acción: Lista las tarifas de alojamiento; Fecha: 18-08-2025; Hora: 14:02:12
1 - Software; Archivo: tarifaAloja.php; Acción: Lista las tarifas de alojamiento; Fecha: 18-08-2025; Hora: 14:02:22
1 - Software; Archivo: tarifaAloja.php; Acción: Lista las tarifas de alojamiento; Fecha: 18-08-2025; Hora: 14:02:25
1 - Software; Archivo: tarifaAloja.php; Acción: Lista las tarifas de alojamiento; Fecha: 18-08-2025; Hora: 14:02:28
1 - Software; Archivo: tarifaAloja.php; Acción: Lista las tarifas de alojamiento; Fecha: 18-08-2025; Hora: 14:02:37
1 - Software; Archivo: tarifaAloja.php; Acción: Lista las tarifas de alojamiento; Fecha: 18-08-2025; Hora: 14:02:55
1 - Software; Archivo: tarifaAloja.php; Acción: Lista las tarifas de alojamiento; Fecha: 18-08-2025; Hora: 14:03:01
1 - Software; Archivo: tarifaAloja.php; Acción: Lista las tarifas de alojamiento; Fecha: 18-08-2025; Hora: 14:03:06
1 - Software; Archivo: tarifaAloja.php; Acción: Lista las tarifas de alojamiento; Fecha: 18-08-2025; Hora: 14:03:21
1 - Software; Archivo: tarifaAloja.php; Acción: Lista las tarifas de alojamiento; Fecha: 18-08-2025; Hora: 14:03:29
1 - Software; Archivo: tarifaAloja.php; Acción: Lista las tarifas de alojamiento; Fecha: 18-08-2025; Hora: 14:04:14
1 - Software; Archivo: tarifaAloja.php; Acción: Lista las tarifas de alojamiento; Fecha: 18-08-2025; Hora: 14:04:30
1 - Software; Archivo: pagos.php; Acción: Recoger los medios de pago; Fecha: 18-08-2025; Hora: 14:08:56
1 - Software; Archivo: tarifaAloja.php; Acción: Lista las tarifas de alojamiento; Fecha: 18-08-2025; Hora: 14:08:56
1 - Software; Archivo: pagos.php; Acción: Recoger los medios de pago; Fecha: 18-08-2025; Hora: 14:09:01
1 - Software; Archivo: tarifaAloja.php; Acción: Lista las tarifas de alojamiento; Fecha: 18-08-2025; Hora: 14:09:01
1 - Software; Archivo: tarifaAloja.php; Acción: Lista las tarifas de alojamiento; Fecha: 18-08-2025; Hora: 14:09:04
1 - Software; Archivo: tarifaAloja.php; Acción: Lista las tarifas de alojamiento; Fecha: 18-08-2025; Hora: 14:09:08
1 - Software; Archivo: pagos.php; Acción: Recoger los medios de pago; Fecha: 18-08-2025; Hora: 14:09:15
1 - Software; Archivo: tarifaAloja.php; Acción: Lista las tarifas de alojamiento; Fecha: 18-08-2025; Hora: 14:09:15
1 - Software; Archivo: tarifaAloja.php; Acción: Lista las tarifas de alojamiento; Fecha: 18-08-2025; Hora: 14:09:19
1 - Software; Archivo: tarifaAloja.php; Acción: Lista las tarifas de alojamiento; Fecha: 18-08-2025; Hora: 14:09:24
1 - Software; Archivo: tarifaAloja.php; Acción: Lista las tarifas de alojamiento; Fecha: 18-08-2025; Hora: 14:09:59
1 - Software; Archivo: tarifaAloja.php; Acción: Lista las tarifas de alojamiento; Fecha: 18-08-2025; Hora: 14:10:04
1 - Software; Archivo: tarifaAloja.php; Acción: Lista las tarifas de alojamiento; Fecha: 18-08-2025; Hora: 14:10:19
1 - Software; Archivo: tarifaAloja.php; Acción: Lista las tarifas de alojamiento; Fecha: 18-08-2025; Hora: 14:10:25
1 - Software; Archivo: pagos.php; Acción: Recoger los medios de pago; Fecha: 18-08-2025; Hora: 14:10:47
1 - Software; Archivo: tarifaAloja.php; Acción: Lista las tarifas de alojamiento; Fecha: 18-08-2025; Hora: 14:10:47
1 - Software; Archivo: pagos.php; Acción: Recoger los medios de pago; Fecha: 18-08-2025; Hora: 14:10:53
1 - Software; Archivo: tarifaAloja.php; Acción: Lista las tarifas de alojamiento; Fecha: 18-08-2025; Hora: 14:10:53
1 - Software; Archivo: tarifaAloja.php; Acción: Lista las tarifas de alojamiento; Fecha: 18-08-2025; Hora: 14:10:57
1 - Software; Archivo: tarifaAloja.php; Acción: Lista las tarifas de alojamiento; Fecha: 18-08-2025; Hora: 14:11:00
1 - Software; Archivo: tarifaAloja.php; Acción: Lista las tarifas de alojamiento; Fecha: 18-08-2025; Hora: 14:11:08
ID: 1 - Nombre: Software - IP: 192.168.31.3; Archivo: usuario.php; Acción: Se hace login; Fecha: 18-08-2025; Hora: 14:15:44
1 - Software; Archivo: pagos.php; Acción: Recoger los medios de pago; Fecha: 18-08-2025; Hora: 14:15:48
1 - Software; Archivo: tarifaAloja.php; Acción: Lista las tarifas de alojamiento; Fecha: 18-08-2025; Hora: 14:15:48
1 - Software; Archivo: tarifaAloja.php; Acción: Lista las tarifas de alojamiento; Fecha: 18-08-2025; Hora: 14:15:50
1 - Software; Archivo: medios.php; Acción: Lista las facturas en facturación; Fecha: 18-08-2025; Hora: 14:16:13
1 - Software; Archivo: pagos.php; Acción: Recoger los medios de pago; Fecha: 18-08-2025; Hora: 14:18:24
1 - Software; Archivo: tarifaAloja.php; Acción: Lista las tarifas de alojamiento; Fecha: 18-08-2025; Hora: 14:18:24
1 - Software; Archivo: tarifaAloja.php; Acción: Lista las tarifas de alojamiento; Fecha: 18-08-2025; Hora: 14:18:30
1 - Software; Archivo: medios.php; Acción: Lista las facturas en facturación; Fecha: 18-08-2025; Hora: 14:21:15
1 - Software; Archivo: medios.php; Acción: Lista las facturas en facturación; Fecha: 18-08-2025; Hora: 14:21:18
1 - Software; Archivo: medios.php; Acción: Lista las facturas en facturación; Fecha: 18-08-2025; Hora: 14:21:18
1 - Software; Archivo: medios.php; Acción: Lista las facturas en facturación; Fecha: 18-08-2025; Hora: 14:21:18
1 - Software; Archivo: medios.php; Acción: Lista las facturas en facturación; Fecha: 18-08-2025; Hora: 14:21:18
1 - Software; Archivo: medios.php; Acción: Lista las facturas en facturación; Fecha: 18-08-2025; Hora: 14:21:29
1 - Software; Archivo: pagos.php; Acción: Recoger los medios de pago; Fecha: 18-08-2025; Hora: 14:25:29
1 - Software; Archivo: tarifaAloja.php; Acción: Lista las tarifas de alojamiento; Fecha: 18-08-2025; Hora: 14:25:29
1 - Software; Archivo: tarifaAloja.php; Acción: Lista las tarifas de alojamiento; Fecha: 18-08-2025; Hora: 14:25:38
1 - Software; Archivo: tarifaAloja.php; Acción: Lista las tarifas de alojamiento; Fecha: 18-08-2025; Hora: 14:25:45
1 - Software; Archivo: pagos.php; Acción: Recoger los medios de pago; Fecha: 18-08-2025; Hora: 14:26:33
1 - Software; Archivo: tarifaAloja.php; Acción: Lista las tarifas de alojamiento; Fecha: 18-08-2025; Hora: 14:26:33
1 - Software; Archivo: tarifaAloja.php; Acción: Lista las tarifas de alojamiento; Fecha: 18-08-2025; Hora: 14:26:51
1 - Software; Archivo: tarifaAloja.php; Acción: Lista las tarifas de alojamiento; Fecha: 18-08-2025; Hora: 14:26:58
1 - Software; Archivo: medios.php; Acción: Lista las facturas en facturación; Fecha: 18-08-2025; Hora: 14:27:04
1 - Software; Archivo: medios.php; Acción: Lista las facturas en facturación; Fecha: 18-08-2025; Hora: 14:27:06
1 - Software; Archivo: medios.php; Acción: Lista las facturas en facturación; Fecha: 18-08-2025; Hora: 14:27:06
1 - Software; Archivo: medios.php; Acción: Lista las facturas en facturación; Fecha: 18-08-2025; Hora: 14:27:07
1 - Software; Archivo: medios.php; Acción: Lista las facturas en facturación; Fecha: 18-08-2025; Hora: 14:27:07
1 - Software; Archivo: medios.php; Acción: Lista las facturas en facturación; Fecha: 18-08-2025; Hora: 14:27:14
1 - Software; Archivo: pagos.php; Acción: Recoger los medios de pago; Fecha: 18-08-2025; Hora: 14:30:30
1 - Software; Archivo: tarifaAloja.php; Acción: Lista las tarifas de alojamiento; Fecha: 18-08-2025; Hora: 14:30:30
1 - Software; Archivo: pagos.php; Acción: Recoger los medios de pago; Fecha: 18-08-2025; Hora: 14:30:42
1 - Software; Archivo: tarifaAloja.php; Acción: Lista las tarifas de alojamiento; Fecha: 18-08-2025; Hora: 14:30:42
1 - Software; Archivo: tarifaAloja.php; Acción: Lista las tarifas de alojamiento; Fecha: 18-08-2025; Hora: 14:30:46
1 - Software; Archivo: pagos.php; Acción: Recoger los medios de pago; Fecha: 18-08-2025; Hora: 14:30:54
1 - Software; Archivo: tarifaAloja.php; Acción: Lista las tarifas de alojamiento; Fecha: 18-08-2025; Hora: 14:30:54
1 - Software; Archivo: tarifaAloja.php; Acción: Lista las tarifas de alojamiento; Fecha: 18-08-2025; Hora: 14:30:57
1 - Software; Archivo: tarifaAloja.php; Acción: Lista las tarifas de alojamiento; Fecha: 18-08-2025; Hora: 14:31:04
1 - Software; Archivo: tarifaAloja.php; Acción: Lista las tarifas de alojamiento; Fecha: 18-08-2025; Hora: 14:31:06
1 - Software; Archivo: tarifaAloja.php; Acción: Lista las tarifas de alojamiento; Fecha: 18-08-2025; Hora: 14:31:42
1 - Software; Archivo: tarifaAloja.php; Acción: Lista las tarifas de alojamiento; Fecha: 18-08-2025; Hora: 14:31:50
1 - Software; Archivo: tarifaAloja.php; Acción: Lista las tarifas de alojamiento; Fecha: 18-08-2025; Hora: 14:32:41
1 - Software; Archivo: tarifaAloja.php; Acción: Lista las tarifas de alojamiento; Fecha: 18-08-2025; Hora: 14:35:42
1 - Software; Archivo: pagos.php; Acción: Recoger los medios de pago; Fecha: 18-08-2025; Hora: 14:40:06
1 - Software; Archivo: tarifaAloja.php; Acción: Lista las tarifas de alojamiento; Fecha: 18-08-2025; Hora: 14:40:06
1 - Software; Archivo: tarifaAloja.php; Acción: Lista las tarifas de alojamiento; Fecha: 18-08-2025; Hora: 14:55:47
1 - Software; Archivo: medios.php; Acción: Lista las facturas en facturación; Fecha: 18-08-2025; Hora: 14:57:18
1 - Software; Archivo: pagos.php; Acción: Recoger los medios de pago; Fecha: 18-08-2025; Hora: 14:57:43
1 - Software; Archivo: tarifaAloja.php; Acción: Lista las tarifas de alojamiento; Fecha: 18-08-2025; Hora: 14:57:43
1 - Software; Archivo: tarifaAloja.php; Acción: Lista las tarifas de alojamiento; Fecha: 18-08-2025; Hora: 14:57:56
1 - Software; Archivo: pagos.php; Acción: Recoger los medios de pago; Fecha: 18-08-2025; Hora: 14:58:02
1 - Software; Archivo: tarifaAloja.php; Acción: Lista las tarifas de alojamiento; Fecha: 18-08-2025; Hora: 14:58:02
1 - Software; Archivo: tarifaAloja.php; Acción: Lista las tarifas de alojamiento; Fecha: 18-08-2025; Hora: 14:58:09
1 - Software; Archivo: tarifaAloja.php; Acción: Lista las tarifas de alojamiento; Fecha: 18-08-2025; Hora: 14:58:12
1 - Software; Archivo: tarifaAloja.php; Acción: Lista las tarifas de alojamiento; Fecha: 18-08-2025; Hora: 14:58:14
1 - Software; Archivo: tarifaAloja.php; Acción: Lista las tarifas de alojamiento; Fecha: 18-08-2025; Hora: 14:58:35
1 - Software; Archivo: pagos.php; Acción: Recoger los medios de pago; Fecha: 18-08-2025; Hora: 14:58:36
1 - Software; Archivo: tarifaAloja.php; Acción: Lista las tarifas de alojamiento; Fecha: 18-08-2025; Hora: 14:58:36
1 - Software; Archivo: tarifaAloja.php; Acción: Lista las tarifas de alojamiento; Fecha: 18-08-2025; Hora: 14:59:02
1 - Software; Archivo: pagos.php; Acción: Recoger los medios de pago; Fecha: 18-08-2025; Hora: 15:01:36
1 - Software; Archivo: tarifaAloja.php; Acción: Lista las tarifas de alojamiento; Fecha: 18-08-2025; Hora: 15:01:36
1 - Software; Archivo: pagos.php; Acción: Recoger los medios de pago; Fecha: 18-08-2025; Hora: 15:01:38
1 - Software; Archivo: tarifaAloja.php; Acción: Lista las tarifas de alojamiento; Fecha: 18-08-2025; Hora: 15:01:38
1 - Software; Archivo: pagos.php; Acción: Recoger los medios de pago; Fecha: 18-08-2025; Hora: 15:01:40
1 - Software; Archivo: tarifaAloja.php; Acción: Lista las tarifas de alojamiento; Fecha: 18-08-2025; Hora: 15:01:40
1 - Software; Archivo: pagos.php; Acción: Recoger los medios de pago; Fecha: 18-08-2025; Hora: 15:01:56
1 - Software; Archivo: tarifaAloja.php; Acción: Lista las tarifas de alojamiento; Fecha: 18-08-2025; Hora: 15:01:56
1 - Software; Archivo: pagos.php; Acción: Recoger los medios de pago; Fecha: 18-08-2025; Hora: 15:05:02
1 - Software; Archivo: tarifaAloja.php; Acción: Lista las tarifas de alojamiento; Fecha: 18-08-2025; Hora: 15:05:02
1 - Software; Archivo: pagos.php; Acción: Recoger los medios de pago; Fecha: 18-08-2025; Hora: 15:05:45
1 - Software; Archivo: tarifaAloja.php; Acción: Lista las tarifas de alojamiento; Fecha: 18-08-2025; Hora: 15:05:45
1 - Software; Archivo: pagos.php; Acción: Recoger los medios de pago; Fecha: 18-08-2025; Hora: 15:06:19
1 - Software; Archivo: tarifaAloja.php; Acción: Lista las tarifas de alojamiento; Fecha: 18-08-2025; Hora: 15:06:19
1 - Software; Archivo: pagos.php; Acción: Recoger los medios de pago; Fecha: 18-08-2025; Hora: 15:06:26
1 - Software; Archivo: tarifaAloja.php; Acción: Lista las tarifas de alojamiento; Fecha: 18-08-2025; Hora: 15:06:26
1 - Software; Archivo: pagos.php; Acción: Recoger los medios de pago; Fecha: 18-08-2025; Hora: 15:06:48
1 - Software; Archivo: tarifaAloja.php; Acción: Lista las tarifas de alojamiento; Fecha: 18-08-2025; Hora: 15:06:48
1 - Software; Archivo: pagos.php; Acción: Recoger los medios de pago; Fecha: 18-08-2025; Hora: 15:07:14
1 - Software; Archivo: tarifaAloja.php; Acción: Lista las tarifas de alojamiento; Fecha: 18-08-2025; Hora: 15:07:14
1 - Software; Archivo: pagos.php; Acción: Recoger los medios de pago; Fecha: 18-08-2025; Hora: 15:07:19
1 - Software; Archivo: tarifaAloja.php; Acción: Lista las tarifas de alojamiento; Fecha: 18-08-2025; Hora: 15:07:19
1 - Software; Archivo: medios.php; Acción: Lista las facturas en facturación; Fecha: 18-08-2025; Hora: 15:09:16
1 - Software; Archivo: medios.php; Acción: Lista las facturas en facturación; Fecha: 18-08-2025; Hora: 15:09:16
1 - Software; Archivo: medios.php; Acción: Lista las facturas en facturación; Fecha: 18-08-2025; Hora: 15:09:16
1 - Software; Archivo: medios.php; Acción: Lista las facturas en facturación; Fecha: 18-08-2025; Hora: 15:09:17
1 - Software; Archivo: medios.php; Acción: Lista las facturas en facturación; Fecha: 18-08-2025; Hora: 15:09:28
1 - Software; Archivo: medios.php; Acción: Lista las facturas en facturación; Fecha: 18-08-2025; Hora: 15:09:28
1 - Software; Archivo: medios.php; Acción: Lista las facturas en facturación; Fecha: 18-08-2025; Hora: 15:09:31
1 - Software; Archivo: medios.php; Acción: Lista las facturas en facturación; Fecha: 18-08-2025; Hora: 15:09:31
1 - Software; Archivo: medios.php; Acción: Lista las facturas en facturación; Fecha: 18-08-2025; Hora: 15:09:31
1 - Software; Archivo: medios.php; Acción: Lista las facturas en facturación; Fecha: 18-08-2025; Hora: 15:09:31
1 - Software; Archivo: medios.php; Acción: Lista las facturas en facturación; Fecha: 18-08-2025; Hora: 15:09:35
1 - Software; Archivo: medios.php; Acción: Lista las facturas en facturación; Fecha: 18-08-2025; Hora: 15:09:35
1 - Software; Archivo: medios.php; Acción: Lista las facturas en facturación; Fecha: 18-08-2025; Hora: 15:09:37
1 - Software; Archivo: medios.php; Acción: Lista las facturas en facturación; Fecha: 18-08-2025; Hora: 15:09:37
1 - Software; Archivo: medios.php; Acción: Lista las facturas en facturación; Fecha: 18-08-2025; Hora: 15:09:37
1 - Software; Archivo: medios.php; Acción: Lista las facturas en facturación; Fecha: 18-08-2025; Hora: 15:09:37
1 - Software; Archivo: medios.php; Acción: Lista las facturas en facturación; Fecha: 18-08-2025; Hora: 15:10:08
1 - Software; Archivo: medios.php; Acción: Lista las facturas en facturación; Fecha: 18-08-2025; Hora: 15:10:08
1 - Software; Archivo: medios.php; Acción: Lista las facturas en facturación; Fecha: 18-08-2025; Hora: 15:10:11
1 - Software; Archivo: medios.php; Acción: Lista las facturas en facturación; Fecha: 18-08-2025; Hora: 15:10:11
1 - Software; Archivo: medios.php; Acción: Lista las facturas en facturación; Fecha: 18-08-2025; Hora: 15:10:11
1 - Software; Archivo: medios.php; Acción: Lista las facturas en facturación; Fecha: 18-08-2025; Hora: 15:10:11
1 - Software; Archivo: medios.php; Acción: Lista las facturas en facturación; Fecha: 18-08-2025; Hora: 15:10:50
1 - Software; Archivo: medios.php; Acción: Lista las facturas en facturación; Fecha: 18-08-2025; Hora: 15:10:50
1 - Software; Archivo: medios.php; Acción: Lista las facturas en facturación; Fecha: 18-08-2025; Hora: 15:10:52
1 - Software; Archivo: medios.php; Acción: Lista las facturas en facturación; Fecha: 18-08-2025; Hora: 15:10:52
1 - Software; Archivo: medios.php; Acción: Lista las facturas en facturación; Fecha: 18-08-2025; Hora: 15:10:52
1 - Software; Archivo: medios.php; Acción: Lista las facturas en facturación; Fecha: 18-08-2025; Hora: 15:10:52
1 - Software; Archivo: tarifaAloja.php; Acción: Lista las tarifas de alojamiento; Fecha: 18-08-2025; Hora: 15:12:09
1 - Software; Archivo: tarifaAloja.php; Acción: Lista las tarifas de alojamiento; Fecha: 18-08-2025; Hora: 15:12:12
1 - Software; Archivo: pagos.php; Acción: Recoger los medios de pago; Fecha: 18-08-2025; Hora: 15:12:14
1 - Software; Archivo: tarifaAloja.php; Acción: Lista las tarifas de alojamiento; Fecha: 18-08-2025; Hora: 15:12:14
1 - Software; Archivo: pagos.php; Acción: Recoger los medios de pago; Fecha: 18-08-2025; Hora: 15:12:17
1 - Software; Archivo: tarifaAloja.php; Acción: Lista las tarifas de alojamiento; Fecha: 18-08-2025; Hora: 15:12:17
1 - Software; Archivo: pagos.php; Acción: Recoger los medios de pago; Fecha: 18-08-2025; Hora: 15:12:19
1 - Software; Archivo: tarifaAloja.php; Acción: Lista las tarifas de alojamiento; Fecha: 18-08-2025; Hora: 15:12:20
1 - Software; Archivo: tarifaAloja.php; Acción: Lista las tarifas de alojamiento; Fecha: 18-08-2025; Hora: 15:12:26
1 - Software; Archivo: tarifaAloja.php; Acción: Lista las tarifas de alojamiento; Fecha: 18-08-2025; Hora: 15:12:56
1 - Software; Archivo: tarifaAloja.php; Acción: Lista las tarifas de alojamiento; Fecha: 18-08-2025; Hora: 15:15:45
1 - Software; Archivo: pagos.php; Acción: Recoger los medios de pago; Fecha: 18-08-2025; Hora: 15:35:31
1 - Software; Archivo: tarifaAloja.php; Acción: Lista las tarifas de alojamiento; Fecha: 18-08-2025; Hora: 15:35:31
1 - Software; Archivo: tarifaAloja.php; Acción: Lista las tarifas de alojamiento; Fecha: 18-08-2025; Hora: 15:35:34
1 - Software; Archivo: tarifaAloja.php; Acción: Lista las tarifas de alojamiento; Fecha: 18-08-2025; Hora: 15:35:43
1 - Software; Archivo: tarifaAloja.php; Acción: Lista las tarifas de alojamiento; Fecha: 18-08-2025; Hora: 15:35:46
1 - Software; Archivo: tarifaAloja.php; Acción: Lista las tarifas de alojamiento; Fecha: 18-08-2025; Hora: 15:37:04
1 - Software; Archivo: tarifaAloja.php; Acción: Lista las tarifas de alojamiento; Fecha: 18-08-2025; Hora: 15:37:59
1 - Software; Archivo: tarifaAloja.php; Acción: Lista las tarifas de alojamiento; Fecha: 18-08-2025; Hora: 15:38:10
1 - Software; Archivo: tarifaAloja.php; Acción: Lista las tarifas de alojamiento; Fecha: 18-08-2025; Hora: 15:38:13
1 - Software; Archivo: tarifaAloja.php; Acción: Lista las tarifas de alojamiento; Fecha: 18-08-2025; Hora: 16:08:28
1 - Software; Archivo: medios.php; Acción: Lista las facturas en facturación; Fecha: 18-08-2025; Hora: 16:08:51
1 - Software; Archivo: medios.php; Acción: Lista las facturas en facturación; Fecha: 18-08-2025; Hora: 16:08:51
1 - Software; Archivo: medios.php; Acción: Lista las facturas en facturación; Fecha: 18-08-2025; Hora: 16:08:51
1 - Software; Archivo: medios.php; Acción: Lista las facturas en facturación; Fecha: 18-08-2025; Hora: 16:08:51
1 - Software; Archivo: tarifaAloja.php; Acción: Lista las tarifas de alojamiento; Fecha: 18-08-2025; Hora: 16:21:59
