ID:  - Nombre:  - IP: 192.168.31.3; Archivo: usuario.php; Acción: Se hace login; Fecha: 08-08-2025; Hora: 09:04:49
ID: 1 - Nombre: Software - IP: 192.168.31.3; Archivo: usuario.php; Acción: Se hace login; Fecha: 08-08-2025; Hora: 09:04:55
1 - Software; Archivo: pagos.php; Acción: Recoger los medios de pago; Fecha: 08-08-2025; Hora: 09:05:02
1 - Software; Archivo: tarifaAloja.php; Acción: Lista las tarifas de alojamiento; Fecha: 08-08-2025; Hora: 09:05:02
1 - Software; Archivo: tarifaAloja.php; Acción: Lista las tarifas de alojamiento; Fecha: 08-08-2025; Hora: 09:05:05
1 - Software; Archivo: medios.php; Acción: Lista las facturas en facturación; Fecha: 08-08-2025; Hora: 09:05:26
1 - Software; Archivo: medios.php; Acción: Lista las facturas en facturación; Fecha: 08-08-2025; Hora: 09:05:26
1 - Software; Archivo: medios.php; Acción: Lista las facturas en facturación; Fecha: 08-08-2025; Hora: 09:05:26
1 - Software; Archivo: medios.php; Acción: Lista las facturas en facturación; Fecha: 08-08-2025; Hora: 09:05:26
ID: 1 - Nombre: Software - IP: 192.168.31.3; Archivo: usuario.php; Acción: Se hace login; Fecha: 08-08-2025; Hora: 10:26:36
1 - Software; Archivo: pagos.php; Acción: Recoger los medios de pago; Fecha: 08-08-2025; Hora: 10:26:59
1 - Software; Archivo: tarifaAloja.php; Acción: Lista las tarifas de alojamiento; Fecha: 08-08-2025; Hora: 10:26:59
1 - Software; Archivo: medios.php; Acción: Lista las facturas en facturación; Fecha: 08-08-2025; Hora: 10:28:48
1 - Software; Archivo: medios.php; Acción: Lista las facturas en facturación; Fecha: 08-08-2025; Hora: 10:28:48
1 - Software; Archivo: medios.php; Acción: Lista las facturas en facturación; Fecha: 08-08-2025; Hora: 10:28:48
1 - Software; Archivo: medios.php; Acción: Lista las facturas en facturación; Fecha: 08-08-2025; Hora: 10:28:48
1 - Software; Archivo: medios.php; Acción: Lista las facturas en facturación; Fecha: 08-08-2025; Hora: 10:33:49
1 - Software; Archivo: medios.php; Acción: Lista las facturas en facturación; Fecha: 08-08-2025; Hora: 10:33:49
1 - Software; Archivo: medios.php; Acción: Lista las facturas en facturación; Fecha: 08-08-2025; Hora: 10:33:49
1 - Software; Archivo: medios.php; Acción: Lista las facturas en facturación; Fecha: 08-08-2025; Hora: 10:33:49
1 - Software; Archivo: medios.php; Acción: Lista las facturas en facturación; Fecha: 08-08-2025; Hora: 10:33:57
1 - Software; Archivo: medios.php; Acción: Lista las facturas en facturación; Fecha: 08-08-2025; Hora: 10:33:57
1 - Software; Archivo: medios.php; Acción: Lista las facturas en facturación; Fecha: 08-08-2025; Hora: 10:33:57
1 - Software; Archivo: medios.php; Acción: Lista las facturas en facturación; Fecha: 08-08-2025; Hora: 10:33:57
1 - Software; Archivo: medios.php; Acción: Lista las facturas en facturación; Fecha: 08-08-2025; Hora: 10:34:02
1 - Software; Archivo: medios.php; Acción: Lista las facturas en facturación; Fecha: 08-08-2025; Hora: 10:34:02
1 - Software; Archivo: medios.php; Acción: Lista las facturas en facturación; Fecha: 08-08-2025; Hora: 10:34:02
1 - Software; Archivo: medios.php; Acción: Lista las facturas en facturación; Fecha: 08-08-2025; Hora: 10:34:02
1 - Software; Archivo: medios.php; Acción: Lista las facturas en facturación; Fecha: 08-08-2025; Hora: 10:34:36
1 - Software; Archivo: medios.php; Acción: Lista las facturas en facturación; Fecha: 08-08-2025; Hora: 10:34:36
1 - Software; Archivo: medios.php; Acción: Lista las facturas en facturación; Fecha: 08-08-2025; Hora: 10:34:36
1 - Software; Archivo: medios.php; Acción: Lista las facturas en facturación; Fecha: 08-08-2025; Hora: 10:34:36
1 - Software; Archivo: medios.php; Acción: Lista las facturas en facturación; Fecha: 08-08-2025; Hora: 10:35:26
1 - Software; Archivo: medios.php; Acción: Lista las facturas en facturación; Fecha: 08-08-2025; Hora: 10:35:26
1 - Software; Archivo: medios.php; Acción: Lista las facturas en facturación; Fecha: 08-08-2025; Hora: 10:35:26
1 - Software; Archivo: medios.php; Acción: Lista las facturas en facturación; Fecha: 08-08-2025; Hora: 10:35:26
1 - Software; Archivo: medios.php; Acción: Lista las facturas en facturación; Fecha: 08-08-2025; Hora: 10:37:52
1 - Software; Archivo: medios.php; Acción: Lista las facturas en facturación; Fecha: 08-08-2025; Hora: 10:37:52
1 - Software; Archivo: medios.php; Acción: Lista las facturas en facturación; Fecha: 08-08-2025; Hora: 10:37:52
1 - Software; Archivo: medios.php; Acción: Lista las facturas en facturación; Fecha: 08-08-2025; Hora: 10:37:52
1 - Software; Archivo: medios.php; Acción: Lista las facturas en facturación; Fecha: 08-08-2025; Hora: 10:39:53
1 - Software; Archivo: medios.php; Acción: Lista las facturas en facturación; Fecha: 08-08-2025; Hora: 10:39:53
1 - Software; Archivo: medios.php; Acción: Lista las facturas en facturación; Fecha: 08-08-2025; Hora: 10:39:53
1 - Software; Archivo: medios.php; Acción: Lista las facturas en facturación; Fecha: 08-08-2025; Hora: 10:39:53
1 - Software; Archivo: medios.php; Acción: Lista las facturas en facturación; Fecha: 08-08-2025; Hora: 10:40:20
1 - Software; Archivo: medios.php; Acción: Lista las facturas en facturación; Fecha: 08-08-2025; Hora: 10:40:20
1 - Software; Archivo: medios.php; Acción: Lista las facturas en facturación; Fecha: 08-08-2025; Hora: 10:40:20
1 - Software; Archivo: medios.php; Acción: Lista las facturas en facturación; Fecha: 08-08-2025; Hora: 10:40:20
1 - Software; Archivo: medios.php; Acción: Lista las facturas en facturación; Fecha: 08-08-2025; Hora: 10:40:26
1 - Software; Archivo: medios.php; Acción: Lista las facturas en facturación; Fecha: 08-08-2025; Hora: 10:40:26
1 - Software; Archivo: medios.php; Acción: Lista las facturas en facturación; Fecha: 08-08-2025; Hora: 10:40:26
1 - Software; Archivo: medios.php; Acción: Lista las facturas en facturación; Fecha: 08-08-2025; Hora: 10:40:26
1 - Software; Archivo: medios.php; Acción: Lista las facturas en facturación; Fecha: 08-08-2025; Hora: 10:40:34
1 - Software; Archivo: medios.php; Acción: Lista las facturas en facturación; Fecha: 08-08-2025; Hora: 10:40:34
1 - Software; Archivo: medios.php; Acción: Lista las facturas en facturación; Fecha: 08-08-2025; Hora: 10:40:34
1 - Software; Archivo: medios.php; Acción: Lista las facturas en facturación; Fecha: 08-08-2025; Hora: 10:40:34
1 - Software; Archivo: medios.php; Acción: Lista las facturas en facturación; Fecha: 08-08-2025; Hora: 10:43:04
1 - Software; Archivo: medios.php; Acción: Lista las facturas en facturación; Fecha: 08-08-2025; Hora: 10:43:04
1 - Software; Archivo: medios.php; Acción: Lista las facturas en facturación; Fecha: 08-08-2025; Hora: 10:43:04
1 - Software; Archivo: medios.php; Acción: Lista las facturas en facturación; Fecha: 08-08-2025; Hora: 10:43:04
1 - Software; Archivo: medios.php; Acción: Lista las facturas en facturación; Fecha: 08-08-2025; Hora: 10:43:07
1 - Software; Archivo: medios.php; Acción: Lista las facturas en facturación; Fecha: 08-08-2025; Hora: 10:43:07
1 - Software; Archivo: medios.php; Acción: Lista las facturas en facturación; Fecha: 08-08-2025; Hora: 10:43:07
1 - Software; Archivo: medios.php; Acción: Lista las facturas en facturación; Fecha: 08-08-2025; Hora: 10:43:07
1 - Software; Archivo: medios.php; Acción: Lista las facturas en facturación; Fecha: 08-08-2025; Hora: 10:43:09
1 - Software; Archivo: medios.php; Acción: Lista las facturas en facturación; Fecha: 08-08-2025; Hora: 10:43:09
1 - Software; Archivo: medios.php; Acción: Lista las facturas en facturación; Fecha: 08-08-2025; Hora: 10:43:09
1 - Software; Archivo: medios.php; Acción: Lista las facturas en facturación; Fecha: 08-08-2025; Hora: 10:43:09
1 - Software; Archivo: medios.php; Acción: Lista las facturas en facturación; Fecha: 08-08-2025; Hora: 10:43:26
1 - Software; Archivo: medios.php; Acción: Lista las facturas en facturación; Fecha: 08-08-2025; Hora: 10:43:26
1 - Software; Archivo: medios.php; Acción: Lista las facturas en facturación; Fecha: 08-08-2025; Hora: 10:43:26
1 - Software; Archivo: medios.php; Acción: Lista las facturas en facturación; Fecha: 08-08-2025; Hora: 10:43:26
1 - Software; Archivo: medios.php; Acción: Lista las facturas en facturación; Fecha: 08-08-2025; Hora: 10:45:05
1 - Software; Archivo: medios.php; Acción: Lista las facturas en facturación; Fecha: 08-08-2025; Hora: 10:45:05
1 - Software; Archivo: medios.php; Acción: Lista las facturas en facturación; Fecha: 08-08-2025; Hora: 10:45:05
1 - Software; Archivo: medios.php; Acción: Lista las facturas en facturación; Fecha: 08-08-2025; Hora: 10:45:05
1 - Software; Archivo: medios.php; Acción: Lista las facturas en facturación; Fecha: 08-08-2025; Hora: 10:45:06
1 - Software; Archivo: medios.php; Acción: Lista las facturas en facturación; Fecha: 08-08-2025; Hora: 10:45:06
1 - Software; Archivo: medios.php; Acción: Lista las facturas en facturación; Fecha: 08-08-2025; Hora: 10:45:06
1 - Software; Archivo: medios.php; Acción: Lista las facturas en facturación; Fecha: 08-08-2025; Hora: 10:45:06
1 - Software; Archivo: medios.php; Acción: Lista las facturas en facturación; Fecha: 08-08-2025; Hora: 10:45:30
1 - Software; Archivo: medios.php; Acción: Lista las facturas en facturación; Fecha: 08-08-2025; Hora: 10:45:30
1 - Software; Archivo: medios.php; Acción: Lista las facturas en facturación; Fecha: 08-08-2025; Hora: 10:45:31
1 - Software; Archivo: medios.php; Acción: Lista las facturas en facturación; Fecha: 08-08-2025; Hora: 10:45:31
1 - Software; Archivo: medios.php; Acción: Lista las facturas en facturación; Fecha: 08-08-2025; Hora: 10:46:49
1 - Software; Archivo: medios.php; Acción: Lista las facturas en facturación; Fecha: 08-08-2025; Hora: 10:46:49
1 - Software; Archivo: medios.php; Acción: Lista las facturas en facturación; Fecha: 08-08-2025; Hora: 10:46:49
1 - Software; Archivo: medios.php; Acción: Lista las facturas en facturación; Fecha: 08-08-2025; Hora: 10:46:49
1 - Software; Archivo: medios.php; Acción: Lista las facturas en facturación; Fecha: 08-08-2025; Hora: 10:47:43
1 - Software; Archivo: medios.php; Acción: Lista las facturas en facturación; Fecha: 08-08-2025; Hora: 10:47:43
1 - Software; Archivo: medios.php; Acción: Lista las facturas en facturación; Fecha: 08-08-2025; Hora: 10:47:43
1 - Software; Archivo: medios.php; Acción: Lista las facturas en facturación; Fecha: 08-08-2025; Hora: 10:47:43
ID: 1 - Nombre: Software - IP: 192.168.31.3; Archivo: usuario.php; Acción: Se hace login; Fecha: 08-08-2025; Hora: 10:48:01
1 - Software; Archivo: medios.php; Acción: Lista las facturas en facturación; Fecha: 08-08-2025; Hora: 10:50:58
1 - Software; Archivo: medios.php; Acción: Lista las facturas en facturación; Fecha: 08-08-2025; Hora: 10:50:58
1 - Software; Archivo: medios.php; Acción: Lista las facturas en facturación; Fecha: 08-08-2025; Hora: 10:50:58
1 - Software; Archivo: medios.php; Acción: Lista las facturas en facturación; Fecha: 08-08-2025; Hora: 10:50:58
1 - Software; Archivo: medios.php; Acción: Lista las facturas en facturación; Fecha: 08-08-2025; Hora: 10:58:20
1 - Software; Archivo: medios.php; Acción: Lista las facturas en facturación; Fecha: 08-08-2025; Hora: 10:58:20
1 - Software; Archivo: medios.php; Acción: Lista las facturas en facturación; Fecha: 08-08-2025; Hora: 10:58:20
1 - Software; Archivo: medios.php; Acción: Lista las facturas en facturación; Fecha: 08-08-2025; Hora: 10:58:20
1 - Software; Archivo: medios.php; Acción: Lista las facturas en facturación; Fecha: 08-08-2025; Hora: 10:58:29
1 - Software; Archivo: medios.php; Acción: Lista las facturas en facturación; Fecha: 08-08-2025; Hora: 10:58:29
1 - Software; Archivo: medios.php; Acción: Lista las facturas en facturación; Fecha: 08-08-2025; Hora: 10:58:29
1 - Software; Archivo: medios.php; Acción: Lista las facturas en facturación; Fecha: 08-08-2025; Hora: 10:58:29
1 - Software; Archivo: alojamientos.php; Acción: Lista los alojamientos; Fecha: 08-08-2025; Hora: 10:59:21
1 - Software; Archivo: alojamientos.php; Acción: Lista los alojamientos; Fecha: 08-08-2025; Hora: 10:59:21
1 - Software; Archivo: alojamientos.php; Acción: Lista los alojamientos; Fecha: 08-08-2025; Hora: 10:59:21
1 - Software; Archivo: alojamientos.php; Acción: Lista los alojamientos; Fecha: 08-08-2025; Hora: 10:59:21
1 - Software; Archivo: alojamientos.php; Acción: Lista los alojamientos; Fecha: 08-08-2025; Hora: 10:59:55
1 - Software; Archivo: alojamientos.php; Acción: Lista los alojamientos; Fecha: 08-08-2025; Hora: 10:59:55
1 - Software; Archivo: alojamientos.php; Acción: Lista los alojamientos; Fecha: 08-08-2025; Hora: 10:59:55
1 - Software; Archivo: alojamientos.php; Acción: Lista los alojamientos; Fecha: 08-08-2025; Hora: 10:59:55
1 - Software; Archivo: tiposAloja_Edu.php; Acción: Lista los tipos de alojamiento ; Fecha: 08-08-2025; Hora: 10:59:57
1 - Software; Archivo: actividades.php; Acción: Lista las actividades de los adminitradores; Fecha: 08-08-2025; Hora: 11:00:00
1 - Software; Archivo: personal_Edu.php; Acción: Lista los personales; Fecha: 08-08-2025; Hora: 11:00:04
1 - Software; Archivo: medios.php; Acción: Lista las facturas en facturación; Fecha: 08-08-2025; Hora: 11:00:08
1 - Software; Archivo: medios.php; Acción: Lista las facturas en facturación; Fecha: 08-08-2025; Hora: 11:00:08
1 - Software; Archivo: medios.php; Acción: Lista las facturas en facturación; Fecha: 08-08-2025; Hora: 11:00:08
1 - Software; Archivo: medios.php; Acción: Lista las facturas en facturación; Fecha: 08-08-2025; Hora: 11:00:08
 - Software; Archivo: asistencia.php; Acción: Lista las asistencias; Fecha: 08-08-2025; Hora: 11:00:12
1 - Software; Archivo: medios.php; Acción: Lista las facturas en facturación; Fecha: 08-08-2025; Hora: 11:00:14
1 - Software; Archivo: medios.php; Acción: Lista las facturas en facturación; Fecha: 08-08-2025; Hora: 11:00:14
1 - Software; Archivo: medios.php; Acción: Lista las facturas en facturación; Fecha: 08-08-2025; Hora: 11:00:14
1 - Software; Archivo: medios.php; Acción: Lista las facturas en facturación; Fecha: 08-08-2025; Hora: 11:00:14
1 - Software; Archivo: medios.php; Acción: Lista las facturas en facturación; Fecha: 08-08-2025; Hora: 11:03:34
1 - Software; Archivo: medios.php; Acción: Lista las facturas en facturación; Fecha: 08-08-2025; Hora: 11:03:34
1 - Software; Archivo: medios.php; Acción: Lista las facturas en facturación; Fecha: 08-08-2025; Hora: 11:03:34
1 - Software; Archivo: medios.php; Acción: Lista las facturas en facturación; Fecha: 08-08-2025; Hora: 11:03:34
1 - Software; Archivo: medios.php; Acción: Lista las facturas en facturación; Fecha: 08-08-2025; Hora: 11:06:12
1 - Software; Archivo: medios.php; Acción: Lista las facturas en facturación; Fecha: 08-08-2025; Hora: 11:06:12
1 - Software; Archivo: medios.php; Acción: Lista las facturas en facturación; Fecha: 08-08-2025; Hora: 11:06:12
1 - Software; Archivo: medios.php; Acción: Lista las facturas en facturación; Fecha: 08-08-2025; Hora: 11:06:12
1 - Software; Archivo: medios.php; Acción: Lista las facturas en facturación; Fecha: 08-08-2025; Hora: 11:09:42
1 - Software; Archivo: medios.php; Acción: Lista las facturas en facturación; Fecha: 08-08-2025; Hora: 11:09:42
1 - Software; Archivo: medios.php; Acción: Lista las facturas en facturación; Fecha: 08-08-2025; Hora: 11:09:42
1 - Software; Archivo: medios.php; Acción: Lista las facturas en facturación; Fecha: 08-08-2025; Hora: 11:09:42
1 - Software; Archivo: medios.php; Acción: Lista las facturas en facturación; Fecha: 08-08-2025; Hora: 11:10:19
1 - Software; Archivo: medios.php; Acción: Lista las facturas en facturación; Fecha: 08-08-2025; Hora: 11:10:19
1 - Software; Archivo: medios.php; Acción: Lista las facturas en facturación; Fecha: 08-08-2025; Hora: 11:10:19
1 - Software; Archivo: medios.php; Acción: Lista las facturas en facturación; Fecha: 08-08-2025; Hora: 11:10:19
1 - Software; Archivo: pagos.php; Acción: Recoger los medios de pago; Fecha: 08-08-2025; Hora: 11:22:29
1 - Software; Archivo: tarifaAloja.php; Acción: Lista las tarifas de alojamiento; Fecha: 08-08-2025; Hora: 11:22:29
1 - Software; Archivo: tarifaAloja.php; Acción: Lista las tarifas de alojamiento; Fecha: 08-08-2025; Hora: 11:22:36
1 - Software; Archivo: actividades.php; Acción: Lista las actividades del usuario; Fecha: 08-08-2025; Hora: 11:26:30
1 - Software; Archivo: medios.php; Acción: Lista las facturas en facturación; Fecha: 08-08-2025; Hora: 11:26:52
1 - Software; Archivo: medios.php; Acción: Lista las facturas en facturación; Fecha: 08-08-2025; Hora: 11:26:52
1 - Software; Archivo: medios.php; Acción: Lista las facturas en facturación; Fecha: 08-08-2025; Hora: 11:26:52
1 - Software; Archivo: medios.php; Acción: Lista las facturas en facturación; Fecha: 08-08-2025; Hora: 11:26:52
1 - Software; Archivo: pagos.php; Acción: Recoger los medios de pago; Fecha: 08-08-2025; Hora: 11:28:09
1 - Software; Archivo: tarifaAloja.php; Acción: Lista las tarifas de alojamiento; Fecha: 08-08-2025; Hora: 11:28:09
1 - Software; Archivo: medios.php; Acción: Lista las facturas en facturación; Fecha: 08-08-2025; Hora: 11:58:05
1 - Software; Archivo: medios.php; Acción: Lista las facturas en facturación; Fecha: 08-08-2025; Hora: 11:58:05
1 - Software; Archivo: medios.php; Acción: Lista las facturas en facturación; Fecha: 08-08-2025; Hora: 11:58:05
1 - Software; Archivo: medios.php; Acción: Lista las facturas en facturación; Fecha: 08-08-2025; Hora: 11:58:05
1 - Software; Archivo: tarifaAloja.php; Acción: Lista las tarifas de alojamiento; Fecha: 08-08-2025; Hora: 12:07:28
1 - Software; Archivo: tarifaAloja.php; Acción: Lista las tarifas de alojamiento; Fecha: 08-08-2025; Hora: 12:07:32
1 - Software; Archivo: tarifaAloja.php; Acción: Lista las tarifas de alojamiento; Fecha: 08-08-2025; Hora: 12:07:55
1 - Software; Archivo: medios.php; Acción: Lista las facturas en facturación; Fecha: 08-08-2025; Hora: 12:12:47
1 - Software; Archivo: medios.php; Acción: Lista las facturas en facturación; Fecha: 08-08-2025; Hora: 12:12:47
1 - Software; Archivo: medios.php; Acción: Lista las facturas en facturación; Fecha: 08-08-2025; Hora: 12:12:47
1 - Software; Archivo: medios.php; Acción: Lista las facturas en facturación; Fecha: 08-08-2025; Hora: 12:12:47
1 - Software; Archivo: actividades.php; Acción: Lista las actividades de los adminitradores; Fecha: 08-08-2025; Hora: 12:12:55
1 - Software; Archivo: alojamientos.php; Acción: Lista los alojamientos; Fecha: 08-08-2025; Hora: 12:12:57
1 - Software; Archivo: alojamientos.php; Acción: Lista los alojamientos; Fecha: 08-08-2025; Hora: 12:12:57
1 - Software; Archivo: alojamientos.php; Acción: Lista los alojamientos; Fecha: 08-08-2025; Hora: 12:12:57
1 - Software; Archivo: alojamientos.php; Acción: Lista los alojamientos; Fecha: 08-08-2025; Hora: 12:12:57
1 - Software; Archivo: tiposAloja_Edu.php; Acción: Lista los tipos de alojamiento ; Fecha: 08-08-2025; Hora: 12:12:58
1 - Software; Archivo: medios.php; Acción: Lista las facturas en facturación; Fecha: 08-08-2025; Hora: 12:13:32
1 - Software; Archivo: medios.php; Acción: Lista las facturas en facturación; Fecha: 08-08-2025; Hora: 12:13:32
1 - Software; Archivo: medios.php; Acción: Lista las facturas en facturación; Fecha: 08-08-2025; Hora: 12:13:32
1 - Software; Archivo: medios.php; Acción: Lista las facturas en facturación; Fecha: 08-08-2025; Hora: 12:13:32
1 - Software; Archivo: medios.php; Acción: Lista las facturas en facturación; Fecha: 08-08-2025; Hora: 12:13:38
1 - Software; Archivo: medios.php; Acción: Lista las facturas en facturación; Fecha: 08-08-2025; Hora: 12:13:38
1 - Software; Archivo: medios.php; Acción: Lista las facturas en facturación; Fecha: 08-08-2025; Hora: 12:13:38
1 - Software; Archivo: medios.php; Acción: Lista las facturas en facturación; Fecha: 08-08-2025; Hora: 12:13:38
1 - Software; Archivo: tipoCurso_Edu.php; Acción: Lista los tipos de curso; Fecha: 08-08-2025; Hora: 12:15:03
1 - Software; Archivo: tipoCurso_Edu.php; Acción: Lista los tipos de curso; Fecha: 08-08-2025; Hora: 12:15:07
 - Software; Archivo: asistencia.php; Acción: Lista las asistencias; Fecha: 08-08-2025; Hora: 12:16:43
1 - Software; Archivo: medios.php; Acción: Lista las facturas en facturación; Fecha: 08-08-2025; Hora: 12:17:36
1 - Software; Archivo: medios.php; Acción: Lista las facturas en facturación; Fecha: 08-08-2025; Hora: 12:17:36
1 - Software; Archivo: medios.php; Acción: Lista las facturas en facturación; Fecha: 08-08-2025; Hora: 12:17:36
1 - Software; Archivo: medios.php; Acción: Lista las facturas en facturación; Fecha: 08-08-2025; Hora: 12:17:36
1 - Software; Archivo: medios.php; Acción: Lista las facturas en facturación; Fecha: 08-08-2025; Hora: 12:18:05
1 - Software; Archivo: medios.php; Acción: Lista las facturas en facturación; Fecha: 08-08-2025; Hora: 12:18:05
1 - Software; Archivo: medios.php; Acción: Lista las facturas en facturación; Fecha: 08-08-2025; Hora: 12:18:05
1 - Software; Archivo: medios.php; Acción: Lista las facturas en facturación; Fecha: 08-08-2025; Hora: 12:18:05
1 - Software; Archivo: proforma.php; Acción: La factura 21fue desactivada; Fecha: 08-08-2025; Hora: 12:18:14
1 - Software; Archivo: medios.php; Acción: Lista las facturas en facturación; Fecha: 08-08-2025; Hora: 12:18:14
1 - Software; Archivo: medios.php; Acción: Lista las facturas en facturación; Fecha: 08-08-2025; Hora: 12:18:14
1 - Software; Archivo: medios.php; Acción: Lista las facturas en facturación; Fecha: 08-08-2025; Hora: 12:20:30
1 - Software; Archivo: medios.php; Acción: Lista las facturas en facturación; Fecha: 08-08-2025; Hora: 12:20:30
1 - Software; Archivo: medios.php; Acción: Lista las facturas en facturación; Fecha: 08-08-2025; Hora: 12:20:30
1 - Software; Archivo: medios.php; Acción: Lista las facturas en facturación; Fecha: 08-08-2025; Hora: 12:20:30
1 - Software; Archivo: medios.php; Acción: Lista las facturas en facturación; Fecha: 08-08-2025; Hora: 12:20:52
1 - Software; Archivo: medios.php; Acción: Lista las facturas en facturación; Fecha: 08-08-2025; Hora: 12:20:52
1 - Software; Archivo: medios.php; Acción: Lista las facturas en facturación; Fecha: 08-08-2025; Hora: 12:20:52
1 - Software; Archivo: medios.php; Acción: Lista las facturas en facturación; Fecha: 08-08-2025; Hora: 12:20:52
1 - Software; Archivo: pagos.php; Acción: Recoger los medios de pago; Fecha: 08-08-2025; Hora: 12:20:58
1 - Software; Archivo: tarifaAloja.php; Acción: Lista las tarifas de alojamiento; Fecha: 08-08-2025; Hora: 12:20:58
1 - Software; Archivo: medios.php; Acción: Lista las facturas en facturación; Fecha: 08-08-2025; Hora: 12:21:08
1 - Software; Archivo: medios.php; Acción: Lista las facturas en facturación; Fecha: 08-08-2025; Hora: 12:21:08
1 - Software; Archivo: medios.php; Acción: Lista las facturas en facturación; Fecha: 08-08-2025; Hora: 12:21:08
1 - Software; Archivo: medios.php; Acción: Lista las facturas en facturación; Fecha: 08-08-2025; Hora: 12:21:08
1 - Software; Archivo: tarifaAloja.php; Acción: Lista las tarifas de alojamiento; Fecha: 08-08-2025; Hora: 12:21:24
1 - Software; Archivo: pagos.php; Acción: Recoger los medios de pago; Fecha: 08-08-2025; Hora: 12:21:28
1 - Software; Archivo: tarifaAloja.php; Acción: Lista las tarifas de alojamiento; Fecha: 08-08-2025; Hora: 12:21:28
1 - Software; Archivo: medios.php; Acción: Lista las facturas en facturación; Fecha: 08-08-2025; Hora: 12:21:33
1 - Software; Archivo: medios.php; Acción: Lista las facturas en facturación; Fecha: 08-08-2025; Hora: 12:21:33
1 - Software; Archivo: medios.php; Acción: Lista las facturas en facturación; Fecha: 08-08-2025; Hora: 12:21:33
1 - Software; Archivo: medios.php; Acción: Lista las facturas en facturación; Fecha: 08-08-2025; Hora: 12:21:33
1 - Software; Archivo: medios.php; Acción: Lista las facturas en facturación; Fecha: 08-08-2025; Hora: 12:22:11
1 - Software; Archivo: medios.php; Acción: Lista las facturas en facturación; Fecha: 08-08-2025; Hora: 12:22:11
1 - Software; Archivo: medios.php; Acción: Lista las facturas en facturación; Fecha: 08-08-2025; Hora: 12:22:11
1 - Software; Archivo: medios.php; Acción: Lista las facturas en facturación; Fecha: 08-08-2025; Hora: 12:22:11
1 - Software; Archivo: medios.php; Acción: Lista las facturas en facturación; Fecha: 08-08-2025; Hora: 12:22:22
1 - Software; Archivo: medios.php; Acción: Lista las facturas en facturación; Fecha: 08-08-2025; Hora: 12:22:22
1 - Software; Archivo: medios.php; Acción: Lista las facturas en facturación; Fecha: 08-08-2025; Hora: 12:22:22
1 - Software; Archivo: medios.php; Acción: Lista las facturas en facturación; Fecha: 08-08-2025; Hora: 12:22:22
1 - Software; Archivo: medios.php; Acción: Lista las facturas en facturación; Fecha: 08-08-2025; Hora: 12:22:33
1 - Software; Archivo: medios.php; Acción: Lista las facturas en facturación; Fecha: 08-08-2025; Hora: 12:22:33
1 - Software; Archivo: medios.php; Acción: Lista las facturas en facturación; Fecha: 08-08-2025; Hora: 12:22:33
1 - Software; Archivo: medios.php; Acción: Lista las facturas en facturación; Fecha: 08-08-2025; Hora: 12:22:33
1 - Software; Archivo: tarifaAloja.php; Acción: Lista las tarifas de alojamiento; Fecha: 08-08-2025; Hora: 12:23:35
1 - Software; Archivo: medios.php; Acción: Lista las facturas en facturación; Fecha: 08-08-2025; Hora: 12:23:38
1 - Software; Archivo: medios.php; Acción: Lista las facturas en facturación; Fecha: 08-08-2025; Hora: 12:23:38
1 - Software; Archivo: medios.php; Acción: Lista las facturas en facturación; Fecha: 08-08-2025; Hora: 12:23:38
1 - Software; Archivo: medios.php; Acción: Lista las facturas en facturación; Fecha: 08-08-2025; Hora: 12:23:38
1 - Software; Archivo: tarifaAloja.php; Acción: Lista las tarifas de alojamiento; Fecha: 08-08-2025; Hora: 12:23:38
1 - Software; Archivo: medios.php; Acción: Lista las facturas en facturación; Fecha: 08-08-2025; Hora: 12:25:26
1 - Software; Archivo: medios.php; Acción: Lista las facturas en facturación; Fecha: 08-08-2025; Hora: 12:25:26
1 - Software; Archivo: medios.php; Acción: Lista las facturas en facturación; Fecha: 08-08-2025; Hora: 12:25:26
1 - Software; Archivo: medios.php; Acción: Lista las facturas en facturación; Fecha: 08-08-2025; Hora: 12:25:26
1 - Software; Archivo: medios.php; Acción: Lista las facturas en facturación; Fecha: 08-08-2025; Hora: 12:25:34
1 - Software; Archivo: medios.php; Acción: Lista las facturas en facturación; Fecha: 08-08-2025; Hora: 12:25:34
1 - Software; Archivo: medios.php; Acción: Lista las facturas en facturación; Fecha: 08-08-2025; Hora: 12:25:34
1 - Software; Archivo: medios.php; Acción: Lista las facturas en facturación; Fecha: 08-08-2025; Hora: 12:25:34
1 - Software; Archivo: medios.php; Acción: Lista las facturas en facturación; Fecha: 08-08-2025; Hora: 12:26:35
1 - Software; Archivo: medios.php; Acción: Lista las facturas en facturación; Fecha: 08-08-2025; Hora: 12:26:35
1 - Software; Archivo: medios.php; Acción: Lista las facturas en facturación; Fecha: 08-08-2025; Hora: 12:26:35
1 - Software; Archivo: medios.php; Acción: Lista las facturas en facturación; Fecha: 08-08-2025; Hora: 12:26:35
1 - Software; Archivo: medios.php; Acción: Lista las facturas en facturación; Fecha: 08-08-2025; Hora: 12:26:59
1 - Software; Archivo: medios.php; Acción: Lista las facturas en facturación; Fecha: 08-08-2025; Hora: 12:26:59
1 - Software; Archivo: medios.php; Acción: Lista las facturas en facturación; Fecha: 08-08-2025; Hora: 12:26:59
1 - Software; Archivo: medios.php; Acción: Lista las facturas en facturación; Fecha: 08-08-2025; Hora: 12:26:59
1 - Software; Archivo: tarifaAloja.php; Acción: Lista las tarifas de alojamiento; Fecha: 08-08-2025; Hora: 12:27:49
ID: 15 - Nombre: Andres - IP: 192.168.31.3; Archivo: usuario.php; Acción: Se hace login Alumno; Fecha: 08-08-2025; Hora: 12:30:04
15 - Andres; Archivo: actividades.php; Acción: Lista las actividades del usuario; Fecha: 08-08-2025; Hora: 12:30:07
 - Usuario desconocido; Archivo: actividades.php; Acción: Lista las actividades del usuario; Fecha: 08-08-2025; Hora: 12:30:38
ID: 1 - Nombre: Software - IP: 192.168.31.3; Archivo: usuario.php; Acción: Se hace login; Fecha: 08-08-2025; Hora: 12:30:44
1 - Software; Archivo: medios.php; Acción: Lista las facturas en facturación; Fecha: 08-08-2025; Hora: 12:30:47
1 - Software; Archivo: medios.php; Acción: Lista las facturas en facturación; Fecha: 08-08-2025; Hora: 12:30:47
1 - Software; Archivo: medios.php; Acción: Lista las facturas en facturación; Fecha: 08-08-2025; Hora: 12:30:47
1 - Software; Archivo: medios.php; Acción: Lista las facturas en facturación; Fecha: 08-08-2025; Hora: 12:30:47
1 - Software; Archivo: medios.php; Acción: Lista las facturas en facturación; Fecha: 08-08-2025; Hora: 12:31:47
1 - Software; Archivo: medios.php; Acción: Lista las facturas en facturación; Fecha: 08-08-2025; Hora: 12:31:47
1 - Software; Archivo: medios.php; Acción: Lista las facturas en facturación; Fecha: 08-08-2025; Hora: 12:31:47
1 - Software; Archivo: medios.php; Acción: Lista las facturas en facturación; Fecha: 08-08-2025; Hora: 12:31:47
1 - Software; Archivo: medios.php; Acción: Lista las facturas en facturación; Fecha: 08-08-2025; Hora: 12:31:57
1 - Software; Archivo: medios.php; Acción: Lista las facturas en facturación; Fecha: 08-08-2025; Hora: 12:31:57
1 - Software; Archivo: medios.php; Acción: Lista las facturas en facturación; Fecha: 08-08-2025; Hora: 12:31:57
1 - Software; Archivo: medios.php; Acción: Lista las facturas en facturación; Fecha: 08-08-2025; Hora: 12:31:57
1 - Software; Archivo: tarifaAloja.php; Acción: Lista las tarifas de alojamiento; Fecha: 08-08-2025; Hora: 12:32:30
1 - Software; Archivo: alojamientos.php; Acción: Lista los alojamientos; Fecha: 08-08-2025; Hora: 12:33:55
1 - Software; Archivo: alojamientos.php; Acción: Lista los alojamientos; Fecha: 08-08-2025; Hora: 12:33:55
1 - Software; Archivo: alojamientos.php; Acción: Lista los alojamientos; Fecha: 08-08-2025; Hora: 12:33:55
1 - Software; Archivo: alojamientos.php; Acción: Lista los alojamientos; Fecha: 08-08-2025; Hora: 12:33:55
1 - Software; Archivo: tarifaAloja.php; Acción: Lista las tarifas de alojamiento; Fecha: 08-08-2025; Hora: 12:34:37
1 - Software; Archivo: tarifaAloja.php; Acción: Lista las tarifas de alojamiento; Fecha: 08-08-2025; Hora: 12:35:26
1 - Software; Archivo: tarifaAloja.php; Acción: Lista las tarifas de alojamiento; Fecha: 08-08-2025; Hora: 12:35:27
1 - Software; Archivo: medios.php; Acción: Lista las facturas en facturación; Fecha: 08-08-2025; Hora: 12:36:20
1 - Software; Archivo: medios.php; Acción: Lista las facturas en facturación; Fecha: 08-08-2025; Hora: 12:36:20
1 - Software; Archivo: medios.php; Acción: Lista las facturas en facturación; Fecha: 08-08-2025; Hora: 12:36:20
1 - Software; Archivo: medios.php; Acción: Lista las facturas en facturación; Fecha: 08-08-2025; Hora: 12:36:20
1 - Software; Archivo: tarifaAloja.php; Acción: Lista las tarifas de alojamiento; Fecha: 08-08-2025; Hora: 12:36:20
1 - Software; Archivo: medios.php; Acción: Lista las facturas en facturación; Fecha: 08-08-2025; Hora: 12:37:29
1 - Software; Archivo: medios.php; Acción: Lista las facturas en facturación; Fecha: 08-08-2025; Hora: 12:37:29
1 - Software; Archivo: medios.php; Acción: Lista las facturas en facturación; Fecha: 08-08-2025; Hora: 12:37:29
1 - Software; Archivo: medios.php; Acción: Lista las facturas en facturación; Fecha: 08-08-2025; Hora: 12:37:29
1 - Software; Archivo: medios.php; Acción: Lista las facturas en facturación; Fecha: 08-08-2025; Hora: 12:37:58
1 - Software; Archivo: medios.php; Acción: Lista las facturas en facturación; Fecha: 08-08-2025; Hora: 12:37:58
1 - Software; Archivo: medios.php; Acción: Lista las facturas en facturación; Fecha: 08-08-2025; Hora: 12:37:58
1 - Software; Archivo: medios.php; Acción: Lista las facturas en facturación; Fecha: 08-08-2025; Hora: 12:37:58
1 - Software; Archivo: alojamientos.php; Acción: Lista los alojamientos; Fecha: 08-08-2025; Hora: 12:39:45
1 - Software; Archivo: alojamientos.php; Acción: Lista los alojamientos; Fecha: 08-08-2025; Hora: 12:39:45
1 - Software; Archivo: alojamientos.php; Acción: Lista los alojamientos; Fecha: 08-08-2025; Hora: 12:39:45
1 - Software; Archivo: alojamientos.php; Acción: Lista los alojamientos; Fecha: 08-08-2025; Hora: 12:39:45
1 - Software; Archivo: medios.php; Acción: Lista las facturas en facturación; Fecha: 08-08-2025; Hora: 12:39:54
1 - Software; Archivo: medios.php; Acción: Lista las facturas en facturación; Fecha: 08-08-2025; Hora: 12:39:54
1 - Software; Archivo: medios.php; Acción: Lista las facturas en facturación; Fecha: 08-08-2025; Hora: 12:39:54
1 - Software; Archivo: medios.php; Acción: Lista las facturas en facturación; Fecha: 08-08-2025; Hora: 12:39:54
1 - Software; Archivo: medios.php; Acción: Lista las facturas en facturación; Fecha: 08-08-2025; Hora: 12:40:01
1 - Software; Archivo: medios.php; Acción: Lista las facturas en facturación; Fecha: 08-08-2025; Hora: 12:40:01
1 - Software; Archivo: medios.php; Acción: Lista las facturas en facturación; Fecha: 08-08-2025; Hora: 12:40:01
1 - Software; Archivo: medios.php; Acción: Lista las facturas en facturación; Fecha: 08-08-2025; Hora: 12:40:01
1 - Software; Archivo: medios.php; Acción: Lista las facturas en facturación; Fecha: 08-08-2025; Hora: 12:40:05
1 - Software; Archivo: medios.php; Acción: Lista las facturas en facturación; Fecha: 08-08-2025; Hora: 12:40:05
1 - Software; Archivo: medios.php; Acción: Lista las facturas en facturación; Fecha: 08-08-2025; Hora: 12:40:06
1 - Software; Archivo: medios.php; Acción: Lista las facturas en facturación; Fecha: 08-08-2025; Hora: 12:40:06
1 - Software; Archivo: medios.php; Acción: Lista las facturas en facturación; Fecha: 08-08-2025; Hora: 12:40:18
1 - Software; Archivo: medios.php; Acción: Lista las facturas en facturación; Fecha: 08-08-2025; Hora: 12:40:18
1 - Software; Archivo: medios.php; Acción: Lista las facturas en facturación; Fecha: 08-08-2025; Hora: 12:40:18
1 - Software; Archivo: medios.php; Acción: Lista las facturas en facturación; Fecha: 08-08-2025; Hora: 12:40:18
1 - Software; Archivo: medios.php; Acción: Lista las facturas en facturación; Fecha: 08-08-2025; Hora: 12:40:20
1 - Software; Archivo: medios.php; Acción: Lista las facturas en facturación; Fecha: 08-08-2025; Hora: 12:40:20
1 - Software; Archivo: medios.php; Acción: Lista las facturas en facturación; Fecha: 08-08-2025; Hora: 12:40:20
1 - Software; Archivo: medios.php; Acción: Lista las facturas en facturación; Fecha: 08-08-2025; Hora: 12:40:20
1 - Software; Archivo: medios.php; Acción: Lista las facturas en facturación; Fecha: 08-08-2025; Hora: 12:40:33
1 - Software; Archivo: medios.php; Acción: Lista las facturas en facturación; Fecha: 08-08-2025; Hora: 12:40:33
1 - Software; Archivo: medios.php; Acción: Lista las facturas en facturación; Fecha: 08-08-2025; Hora: 12:40:33
1 - Software; Archivo: medios.php; Acción: Lista las facturas en facturación; Fecha: 08-08-2025; Hora: 12:40:33
1 - Software; Archivo: medios.php; Acción: Lista las facturas en facturación; Fecha: 08-08-2025; Hora: 12:40:34
1 - Software; Archivo: medios.php; Acción: Lista las facturas en facturación; Fecha: 08-08-2025; Hora: 12:40:34
1 - Software; Archivo: medios.php; Acción: Lista las facturas en facturación; Fecha: 08-08-2025; Hora: 12:40:34
1 - Software; Archivo: medios.php; Acción: Lista las facturas en facturación; Fecha: 08-08-2025; Hora: 12:40:34
1 - Software; Archivo: medios.php; Acción: Lista las facturas en facturación; Fecha: 08-08-2025; Hora: 12:40:56
1 - Software; Archivo: medios.php; Acción: Lista las facturas en facturación; Fecha: 08-08-2025; Hora: 12:40:56
1 - Software; Archivo: medios.php; Acción: Lista las facturas en facturación; Fecha: 08-08-2025; Hora: 12:40:56
1 - Software; Archivo: medios.php; Acción: Lista las facturas en facturación; Fecha: 08-08-2025; Hora: 12:40:56
1 - Software; Archivo: pagos.php; Acción: Recoger los medios de pago; Fecha: 08-08-2025; Hora: 12:44:38
1 - Software; Archivo: tarifaAloja.php; Acción: Lista las tarifas de alojamiento; Fecha: 08-08-2025; Hora: 12:44:38
1 - Software; Archivo: tarifaAloja.php; Acción: Lista las tarifas de alojamiento; Fecha: 08-08-2025; Hora: 12:44:41
1 - Software; Archivo: medios.php; Acción: Lista las facturas en facturación; Fecha: 08-08-2025; Hora: 12:45:43
1 - Software; Archivo: medios.php; Acción: Lista las facturas en facturación; Fecha: 08-08-2025; Hora: 12:45:43
1 - Software; Archivo: medios.php; Acción: Lista las facturas en facturación; Fecha: 08-08-2025; Hora: 12:45:43
1 - Software; Archivo: medios.php; Acción: Lista las facturas en facturación; Fecha: 08-08-2025; Hora: 12:45:43
1 - Software; Archivo: tarifaAloja.php; Acción: Lista las tarifas de alojamiento; Fecha: 08-08-2025; Hora: 12:48:21
1 - Software; Archivo: medios.php; Acción: Lista las facturas en facturación; Fecha: 08-08-2025; Hora: 12:49:56
1 - Software; Archivo: medios.php; Acción: Lista las facturas en facturación; Fecha: 08-08-2025; Hora: 12:49:56
1 - Software; Archivo: medios.php; Acción: Lista las facturas en facturación; Fecha: 08-08-2025; Hora: 12:49:56
1 - Software; Archivo: medios.php; Acción: Lista las facturas en facturación; Fecha: 08-08-2025; Hora: 12:49:56
1 - Software; Archivo: medios.php; Acción: Lista las facturas en facturación; Fecha: 08-08-2025; Hora: 12:50:54
1 - Software; Archivo: medios.php; Acción: Lista las facturas en facturación; Fecha: 08-08-2025; Hora: 12:50:54
1 - Software; Archivo: medios.php; Acción: Lista las facturas en facturación; Fecha: 08-08-2025; Hora: 12:50:54
1 - Software; Archivo: medios.php; Acción: Lista las facturas en facturación; Fecha: 08-08-2025; Hora: 12:50:54
1 - Software; Archivo: medios.php; Acción: Lista las facturas en facturación; Fecha: 08-08-2025; Hora: 12:50:56
1 - Software; Archivo: medios.php; Acción: Lista las facturas en facturación; Fecha: 08-08-2025; Hora: 12:50:56
1 - Software; Archivo: medios.php; Acción: Lista las facturas en facturación; Fecha: 08-08-2025; Hora: 12:50:56
1 - Software; Archivo: medios.php; Acción: Lista las facturas en facturación; Fecha: 08-08-2025; Hora: 12:50:56
1 - Software; Archivo: tarifaAloja.php; Acción: Lista las tarifas de alojamiento; Fecha: 08-08-2025; Hora: 12:51:00
1 - Software; Archivo: medios.php; Acción: Lista las facturas en facturación; Fecha: 08-08-2025; Hora: 12:52:55
1 - Software; Archivo: medios.php; Acción: Lista las facturas en facturación; Fecha: 08-08-2025; Hora: 12:52:55
1 - Software; Archivo: medios.php; Acción: Lista las facturas en facturación; Fecha: 08-08-2025; Hora: 12:52:55
1 - Software; Archivo: medios.php; Acción: Lista las facturas en facturación; Fecha: 08-08-2025; Hora: 12:52:55
1 - Software; Archivo: medios.php; Acción: Lista las facturas en facturación; Fecha: 08-08-2025; Hora: 12:55:10
1 - Software; Archivo: medios.php; Acción: Lista las facturas en facturación; Fecha: 08-08-2025; Hora: 12:55:10
1 - Software; Archivo: medios.php; Acción: Lista las facturas en facturación; Fecha: 08-08-2025; Hora: 12:55:10
1 - Software; Archivo: medios.php; Acción: Lista las facturas en facturación; Fecha: 08-08-2025; Hora: 12:55:10
1 - Software; Archivo: pagos.php; Acción: Recoger los medios de pago; Fecha: 08-08-2025; Hora: 12:55:15
1 - Software; Archivo: tarifaAloja.php; Acción: Lista las tarifas de alojamiento; Fecha: 08-08-2025; Hora: 12:55:15
1 - Software; Archivo: tarifaAloja.php; Acción: Lista las tarifas de alojamiento; Fecha: 08-08-2025; Hora: 12:55:18
1 - Software; Archivo: tarifaAloja.php; Acción: Lista las tarifas de alojamiento; Fecha: 08-08-2025; Hora: 12:55:24
1 - Software; Archivo: medios.php; Acción: Lista las facturas en facturación; Fecha: 08-08-2025; Hora: 12:56:27
1 - Software; Archivo: medios.php; Acción: Lista las facturas en facturación; Fecha: 08-08-2025; Hora: 12:56:27
1 - Software; Archivo: medios.php; Acción: Lista las facturas en facturación; Fecha: 08-08-2025; Hora: 12:56:27
1 - Software; Archivo: medios.php; Acción: Lista las facturas en facturación; Fecha: 08-08-2025; Hora: 12:56:27
1 - Software; Archivo: medios.php; Acción: Lista las facturas en facturación; Fecha: 08-08-2025; Hora: 12:58:08
1 - Software; Archivo: medios.php; Acción: Lista las facturas en facturación; Fecha: 08-08-2025; Hora: 12:58:08
1 - Software; Archivo: medios.php; Acción: Lista las facturas en facturación; Fecha: 08-08-2025; Hora: 12:58:08
1 - Software; Archivo: medios.php; Acción: Lista las facturas en facturación; Fecha: 08-08-2025; Hora: 12:58:08
1 - Software; Archivo: medios.php; Acción: Lista las facturas en facturación; Fecha: 08-08-2025; Hora: 13:02:19
1 - Software; Archivo: medios.php; Acción: Lista las facturas en facturación; Fecha: 08-08-2025; Hora: 13:02:19
1 - Software; Archivo: medios.php; Acción: Lista las facturas en facturación; Fecha: 08-08-2025; Hora: 13:02:19
1 - Software; Archivo: medios.php; Acción: Lista las facturas en facturación; Fecha: 08-08-2025; Hora: 13:02:19
1 - Software; Archivo: medios.php; Acción: Lista las facturas en facturación; Fecha: 08-08-2025; Hora: 13:02:20
1 - Software; Archivo: medios.php; Acción: Lista las facturas en facturación; Fecha: 08-08-2025; Hora: 13:02:20
1 - Software; Archivo: medios.php; Acción: Lista las facturas en facturación; Fecha: 08-08-2025; Hora: 13:02:20
1 - Software; Archivo: medios.php; Acción: Lista las facturas en facturación; Fecha: 08-08-2025; Hora: 13:02:20
1 - Software; Archivo: medios.php; Acción: Lista las facturas en facturación; Fecha: 08-08-2025; Hora: 13:05:13
1 - Software; Archivo: medios.php; Acción: Lista las facturas en facturación; Fecha: 08-08-2025; Hora: 13:05:13
1 - Software; Archivo: medios.php; Acción: Lista las facturas en facturación; Fecha: 08-08-2025; Hora: 13:05:13
1 - Software; Archivo: medios.php; Acción: Lista las facturas en facturación; Fecha: 08-08-2025; Hora: 13:05:13
1 - Software; Archivo: medios.php; Acción: Lista las facturas en facturación; Fecha: 08-08-2025; Hora: 13:07:34
1 - Software; Archivo: medios.php; Acción: Lista las facturas en facturación; Fecha: 08-08-2025; Hora: 13:07:34
1 - Software; Archivo: medios.php; Acción: Lista las facturas en facturación; Fecha: 08-08-2025; Hora: 13:07:34
1 - Software; Archivo: medios.php; Acción: Lista las facturas en facturación; Fecha: 08-08-2025; Hora: 13:07:34
1 - Software; Archivo: medios.php; Acción: Lista las facturas en facturación; Fecha: 08-08-2025; Hora: 13:07:43
1 - Software; Archivo: medios.php; Acción: Lista las facturas en facturación; Fecha: 08-08-2025; Hora: 13:07:43
1 - Software; Archivo: medios.php; Acción: Lista las facturas en facturación; Fecha: 08-08-2025; Hora: 13:07:43
1 - Software; Archivo: medios.php; Acción: Lista las facturas en facturación; Fecha: 08-08-2025; Hora: 13:07:43
1 - Software; Archivo: medios.php; Acción: Lista las facturas en facturación; Fecha: 08-08-2025; Hora: 13:07:46
1 - Software; Archivo: medios.php; Acción: Lista las facturas en facturación; Fecha: 08-08-2025; Hora: 13:07:46
1 - Software; Archivo: medios.php; Acción: Lista las facturas en facturación; Fecha: 08-08-2025; Hora: 13:07:46
1 - Software; Archivo: medios.php; Acción: Lista las facturas en facturación; Fecha: 08-08-2025; Hora: 13:07:46
1 - Software; Archivo: medios.php; Acción: Lista las facturas en facturación; Fecha: 08-08-2025; Hora: 13:13:09
1 - Software; Archivo: medios.php; Acción: Lista las facturas en facturación; Fecha: 08-08-2025; Hora: 13:13:09
1 - Software; Archivo: medios.php; Acción: Lista las facturas en facturación; Fecha: 08-08-2025; Hora: 13:13:09
1 - Software; Archivo: medios.php; Acción: Lista las facturas en facturación; Fecha: 08-08-2025; Hora: 13:13:09
1 - Software; Archivo: medios.php; Acción: Lista las facturas en facturación; Fecha: 08-08-2025; Hora: 13:13:13
1 - Software; Archivo: medios.php; Acción: Lista las facturas en facturación; Fecha: 08-08-2025; Hora: 13:13:13
1 - Software; Archivo: medios.php; Acción: Lista las facturas en facturación; Fecha: 08-08-2025; Hora: 13:13:13
1 - Software; Archivo: medios.php; Acción: Lista las facturas en facturación; Fecha: 08-08-2025; Hora: 13:13:13
1 - Software; Archivo: medios.php; Acción: Lista las facturas en facturación; Fecha: 08-08-2025; Hora: 13:13:35
1 - Software; Archivo: medios.php; Acción: Lista las facturas en facturación; Fecha: 08-08-2025; Hora: 13:13:35
1 - Software; Archivo: medios.php; Acción: Lista las facturas en facturación; Fecha: 08-08-2025; Hora: 13:13:35
1 - Software; Archivo: medios.php; Acción: Lista las facturas en facturación; Fecha: 08-08-2025; Hora: 13:13:35
1 - Software; Archivo: medios.php; Acción: Lista las facturas en facturación; Fecha: 08-08-2025; Hora: 13:13:36
1 - Software; Archivo: medios.php; Acción: Lista las facturas en facturación; Fecha: 08-08-2025; Hora: 13:13:36
1 - Software; Archivo: medios.php; Acción: Lista las facturas en facturación; Fecha: 08-08-2025; Hora: 13:13:36
1 - Software; Archivo: medios.php; Acción: Lista las facturas en facturación; Fecha: 08-08-2025; Hora: 13:13:36
1 - Software; Archivo: medios.php; Acción: Lista las facturas en facturación; Fecha: 08-08-2025; Hora: 13:14:15
1 - Software; Archivo: medios.php; Acción: Lista las facturas en facturación; Fecha: 08-08-2025; Hora: 13:14:15
1 - Software; Archivo: medios.php; Acción: Lista las facturas en facturación; Fecha: 08-08-2025; Hora: 13:14:15
1 - Software; Archivo: medios.php; Acción: Lista las facturas en facturación; Fecha: 08-08-2025; Hora: 13:14:15
1 - Software; Archivo: medios.php; Acción: Lista las facturas en facturación; Fecha: 08-08-2025; Hora: 13:14:40
1 - Software; Archivo: medios.php; Acción: Lista las facturas en facturación; Fecha: 08-08-2025; Hora: 13:14:40
1 - Software; Archivo: medios.php; Acción: Lista las facturas en facturación; Fecha: 08-08-2025; Hora: 13:14:40
1 - Software; Archivo: medios.php; Acción: Lista las facturas en facturación; Fecha: 08-08-2025; Hora: 13:14:40
1 - Software; Archivo: medios.php; Acción: Lista las facturas en facturación; Fecha: 08-08-2025; Hora: 13:15:16
1 - Software; Archivo: medios.php; Acción: Lista las facturas en facturación; Fecha: 08-08-2025; Hora: 13:15:16
1 - Software; Archivo: medios.php; Acción: Lista las facturas en facturación; Fecha: 08-08-2025; Hora: 13:15:17
1 - Software; Archivo: medios.php; Acción: Lista las facturas en facturación; Fecha: 08-08-2025; Hora: 13:15:17
1 - Software; Archivo: medios.php; Acción: Lista las facturas en facturación; Fecha: 08-08-2025; Hora: 13:15:18
1 - Software; Archivo: medios.php; Acción: Lista las facturas en facturación; Fecha: 08-08-2025; Hora: 13:15:18
1 - Software; Archivo: medios.php; Acción: Lista las facturas en facturación; Fecha: 08-08-2025; Hora: 13:15:18
1 - Software; Archivo: medios.php; Acción: Lista las facturas en facturación; Fecha: 08-08-2025; Hora: 13:15:18
1 - Software; Archivo: medios.php; Acción: Lista las facturas en facturación; Fecha: 08-08-2025; Hora: 13:17:22
1 - Software; Archivo: medios.php; Acción: Lista las facturas en facturación; Fecha: 08-08-2025; Hora: 13:17:22
1 - Software; Archivo: medios.php; Acción: Lista las facturas en facturación; Fecha: 08-08-2025; Hora: 13:17:22
1 - Software; Archivo: medios.php; Acción: Lista las facturas en facturación; Fecha: 08-08-2025; Hora: 13:17:22
1 - Software; Archivo: medios.php; Acción: Lista las facturas en facturación; Fecha: 08-08-2025; Hora: 13:17:24
1 - Software; Archivo: medios.php; Acción: Lista las facturas en facturación; Fecha: 08-08-2025; Hora: 13:17:24
1 - Software; Archivo: medios.php; Acción: Lista las facturas en facturación; Fecha: 08-08-2025; Hora: 13:17:24
1 - Software; Archivo: medios.php; Acción: Lista las facturas en facturación; Fecha: 08-08-2025; Hora: 13:17:24
1 - Software; Archivo: medios.php; Acción: Lista las facturas en facturación; Fecha: 08-08-2025; Hora: 13:18:14
1 - Software; Archivo: medios.php; Acción: Lista las facturas en facturación; Fecha: 08-08-2025; Hora: 13:18:14
1 - Software; Archivo: medios.php; Acción: Lista las facturas en facturación; Fecha: 08-08-2025; Hora: 13:18:14
1 - Software; Archivo: medios.php; Acción: Lista las facturas en facturación; Fecha: 08-08-2025; Hora: 13:18:14
1 - Software; Archivo: medios.php; Acción: Lista las facturas en facturación; Fecha: 08-08-2025; Hora: 13:24:23
1 - Software; Archivo: medios.php; Acción: Lista las facturas en facturación; Fecha: 08-08-2025; Hora: 13:24:23
1 - Software; Archivo: medios.php; Acción: Lista las facturas en facturación; Fecha: 08-08-2025; Hora: 13:24:23
1 - Software; Archivo: medios.php; Acción: Lista las facturas en facturación; Fecha: 08-08-2025; Hora: 13:24:23
1 - Software; Archivo: medios.php; Acción: Lista las facturas en facturación; Fecha: 08-08-2025; Hora: 13:24:59
1 - Software; Archivo: medios.php; Acción: Lista las facturas en facturación; Fecha: 08-08-2025; Hora: 13:24:59
1 - Software; Archivo: medios.php; Acción: Lista las facturas en facturación; Fecha: 08-08-2025; Hora: 13:24:59
1 - Software; Archivo: medios.php; Acción: Lista las facturas en facturación; Fecha: 08-08-2025; Hora: 13:24:59
1 - Software; Archivo: medios.php; Acción: Lista las facturas en facturación; Fecha: 08-08-2025; Hora: 13:25:01
1 - Software; Archivo: medios.php; Acción: Lista las facturas en facturación; Fecha: 08-08-2025; Hora: 13:25:01
1 - Software; Archivo: medios.php; Acción: Lista las facturas en facturación; Fecha: 08-08-2025; Hora: 13:25:01
1 - Software; Archivo: medios.php; Acción: Lista las facturas en facturación; Fecha: 08-08-2025; Hora: 13:25:02
1 - Software; Archivo: medios.php; Acción: Lista las facturas en facturación; Fecha: 08-08-2025; Hora: 13:25:08
1 - Software; Archivo: medios.php; Acción: Lista las facturas en facturación; Fecha: 08-08-2025; Hora: 13:25:08
1 - Software; Archivo: medios.php; Acción: Lista las facturas en facturación; Fecha: 08-08-2025; Hora: 13:25:08
1 - Software; Archivo: medios.php; Acción: Lista las facturas en facturación; Fecha: 08-08-2025; Hora: 13:25:08
1 - Software; Archivo: medios.php; Acción: Lista las facturas en facturación; Fecha: 08-08-2025; Hora: 13:25:16
1 - Software; Archivo: medios.php; Acción: Lista las facturas en facturación; Fecha: 08-08-2025; Hora: 13:25:16
1 - Software; Archivo: medios.php; Acción: Lista las facturas en facturación; Fecha: 08-08-2025; Hora: 13:25:16
1 - Software; Archivo: medios.php; Acción: Lista las facturas en facturación; Fecha: 08-08-2025; Hora: 13:25:16
1 - Software; Archivo: medios.php; Acción: Lista las facturas en facturación; Fecha: 08-08-2025; Hora: 13:35:42
1 - Software; Archivo: medios.php; Acción: Lista las facturas en facturación; Fecha: 08-08-2025; Hora: 13:35:42
1 - Software; Archivo: medios.php; Acción: Lista las facturas en facturación; Fecha: 08-08-2025; Hora: 13:35:42
1 - Software; Archivo: medios.php; Acción: Lista las facturas en facturación; Fecha: 08-08-2025; Hora: 13:35:42
1 - Software; Archivo: medios.php; Acción: Lista las facturas en facturación; Fecha: 08-08-2025; Hora: 13:36:12
1 - Software; Archivo: medios.php; Acción: Lista las facturas en facturación; Fecha: 08-08-2025; Hora: 13:36:12
1 - Software; Archivo: medios.php; Acción: Lista las facturas en facturación; Fecha: 08-08-2025; Hora: 13:36:12
1 - Software; Archivo: medios.php; Acción: Lista las facturas en facturación; Fecha: 08-08-2025; Hora: 13:36:12
1 - Software; Archivo: medios.php; Acción: Lista las facturas en facturación; Fecha: 08-08-2025; Hora: 13:36:13
1 - Software; Archivo: medios.php; Acción: Lista las facturas en facturación; Fecha: 08-08-2025; Hora: 13:36:13
1 - Software; Archivo: medios.php; Acción: Lista las facturas en facturación; Fecha: 08-08-2025; Hora: 13:36:13
1 - Software; Archivo: medios.php; Acción: Lista las facturas en facturación; Fecha: 08-08-2025; Hora: 13:36:13
1 - Software; Archivo: medios.php; Acción: Lista las facturas en facturación; Fecha: 08-08-2025; Hora: 13:36:26
1 - Software; Archivo: medios.php; Acción: Lista las facturas en facturación; Fecha: 08-08-2025; Hora: 13:36:26
1 - Software; Archivo: medios.php; Acción: Lista las facturas en facturación; Fecha: 08-08-2025; Hora: 13:36:26
1 - Software; Archivo: medios.php; Acción: Lista las facturas en facturación; Fecha: 08-08-2025; Hora: 13:36:26
1 - Software; Archivo: medios.php; Acción: Lista las facturas en facturación; Fecha: 08-08-2025; Hora: 13:36:28
1 - Software; Archivo: medios.php; Acción: Lista las facturas en facturación; Fecha: 08-08-2025; Hora: 13:36:28
1 - Software; Archivo: medios.php; Acción: Lista las facturas en facturación; Fecha: 08-08-2025; Hora: 13:36:28
1 - Software; Archivo: medios.php; Acción: Lista las facturas en facturación; Fecha: 08-08-2025; Hora: 13:36:28
1 - Software; Archivo: medios.php; Acción: Lista las facturas en facturación; Fecha: 08-08-2025; Hora: 13:36:34
1 - Software; Archivo: medios.php; Acción: Lista las facturas en facturación; Fecha: 08-08-2025; Hora: 13:36:34
1 - Software; Archivo: medios.php; Acción: Lista las facturas en facturación; Fecha: 08-08-2025; Hora: 13:36:34
1 - Software; Archivo: medios.php; Acción: Lista las facturas en facturación; Fecha: 08-08-2025; Hora: 13:36:34
1 - Software; Archivo: medios.php; Acción: Lista las facturas en facturación; Fecha: 08-08-2025; Hora: 13:36:41
1 - Software; Archivo: medios.php; Acción: Lista las facturas en facturación; Fecha: 08-08-2025; Hora: 13:36:41
1 - Software; Archivo: medios.php; Acción: Lista las facturas en facturación; Fecha: 08-08-2025; Hora: 13:36:41
1 - Software; Archivo: medios.php; Acción: Lista las facturas en facturación; Fecha: 08-08-2025; Hora: 13:36:41
1 - Software; Archivo: medios.php; Acción: Lista las facturas en facturación; Fecha: 08-08-2025; Hora: 13:36:54
1 - Software; Archivo: medios.php; Acción: Lista las facturas en facturación; Fecha: 08-08-2025; Hora: 13:36:54
1 - Software; Archivo: medios.php; Acción: Lista las facturas en facturación; Fecha: 08-08-2025; Hora: 13:36:54
1 - Software; Archivo: medios.php; Acción: Lista las facturas en facturación; Fecha: 08-08-2025; Hora: 13:36:54
1 - Software; Archivo: medios.php; Acción: Lista las facturas en facturación; Fecha: 08-08-2025; Hora: 13:36:55
1 - Software; Archivo: medios.php; Acción: Lista las facturas en facturación; Fecha: 08-08-2025; Hora: 13:36:55
1 - Software; Archivo: medios.php; Acción: Lista las facturas en facturación; Fecha: 08-08-2025; Hora: 13:36:55
1 - Software; Archivo: medios.php; Acción: Lista las facturas en facturación; Fecha: 08-08-2025; Hora: 13:36:55
1 - Software; Archivo: medios.php; Acción: Lista las facturas en facturación; Fecha: 08-08-2025; Hora: 13:37:40
1 - Software; Archivo: medios.php; Acción: Lista las facturas en facturación; Fecha: 08-08-2025; Hora: 13:37:40
1 - Software; Archivo: medios.php; Acción: Lista las facturas en facturación; Fecha: 08-08-2025; Hora: 13:37:40
1 - Software; Archivo: medios.php; Acción: Lista las facturas en facturación; Fecha: 08-08-2025; Hora: 13:37:40
1 - Software; Archivo: medios.php; Acción: Lista las facturas en facturación; Fecha: 08-08-2025; Hora: 13:38:14
1 - Software; Archivo: medios.php; Acción: Lista las facturas en facturación; Fecha: 08-08-2025; Hora: 13:38:14
1 - Software; Archivo: medios.php; Acción: Lista las facturas en facturación; Fecha: 08-08-2025; Hora: 13:38:14
1 - Software; Archivo: medios.php; Acción: Lista las facturas en facturación; Fecha: 08-08-2025; Hora: 13:38:14
1 - Software; Archivo: medios.php; Acción: Lista las facturas en facturación; Fecha: 08-08-2025; Hora: 13:39:53
1 - Software; Archivo: medios.php; Acción: Lista las facturas en facturación; Fecha: 08-08-2025; Hora: 13:39:53
1 - Software; Archivo: medios.php; Acción: Lista las facturas en facturación; Fecha: 08-08-2025; Hora: 13:39:53
1 - Software; Archivo: medios.php; Acción: Lista las facturas en facturación; Fecha: 08-08-2025; Hora: 13:39:53
1 - Software; Archivo: medios.php; Acción: Lista las facturas en facturación; Fecha: 08-08-2025; Hora: 13:42:00
1 - Software; Archivo: medios.php; Acción: Lista las facturas en facturación; Fecha: 08-08-2025; Hora: 13:42:00
1 - Software; Archivo: medios.php; Acción: Lista las facturas en facturación; Fecha: 08-08-2025; Hora: 13:42:00
1 - Software; Archivo: medios.php; Acción: Lista las facturas en facturación; Fecha: 08-08-2025; Hora: 13:42:01
1 - Software; Archivo: medios.php; Acción: Lista las facturas en facturación; Fecha: 08-08-2025; Hora: 13:42:01
1 - Software; Archivo: medios.php; Acción: Lista las facturas en facturación; Fecha: 08-08-2025; Hora: 13:42:01
1 - Software; Archivo: medios.php; Acción: Lista las facturas en facturación; Fecha: 08-08-2025; Hora: 13:44:51
1 - Software; Archivo: medios.php; Acción: Lista las facturas en facturación; Fecha: 08-08-2025; Hora: 13:44:51
1 - Software; Archivo: medios.php; Acción: Lista las facturas en facturación; Fecha: 08-08-2025; Hora: 13:44:51
1 - Software; Archivo: medios.php; Acción: Lista las facturas en facturación; Fecha: 08-08-2025; Hora: 13:45:04
1 - Software; Archivo: medios.php; Acción: Lista las facturas en facturación; Fecha: 08-08-2025; Hora: 13:45:04
1 - Software; Archivo: medios.php; Acción: Lista las facturas en facturación; Fecha: 08-08-2025; Hora: 13:45:04
1 - Software; Archivo: medios.php; Acción: Lista las facturas en facturación; Fecha: 08-08-2025; Hora: 13:45:09
1 - Software; Archivo: medios.php; Acción: Lista las facturas en facturación; Fecha: 08-08-2025; Hora: 13:45:09
1 - Software; Archivo: medios.php; Acción: Lista las facturas en facturación; Fecha: 08-08-2025; Hora: 13:45:09
1 - Software; Archivo: medios.php; Acción: Lista las facturas en facturación; Fecha: 08-08-2025; Hora: 13:45:20
1 - Software; Archivo: medios.php; Acción: Lista las facturas en facturación; Fecha: 08-08-2025; Hora: 13:45:20
1 - Software; Archivo: medios.php; Acción: Lista las facturas en facturación; Fecha: 08-08-2025; Hora: 13:45:20
1 - Software; Archivo: medios.php; Acción: Lista las facturas en facturación; Fecha: 08-08-2025; Hora: 13:45:21
1 - Software; Archivo: medios.php; Acción: Lista las facturas en facturación; Fecha: 08-08-2025; Hora: 13:45:21
1 - Software; Archivo: medios.php; Acción: Lista las facturas en facturación; Fecha: 08-08-2025; Hora: 13:45:21
1 - Software; Archivo: medios.php; Acción: Lista las facturas en facturación; Fecha: 08-08-2025; Hora: 13:45:35
1 - Software; Archivo: medios.php; Acción: Lista las facturas en facturación; Fecha: 08-08-2025; Hora: 13:45:35
1 - Software; Archivo: medios.php; Acción: Lista las facturas en facturación; Fecha: 08-08-2025; Hora: 13:45:35
1 - Software; Archivo: medios.php; Acción: Lista las facturas en facturación; Fecha: 08-08-2025; Hora: 13:45:35
1 - Software; Archivo: medios.php; Acción: Lista las facturas en facturación; Fecha: 08-08-2025; Hora: 13:45:36
1 - Software; Archivo: medios.php; Acción: Lista las facturas en facturación; Fecha: 08-08-2025; Hora: 13:45:36
1 - Software; Archivo: medios.php; Acción: Lista las facturas en facturación; Fecha: 08-08-2025; Hora: 13:45:36
1 - Software; Archivo: medios.php; Acción: Lista las facturas en facturación; Fecha: 08-08-2025; Hora: 13:45:36
1 - Software; Archivo: medios.php; Acción: Lista las facturas en facturación; Fecha: 08-08-2025; Hora: 13:48:03
1 - Software; Archivo: medios.php; Acción: Lista las facturas en facturación; Fecha: 08-08-2025; Hora: 13:48:03
1 - Software; Archivo: medios.php; Acción: Lista las facturas en facturación; Fecha: 08-08-2025; Hora: 13:48:03
1 - Software; Archivo: medios.php; Acción: Lista las facturas en facturación; Fecha: 08-08-2025; Hora: 13:48:03
1 - Software; Archivo: medios.php; Acción: Lista las facturas en facturación; Fecha: 08-08-2025; Hora: 13:48:12
1 - Software; Archivo: medios.php; Acción: Lista las facturas en facturación; Fecha: 08-08-2025; Hora: 13:48:12
1 - Software; Archivo: medios.php; Acción: Lista las facturas en facturación; Fecha: 08-08-2025; Hora: 13:48:12
1 - Software; Archivo: medios.php; Acción: Lista las facturas en facturación; Fecha: 08-08-2025; Hora: 13:48:12
1 - Software; Archivo: medios.php; Acción: Lista las facturas en facturación; Fecha: 08-08-2025; Hora: 13:48:13
1 - Software; Archivo: medios.php; Acción: Lista las facturas en facturación; Fecha: 08-08-2025; Hora: 13:48:13
1 - Software; Archivo: medios.php; Acción: Lista las facturas en facturación; Fecha: 08-08-2025; Hora: 13:48:13
1 - Software; Archivo: medios.php; Acción: Lista las facturas en facturación; Fecha: 08-08-2025; Hora: 13:48:13
1 - Software; Archivo: medios.php; Acción: Lista las facturas en facturación; Fecha: 08-08-2025; Hora: 13:49:16
1 - Software; Archivo: medios.php; Acción: Lista las facturas en facturación; Fecha: 08-08-2025; Hora: 13:49:16
1 - Software; Archivo: medios.php; Acción: Lista las facturas en facturación; Fecha: 08-08-2025; Hora: 13:49:16
1 - Software; Archivo: medios.php; Acción: Lista las facturas en facturación; Fecha: 08-08-2025; Hora: 13:49:17
1 - Software; Archivo: medios.php; Acción: Lista las facturas en facturación; Fecha: 08-08-2025; Hora: 13:49:17
1 - Software; Archivo: medios.php; Acción: Lista las facturas en facturación; Fecha: 08-08-2025; Hora: 13:49:18
1 - Software; Archivo: medios.php; Acción: Lista las facturas en facturación; Fecha: 08-08-2025; Hora: 13:58:26
1 - Software; Archivo: medios.php; Acción: Lista las facturas en facturación; Fecha: 08-08-2025; Hora: 13:58:26
1 - Software; Archivo: medios.php; Acción: Lista las facturas en facturación; Fecha: 08-08-2025; Hora: 13:58:26
1 - Software; Archivo: medios.php; Acción: Lista las facturas en facturación; Fecha: 08-08-2025; Hora: 13:58:26
1 - Software; Archivo: medios.php; Acción: Lista las facturas en facturación; Fecha: 08-08-2025; Hora: 13:58:42
1 - Software; Archivo: medios.php; Acción: Lista las facturas en facturación; Fecha: 08-08-2025; Hora: 13:58:42
1 - Software; Archivo: medios.php; Acción: Lista las facturas en facturación; Fecha: 08-08-2025; Hora: 13:58:42
1 - Software; Archivo: medios.php; Acción: Lista las facturas en facturación; Fecha: 08-08-2025; Hora: 13:58:42
1 - Software; Archivo: medios.php; Acción: Lista las facturas en facturación; Fecha: 08-08-2025; Hora: 13:58:57
1 - Software; Archivo: medios.php; Acción: Lista las facturas en facturación; Fecha: 08-08-2025; Hora: 13:58:57
1 - Software; Archivo: medios.php; Acción: Lista las facturas en facturación; Fecha: 08-08-2025; Hora: 13:58:57
1 - Software; Archivo: medios.php; Acción: Lista las facturas en facturación; Fecha: 08-08-2025; Hora: 13:58:57
1 - Software; Archivo: medios.php; Acción: Lista las facturas en facturación; Fecha: 08-08-2025; Hora: 13:58:58
1 - Software; Archivo: medios.php; Acción: Lista las facturas en facturación; Fecha: 08-08-2025; Hora: 13:58:58
1 - Software; Archivo: medios.php; Acción: Lista las facturas en facturación; Fecha: 08-08-2025; Hora: 13:58:58
1 - Software; Archivo: medios.php; Acción: Lista las facturas en facturación; Fecha: 08-08-2025; Hora: 13:58:58
1 - Software; Archivo: medios.php; Acción: Lista las facturas en facturación; Fecha: 08-08-2025; Hora: 13:58:59
1 - Software; Archivo: medios.php; Acción: Lista las facturas en facturación; Fecha: 08-08-2025; Hora: 13:58:59
1 - Software; Archivo: medios.php; Acción: Lista las facturas en facturación; Fecha: 08-08-2025; Hora: 13:58:59
1 - Software; Archivo: medios.php; Acción: Lista las facturas en facturación; Fecha: 08-08-2025; Hora: 13:58:59
1 - Software; Archivo: medios.php; Acción: Lista las facturas en facturación; Fecha: 08-08-2025; Hora: 14:00:19
1 - Software; Archivo: medios.php; Acción: Lista las facturas en facturación; Fecha: 08-08-2025; Hora: 14:00:19
1 - Software; Archivo: medios.php; Acción: Lista las facturas en facturación; Fecha: 08-08-2025; Hora: 14:00:19
1 - Software; Archivo: medios.php; Acción: Lista las facturas en facturación; Fecha: 08-08-2025; Hora: 14:00:19
1 - Software; Archivo: medios.php; Acción: Lista las facturas en facturación; Fecha: 08-08-2025; Hora: 14:00:20
1 - Software; Archivo: medios.php; Acción: Lista las facturas en facturación; Fecha: 08-08-2025; Hora: 14:00:20
1 - Software; Archivo: medios.php; Acción: Lista las facturas en facturación; Fecha: 08-08-2025; Hora: 14:00:20
1 - Software; Archivo: medios.php; Acción: Lista las facturas en facturación; Fecha: 08-08-2025; Hora: 14:00:20
1 - Software; Archivo: medios.php; Acción: Lista las facturas en facturación; Fecha: 08-08-2025; Hora: 14:00:47
1 - Software; Archivo: medios.php; Acción: Lista las facturas en facturación; Fecha: 08-08-2025; Hora: 14:00:47
1 - Software; Archivo: medios.php; Acción: Lista las facturas en facturación; Fecha: 08-08-2025; Hora: 14:00:47
1 - Software; Archivo: medios.php; Acción: Lista las facturas en facturación; Fecha: 08-08-2025; Hora: 14:00:47
1 - Software; Archivo: medios.php; Acción: Lista las facturas en facturación; Fecha: 08-08-2025; Hora: 14:00:52
1 - Software; Archivo: medios.php; Acción: Lista las facturas en facturación; Fecha: 08-08-2025; Hora: 14:00:52
1 - Software; Archivo: medios.php; Acción: Lista las facturas en facturación; Fecha: 08-08-2025; Hora: 14:00:52
1 - Software; Archivo: medios.php; Acción: Lista las facturas en facturación; Fecha: 08-08-2025; Hora: 14:00:52
1 - Software; Archivo: medios.php; Acción: Lista las facturas en facturación; Fecha: 08-08-2025; Hora: 14:00:53
1 - Software; Archivo: medios.php; Acción: Lista las facturas en facturación; Fecha: 08-08-2025; Hora: 14:00:53
1 - Software; Archivo: medios.php; Acción: Lista las facturas en facturación; Fecha: 08-08-2025; Hora: 14:00:53
1 - Software; Archivo: medios.php; Acción: Lista las facturas en facturación; Fecha: 08-08-2025; Hora: 14:00:53
1 - Software; Archivo: medios.php; Acción: Lista las facturas en facturación; Fecha: 08-08-2025; Hora: 14:01:05
1 - Software; Archivo: medios.php; Acción: Lista las facturas en facturación; Fecha: 08-08-2025; Hora: 14:01:05
1 - Software; Archivo: medios.php; Acción: Lista las facturas en facturación; Fecha: 08-08-2025; Hora: 14:01:05
1 - Software; Archivo: medios.php; Acción: Lista las facturas en facturación; Fecha: 08-08-2025; Hora: 14:01:05
1 - Software; Archivo: medios.php; Acción: Lista las facturas en facturación; Fecha: 08-08-2025; Hora: 14:01:06
1 - Software; Archivo: medios.php; Acción: Lista las facturas en facturación; Fecha: 08-08-2025; Hora: 14:01:06
1 - Software; Archivo: medios.php; Acción: Lista las facturas en facturación; Fecha: 08-08-2025; Hora: 14:01:06
1 - Software; Archivo: medios.php; Acción: Lista las facturas en facturación; Fecha: 08-08-2025; Hora: 14:01:06
1 - Software; Archivo: medios.php; Acción: Lista las facturas en facturación; Fecha: 08-08-2025; Hora: 14:01:07
1 - Software; Archivo: medios.php; Acción: Lista las facturas en facturación; Fecha: 08-08-2025; Hora: 14:01:07
1 - Software; Archivo: medios.php; Acción: Lista las facturas en facturación; Fecha: 08-08-2025; Hora: 14:01:07
1 - Software; Archivo: medios.php; Acción: Lista las facturas en facturación; Fecha: 08-08-2025; Hora: 14:01:07
1 - Software; Archivo: medios.php; Acción: Lista las facturas en facturación; Fecha: 08-08-2025; Hora: 14:01:21
1 - Software; Archivo: medios.php; Acción: Lista las facturas en facturación; Fecha: 08-08-2025; Hora: 14:01:21
1 - Software; Archivo: medios.php; Acción: Lista las facturas en facturación; Fecha: 08-08-2025; Hora: 14:01:21
1 - Software; Archivo: medios.php; Acción: Lista las facturas en facturación; Fecha: 08-08-2025; Hora: 14:01:21
1 - Software; Archivo: medios.php; Acción: Lista las facturas en facturación; Fecha: 08-08-2025; Hora: 14:03:49
1 - Software; Archivo: medios.php; Acción: Lista las facturas en facturación; Fecha: 08-08-2025; Hora: 14:03:49
1 - Software; Archivo: medios.php; Acción: Lista las facturas en facturación; Fecha: 08-08-2025; Hora: 14:03:49
1 - Software; Archivo: medios.php; Acción: Lista las facturas en facturación; Fecha: 08-08-2025; Hora: 14:03:49
1 - Software; Archivo: medios.php; Acción: Lista las facturas en facturación; Fecha: 08-08-2025; Hora: 14:03:50
1 - Software; Archivo: medios.php; Acción: Lista las facturas en facturación; Fecha: 08-08-2025; Hora: 14:03:50
1 - Software; Archivo: medios.php; Acción: Lista las facturas en facturación; Fecha: 08-08-2025; Hora: 14:03:50
1 - Software; Archivo: medios.php; Acción: Lista las facturas en facturación; Fecha: 08-08-2025; Hora: 14:03:50
1 - Software; Archivo: medios.php; Acción: Lista las facturas en facturación; Fecha: 08-08-2025; Hora: 14:04:13
1 - Software; Archivo: medios.php; Acción: Lista las facturas en facturación; Fecha: 08-08-2025; Hora: 14:04:13
1 - Software; Archivo: medios.php; Acción: Lista las facturas en facturación; Fecha: 08-08-2025; Hora: 14:04:13
1 - Software; Archivo: medios.php; Acción: Lista las facturas en facturación; Fecha: 08-08-2025; Hora: 14:04:13
1 - Software; Archivo: medios.php; Acción: Lista las facturas en facturación; Fecha: 08-08-2025; Hora: 14:04:15
1 - Software; Archivo: medios.php; Acción: Lista las facturas en facturación; Fecha: 08-08-2025; Hora: 14:04:15
1 - Software; Archivo: medios.php; Acción: Lista las facturas en facturación; Fecha: 08-08-2025; Hora: 14:04:15
1 - Software; Archivo: medios.php; Acción: Lista las facturas en facturación; Fecha: 08-08-2025; Hora: 14:04:15
1 - Software; Archivo: medios.php; Acción: Lista las facturas en facturación; Fecha: 08-08-2025; Hora: 14:06:33
1 - Software; Archivo: medios.php; Acción: Lista las facturas en facturación; Fecha: 08-08-2025; Hora: 14:06:33
1 - Software; Archivo: medios.php; Acción: Lista las facturas en facturación; Fecha: 08-08-2025; Hora: 14:06:33
1 - Software; Archivo: medios.php; Acción: Lista las facturas en facturación; Fecha: 08-08-2025; Hora: 14:06:33
1 - Software; Archivo: medios.php; Acción: Lista las facturas en facturación; Fecha: 08-08-2025; Hora: 14:06:34
1 - Software; Archivo: medios.php; Acción: Lista las facturas en facturación; Fecha: 08-08-2025; Hora: 14:06:34
1 - Software; Archivo: medios.php; Acción: Lista las facturas en facturación; Fecha: 08-08-2025; Hora: 14:06:34
1 - Software; Archivo: medios.php; Acción: Lista las facturas en facturación; Fecha: 08-08-2025; Hora: 14:06:34
1 - Software; Archivo: medios.php; Acción: Lista las facturas en facturación; Fecha: 08-08-2025; Hora: 14:06:43
1 - Software; Archivo: medios.php; Acción: Lista las facturas en facturación; Fecha: 08-08-2025; Hora: 14:06:43
1 - Software; Archivo: medios.php; Acción: Lista las facturas en facturación; Fecha: 08-08-2025; Hora: 14:06:43
1 - Software; Archivo: medios.php; Acción: Lista las facturas en facturación; Fecha: 08-08-2025; Hora: 14:06:43
1 - Software; Archivo: medios.php; Acción: Lista las facturas en facturación; Fecha: 08-08-2025; Hora: 14:06:44
1 - Software; Archivo: medios.php; Acción: Lista las facturas en facturación; Fecha: 08-08-2025; Hora: 14:06:44
1 - Software; Archivo: medios.php; Acción: Lista las facturas en facturación; Fecha: 08-08-2025; Hora: 14:06:44
1 - Software; Archivo: medios.php; Acción: Lista las facturas en facturación; Fecha: 08-08-2025; Hora: 14:06:44
1 - Software; Archivo: medios.php; Acción: Lista las facturas en facturación; Fecha: 08-08-2025; Hora: 14:06:45
1 - Software; Archivo: medios.php; Acción: Lista las facturas en facturación; Fecha: 08-08-2025; Hora: 14:06:45
1 - Software; Archivo: medios.php; Acción: Lista las facturas en facturación; Fecha: 08-08-2025; Hora: 14:06:45
1 - Software; Archivo: medios.php; Acción: Lista las facturas en facturación; Fecha: 08-08-2025; Hora: 14:06:45
1 - Software; Archivo: medios.php; Acción: Lista las facturas en facturación; Fecha: 08-08-2025; Hora: 14:07:12
1 - Software; Archivo: medios.php; Acción: Lista las facturas en facturación; Fecha: 08-08-2025; Hora: 14:07:12
1 - Software; Archivo: medios.php; Acción: Lista las facturas en facturación; Fecha: 08-08-2025; Hora: 14:07:12
1 - Software; Archivo: medios.php; Acción: Lista las facturas en facturación; Fecha: 08-08-2025; Hora: 14:07:12
1 - Software; Archivo: medios.php; Acción: Lista las facturas en facturación; Fecha: 08-08-2025; Hora: 14:07:13
1 - Software; Archivo: medios.php; Acción: Lista las facturas en facturación; Fecha: 08-08-2025; Hora: 14:07:13
1 - Software; Archivo: medios.php; Acción: Lista las facturas en facturación; Fecha: 08-08-2025; Hora: 14:07:13
1 - Software; Archivo: medios.php; Acción: Lista las facturas en facturación; Fecha: 08-08-2025; Hora: 14:07:13
1 - Software; Archivo: medios.php; Acción: Lista las facturas en facturación; Fecha: 08-08-2025; Hora: 14:07:37
1 - Software; Archivo: medios.php; Acción: Lista las facturas en facturación; Fecha: 08-08-2025; Hora: 14:07:37
1 - Software; Archivo: medios.php; Acción: Lista las facturas en facturación; Fecha: 08-08-2025; Hora: 14:07:37
1 - Software; Archivo: medios.php; Acción: Lista las facturas en facturación; Fecha: 08-08-2025; Hora: 14:07:37
1 - Software; Archivo: medios.php; Acción: Lista las facturas en facturación; Fecha: 08-08-2025; Hora: 14:07:43
1 - Software; Archivo: medios.php; Acción: Lista las facturas en facturación; Fecha: 08-08-2025; Hora: 14:07:43
1 - Software; Archivo: medios.php; Acción: Lista las facturas en facturación; Fecha: 08-08-2025; Hora: 14:07:43
1 - Software; Archivo: medios.php; Acción: Lista las facturas en facturación; Fecha: 08-08-2025; Hora: 14:07:43
1 - Software; Archivo: medios.php; Acción: Lista las facturas en facturación; Fecha: 08-08-2025; Hora: 14:07:44
1 - Software; Archivo: medios.php; Acción: Lista las facturas en facturación; Fecha: 08-08-2025; Hora: 14:07:44
1 - Software; Archivo: medios.php; Acción: Lista las facturas en facturación; Fecha: 08-08-2025; Hora: 14:07:44
1 - Software; Archivo: medios.php; Acción: Lista las facturas en facturación; Fecha: 08-08-2025; Hora: 14:07:44
1 - Software; Archivo: medios.php; Acción: Lista las facturas en facturación; Fecha: 08-08-2025; Hora: 14:07:59
1 - Software; Archivo: medios.php; Acción: Lista las facturas en facturación; Fecha: 08-08-2025; Hora: 14:07:59
1 - Software; Archivo: medios.php; Acción: Lista las facturas en facturación; Fecha: 08-08-2025; Hora: 14:07:59
1 - Software; Archivo: medios.php; Acción: Lista las facturas en facturación; Fecha: 08-08-2025; Hora: 14:07:59
1 - Software; Archivo: medios.php; Acción: Lista las facturas en facturación; Fecha: 08-08-2025; Hora: 14:08:00
1 - Software; Archivo: medios.php; Acción: Lista las facturas en facturación; Fecha: 08-08-2025; Hora: 14:08:00
1 - Software; Archivo: medios.php; Acción: Lista las facturas en facturación; Fecha: 08-08-2025; Hora: 14:08:00
1 - Software; Archivo: medios.php; Acción: Lista las facturas en facturación; Fecha: 08-08-2025; Hora: 14:08:00
1 - Software; Archivo: medios.php; Acción: Lista las facturas en facturación; Fecha: 08-08-2025; Hora: 14:09:13
1 - Software; Archivo: medios.php; Acción: Lista las facturas en facturación; Fecha: 08-08-2025; Hora: 14:09:14
1 - Software; Archivo: medios.php; Acción: Lista las facturas en facturación; Fecha: 08-08-2025; Hora: 14:09:14
1 - Software; Archivo: medios.php; Acción: Lista las facturas en facturación; Fecha: 08-08-2025; Hora: 14:09:14
1 - Software; Archivo: medios.php; Acción: Lista las facturas en facturación; Fecha: 08-08-2025; Hora: 14:09:14
1 - Software; Archivo: medios.php; Acción: Lista las facturas en facturación; Fecha: 08-08-2025; Hora: 14:09:14
1 - Software; Archivo: medios.php; Acción: Lista las facturas en facturación; Fecha: 08-08-2025; Hora: 14:09:14
1 - Software; Archivo: medios.php; Acción: Lista las facturas en facturación; Fecha: 08-08-2025; Hora: 14:09:14
1 - Software; Archivo: medios.php; Acción: Lista las facturas en facturación; Fecha: 08-08-2025; Hora: 14:10:37
1 - Software; Archivo: medios.php; Acción: Lista las facturas en facturación; Fecha: 08-08-2025; Hora: 14:10:37
1 - Software; Archivo: medios.php; Acción: Lista las facturas en facturación; Fecha: 08-08-2025; Hora: 14:10:37
1 - Software; Archivo: medios.php; Acción: Lista las facturas en facturación; Fecha: 08-08-2025; Hora: 14:10:37
1 - Software; Archivo: medios.php; Acción: Lista las facturas en facturación; Fecha: 08-08-2025; Hora: 14:10:38
1 - Software; Archivo: medios.php; Acción: Lista las facturas en facturación; Fecha: 08-08-2025; Hora: 14:10:38
1 - Software; Archivo: medios.php; Acción: Lista las facturas en facturación; Fecha: 08-08-2025; Hora: 14:10:38
1 - Software; Archivo: medios.php; Acción: Lista las facturas en facturación; Fecha: 08-08-2025; Hora: 14:10:38
1 - Software; Archivo: medios.php; Acción: Lista las facturas en facturación; Fecha: 08-08-2025; Hora: 14:10:51
1 - Software; Archivo: medios.php; Acción: Lista las facturas en facturación; Fecha: 08-08-2025; Hora: 14:10:51
1 - Software; Archivo: medios.php; Acción: Lista las facturas en facturación; Fecha: 08-08-2025; Hora: 14:10:51
1 - Software; Archivo: medios.php; Acción: Lista las facturas en facturación; Fecha: 08-08-2025; Hora: 14:10:51
1 - Software; Archivo: medios.php; Acción: Lista las facturas en facturación; Fecha: 08-08-2025; Hora: 14:10:57
1 - Software; Archivo: medios.php; Acción: Lista las facturas en facturación; Fecha: 08-08-2025; Hora: 14:10:57
1 - Software; Archivo: medios.php; Acción: Lista las facturas en facturación; Fecha: 08-08-2025; Hora: 14:10:57
1 - Software; Archivo: medios.php; Acción: Lista las facturas en facturación; Fecha: 08-08-2025; Hora: 14:10:57
1 - Software; Archivo: medios.php; Acción: Lista las facturas en facturación; Fecha: 08-08-2025; Hora: 14:23:23
1 - Software; Archivo: medios.php; Acción: Lista las facturas en facturación; Fecha: 08-08-2025; Hora: 14:23:23
1 - Software; Archivo: medios.php; Acción: Lista las facturas en facturación; Fecha: 08-08-2025; Hora: 14:23:23
1 - Software; Archivo: medios.php; Acción: Lista las facturas en facturación; Fecha: 08-08-2025; Hora: 14:23:23
1 - Software; Archivo: medios.php; Acción: Lista las facturas en facturación; Fecha: 08-08-2025; Hora: 14:24:15
1 - Software; Archivo: medios.php; Acción: Lista las facturas en facturación; Fecha: 08-08-2025; Hora: 14:24:15
1 - Software; Archivo: medios.php; Acción: Lista las facturas en facturación; Fecha: 08-08-2025; Hora: 14:24:15
1 - Software; Archivo: medios.php; Acción: Lista las facturas en facturación; Fecha: 08-08-2025; Hora: 14:24:15
1 - Software; Archivo: medios.php; Acción: Lista las facturas en facturación; Fecha: 08-08-2025; Hora: 14:24:16
1 - Software; Archivo: medios.php; Acción: Lista las facturas en facturación; Fecha: 08-08-2025; Hora: 14:24:16
1 - Software; Archivo: medios.php; Acción: Lista las facturas en facturación; Fecha: 08-08-2025; Hora: 14:24:16
1 - Software; Archivo: medios.php; Acción: Lista las facturas en facturación; Fecha: 08-08-2025; Hora: 14:24:16
1 - Software; Archivo: medios.php; Acción: Lista las facturas en facturación; Fecha: 08-08-2025; Hora: 14:24:18
1 - Software; Archivo: medios.php; Acción: Lista las facturas en facturación; Fecha: 08-08-2025; Hora: 14:24:18
1 - Software; Archivo: medios.php; Acción: Lista las facturas en facturación; Fecha: 08-08-2025; Hora: 14:24:18
1 - Software; Archivo: medios.php; Acción: Lista las facturas en facturación; Fecha: 08-08-2025; Hora: 14:24:18
1 - Software; Archivo: medios.php; Acción: Lista las facturas en facturación; Fecha: 08-08-2025; Hora: 14:24:19
1 - Software; Archivo: medios.php; Acción: Lista las facturas en facturación; Fecha: 08-08-2025; Hora: 14:24:19
1 - Software; Archivo: medios.php; Acción: Lista las facturas en facturación; Fecha: 08-08-2025; Hora: 14:24:19
1 - Software; Archivo: medios.php; Acción: Lista las facturas en facturación; Fecha: 08-08-2025; Hora: 14:24:19
1 - Software; Archivo: medios.php; Acción: Lista las facturas en facturación; Fecha: 08-08-2025; Hora: 14:24:26
1 - Software; Archivo: medios.php; Acción: Lista las facturas en facturación; Fecha: 08-08-2025; Hora: 14:24:26
1 - Software; Archivo: medios.php; Acción: Lista las facturas en facturación; Fecha: 08-08-2025; Hora: 14:24:26
1 - Software; Archivo: medios.php; Acción: Lista las facturas en facturación; Fecha: 08-08-2025; Hora: 14:24:26
1 - Software; Archivo: medios.php; Acción: Lista las facturas en facturación; Fecha: 08-08-2025; Hora: 14:24:53
1 - Software; Archivo: medios.php; Acción: Lista las facturas en facturación; Fecha: 08-08-2025; Hora: 14:24:53
1 - Software; Archivo: medios.php; Acción: Lista las facturas en facturación; Fecha: 08-08-2025; Hora: 14:24:53
1 - Software; Archivo: medios.php; Acción: Lista las facturas en facturación; Fecha: 08-08-2025; Hora: 14:24:53
1 - Software; Archivo: medios.php; Acción: Lista las facturas en facturación; Fecha: 08-08-2025; Hora: 14:25:15
1 - Software; Archivo: medios.php; Acción: Lista las facturas en facturación; Fecha: 08-08-2025; Hora: 14:25:15
1 - Software; Archivo: medios.php; Acción: Lista las facturas en facturación; Fecha: 08-08-2025; Hora: 14:25:16
1 - Software; Archivo: medios.php; Acción: Lista las facturas en facturación; Fecha: 08-08-2025; Hora: 14:25:16
1 - Software; Archivo: medios.php; Acción: Lista las facturas en facturación; Fecha: 08-08-2025; Hora: 14:25:16
1 - Software; Archivo: medios.php; Acción: Lista las facturas en facturación; Fecha: 08-08-2025; Hora: 14:25:16
1 - Software; Archivo: medios.php; Acción: Lista las facturas en facturación; Fecha: 08-08-2025; Hora: 14:25:16
1 - Software; Archivo: medios.php; Acción: Lista las facturas en facturación; Fecha: 08-08-2025; Hora: 14:25:16
1 - Software; Archivo: medios.php; Acción: Lista las facturas en facturación; Fecha: 08-08-2025; Hora: 14:25:24
1 - Software; Archivo: medios.php; Acción: Lista las facturas en facturación; Fecha: 08-08-2025; Hora: 14:25:24
1 - Software; Archivo: medios.php; Acción: Lista las facturas en facturación; Fecha: 08-08-2025; Hora: 14:25:24
1 - Software; Archivo: medios.php; Acción: Lista las facturas en facturación; Fecha: 08-08-2025; Hora: 14:25:24
1 - Software; Archivo: proforma.php; Acción: La factura 19fue desactivada; Fecha: 08-08-2025; Hora: 14:25:32
1 - Software; Archivo: medios.php; Acción: Lista las facturas en facturación; Fecha: 08-08-2025; Hora: 14:25:32
1 - Software; Archivo: medios.php; Acción: Lista las facturas en facturación; Fecha: 08-08-2025; Hora: 14:25:32
1 - Software; Archivo: proforma.php; Acción: La proforma 19fue activada; Fecha: 08-08-2025; Hora: 14:25:35
1 - Software; Archivo: medios.php; Acción: Lista las facturas en facturación; Fecha: 08-08-2025; Hora: 14:25:35
1 - Software; Archivo: medios.php; Acción: Lista las facturas en facturación; Fecha: 08-08-2025; Hora: 14:25:35
1 - Software; Archivo: medios.php; Acción: Lista las facturas en facturación; Fecha: 08-08-2025; Hora: 14:25:44
1 - Software; Archivo: medios.php; Acción: Lista las facturas en facturación; Fecha: 08-08-2025; Hora: 14:25:44
1 - Software; Archivo: medios.php; Acción: Lista las facturas en facturación; Fecha: 08-08-2025; Hora: 14:25:44
1 - Software; Archivo: medios.php; Acción: Lista las facturas en facturación; Fecha: 08-08-2025; Hora: 14:25:44
1 - Software; Archivo: medios.php; Acción: Lista las facturas en facturación; Fecha: 08-08-2025; Hora: 14:34:23
1 - Software; Archivo: medios.php; Acción: Lista las facturas en facturación; Fecha: 08-08-2025; Hora: 14:34:24
1 - Software; Archivo: medios.php; Acción: Lista las facturas en facturación; Fecha: 08-08-2025; Hora: 14:34:24
1 - Software; Archivo: medios.php; Acción: Lista las facturas en facturación; Fecha: 08-08-2025; Hora: 14:34:24
1 - Software; Archivo: medios.php; Acción: Lista las facturas en facturación; Fecha: 08-08-2025; Hora: 14:34:24
1 - Software; Archivo: medios.php; Acción: Lista las facturas en facturación; Fecha: 08-08-2025; Hora: 14:34:24
1 - Software; Archivo: medios.php; Acción: Lista las facturas en facturación; Fecha: 08-08-2025; Hora: 14:34:24
1 - Software; Archivo: medios.php; Acción: Lista las facturas en facturación; Fecha: 08-08-2025; Hora: 14:34:24
1 - Software; Archivo: medios.php; Acción: Lista las facturas en facturación; Fecha: 08-08-2025; Hora: 14:45:35
1 - Software; Archivo: medios.php; Acción: Lista las facturas en facturación; Fecha: 08-08-2025; Hora: 14:45:35
1 - Software; Archivo: medios.php; Acción: Lista las facturas en facturación; Fecha: 08-08-2025; Hora: 14:45:35
1 - Software; Archivo: medios.php; Acción: Lista las facturas en facturación; Fecha: 08-08-2025; Hora: 14:45:35
1 - Software; Archivo: medios.php; Acción: Lista las facturas en facturación; Fecha: 08-08-2025; Hora: 14:46:09
1 - Software; Archivo: medios.php; Acción: Lista las facturas en facturación; Fecha: 08-08-2025; Hora: 14:46:09
1 - Software; Archivo: medios.php; Acción: Lista las facturas en facturación; Fecha: 08-08-2025; Hora: 14:46:09
1 - Software; Archivo: medios.php; Acción: Lista las facturas en facturación; Fecha: 08-08-2025; Hora: 14:46:09
1 - Software; Archivo: medios.php; Acción: Lista las facturas en facturación; Fecha: 08-08-2025; Hora: 14:46:35
1 - Software; Archivo: medios.php; Acción: Lista las facturas en facturación; Fecha: 08-08-2025; Hora: 14:46:35
1 - Software; Archivo: medios.php; Acción: Lista las facturas en facturación; Fecha: 08-08-2025; Hora: 14:46:35
1 - Software; Archivo: medios.php; Acción: Lista las facturas en facturación; Fecha: 08-08-2025; Hora: 14:46:35
1 - Software; Archivo: medios.php; Acción: Lista las facturas en facturación; Fecha: 08-08-2025; Hora: 14:50:20
1 - Software; Archivo: medios.php; Acción: Lista las facturas en facturación; Fecha: 08-08-2025; Hora: 14:50:20
1 - Software; Archivo: medios.php; Acción: Lista las facturas en facturación; Fecha: 08-08-2025; Hora: 14:50:20
1 - Software; Archivo: medios.php; Acción: Lista las facturas en facturación; Fecha: 08-08-2025; Hora: 14:50:20
1 - Software; Archivo: medios.php; Acción: Lista las facturas en facturación; Fecha: 08-08-2025; Hora: 14:50:59
1 - Software; Archivo: medios.php; Acción: Lista las facturas en facturación; Fecha: 08-08-2025; Hora: 14:50:59
1 - Software; Archivo: medios.php; Acción: Lista las facturas en facturación; Fecha: 08-08-2025; Hora: 14:50:59
1 - Software; Archivo: medios.php; Acción: Lista las facturas en facturación; Fecha: 08-08-2025; Hora: 14:50:59
1 - Software; Archivo: medios.php; Acción: Lista las facturas en facturación; Fecha: 08-08-2025; Hora: 14:51:01
1 - Software; Archivo: medios.php; Acción: Lista las facturas en facturación; Fecha: 08-08-2025; Hora: 14:51:01
1 - Software; Archivo: medios.php; Acción: Lista las facturas en facturación; Fecha: 08-08-2025; Hora: 14:51:01
1 - Software; Archivo: medios.php; Acción: Lista las facturas en facturación; Fecha: 08-08-2025; Hora: 14:51:01
1 - Software; Archivo: medios.php; Acción: Lista las facturas en facturación; Fecha: 08-08-2025; Hora: 14:51:09
1 - Software; Archivo: medios.php; Acción: Lista las facturas en facturación; Fecha: 08-08-2025; Hora: 14:51:09
1 - Software; Archivo: medios.php; Acción: Lista las facturas en facturación; Fecha: 08-08-2025; Hora: 14:51:09
1 - Software; Archivo: medios.php; Acción: Lista las facturas en facturación; Fecha: 08-08-2025; Hora: 14:51:09
1 - Software; Archivo: medios.php; Acción: Lista las facturas en facturación; Fecha: 08-08-2025; Hora: 14:51:29
1 - Software; Archivo: medios.php; Acción: Lista las facturas en facturación; Fecha: 08-08-2025; Hora: 14:51:29
1 - Software; Archivo: medios.php; Acción: Lista las facturas en facturación; Fecha: 08-08-2025; Hora: 14:51:29
1 - Software; Archivo: medios.php; Acción: Lista las facturas en facturación; Fecha: 08-08-2025; Hora: 14:51:29
1 - Software; Archivo: medios.php; Acción: Lista las facturas en facturación; Fecha: 08-08-2025; Hora: 14:52:23
1 - Software; Archivo: medios.php; Acción: Lista las facturas en facturación; Fecha: 08-08-2025; Hora: 14:52:23
1 - Software; Archivo: medios.php; Acción: Lista las facturas en facturación; Fecha: 08-08-2025; Hora: 14:52:23
1 - Software; Archivo: medios.php; Acción: Lista las facturas en facturación; Fecha: 08-08-2025; Hora: 14:52:23
1 - Software; Archivo: medios.php; Acción: Lista las facturas en facturación; Fecha: 08-08-2025; Hora: 14:52:37
1 - Software; Archivo: medios.php; Acción: Lista las facturas en facturación; Fecha: 08-08-2025; Hora: 14:52:37
1 - Software; Archivo: medios.php; Acción: Lista las facturas en facturación; Fecha: 08-08-2025; Hora: 14:52:37
1 - Software; Archivo: medios.php; Acción: Lista las facturas en facturación; Fecha: 08-08-2025; Hora: 14:52:37
1 - Software; Archivo: medios.php; Acción: Lista las facturas en facturación; Fecha: 08-08-2025; Hora: 14:52:38
1 - Software; Archivo: medios.php; Acción: Lista las facturas en facturación; Fecha: 08-08-2025; Hora: 14:52:38
1 - Software; Archivo: medios.php; Acción: Lista las facturas en facturación; Fecha: 08-08-2025; Hora: 14:52:38
1 - Software; Archivo: medios.php; Acción: Lista las facturas en facturación; Fecha: 08-08-2025; Hora: 14:52:38
1 - Software; Archivo: medios.php; Acción: Lista las facturas en facturación; Fecha: 08-08-2025; Hora: 14:53:01
1 - Software; Archivo: medios.php; Acción: Lista las facturas en facturación; Fecha: 08-08-2025; Hora: 14:53:01
1 - Software; Archivo: medios.php; Acción: Lista las facturas en facturación; Fecha: 08-08-2025; Hora: 14:53:01
1 - Software; Archivo: medios.php; Acción: Lista las facturas en facturación; Fecha: 08-08-2025; Hora: 14:53:01
1 - Software; Archivo: medios.php; Acción: Lista las facturas en facturación; Fecha: 08-08-2025; Hora: 14:53:02
1 - Software; Archivo: medios.php; Acción: Lista las facturas en facturación; Fecha: 08-08-2025; Hora: 14:53:02
1 - Software; Archivo: medios.php; Acción: Lista las facturas en facturación; Fecha: 08-08-2025; Hora: 14:53:03
1 - Software; Archivo: medios.php; Acción: Lista las facturas en facturación; Fecha: 08-08-2025; Hora: 14:53:03
1 - Software; Archivo: medios.php; Acción: Lista las facturas en facturación; Fecha: 08-08-2025; Hora: 14:53:38
1 - Software; Archivo: medios.php; Acción: Lista las facturas en facturación; Fecha: 08-08-2025; Hora: 14:53:38
1 - Software; Archivo: medios.php; Acción: Lista las facturas en facturación; Fecha: 08-08-2025; Hora: 14:53:38
1 - Software; Archivo: medios.php; Acción: Lista las facturas en facturación; Fecha: 08-08-2025; Hora: 14:53:38
1 - Software; Archivo: medios.php; Acción: Lista las facturas en facturación; Fecha: 08-08-2025; Hora: 14:53:39
1 - Software; Archivo: medios.php; Acción: Lista las facturas en facturación; Fecha: 08-08-2025; Hora: 14:53:39
1 - Software; Archivo: medios.php; Acción: Lista las facturas en facturación; Fecha: 08-08-2025; Hora: 14:53:39
1 - Software; Archivo: medios.php; Acción: Lista las facturas en facturación; Fecha: 08-08-2025; Hora: 14:53:40
1 - Software; Archivo: medios.php; Acción: Lista las facturas en facturación; Fecha: 08-08-2025; Hora: 14:53:40
1 - Software; Archivo: medios.php; Acción: Lista las facturas en facturación; Fecha: 08-08-2025; Hora: 14:53:40
1 - Software; Archivo: medios.php; Acción: Lista las facturas en facturación; Fecha: 08-08-2025; Hora: 14:53:40
1 - Software; Archivo: medios.php; Acción: Lista las facturas en facturación; Fecha: 08-08-2025; Hora: 14:54:00
1 - Software; Archivo: medios.php; Acción: Lista las facturas en facturación; Fecha: 08-08-2025; Hora: 14:54:00
1 - Software; Archivo: medios.php; Acción: Lista las facturas en facturación; Fecha: 08-08-2025; Hora: 14:54:00
1 - Software; Archivo: medios.php; Acción: Lista las facturas en facturación; Fecha: 08-08-2025; Hora: 14:54:00
1 - Software; Archivo: medios.php; Acción: Lista las facturas en facturación; Fecha: 08-08-2025; Hora: 14:54:52
1 - Software; Archivo: medios.php; Acción: Lista las facturas en facturación; Fecha: 08-08-2025; Hora: 14:54:52
1 - Software; Archivo: medios.php; Acción: Lista las facturas en facturación; Fecha: 08-08-2025; Hora: 14:54:52
1 - Software; Archivo: medios.php; Acción: Lista las facturas en facturación; Fecha: 08-08-2025; Hora: 14:54:52
1 - Software; Archivo: medios.php; Acción: Lista las facturas en facturación; Fecha: 08-08-2025; Hora: 14:54:53
1 - Software; Archivo: medios.php; Acción: Lista las facturas en facturación; Fecha: 08-08-2025; Hora: 14:54:53
1 - Software; Archivo: medios.php; Acción: Lista las facturas en facturación; Fecha: 08-08-2025; Hora: 14:54:53
1 - Software; Archivo: medios.php; Acción: Lista las facturas en facturación; Fecha: 08-08-2025; Hora: 14:54:53
1 - Software; Archivo: medios.php; Acción: Lista las facturas en facturación; Fecha: 08-08-2025; Hora: 14:55:20
1 - Software; Archivo: medios.php; Acción: Lista las facturas en facturación; Fecha: 08-08-2025; Hora: 14:55:20
1 - Software; Archivo: medios.php; Acción: Lista las facturas en facturación; Fecha: 08-08-2025; Hora: 14:55:20
1 - Software; Archivo: medios.php; Acción: Lista las facturas en facturación; Fecha: 08-08-2025; Hora: 14:55:20
1 - Software; Archivo: medios.php; Acción: Lista las facturas en facturación; Fecha: 08-08-2025; Hora: 14:55:22
1 - Software; Archivo: medios.php; Acción: Lista las facturas en facturación; Fecha: 08-08-2025; Hora: 14:55:22
1 - Software; Archivo: medios.php; Acción: Lista las facturas en facturación; Fecha: 08-08-2025; Hora: 14:55:22
1 - Software; Archivo: medios.php; Acción: Lista las facturas en facturación; Fecha: 08-08-2025; Hora: 14:55:22
1 - Software; Archivo: medios.php; Acción: Lista las facturas en facturación; Fecha: 08-08-2025; Hora: 14:55:59
1 - Software; Archivo: medios.php; Acción: Lista las facturas en facturación; Fecha: 08-08-2025; Hora: 14:55:59
1 - Software; Archivo: medios.php; Acción: Lista las facturas en facturación; Fecha: 08-08-2025; Hora: 14:55:59
1 - Software; Archivo: medios.php; Acción: Lista las facturas en facturación; Fecha: 08-08-2025; Hora: 14:55:59
1 - Software; Archivo: medios.php; Acción: Lista las facturas en facturación; Fecha: 08-08-2025; Hora: 14:56:00
1 - Software; Archivo: medios.php; Acción: Lista las facturas en facturación; Fecha: 08-08-2025; Hora: 14:56:00
1 - Software; Archivo: medios.php; Acción: Lista las facturas en facturación; Fecha: 08-08-2025; Hora: 14:56:00
1 - Software; Archivo: medios.php; Acción: Lista las facturas en facturación; Fecha: 08-08-2025; Hora: 14:56:00
1 - Software; Archivo: medios.php; Acción: Lista las facturas en facturación; Fecha: 08-08-2025; Hora: 14:56:03
1 - Software; Archivo: medios.php; Acción: Lista las facturas en facturación; Fecha: 08-08-2025; Hora: 14:56:03
1 - Software; Archivo: medios.php; Acción: Lista las facturas en facturación; Fecha: 08-08-2025; Hora: 14:56:03
1 - Software; Archivo: medios.php; Acción: Lista las facturas en facturación; Fecha: 08-08-2025; Hora: 14:56:03
1 - Software; Archivo: medios.php; Acción: Lista las facturas en facturación; Fecha: 08-08-2025; Hora: 14:56:56
1 - Software; Archivo: medios.php; Acción: Lista las facturas en facturación; Fecha: 08-08-2025; Hora: 14:56:56
1 - Software; Archivo: medios.php; Acción: Lista las facturas en facturación; Fecha: 08-08-2025; Hora: 14:56:56
1 - Software; Archivo: medios.php; Acción: Lista las facturas en facturación; Fecha: 08-08-2025; Hora: 14:56:56
1 - Software; Archivo: medios.php; Acción: Lista las facturas en facturación; Fecha: 08-08-2025; Hora: 14:57:14
1 - Software; Archivo: medios.php; Acción: Lista las facturas en facturación; Fecha: 08-08-2025; Hora: 14:57:14
1 - Software; Archivo: medios.php; Acción: Lista las facturas en facturación; Fecha: 08-08-2025; Hora: 14:57:14
1 - Software; Archivo: medios.php; Acción: Lista las facturas en facturación; Fecha: 08-08-2025; Hora: 14:57:14
1 - Software; Archivo: medios.php; Acción: Lista las facturas en facturación; Fecha: 08-08-2025; Hora: 14:57:15
1 - Software; Archivo: medios.php; Acción: Lista las facturas en facturación; Fecha: 08-08-2025; Hora: 14:57:15
1 - Software; Archivo: medios.php; Acción: Lista las facturas en facturación; Fecha: 08-08-2025; Hora: 14:57:15
1 - Software; Archivo: medios.php; Acción: Lista las facturas en facturación; Fecha: 08-08-2025; Hora: 14:57:15
1 - Software; Archivo: medios.php; Acción: Lista las facturas en facturación; Fecha: 08-08-2025; Hora: 14:57:16
1 - Software; Archivo: medios.php; Acción: Lista las facturas en facturación; Fecha: 08-08-2025; Hora: 14:57:16
1 - Software; Archivo: medios.php; Acción: Lista las facturas en facturación; Fecha: 08-08-2025; Hora: 14:57:17
1 - Software; Archivo: medios.php; Acción: Lista las facturas en facturación; Fecha: 08-08-2025; Hora: 14:57:17
1 - Software; Archivo: medios.php; Acción: Lista las facturas en facturación; Fecha: 08-08-2025; Hora: 14:57:17
1 - Software; Archivo: medios.php; Acción: Lista las facturas en facturación; Fecha: 08-08-2025; Hora: 14:57:17
1 - Software; Archivo: medios.php; Acción: Lista las facturas en facturación; Fecha: 08-08-2025; Hora: 14:57:28
1 - Software; Archivo: medios.php; Acción: Lista las facturas en facturación; Fecha: 08-08-2025; Hora: 14:57:28
1 - Software; Archivo: medios.php; Acción: Lista las facturas en facturación; Fecha: 08-08-2025; Hora: 14:57:28
1 - Software; Archivo: medios.php; Acción: Lista las facturas en facturación; Fecha: 08-08-2025; Hora: 14:57:28
1 - Software; Archivo: medios.php; Acción: Lista las facturas en facturación; Fecha: 08-08-2025; Hora: 14:57:46
1 - Software; Archivo: medios.php; Acción: Lista las facturas en facturación; Fecha: 08-08-2025; Hora: 14:57:46
1 - Software; Archivo: medios.php; Acción: Lista las facturas en facturación; Fecha: 08-08-2025; Hora: 14:57:46
1 - Software; Archivo: medios.php; Acción: Lista las facturas en facturación; Fecha: 08-08-2025; Hora: 14:57:46
1 - Software; Archivo: medios.php; Acción: Lista las facturas en facturación; Fecha: 08-08-2025; Hora: 14:57:48
1 - Software; Archivo: medios.php; Acción: Lista las facturas en facturación; Fecha: 08-08-2025; Hora: 14:57:48
1 - Software; Archivo: medios.php; Acción: Lista las facturas en facturación; Fecha: 08-08-2025; Hora: 14:57:48
1 - Software; Archivo: medios.php; Acción: Lista las facturas en facturación; Fecha: 08-08-2025; Hora: 14:57:48
1 - Software; Archivo: medios.php; Acción: Lista las facturas en facturación; Fecha: 08-08-2025; Hora: 14:59:49
1 - Software; Archivo: medios.php; Acción: Lista las facturas en facturación; Fecha: 08-08-2025; Hora: 14:59:49
1 - Software; Archivo: medios.php; Acción: Lista las facturas en facturación; Fecha: 08-08-2025; Hora: 14:59:49
1 - Software; Archivo: medios.php; Acción: Lista las facturas en facturación; Fecha: 08-08-2025; Hora: 14:59:49
1 - Software; Archivo: medios.php; Acción: Lista las facturas en facturación; Fecha: 08-08-2025; Hora: 15:00:43
1 - Software; Archivo: medios.php; Acción: Lista las facturas en facturación; Fecha: 08-08-2025; Hora: 15:00:43
1 - Software; Archivo: medios.php; Acción: Lista las facturas en facturación; Fecha: 08-08-2025; Hora: 15:00:43
1 - Software; Archivo: medios.php; Acción: Lista las facturas en facturación; Fecha: 08-08-2025; Hora: 15:00:43
1 - Software; Archivo: medios.php; Acción: Lista las facturas en facturación; Fecha: 08-08-2025; Hora: 15:00:45
1 - Software; Archivo: medios.php; Acción: Lista las facturas en facturación; Fecha: 08-08-2025; Hora: 15:00:45
1 - Software; Archivo: medios.php; Acción: Lista las facturas en facturación; Fecha: 08-08-2025; Hora: 15:00:45
1 - Software; Archivo: medios.php; Acción: Lista las facturas en facturación; Fecha: 08-08-2025; Hora: 15:00:45
1 - Software; Archivo: medios.php; Acción: Lista las facturas en facturación; Fecha: 08-08-2025; Hora: 15:01:06
1 - Software; Archivo: medios.php; Acción: Lista las facturas en facturación; Fecha: 08-08-2025; Hora: 15:01:06
1 - Software; Archivo: medios.php; Acción: Lista las facturas en facturación; Fecha: 08-08-2025; Hora: 15:01:06
1 - Software; Archivo: medios.php; Acción: Lista las facturas en facturación; Fecha: 08-08-2025; Hora: 15:01:06
1 - Software; Archivo: medios.php; Acción: Lista las facturas en facturación; Fecha: 08-08-2025; Hora: 15:01:07
1 - Software; Archivo: medios.php; Acción: Lista las facturas en facturación; Fecha: 08-08-2025; Hora: 15:01:07
1 - Software; Archivo: medios.php; Acción: Lista las facturas en facturación; Fecha: 08-08-2025; Hora: 15:01:07
1 - Software; Archivo: medios.php; Acción: Lista las facturas en facturación; Fecha: 08-08-2025; Hora: 15:01:07
