ID: 1 - Nombre: Software - IP: 192.168.31.3; Archivo: usuario.php; Acción: Se hace login; Fecha: 10-04-2025; Hora: 08:06:18
1 - Software; Archivo: alojamientos.php; Acción: Lista los alojamientos; Fecha: 10-04-2025; Hora: 08:06:22
1 - Software; Archivo: alojamientos.php; Acción: Lista los alojamientos; Fecha: 10-04-2025; Hora: 08:06:22
1 - Software; Archivo: alojamientos.php; Acción: Lista los alojamientos; Fecha: 10-04-2025; Hora: 08:06:23
1 - Software; Archivo: alojamientos.php; Acción: Lista los alojamientos; Fecha: 10-04-2025; Hora: 08:06:23
1 - Software; Archivo: alojamientos.php; Acción: Lista los alojamientos; Fecha: 10-04-2025; Hora: 08:54:10
1 - Software; Archivo: alojamientos.php; Acción: Lista los alojamientos; Fecha: 10-04-2025; Hora: 08:54:10
1 - Software; Archivo: alojamientos.php; Acción: Lista los alojamientos; Fecha: 10-04-2025; Hora: 08:54:10
1 - Software; Archivo: alojamientos.php; Acción: Lista los alojamientos; Fecha: 10-04-2025; Hora: 08:54:10
2 - Software Admin Software; Archivo: alojamientos.php; Acción: Lista los alojamientos; Fecha: 10-04-2025; Hora: 09:08:44
2 - Software Admin Software; Archivo: alojamientos.php; Acción: Lista los alojamientos; Fecha: 10-04-2025; Hora: 09:08:44
2 - Software Admin Software; Archivo: alojamientos.php; Acción: Lista los alojamientos; Fecha: 10-04-2025; Hora: 09:08:44
2 - Software Admin Software; Archivo: alojamientos.php; Acción: Lista los alojamientos; Fecha: 10-04-2025; Hora: 09:08:44
2 - Software Admin Software; Archivo: alojamientos.php; Acción: Lista los alojamientos; Fecha: 10-04-2025; Hora: 09:08:59
2 - Software Admin Software; Archivo: alojamientos.php; Acción: Lista los alojamientos; Fecha: 10-04-2025; Hora: 09:08:59
2 - Software Admin Software; Archivo: alojamientos.php; Acción: Lista los alojamientos; Fecha: 10-04-2025; Hora: 09:08:59
2 - Software Admin Software; Archivo: alojamientos.php; Acción: Lista los alojamientos; Fecha: 10-04-2025; Hora: 09:08:59
2 - Software Admin Software; Archivo: alojamientos.php; Acción: Lista los alojamientos; Fecha: 10-04-2025; Hora: 09:09:08
2 - Software Admin Software; Archivo: alojamientos.php; Acción: Lista los alojamientos; Fecha: 10-04-2025; Hora: 09:09:08
2 - Software Admin Software; Archivo: alojamientos.php; Acción: Lista los alojamientos; Fecha: 10-04-2025; Hora: 09:09:08
2 - Software Admin Software; Archivo: alojamientos.php; Acción: Lista los alojamientos; Fecha: 10-04-2025; Hora: 09:09:08
ID: 1 - Nombre: Software - IP: 192.168.31.3; Archivo: usuario.php; Acción: Se hace login; Fecha: 10-04-2025; Hora: 10:11:28
1 - Software; Archivo: alojamientos.php; Acción: Lista los alojamientos; Fecha: 10-04-2025; Hora: 10:11:30
1 - Software; Archivo: alojamientos.php; Acción: Lista los alojamientos; Fecha: 10-04-2025; Hora: 10:11:30
1 - Software; Archivo: alojamientos.php; Acción: Lista los alojamientos; Fecha: 10-04-2025; Hora: 10:11:30
1 - Software; Archivo: alojamientos.php; Acción: Lista los alojamientos; Fecha: 10-04-2025; Hora: 10:11:30
1 - Software; Archivo: alojamientos.php; Acción: Lista los alumnos inscritos en el alojamiento ; Fecha: 10-04-2025; Hora: 10:11:33
1 - Software; Archivo: alojamientos.php; Acción: Lista los alojamientos; Fecha: 10-04-2025; Hora: 10:11:37
1 - Software; Archivo: alojamientos.php; Acción: Lista los alojamientos; Fecha: 10-04-2025; Hora: 10:11:37
1 - Software; Archivo: alojamientos.php; Acción: Lista los alojamientos; Fecha: 10-04-2025; Hora: 10:11:37
1 - Software; Archivo: alojamientos.php; Acción: Lista los alojamientos; Fecha: 10-04-2025; Hora: 10:11:37
1 - Software; Archivo: alojamientos.php; Acción: Se inserta un nuevo alumno; Fecha: 10-04-2025; Hora: 10:11:46
1 - Software; Archivo: alojamientos.php; Acción: Lista los alojamientos; Fecha: 10-04-2025; Hora: 10:11:47
1 - Software; Archivo: alojamientos.php; Acción: Lista los alojamientos; Fecha: 10-04-2025; Hora: 10:11:47
1 - Software; Archivo: alojamientos.php; Acción: Lista los alojamientos; Fecha: 10-04-2025; Hora: 10:11:47
1 - Software; Archivo: alojamientos.php; Acción: Lista los alojamientos; Fecha: 10-04-2025; Hora: 10:11:47
1 - Software; Archivo: alojamientos.php; Acción: Se inserta un nuevo alumno; Fecha: 10-04-2025; Hora: 10:11:59
1 - Software; Archivo: alojamientos.php; Acción: Lista los alojamientos; Fecha: 10-04-2025; Hora: 10:12:00
1 - Software; Archivo: alojamientos.php; Acción: Lista los alojamientos; Fecha: 10-04-2025; Hora: 10:12:00
1 - Software; Archivo: alojamientos.php; Acción: Lista los alojamientos; Fecha: 10-04-2025; Hora: 10:12:00
1 - Software; Archivo: alojamientos.php; Acción: Lista los alojamientos; Fecha: 10-04-2025; Hora: 10:12:00
1 - Software; Archivo: alojamientos.php; Acción: Lista los alumnos inscritos en el alojamiento ; Fecha: 10-04-2025; Hora: 10:12:06
1 - Software; Archivo: alojamientos.php; Acción: Lista los alumnos inscritos en el alojamiento ; Fecha: 10-04-2025; Hora: 10:12:29
1 - Software; Archivo: alojamientos.php; Acción: Lista los alumnos inscritos en el alojamiento ; Fecha: 10-04-2025; Hora: 10:20:47
1 - Software; Archivo: alojamientos.php; Acción: Lista los alumnos inscritos en el alojamiento ; Fecha: 10-04-2025; Hora: 10:20:48
1 - Software; Archivo: alojamientos.php; Acción: Lista los alumnos inscritos en el alojamiento ; Fecha: 10-04-2025; Hora: 10:20:50
1 - Software; Archivo: alojamientos.php; Acción: Lista los alumnos inscritos en el alojamiento ; Fecha: 10-04-2025; Hora: 10:21:43
1 - Software; Archivo: alojamientos.php; Acción: Lista los alumnos inscritos en el alojamiento 3; Fecha: 10-04-2025; Hora: 10:21:49
1 - Software; Archivo: alojamientos.php; Acción: Lista los alojamientos; Fecha: 10-04-2025; Hora: 10:47:20
1 - Software; Archivo: alojamientos.php; Acción: Lista los alojamientos; Fecha: 10-04-2025; Hora: 10:47:20
1 - Software; Archivo: alojamientos.php; Acción: Lista los alojamientos; Fecha: 10-04-2025; Hora: 10:47:20
1 - Software; Archivo: alojamientos.php; Acción: Lista los alojamientos; Fecha: 10-04-2025; Hora: 10:47:20
1 - Software; Archivo: alojamientos.php; Acción: Se inserta un nuevo alumno; Fecha: 10-04-2025; Hora: 11:32:37
1 - Software; Archivo: alojamientos.php; Acción: Lista los alojamientos; Fecha: 10-04-2025; Hora: 11:32:38
1 - Software; Archivo: alojamientos.php; Acción: Lista los alojamientos; Fecha: 10-04-2025; Hora: 11:32:38
1 - Software; Archivo: alojamientos.php; Acción: Lista los alojamientos; Fecha: 10-04-2025; Hora: 11:32:38
1 - Software; Archivo: alojamientos.php; Acción: Lista los alojamientos; Fecha: 10-04-2025; Hora: 11:32:38
1 - Software; Archivo: alojamientos.php; Acción: Lista los alojamientos; Fecha: 10-04-2025; Hora: 11:44:47
1 - Software; Archivo: alojamientos.php; Acción: Lista los alojamientos; Fecha: 10-04-2025; Hora: 11:44:47
1 - Software; Archivo: alojamientos.php; Acción: Lista los alojamientos; Fecha: 10-04-2025; Hora: 11:44:47
1 - Software; Archivo: alojamientos.php; Acción: Lista los alojamientos; Fecha: 10-04-2025; Hora: 11:44:47
1 - Software; Archivo: alojamientos.php; Acción: Se inserta un nuevo alumno; Fecha: 10-04-2025; Hora: 11:44:55
1 - Software; Archivo: alojamientos.php; Acción: Lista los alojamientos; Fecha: 10-04-2025; Hora: 11:44:56
1 - Software; Archivo: alojamientos.php; Acción: Lista los alojamientos; Fecha: 10-04-2025; Hora: 11:44:56
1 - Software; Archivo: alojamientos.php; Acción: Lista los alojamientos; Fecha: 10-04-2025; Hora: 11:44:56
1 - Software; Archivo: alojamientos.php; Acción: Lista los alojamientos; Fecha: 10-04-2025; Hora: 11:44:56
1 - Software; Archivo: alojamientos.php; Acción: Lista los alojamientos; Fecha: 10-04-2025; Hora: 11:51:53
1 - Software; Archivo: alojamientos.php; Acción: Lista los alojamientos; Fecha: 10-04-2025; Hora: 11:51:53
1 - Software; Archivo: alojamientos.php; Acción: Lista los alojamientos; Fecha: 10-04-2025; Hora: 11:51:53
1 - Software; Archivo: alojamientos.php; Acción: Lista los alojamientos; Fecha: 10-04-2025; Hora: 11:51:53
1 - Software; Archivo: alojamientos.php; Acción: Lista los alumnos inscritos en el alojamiento 2; Fecha: 10-04-2025; Hora: 11:51:55
1 - Software; Archivo: alojamientos.php; Acción: Lista los alojamientos; Fecha: 10-04-2025; Hora: 11:51:57
1 - Software; Archivo: alojamientos.php; Acción: Lista los alojamientos; Fecha: 10-04-2025; Hora: 11:51:57
1 - Software; Archivo: alojamientos.php; Acción: Lista los alojamientos; Fecha: 10-04-2025; Hora: 11:51:57
1 - Software; Archivo: alojamientos.php; Acción: Lista los alojamientos; Fecha: 10-04-2025; Hora: 11:51:57
1 - Software; Archivo: alojamientos.php; Acción: Lista los alumnos inscritos en el alojamiento 3; Fecha: 10-04-2025; Hora: 11:51:59
1 - Software; Archivo: alojamientos.php; Acción: Lista los alumnos inscritos en el alojamiento 3; Fecha: 10-04-2025; Hora: 11:52:06
1 - Software; Archivo: alojamientos.php; Acción: Lista los alumnos inscritos en el alojamiento 3; Fecha: 10-04-2025; Hora: 11:53:47
1 - Software; Archivo: alojamientos.php; Acción: Lista los alumnos inscritos en el alojamiento 3; Fecha: 10-04-2025; Hora: 11:54:21
1 - Software; Archivo: alojamientos.php; Acción: Lista los alumnos inscritos en el alojamiento 3; Fecha: 10-04-2025; Hora: 11:54:26
1 - Software; Archivo: alojamientos.php; Acción: Lista los alumnos inscritos en el alojamiento 3; Fecha: 10-04-2025; Hora: 12:05:39
1 - Software; Archivo: alojamientos.php; Acción: Lista los alumnos inscritos en el alojamiento 3; Fecha: 10-04-2025; Hora: 12:05:59
1 - Software; Archivo: alojamientos.php; Acción: Lista los alumnos inscritos en el alojamiento 3; Fecha: 10-04-2025; Hora: 12:06:13
1 - Software; Archivo: alojamientos.php; Acción: Lista los alumnos inscritos en el alojamiento 3; Fecha: 10-04-2025; Hora: 12:08:57
1 - Software; Archivo: alojamientos.php; Acción: Se desactiviva el alumno 14; Fecha: 10-04-2025; Hora: 12:19:11
1 - Software; Archivo: alojamientos.php; Acción: Lista los alumnos inscritos en el alojamiento 3; Fecha: 10-04-2025; Hora: 12:19:11
1 - Software; Archivo: alojamientos.php; Acción: Lista los alumnos inscritos en el alojamiento 3; Fecha: 10-04-2025; Hora: 12:19:58
1 - Software; Archivo: alojamientos.php; Acción: Lista los alumnos inscritos en el alojamiento 3; Fecha: 10-04-2025; Hora: 12:21:28
1 - Software; Archivo: alojamientos.php; Acción: Se activiva el alumno 14; Fecha: 10-04-2025; Hora: 12:21:34
1 - Software; Archivo: alojamientos.php; Acción: Lista los alumnos inscritos en el alojamiento 3; Fecha: 10-04-2025; Hora: 12:21:34
1 - Software; Archivo: alojamientos.php; Acción: Se desactiviva el alumno 15; Fecha: 10-04-2025; Hora: 12:21:37
1 - Software; Archivo: alojamientos.php; Acción: Lista los alumnos inscritos en el alojamiento 3; Fecha: 10-04-2025; Hora: 12:21:37
1 - Software; Archivo: alojamientos.php; Acción: Lista los alumnos inscritos en el alojamiento 3; Fecha: 10-04-2025; Hora: 12:21:39
1 - Software; Archivo: alojamientos.php; Acción: Lista los alumnos inscritos en el alojamiento 3; Fecha: 10-04-2025; Hora: 12:46:18
1 - Software; Archivo: alojamientos.php; Acción: Lista los alumnos inscritos en el alojamiento 3; Fecha: 10-04-2025; Hora: 12:46:21
1 - Software; Archivo: alojamientos.php; Acción: Lista los alumnos inscritos en el alojamiento 3; Fecha: 10-04-2025; Hora: 12:46:45
1 - Software; Archivo: alojamientos.php; Acción: Lista los alumnos inscritos en el alojamiento 3; Fecha: 10-04-2025; Hora: 12:46:46
1 - Software; Archivo: alojamientos.php; Acción: Lista los alojamientos; Fecha: 10-04-2025; Hora: 12:46:54
1 - Software; Archivo: alojamientos.php; Acción: Lista los alojamientos; Fecha: 10-04-2025; Hora: 12:46:54
1 - Software; Archivo: alojamientos.php; Acción: Lista los alojamientos; Fecha: 10-04-2025; Hora: 12:46:54
1 - Software; Archivo: alojamientos.php; Acción: Lista los alojamientos; Fecha: 10-04-2025; Hora: 12:46:54
1 - Software; Archivo: alojamientos.php; Acción: Lista los alumnos inscritos en el alojamiento 3; Fecha: 10-04-2025; Hora: 12:46:55
1 - Software; Archivo: alojamientos.php; Acción: Lista los alumnos inscritos en el alojamiento 3; Fecha: 10-04-2025; Hora: 12:47:04
1 - Software; Archivo: alojamientos.php; Acción: Lista los alumnos inscritos en el alojamiento 3; Fecha: 10-04-2025; Hora: 12:47:05
1 - Software; Archivo: alojamientos.php; Acción: Lista los alumnos inscritos en el alojamiento 3; Fecha: 10-04-2025; Hora: 12:48:37
1 - Software; Archivo: alojamientos.php; Acción: Lista los alumnos inscritos en el alojamiento 3; Fecha: 10-04-2025; Hora: 12:56:45
1 - Software; Archivo: alojamientos.php; Acción: Lista los alumnos inscritos en el alojamiento 3; Fecha: 10-04-2025; Hora: 12:57:02
1 - Software; Archivo: alojamientos.php; Acción: Lista los alumnos inscritos en el alojamiento 3; Fecha: 10-04-2025; Hora: 12:57:02
1 - Software; Archivo: alojamientos.php; Acción: Lista los alumnos inscritos en el alojamiento 3; Fecha: 10-04-2025; Hora: 12:57:03
1 - Software; Archivo: alojamientos.php; Acción: Lista los alumnos inscritos en el alojamiento 3; Fecha: 10-04-2025; Hora: 12:59:23
1 - Software; Archivo: alojamientos.php; Acción: Lista los alumnos inscritos en el alojamiento 3; Fecha: 10-04-2025; Hora: 12:59:30
1 - Software; Archivo: alojamientos.php; Acción: Lista los alumnos inscritos en el alojamiento 3; Fecha: 10-04-2025; Hora: 12:59:33
1 - Software; Archivo: alojamientos.php; Acción: Lista los alumnos inscritos en el alojamiento 3; Fecha: 10-04-2025; Hora: 12:59:53
1 - Software; Archivo: alojamientos.php; Acción: Lista los alumnos inscritos en el alojamiento 3; Fecha: 10-04-2025; Hora: 12:59:57
1 - Software; Archivo: alojamientos.php; Acción: Lista los alumnos inscritos en el alojamiento 3; Fecha: 10-04-2025; Hora: 13:00:05
1 - Software; Archivo: alojamientos.php; Acción: Lista los alumnos inscritos en el alojamiento 3; Fecha: 10-04-2025; Hora: 13:03:08
1 - Software; Archivo: alojamientos.php; Acción: Lista los alumnos inscritos en el alojamiento 3; Fecha: 10-04-2025; Hora: 13:03:14
1 - Software; Archivo: alojamientos.php; Acción: Lista los alumnos inscritos en el alojamiento 3; Fecha: 10-04-2025; Hora: 13:03:18
1 - Software; Archivo: alojamientos.php; Acción: Lista los alumnos inscritos en el alojamiento 3; Fecha: 10-04-2025; Hora: 13:03:26
1 - Software; Archivo: alojamientos.php; Acción: Lista los alumnos inscritos en el alojamiento 3; Fecha: 10-04-2025; Hora: 13:03:45
1 - Software; Archivo: pagos.php; Acción: Recoger los medios de pago; Fecha: 10-04-2025; Hora: 13:03:49
1 - Software; Archivo: tarifaAloja.php; Acción: Lista las tarifas de alojamiento; Fecha: 10-04-2025; Hora: 13:03:49
1 - Software; Archivo: alojamientos.php; Acción: Lista los alumnos inscritos en el alojamiento 3; Fecha: 10-04-2025; Hora: 13:08:13
1 - Software; Archivo: alojamientos.php; Acción: Lista los alumnos inscritos en el alojamiento 3; Fecha: 10-04-2025; Hora: 13:08:29
1 - Software; Archivo: alojamientos.php; Acción: Lista los alumnos inscritos en el alojamiento 3; Fecha: 10-04-2025; Hora: 13:09:19
1 - Software; Archivo: alojamientos.php; Acción: Lista los alumnos inscritos en el alojamiento 3; Fecha: 10-04-2025; Hora: 13:09:20
1 - Software; Archivo: alojamientos.php; Acción: Lista los alumnos inscritos en el alojamiento 3; Fecha: 10-04-2025; Hora: 13:10:18
1 - Software; Archivo: alojamientos.php; Acción: Lista los alumnos inscritos en el alojamiento 3; Fecha: 10-04-2025; Hora: 13:11:17
1 - Software; Archivo: alojamientos.php; Acción: Lista los alumnos inscritos en el alojamiento 3; Fecha: 10-04-2025; Hora: 13:21:12
1 - Software; Archivo: alojamientos.php; Acción: Lista los alumnos inscritos en el alojamiento 3; Fecha: 10-04-2025; Hora: 13:28:14
1 - Software; Archivo: alojamientos.php; Acción: Lista los alumnos inscritos en el alojamiento 3; Fecha: 10-04-2025; Hora: 13:28:46
1 - Software; Archivo: alojamientos.php; Acción: Lista los alumnos inscritos en el alojamiento 3; Fecha: 10-04-2025; Hora: 13:28:58
1 - Software; Archivo: alojamientos.php; Acción: Lista los alumnos inscritos en el alojamiento 3; Fecha: 10-04-2025; Hora: 13:31:55
1 - Software; Archivo: alojamientos.php; Acción: Lista los alumnos inscritos en el alojamiento 3; Fecha: 10-04-2025; Hora: 13:33:51
1 - Software; Archivo: alojamientos.php; Acción: Lista los alumnos inscritos en el alojamiento 3; Fecha: 10-04-2025; Hora: 13:34:41
1 - Software; Archivo: alojamientos.php; Acción: Lista los alumnos inscritos en el alojamiento 3; Fecha: 10-04-2025; Hora: 13:35:24
1 - Software; Archivo: alojamientos.php; Acción: Lista los alumnos inscritos en el alojamiento 3; Fecha: 10-04-2025; Hora: 13:35:45
1 - Software; Archivo: alojamientos.php; Acción: Lista los alumnos inscritos en el alojamiento 3; Fecha: 10-04-2025; Hora: 13:35:55
1 - Software; Archivo: alojamientos.php; Acción: Lista los alumnos inscritos en el alojamiento 3; Fecha: 10-04-2025; Hora: 13:36:02
1 - Software; Archivo: alojamientos.php; Acción: Lista los alumnos inscritos en el alojamiento 3; Fecha: 10-04-2025; Hora: 13:36:07
1 - Software; Archivo: alojamientos.php; Acción: Se edita el alumno del alojamiento ; Fecha: 10-04-2025; Hora: 13:38:35
1 - Software; Archivo: alojamientos.php; Acción: Lista los alumnos inscritos en el alojamiento 3; Fecha: 10-04-2025; Hora: 13:38:35
1 - Software; Archivo: alojamientos.php; Acción: Lista los alumnos inscritos en el alojamiento 3; Fecha: 10-04-2025; Hora: 13:38:38
1 - Software; Archivo: alojamientos.php; Acción: Se edita el alumno del alojamiento ; Fecha: 10-04-2025; Hora: 13:38:57
1 - Software; Archivo: alojamientos.php; Acción: Lista los alumnos inscritos en el alojamiento 3; Fecha: 10-04-2025; Hora: 13:38:57
1 - Software; Archivo: alojamientos.php; Acción: Lista los alumnos inscritos en el alojamiento 3; Fecha: 10-04-2025; Hora: 13:39:00
1 - Software; Archivo: alojamientos.php; Acción: Se edita el alumno del alojamiento ; Fecha: 10-04-2025; Hora: 13:39:21
1 - Software; Archivo: alojamientos.php; Acción: Lista los alumnos inscritos en el alojamiento 3; Fecha: 10-04-2025; Hora: 13:39:21
1 - Software; Archivo: alojamientos.php; Acción: Lista los alumnos inscritos en el alojamiento 3; Fecha: 10-04-2025; Hora: 13:39:23
1 - Software; Archivo: alojamientos.php; Acción: Lista los alumnos inscritos en el alojamiento 3; Fecha: 10-04-2025; Hora: 13:45:51
1 - Software; Archivo: alojamientos.php; Acción: Se edita el alumno del alojamiento ; Fecha: 10-04-2025; Hora: 13:45:56
1 - Software; Archivo: alojamientos.php; Acción: Lista los alumnos inscritos en el alojamiento 3; Fecha: 10-04-2025; Hora: 13:45:56
1 - Software; Archivo: alojamientos.php; Acción: Se edita el alumno del alojamiento ; Fecha: 10-04-2025; Hora: 14:00:44
1 - Software; Archivo: alojamientos.php; Acción: Lista los alumnos inscritos en el alojamiento 3; Fecha: 10-04-2025; Hora: 14:00:44
1 - Software; Archivo: alojamientos.php; Acción: Lista los alumnos inscritos en el alojamiento 3; Fecha: 10-04-2025; Hora: 14:00:46
1 - Software; Archivo: alojamientos.php; Acción: Se edita el alumno del alojamiento ; Fecha: 10-04-2025; Hora: 14:00:52
1 - Software; Archivo: alojamientos.php; Acción: Lista los alumnos inscritos en el alojamiento 3; Fecha: 10-04-2025; Hora: 14:00:52
1 - Software; Archivo: alojamientos.php; Acción: Lista los alumnos inscritos en el alojamiento 3; Fecha: 10-04-2025; Hora: 14:00:56
1 - Software; Archivo: alojamientos.php; Acción: Lista los alumnos inscritos en el alojamiento 3; Fecha: 10-04-2025; Hora: 14:05:41
1 - Software; Archivo: alojamientos.php; Acción: Lista los alojamientos; Fecha: 10-04-2025; Hora: 14:11:30
1 - Software; Archivo: alojamientos.php; Acción: Lista los alojamientos; Fecha: 10-04-2025; Hora: 14:11:30
1 - Software; Archivo: alojamientos.php; Acción: Lista los alojamientos; Fecha: 10-04-2025; Hora: 14:11:31
1 - Software; Archivo: alojamientos.php; Acción: Lista los alojamientos; Fecha: 10-04-2025; Hora: 14:11:31
1 - Software; Archivo: alojamientos.php; Acción: Lista los alojamientos; Fecha: 10-04-2025; Hora: 14:12:18
1 - Software; Archivo: alojamientos.php; Acción: Lista los alojamientos; Fecha: 10-04-2025; Hora: 14:12:18
1 - Software; Archivo: alojamientos.php; Acción: Lista los alojamientos; Fecha: 10-04-2025; Hora: 14:12:18
1 - Software; Archivo: alojamientos.php; Acción: Lista los alojamientos; Fecha: 10-04-2025; Hora: 14:12:18
1 - Software; Archivo: alojamientos.php; Acción: Lista los alumnos inscritos en el alojamiento 3; Fecha: 10-04-2025; Hora: 14:12:21
1 - Software; Archivo: alojamientos.php; Acción: Lista los alojamientos; Fecha: 10-04-2025; Hora: 14:14:31
1 - Software; Archivo: alojamientos.php; Acción: Lista los alojamientos; Fecha: 10-04-2025; Hora: 14:14:31
1 - Software; Archivo: alojamientos.php; Acción: Lista los alojamientos; Fecha: 10-04-2025; Hora: 14:14:31
1 - Software; Archivo: alojamientos.php; Acción: Lista los alojamientos; Fecha: 10-04-2025; Hora: 14:14:31
1 - Software; Archivo: alojamientos.php; Acción: Lista los alojamientos; Fecha: 10-04-2025; Hora: 14:29:24
1 - Software; Archivo: alojamientos.php; Acción: Lista los alojamientos; Fecha: 10-04-2025; Hora: 14:29:24
1 - Software; Archivo: alojamientos.php; Acción: Lista los alojamientos; Fecha: 10-04-2025; Hora: 14:29:24
1 - Software; Archivo: alojamientos.php; Acción: Lista los alojamientos; Fecha: 10-04-2025; Hora: 14:29:24
1 - Software; Archivo: alojamientos.php; Acción: Lista los alojamientos; Fecha: 10-04-2025; Hora: 14:30:42
1 - Software; Archivo: alojamientos.php; Acción: Lista los alojamientos; Fecha: 10-04-2025; Hora: 14:30:42
1 - Software; Archivo: alojamientos.php; Acción: Lista los alojamientos; Fecha: 10-04-2025; Hora: 14:30:42
1 - Software; Archivo: alojamientos.php; Acción: Lista los alojamientos; Fecha: 10-04-2025; Hora: 14:30:42
1 - Software; Archivo: alojamientos.php; Acción: Lista los alumnos inscritos en el alojamiento 3; Fecha: 10-04-2025; Hora: 14:43:56
1 - Software; Archivo: alojamientos.php; Acción: Lista los alumnos inscritos en el alojamiento 3; Fecha: 10-04-2025; Hora: 14:44:17
1 - Software; Archivo: alojamientos.php; Acción: Se edita el alumno del alojamiento ; Fecha: 10-04-2025; Hora: 14:44:23
1 - Software; Archivo: alojamientos.php; Acción: Lista los alumnos inscritos en el alojamiento 3; Fecha: 10-04-2025; Hora: 14:44:23
1 - Software; Archivo: alojamientos.php; Acción: Lista los alumnos inscritos en el alojamiento 3; Fecha: 10-04-2025; Hora: 14:45:30
1 - Software; Archivo: alojamientos.php; Acción: Se edita el alumno del alojamiento ; Fecha: 10-04-2025; Hora: 14:45:36
1 - Software; Archivo: alojamientos.php; Acción: Lista los alumnos inscritos en el alojamiento 3; Fecha: 10-04-2025; Hora: 14:45:36
1 - Software; Archivo: alojamientos.php; Acción: Lista los alumnos inscritos en el alojamiento 3; Fecha: 10-04-2025; Hora: 14:46:07
1 - Software; Archivo: alojamientos.php; Acción: Se edita el alumno del alojamiento ; Fecha: 10-04-2025; Hora: 14:46:15
1 - Software; Archivo: alojamientos.php; Acción: Lista los alumnos inscritos en el alojamiento 3; Fecha: 10-04-2025; Hora: 14:46:15
1 - Software; Archivo: alojamientos.php; Acción: Lista los alumnos inscritos en el alojamiento 3; Fecha: 10-04-2025; Hora: 14:49:54
1 - Software; Archivo: alojamientos.php; Acción: Se edita el alumno del alojamiento ; Fecha: 10-04-2025; Hora: 14:49:59
1 - Software; Archivo: alojamientos.php; Acción: Lista los alumnos inscritos en el alojamiento 3; Fecha: 10-04-2025; Hora: 14:49:59
1 - Software; Archivo: alojamientos.php; Acción: Lista los alumnos inscritos en el alojamiento 3; Fecha: 10-04-2025; Hora: 14:51:12
1 - Software; Archivo: alojamientos.php; Acción: Se edita el alumno del alojamiento ; Fecha: 10-04-2025; Hora: 14:51:21
1 - Software; Archivo: alojamientos.php; Acción: Lista los alumnos inscritos en el alojamiento 3; Fecha: 10-04-2025; Hora: 14:51:21
1 - Software; Archivo: alojamientos.php; Acción: Lista los alumnos inscritos en el alojamiento 3; Fecha: 10-04-2025; Hora: 14:51:23
1 - Software; Archivo: alojamientos.php; Acción: Lista los alumnos inscritos en el alojamiento 3; Fecha: 10-04-2025; Hora: 14:51:37
1 - Software; Archivo: alojamientos.php; Acción: Se edita el alumno del alojamiento ; Fecha: 10-04-2025; Hora: 14:51:41
1 - Software; Archivo: alojamientos.php; Acción: Lista los alumnos inscritos en el alojamiento 3; Fecha: 10-04-2025; Hora: 14:51:41
1 - Software; Archivo: alojamientos.php; Acción: Lista los alumnos inscritos en el alojamiento 3; Fecha: 10-04-2025; Hora: 14:52:11
1 - Software; Archivo: alojamientos.php; Acción: Se edita el alumno del alojamiento ; Fecha: 10-04-2025; Hora: 14:52:23
1 - Software; Archivo: alojamientos.php; Acción: Lista los alumnos inscritos en el alojamiento 3; Fecha: 10-04-2025; Hora: 14:52:23
1 - Software; Archivo: alojamientos.php; Acción: Lista los alumnos inscritos en el alojamiento 3; Fecha: 10-04-2025; Hora: 14:52:24
1 - Software; Archivo: alojamientos.php; Acción: Se edita el alumno del alojamiento ; Fecha: 10-04-2025; Hora: 14:52:43
1 - Software; Archivo: alojamientos.php; Acción: Lista los alumnos inscritos en el alojamiento 3; Fecha: 10-04-2025; Hora: 14:52:43
1 - Software; Archivo: alojamientos.php; Acción: Lista los alumnos inscritos en el alojamiento 3; Fecha: 10-04-2025; Hora: 14:53:08
1 - Software; Archivo: alojamientos.php; Acción: Lista los alumnos inscritos en el alojamiento 3; Fecha: 10-04-2025; Hora: 14:53:31
1 - Software; Archivo: alojamientos.php; Acción: Lista los alumnos inscritos en el alojamiento 3; Fecha: 10-04-2025; Hora: 14:53:35
1 - Software; Archivo: alojamientos.php; Acción: Se edita el alumno del alojamiento ; Fecha: 10-04-2025; Hora: 14:59:02
1 - Software; Archivo: alojamientos.php; Acción: Lista los alumnos inscritos en el alojamiento 3; Fecha: 10-04-2025; Hora: 14:59:02
1 - Software; Archivo: alojamientos.php; Acción: Se edita el alumno del alojamiento ; Fecha: 10-04-2025; Hora: 14:59:06
1 - Software; Archivo: alojamientos.php; Acción: Lista los alumnos inscritos en el alojamiento 3; Fecha: 10-04-2025; Hora: 14:59:06
1 - Software; Archivo: alojamientos.php; Acción: Se edita el alumno del alojamiento ; Fecha: 10-04-2025; Hora: 14:59:11
1 - Software; Archivo: alojamientos.php; Acción: Lista los alumnos inscritos en el alojamiento 3; Fecha: 10-04-2025; Hora: 14:59:11
1 - Software; Archivo: alojamientos.php; Acción: Lista los alumnos inscritos en el alojamiento 3; Fecha: 10-04-2025; Hora: 14:59:13
1 - Software; Archivo: alojamientos.php; Acción: Se edita el alumno del alojamiento ; Fecha: 10-04-2025; Hora: 14:59:19
1 - Software; Archivo: alojamientos.php; Acción: Lista los alumnos inscritos en el alojamiento 3; Fecha: 10-04-2025; Hora: 14:59:19
1 - Software; Archivo: alojamientos.php; Acción: Lista los alumnos inscritos en el alojamiento 3; Fecha: 10-04-2025; Hora: 14:59:20
1 - Software; Archivo: alojamientos.php; Acción: Lista los alumnos inscritos en el alojamiento 3; Fecha: 10-04-2025; Hora: 15:08:21
1 - Software; Archivo: alojamientos.php; Acción: Lista los alojamientos; Fecha: 10-04-2025; Hora: 15:08:24
1 - Software; Archivo: alojamientos.php; Acción: Lista los alojamientos; Fecha: 10-04-2025; Hora: 15:08:24
1 - Software; Archivo: alojamientos.php; Acción: Lista los alojamientos; Fecha: 10-04-2025; Hora: 15:08:25
1 - Software; Archivo: alojamientos.php; Acción: Lista los alojamientos; Fecha: 10-04-2025; Hora: 15:08:25
1 - Software; Archivo: alojamientos.php; Acción: Lista los alumnos inscritos en el alojamiento 1; Fecha: 10-04-2025; Hora: 15:08:27
1 - Software; Archivo: alojamientos.php; Acción: Lista los alojamientos; Fecha: 10-04-2025; Hora: 15:08:28
1 - Software; Archivo: alojamientos.php; Acción: Lista los alojamientos; Fecha: 10-04-2025; Hora: 15:08:28
1 - Software; Archivo: alojamientos.php; Acción: Lista los alojamientos; Fecha: 10-04-2025; Hora: 15:08:29
1 - Software; Archivo: alojamientos.php; Acción: Lista los alojamientos; Fecha: 10-04-2025; Hora: 15:08:29
1 - Software; Archivo: alojamientos.php; Acción: Lista los alojamientos; Fecha: 10-04-2025; Hora: 15:21:03
1 - Software; Archivo: alojamientos.php; Acción: Lista los alojamientos; Fecha: 10-04-2025; Hora: 15:21:03
1 - Software; Archivo: alojamientos.php; Acción: Lista los alojamientos; Fecha: 10-04-2025; Hora: 15:21:03
1 - Software; Archivo: alojamientos.php; Acción: Lista los alojamientos; Fecha: 10-04-2025; Hora: 15:21:03
