ID: 1 - Nombre: Software - IP: 192.168.31.3; Archivo: usuario.php; Acción: Se hace login; Fecha: 03-06-2025; Hora: 09:03:34
1 - Software; Archivo: alojamientos.php; Acción: Lista los alojamientos; Fecha: 03-06-2025; Hora: 09:03:38
1 - Software; Archivo: alojamientos.php; Acción: Lista los alojamientos; Fecha: 03-06-2025; Hora: 09:03:38
1 - Software; Archivo: alojamientos.php; Acción: Lista los alojamientos; Fecha: 03-06-2025; Hora: 09:03:38
1 - Software; Archivo: alojamientos.php; Acción: Lista los alojamientos; Fecha: 03-06-2025; Hora: 09:03:38
1 - Software; Archivo: alojamientos.php; Acción: Lista los alojamientos; Fecha: 03-06-2025; Hora: 09:08:04
1 - Software; Archivo: alojamientos.php; Acción: Lista los alojamientos; Fecha: 03-06-2025; Hora: 09:08:04
1 - Software; Archivo: alojamientos.php; Acción: Lista los alojamientos; Fecha: 03-06-2025; Hora: 09:08:04
1 - Software; Archivo: alojamientos.php; Acción: Lista los alojamientos; Fecha: 03-06-2025; Hora: 09:08:04
1 - Software; Archivo: alojamientos.php; Acción: Lista los alojamientos; Fecha: 03-06-2025; Hora: 09:09:04
1 - Software; Archivo: alojamientos.php; Acción: Lista los alojamientos; Fecha: 03-06-2025; Hora: 09:09:04
1 - Software; Archivo: alojamientos.php; Acción: Lista los alojamientos; Fecha: 03-06-2025; Hora: 09:09:04
1 - Software; Archivo: alojamientos.php; Acción: Lista los alojamientos; Fecha: 03-06-2025; Hora: 09:09:04
1 - Software; Archivo: alojamientos.php; Acción: Lista los alojamientos; Fecha: 03-06-2025; Hora: 09:09:06
1 - Software; Archivo: alojamientos.php; Acción: Lista los alojamientos; Fecha: 03-06-2025; Hora: 09:09:06
1 - Software; Archivo: alojamientos.php; Acción: Lista los alojamientos; Fecha: 03-06-2025; Hora: 09:09:06
1 - Software; Archivo: alojamientos.php; Acción: Lista los alojamientos; Fecha: 03-06-2025; Hora: 09:09:06
1 - Software; Archivo: alojamientos.php; Acción: Lista los alojamientos; Fecha: 03-06-2025; Hora: 09:09:39
1 - Software; Archivo: alojamientos.php; Acción: Lista los alojamientos; Fecha: 03-06-2025; Hora: 09:09:39
1 - Software; Archivo: alojamientos.php; Acción: Lista los alojamientos; Fecha: 03-06-2025; Hora: 09:09:40
1 - Software; Archivo: alojamientos.php; Acción: Lista los alojamientos; Fecha: 03-06-2025; Hora: 09:09:40
1 - Software; Archivo: alojamientos.php; Acción: Lista los alumnos inscritos en el alojamiento 4; Fecha: 03-06-2025; Hora: 09:10:14
ID: 15 - Nombre: Andres - IP: 192.168.31.3; Archivo: usuario.php; Acción: Se hace login Alumno; Fecha: 03-06-2025; Hora: 09:10:33
15 - Andres; Archivo: actividades.php; Acción: Lista las actividades de los alumnos; Fecha: 03-06-2025; Hora: 09:10:50
15 - Andres; Archivo: actividades.php; Acción: Lista las actividades de los alumnos; Fecha: 03-06-2025; Hora: 09:11:01
ID:  - Nombre:  - IP: 192.168.31.3; Archivo: usuario.php; Acción: Se hace login; Fecha: 03-06-2025; Hora: 09:20:16
ID: 1 - Nombre: Software - IP: 192.168.31.3; Archivo: usuario.php; Acción: Se hace login; Fecha: 03-06-2025; Hora: 09:20:23
1 - Software; Archivo: alojamientos.php; Acción: Lista los alojamientos; Fecha: 03-06-2025; Hora: 09:20:34
1 - Software; Archivo: alojamientos.php; Acción: Lista los alojamientos; Fecha: 03-06-2025; Hora: 09:20:34
1 - Software; Archivo: alojamientos.php; Acción: Lista los alojamientos; Fecha: 03-06-2025; Hora: 09:20:34
1 - Software; Archivo: alojamientos.php; Acción: Lista los alojamientos; Fecha: 03-06-2025; Hora: 09:20:34
1 - Software; Archivo: alojamientos.php; Acción: Lista los alojamientos; Fecha: 03-06-2025; Hora: 09:26:12
1 - Software; Archivo: alojamientos.php; Acción: Lista los alojamientos; Fecha: 03-06-2025; Hora: 09:26:12
1 - Software; Archivo: alojamientos.php; Acción: Lista los alojamientos; Fecha: 03-06-2025; Hora: 09:26:12
1 - Software; Archivo: alojamientos.php; Acción: Lista los alojamientos; Fecha: 03-06-2025; Hora: 09:26:12
1 - Software; Archivo: alojamientos.php; Acción: Lista los alojamientos; Fecha: 03-06-2025; Hora: 09:26:13
1 - Software; Archivo: alojamientos.php; Acción: Lista los alojamientos; Fecha: 03-06-2025; Hora: 09:26:13
1 - Software; Archivo: alojamientos.php; Acción: Lista los alojamientos; Fecha: 03-06-2025; Hora: 09:26:13
1 - Software; Archivo: alojamientos.php; Acción: Lista los alojamientos; Fecha: 03-06-2025; Hora: 09:26:13
1 - Software; Archivo: alojamientos.php; Acción: Lista los alojamientos; Fecha: 03-06-2025; Hora: 09:26:23
1 - Software; Archivo: alojamientos.php; Acción: Lista los alojamientos; Fecha: 03-06-2025; Hora: 09:26:23
1 - Software; Archivo: alojamientos.php; Acción: Lista los alojamientos; Fecha: 03-06-2025; Hora: 09:26:23
1 - Software; Archivo: alojamientos.php; Acción: Lista los alojamientos; Fecha: 03-06-2025; Hora: 09:26:23
1 - Software; Archivo: alojamientos.php; Acción: Lista los alojamientos; Fecha: 03-06-2025; Hora: 09:30:10
1 - Software; Archivo: alojamientos.php; Acción: Lista los alojamientos; Fecha: 03-06-2025; Hora: 09:30:10
1 - Software; Archivo: alojamientos.php; Acción: Lista los alojamientos; Fecha: 03-06-2025; Hora: 09:30:11
1 - Software; Archivo: alojamientos.php; Acción: Lista los alojamientos; Fecha: 03-06-2025; Hora: 09:30:11
1 - Software; Archivo: alojamientos.php; Acción: Lista los alojamientos; Fecha: 03-06-2025; Hora: 09:56:51
1 - Software; Archivo: alojamientos.php; Acción: Lista los alojamientos; Fecha: 03-06-2025; Hora: 09:56:51
1 - Software; Archivo: alojamientos.php; Acción: Lista los alojamientos; Fecha: 03-06-2025; Hora: 09:56:51
1 - Software; Archivo: alojamientos.php; Acción: Lista los alojamientos; Fecha: 03-06-2025; Hora: 09:56:51
1 - Software; Archivo: alojamientos.php; Acción: Lista los alojamientos; Fecha: 03-06-2025; Hora: 09:57:30
1 - Software; Archivo: alojamientos.php; Acción: Lista los alojamientos; Fecha: 03-06-2025; Hora: 09:57:30
1 - Software; Archivo: alojamientos.php; Acción: Lista los alojamientos; Fecha: 03-06-2025; Hora: 09:57:30
1 - Software; Archivo: alojamientos.php; Acción: Lista los alojamientos; Fecha: 03-06-2025; Hora: 09:57:30
1 - Software; Archivo: alojamientos.php; Acción: Lista los alojamientos; Fecha: 03-06-2025; Hora: 10:01:54
1 - Software; Archivo: alojamientos.php; Acción: Lista los alojamientos; Fecha: 03-06-2025; Hora: 10:01:55
1 - Software; Archivo: alojamientos.php; Acción: Lista los alojamientos; Fecha: 03-06-2025; Hora: 10:01:55
1 - Software; Archivo: alojamientos.php; Acción: Lista los alojamientos; Fecha: 03-06-2025; Hora: 10:01:55
1 - Software; Archivo: alojamientos.php; Acción: Lista los alojamientos; Fecha: 03-06-2025; Hora: 10:02:06
1 - Software; Archivo: alojamientos.php; Acción: Lista los alojamientos; Fecha: 03-06-2025; Hora: 10:02:06
1 - Software; Archivo: alojamientos.php; Acción: Lista los alojamientos; Fecha: 03-06-2025; Hora: 10:02:06
1 - Software; Archivo: alojamientos.php; Acción: Lista los alojamientos; Fecha: 03-06-2025; Hora: 10:02:06
1 - Software; Archivo: alojamientos.php; Acción: Lista los alojamientos; Fecha: 03-06-2025; Hora: 10:02:34
1 - Software; Archivo: alojamientos.php; Acción: Lista los alojamientos; Fecha: 03-06-2025; Hora: 10:02:34
1 - Software; Archivo: alojamientos.php; Acción: Lista los alojamientos; Fecha: 03-06-2025; Hora: 10:02:34
1 - Software; Archivo: alojamientos.php; Acción: Lista los alojamientos; Fecha: 03-06-2025; Hora: 10:02:34
1 - Software; Archivo: alojamientos.php; Acción: Lista los alojamientos; Fecha: 03-06-2025; Hora: 10:02:38
1 - Software; Archivo: alojamientos.php; Acción: Lista los alojamientos; Fecha: 03-06-2025; Hora: 10:02:38
1 - Software; Archivo: alojamientos.php; Acción: Lista los alojamientos; Fecha: 03-06-2025; Hora: 10:02:39
1 - Software; Archivo: alojamientos.php; Acción: Lista los alojamientos; Fecha: 03-06-2025; Hora: 10:02:39
1 - Software; Archivo: alojamientos.php; Acción: Lista los alojamientos; Fecha: 03-06-2025; Hora: 10:02:49
1 - Software; Archivo: alojamientos.php; Acción: Lista los alojamientos; Fecha: 03-06-2025; Hora: 10:02:49
1 - Software; Archivo: alojamientos.php; Acción: Lista los alojamientos; Fecha: 03-06-2025; Hora: 10:02:49
1 - Software; Archivo: alojamientos.php; Acción: Lista los alojamientos; Fecha: 03-06-2025; Hora: 10:02:49
1 - Software; Archivo: alojamientos.php; Acción: Lista los alojamientos; Fecha: 03-06-2025; Hora: 10:04:22
1 - Software; Archivo: alojamientos.php; Acción: Lista los alojamientos; Fecha: 03-06-2025; Hora: 10:04:22
1 - Software; Archivo: alojamientos.php; Acción: Lista los alojamientos; Fecha: 03-06-2025; Hora: 10:04:22
1 - Software; Archivo: alojamientos.php; Acción: Lista los alojamientos; Fecha: 03-06-2025; Hora: 10:04:22
1 - Software; Archivo: alojamientos.php; Acción: Lista los alojamientos; Fecha: 03-06-2025; Hora: 10:04:25
1 - Software; Archivo: alojamientos.php; Acción: Lista los alojamientos; Fecha: 03-06-2025; Hora: 10:04:25
1 - Software; Archivo: alojamientos.php; Acción: Lista los alojamientos; Fecha: 03-06-2025; Hora: 10:04:25
1 - Software; Archivo: alojamientos.php; Acción: Lista los alojamientos; Fecha: 03-06-2025; Hora: 10:04:25
1 - Software; Archivo: alojamientos.php; Acción: Lista los alojamientos; Fecha: 03-06-2025; Hora: 10:06:24
1 - Software; Archivo: alojamientos.php; Acción: Lista los alojamientos; Fecha: 03-06-2025; Hora: 10:06:24
1 - Software; Archivo: alojamientos.php; Acción: Lista los alojamientos; Fecha: 03-06-2025; Hora: 10:06:24
1 - Software; Archivo: alojamientos.php; Acción: Lista los alojamientos; Fecha: 03-06-2025; Hora: 10:06:24
1 - Software; Archivo: alojamientos.php; Acción: Lista los alojamientos; Fecha: 03-06-2025; Hora: 10:07:23
1 - Software; Archivo: alojamientos.php; Acción: Lista los alojamientos; Fecha: 03-06-2025; Hora: 10:07:23
1 - Software; Archivo: alojamientos.php; Acción: Lista los alojamientos; Fecha: 03-06-2025; Hora: 10:07:23
1 - Software; Archivo: alojamientos.php; Acción: Lista los alojamientos; Fecha: 03-06-2025; Hora: 10:07:23
1 - Software; Archivo: pagos.php; Acción: Recoger los medios de pago; Fecha: 03-06-2025; Hora: 10:09:56
1 - Software; Archivo: tarifaAloja.php; Acción: Lista las tarifas de alojamiento; Fecha: 03-06-2025; Hora: 10:09:56
1 - Software; Archivo: pagos.php; Acción: Recoger los medios de pago; Fecha: 03-06-2025; Hora: 10:12:07
1 - Software; Archivo: tarifaAloja.php; Acción: Lista las tarifas de alojamiento; Fecha: 03-06-2025; Hora: 10:12:07
1 - Software; Archivo: pagos.php; Acción: Recoger los medios de pago; Fecha: 03-06-2025; Hora: 10:12:10
1 - Software; Archivo: tarifaAloja.php; Acción: Lista las tarifas de alojamiento; Fecha: 03-06-2025; Hora: 10:12:10
1 - Software; Archivo: alojamientos.php; Acción: Lista los alojamientos; Fecha: 03-06-2025; Hora: 10:12:22
1 - Software; Archivo: alojamientos.php; Acción: Lista los alojamientos; Fecha: 03-06-2025; Hora: 10:12:22
1 - Software; Archivo: alojamientos.php; Acción: Lista los alojamientos; Fecha: 03-06-2025; Hora: 10:12:22
1 - Software; Archivo: alojamientos.php; Acción: Lista los alojamientos; Fecha: 03-06-2025; Hora: 10:12:22
1 - Software; Archivo: pagos.php; Acción: Recoger los medios de pago; Fecha: 03-06-2025; Hora: 10:12:42
1 - Software; Archivo: tarifaAloja.php; Acción: Lista las tarifas de alojamiento; Fecha: 03-06-2025; Hora: 10:12:42
1 - Software; Archivo: alojamientos.php; Acción: Lista los alojamientos; Fecha: 03-06-2025; Hora: 10:13:43
1 - Software; Archivo: alojamientos.php; Acción: Lista los alojamientos; Fecha: 03-06-2025; Hora: 10:13:43
1 - Software; Archivo: alojamientos.php; Acción: Lista los alojamientos; Fecha: 03-06-2025; Hora: 10:13:43
1 - Software; Archivo: alojamientos.php; Acción: Lista los alojamientos; Fecha: 03-06-2025; Hora: 10:13:43
1 - Software; Archivo: pagos.php; Acción: Recoger los medios de pago; Fecha: 03-06-2025; Hora: 10:14:45
1 - Software; Archivo: tarifaAloja.php; Acción: Lista las tarifas de alojamiento; Fecha: 03-06-2025; Hora: 10:14:45
1 - Software; Archivo: alojamientos.php; Acción: Lista los alojamientos; Fecha: 03-06-2025; Hora: 10:16:15
1 - Software; Archivo: alojamientos.php; Acción: Lista los alojamientos; Fecha: 03-06-2025; Hora: 10:16:15
1 - Software; Archivo: alojamientos.php; Acción: Lista los alojamientos; Fecha: 03-06-2025; Hora: 10:16:15
1 - Software; Archivo: alojamientos.php; Acción: Lista los alojamientos; Fecha: 03-06-2025; Hora: 10:16:15
1 - Software; Archivo: alojamientos.php; Acción: Lista los alojamientos; Fecha: 03-06-2025; Hora: 10:21:52
1 - Software; Archivo: alojamientos.php; Acción: Lista los alojamientos; Fecha: 03-06-2025; Hora: 10:21:52
1 - Software; Archivo: alojamientos.php; Acción: Lista los alojamientos; Fecha: 03-06-2025; Hora: 10:21:52
1 - Software; Archivo: alojamientos.php; Acción: Lista los alojamientos; Fecha: 03-06-2025; Hora: 10:21:52
1 - Software; Archivo: pagos.php; Acción: Recoger los medios de pago; Fecha: 03-06-2025; Hora: 10:22:09
1 - Software; Archivo: tarifaAloja.php; Acción: Lista las tarifas de alojamiento; Fecha: 03-06-2025; Hora: 10:22:09
1 - Software; Archivo: alojamientos.php; Acción: Lista los alojamientos; Fecha: 03-06-2025; Hora: 10:22:13
1 - Software; Archivo: alojamientos.php; Acción: Lista los alojamientos; Fecha: 03-06-2025; Hora: 10:22:13
1 - Software; Archivo: alojamientos.php; Acción: Lista los alojamientos; Fecha: 03-06-2025; Hora: 10:22:13
1 - Software; Archivo: alojamientos.php; Acción: Lista los alojamientos; Fecha: 03-06-2025; Hora: 10:22:13
1 - Software; Archivo: alojamientos.php; Acción: Lista los alojamientos; Fecha: 03-06-2025; Hora: 10:22:14
1 - Software; Archivo: alojamientos.php; Acción: Lista los alojamientos; Fecha: 03-06-2025; Hora: 10:22:14
1 - Software; Archivo: alojamientos.php; Acción: Lista los alojamientos; Fecha: 03-06-2025; Hora: 10:22:14
1 - Software; Archivo: alojamientos.php; Acción: Lista los alojamientos; Fecha: 03-06-2025; Hora: 10:22:14
1 - Software; Archivo: alojamientos.php; Acción: Lista los alojamientos; Fecha: 03-06-2025; Hora: 10:22:15
1 - Software; Archivo: alojamientos.php; Acción: Lista los alojamientos; Fecha: 03-06-2025; Hora: 10:22:15
1 - Software; Archivo: alojamientos.php; Acción: Lista los alojamientos; Fecha: 03-06-2025; Hora: 10:22:15
1 - Software; Archivo: alojamientos.php; Acción: Lista los alojamientos; Fecha: 03-06-2025; Hora: 10:22:15
1 - Software; Archivo: alojamientos.php; Acción: Lista los alojamientos; Fecha: 03-06-2025; Hora: 10:22:25
1 - Software; Archivo: alojamientos.php; Acción: Lista los alojamientos; Fecha: 03-06-2025; Hora: 10:22:25
1 - Software; Archivo: alojamientos.php; Acción: Lista los alojamientos; Fecha: 03-06-2025; Hora: 10:22:25
1 - Software; Archivo: alojamientos.php; Acción: Lista los alojamientos; Fecha: 03-06-2025; Hora: 10:22:25
1 - Software; Archivo: alojamientos.php; Acción: Lista los alojamientos; Fecha: 03-06-2025; Hora: 10:22:26
1 - Software; Archivo: alojamientos.php; Acción: Lista los alojamientos; Fecha: 03-06-2025; Hora: 10:22:26
1 - Software; Archivo: alojamientos.php; Acción: Lista los alojamientos; Fecha: 03-06-2025; Hora: 10:22:26
1 - Software; Archivo: alojamientos.php; Acción: Lista los alojamientos; Fecha: 03-06-2025; Hora: 10:22:26
1 - Software; Archivo: pagos.php; Acción: Recoger los medios de pago; Fecha: 03-06-2025; Hora: 10:22:38
1 - Software; Archivo: tarifaAloja.php; Acción: Lista las tarifas de alojamiento; Fecha: 03-06-2025; Hora: 10:22:38
1 - Software; Archivo: alojamientos.php; Acción: Lista los alojamientos; Fecha: 03-06-2025; Hora: 10:22:42
1 - Software; Archivo: alojamientos.php; Acción: Lista los alojamientos; Fecha: 03-06-2025; Hora: 10:22:42
1 - Software; Archivo: alojamientos.php; Acción: Lista los alojamientos; Fecha: 03-06-2025; Hora: 10:22:42
1 - Software; Archivo: alojamientos.php; Acción: Lista los alojamientos; Fecha: 03-06-2025; Hora: 10:22:42
1 - Software; Archivo: pagos.php; Acción: Recoger los medios de pago; Fecha: 03-06-2025; Hora: 10:23:07
1 - Software; Archivo: tarifaAloja.php; Acción: Lista las tarifas de alojamiento; Fecha: 03-06-2025; Hora: 10:23:07
1 - Software; Archivo: alojamientos.php; Acción: Lista los alojamientos; Fecha: 03-06-2025; Hora: 10:23:09
1 - Software; Archivo: alojamientos.php; Acción: Lista los alojamientos; Fecha: 03-06-2025; Hora: 10:23:09
1 - Software; Archivo: alojamientos.php; Acción: Lista los alojamientos; Fecha: 03-06-2025; Hora: 10:23:09
1 - Software; Archivo: alojamientos.php; Acción: Lista los alojamientos; Fecha: 03-06-2025; Hora: 10:23:09
1 - Software; Archivo: pagos.php; Acción: Recoger los medios de pago; Fecha: 03-06-2025; Hora: 10:24:21
1 - Software; Archivo: tarifaAloja.php; Acción: Lista las tarifas de alojamiento; Fecha: 03-06-2025; Hora: 10:24:21
1 - Software; Archivo: alojamientos.php; Acción: Lista los alojamientos; Fecha: 03-06-2025; Hora: 10:24:23
1 - Software; Archivo: alojamientos.php; Acción: Lista los alojamientos; Fecha: 03-06-2025; Hora: 10:24:23
1 - Software; Archivo: alojamientos.php; Acción: Lista los alojamientos; Fecha: 03-06-2025; Hora: 10:24:23
1 - Software; Archivo: alojamientos.php; Acción: Lista los alojamientos; Fecha: 03-06-2025; Hora: 10:24:23
1 - Software; Archivo: pagos.php; Acción: Recoger los medios de pago; Fecha: 03-06-2025; Hora: 10:24:42
1 - Software; Archivo: tarifaAloja.php; Acción: Lista las tarifas de alojamiento; Fecha: 03-06-2025; Hora: 10:24:42
1 - Software; Archivo: alojamientos.php; Acción: Lista los alojamientos; Fecha: 03-06-2025; Hora: 10:24:43
1 - Software; Archivo: alojamientos.php; Acción: Lista los alojamientos; Fecha: 03-06-2025; Hora: 10:24:43
1 - Software; Archivo: alojamientos.php; Acción: Lista los alojamientos; Fecha: 03-06-2025; Hora: 10:24:44
1 - Software; Archivo: alojamientos.php; Acción: Lista los alojamientos; Fecha: 03-06-2025; Hora: 10:24:44
1 - Software; Archivo: alojamientos.php; Acción: Lista los alojamientos; Fecha: 03-06-2025; Hora: 10:26:02
1 - Software; Archivo: alojamientos.php; Acción: Lista los alojamientos; Fecha: 03-06-2025; Hora: 10:26:02
1 - Software; Archivo: alojamientos.php; Acción: Lista los alojamientos; Fecha: 03-06-2025; Hora: 10:26:02
1 - Software; Archivo: alojamientos.php; Acción: Lista los alojamientos; Fecha: 03-06-2025; Hora: 10:26:02
1 - Software; Archivo: alojamientos.php; Acción: Lista los alojamientos; Fecha: 03-06-2025; Hora: 10:26:11
1 - Software; Archivo: alojamientos.php; Acción: Lista los alojamientos; Fecha: 03-06-2025; Hora: 10:26:11
1 - Software; Archivo: alojamientos.php; Acción: Lista los alojamientos; Fecha: 03-06-2025; Hora: 10:26:12
1 - Software; Archivo: alojamientos.php; Acción: Lista los alojamientos; Fecha: 03-06-2025; Hora: 10:26:12
1 - Software; Archivo: alojamientos.php; Acción: Lista los alojamientos; Fecha: 03-06-2025; Hora: 10:26:13
1 - Software; Archivo: alojamientos.php; Acción: Lista los alojamientos; Fecha: 03-06-2025; Hora: 10:26:13
1 - Software; Archivo: alojamientos.php; Acción: Lista los alojamientos; Fecha: 03-06-2025; Hora: 10:26:13
1 - Software; Archivo: alojamientos.php; Acción: Lista los alojamientos; Fecha: 03-06-2025; Hora: 10:26:13
1 - Software; Archivo: alojamientos.php; Acción: Lista los alojamientos; Fecha: 03-06-2025; Hora: 10:26:39
1 - Software; Archivo: alojamientos.php; Acción: Lista los alojamientos; Fecha: 03-06-2025; Hora: 10:26:39
1 - Software; Archivo: alojamientos.php; Acción: Lista los alojamientos; Fecha: 03-06-2025; Hora: 10:26:39
1 - Software; Archivo: alojamientos.php; Acción: Lista los alojamientos; Fecha: 03-06-2025; Hora: 10:26:39
1 - Software; Archivo: alojamientos.php; Acción: Lista los alojamientos; Fecha: 03-06-2025; Hora: 10:27:23
1 - Software; Archivo: alojamientos.php; Acción: Lista los alojamientos; Fecha: 03-06-2025; Hora: 10:27:23
1 - Software; Archivo: alojamientos.php; Acción: Lista los alojamientos; Fecha: 03-06-2025; Hora: 10:27:23
1 - Software; Archivo: alojamientos.php; Acción: Lista los alojamientos; Fecha: 03-06-2025; Hora: 10:27:23
1 - Software; Archivo: pagos.php; Acción: Recoger los medios de pago; Fecha: 03-06-2025; Hora: 10:27:35
1 - Software; Archivo: tarifaAloja.php; Acción: Lista las tarifas de alojamiento; Fecha: 03-06-2025; Hora: 10:27:35
1 - Software; Archivo: alojamientos.php; Acción: Lista los alojamientos; Fecha: 03-06-2025; Hora: 10:27:38
1 - Software; Archivo: alojamientos.php; Acción: Lista los alojamientos; Fecha: 03-06-2025; Hora: 10:27:38
1 - Software; Archivo: alojamientos.php; Acción: Lista los alojamientos; Fecha: 03-06-2025; Hora: 10:27:38
1 - Software; Archivo: alojamientos.php; Acción: Lista los alojamientos; Fecha: 03-06-2025; Hora: 10:27:38
1 - Software; Archivo: alojamientos.php; Acción: Lista los alojamientos; Fecha: 03-06-2025; Hora: 10:27:49
1 - Software; Archivo: alojamientos.php; Acción: Lista los alojamientos; Fecha: 03-06-2025; Hora: 10:27:49
1 - Software; Archivo: alojamientos.php; Acción: Lista los alojamientos; Fecha: 03-06-2025; Hora: 10:27:49
1 - Software; Archivo: alojamientos.php; Acción: Lista los alojamientos; Fecha: 03-06-2025; Hora: 10:27:49
1 - Software; Archivo: pagos.php; Acción: Recoger los medios de pago; Fecha: 03-06-2025; Hora: 10:28:34
1 - Software; Archivo: tarifaAloja.php; Acción: Lista las tarifas de alojamiento; Fecha: 03-06-2025; Hora: 10:28:34
1 - Software; Archivo: alojamientos.php; Acción: Lista los alojamientos; Fecha: 03-06-2025; Hora: 10:28:37
1 - Software; Archivo: alojamientos.php; Acción: Lista los alojamientos; Fecha: 03-06-2025; Hora: 10:28:37
1 - Software; Archivo: alojamientos.php; Acción: Lista los alojamientos; Fecha: 03-06-2025; Hora: 10:28:37
1 - Software; Archivo: alojamientos.php; Acción: Lista los alojamientos; Fecha: 03-06-2025; Hora: 10:28:37
1 - Software; Archivo: pagos.php; Acción: Recoger los medios de pago; Fecha: 03-06-2025; Hora: 10:28:58
1 - Software; Archivo: tarifaAloja.php; Acción: Lista las tarifas de alojamiento; Fecha: 03-06-2025; Hora: 10:28:58
1 - Software; Archivo: alojamientos.php; Acción: Lista los alojamientos; Fecha: 03-06-2025; Hora: 10:29:00
1 - Software; Archivo: alojamientos.php; Acción: Lista los alojamientos; Fecha: 03-06-2025; Hora: 10:29:00
1 - Software; Archivo: alojamientos.php; Acción: Lista los alojamientos; Fecha: 03-06-2025; Hora: 10:29:00
1 - Software; Archivo: alojamientos.php; Acción: Lista los alojamientos; Fecha: 03-06-2025; Hora: 10:29:00
1 - Software; Archivo: alojamientos.php; Acción: Lista los alojamientos; Fecha: 03-06-2025; Hora: 10:30:00
1 - Software; Archivo: alojamientos.php; Acción: Lista los alojamientos; Fecha: 03-06-2025; Hora: 10:30:00
1 - Software; Archivo: alojamientos.php; Acción: Lista los alojamientos; Fecha: 03-06-2025; Hora: 10:30:00
1 - Software; Archivo: alojamientos.php; Acción: Lista los alojamientos; Fecha: 03-06-2025; Hora: 10:30:00
1 - Software; Archivo: alojamientos.php; Acción: Lista los alojamientos; Fecha: 03-06-2025; Hora: 10:30:12
1 - Software; Archivo: alojamientos.php; Acción: Lista los alojamientos; Fecha: 03-06-2025; Hora: 10:30:12
1 - Software; Archivo: alojamientos.php; Acción: Lista los alojamientos; Fecha: 03-06-2025; Hora: 10:30:13
1 - Software; Archivo: alojamientos.php; Acción: Lista los alojamientos; Fecha: 03-06-2025; Hora: 10:30:13
1 - Software; Archivo: pagos.php; Acción: Recoger los medios de pago; Fecha: 03-06-2025; Hora: 10:33:07
1 - Software; Archivo: tarifaAloja.php; Acción: Lista las tarifas de alojamiento; Fecha: 03-06-2025; Hora: 10:33:07
1 - Software; Archivo: alojamientos.php; Acción: Lista los alojamientos; Fecha: 03-06-2025; Hora: 10:33:09
1 - Software; Archivo: alojamientos.php; Acción: Lista los alojamientos; Fecha: 03-06-2025; Hora: 10:33:09
1 - Software; Archivo: pagos.php; Acción: Recoger los medios de pago; Fecha: 03-06-2025; Hora: 10:33:22
1 - Software; Archivo: tarifaAloja.php; Acción: Lista las tarifas de alojamiento; Fecha: 03-06-2025; Hora: 10:33:22
1 - Software; Archivo: alojamientos.php; Acción: Lista los alojamientos; Fecha: 03-06-2025; Hora: 10:33:23
1 - Software; Archivo: alojamientos.php; Acción: Lista los alojamientos; Fecha: 03-06-2025; Hora: 10:33:23
1 - Software; Archivo: alojamientos.php; Acción: Lista los alojamientos; Fecha: 03-06-2025; Hora: 10:33:23
1 - Software; Archivo: alojamientos.php; Acción: Lista los alojamientos; Fecha: 03-06-2025; Hora: 10:33:23
1 - Software; Archivo: pagos.php; Acción: Recoger los medios de pago; Fecha: 03-06-2025; Hora: 10:33:38
1 - Software; Archivo: tarifaAloja.php; Acción: Lista las tarifas de alojamiento; Fecha: 03-06-2025; Hora: 10:33:38
1 - Software; Archivo: alojamientos.php; Acción: Lista los alojamientos; Fecha: 03-06-2025; Hora: 10:33:39
1 - Software; Archivo: alojamientos.php; Acción: Lista los alojamientos; Fecha: 03-06-2025; Hora: 10:33:39
1 - Software; Archivo: alojamientos.php; Acción: Lista los alojamientos; Fecha: 03-06-2025; Hora: 10:33:39
1 - Software; Archivo: alojamientos.php; Acción: Lista los alojamientos; Fecha: 03-06-2025; Hora: 10:33:39
1 - Software; Archivo: pagos.php; Acción: Recoger los medios de pago; Fecha: 03-06-2025; Hora: 10:33:45
1 - Software; Archivo: tarifaAloja.php; Acción: Lista las tarifas de alojamiento; Fecha: 03-06-2025; Hora: 10:33:45
1 - Software; Archivo: pagos.php; Acción: Recoger los medios de pago; Fecha: 03-06-2025; Hora: 10:33:49
1 - Software; Archivo: tarifaAloja.php; Acción: Lista las tarifas de alojamiento; Fecha: 03-06-2025; Hora: 10:33:50
1 - Software; Archivo: alojamientos.php; Acción: Lista los alojamientos; Fecha: 03-06-2025; Hora: 10:33:55
1 - Software; Archivo: alojamientos.php; Acción: Lista los alojamientos; Fecha: 03-06-2025; Hora: 10:33:55
1 - Software; Archivo: alojamientos.php; Acción: Lista los alojamientos; Fecha: 03-06-2025; Hora: 10:33:55
1 - Software; Archivo: alojamientos.php; Acción: Lista los alojamientos; Fecha: 03-06-2025; Hora: 10:33:55
1 - Software; Archivo: pagos.php; Acción: Recoger los medios de pago; Fecha: 03-06-2025; Hora: 10:34:29
1 - Software; Archivo: tarifaAloja.php; Acción: Lista las tarifas de alojamiento; Fecha: 03-06-2025; Hora: 10:34:29
1 - Software; Archivo: alojamientos.php; Acción: Lista los alojamientos; Fecha: 03-06-2025; Hora: 10:34:33
1 - Software; Archivo: alojamientos.php; Acción: Lista los alojamientos; Fecha: 03-06-2025; Hora: 10:34:33
1 - Software; Archivo: alojamientos.php; Acción: Lista los alojamientos; Fecha: 03-06-2025; Hora: 10:34:34
1 - Software; Archivo: alojamientos.php; Acción: Lista los alojamientos; Fecha: 03-06-2025; Hora: 10:34:34
1 - Software; Archivo: pagos.php; Acción: Recoger los medios de pago; Fecha: 03-06-2025; Hora: 10:39:57
1 - Software; Archivo: tarifaAloja.php; Acción: Lista las tarifas de alojamiento; Fecha: 03-06-2025; Hora: 10:39:58
1 - Software; Archivo: alojamientos.php; Acción: Lista los alojamientos; Fecha: 03-06-2025; Hora: 10:40:01
1 - Software; Archivo: alojamientos.php; Acción: Lista los alojamientos; Fecha: 03-06-2025; Hora: 10:40:01
1 - Software; Archivo: alojamientos.php; Acción: Lista los alojamientos; Fecha: 03-06-2025; Hora: 10:40:01
1 - Software; Archivo: alojamientos.php; Acción: Lista los alojamientos; Fecha: 03-06-2025; Hora: 10:40:01
1 - Software; Archivo: alojamientos.php; Acción: Lista los alojamientos; Fecha: 03-06-2025; Hora: 10:41:35
1 - Software; Archivo: alojamientos.php; Acción: Lista los alojamientos; Fecha: 03-06-2025; Hora: 10:41:35
1 - Software; Archivo: pagos.php; Acción: Recoger los medios de pago; Fecha: 03-06-2025; Hora: 10:41:42
1 - Software; Archivo: tarifaAloja.php; Acción: Lista las tarifas de alojamiento; Fecha: 03-06-2025; Hora: 10:41:42
1 - Software; Archivo: alojamientos.php; Acción: Lista los alojamientos; Fecha: 03-06-2025; Hora: 10:41:44
1 - Software; Archivo: alojamientos.php; Acción: Lista los alojamientos; Fecha: 03-06-2025; Hora: 10:41:44
1 - Software; Archivo: alojamientos.php; Acción: Lista los alojamientos; Fecha: 03-06-2025; Hora: 10:41:44
1 - Software; Archivo: alojamientos.php; Acción: Lista los alojamientos; Fecha: 03-06-2025; Hora: 10:41:44
1 - Software; Archivo: pagos.php; Acción: Recoger los medios de pago; Fecha: 03-06-2025; Hora: 10:42:20
1 - Software; Archivo: tarifaAloja.php; Acción: Lista las tarifas de alojamiento; Fecha: 03-06-2025; Hora: 10:42:20
1 - Software; Archivo: alojamientos.php; Acción: Lista los alojamientos; Fecha: 03-06-2025; Hora: 10:42:26
1 - Software; Archivo: alojamientos.php; Acción: Lista los alojamientos; Fecha: 03-06-2025; Hora: 10:42:26
1 - Software; Archivo: pagos.php; Acción: Recoger los medios de pago; Fecha: 03-06-2025; Hora: 10:42:36
1 - Software; Archivo: tarifaAloja.php; Acción: Lista las tarifas de alojamiento; Fecha: 03-06-2025; Hora: 10:42:36
1 - Software; Archivo: alojamientos.php; Acción: Lista los alojamientos; Fecha: 03-06-2025; Hora: 10:42:38
1 - Software; Archivo: alojamientos.php; Acción: Lista los alojamientos; Fecha: 03-06-2025; Hora: 10:42:38
1 - Software; Archivo: alojamientos.php; Acción: Lista los alojamientos; Fecha: 03-06-2025; Hora: 10:42:38
1 - Software; Archivo: alojamientos.php; Acción: Lista los alojamientos; Fecha: 03-06-2025; Hora: 10:42:38
1 - Software; Archivo: pagos.php; Acción: Recoger los medios de pago; Fecha: 03-06-2025; Hora: 10:42:46
1 - Software; Archivo: tarifaAloja.php; Acción: Lista las tarifas de alojamiento; Fecha: 03-06-2025; Hora: 10:42:46
1 - Software; Archivo: pagos.php; Acción: Recoger los medios de pago; Fecha: 03-06-2025; Hora: 10:42:49
1 - Software; Archivo: tarifaAloja.php; Acción: Lista las tarifas de alojamiento; Fecha: 03-06-2025; Hora: 10:42:49
1 - Software; Archivo: pagos.php; Acción: Recoger los medios de pago; Fecha: 03-06-2025; Hora: 10:42:50
1 - Software; Archivo: tarifaAloja.php; Acción: Lista las tarifas de alojamiento; Fecha: 03-06-2025; Hora: 10:42:50
1 - Software; Archivo: pagos.php; Acción: Recoger los medios de pago; Fecha: 03-06-2025; Hora: 10:42:50
1 - Software; Archivo: tarifaAloja.php; Acción: Lista las tarifas de alojamiento; Fecha: 03-06-2025; Hora: 10:42:50
1 - Software; Archivo: pagos.php; Acción: Recoger los medios de pago; Fecha: 03-06-2025; Hora: 10:42:51
1 - Software; Archivo: pagos.php; Acción: Recoger los medios de pago; Fecha: 03-06-2025; Hora: 10:42:53
1 - Software; Archivo: tarifaAloja.php; Acción: Lista las tarifas de alojamiento; Fecha: 03-06-2025; Hora: 10:42:53
1 - Software; Archivo: alojamientos.php; Acción: Lista los alojamientos; Fecha: 03-06-2025; Hora: 10:42:54
1 - Software; Archivo: alojamientos.php; Acción: Lista los alojamientos; Fecha: 03-06-2025; Hora: 10:42:54
1 - Software; Archivo: pagos.php; Acción: Recoger los medios de pago; Fecha: 03-06-2025; Hora: 10:43:12
1 - Software; Archivo: tarifaAloja.php; Acción: Lista las tarifas de alojamiento; Fecha: 03-06-2025; Hora: 10:43:12
1 - Software; Archivo: alojamientos.php; Acción: Lista los alojamientos; Fecha: 03-06-2025; Hora: 10:43:14
1 - Software; Archivo: alojamientos.php; Acción: Lista los alojamientos; Fecha: 03-06-2025; Hora: 10:43:14
1 - Software; Archivo: alojamientos.php; Acción: Lista los alojamientos; Fecha: 03-06-2025; Hora: 10:43:14
1 - Software; Archivo: alojamientos.php; Acción: Lista los alojamientos; Fecha: 03-06-2025; Hora: 10:43:14
1 - Software; Archivo: pagos.php; Acción: Recoger los medios de pago; Fecha: 03-06-2025; Hora: 10:44:29
1 - Software; Archivo: tarifaAloja.php; Acción: Lista las tarifas de alojamiento; Fecha: 03-06-2025; Hora: 10:44:29
1 - Software; Archivo: alojamientos.php; Acción: Lista los alojamientos; Fecha: 03-06-2025; Hora: 10:44:34
1 - Software; Archivo: alojamientos.php; Acción: Lista los alojamientos; Fecha: 03-06-2025; Hora: 10:44:34
1 - Software; Archivo: alojamientos.php; Acción: Lista los alojamientos; Fecha: 03-06-2025; Hora: 10:44:34
1 - Software; Archivo: alojamientos.php; Acción: Lista los alojamientos; Fecha: 03-06-2025; Hora: 10:44:34
1 - Software; Archivo: alojamientos.php; Acción: Lista los alojamientos; Fecha: 03-06-2025; Hora: 10:46:51
1 - Software; Archivo: alojamientos.php; Acción: Lista los alojamientos; Fecha: 03-06-2025; Hora: 10:46:51
1 - Software; Archivo: alojamientos.php; Acción: Lista los alojamientos; Fecha: 03-06-2025; Hora: 10:46:51
1 - Software; Archivo: alojamientos.php; Acción: Lista los alojamientos; Fecha: 03-06-2025; Hora: 10:46:51
1 - Software; Archivo: pagos.php; Acción: Recoger los medios de pago; Fecha: 03-06-2025; Hora: 10:46:58
1 - Software; Archivo: tarifaAloja.php; Acción: Lista las tarifas de alojamiento; Fecha: 03-06-2025; Hora: 10:46:58
1 - Software; Archivo: alojamientos.php; Acción: Lista los alojamientos; Fecha: 03-06-2025; Hora: 10:47:02
1 - Software; Archivo: alojamientos.php; Acción: Lista los alojamientos; Fecha: 03-06-2025; Hora: 10:47:02
1 - Software; Archivo: alojamientos.php; Acción: Lista los alojamientos; Fecha: 03-06-2025; Hora: 10:47:02
1 - Software; Archivo: alojamientos.php; Acción: Lista los alojamientos; Fecha: 03-06-2025; Hora: 10:47:02
1 - Software; Archivo: alojamientos.php; Acción: Lista los alojamientos; Fecha: 03-06-2025; Hora: 10:47:06
1 - Software; Archivo: alojamientos.php; Acción: Lista los alojamientos; Fecha: 03-06-2025; Hora: 10:47:06
1 - Software; Archivo: alojamientos.php; Acción: Lista los alojamientos; Fecha: 03-06-2025; Hora: 10:47:06
1 - Software; Archivo: alojamientos.php; Acción: Lista los alojamientos; Fecha: 03-06-2025; Hora: 10:47:06
1 - Software; Archivo: pagos.php; Acción: Recoger los medios de pago; Fecha: 03-06-2025; Hora: 10:48:14
1 - Software; Archivo: tarifaAloja.php; Acción: Lista las tarifas de alojamiento; Fecha: 03-06-2025; Hora: 10:48:14
1 - Software; Archivo: alojamientos.php; Acción: Lista los alojamientos; Fecha: 03-06-2025; Hora: 10:48:17
1 - Software; Archivo: alojamientos.php; Acción: Lista los alojamientos; Fecha: 03-06-2025; Hora: 10:48:17
1 - Software; Archivo: alojamientos.php; Acción: Lista los alojamientos; Fecha: 03-06-2025; Hora: 10:48:17
1 - Software; Archivo: alojamientos.php; Acción: Lista los alojamientos; Fecha: 03-06-2025; Hora: 10:48:17
1 - Software; Archivo: alojamientos.php; Acción: Lista los alojamientos; Fecha: 03-06-2025; Hora: 10:51:11
1 - Software; Archivo: alojamientos.php; Acción: Lista los alojamientos; Fecha: 03-06-2025; Hora: 10:51:11
1 - Software; Archivo: alojamientos.php; Acción: Lista los alojamientos; Fecha: 03-06-2025; Hora: 10:51:11
1 - Software; Archivo: alojamientos.php; Acción: Lista los alojamientos; Fecha: 03-06-2025; Hora: 10:51:11
1 - Software; Archivo: alojamientos.php; Acción: Lista los alojamientos; Fecha: 03-06-2025; Hora: 10:52:54
1 - Software; Archivo: alojamientos.php; Acción: Lista los alojamientos; Fecha: 03-06-2025; Hora: 10:52:54
1 - Software; Archivo: alojamientos.php; Acción: Lista los alojamientos; Fecha: 03-06-2025; Hora: 10:52:54
1 - Software; Archivo: alojamientos.php; Acción: Lista los alojamientos; Fecha: 03-06-2025; Hora: 10:52:54
1 - Software; Archivo: alojamientos.php; Acción: Lista los alojamientos; Fecha: 03-06-2025; Hora: 10:55:34
1 - Software; Archivo: alojamientos.php; Acción: Lista los alojamientos; Fecha: 03-06-2025; Hora: 10:55:34
1 - Software; Archivo: alojamientos.php; Acción: Lista los alojamientos; Fecha: 03-06-2025; Hora: 10:55:34
1 - Software; Archivo: alojamientos.php; Acción: Lista los alojamientos; Fecha: 03-06-2025; Hora: 10:55:34
1 - Software; Archivo: alojamientos.php; Acción: Lista los alojamientos; Fecha: 03-06-2025; Hora: 10:55:48
1 - Software; Archivo: alojamientos.php; Acción: Lista los alojamientos; Fecha: 03-06-2025; Hora: 10:55:48
1 - Software; Archivo: alojamientos.php; Acción: Lista los alojamientos; Fecha: 03-06-2025; Hora: 10:55:49
1 - Software; Archivo: alojamientos.php; Acción: Lista los alojamientos; Fecha: 03-06-2025; Hora: 10:55:49
1 - Software; Archivo: alojamientos.php; Acción: Lista los alojamientos; Fecha: 03-06-2025; Hora: 10:56:09
1 - Software; Archivo: alojamientos.php; Acción: Lista los alojamientos; Fecha: 03-06-2025; Hora: 10:56:09
1 - Software; Archivo: alojamientos.php; Acción: Lista los alojamientos; Fecha: 03-06-2025; Hora: 10:56:09
1 - Software; Archivo: alojamientos.php; Acción: Lista los alojamientos; Fecha: 03-06-2025; Hora: 10:56:09
1 - Software; Archivo: alojamientos.php; Acción: Lista los alojamientos; Fecha: 03-06-2025; Hora: 10:56:14
1 - Software; Archivo: alojamientos.php; Acción: Lista los alojamientos; Fecha: 03-06-2025; Hora: 10:56:14
1 - Software; Archivo: alojamientos.php; Acción: Lista los alojamientos; Fecha: 03-06-2025; Hora: 10:56:14
1 - Software; Archivo: alojamientos.php; Acción: Lista los alojamientos; Fecha: 03-06-2025; Hora: 10:56:14
1 - Software; Archivo: alojamientos.php; Acción: Lista los alojamientos; Fecha: 03-06-2025; Hora: 11:01:58
1 - Software; Archivo: alojamientos.php; Acción: Lista los alojamientos; Fecha: 03-06-2025; Hora: 11:01:58
1 - Software; Archivo: alojamientos.php; Acción: Lista los alojamientos; Fecha: 03-06-2025; Hora: 11:01:58
1 - Software; Archivo: alojamientos.php; Acción: Lista los alojamientos; Fecha: 03-06-2025; Hora: 11:01:58
1 - Software; Archivo: alojamientos.php; Acción: Lista los alojamientos; Fecha: 03-06-2025; Hora: 11:02:05
1 - Software; Archivo: alojamientos.php; Acción: Lista los alojamientos; Fecha: 03-06-2025; Hora: 11:02:05
1 - Software; Archivo: alojamientos.php; Acción: Lista los alojamientos; Fecha: 03-06-2025; Hora: 11:02:05
1 - Software; Archivo: alojamientos.php; Acción: Lista los alojamientos; Fecha: 03-06-2025; Hora: 11:02:05
1 - Software; Archivo: alojamientos.php; Acción: Lista los alojamientos; Fecha: 03-06-2025; Hora: 11:03:24
1 - Software; Archivo: alojamientos.php; Acción: Lista los alojamientos; Fecha: 03-06-2025; Hora: 11:03:24
1 - Software; Archivo: alojamientos.php; Acción: Lista los alojamientos; Fecha: 03-06-2025; Hora: 11:03:24
1 - Software; Archivo: alojamientos.php; Acción: Lista los alojamientos; Fecha: 03-06-2025; Hora: 11:03:24
1 - Software; Archivo: alojamientos.php; Acción: Lista los alojamientos; Fecha: 03-06-2025; Hora: 11:03:45
1 - Software; Archivo: alojamientos.php; Acción: Lista los alojamientos; Fecha: 03-06-2025; Hora: 11:03:45
1 - Software; Archivo: alojamientos.php; Acción: Lista los alojamientos; Fecha: 03-06-2025; Hora: 11:03:45
1 - Software; Archivo: alojamientos.php; Acción: Lista los alojamientos; Fecha: 03-06-2025; Hora: 11:03:45
1 - Software; Archivo: alojamientos.php; Acción: Lista los alojamientos; Fecha: 03-06-2025; Hora: 11:05:26
1 - Software; Archivo: alojamientos.php; Acción: Lista los alojamientos; Fecha: 03-06-2025; Hora: 11:05:26
1 - Software; Archivo: alojamientos.php; Acción: Lista los alojamientos; Fecha: 03-06-2025; Hora: 11:05:26
1 - Software; Archivo: alojamientos.php; Acción: Lista los alojamientos; Fecha: 03-06-2025; Hora: 11:05:26
1 - Software; Archivo: alojamientos.php; Acción: Lista los alojamientos; Fecha: 03-06-2025; Hora: 11:08:01
1 - Software; Archivo: alojamientos.php; Acción: Lista los alojamientos; Fecha: 03-06-2025; Hora: 11:08:01
1 - Software; Archivo: alojamientos.php; Acción: Lista los alojamientos; Fecha: 03-06-2025; Hora: 11:08:01
1 - Software; Archivo: alojamientos.php; Acción: Lista los alojamientos; Fecha: 03-06-2025; Hora: 11:08:01
1 - Software; Archivo: alojamientos.php; Acción: Lista los alojamientos; Fecha: 03-06-2025; Hora: 11:08:19
1 - Software; Archivo: alojamientos.php; Acción: Lista los alojamientos; Fecha: 03-06-2025; Hora: 11:08:19
1 - Software; Archivo: alojamientos.php; Acción: Lista los alojamientos; Fecha: 03-06-2025; Hora: 11:08:19
1 - Software; Archivo: alojamientos.php; Acción: Lista los alojamientos; Fecha: 03-06-2025; Hora: 11:08:19
1 - Software; Archivo: alojamientos.php; Acción: Lista los alojamientos; Fecha: 03-06-2025; Hora: 11:08:32
1 - Software; Archivo: alojamientos.php; Acción: Lista los alojamientos; Fecha: 03-06-2025; Hora: 11:08:32
1 - Software; Archivo: alojamientos.php; Acción: Lista los alojamientos; Fecha: 03-06-2025; Hora: 11:08:32
1 - Software; Archivo: alojamientos.php; Acción: Lista los alojamientos; Fecha: 03-06-2025; Hora: 11:08:32
1 - Software; Archivo: alojamientos.php; Acción: Lista los alojamientos; Fecha: 03-06-2025; Hora: 11:10:35
1 - Software; Archivo: alojamientos.php; Acción: Lista los alojamientos; Fecha: 03-06-2025; Hora: 11:10:35
1 - Software; Archivo: alojamientos.php; Acción: Lista los alojamientos; Fecha: 03-06-2025; Hora: 11:10:35
1 - Software; Archivo: alojamientos.php; Acción: Lista los alojamientos; Fecha: 03-06-2025; Hora: 11:10:35
1 - Software; Archivo: alojamientos.php; Acción: Lista los alojamientos; Fecha: 03-06-2025; Hora: 11:10:44
1 - Software; Archivo: alojamientos.php; Acción: Lista los alojamientos; Fecha: 03-06-2025; Hora: 11:10:44
1 - Software; Archivo: alojamientos.php; Acción: Lista los alojamientos; Fecha: 03-06-2025; Hora: 11:10:44
1 - Software; Archivo: alojamientos.php; Acción: Lista los alojamientos; Fecha: 03-06-2025; Hora: 11:10:44
1 - Software; Archivo: alojamientos.php; Acción: Lista los alojamientos; Fecha: 03-06-2025; Hora: 11:11:08
1 - Software; Archivo: alojamientos.php; Acción: Lista los alojamientos; Fecha: 03-06-2025; Hora: 11:11:08
1 - Software; Archivo: alojamientos.php; Acción: Lista los alojamientos; Fecha: 03-06-2025; Hora: 11:11:08
1 - Software; Archivo: alojamientos.php; Acción: Lista los alojamientos; Fecha: 03-06-2025; Hora: 11:11:08
1 - Software; Archivo: alojamientos.php; Acción: Lista los alojamientos; Fecha: 03-06-2025; Hora: 11:14:10
1 - Software; Archivo: alojamientos.php; Acción: Lista los alojamientos; Fecha: 03-06-2025; Hora: 11:14:10
1 - Software; Archivo: alojamientos.php; Acción: Lista los alojamientos; Fecha: 03-06-2025; Hora: 11:14:10
1 - Software; Archivo: alojamientos.php; Acción: Lista los alojamientos; Fecha: 03-06-2025; Hora: 11:14:10
1 - Software; Archivo: pagos.php; Acción: Recoger los medios de pago; Fecha: 03-06-2025; Hora: 11:14:20
1 - Software; Archivo: tarifaAloja.php; Acción: Lista las tarifas de alojamiento; Fecha: 03-06-2025; Hora: 11:14:20
1 - Software; Archivo: alojamientos.php; Acción: Lista los alojamientos; Fecha: 03-06-2025; Hora: 11:14:23
1 - Software; Archivo: alojamientos.php; Acción: Lista los alojamientos; Fecha: 03-06-2025; Hora: 11:14:23
1 - Software; Archivo: alojamientos.php; Acción: Lista los alojamientos; Fecha: 03-06-2025; Hora: 11:14:23
1 - Software; Archivo: alojamientos.php; Acción: Lista los alojamientos; Fecha: 03-06-2025; Hora: 11:14:23
1 - Software; Archivo: alojamientos.php; Acción: Lista los alojamientos; Fecha: 03-06-2025; Hora: 11:17:13
1 - Software; Archivo: alojamientos.php; Acción: Lista los alojamientos; Fecha: 03-06-2025; Hora: 11:17:13
1 - Software; Archivo: alojamientos.php; Acción: Lista los alojamientos; Fecha: 03-06-2025; Hora: 11:17:13
1 - Software; Archivo: alojamientos.php; Acción: Lista los alojamientos; Fecha: 03-06-2025; Hora: 11:17:13
1 - Software; Archivo: alojamientos.php; Acción: Lista los alojamientos; Fecha: 03-06-2025; Hora: 11:17:27
1 - Software; Archivo: alojamientos.php; Acción: Lista los alojamientos; Fecha: 03-06-2025; Hora: 11:17:27
1 - Software; Archivo: alojamientos.php; Acción: Lista los alojamientos; Fecha: 03-06-2025; Hora: 11:17:27
1 - Software; Archivo: alojamientos.php; Acción: Lista los alojamientos; Fecha: 03-06-2025; Hora: 11:17:27
1 - Software; Archivo: pagos.php; Acción: Recoger los medios de pago; Fecha: 03-06-2025; Hora: 11:21:52
1 - Software; Archivo: tarifaAloja.php; Acción: Lista las tarifas de alojamiento; Fecha: 03-06-2025; Hora: 11:21:52
1 - Software; Archivo: actividades.php; Acción: Lista las actividades de los adminitradores; Fecha: 03-06-2025; Hora: 11:21:54
1 - Software; Archivo: alojamientos.php; Acción: Lista los alojamientos; Fecha: 03-06-2025; Hora: 11:21:55
1 - Software; Archivo: alojamientos.php; Acción: Lista los alojamientos; Fecha: 03-06-2025; Hora: 11:21:55
1 - Software; Archivo: alojamientos.php; Acción: Lista los alojamientos; Fecha: 03-06-2025; Hora: 11:21:55
1 - Software; Archivo: alojamientos.php; Acción: Lista los alojamientos; Fecha: 03-06-2025; Hora: 11:21:55
1 - Software; Archivo: alojamientos.php; Acción: Lista los alojamientos; Fecha: 03-06-2025; Hora: 11:22:03
1 - Software; Archivo: alojamientos.php; Acción: Lista los alojamientos; Fecha: 03-06-2025; Hora: 11:22:03
1 - Software; Archivo: alojamientos.php; Acción: Lista los alojamientos; Fecha: 03-06-2025; Hora: 11:22:03
1 - Software; Archivo: alojamientos.php; Acción: Lista los alojamientos; Fecha: 03-06-2025; Hora: 11:22:03
1 - Software; Archivo: alojamientos.php; Acción: Lista los alojamientos; Fecha: 03-06-2025; Hora: 11:22:03
1 - Software; Archivo: alojamientos.php; Acción: Lista los alojamientos; Fecha: 03-06-2025; Hora: 11:22:03
1 - Software; Archivo: alojamientos.php; Acción: Lista los alojamientos; Fecha: 03-06-2025; Hora: 11:22:04
1 - Software; Archivo: alojamientos.php; Acción: Lista los alojamientos; Fecha: 03-06-2025; Hora: 11:22:04
1 - Software; Archivo: alojamientos.php; Acción: Lista los alojamientos; Fecha: 03-06-2025; Hora: 11:49:10
1 - Software; Archivo: alojamientos.php; Acción: Lista los alojamientos; Fecha: 03-06-2025; Hora: 11:49:10
1 - Software; Archivo: alojamientos.php; Acción: Lista los alojamientos; Fecha: 03-06-2025; Hora: 11:49:10
1 - Software; Archivo: alojamientos.php; Acción: Lista los alojamientos; Fecha: 03-06-2025; Hora: 11:49:10
1 - Software; Archivo: alojamientos.php; Acción: Lista los alumnos inscritos en el alojamiento 4; Fecha: 03-06-2025; Hora: 11:49:17
1 - Software; Archivo: alojamientos.php; Acción: Lista los alojamientos; Fecha: 03-06-2025; Hora: 11:49:21
1 - Software; Archivo: alojamientos.php; Acción: Lista los alojamientos; Fecha: 03-06-2025; Hora: 11:49:21
1 - Software; Archivo: alojamientos.php; Acción: Lista los alojamientos; Fecha: 03-06-2025; Hora: 11:49:21
1 - Software; Archivo: alojamientos.php; Acción: Lista los alojamientos; Fecha: 03-06-2025; Hora: 11:49:21
1 - Software; Archivo: alojamientos.php; Acción: Lista los alojamientos; Fecha: 03-06-2025; Hora: 11:49:32
1 - Software; Archivo: alojamientos.php; Acción: Lista los alojamientos; Fecha: 03-06-2025; Hora: 11:49:32
1 - Software; Archivo: alojamientos.php; Acción: Lista los alojamientos; Fecha: 03-06-2025; Hora: 11:49:32
1 - Software; Archivo: alojamientos.php; Acción: Lista los alojamientos; Fecha: 03-06-2025; Hora: 11:49:32
1 - Software; Archivo: alojamientos.php; Acción: Lista los alojamientos; Fecha: 03-06-2025; Hora: 11:50:00
1 - Software; Archivo: alojamientos.php; Acción: Lista los alojamientos; Fecha: 03-06-2025; Hora: 11:50:00
1 - Software; Archivo: alojamientos.php; Acción: Lista los alojamientos; Fecha: 03-06-2025; Hora: 11:50:00
1 - Software; Archivo: alojamientos.php; Acción: Lista los alojamientos; Fecha: 03-06-2025; Hora: 11:50:00
1 - Software; Archivo: alojamientos.php; Acción: Lista los alojamientos; Fecha: 03-06-2025; Hora: 11:51:26
1 - Software; Archivo: alojamientos.php; Acción: Lista los alojamientos; Fecha: 03-06-2025; Hora: 11:51:26
1 - Software; Archivo: alojamientos.php; Acción: Lista los alojamientos; Fecha: 03-06-2025; Hora: 11:51:26
1 - Software; Archivo: alojamientos.php; Acción: Lista los alojamientos; Fecha: 03-06-2025; Hora: 11:51:26
1 - Software; Archivo: alojamientos.php; Acción: Lista los alojamientos; Fecha: 03-06-2025; Hora: 11:51:32
1 - Software; Archivo: alojamientos.php; Acción: Lista los alojamientos; Fecha: 03-06-2025; Hora: 11:51:32
1 - Software; Archivo: alojamientos.php; Acción: Lista los alojamientos; Fecha: 03-06-2025; Hora: 11:51:32
1 - Software; Archivo: alojamientos.php; Acción: Lista los alojamientos; Fecha: 03-06-2025; Hora: 11:51:32
1 - Software; Archivo: alojamientos.php; Acción: Lista los alojamientos; Fecha: 03-06-2025; Hora: 11:51:32
1 - Software; Archivo: alojamientos.php; Acción: Lista los alojamientos; Fecha: 03-06-2025; Hora: 11:51:32
1 - Software; Archivo: alojamientos.php; Acción: Lista los alojamientos; Fecha: 03-06-2025; Hora: 11:51:32
1 - Software; Archivo: alojamientos.php; Acción: Lista los alojamientos; Fecha: 03-06-2025; Hora: 11:51:32
1 - Software; Archivo: alojamientos.php; Acción: Lista los alojamientos; Fecha: 03-06-2025; Hora: 11:51:48
1 - Software; Archivo: alojamientos.php; Acción: Lista los alojamientos; Fecha: 03-06-2025; Hora: 11:51:48
1 - Software; Archivo: alojamientos.php; Acción: Lista los alojamientos; Fecha: 03-06-2025; Hora: 11:51:48
1 - Software; Archivo: alojamientos.php; Acción: Lista los alojamientos; Fecha: 03-06-2025; Hora: 11:51:48
1 - Software; Archivo: alojamientos.php; Acción: Lista los alojamientos; Fecha: 03-06-2025; Hora: 11:51:49
1 - Software; Archivo: alojamientos.php; Acción: Lista los alojamientos; Fecha: 03-06-2025; Hora: 11:51:49
1 - Software; Archivo: alojamientos.php; Acción: Lista los alojamientos; Fecha: 03-06-2025; Hora: 11:51:49
1 - Software; Archivo: alojamientos.php; Acción: Lista los alojamientos; Fecha: 03-06-2025; Hora: 11:51:49
1 - Software; Archivo: alojamientos.php; Acción: Lista los alojamientos; Fecha: 03-06-2025; Hora: 11:54:39
1 - Software; Archivo: alojamientos.php; Acción: Lista los alojamientos; Fecha: 03-06-2025; Hora: 11:54:39
1 - Software; Archivo: alojamientos.php; Acción: Lista los alojamientos; Fecha: 03-06-2025; Hora: 11:54:39
1 - Software; Archivo: alojamientos.php; Acción: Lista los alojamientos; Fecha: 03-06-2025; Hora: 11:54:39
1 - Software; Archivo: alojamientos.php; Acción: Lista los alojamientos; Fecha: 03-06-2025; Hora: 12:05:24
1 - Software; Archivo: alojamientos.php; Acción: Lista los alojamientos; Fecha: 03-06-2025; Hora: 12:05:24
1 - Software; Archivo: alojamientos.php; Acción: Lista los alojamientos; Fecha: 03-06-2025; Hora: 12:05:24
1 - Software; Archivo: alojamientos.php; Acción: Lista los alojamientos; Fecha: 03-06-2025; Hora: 12:05:24
1 - Software; Archivo: alojamientos.php; Acción: Lista los alojamientos; Fecha: 03-06-2025; Hora: 12:05:25
1 - Software; Archivo: alojamientos.php; Acción: Lista los alojamientos; Fecha: 03-06-2025; Hora: 12:05:25
1 - Software; Archivo: alojamientos.php; Acción: Lista los alojamientos; Fecha: 03-06-2025; Hora: 12:05:26
1 - Software; Archivo: alojamientos.php; Acción: Lista los alojamientos; Fecha: 03-06-2025; Hora: 12:05:26
1 - Software; Archivo: alojamientos.php; Acción: Lista los alojamientos; Fecha: 03-06-2025; Hora: 12:08:48
1 - Software; Archivo: alojamientos.php; Acción: Lista los alojamientos; Fecha: 03-06-2025; Hora: 12:08:48
1 - Software; Archivo: alojamientos.php; Acción: Lista los alojamientos; Fecha: 03-06-2025; Hora: 12:08:48
1 - Software; Archivo: alojamientos.php; Acción: Lista los alojamientos; Fecha: 03-06-2025; Hora: 12:08:48
1 - Software; Archivo: alojamientos.php; Acción: Lista los alumnos inscritos en el alojamiento 5; Fecha: 03-06-2025; Hora: 12:09:07
1 - Software; Archivo: alojamientos.php; Acción: Lista los alojamientos; Fecha: 03-06-2025; Hora: 12:09:08
1 - Software; Archivo: alojamientos.php; Acción: Lista los alojamientos; Fecha: 03-06-2025; Hora: 12:09:08
1 - Software; Archivo: alojamientos.php; Acción: Lista los alojamientos; Fecha: 03-06-2025; Hora: 12:09:08
1 - Software; Archivo: alojamientos.php; Acción: Lista los alojamientos; Fecha: 03-06-2025; Hora: 12:09:08
1 - Software; Archivo: alojamientos.php; Acción: Lista los alumnos inscritos en el alojamiento 2; Fecha: 03-06-2025; Hora: 12:09:22
1 - Software; Archivo: alojamientos.php; Acción: Lista los alojamientos; Fecha: 03-06-2025; Hora: 12:09:24
1 - Software; Archivo: alojamientos.php; Acción: Lista los alojamientos; Fecha: 03-06-2025; Hora: 12:09:24
1 - Software; Archivo: alojamientos.php; Acción: Lista los alojamientos; Fecha: 03-06-2025; Hora: 12:09:24
1 - Software; Archivo: alojamientos.php; Acción: Lista los alojamientos; Fecha: 03-06-2025; Hora: 12:09:24
1 - Software; Archivo: alojamientos.php; Acción: Lista los alumnos inscritos en el alojamiento 1; Fecha: 03-06-2025; Hora: 12:09:34
1 - Software; Archivo: alojamientos.php; Acción: Lista los alojamientos; Fecha: 03-06-2025; Hora: 12:09:36
1 - Software; Archivo: alojamientos.php; Acción: Lista los alojamientos; Fecha: 03-06-2025; Hora: 12:09:36
1 - Software; Archivo: alojamientos.php; Acción: Lista los alojamientos; Fecha: 03-06-2025; Hora: 12:09:36
1 - Software; Archivo: alojamientos.php; Acción: Lista los alojamientos; Fecha: 03-06-2025; Hora: 12:09:36
1 - Software; Archivo: alojamientos.php; Acción: Se inserta un nuevo alumno; Fecha: 03-06-2025; Hora: 12:10:05
1 - Software; Archivo: alojamientos.php; Acción: Lista los alojamientos; Fecha: 03-06-2025; Hora: 12:10:07
1 - Software; Archivo: alojamientos.php; Acción: Lista los alojamientos; Fecha: 03-06-2025; Hora: 12:10:07
1 - Software; Archivo: alojamientos.php; Acción: Lista los alojamientos; Fecha: 03-06-2025; Hora: 12:10:07
1 - Software; Archivo: alojamientos.php; Acción: Lista los alojamientos; Fecha: 03-06-2025; Hora: 12:10:07
ID: 1 - Nombre: Software - IP: 192.168.31.3; Archivo: usuario.php; Acción: Se hace login; Fecha: 03-06-2025; Hora: 12:41:15
1 - Software; Archivo: alojamientos.php; Acción: Lista los alojamientos; Fecha: 03-06-2025; Hora: 12:41:18
1 - Software; Archivo: alojamientos.php; Acción: Lista los alojamientos; Fecha: 03-06-2025; Hora: 12:41:18
1 - Software; Archivo: alojamientos.php; Acción: Lista los alojamientos; Fecha: 03-06-2025; Hora: 12:41:18
1 - Software; Archivo: alojamientos.php; Acción: Lista los alojamientos; Fecha: 03-06-2025; Hora: 12:41:18
1 - Software; Archivo: alojamientos.php; Acción: Lista los alojamientos; Fecha: 03-06-2025; Hora: 12:43:49
1 - Software; Archivo: alojamientos.php; Acción: Lista los alojamientos; Fecha: 03-06-2025; Hora: 12:43:49
1 - Software; Archivo: alojamientos.php; Acción: Lista los alojamientos; Fecha: 03-06-2025; Hora: 12:43:49
1 - Software; Archivo: alojamientos.php; Acción: Lista los alojamientos; Fecha: 03-06-2025; Hora: 12:43:49
1 - Software; Archivo: alojamientos.php; Acción: Lista los alumnos inscritos en el alojamiento 5; Fecha: 03-06-2025; Hora: 12:44:11
1 - Software; Archivo: alojamientos.php; Acción: Lista los alojamientos; Fecha: 03-06-2025; Hora: 12:44:13
1 - Software; Archivo: alojamientos.php; Acción: Lista los alojamientos; Fecha: 03-06-2025; Hora: 12:44:13
1 - Software; Archivo: alojamientos.php; Acción: Lista los alojamientos; Fecha: 03-06-2025; Hora: 12:44:13
1 - Software; Archivo: alojamientos.php; Acción: Lista los alojamientos; Fecha: 03-06-2025; Hora: 12:44:13
1 - Software; Archivo: alojamientos.php; Acción: Lista los alumnos inscritos en el alojamiento 4; Fecha: 03-06-2025; Hora: 12:44:16
1 - Software; Archivo: alojamientos.php; Acción: Se edita el alumno del alojamiento ; Fecha: 03-06-2025; Hora: 12:44:49
1 - Software; Archivo: alojamientos.php; Acción: Lista los alumnos inscritos en el alojamiento 4; Fecha: 03-06-2025; Hora: 12:44:49
1 - Software; Archivo: alojamientos.php; Acción: Lista los alojamientos; Fecha: 03-06-2025; Hora: 12:44:53
1 - Software; Archivo: alojamientos.php; Acción: Lista los alojamientos; Fecha: 03-06-2025; Hora: 12:44:53
1 - Software; Archivo: alojamientos.php; Acción: Lista los alojamientos; Fecha: 03-06-2025; Hora: 12:44:53
1 - Software; Archivo: alojamientos.php; Acción: Lista los alojamientos; Fecha: 03-06-2025; Hora: 12:44:53
1 - Software; Archivo: alojamientos.php; Acción: Lista los alojamientos; Fecha: 03-06-2025; Hora: 12:49:04
1 - Software; Archivo: alojamientos.php; Acción: Lista los alojamientos; Fecha: 03-06-2025; Hora: 12:49:04
1 - Software; Archivo: alojamientos.php; Acción: Lista los alojamientos; Fecha: 03-06-2025; Hora: 12:49:04
1 - Software; Archivo: alojamientos.php; Acción: Lista los alojamientos; Fecha: 03-06-2025; Hora: 12:49:04
1 - Software; Archivo: alojamientos.php; Acción: Lista los alojamientos; Fecha: 03-06-2025; Hora: 12:54:27
1 - Software; Archivo: alojamientos.php; Acción: Lista los alojamientos; Fecha: 03-06-2025; Hora: 12:54:27
1 - Software; Archivo: alojamientos.php; Acción: Lista los alojamientos; Fecha: 03-06-2025; Hora: 12:54:27
1 - Software; Archivo: alojamientos.php; Acción: Lista los alojamientos; Fecha: 03-06-2025; Hora: 12:54:27
1 - Software; Archivo: alojamientos.php; Acción: Lista los alojamientos; Fecha: 03-06-2025; Hora: 12:54:28
1 - Software; Archivo: alojamientos.php; Acción: Lista los alojamientos; Fecha: 03-06-2025; Hora: 12:54:28
1 - Software; Archivo: alojamientos.php; Acción: Lista los alojamientos; Fecha: 03-06-2025; Hora: 12:54:28
1 - Software; Archivo: alojamientos.php; Acción: Lista los alojamientos; Fecha: 03-06-2025; Hora: 12:54:28
1 - Software; Archivo: alojamientos.php; Acción: Lista los alojamientos; Fecha: 03-06-2025; Hora: 12:58:50
1 - Software; Archivo: alojamientos.php; Acción: Lista los alojamientos; Fecha: 03-06-2025; Hora: 12:58:50
1 - Software; Archivo: alojamientos.php; Acción: Lista los alojamientos; Fecha: 03-06-2025; Hora: 12:58:50
1 - Software; Archivo: alojamientos.php; Acción: Lista los alojamientos; Fecha: 03-06-2025; Hora: 12:58:50
ID: 1 - Nombre: Software - IP: 192.168.31.3; Archivo: usuario.php; Acción: Se hace login; Fecha: 03-06-2025; Hora: 13:15:49
1 - Software; Archivo: alojamientos.php; Acción: Lista los alojamientos; Fecha: 03-06-2025; Hora: 13:15:52
1 - Software; Archivo: alojamientos.php; Acción: Lista los alojamientos; Fecha: 03-06-2025; Hora: 13:15:52
1 - Software; Archivo: alojamientos.php; Acción: Lista los alojamientos; Fecha: 03-06-2025; Hora: 13:15:52
1 - Software; Archivo: alojamientos.php; Acción: Lista los alojamientos; Fecha: 03-06-2025; Hora: 13:15:52
ID: 15 - Nombre: Andres - IP: 192.168.31.3; Archivo: usuario.php; Acción: Se hace login Alumno; Fecha: 03-06-2025; Hora: 13:34:16
ID: 15 - Nombre: Andres - IP: 192.168.31.3; Archivo: usuario.php; Acción: Se hace login Alumno; Fecha: 03-06-2025; Hora: 13:34:46
ID: 1 - Nombre: Software - IP: 192.168.31.3; Archivo: usuario.php; Acción: Se hace login; Fecha: 03-06-2025; Hora: 13:35:45
ID: 15 - Nombre: Andres - IP: 192.168.31.3; Archivo: usuario.php; Acción: Se hace login Alumno; Fecha: 03-06-2025; Hora: 13:36:16
ID: 1 - Nombre: Software - IP: 192.168.31.3; Archivo: usuario.php; Acción: Se hace login; Fecha: 03-06-2025; Hora: 14:46:35
ID: 1 - Nombre: Software - IP: 192.168.31.3; Archivo: usuario.php; Acción: Se hace login; Fecha: 03-06-2025; Hora: 17:08:48
ID: 1 - Nombre: Software - IP: 192.168.31.3; Archivo: usuario.php; Acción: Se hace login; Fecha: 03-06-2025; Hora: 18:30:31
