ID: 1 - Nombre: Software - IP: 192.168.31.3; Archivo: usuario.php; Acción: Se hace login; Fecha: 18-06-2025; Hora: 00:09:57
ID: 7 - Nombre: José - IP: 192.168.31.3; Archivo: usuario.php; Acción: Se hace login; Fecha: 18-06-2025; Hora: 00:10:12
ID: 7 - Nombre: José - IP: 192.168.31.3; Archivo: usuario.php; Acción: Se hace login; Fecha: 18-06-2025; Hora: 00:11:16
ID: 7 - Nombre: José - IP: 192.168.31.3; Archivo: usuario.php; Acción: Se hace login; Fecha: 18-06-2025; Hora: 09:02:31
7 - José; Archivo: actividades.php; Acción: Lista las actividades de los adminitradores; Fecha: 18-06-2025; Hora: 09:02:39
7 - José; Archivo: actividades.php; Acción: Lista los alumnos apuntados en la actividad 6; Fecha: 18-06-2025; Hora: 09:02:58
7 - José; Archivo: actividades.php; Acción: Lista las actividades de los adminitradores; Fecha: 18-06-2025; Hora: 09:03:03
7 - José; Archivo: actividades.php; Acción: Lista los alumnos apuntados en la actividad 7; Fecha: 18-06-2025; Hora: 09:03:10
7 - José; Archivo: actividades.php; Acción: Lista las actividades de los adminitradores; Fecha: 18-06-2025; Hora: 09:03:47
ID: 1 - Nombre: Software - IP: 192.168.31.3; Archivo: usuario.php; Acción: Se hace login; Fecha: 18-06-2025; Hora: 09:04:48
1 - Software; Archivo: actividades.php; Acción: Lista las actividades de los adminitradores; Fecha: 18-06-2025; Hora: 09:04:50
1 - Software; Archivo: actividades.php; Acción: Inserta Actividades; Fecha: 18-06-2025; Hora: 09:05:55
1 - Software; Archivo: actividades.php; Acción: Lista las actividades de los adminitradores; Fecha: 18-06-2025; Hora: 09:05:58
ID: 7 - Nombre: José - IP: 192.168.31.3; Archivo: usuario.php; Acción: Se hace login; Fecha: 18-06-2025; Hora: 09:06:07
7 - José; Archivo: actividades.php; Acción: Lista las actividades de los adminitradores; Fecha: 18-06-2025; Hora: 09:06:21
7 - José; Archivo: actividades.php; Acción: Lista los alumnos apuntados en la actividad 9; Fecha: 18-06-2025; Hora: 09:06:32
7 - José; Archivo: actividades.php; Acción: Alumno 9 fue apuntado por José a la actividad 9; Fecha: 18-06-2025; Hora: 09:07:38
7 - José; Archivo: actividades.php; Acción: Lista los alumnos apuntados en la actividad 9; Fecha: 18-06-2025; Hora: 09:07:38
7 - José; Archivo: actividades.php; Acción: Lista las actividades de los adminitradores; Fecha: 18-06-2025; Hora: 09:08:30
ID: 1 - Nombre: Software - IP: 192.168.31.3; Archivo: usuario.php; Acción: Se hace login; Fecha: 18-06-2025; Hora: 09:08:51
ID: 7 - Nombre: José - IP: 192.168.31.3; Archivo: usuario.php; Acción: Se hace login; Fecha: 18-06-2025; Hora: 09:11:35
7 - José; Archivo: actividades.php; Acción: Lista las actividades de los adminitradores; Fecha: 18-06-2025; Hora: 09:12:00
7 - José; Archivo: actividades.php; Acción: Lista los alumnos apuntados en la actividad 6; Fecha: 18-06-2025; Hora: 09:12:41
7 - José; Archivo: actividades.php; Acción: Lista las actividades de los adminitradores; Fecha: 18-06-2025; Hora: 09:12:43
7 - José; Archivo: actividades.php; Acción: Lista los alumnos apuntados en la actividad 9; Fecha: 18-06-2025; Hora: 09:12:44
ID: 7 - Nombre: José - IP: 192.168.31.3; Archivo: usuario.php; Acción: Se hace login; Fecha: 18-06-2025; Hora: 09:14:40
7 - José; Archivo: actividades.php; Acción: Lista las actividades de los adminitradores; Fecha: 18-06-2025; Hora: 09:14:54
7 - José; Archivo: actividades.php; Acción: Lista los alumnos apuntados en la actividad 9; Fecha: 18-06-2025; Hora: 09:15:02
ID: 7 - Nombre: José - IP: 192.168.31.3; Archivo: usuario.php; Acción: Se hace login; Fecha: 18-06-2025; Hora: 09:24:39
7 - José; Archivo: actividades.php; Acción: Lista las actividades de los adminitradores; Fecha: 18-06-2025; Hora: 09:24:51
ID: 1 - Nombre: Software - IP: 192.168.31.3; Archivo: usuario.php; Acción: Se hace login; Fecha: 18-06-2025; Hora: 09:25:04
1 - Software; Archivo: actividades.php; Acción: Lista las actividades de los adminitradores; Fecha: 18-06-2025; Hora: 09:25:08
ID: 1 - Nombre: Software - IP: 192.168.31.3; Archivo: usuario.php; Acción: Se hace login; Fecha: 18-06-2025; Hora: 09:29:05
1 - Software; Archivo: actividades.php; Acción: Lista las actividades de los adminitradores; Fecha: 18-06-2025; Hora: 09:29:08
ID: 1 - Nombre: Software - IP: 192.168.31.3; Archivo: usuario.php; Acción: Se hace login; Fecha: 18-06-2025; Hora: 09:29:39
1 - Software; Archivo: actividades.php; Acción: Lista las actividades de los adminitradores; Fecha: 18-06-2025; Hora: 09:29:42
1 - Software; Archivo: actividades.php; Acción: Lista las actividades de los adminitradores; Fecha: 18-06-2025; Hora: 09:29:49
1 - Software; Archivo: actividades.php; Acción: Lista los alumnos apuntados en la actividad 7; Fecha: 18-06-2025; Hora: 09:29:51
1 - Software; Archivo: actividades.php; Acción: Lista las actividades de los adminitradores; Fecha: 18-06-2025; Hora: 09:29:54
1 - Software; Archivo: actividades.php; Acción: Lista los alumnos apuntados en la actividad 9; Fecha: 18-06-2025; Hora: 09:29:55
1 - Software; Archivo: actividades.php; Acción: Lista los alumnos apuntados en la actividad 9; Fecha: 18-06-2025; Hora: 09:39:51
1 - Software; Archivo: actividades.php; Acción: Lista los alumnos apuntados en la actividad 9; Fecha: 18-06-2025; Hora: 09:39:52
1 - Software; Archivo: actividades.php; Acción: Lista los alumnos apuntados en la actividad 9; Fecha: 18-06-2025; Hora: 09:41:20
1 - Software; Archivo: actividades.php; Acción: Lista los alumnos apuntados en la actividad 9; Fecha: 18-06-2025; Hora: 09:41:21
1 - Software; Archivo: actividades.php; Acción: Lista los alumnos apuntados en la actividad 9; Fecha: 18-06-2025; Hora: 09:42:05
1 - Software; Archivo: actividades.php; Acción: Lista los alumnos apuntados en la actividad 9; Fecha: 18-06-2025; Hora: 09:42:06
ID: 1 - Nombre: Software - IP: 192.168.31.3; Archivo: usuario.php; Acción: Se hace login; Fecha: 18-06-2025; Hora: 09:44:31
1 - Software; Archivo: actividades.php; Acción: Lista las actividades de los adminitradores; Fecha: 18-06-2025; Hora: 09:44:47
1 - Software; Archivo: actividades.php; Acción: Lista los alumnos apuntados en la actividad 9; Fecha: 18-06-2025; Hora: 09:44:51
1 - Software; Archivo: actividades.php; Acción: Lista los alumnos apuntados en la actividad 9; Fecha: 18-06-2025; Hora: 09:45:01
1 - Software; Archivo: actividades.php; Acción: Lista los alumnos apuntados en la actividad 9; Fecha: 18-06-2025; Hora: 09:45:02
1 - Software; Archivo: actividades.php; Acción: Lista los alumnos apuntados en la actividad 9; Fecha: 18-06-2025; Hora: 09:45:45
1 - Software; Archivo: actividades.php; Acción: Lista los alumnos apuntados en la actividad 9; Fecha: 18-06-2025; Hora: 09:45:46
1 - Software; Archivo: actividades.php; Acción: Lista los alumnos apuntados en la actividad 9; Fecha: 18-06-2025; Hora: 09:47:06
1 - Software; Archivo: actividades.php; Acción: Lista los alumnos apuntados en la actividad 9; Fecha: 18-06-2025; Hora: 09:47:06
1 - Software; Archivo: actividades.php; Acción: Lista los alumnos apuntados en la actividad 9; Fecha: 18-06-2025; Hora: 09:47:58
1 - Software; Archivo: actividades.php; Acción: Lista los alumnos apuntados en la actividad 9; Fecha: 18-06-2025; Hora: 09:47:59
1 - Software; Archivo: actividades.php; Acción: Lista los alumnos apuntados en la actividad 9; Fecha: 18-06-2025; Hora: 09:47:59
1 - Software; Archivo: actividades.php; Acción: Lista los alumnos apuntados en la actividad 9; Fecha: 18-06-2025; Hora: 09:48:20
1 - Software; Archivo: actividades.php; Acción: Lista los alumnos apuntados en la actividad 9; Fecha: 18-06-2025; Hora: 09:48:22
1 - Software; Archivo: actividades.php; Acción: Lista los alumnos apuntados en la actividad 9; Fecha: 18-06-2025; Hora: 10:06:49
1 - Software; Archivo: actividades.php; Acción: Lista los alumnos apuntados en la actividad 9; Fecha: 18-06-2025; Hora: 10:07:09
1 - Software; Archivo: actividades.php; Acción: Lista los alumnos apuntados en la actividad 9; Fecha: 18-06-2025; Hora: 10:07:10
1 - Software; Archivo: actividades.php; Acción: Lista los alumnos apuntados en la actividad 9; Fecha: 18-06-2025; Hora: 10:07:16
1 - Software; Archivo: actividades.php; Acción: Lista los alumnos apuntados en la actividad 9; Fecha: 18-06-2025; Hora: 10:07:17
1 - Software; Archivo: actividades.php; Acción: Lista los alumnos apuntados en la actividad 9; Fecha: 18-06-2025; Hora: 10:09:37
1 - Software; Archivo: actividades.php; Acción: Lista los alumnos apuntados en la actividad 9; Fecha: 18-06-2025; Hora: 10:09:38
1 - Software; Archivo: actividades.php; Acción: Lista los alumnos apuntados en la actividad 9; Fecha: 18-06-2025; Hora: 10:14:26
1 - Software; Archivo: actividades.php; Acción: Lista los alumnos apuntados en la actividad 9; Fecha: 18-06-2025; Hora: 10:14:27
1 - Software; Archivo: actividades.php; Acción: Lista los alumnos apuntados en la actividad 9; Fecha: 18-06-2025; Hora: 10:14:31
1 - Software; Archivo: actividades.php; Acción: Lista los alumnos apuntados en la actividad 9; Fecha: 18-06-2025; Hora: 10:14:32
1 - Software; Archivo: actividades.php; Acción: Lista las actividades de los adminitradores; Fecha: 18-06-2025; Hora: 10:15:34
1 - Software; Archivo: actividades.php; Acción: Lista los alumnos apuntados en la actividad 7; Fecha: 18-06-2025; Hora: 10:15:36
1 - Software; Archivo: actividades.php; Acción: Lista las actividades de los adminitradores; Fecha: 18-06-2025; Hora: 10:15:39
1 - Software; Archivo: actividades.php; Acción: Lista los alumnos apuntados en la actividad 9; Fecha: 18-06-2025; Hora: 10:15:42
1 - Software; Archivo: actividades.php; Acción: Lista los alumnos apuntados en la actividad 9; Fecha: 18-06-2025; Hora: 10:22:27
1 - Software; Archivo: actividades.php; Acción: Lista los alumnos apuntados en la actividad 9; Fecha: 18-06-2025; Hora: 10:28:13
1 - Software; Archivo: actividades.php; Acción: Lista los alumnos apuntados en la actividad 9; Fecha: 18-06-2025; Hora: 10:28:15
ID: 15 - Nombre: Andres - IP: 192.168.31.3; Archivo: usuario.php; Acción: Se hace login Alumno; Fecha: 18-06-2025; Hora: 10:28:30
15 - Andres; Archivo: actividades.php; Acción: Lista las actividades del usuario; Fecha: 18-06-2025; Hora: 10:28:34
15 - Andres; Archivo: actividades.php; Acción: Lista las actividades del usuario; Fecha: 18-06-2025; Hora: 10:30:34
15 - Andres; Archivo: actividades.php; Acción: Lista las actividades del usuario; Fecha: 18-06-2025; Hora: 10:30:35
ID: 1 - Nombre: Software - IP: 192.168.31.3; Archivo: usuario.php; Acción: Se hace login; Fecha: 18-06-2025; Hora: 10:30:42
1 - Software; Archivo: actividades.php; Acción: Lista las actividades de los adminitradores; Fecha: 18-06-2025; Hora: 10:30:47
1 - Software; Archivo: actividades.php; Acción: Lista los alumnos apuntados en la actividad 9; Fecha: 18-06-2025; Hora: 10:30:53
ID: 15 - Nombre: Andres - IP: 192.168.31.3; Archivo: usuario.php; Acción: Se hace login Alumno; Fecha: 18-06-2025; Hora: 10:31:27
15 - Andres; Archivo: actividades.php; Acción: Lista las actividades de los alumnos; Fecha: 18-06-2025; Hora: 10:31:36
15 - Andres; Archivo: actividades.php; Acción: Lista las actividades de los alumnos; Fecha: 18-06-2025; Hora: 10:31:53
ID: 7 - Nombre: José - IP: 192.168.31.3; Archivo: usuario.php; Acción: Se hace login; Fecha: 18-06-2025; Hora: 10:32:04
7 - José; Archivo: actividades.php; Acción: Lista las actividades de los adminitradores; Fecha: 18-06-2025; Hora: 10:32:11
7 - José; Archivo: actividades.php; Acción: Lista los alumnos apuntados en la actividad 9; Fecha: 18-06-2025; Hora: 10:32:14
7 - José; Archivo: actividades.php; Acción: Lista las actividades de los adminitradores; Fecha: 18-06-2025; Hora: 10:32:19
ID: 1 - Nombre: Software - IP: 192.168.31.3; Archivo: usuario.php; Acción: Se hace login; Fecha: 18-06-2025; Hora: 10:33:35
1 - Software; Archivo: actividades.php; Acción: Lista las actividades de los adminitradores; Fecha: 18-06-2025; Hora: 10:33:38
1 - Software; Archivo: actividades.php; Acción: Inserta Actividades; Fecha: 18-06-2025; Hora: 10:35:23
1 - Software; Archivo: actividades.php; Acción: Lista las actividades de los adminitradores; Fecha: 18-06-2025; Hora: 10:35:24
ID: 15 - Nombre: Andres - IP: 192.168.31.3; Archivo: usuario.php; Acción: Se hace login Alumno; Fecha: 18-06-2025; Hora: 10:35:36
15 - Andres; Archivo: actividades.php; Acción: Lista las actividades de los alumnos; Fecha: 18-06-2025; Hora: 10:35:44
15 - Andres; Archivo: actividades.php; Acción: El usuario 15 se apunta a la actividad 10; Fecha: 18-06-2025; Hora: 10:35:48
15 - Andres; Archivo: actividades.php; Acción: Lista las actividades de los alumnos; Fecha: 18-06-2025; Hora: 10:35:48
ID: 7 - Nombre: José - IP: 192.168.31.3; Archivo: usuario.php; Acción: Se hace login; Fecha: 18-06-2025; Hora: 10:35:58
7 - José; Archivo: actividades.php; Acción: Lista las actividades de los adminitradores; Fecha: 18-06-2025; Hora: 10:36:06
7 - José; Archivo: actividades.php; Acción: Lista los alumnos apuntados en la actividad 10; Fecha: 18-06-2025; Hora: 10:36:08
7 - José; Archivo: actividades.php; Acción: Lista los alumnos apuntados en la actividad 10; Fecha: 18-06-2025; Hora: 10:36:35
7 - José; Archivo: actividades.php; Acción: Lista los alumnos apuntados en la actividad 10; Fecha: 18-06-2025; Hora: 10:36:36
7 - José; Archivo: actividades.php; Acción: Alumno 13 fue apuntado por José a la actividad 10; Fecha: 18-06-2025; Hora: 10:36:40
7 - José; Archivo: actividades.php; Acción: Lista los alumnos apuntados en la actividad 10; Fecha: 18-06-2025; Hora: 10:36:40
7 - José; Archivo: actividades.php; Acción: Lista las actividades de los adminitradores; Fecha: 18-06-2025; Hora: 10:37:38
7 - José; Archivo: actividades.php; Acción: Lista las actividades de los adminitradores; Fecha: 18-06-2025; Hora: 10:45:50
7 - José; Archivo: actividades.php; Acción: Lista las actividades de los adminitradores; Fecha: 18-06-2025; Hora: 10:45:52
7 - José; Archivo: actividades.php; Acción: Lista las actividades de los adminitradores; Fecha: 18-06-2025; Hora: 10:47:30
7 - José; Archivo: actividades.php; Acción: Lista las actividades de los adminitradores; Fecha: 18-06-2025; Hora: 10:47:33
7 - José; Archivo: actividades.php; Acción: Lista las actividades de los adminitradores; Fecha: 18-06-2025; Hora: 10:47:45
7 - José; Archivo: actividades.php; Acción: Lista las actividades de los adminitradores; Fecha: 18-06-2025; Hora: 10:47:48
7 - José; Archivo: actividades.php; Acción: Lista las actividades de los adminitradores; Fecha: 18-06-2025; Hora: 10:51:28
7 - José; Archivo: actividades.php; Acción: Lista las actividades de los adminitradores; Fecha: 18-06-2025; Hora: 10:51:31
7 - José; Archivo: actividades.php; Acción: Lista las actividades de los adminitradores; Fecha: 18-06-2025; Hora: 10:51:45
7 - José; Archivo: actividades.php; Acción: Lista las actividades de los adminitradores; Fecha: 18-06-2025; Hora: 10:51:47
7 - José; Archivo: actividades.php; Acción: Lista las actividades de los adminitradores; Fecha: 18-06-2025; Hora: 10:54:32
7 - José; Archivo: actividades.php; Acción: Lista las actividades de los adminitradores; Fecha: 18-06-2025; Hora: 10:54:33
7 - José; Archivo: actividades.php; Acción: Lista las actividades de los adminitradores; Fecha: 18-06-2025; Hora: 10:54:42
7 - José; Archivo: actividades.php; Acción: Lista las actividades de los adminitradores; Fecha: 18-06-2025; Hora: 10:54:44
7 - José; Archivo: actividades.php; Acción: Lista las actividades de los adminitradores; Fecha: 18-06-2025; Hora: 10:55:17
7 - José; Archivo: actividades.php; Acción: Lista las actividades de los adminitradores; Fecha: 18-06-2025; Hora: 10:55:18
7 - José; Archivo: actividades.php; Acción: Lista las actividades de los adminitradores; Fecha: 18-06-2025; Hora: 10:55:22
7 - José; Archivo: actividades.php; Acción: Lista las actividades de los adminitradores; Fecha: 18-06-2025; Hora: 10:55:23
7 - José; Archivo: actividades.php; Acción: Lista las actividades de los adminitradores; Fecha: 18-06-2025; Hora: 10:55:37
7 - José; Archivo: actividades.php; Acción: Lista las actividades de los adminitradores; Fecha: 18-06-2025; Hora: 10:55:38
7 - José; Archivo: actividades.php; Acción: Lista las actividades de los adminitradores; Fecha: 18-06-2025; Hora: 10:55:53
7 - José; Archivo: actividades.php; Acción: Lista las actividades de los adminitradores; Fecha: 18-06-2025; Hora: 10:55:54
7 - José; Archivo: actividades.php; Acción: Lista las actividades de los adminitradores; Fecha: 18-06-2025; Hora: 10:55:59
7 - José; Archivo: actividades.php; Acción: Lista las actividades de los adminitradores; Fecha: 18-06-2025; Hora: 10:56:00
7 - José; Archivo: actividades.php; Acción: Lista las actividades de los adminitradores; Fecha: 18-06-2025; Hora: 10:59:44
7 - José; Archivo: actividades.php; Acción: Lista las actividades de los adminitradores; Fecha: 18-06-2025; Hora: 10:59:46
7 - José; Archivo: actividades.php; Acción: Lista las actividades de los adminitradores; Fecha: 18-06-2025; Hora: 11:00:17
7 - José; Archivo: actividades.php; Acción: Lista las actividades de los adminitradores; Fecha: 18-06-2025; Hora: 11:00:23
7 - José; Archivo: actividades.php; Acción: Lista las actividades de los adminitradores; Fecha: 18-06-2025; Hora: 11:01:58
7 - José; Archivo: actividades.php; Acción: Lista las actividades de los adminitradores; Fecha: 18-06-2025; Hora: 11:02:18
7 - José; Archivo: actividades.php; Acción: Lista las actividades de los adminitradores; Fecha: 18-06-2025; Hora: 11:04:24
7 - José; Archivo: actividades.php; Acción: Lista las actividades de los adminitradores; Fecha: 18-06-2025; Hora: 11:04:25
7 - José; Archivo: actividades.php; Acción: Lista las actividades de los adminitradores; Fecha: 18-06-2025; Hora: 11:07:41
7 - José; Archivo: actividades.php; Acción: Lista las actividades de los adminitradores; Fecha: 18-06-2025; Hora: 11:07:42
7 - José; Archivo: actividades.php; Acción: Lista las actividades de los adminitradores; Fecha: 18-06-2025; Hora: 11:07:42
7 - José; Archivo: actividades.php; Acción: Lista las actividades de los adminitradores; Fecha: 18-06-2025; Hora: 11:07:43
ID: 7 - Nombre: José - IP: 192.168.31.3; Archivo: usuario.php; Acción: Se hace login; Fecha: 18-06-2025; Hora: 11:07:59
7 - José; Archivo: actividades.php; Acción: Lista las actividades de los adminitradores; Fecha: 18-06-2025; Hora: 11:08:07
7 - José; Archivo: actividades.php; Acción: Lista las actividades de los adminitradores; Fecha: 18-06-2025; Hora: 11:08:12
7 - José; Archivo: actividades.php; Acción: Lista las actividades de los adminitradores; Fecha: 18-06-2025; Hora: 11:08:12
ID: 1 - Nombre: Software - IP: 192.168.31.3; Archivo: usuario.php; Acción: Se hace login; Fecha: 18-06-2025; Hora: 11:08:20
1 - Software; Archivo: actividades.php; Acción: Lista las actividades de los adminitradores; Fecha: 18-06-2025; Hora: 11:08:22
7 - José; Archivo: actividades.php; Acción: Lista las actividades de los adminitradores; Fecha: 18-06-2025; Hora: 11:10:05
7 - José; Archivo: actividades.php; Acción: Lista las actividades de los adminitradores; Fecha: 18-06-2025; Hora: 11:10:06
7 - José; Archivo: actividades.php; Acción: Lista las actividades de los adminitradores; Fecha: 18-06-2025; Hora: 11:11:53
7 - José; Archivo: actividades.php; Acción: Lista las actividades de los adminitradores; Fecha: 18-06-2025; Hora: 11:11:54
7 - José; Archivo: actividades.php; Acción: Lista las actividades de los adminitradores; Fecha: 18-06-2025; Hora: 11:12:24
ID: 1 - Nombre: Software - IP: 192.168.31.3; Archivo: usuario.php; Acción: Se hace login; Fecha: 18-06-2025; Hora: 11:14:05
1 - Software; Archivo: actividades.php; Acción: Lista las actividades de los adminitradores; Fecha: 18-06-2025; Hora: 11:14:08
1 - Software; Archivo: actividades.php; Acción: Inserta Actividades; Fecha: 18-06-2025; Hora: 11:15:11
1 - Software; Archivo: actividades.php; Acción: Lista las actividades de los adminitradores; Fecha: 18-06-2025; Hora: 11:15:13
ID: 7 - Nombre: José - IP: 192.168.31.3; Archivo: usuario.php; Acción: Se hace login; Fecha: 18-06-2025; Hora: 11:15:25
7 - José; Archivo: actividades.php; Acción: Lista las actividades de los adminitradores; Fecha: 18-06-2025; Hora: 11:15:33
7 - José; Archivo: actividades.php; Acción: Lista las actividades de los adminitradores; Fecha: 18-06-2025; Hora: 11:16:00
7 - José; Archivo: actividades.php; Acción: Lista las actividades de los adminitradores; Fecha: 18-06-2025; Hora: 11:16:18
7 - José; Archivo: actividades.php; Acción: Lista las actividades de los adminitradores; Fecha: 18-06-2025; Hora: 11:16:19
7 - José; Archivo: actividades.php; Acción: Lista los alumnos apuntados en la actividad 6; Fecha: 18-06-2025; Hora: 11:18:23
7 - José; Archivo: actividades.php; Acción: Lista las actividades de los adminitradores; Fecha: 18-06-2025; Hora: 11:18:26
7 - José; Archivo: actividades.php; Acción: Lista los alumnos apuntados en la actividad 10; Fecha: 18-06-2025; Hora: 11:18:31
7 - José; Archivo: actividades.php; Acción: Lista los alumnos apuntados en la actividad 10; Fecha: 18-06-2025; Hora: 11:19:32
7 - José; Archivo: actividades.php; Acción: Lista los alumnos apuntados en la actividad 10; Fecha: 18-06-2025; Hora: 11:19:33
7 - José; Archivo: actividades.php; Acción: Lista los alumnos apuntados en la actividad 10; Fecha: 18-06-2025; Hora: 11:20:20
7 - José; Archivo: actividades.php; Acción: Lista los alumnos apuntados en la actividad 10; Fecha: 18-06-2025; Hora: 11:20:21
7 - José; Archivo: actividades.php; Acción: Lista los alumnos apuntados en la actividad 10; Fecha: 18-06-2025; Hora: 11:22:44
7 - José; Archivo: actividades.php; Acción: Lista los alumnos apuntados en la actividad 10; Fecha: 18-06-2025; Hora: 11:22:45
7 - José; Archivo: actividades.php; Acción: Lista los alumnos apuntados en la actividad 10; Fecha: 18-06-2025; Hora: 11:22:52
7 - José; Archivo: actividades.php; Acción: Lista los alumnos apuntados en la actividad 10; Fecha: 18-06-2025; Hora: 11:22:54
7 - José; Archivo: actividades.php; Acción: Lista los alumnos apuntados en la actividad 10; Fecha: 18-06-2025; Hora: 11:23:20
7 - José; Archivo: actividades.php; Acción: Lista los alumnos apuntados en la actividad 10; Fecha: 18-06-2025; Hora: 11:23:21
7 - José; Archivo: actividades.php; Acción: Lista los alumnos apuntados en la actividad 10; Fecha: 18-06-2025; Hora: 11:29:35
7 - José; Archivo: actividades.php; Acción: Lista los alumnos apuntados en la actividad 10; Fecha: 18-06-2025; Hora: 11:29:37
7 - José; Archivo: actividades.php; Acción: Lista los alumnos apuntados en la actividad 10; Fecha: 18-06-2025; Hora: 11:30:56
7 - José; Archivo: actividades.php; Acción: Lista los alumnos apuntados en la actividad 10; Fecha: 18-06-2025; Hora: 11:30:57
7 - José; Archivo: actividades.php; Acción: Lista los alumnos apuntados en la actividad 10; Fecha: 18-06-2025; Hora: 11:31:18
7 - José; Archivo: actividades.php; Acción: Lista los alumnos apuntados en la actividad 10; Fecha: 18-06-2025; Hora: 11:31:19
7 - José; Archivo: actividades.php; Acción: Lista los alumnos apuntados en la actividad 10; Fecha: 18-06-2025; Hora: 11:32:24
7 - José; Archivo: actividades.php; Acción: Lista los alumnos apuntados en la actividad 10; Fecha: 18-06-2025; Hora: 11:32:25
7 - José; Archivo: actividades.php; Acción: Lista los alumnos apuntados en la actividad 10; Fecha: 18-06-2025; Hora: 11:32:50
7 - José; Archivo: actividades.php; Acción: Lista los alumnos apuntados en la actividad 10; Fecha: 18-06-2025; Hora: 11:32:51
7 - José; Archivo: actividades.php; Acción: Lista los alumnos apuntados en la actividad 10; Fecha: 18-06-2025; Hora: 11:34:09
7 - José; Archivo: actividades.php; Acción: Lista los alumnos apuntados en la actividad 10; Fecha: 18-06-2025; Hora: 11:34:10
7 - José; Archivo: actividades.php; Acción: Lista los alumnos apuntados en la actividad 10; Fecha: 18-06-2025; Hora: 11:34:34
7 - José; Archivo: actividades.php; Acción: Lista los alumnos apuntados en la actividad 10; Fecha: 18-06-2025; Hora: 11:34:35
7 - José; Archivo: actividades.php; Acción: Lista los alumnos apuntados en la actividad 10; Fecha: 18-06-2025; Hora: 11:34:43
7 - José; Archivo: actividades.php; Acción: Lista los alumnos apuntados en la actividad 10; Fecha: 18-06-2025; Hora: 11:34:44
7 - José; Archivo: actividades.php; Acción: Lista los alumnos apuntados en la actividad 10; Fecha: 18-06-2025; Hora: 11:36:35
7 - José; Archivo: actividades.php; Acción: Lista los alumnos apuntados en la actividad 10; Fecha: 18-06-2025; Hora: 11:36:36
ID: 7 - Nombre: José - IP: 192.168.31.3; Archivo: usuario.php; Acción: Se hace login; Fecha: 18-06-2025; Hora: 11:36:49
7 - José; Archivo: actividades.php; Acción: Lista los alumnos apuntados en la actividad 10; Fecha: 18-06-2025; Hora: 11:37:01
7 - José; Archivo: actividades.php; Acción: Lista los alumnos apuntados en la actividad 10; Fecha: 18-06-2025; Hora: 11:37:01
7 - José; Archivo: actividades.php; Acción: Lista los alumnos apuntados en la actividad 10; Fecha: 18-06-2025; Hora: 11:38:48
7 - José; Archivo: actividades.php; Acción: Lista los alumnos apuntados en la actividad 10; Fecha: 18-06-2025; Hora: 11:38:49
7 - José; Archivo: actividades.php; Acción: Lista los alumnos apuntados en la actividad 10; Fecha: 18-06-2025; Hora: 11:40:12
7 - José; Archivo: actividades.php; Acción: Lista los alumnos apuntados en la actividad 10; Fecha: 18-06-2025; Hora: 11:40:13
7 - José; Archivo: actividades.php; Acción: Lista los alumnos apuntados en la actividad 10; Fecha: 18-06-2025; Hora: 11:41:49
7 - José; Archivo: actividades.php; Acción: Lista los alumnos apuntados en la actividad 10; Fecha: 18-06-2025; Hora: 11:41:50
7 - José; Archivo: actividades.php; Acción: Lista los alumnos apuntados en la actividad 10; Fecha: 18-06-2025; Hora: 11:42:05
7 - José; Archivo: actividades.php; Acción: Lista los alumnos apuntados en la actividad 10; Fecha: 18-06-2025; Hora: 11:42:06
7 - José; Archivo: actividades.php; Acción: Lista los alumnos apuntados en la actividad 10; Fecha: 18-06-2025; Hora: 11:43:09
7 - José; Archivo: actividades.php; Acción: Lista los alumnos apuntados en la actividad 10; Fecha: 18-06-2025; Hora: 11:43:10
ID: 7 - Nombre: José - IP: 192.168.31.3; Archivo: usuario.php; Acción: Se hace login; Fecha: 18-06-2025; Hora: 11:44:02
7 - José; Archivo: actividades.php; Acción: Lista los alumnos apuntados en la actividad 10; Fecha: 18-06-2025; Hora: 11:45:41
7 - José; Archivo: actividades.php; Acción: Lista los alumnos apuntados en la actividad 10; Fecha: 18-06-2025; Hora: 11:45:42
7 - José; Archivo: actividades.php; Acción: Lista los alumnos apuntados en la actividad 10; Fecha: 18-06-2025; Hora: 11:45:48
7 - José; Archivo: actividades.php; Acción: Lista los alumnos apuntados en la actividad 10; Fecha: 18-06-2025; Hora: 11:45:49
7 - José; Archivo: actividades.php; Acción: Lista los alumnos apuntados en la actividad 10; Fecha: 18-06-2025; Hora: 11:46:04
7 - José; Archivo: actividades.php; Acción: Lista los alumnos apuntados en la actividad 10; Fecha: 18-06-2025; Hora: 11:46:05
7 - José; Archivo: actividades.php; Acción: Lista los alumnos apuntados en la actividad 10; Fecha: 18-06-2025; Hora: 11:46:13
7 - José; Archivo: actividades.php; Acción: Lista los alumnos apuntados en la actividad 10; Fecha: 18-06-2025; Hora: 11:46:14
7 - José; Archivo: actividades.php; Acción: Lista los alumnos apuntados en la actividad 10; Fecha: 18-06-2025; Hora: 11:48:11
7 - José; Archivo: actividades.php; Acción: Lista los alumnos apuntados en la actividad 10; Fecha: 18-06-2025; Hora: 11:48:22
7 - José; Archivo: actividades.php; Acción: Lista los alumnos apuntados en la actividad 10; Fecha: 18-06-2025; Hora: 11:48:24
7 - José; Archivo: actividades.php; Acción: Lista los alumnos apuntados en la actividad 10; Fecha: 18-06-2025; Hora: 11:49:37
7 - José; Archivo: actividades.php; Acción: Lista los alumnos apuntados en la actividad 10; Fecha: 18-06-2025; Hora: 11:49:38
7 - José; Archivo: actividades.php; Acción: Lista los alumnos apuntados en la actividad 10; Fecha: 18-06-2025; Hora: 11:49:56
7 - José; Archivo: actividades.php; Acción: Lista los alumnos apuntados en la actividad 10; Fecha: 18-06-2025; Hora: 11:49:57
7 - José; Archivo: actividades.php; Acción: Lista los alumnos apuntados en la actividad 10; Fecha: 18-06-2025; Hora: 11:51:21
7 - José; Archivo: actividades.php; Acción: Lista los alumnos apuntados en la actividad 10; Fecha: 18-06-2025; Hora: 11:51:21
7 - José; Archivo: actividades.php; Acción: Lista los alumnos apuntados en la actividad 10; Fecha: 18-06-2025; Hora: 11:53:14
7 - José; Archivo: actividades.php; Acción: Lista los alumnos apuntados en la actividad 10; Fecha: 18-06-2025; Hora: 11:53:15
7 - José; Archivo: actividades.php; Acción: Lista los alumnos apuntados en la actividad 10; Fecha: 18-06-2025; Hora: 11:53:24
7 - José; Archivo: actividades.php; Acción: Lista los alumnos apuntados en la actividad 10; Fecha: 18-06-2025; Hora: 11:53:25
7 - José; Archivo: actividades.php; Acción: Lista los alumnos apuntados en la actividad 10; Fecha: 18-06-2025; Hora: 11:53:44
7 - José; Archivo: actividades.php; Acción: Lista los alumnos apuntados en la actividad 10; Fecha: 18-06-2025; Hora: 11:53:45
7 - José; Archivo: actividades.php; Acción: Lista los alumnos apuntados en la actividad 10; Fecha: 18-06-2025; Hora: 11:54:56
7 - José; Archivo: actividades.php; Acción: Lista los alumnos apuntados en la actividad 10; Fecha: 18-06-2025; Hora: 11:54:57
7 - José; Archivo: actividades.php; Acción: Lista los alumnos apuntados en la actividad 10; Fecha: 18-06-2025; Hora: 11:55:45
7 - José; Archivo: actividades.php; Acción: Lista los alumnos apuntados en la actividad 10; Fecha: 18-06-2025; Hora: 11:55:46
7 - José; Archivo: actividades.php; Acción: Lista los alumnos apuntados en la actividad 10; Fecha: 18-06-2025; Hora: 11:55:52
7 - José; Archivo: actividades.php; Acción: Lista los alumnos apuntados en la actividad 10; Fecha: 18-06-2025; Hora: 11:55:53
7 - José; Archivo: actividades.php; Acción: Lista los alumnos apuntados en la actividad 10; Fecha: 18-06-2025; Hora: 11:56:56
7 - José; Archivo: actividades.php; Acción: Lista los alumnos apuntados en la actividad 10; Fecha: 18-06-2025; Hora: 11:56:57
7 - José; Archivo: actividades.php; Acción: Lista los alumnos apuntados en la actividad 10; Fecha: 18-06-2025; Hora: 11:57:19
7 - José; Archivo: actividades.php; Acción: Lista los alumnos apuntados en la actividad 10; Fecha: 18-06-2025; Hora: 11:57:20
7 - José; Archivo: actividades.php; Acción: Lista los alumnos apuntados en la actividad 10; Fecha: 18-06-2025; Hora: 11:57:47
7 - José; Archivo: actividades.php; Acción: Lista los alumnos apuntados en la actividad 10; Fecha: 18-06-2025; Hora: 11:57:48
7 - José; Archivo: actividades.php; Acción: Lista los alumnos apuntados en la actividad 10; Fecha: 18-06-2025; Hora: 11:57:59
7 - José; Archivo: actividades.php; Acción: Lista los alumnos apuntados en la actividad 10; Fecha: 18-06-2025; Hora: 11:58:00
7 - José; Archivo: actividades.php; Acción: Lista los alumnos apuntados en la actividad 10; Fecha: 18-06-2025; Hora: 11:58:16
7 - José; Archivo: actividades.php; Acción: Lista los alumnos apuntados en la actividad 10; Fecha: 18-06-2025; Hora: 11:58:34
7 - José; Archivo: actividades.php; Acción: Lista los alumnos apuntados en la actividad 10; Fecha: 18-06-2025; Hora: 11:58:35
7 - José; Archivo: actividades.php; Acción: Lista los alumnos apuntados en la actividad 10; Fecha: 18-06-2025; Hora: 11:59:27
7 - José; Archivo: actividades.php; Acción: Lista los alumnos apuntados en la actividad 10; Fecha: 18-06-2025; Hora: 11:59:28
ID: 7 - Nombre: José - IP: 192.168.31.3; Archivo: usuario.php; Acción: Se hace login; Fecha: 18-06-2025; Hora: 12:03:54
ID: 1 - Nombre: Software - IP: 192.168.31.3; Archivo: usuario.php; Acción: Se hace login; Fecha: 18-06-2025; Hora: 12:05:57
7 - José; Archivo: actividades.php; Acción: Lista los alumnos apuntados en la actividad 10; Fecha: 18-06-2025; Hora: 12:26:01
7 - José; Archivo: actividades.php; Acción: Lista los alumnos apuntados en la actividad 10; Fecha: 18-06-2025; Hora: 12:26:03
7 - José; Archivo: actividades.php; Acción: Lista los alumnos apuntados en la actividad 10; Fecha: 18-06-2025; Hora: 12:33:09
7 - José; Archivo: actividades.php; Acción: Lista los alumnos apuntados en la actividad 10; Fecha: 18-06-2025; Hora: 12:33:10
7 - José; Archivo: actividades.php; Acción: Lista los alumnos apuntados en la actividad 10; Fecha: 18-06-2025; Hora: 12:33:39
7 - José; Archivo: actividades.php; Acción: Lista los alumnos apuntados en la actividad 10; Fecha: 18-06-2025; Hora: 12:33:40
7 - José; Archivo: actividades.php; Acción: Lista los alumnos apuntados en la actividad 10; Fecha: 18-06-2025; Hora: 12:35:13
7 - José; Archivo: actividades.php; Acción: Lista los alumnos apuntados en la actividad 10; Fecha: 18-06-2025; Hora: 12:35:14
7 - José; Archivo: actividades.php; Acción: Lista los alumnos apuntados en la actividad 10; Fecha: 18-06-2025; Hora: 12:35:47
7 - José; Archivo: actividades.php; Acción: Lista los alumnos apuntados en la actividad 10; Fecha: 18-06-2025; Hora: 12:35:48
7 - José; Archivo: actividades.php; Acción: Lista los alumnos apuntados en la actividad 10; Fecha: 18-06-2025; Hora: 12:36:22
7 - José; Archivo: actividades.php; Acción: Lista los alumnos apuntados en la actividad 10; Fecha: 18-06-2025; Hora: 12:36:31
7 - José; Archivo: actividades.php; Acción: Lista los alumnos apuntados en la actividad 10; Fecha: 18-06-2025; Hora: 12:36:32
7 - José; Archivo: actividades.php; Acción: Lista los alumnos apuntados en la actividad 10; Fecha: 18-06-2025; Hora: 12:43:21
7 - José; Archivo: actividades.php; Acción: Lista los alumnos apuntados en la actividad 10; Fecha: 18-06-2025; Hora: 12:43:22
ID: 15 - Nombre: Andres - IP: 192.168.31.3; Archivo: usuario.php; Acción: Se hace login Alumno; Fecha: 18-06-2025; Hora: 12:43:52
15 - Andres; Archivo: actividades.php; Acción: Lista las actividades del usuario; Fecha: 18-06-2025; Hora: 12:43:54
ID: 7 - Nombre: José - IP: 192.168.31.3; Archivo: usuario.php; Acción: Se hace login; Fecha: 18-06-2025; Hora: 12:44:29
ID: 1 - Nombre: Software - IP: 192.168.31.3; Archivo: usuario.php; Acción: Se hace login; Fecha: 18-06-2025; Hora: 12:45:18
ID: 7 - Nombre: José - IP: 192.168.31.3; Archivo: usuario.php; Acción: Se hace login; Fecha: 18-06-2025; Hora: 12:45:46
ID: 7 - Nombre: José - IP: 192.168.31.3; Archivo: usuario.php; Acción: Se hace login; Fecha: 18-06-2025; Hora: 12:47:18
7 - José; Archivo: actividades.php; Acción: Lista las actividades de los adminitradores; Fecha: 18-06-2025; Hora: 12:47:27
7 - José; Archivo: actividades.php; Acción: Lista los alumnos apuntados en la actividad 6; Fecha: 18-06-2025; Hora: 12:47:36
7 - José; Archivo: actividades.php; Acción: Lista las actividades de los adminitradores; Fecha: 18-06-2025; Hora: 12:47:39
7 - José; Archivo: actividades.php; Acción: Lista los alumnos apuntados en la actividad 11; Fecha: 18-06-2025; Hora: 12:47:41
7 - José; Archivo: actividades.php; Acción: Lista las actividades de los adminitradores; Fecha: 18-06-2025; Hora: 12:47:43
7 - José; Archivo: actividades.php; Acción: Lista los alumnos apuntados en la actividad 10; Fecha: 18-06-2025; Hora: 12:47:45
7 - José; Archivo: actividades.php; Acción: Lista los alumnos apuntados en la actividad 10; Fecha: 18-06-2025; Hora: 12:55:30
7 - José; Archivo: actividades.php; Acción: Lista los alumnos apuntados en la actividad 10; Fecha: 18-06-2025; Hora: 12:55:31
7 - José; Archivo: actividades.php; Acción: Lista los alumnos apuntados en la actividad 10; Fecha: 18-06-2025; Hora: 12:55:43
7 - José; Archivo: actividades.php; Acción: Lista los alumnos apuntados en la actividad 10; Fecha: 18-06-2025; Hora: 12:55:44
7 - José; Archivo: actividades.php; Acción: Lista los alumnos apuntados en la actividad 10; Fecha: 18-06-2025; Hora: 12:56:03
7 - José; Archivo: actividades.php; Acción: Lista los alumnos apuntados en la actividad 10; Fecha: 18-06-2025; Hora: 12:56:04
7 - José; Archivo: actividades.php; Acción: Lista los alumnos apuntados en la actividad 10; Fecha: 18-06-2025; Hora: 13:01:41
7 - José; Archivo: actividades.php; Acción: Lista los alumnos apuntados en la actividad 10; Fecha: 18-06-2025; Hora: 13:03:17
7 - José; Archivo: actividades.php; Acción: Lista los alumnos apuntados en la actividad 10; Fecha: 18-06-2025; Hora: 13:03:21
7 - José; Archivo: actividades.php; Acción: Lista los alumnos apuntados en la actividad 10; Fecha: 18-06-2025; Hora: 13:03:52
7 - José; Archivo: actividades.php; Acción: Lista los alumnos apuntados en la actividad 10; Fecha: 18-06-2025; Hora: 13:03:53
7 - José; Archivo: actividades.php; Acción: Lista las actividades de los adminitradores; Fecha: 18-06-2025; Hora: 13:09:19
7 - José; Archivo: actividades.php; Acción: Lista los alumnos apuntados en la actividad 6; Fecha: 18-06-2025; Hora: 13:17:55
7 - José; Archivo: actividades.php; Acción: Lista los alumnos apuntados en la actividad 6; Fecha: 18-06-2025; Hora: 13:33:11
7 - José; Archivo: actividades.php; Acción: Lista las actividades de los adminitradores; Fecha: 18-06-2025; Hora: 13:33:12
7 - José; Archivo: actividades.php; Acción: Lista los alumnos apuntados en la actividad 10; Fecha: 18-06-2025; Hora: 13:33:15
7 - José; Archivo: actividades.php; Acción: Lista los alumnos apuntados en la actividad 10; Fecha: 18-06-2025; Hora: 13:35:43
7 - José; Archivo: actividades.php; Acción: Lista los alumnos apuntados en la actividad 10; Fecha: 18-06-2025; Hora: 13:35:46
7 - José; Archivo: actividades.php; Acción: Lista los alumnos apuntados en la actividad 10; Fecha: 18-06-2025; Hora: 13:35:48
7 - José; Archivo: actividades.php; Acción: Lista los alumnos apuntados en la actividad 10; Fecha: 18-06-2025; Hora: 13:36:00
7 - José; Archivo: actividades.php; Acción: Lista los alumnos apuntados en la actividad 10; Fecha: 18-06-2025; Hora: 13:36:01
7 - José; Archivo: actividades.php; Acción: Lista las actividades de los adminitradores; Fecha: 18-06-2025; Hora: 13:38:55
ID: 1 - Nombre: Software - IP: 192.168.31.3; Archivo: usuario.php; Acción: Se hace login; Fecha: 18-06-2025; Hora: 13:39:05
1 - Software; Archivo: actividades.php; Acción: Lista las actividades de los adminitradores; Fecha: 18-06-2025; Hora: 13:39:07
ID: 15 - Nombre: Andres - IP: 192.168.31.3; Archivo: usuario.php; Acción: Se hace login Alumno; Fecha: 18-06-2025; Hora: 13:39:25
15 - Andres; Archivo: actividades.php; Acción: Lista las actividades del usuario; Fecha: 18-06-2025; Hora: 13:39:32
ID: 1 - Nombre: Software - IP: 192.168.31.3; Archivo: usuario.php; Acción: Se hace login; Fecha: 18-06-2025; Hora: 13:43:39
1 - Software; Archivo: actividades.php; Acción: Lista las actividades de los adminitradores; Fecha: 18-06-2025; Hora: 13:43:42
1 - Software; Archivo: actividades.php; Acción: Lista los alumnos apuntados en la actividad 10; Fecha: 18-06-2025; Hora: 13:43:45
1 - Software; Archivo: actividades.php; Acción: Lista las actividades de los adminitradores; Fecha: 18-06-2025; Hora: 13:43:56
1 - Software; Archivo: actividades.php; Acción: Lista los alumnos apuntados en la actividad 11; Fecha: 18-06-2025; Hora: 13:44:12
1 - Software; Archivo: actividades.php; Acción: Lista las actividades de los adminitradores; Fecha: 18-06-2025; Hora: 13:44:16
1 - Software; Archivo: actividades.php; Acción: Lista los alumnos apuntados en la actividad 10; Fecha: 18-06-2025; Hora: 13:44:25
1 - Software; Archivo: actividades.php; Acción: Lista las actividades de los adminitradores; Fecha: 18-06-2025; Hora: 13:47:31
ID: 15 - Nombre: Andres - IP: 192.168.31.3; Archivo: usuario.php; Acción: Se hace login Alumno; Fecha: 18-06-2025; Hora: 13:47:43
15 - Andres; Archivo: actividades.php; Acción: Lista las actividades del usuario; Fecha: 18-06-2025; Hora: 13:47:46
ID: 7 - Nombre: José - IP: 192.168.31.3; Archivo: usuario.php; Acción: Se hace login; Fecha: 18-06-2025; Hora: 13:58:00
7 - José; Archivo: actividades.php; Acción: Lista las actividades de los adminitradores; Fecha: 18-06-2025; Hora: 13:58:07
7 - José; Archivo: actividades.php; Acción: Lista las actividades de los adminitradores; Fecha: 18-06-2025; Hora: 13:58:13
7 - José; Archivo: actividades.php; Acción: Lista los alumnos apuntados en la actividad 10; Fecha: 18-06-2025; Hora: 13:58:16
ID: 7 - Nombre: José - IP: 192.168.31.3; Archivo: usuario.php; Acción: Se hace login; Fecha: 18-06-2025; Hora: 14:05:09
7 - José; Archivo: actividades.php; Acción: Lista las actividades de los adminitradores; Fecha: 18-06-2025; Hora: 14:05:26
ID: 1 - Nombre: Software - IP: 192.168.31.3; Archivo: usuario.php; Acción: Se hace login; Fecha: 18-06-2025; Hora: 14:05:36
1 - Software; Archivo: actividades.php; Acción: Lista las actividades de los adminitradores; Fecha: 18-06-2025; Hora: 14:05:38
1 - Software; Archivo: actividades.php; Acción: Lista las actividades del usuario; Fecha: 18-06-2025; Hora: 14:06:25
1 - Software; Archivo: actividades.php; Acción: Lista las actividades de los adminitradores; Fecha: 18-06-2025; Hora: 14:20:06
ID: 7 - Nombre: José - IP: 192.168.31.3; Archivo: usuario.php; Acción: Se hace login; Fecha: 18-06-2025; Hora: 14:20:16
7 - José; Archivo: actividades.php; Acción: Lista las actividades de los adminitradores; Fecha: 18-06-2025; Hora: 14:20:24
7 - José; Archivo: actividades.php; Acción: Lista los alumnos apuntados en la actividad 8; Fecha: 18-06-2025; Hora: 14:20:27
7 - José; Archivo: actividades.php; Acción: Lista las actividades de los adminitradores; Fecha: 18-06-2025; Hora: 14:20:29
7 - José; Archivo: actividades.php; Acción: Lista los alumnos apuntados en la actividad 10; Fecha: 18-06-2025; Hora: 14:20:30
7 - José; Archivo: actividades.php; Acción: Lista las actividades de los adminitradores; Fecha: 18-06-2025; Hora: 14:27:32
7 - José; Archivo: actividades.php; Acción: Lista los alumnos apuntados en la actividad 10; Fecha: 18-06-2025; Hora: 14:27:38
ID: 1 - Nombre: Software - IP: 192.168.31.3; Archivo: usuario.php; Acción: Se hace login; Fecha: 18-06-2025; Hora: 14:30:30
1 - Software; Archivo: pagos.php; Acción: Recoger los medios de pago; Fecha: 18-06-2025; Hora: 14:30:52
1 - Software; Archivo: tarifaAloja.php; Acción: Lista las tarifas de alojamiento; Fecha: 18-06-2025; Hora: 14:30:52
ID: 7 - Nombre: José - IP: 192.168.31.3; Archivo: usuario.php; Acción: Se hace login; Fecha: 18-06-2025; Hora: 15:13:18
7 - José; Archivo: actividades.php; Acción: Lista las actividades de los adminitradores; Fecha: 18-06-2025; Hora: 15:13:26
7 - José; Archivo: actividades.php; Acción: Lista los alumnos apuntados en la actividad 10; Fecha: 18-06-2025; Hora: 15:13:32
7 - José; Archivo: actividades.php; Acción: Lista los alumnos apuntados en la actividad 10; Fecha: 18-06-2025; Hora: 15:14:51
7 - José; Archivo: actividades.php; Acción: Lista los alumnos apuntados en la actividad 10; Fecha: 18-06-2025; Hora: 15:14:52
ID: 1 - Nombre: Software - IP: 192.168.31.3; Archivo: usuario.php; Acción: Se hace login; Fecha: 18-06-2025; Hora: 15:28:06
ID: 15 - Nombre: Andres - IP: 192.168.31.3; Archivo: usuario.php; Acción: Se hace login Alumno; Fecha: 18-06-2025; Hora: 15:28:20
ID: 7 - Nombre: José - IP: 192.168.31.3; Archivo: usuario.php; Acción: Se hace login; Fecha: 18-06-2025; Hora: 15:32:19
ID: 1 - Nombre: Software - IP: 192.168.31.3; Archivo: usuario.php; Acción: Se hace login; Fecha: 18-06-2025; Hora: 16:13:53
ID: 7 - Nombre: José - IP: 192.168.31.3; Archivo: usuario.php; Acción: Se hace login; Fecha: 18-06-2025; Hora: 22:04:18
ID: 1 - Nombre: Software - IP: 192.168.31.3; Archivo: usuario.php; Acción: Se hace login; Fecha: 18-06-2025; Hora: 22:05:40
ID: 15 - Nombre: Andres - IP: 192.168.31.3; Archivo: usuario.php; Acción: Se hace login Alumno; Fecha: 18-06-2025; Hora: 22:07:27
ID: 1 - Nombre: Software - IP: 192.168.31.3; Archivo: usuario.php; Acción: Se hace login; Fecha: 18-06-2025; Hora: 22:07:52
1 - Software; Archivo: pagos.php; Acción: Recoger los medios de pago; Fecha: 18-06-2025; Hora: 22:07:57
1 - Software; Archivo: tarifaAloja.php; Acción: Lista las tarifas de alojamiento; Fecha: 18-06-2025; Hora: 22:07:57
15 - Andres; Archivo: actividades.php; Acción: Lista las actividades del usuario; Fecha: 18-06-2025; Hora: 22:08:36
1 - Software; Archivo: pagos.php; Acción: Recoger los medios de pago; Fecha: 18-06-2025; Hora: 22:09:02
1 - Software; Archivo: tarifaAloja.php; Acción: Lista las tarifas de alojamiento; Fecha: 18-06-2025; Hora: 22:09:03
1 - Software; Archivo: actividades.php; Acción: Lista las actividades del usuario; Fecha: 18-06-2025; Hora: 22:12:30
1 - Software; Archivo: pagos.php; Acción: Recoger los medios de pago; Fecha: 18-06-2025; Hora: 22:15:35
1 - Software; Archivo: tarifaAloja.php; Acción: Lista las tarifas de alojamiento; Fecha: 18-06-2025; Hora: 22:15:35
ID: 7 - Nombre: José - IP: 192.168.31.3; Archivo: usuario.php; Acción: Se hace login; Fecha: 18-06-2025; Hora: 22:29:57
