ID: 1 - Nombre: Software - IP: 192.168.31.3; Archivo: usuario.php; Acción: Se hace login; Fecha: 06-08-2025; Hora: 09:04:25
1 - Software; Archivo: medios.php; Acción: Lista las facturas en facturación; Fecha: 06-08-2025; Hora: 09:04:50
1 - Software; Archivo: medios.php; Acción: Lista las facturas en facturación; Fecha: 06-08-2025; Hora: 09:04:50
 - Software; Archivo: asistencia.php; Acción: Lista las asistencias; Fecha: 06-08-2025; Hora: 09:05:14
1 - Software; Archivo: pagos.php; Acción: Recoger los medios de pago; Fecha: 06-08-2025; Hora: 09:05:22
1 - Software; Archivo: tarifaAloja.php; Acción: Lista las tarifas de alojamiento; Fecha: 06-08-2025; Hora: 09:05:22
1 - Software; Archivo: tarifaAloja.php; Acción: Lista las tarifas de alojamiento; Fecha: 06-08-2025; Hora: 09:05:28
1 - Software; Archivo: tarifaAloja.php; Acción: Lista las tarifas de alojamiento; Fecha: 06-08-2025; Hora: 09:07:19
1 - Software; Archivo: tarifaAloja.php; Acción: Lista las tarifas de alojamiento; Fecha: 06-08-2025; Hora: 09:08:33
1 - Software; Archivo: tarifaAloja.php; Acción: Lista las tarifas de alojamiento; Fecha: 06-08-2025; Hora: 09:10:59
1 - Software; Archivo: tarifaAloja.php; Acción: Lista las tarifas de alojamiento; Fecha: 06-08-2025; Hora: 09:11:01
1 - Software; Archivo: medios.php; Acción: Lista las facturas en facturación; Fecha: 06-08-2025; Hora: 09:11:02
1 - Software; Archivo: medios.php; Acción: Lista las facturas en facturación; Fecha: 06-08-2025; Hora: 09:11:02
1 - Software; Archivo: proforma.php; Acción: La factura 34fue desactivada; Fecha: 06-08-2025; Hora: 09:11:08
1 - Software; Archivo: medios.php; Acción: Lista las facturas en facturación; Fecha: 06-08-2025; Hora: 09:11:08
1 - Software; Archivo: medios.php; Acción: Lista las facturas en facturación; Fecha: 06-08-2025; Hora: 09:11:08
1 - Software; Archivo: medios.php; Acción: Lista las facturas en facturación; Fecha: 06-08-2025; Hora: 09:11:49
1 - Software; Archivo: medios.php; Acción: Lista las facturas en facturación; Fecha: 06-08-2025; Hora: 09:11:49
1 - Software; Archivo: medios.php; Acción: Lista las facturas en facturación; Fecha: 06-08-2025; Hora: 09:11:51
1 - Software; Archivo: medios.php; Acción: Lista las facturas en facturación; Fecha: 06-08-2025; Hora: 09:11:51
1 - Software; Archivo: proforma.php; Acción: La proforma 34fue activada; Fecha: 06-08-2025; Hora: 09:11:54
1 - Software; Archivo: medios.php; Acción: Lista las facturas en facturación; Fecha: 06-08-2025; Hora: 09:11:54
1 - Software; Archivo: medios.php; Acción: Lista las facturas en facturación; Fecha: 06-08-2025; Hora: 09:11:54
1 - Software; Archivo: medios.php; Acción: Lista las facturas en facturación; Fecha: 06-08-2025; Hora: 09:12:50
1 - Software; Archivo: medios.php; Acción: Lista las facturas en facturación; Fecha: 06-08-2025; Hora: 09:12:50
1 - Software; Archivo: medios.php; Acción: Lista las facturas en facturación; Fecha: 06-08-2025; Hora: 09:12:52
1 - Software; Archivo: medios.php; Acción: Lista las facturas en facturación; Fecha: 06-08-2025; Hora: 09:12:52
1 - Software; Archivo: proforma.php; Acción: La proforma 19fue activada; Fecha: 06-08-2025; Hora: 09:12:58
1 - Software; Archivo: medios.php; Acción: Lista las facturas en facturación; Fecha: 06-08-2025; Hora: 09:12:58
1 - Software; Archivo: medios.php; Acción: Lista las facturas en facturación; Fecha: 06-08-2025; Hora: 09:12:58
1 - Software; Archivo: proforma.php; Acción: La factura 19fue desactivada; Fecha: 06-08-2025; Hora: 09:13:01
1 - Software; Archivo: medios.php; Acción: Lista las facturas en facturación; Fecha: 06-08-2025; Hora: 09:13:01
1 - Software; Archivo: medios.php; Acción: Lista las facturas en facturación; Fecha: 06-08-2025; Hora: 09:13:01
1 - Software; Archivo: pagos.php; Acción: Recoger los medios de pago; Fecha: 06-08-2025; Hora: 09:22:50
1 - Software; Archivo: tarifaAloja.php; Acción: Lista las tarifas de alojamiento; Fecha: 06-08-2025; Hora: 09:22:51
1 - Software; Archivo: tarifaAloja.php; Acción: Lista las tarifas de alojamiento; Fecha: 06-08-2025; Hora: 09:22:55
1 - Software; Archivo: tarifaAloja.php; Acción: Lista las tarifas de alojamiento; Fecha: 06-08-2025; Hora: 09:24:18
1 - Software; Archivo: pagos.php; Acción: Recoger los medios de pago; Fecha: 06-08-2025; Hora: 09:24:22
1 - Software; Archivo: tarifaAloja.php; Acción: Lista las tarifas de alojamiento; Fecha: 06-08-2025; Hora: 09:24:22
1 - Software; Archivo: tarifaAloja.php; Acción: Lista las tarifas de alojamiento; Fecha: 06-08-2025; Hora: 09:24:24
1 - Software; Archivo: tarifaAloja.php; Acción: Lista las tarifas de alojamiento; Fecha: 06-08-2025; Hora: 09:25:46
1 - Software; Archivo: tarifaAloja.php; Acción: Lista las tarifas de alojamiento; Fecha: 06-08-2025; Hora: 09:26:36
1 - Software; Archivo: tarifaAloja.php; Acción: Lista las tarifas de alojamiento; Fecha: 06-08-2025; Hora: 09:26:40
1 - Software; Archivo: tarifaAloja.php; Acción: Lista las tarifas de alojamiento; Fecha: 06-08-2025; Hora: 09:28:30
1 - Software; Archivo: tarifaAloja.php; Acción: Lista las tarifas de alojamiento; Fecha: 06-08-2025; Hora: 09:29:09
1 - Software; Archivo: tarifaAloja.php; Acción: Lista las tarifas de alojamiento; Fecha: 06-08-2025; Hora: 09:29:20
1 - Software; Archivo: medios.php; Acción: Lista las facturas en facturación; Fecha: 06-08-2025; Hora: 09:31:57
1 - Software; Archivo: medios.php; Acción: Lista las facturas en facturación; Fecha: 06-08-2025; Hora: 09:31:58
1 - Software; Archivo: medios.php; Acción: Lista las facturas en facturación; Fecha: 06-08-2025; Hora: 09:39:07
1 - Software; Archivo: medios.php; Acción: Lista las facturas en facturación; Fecha: 06-08-2025; Hora: 09:39:07
1 - Software; Archivo: medios.php; Acción: Lista las facturas en facturación; Fecha: 06-08-2025; Hora: 09:45:54
1 - Software; Archivo: medios.php; Acción: Lista las facturas en facturación; Fecha: 06-08-2025; Hora: 09:45:54
1 - Software; Archivo: proforma.php; Acción: La proforma 34fue activada; Fecha: 06-08-2025; Hora: 09:45:56
1 - Software; Archivo: medios.php; Acción: Lista las facturas en facturación; Fecha: 06-08-2025; Hora: 09:45:56
1 - Software; Archivo: medios.php; Acción: Lista las facturas en facturación; Fecha: 06-08-2025; Hora: 09:45:56
1 - Software; Archivo: medios.php; Acción: Lista las facturas en facturación; Fecha: 06-08-2025; Hora: 09:46:00
1 - Software; Archivo: medios.php; Acción: Lista las facturas en facturación; Fecha: 06-08-2025; Hora: 09:46:00
1 - Software; Archivo: medios.php; Acción: Lista las facturas en facturación; Fecha: 06-08-2025; Hora: 09:46:02
1 - Software; Archivo: medios.php; Acción: Lista las facturas en facturación; Fecha: 06-08-2025; Hora: 09:46:02
1 - Software; Archivo: proforma.php; Acción: La factura 34fue desactivada; Fecha: 06-08-2025; Hora: 09:46:04
1 - Software; Archivo: medios.php; Acción: Lista las facturas en facturación; Fecha: 06-08-2025; Hora: 09:46:04
1 - Software; Archivo: medios.php; Acción: Lista las facturas en facturación; Fecha: 06-08-2025; Hora: 09:46:04
1 - Software; Archivo: proforma.php; Acción: La proforma 34fue activada; Fecha: 06-08-2025; Hora: 09:46:07
1 - Software; Archivo: medios.php; Acción: Lista las facturas en facturación; Fecha: 06-08-2025; Hora: 09:46:07
1 - Software; Archivo: medios.php; Acción: Lista las facturas en facturación; Fecha: 06-08-2025; Hora: 09:46:07
1 - Software; Archivo: proforma.php; Acción: La proforma 34fue activada; Fecha: 06-08-2025; Hora: 09:46:10
1 - Software; Archivo: medios.php; Acción: Lista las facturas en facturación; Fecha: 06-08-2025; Hora: 09:46:10
1 - Software; Archivo: medios.php; Acción: Lista las facturas en facturación; Fecha: 06-08-2025; Hora: 09:46:10
ID: 1 - Nombre: Software - IP: 192.168.31.3; Archivo: usuario.php; Acción: Se hace login; Fecha: 06-08-2025; Hora: 09:46:11
1 - Software; Archivo: proforma.php; Acción: La factura 34fue desactivada; Fecha: 06-08-2025; Hora: 09:46:14
1 - Software; Archivo: medios.php; Acción: Lista las facturas en facturación; Fecha: 06-08-2025; Hora: 09:46:14
1 - Software; Archivo: medios.php; Acción: Lista las facturas en facturación; Fecha: 06-08-2025; Hora: 09:46:14
1 - Software; Archivo: proforma.php; Acción: La proforma 34fue activada; Fecha: 06-08-2025; Hora: 09:46:17
1 - Software; Archivo: medios.php; Acción: Lista las facturas en facturación; Fecha: 06-08-2025; Hora: 09:46:18
1 - Software; Archivo: medios.php; Acción: Lista las facturas en facturación; Fecha: 06-08-2025; Hora: 09:46:18
1 - Software; Archivo: pagos.php; Acción: Recoger los medios de pago; Fecha: 06-08-2025; Hora: 09:46:19
1 - Software; Archivo: tarifaAloja.php; Acción: Lista las tarifas de alojamiento; Fecha: 06-08-2025; Hora: 09:46:19
1 - Software; Archivo: proforma.php; Acción: La factura 18fue desactivada; Fecha: 06-08-2025; Hora: 09:46:22
1 - Software; Archivo: medios.php; Acción: Lista las facturas en facturación; Fecha: 06-08-2025; Hora: 09:46:22
1 - Software; Archivo: medios.php; Acción: Lista las facturas en facturación; Fecha: 06-08-2025; Hora: 09:46:22
1 - Software; Archivo: tarifaAloja.php; Acción: Lista las tarifas de alojamiento; Fecha: 06-08-2025; Hora: 09:46:23
1 - Software; Archivo: proforma.php; Acción: La proforma 18fue activada; Fecha: 06-08-2025; Hora: 09:46:25
1 - Software; Archivo: medios.php; Acción: Lista las facturas en facturación; Fecha: 06-08-2025; Hora: 09:46:25
1 - Software; Archivo: medios.php; Acción: Lista las facturas en facturación; Fecha: 06-08-2025; Hora: 09:46:25
1 - Software; Archivo: proforma.php; Acción: La proforma 18fue activada; Fecha: 06-08-2025; Hora: 09:46:27
1 - Software; Archivo: tarifaAloja.php; Acción: Lista las tarifas de alojamiento; Fecha: 06-08-2025; Hora: 09:46:27
1 - Software; Archivo: medios.php; Acción: Lista las facturas en facturación; Fecha: 06-08-2025; Hora: 09:46:27
1 - Software; Archivo: medios.php; Acción: Lista las facturas en facturación; Fecha: 06-08-2025; Hora: 09:46:27
1 - Software; Archivo: tarifaAloja.php; Acción: Lista las tarifas de alojamiento; Fecha: 06-08-2025; Hora: 09:46:28
1 - Software; Archivo: medios.php; Acción: Lista las facturas en facturación; Fecha: 06-08-2025; Hora: 09:50:58
1 - Software; Archivo: medios.php; Acción: Lista las facturas en facturación; Fecha: 06-08-2025; Hora: 09:50:58
1 - Software; Archivo: medios.php; Acción: Lista las facturas en facturación; Fecha: 06-08-2025; Hora: 09:52:43
1 - Software; Archivo: medios.php; Acción: Lista las facturas en facturación; Fecha: 06-08-2025; Hora: 09:52:43
1 - Software; Archivo: proforma.php; Acción: La factura 19fue desactivada; Fecha: 06-08-2025; Hora: 09:52:48
1 - Software; Archivo: medios.php; Acción: Lista las facturas en facturación; Fecha: 06-08-2025; Hora: 09:52:48
1 - Software; Archivo: medios.php; Acción: Lista las facturas en facturación; Fecha: 06-08-2025; Hora: 09:52:48
1 - Software; Archivo: proforma.php; Acción: La proforma 18fue activada; Fecha: 06-08-2025; Hora: 09:52:51
1 - Software; Archivo: medios.php; Acción: Lista las facturas en facturación; Fecha: 06-08-2025; Hora: 09:52:51
1 - Software; Archivo: medios.php; Acción: Lista las facturas en facturación; Fecha: 06-08-2025; Hora: 09:52:51
1 - Software; Archivo: proforma.php; Acción: La proforma 18fue activada; Fecha: 06-08-2025; Hora: 09:52:53
1 - Software; Archivo: medios.php; Acción: Lista las facturas en facturación; Fecha: 06-08-2025; Hora: 09:52:53
1 - Software; Archivo: medios.php; Acción: Lista las facturas en facturación; Fecha: 06-08-2025; Hora: 09:52:53
1 - Software; Archivo: proforma.php; Acción: La factura 18fue desactivada; Fecha: 06-08-2025; Hora: 09:52:56
1 - Software; Archivo: medios.php; Acción: Lista las facturas en facturación; Fecha: 06-08-2025; Hora: 09:52:56
1 - Software; Archivo: medios.php; Acción: Lista las facturas en facturación; Fecha: 06-08-2025; Hora: 09:52:56
1 - Software; Archivo: proforma.php; Acción: La proforma 18fue activada; Fecha: 06-08-2025; Hora: 09:52:59
1 - Software; Archivo: medios.php; Acción: Lista las facturas en facturación; Fecha: 06-08-2025; Hora: 09:52:59
1 - Software; Archivo: medios.php; Acción: Lista las facturas en facturación; Fecha: 06-08-2025; Hora: 09:52:59
1 - Software; Archivo: proforma.php; Acción: La proforma 18fue activada; Fecha: 06-08-2025; Hora: 09:53:01
1 - Software; Archivo: medios.php; Acción: Lista las facturas en facturación; Fecha: 06-08-2025; Hora: 09:53:01
1 - Software; Archivo: medios.php; Acción: Lista las facturas en facturación; Fecha: 06-08-2025; Hora: 09:53:01
1 - Software; Archivo: proforma.php; Acción: La factura 18fue desactivada; Fecha: 06-08-2025; Hora: 09:53:04
1 - Software; Archivo: medios.php; Acción: Lista las facturas en facturación; Fecha: 06-08-2025; Hora: 09:53:04
1 - Software; Archivo: medios.php; Acción: Lista las facturas en facturación; Fecha: 06-08-2025; Hora: 09:53:04
1 - Software; Archivo: pagos.php; Acción: Recoger los medios de pago; Fecha: 06-08-2025; Hora: 09:54:36
1 - Software; Archivo: tarifaAloja.php; Acción: Lista las tarifas de alojamiento; Fecha: 06-08-2025; Hora: 09:54:36
1 - Software; Archivo: tarifaAloja.php; Acción: Lista las tarifas de alojamiento; Fecha: 06-08-2025; Hora: 09:54:38
1 - Software; Archivo: tarifaAloja.php; Acción: Lista las tarifas de alojamiento; Fecha: 06-08-2025; Hora: 09:54:46
1 - Software; Archivo: tarifaAloja.php; Acción: Lista las tarifas de alojamiento; Fecha: 06-08-2025; Hora: 10:00:42
1 - Software; Archivo: tarifaAloja.php; Acción: Lista las tarifas de alojamiento; Fecha: 06-08-2025; Hora: 10:00:47
1 - Software; Archivo: tarifaAloja.php; Acción: Lista las tarifas de alojamiento; Fecha: 06-08-2025; Hora: 10:01:48
1 - Software; Archivo: tarifaAloja.php; Acción: Lista las tarifas de alojamiento; Fecha: 06-08-2025; Hora: 10:03:44
1 - Software; Archivo: tarifaAloja.php; Acción: Lista las tarifas de alojamiento; Fecha: 06-08-2025; Hora: 10:13:11
1 - Software; Archivo: tarifaAloja.php; Acción: Lista las tarifas de alojamiento; Fecha: 06-08-2025; Hora: 10:13:13
1 - Software; Archivo: tarifaAloja.php; Acción: Lista las tarifas de alojamiento; Fecha: 06-08-2025; Hora: 10:13:18
1 - Software; Archivo: tarifaAloja.php; Acción: Lista las tarifas de alojamiento; Fecha: 06-08-2025; Hora: 10:13:29
1 - Software; Archivo: tarifaAloja.php; Acción: Lista las tarifas de alojamiento; Fecha: 06-08-2025; Hora: 10:13:33
ID: 1 - Nombre: Software - IP: 192.168.31.3; Archivo: usuario.php; Acción: Se hace login; Fecha: 06-08-2025; Hora: 10:18:00
1 - Software; Archivo: tarifaAloja.php; Acción: Lista las tarifas de alojamiento; Fecha: 06-08-2025; Hora: 10:25:24
1 - Software; Archivo: tarifaAloja.php; Acción: Lista las tarifas de alojamiento; Fecha: 06-08-2025; Hora: 10:26:48
1 - Software; Archivo: proforma.php; Acción: La factura 1016fue desactivada; Fecha: 06-08-2025; Hora: 10:29:04
1 - Software; Archivo: tarifaAloja.php; Acción: Lista las tarifas de alojamiento; Fecha: 06-08-2025; Hora: 10:29:10
1 - Software; Archivo: tarifaAloja.php; Acción: Lista las tarifas de alojamiento; Fecha: 06-08-2025; Hora: 10:31:59
1 - Software; Archivo: tarifaAloja.php; Acción: Lista las tarifas de alojamiento; Fecha: 06-08-2025; Hora: 10:32:14
1 - Software; Archivo: tarifaAloja.php; Acción: Lista las tarifas de alojamiento; Fecha: 06-08-2025; Hora: 10:32:31
1 - Software; Archivo: tarifaAloja.php; Acción: Lista las tarifas de alojamiento; Fecha: 06-08-2025; Hora: 10:33:09
1 - Software; Archivo: tarifaAloja.php; Acción: Lista las tarifas de alojamiento; Fecha: 06-08-2025; Hora: 10:33:30
1 - Software; Archivo: tarifaAloja.php; Acción: Lista las tarifas de alojamiento; Fecha: 06-08-2025; Hora: 10:33:48
1 - Software; Archivo: tarifaAloja.php; Acción: Lista las tarifas de alojamiento; Fecha: 06-08-2025; Hora: 10:33:58
1 - Software; Archivo: tarifaAloja.php; Acción: Lista las tarifas de alojamiento; Fecha: 06-08-2025; Hora: 10:34:37
1 - Software; Archivo: tarifaAloja.php; Acción: Lista las tarifas de alojamiento; Fecha: 06-08-2025; Hora: 10:35:08
1 - Software; Archivo: tarifaAloja.php; Acción: Lista las tarifas de alojamiento; Fecha: 06-08-2025; Hora: 10:38:31
1 - Software; Archivo: tarifaAloja.php; Acción: Lista las tarifas de alojamiento; Fecha: 06-08-2025; Hora: 10:38:47
1 - Software; Archivo: tarifaAloja.php; Acción: Lista las tarifas de alojamiento; Fecha: 06-08-2025; Hora: 10:39:42
1 - Software; Archivo: tarifaAloja.php; Acción: Lista las tarifas de alojamiento; Fecha: 06-08-2025; Hora: 10:40:18
1 - Software; Archivo: tarifaAloja.php; Acción: Lista las tarifas de alojamiento; Fecha: 06-08-2025; Hora: 10:40:21
1 - Software; Archivo: tarifaAloja.php; Acción: Lista las tarifas de alojamiento; Fecha: 06-08-2025; Hora: 10:41:12
1 - Software; Archivo: tarifaAloja.php; Acción: Lista las tarifas de alojamiento; Fecha: 06-08-2025; Hora: 10:41:14
1 - Software; Archivo: tarifaAloja.php; Acción: Lista las tarifas de alojamiento; Fecha: 06-08-2025; Hora: 10:41:14
1 - Software; Archivo: tarifaAloja.php; Acción: Lista las tarifas de alojamiento; Fecha: 06-08-2025; Hora: 10:41:15
1 - Software; Archivo: tarifaAloja.php; Acción: Lista las tarifas de alojamiento; Fecha: 06-08-2025; Hora: 10:41:26
1 - Software; Archivo: tarifaAloja.php; Acción: Lista las tarifas de alojamiento; Fecha: 06-08-2025; Hora: 10:42:03
1 - Software; Archivo: tarifaAloja.php; Acción: Lista las tarifas de alojamiento; Fecha: 06-08-2025; Hora: 10:42:26
1 - Software; Archivo: medios.php; Acción: Lista las facturas en facturación; Fecha: 06-08-2025; Hora: 10:43:08
1 - Software; Archivo: medios.php; Acción: Lista las facturas en facturación; Fecha: 06-08-2025; Hora: 10:43:08
1 - Software; Archivo: tarifaAloja.php; Acción: Lista las tarifas de alojamiento; Fecha: 06-08-2025; Hora: 10:43:44
1 - Software; Archivo: tarifaAloja.php; Acción: Lista las tarifas de alojamiento; Fecha: 06-08-2025; Hora: 10:44:06
1 - Software; Archivo: tarifaAloja.php; Acción: Lista las tarifas de alojamiento; Fecha: 06-08-2025; Hora: 10:44:49
1 - Software; Archivo: tarifaAloja.php; Acción: Lista las tarifas de alojamiento; Fecha: 06-08-2025; Hora: 10:45:29
1 - Software; Archivo: tarifaAloja.php; Acción: Lista las tarifas de alojamiento; Fecha: 06-08-2025; Hora: 10:45:58
1 - Software; Archivo: medios.php; Acción: Lista las facturas en facturación; Fecha: 06-08-2025; Hora: 10:52:12
1 - Software; Archivo: medios.php; Acción: Lista las facturas en facturación; Fecha: 06-08-2025; Hora: 10:52:12
1 - Software; Archivo: tarifaAloja.php; Acción: Lista las tarifas de alojamiento; Fecha: 06-08-2025; Hora: 10:55:39
1 - Software; Archivo: tarifaAloja.php; Acción: Lista las tarifas de alojamiento; Fecha: 06-08-2025; Hora: 10:55:50
1 - Software; Archivo: tarifaAloja.php; Acción: Lista las tarifas de alojamiento; Fecha: 06-08-2025; Hora: 10:55:52
1 - Software; Archivo: tarifaAloja.php; Acción: Lista las tarifas de alojamiento; Fecha: 06-08-2025; Hora: 10:56:05
1 - Software; Archivo: tarifaAloja.php; Acción: Lista las tarifas de alojamiento; Fecha: 06-08-2025; Hora: 10:56:09
1 - Software; Archivo: tarifaAloja.php; Acción: Lista las tarifas de alojamiento; Fecha: 06-08-2025; Hora: 10:56:09
1 - Software; Archivo: tarifaAloja.php; Acción: Lista las tarifas de alojamiento; Fecha: 06-08-2025; Hora: 10:56:10
1 - Software; Archivo: tarifaAloja.php; Acción: Lista las tarifas de alojamiento; Fecha: 06-08-2025; Hora: 10:56:14
1 - Software; Archivo: tarifaAloja.php; Acción: Lista las tarifas de alojamiento; Fecha: 06-08-2025; Hora: 10:56:16
1 - Software; Archivo: tarifaAloja.php; Acción: Lista las tarifas de alojamiento; Fecha: 06-08-2025; Hora: 10:56:18
1 - Software; Archivo: tarifaAloja.php; Acción: Lista las tarifas de alojamiento; Fecha: 06-08-2025; Hora: 10:56:21
1 - Software; Archivo: tarifaAloja.php; Acción: Lista las tarifas de alojamiento; Fecha: 06-08-2025; Hora: 10:56:24
1 - Software; Archivo: tarifaAloja.php; Acción: Lista las tarifas de alojamiento; Fecha: 06-08-2025; Hora: 10:56:26
1 - Software; Archivo: tarifaAloja.php; Acción: Lista las tarifas de alojamiento; Fecha: 06-08-2025; Hora: 10:56:28
1 - Software; Archivo: tarifaAloja.php; Acción: Lista las tarifas de alojamiento; Fecha: 06-08-2025; Hora: 10:56:30
1 - Software; Archivo: tarifaAloja.php; Acción: Lista las tarifas de alojamiento; Fecha: 06-08-2025; Hora: 10:56:56
1 - Software; Archivo: tarifaAloja.php; Acción: Lista las tarifas de alojamiento; Fecha: 06-08-2025; Hora: 10:57:03
1 - Software; Archivo: tarifaAloja.php; Acción: Lista las tarifas de alojamiento; Fecha: 06-08-2025; Hora: 10:57:05
1 - Software; Archivo: tarifaAloja.php; Acción: Lista las tarifas de alojamiento; Fecha: 06-08-2025; Hora: 10:57:12
1 - Software; Archivo: tarifaAloja.php; Acción: Lista las tarifas de alojamiento; Fecha: 06-08-2025; Hora: 10:57:45
1 - Software; Archivo: tarifaAloja.php; Acción: Lista las tarifas de alojamiento; Fecha: 06-08-2025; Hora: 10:57:57
1 - Software; Archivo: pagos.php; Acción: Recoger los medios de pago; Fecha: 06-08-2025; Hora: 10:57:57
1 - Software; Archivo: tarifaAloja.php; Acción: Lista las tarifas de alojamiento; Fecha: 06-08-2025; Hora: 10:57:57
1 - Software; Archivo: tarifaAloja.php; Acción: Lista las tarifas de alojamiento; Fecha: 06-08-2025; Hora: 10:58:03
1 - Software; Archivo: tarifaAloja.php; Acción: Lista las tarifas de alojamiento; Fecha: 06-08-2025; Hora: 10:58:12
1 - Software; Archivo: pagos.php; Acción: Recoger los medios de pago; Fecha: 06-08-2025; Hora: 10:58:14
1 - Software; Archivo: tarifaAloja.php; Acción: Lista las tarifas de alojamiento; Fecha: 06-08-2025; Hora: 10:58:14
1 - Software; Archivo: tarifaAloja.php; Acción: Lista las tarifas de alojamiento; Fecha: 06-08-2025; Hora: 10:58:17
1 - Software; Archivo: pagos.php; Acción: Recoger los medios de pago; Fecha: 06-08-2025; Hora: 10:58:19
1 - Software; Archivo: tarifaAloja.php; Acción: Lista las tarifas de alojamiento; Fecha: 06-08-2025; Hora: 10:58:19
1 - Software; Archivo: tarifaAloja.php; Acción: Lista las tarifas de alojamiento; Fecha: 06-08-2025; Hora: 10:58:22
1 - Software; Archivo: tarifaAloja.php; Acción: Lista las tarifas de alojamiento; Fecha: 06-08-2025; Hora: 10:58:26
1 - Software; Archivo: tarifaAloja.php; Acción: Lista las tarifas de alojamiento; Fecha: 06-08-2025; Hora: 10:58:35
1 - Software; Archivo: tarifaAloja.php; Acción: Lista las tarifas de alojamiento; Fecha: 06-08-2025; Hora: 10:58:41
1 - Software; Archivo: tarifaAloja.php; Acción: Lista las tarifas de alojamiento; Fecha: 06-08-2025; Hora: 10:59:00
1 - Software; Archivo: tarifaAloja.php; Acción: Lista las tarifas de alojamiento; Fecha: 06-08-2025; Hora: 10:59:01
1 - Software; Archivo: tarifaAloja.php; Acción: Lista las tarifas de alojamiento; Fecha: 06-08-2025; Hora: 10:59:10
1 - Software; Archivo: tarifaAloja.php; Acción: Lista las tarifas de alojamiento; Fecha: 06-08-2025; Hora: 11:00:26
1 - Software; Archivo: tarifaAloja.php; Acción: Lista las tarifas de alojamiento; Fecha: 06-08-2025; Hora: 11:07:29
1 - Software; Archivo: tarifaAloja.php; Acción: Lista las tarifas de alojamiento; Fecha: 06-08-2025; Hora: 11:07:33
1 - Software; Archivo: tarifaAloja.php; Acción: Lista las tarifas de alojamiento; Fecha: 06-08-2025; Hora: 11:08:21
1 - Software; Archivo: tarifaAloja.php; Acción: Lista las tarifas de alojamiento; Fecha: 06-08-2025; Hora: 11:08:23
1 - Software; Archivo: tarifaAloja.php; Acción: Lista las tarifas de alojamiento; Fecha: 06-08-2025; Hora: 11:08:24
1 - Software; Archivo: tarifaAloja.php; Acción: Lista las tarifas de alojamiento; Fecha: 06-08-2025; Hora: 11:09:12
1 - Software; Archivo: tarifaAloja.php; Acción: Lista las tarifas de alojamiento; Fecha: 06-08-2025; Hora: 11:09:37
1 - Software; Archivo: tarifaAloja.php; Acción: Lista las tarifas de alojamiento; Fecha: 06-08-2025; Hora: 11:09:58
1 - Software; Archivo: tarifaAloja.php; Acción: Lista las tarifas de alojamiento; Fecha: 06-08-2025; Hora: 11:10:31
1 - Software; Archivo: tarifaAloja.php; Acción: Lista las tarifas de alojamiento; Fecha: 06-08-2025; Hora: 11:11:01
1 - Software; Archivo: tarifaAloja.php; Acción: Lista las tarifas de alojamiento; Fecha: 06-08-2025; Hora: 11:11:55
1 - Software; Archivo: tarifaAloja.php; Acción: Lista las tarifas de alojamiento; Fecha: 06-08-2025; Hora: 11:11:57
1 - Software; Archivo: tarifaAloja.php; Acción: Lista las tarifas de alojamiento; Fecha: 06-08-2025; Hora: 11:12:25
1 - Software; Archivo: tarifaAloja.php; Acción: Lista las tarifas de alojamiento; Fecha: 06-08-2025; Hora: 11:12:33
1 - Software; Archivo: pagos.php; Acción: Recoger los medios de pago; Fecha: 06-08-2025; Hora: 11:12:41
1 - Software; Archivo: tarifaAloja.php; Acción: Lista las tarifas de alojamiento; Fecha: 06-08-2025; Hora: 11:12:41
1 - Software; Archivo: tarifaAloja.php; Acción: Lista las tarifas de alojamiento; Fecha: 06-08-2025; Hora: 11:12:45
1 - Software; Archivo: tarifaAloja.php; Acción: Lista las tarifas de alojamiento; Fecha: 06-08-2025; Hora: 11:12:50
1 - Software; Archivo: tarifaAloja.php; Acción: Lista las tarifas de alojamiento; Fecha: 06-08-2025; Hora: 11:13:26
1 - Software; Archivo: tarifaAloja.php; Acción: Lista las tarifas de alojamiento; Fecha: 06-08-2025; Hora: 11:13:34
1 - Software; Archivo: tarifaAloja.php; Acción: Lista las tarifas de alojamiento; Fecha: 06-08-2025; Hora: 11:13:40
1 - Software; Archivo: tarifaAloja.php; Acción: Lista las tarifas de alojamiento; Fecha: 06-08-2025; Hora: 11:13:49
1 - Software; Archivo: tarifaAloja.php; Acción: Lista las tarifas de alojamiento; Fecha: 06-08-2025; Hora: 11:15:56
1 - Software; Archivo: tarifaAloja.php; Acción: Lista las tarifas de alojamiento; Fecha: 06-08-2025; Hora: 11:15:58
1 - Software; Archivo: proforma.php; Acción: La proforma 19fue activada; Fecha: 06-08-2025; Hora: 11:16:03
1 - Software; Archivo: proforma.php; Acción: La factura 19fue desactivada; Fecha: 06-08-2025; Hora: 11:16:05
1 - Software; Archivo: tarifaAloja.php; Acción: Lista las tarifas de alojamiento; Fecha: 06-08-2025; Hora: 11:16:48
1 - Software; Archivo: tarifaAloja.php; Acción: Lista las tarifas de alojamiento; Fecha: 06-08-2025; Hora: 11:16:49
1 - Software; Archivo: proforma.php; Acción: La proforma 21fue activada; Fecha: 06-08-2025; Hora: 11:16:52
1 - Software; Archivo: tarifaAloja.php; Acción: Lista las tarifas de alojamiento; Fecha: 06-08-2025; Hora: 11:19:53
1 - Software; Archivo: tarifaAloja.php; Acción: Lista las tarifas de alojamiento; Fecha: 06-08-2025; Hora: 11:19:55
1 - Software; Archivo: proforma.php; Acción: La proforma 20fue activada; Fecha: 06-08-2025; Hora: 11:19:59
1 - Software; Archivo: proforma.php; Acción: La proforma 21fue activada; Fecha: 06-08-2025; Hora: 11:20:02
1 - Software; Archivo: proforma.php; Acción: La proforma 20fue activada; Fecha: 06-08-2025; Hora: 11:20:04
1 - Software; Archivo: proforma.php; Acción: La factura 20fue desactivada; Fecha: 06-08-2025; Hora: 11:20:06
1 - Software; Archivo: tarifaAloja.php; Acción: Lista las tarifas de alojamiento; Fecha: 06-08-2025; Hora: 11:20:16
1 - Software; Archivo: tarifaAloja.php; Acción: Lista las tarifas de alojamiento; Fecha: 06-08-2025; Hora: 11:20:23
1 - Software; Archivo: proforma.php; Acción: La factura 20fue desactivada; Fecha: 06-08-2025; Hora: 11:20:28
1 - Software; Archivo: pagos.php; Acción: Recoger los medios de pago; Fecha: 06-08-2025; Hora: 11:20:31
1 - Software; Archivo: tarifaAloja.php; Acción: Lista las tarifas de alojamiento; Fecha: 06-08-2025; Hora: 11:20:31
1 - Software; Archivo: tarifaAloja.php; Acción: Lista las tarifas de alojamiento; Fecha: 06-08-2025; Hora: 11:20:32
1 - Software; Archivo: tarifaAloja.php; Acción: Lista las tarifas de alojamiento; Fecha: 06-08-2025; Hora: 11:20:34
1 - Software; Archivo: proforma.php; Acción: La factura 21fue desactivada; Fecha: 06-08-2025; Hora: 11:20:36
1 - Software; Archivo: proforma.php; Acción: La proforma 21fue activada; Fecha: 06-08-2025; Hora: 11:20:38
1 - Software; Archivo: proforma.php; Acción: La proforma 20fue activada; Fecha: 06-08-2025; Hora: 11:20:46
1 - Software; Archivo: tarifaAloja.php; Acción: Lista las tarifas de alojamiento; Fecha: 06-08-2025; Hora: 11:20:55
1 - Software; Archivo: proforma.php; Acción: La proforma 18fue activada; Fecha: 06-08-2025; Hora: 11:21:00
1 - Software; Archivo: proforma.php; Acción: La proforma 19fue activada; Fecha: 06-08-2025; Hora: 11:21:02
1 - Software; Archivo: proforma.php; Acción: La proforma 20fue activada; Fecha: 06-08-2025; Hora: 11:21:04
1 - Software; Archivo: proforma.php; Acción: La proforma 21fue activada; Fecha: 06-08-2025; Hora: 11:21:06
1 - Software; Archivo: tarifaAloja.php; Acción: Lista las tarifas de alojamiento; Fecha: 06-08-2025; Hora: 11:21:09
1 - Software; Archivo: tarifaAloja.php; Acción: Lista las tarifas de alojamiento; Fecha: 06-08-2025; Hora: 11:23:36
1 - Software; Archivo: tarifaAloja.php; Acción: Lista las tarifas de alojamiento; Fecha: 06-08-2025; Hora: 11:24:10
1 - Software; Archivo: tarifaAloja.php; Acción: Lista las tarifas de alojamiento; Fecha: 06-08-2025; Hora: 11:26:56
1 - Software; Archivo: tarifaAloja.php; Acción: Lista las tarifas de alojamiento; Fecha: 06-08-2025; Hora: 11:26:57
1 - Software; Archivo: tarifaAloja.php; Acción: Lista las tarifas de alojamiento; Fecha: 06-08-2025; Hora: 11:35:03
1 - Software; Archivo: proforma.php; Acción: La proforma 19fue activada; Fecha: 06-08-2025; Hora: 11:35:07
1 - Software; Archivo: tarifaAloja.php; Acción: Lista las tarifas de alojamiento; Fecha: 06-08-2025; Hora: 11:37:47
1 - Software; Archivo: proforma.php; Acción: La proforma 18fue activada; Fecha: 06-08-2025; Hora: 11:37:52
1 - Software; Archivo: tarifaAloja.php; Acción: Lista las tarifas de alojamiento; Fecha: 06-08-2025; Hora: 11:39:12
1 - Software; Archivo: proforma.php; Acción: La proforma 19fue activada; Fecha: 06-08-2025; Hora: 11:39:16
1 - Software; Archivo: proforma.php; Acción: La proforma 20fue activada; Fecha: 06-08-2025; Hora: 11:39:19
1 - Software; Archivo: tarifaAloja.php; Acción: Lista las tarifas de alojamiento; Fecha: 06-08-2025; Hora: 11:40:53
1 - Software; Archivo: tarifaAloja.php; Acción: Lista las tarifas de alojamiento; Fecha: 06-08-2025; Hora: 11:40:54
1 - Software; Archivo: proforma.php; Acción: La proforma 20fue activada; Fecha: 06-08-2025; Hora: 11:41:02
1 - Software; Archivo: proforma.php; Acción: La proforma 21fue activada; Fecha: 06-08-2025; Hora: 11:41:06
1 - Software; Archivo: proforma.php; Acción: La factura 21fue desactivada; Fecha: 06-08-2025; Hora: 11:41:08
1 - Software; Archivo: tarifaAloja.php; Acción: Lista las tarifas de alojamiento; Fecha: 06-08-2025; Hora: 11:41:14
1 - Software; Archivo: tarifaAloja.php; Acción: Lista las tarifas de alojamiento; Fecha: 06-08-2025; Hora: 11:42:06
1 - Software; Archivo: tarifaAloja.php; Acción: Lista las tarifas de alojamiento; Fecha: 06-08-2025; Hora: 11:42:08
1 - Software; Archivo: proforma.php; Acción: La factura 20fue desactivada; Fecha: 06-08-2025; Hora: 11:42:12
1 - Software; Archivo: tarifaAloja.php; Acción: Lista las tarifas de alojamiento; Fecha: 06-08-2025; Hora: 11:43:08
1 - Software; Archivo: proforma.php; Acción: La proforma 19fue activada; Fecha: 06-08-2025; Hora: 11:43:11
1 - Software; Archivo: proforma.php; Acción: La factura 19fue desactivada; Fecha: 06-08-2025; Hora: 11:43:14
1 - Software; Archivo: tarifaAloja.php; Acción: Lista las tarifas de alojamiento; Fecha: 06-08-2025; Hora: 11:45:22
1 - Software; Archivo: tarifaAloja.php; Acción: Lista las tarifas de alojamiento; Fecha: 06-08-2025; Hora: 11:45:23
1 - Software; Archivo: proforma.php; Acción: La proforma 19fue activada; Fecha: 06-08-2025; Hora: 11:45:26
1 - Software; Archivo: proforma.php; Acción: La factura 19fue desactivada; Fecha: 06-08-2025; Hora: 11:45:28
1 - Software; Archivo: tarifaAloja.php; Acción: Lista las tarifas de alojamiento; Fecha: 06-08-2025; Hora: 11:45:31
1 - Software; Archivo: proforma.php; Acción: La factura 19fue desactivada; Fecha: 06-08-2025; Hora: 11:45:35
1 - Software; Archivo: proforma.php; Acción: La proforma 19fue activada; Fecha: 06-08-2025; Hora: 11:45:37
1 - Software; Archivo: proforma.php; Acción: La factura 19fue desactivada; Fecha: 06-08-2025; Hora: 11:45:50
1 - Software; Archivo: tarifaAloja.php; Acción: Lista las tarifas de alojamiento; Fecha: 06-08-2025; Hora: 11:45:54
1 - Software; Archivo: proforma.php; Acción: La factura 19fue desactivada; Fecha: 06-08-2025; Hora: 11:45:58
1 - Software; Archivo: proforma.php; Acción: La factura 20fue desactivada; Fecha: 06-08-2025; Hora: 11:46:00
1 - Software; Archivo: proforma.php; Acción: La proforma 19fue activada; Fecha: 06-08-2025; Hora: 11:46:05
1 - Software; Archivo: proforma.php; Acción: La proforma 21fue activada; Fecha: 06-08-2025; Hora: 11:46:08
1 - Software; Archivo: tarifaAloja.php; Acción: Lista las tarifas de alojamiento; Fecha: 06-08-2025; Hora: 11:46:13
1 - Software; Archivo: proforma.php; Acción: La factura 19fue desactivada; Fecha: 06-08-2025; Hora: 11:46:20
1 - Software; Archivo: proforma.php; Acción: La proforma 18fue activada; Fecha: 06-08-2025; Hora: 11:46:23
1 - Software; Archivo: tarifaAloja.php; Acción: Lista las tarifas de alojamiento; Fecha: 06-08-2025; Hora: 11:46:26
1 - Software; Archivo: proforma.php; Acción: La factura 21fue desactivada; Fecha: 06-08-2025; Hora: 11:46:33
1 - Software; Archivo: tarifaAloja.php; Acción: Lista las tarifas de alojamiento; Fecha: 06-08-2025; Hora: 11:46:33
1 - Software; Archivo: proforma.php; Acción: La proforma 20fue activada; Fecha: 06-08-2025; Hora: 11:46:35
1 - Software; Archivo: tarifaAloja.php; Acción: Lista las tarifas de alojamiento; Fecha: 06-08-2025; Hora: 11:46:38
1 - Software; Archivo: tarifaAloja.php; Acción: Lista las tarifas de alojamiento; Fecha: 06-08-2025; Hora: 11:51:04
1 - Software; Archivo: tarifaAloja.php; Acción: Lista las tarifas de alojamiento; Fecha: 06-08-2025; Hora: 11:53:57
1 - Software; Archivo: tarifaAloja.php; Acción: Lista las tarifas de alojamiento; Fecha: 06-08-2025; Hora: 11:54:02
1 - Software; Archivo: tarifaAloja.php; Acción: Lista las tarifas de alojamiento; Fecha: 06-08-2025; Hora: 11:54:11
1 - Software; Archivo: tipoCurso_Edu.php; Acción: Lista los tipos de curso; Fecha: 06-08-2025; Hora: 11:56:49
1 - Software; Archivo: pagos.php; Acción: Recoger los medios de pago; Fecha: 06-08-2025; Hora: 12:08:16
1 - Software; Archivo: tarifaAloja.php; Acción: Lista las tarifas de alojamiento; Fecha: 06-08-2025; Hora: 12:08:16
1 - Software; Archivo: tarifaAloja.php; Acción: Lista las tarifas de alojamiento; Fecha: 06-08-2025; Hora: 12:08:19
1 - Software; Archivo: tarifaAloja.php; Acción: Lista las tarifas de alojamiento; Fecha: 06-08-2025; Hora: 12:08:27
1 - Software; Archivo: tarifaAloja.php; Acción: Lista las tarifas de alojamiento; Fecha: 06-08-2025; Hora: 12:08:33
1 - Software; Archivo: tarifaAloja.php; Acción: Lista las tarifas de alojamiento; Fecha: 06-08-2025; Hora: 12:09:19
1 - Software; Archivo: tarifaAloja.php; Acción: Lista las tarifas de alojamiento; Fecha: 06-08-2025; Hora: 12:11:11
1 - Software; Archivo: tarifaAloja.php; Acción: Lista las tarifas de alojamiento; Fecha: 06-08-2025; Hora: 12:11:45
1 - Software; Archivo: tarifaAloja.php; Acción: Lista las tarifas de alojamiento; Fecha: 06-08-2025; Hora: 12:12:54
1 - Software; Archivo: tarifaAloja.php; Acción: Lista las tarifas de alojamiento; Fecha: 06-08-2025; Hora: 12:14:00
1 - Software; Archivo: tarifaAloja.php; Acción: Lista las tarifas de alojamiento; Fecha: 06-08-2025; Hora: 12:17:54
1 - Software; Archivo: tarifaAloja.php; Acción: Lista las tarifas de alojamiento; Fecha: 06-08-2025; Hora: 12:33:30
1 - Software; Archivo: pagos.php; Acción: Recoger los medios de pago; Fecha: 06-08-2025; Hora: 12:36:46
1 - Software; Archivo: tarifaAloja.php; Acción: Lista las tarifas de alojamiento; Fecha: 06-08-2025; Hora: 12:36:46
1 - Software; Archivo: tarifaAloja.php; Acción: Lista las tarifas de alojamiento; Fecha: 06-08-2025; Hora: 12:36:50
1 - Software; Archivo: tarifaAloja.php; Acción: Lista las tarifas de alojamiento; Fecha: 06-08-2025; Hora: 12:38:46
1 - Software; Archivo: tarifaAloja.php; Acción: Lista las tarifas de alojamiento; Fecha: 06-08-2025; Hora: 12:38:57
1 - Software; Archivo: pagos.php; Acción: Recoger los medios de pago; Fecha: 06-08-2025; Hora: 12:39:05
1 - Software; Archivo: tarifaAloja.php; Acción: Lista las tarifas de alojamiento; Fecha: 06-08-2025; Hora: 12:39:05
1 - Software; Archivo: tarifaAloja.php; Acción: Lista las tarifas de alojamiento; Fecha: 06-08-2025; Hora: 12:39:46
1 - Software; Archivo: tarifaAloja.php; Acción: Lista las tarifas de alojamiento; Fecha: 06-08-2025; Hora: 12:41:02
1 - Software; Archivo: tarifaAloja.php; Acción: Lista las tarifas de alojamiento; Fecha: 06-08-2025; Hora: 12:41:38
1 - Software; Archivo: tarifaAloja.php; Acción: Lista las tarifas de alojamiento; Fecha: 06-08-2025; Hora: 12:41:40
1 - Software; Archivo: medios.php; Acción: Lista las facturas en facturación; Fecha: 06-08-2025; Hora: 12:43:09
1 - Software; Archivo: medios.php; Acción: Lista las facturas en facturación; Fecha: 06-08-2025; Hora: 12:43:09
1 - Software; Archivo: pagos.php; Acción: Recoger los medios de pago; Fecha: 06-08-2025; Hora: 12:43:48
1 - Software; Archivo: tarifaAloja.php; Acción: Lista las tarifas de alojamiento; Fecha: 06-08-2025; Hora: 12:43:48
1 - Software; Archivo: tarifaAloja.php; Acción: Lista las tarifas de alojamiento; Fecha: 06-08-2025; Hora: 12:43:52
1 - Software; Archivo: tarifaAloja.php; Acción: Lista las tarifas de alojamiento; Fecha: 06-08-2025; Hora: 12:43:56
1 - Software; Archivo: medios.php; Acción: Lista las facturas en facturación; Fecha: 06-08-2025; Hora: 12:50:00
1 - Software; Archivo: medios.php; Acción: Lista las facturas en facturación; Fecha: 06-08-2025; Hora: 12:50:00
1 - Software; Archivo: tarifaAloja.php; Acción: Lista las tarifas de alojamiento; Fecha: 06-08-2025; Hora: 13:03:22
1 - Software; Archivo: tarifaAloja.php; Acción: Lista las tarifas de alojamiento; Fecha: 06-08-2025; Hora: 13:04:16
1 - Software; Archivo: tarifaAloja.php; Acción: Lista las tarifas de alojamiento; Fecha: 06-08-2025; Hora: 13:04:55
1 - Software; Archivo: tarifaAloja.php; Acción: Lista las tarifas de alojamiento; Fecha: 06-08-2025; Hora: 13:05:09
1 - Software; Archivo: tarifaAloja.php; Acción: Lista las tarifas de alojamiento; Fecha: 06-08-2025; Hora: 13:05:52
1 - Software; Archivo: tarifaAloja.php; Acción: Lista las tarifas de alojamiento; Fecha: 06-08-2025; Hora: 13:06:25
1 - Software; Archivo: tarifaAloja.php; Acción: Lista las tarifas de alojamiento; Fecha: 06-08-2025; Hora: 13:08:21
1 - Software; Archivo: tarifaAloja.php; Acción: Lista las tarifas de alojamiento; Fecha: 06-08-2025; Hora: 13:22:09
1 - Software; Archivo: tarifaAloja.php; Acción: Lista las tarifas de alojamiento; Fecha: 06-08-2025; Hora: 13:23:20
1 - Software; Archivo: tarifaAloja.php; Acción: Lista las tarifas de alojamiento; Fecha: 06-08-2025; Hora: 13:24:51
1 - Software; Archivo: tarifaAloja.php; Acción: Lista las tarifas de alojamiento; Fecha: 06-08-2025; Hora: 13:25:03
1 - Software; Archivo: tarifaAloja.php; Acción: Lista las tarifas de alojamiento; Fecha: 06-08-2025; Hora: 13:25:39
1 - Software; Archivo: tarifaAloja.php; Acción: Lista las tarifas de alojamiento; Fecha: 06-08-2025; Hora: 13:28:33
1 - Software; Archivo: tarifaAloja.php; Acción: Lista las tarifas de alojamiento; Fecha: 06-08-2025; Hora: 13:29:43
1 - Software; Archivo: tarifaAloja.php; Acción: Lista las tarifas de alojamiento; Fecha: 06-08-2025; Hora: 13:29:59
1 - Software; Archivo: tarifaAloja.php; Acción: Lista las tarifas de alojamiento; Fecha: 06-08-2025; Hora: 13:33:11
1 - Software; Archivo: tarifaAloja.php; Acción: Lista las tarifas de alojamiento; Fecha: 06-08-2025; Hora: 13:35:18
1 - Software; Archivo: tarifaAloja.php; Acción: Lista las tarifas de alojamiento; Fecha: 06-08-2025; Hora: 13:44:46
1 - Software; Archivo: tarifaAloja.php; Acción: Lista las tarifas de alojamiento; Fecha: 06-08-2025; Hora: 13:47:55
1 - Software; Archivo: tarifaAloja.php; Acción: Lista las tarifas de alojamiento; Fecha: 06-08-2025; Hora: 13:47:58
1 - Software; Archivo: tarifaAloja.php; Acción: Lista las tarifas de alojamiento; Fecha: 06-08-2025; Hora: 13:48:14
1 - Software; Archivo: tarifaAloja.php; Acción: Lista las tarifas de alojamiento; Fecha: 06-08-2025; Hora: 13:48:17
1 - Software; Archivo: tarifaAloja.php; Acción: Lista las tarifas de alojamiento; Fecha: 06-08-2025; Hora: 13:48:23
1 - Software; Archivo: pagos.php; Acción: Recoger los medios de pago; Fecha: 06-08-2025; Hora: 13:48:29
1 - Software; Archivo: tarifaAloja.php; Acción: Lista las tarifas de alojamiento; Fecha: 06-08-2025; Hora: 13:48:29
1 - Software; Archivo: tarifaAloja.php; Acción: Lista las tarifas de alojamiento; Fecha: 06-08-2025; Hora: 13:48:33
1 - Software; Archivo: tarifaAloja.php; Acción: Lista las tarifas de alojamiento; Fecha: 06-08-2025; Hora: 13:48:51
1 - Software; Archivo: tarifaAloja.php; Acción: Lista las tarifas de alojamiento; Fecha: 06-08-2025; Hora: 13:48:55
1 - Software; Archivo: tarifaAloja.php; Acción: Lista las tarifas de alojamiento; Fecha: 06-08-2025; Hora: 13:54:16
1 - Software; Archivo: tarifaAloja.php; Acción: Lista las tarifas de alojamiento; Fecha: 06-08-2025; Hora: 13:54:18
1 - Software; Archivo: tarifaAloja.php; Acción: Lista las tarifas de alojamiento; Fecha: 06-08-2025; Hora: 13:54:29
1 - Software; Archivo: tarifaAloja.php; Acción: Lista las tarifas de alojamiento; Fecha: 06-08-2025; Hora: 13:54:36
1 - Software; Archivo: tarifaAloja.php; Acción: Lista las tarifas de alojamiento; Fecha: 06-08-2025; Hora: 14:00:50
1 - Software; Archivo: proforma.php; Acción: La factura 18fue desactivada; Fecha: 06-08-2025; Hora: 14:01:08
1 - Software; Archivo: proforma.php; Acción: La proforma 18fue activada; Fecha: 06-08-2025; Hora: 14:01:10
1 - Software; Archivo: tarifaAloja.php; Acción: Lista las tarifas de alojamiento; Fecha: 06-08-2025; Hora: 14:01:55
1 - Software; Archivo: tarifaAloja.php; Acción: Lista las tarifas de alojamiento; Fecha: 06-08-2025; Hora: 14:02:19
1 - Software; Archivo: tarifaAloja.php; Acción: Lista las tarifas de alojamiento; Fecha: 06-08-2025; Hora: 14:02:49
1 - Software; Archivo: tarifaAloja.php; Acción: Lista las tarifas de alojamiento; Fecha: 06-08-2025; Hora: 14:02:55
1 - Software; Archivo: tarifaAloja.php; Acción: Lista las tarifas de alojamiento; Fecha: 06-08-2025; Hora: 14:03:08
1 - Software; Archivo: tarifaAloja.php; Acción: Lista las tarifas de alojamiento; Fecha: 06-08-2025; Hora: 14:03:20
1 - Software; Archivo: tarifaAloja.php; Acción: Lista las tarifas de alojamiento; Fecha: 06-08-2025; Hora: 14:05:29
1 - Software; Archivo: tarifaAloja.php; Acción: Lista las tarifas de alojamiento; Fecha: 06-08-2025; Hora: 14:05:38
1 - Software; Archivo: tarifaAloja.php; Acción: Lista las tarifas de alojamiento; Fecha: 06-08-2025; Hora: 14:15:13
1 - Software; Archivo: medios.php; Acción: Lista las facturas en facturación; Fecha: 06-08-2025; Hora: 14:15:17
1 - Software; Archivo: medios.php; Acción: Lista las facturas en facturación; Fecha: 06-08-2025; Hora: 14:15:17
1 - Software; Archivo: medios.php; Acción: Lista las facturas en facturación; Fecha: 06-08-2025; Hora: 14:17:26
1 - Software; Archivo: medios.php; Acción: Lista las facturas en facturación; Fecha: 06-08-2025; Hora: 14:17:26
1 - Software; Archivo: medios.php; Acción: Lista las facturas en facturación; Fecha: 06-08-2025; Hora: 14:18:59
1 - Software; Archivo: medios.php; Acción: Lista las facturas en facturación; Fecha: 06-08-2025; Hora: 14:18:59
1 - Software; Archivo: medios.php; Acción: Lista las facturas en facturación; Fecha: 06-08-2025; Hora: 14:29:01
1 - Software; Archivo: medios.php; Acción: Lista las facturas en facturación; Fecha: 06-08-2025; Hora: 14:29:01
1 - Software; Archivo: medios.php; Acción: Lista las facturas en facturación; Fecha: 06-08-2025; Hora: 14:29:29
1 - Software; Archivo: medios.php; Acción: Lista las facturas en facturación; Fecha: 06-08-2025; Hora: 14:29:29
1 - Software; Archivo: medios.php; Acción: Lista las facturas en facturación; Fecha: 06-08-2025; Hora: 14:29:31
1 - Software; Archivo: medios.php; Acción: Lista las facturas en facturación; Fecha: 06-08-2025; Hora: 14:29:31
1 - Software; Archivo: medios.php; Acción: Lista las facturas en facturación; Fecha: 06-08-2025; Hora: 14:30:05
1 - Software; Archivo: medios.php; Acción: Lista las facturas en facturación; Fecha: 06-08-2025; Hora: 14:30:05
1 - Software; Archivo: medios.php; Acción: Lista las facturas en facturación; Fecha: 06-08-2025; Hora: 14:31:10
1 - Software; Archivo: medios.php; Acción: Lista las facturas en facturación; Fecha: 06-08-2025; Hora: 14:31:10
1 - Software; Archivo: medios.php; Acción: Lista las facturas en facturación; Fecha: 06-08-2025; Hora: 14:33:26
1 - Software; Archivo: medios.php; Acción: Lista las facturas en facturación; Fecha: 06-08-2025; Hora: 14:33:26
1 - Software; Archivo: medios.php; Acción: Lista las facturas en facturación; Fecha: 06-08-2025; Hora: 14:33:26
1 - Software; Archivo: medios.php; Acción: Lista las facturas en facturación; Fecha: 06-08-2025; Hora: 14:33:35
1 - Software; Archivo: medios.php; Acción: Lista las facturas en facturación; Fecha: 06-08-2025; Hora: 14:33:35
1 - Software; Archivo: medios.php; Acción: Lista las facturas en facturación; Fecha: 06-08-2025; Hora: 14:33:35
1 - Software; Archivo: medios.php; Acción: Lista las facturas en facturación; Fecha: 06-08-2025; Hora: 14:36:36
1 - Software; Archivo: medios.php; Acción: Lista las facturas en facturación; Fecha: 06-08-2025; Hora: 14:36:36
1 - Software; Archivo: medios.php; Acción: Lista las facturas en facturación; Fecha: 06-08-2025; Hora: 14:36:36
1 - Software; Archivo: medios.php; Acción: Lista las facturas en facturación; Fecha: 06-08-2025; Hora: 14:37:26
1 - Software; Archivo: medios.php; Acción: Lista las facturas en facturación; Fecha: 06-08-2025; Hora: 14:37:26
1 - Software; Archivo: medios.php; Acción: Lista las facturas en facturación; Fecha: 06-08-2025; Hora: 14:37:26
1 - Software; Archivo: medios.php; Acción: Lista las facturas en facturación; Fecha: 06-08-2025; Hora: 14:37:27
1 - Software; Archivo: medios.php; Acción: Lista las facturas en facturación; Fecha: 06-08-2025; Hora: 14:37:27
1 - Software; Archivo: medios.php; Acción: Lista las facturas en facturación; Fecha: 06-08-2025; Hora: 14:37:27
1 - Software; Archivo: medios.php; Acción: Lista las facturas en facturación; Fecha: 06-08-2025; Hora: 14:37:30
1 - Software; Archivo: medios.php; Acción: Lista las facturas en facturación; Fecha: 06-08-2025; Hora: 14:37:30
1 - Software; Archivo: medios.php; Acción: Lista las facturas en facturación; Fecha: 06-08-2025; Hora: 14:37:30
1 - Software; Archivo: medios.php; Acción: Lista las facturas en facturación; Fecha: 06-08-2025; Hora: 14:39:17
1 - Software; Archivo: medios.php; Acción: Lista las facturas en facturación; Fecha: 06-08-2025; Hora: 14:39:17
1 - Software; Archivo: medios.php; Acción: Lista las facturas en facturación; Fecha: 06-08-2025; Hora: 14:39:17
1 - Software; Archivo: medios.php; Acción: Lista las facturas en facturación; Fecha: 06-08-2025; Hora: 14:39:19
1 - Software; Archivo: medios.php; Acción: Lista las facturas en facturación; Fecha: 06-08-2025; Hora: 14:39:19
1 - Software; Archivo: medios.php; Acción: Lista las facturas en facturación; Fecha: 06-08-2025; Hora: 14:39:19
1 - Software; Archivo: medios.php; Acción: Lista las facturas en facturación; Fecha: 06-08-2025; Hora: 14:39:37
1 - Software; Archivo: medios.php; Acción: Lista las facturas en facturación; Fecha: 06-08-2025; Hora: 14:39:37
1 - Software; Archivo: medios.php; Acción: Lista las facturas en facturación; Fecha: 06-08-2025; Hora: 14:39:37
1 - Software; Archivo: medios.php; Acción: Lista las facturas en facturación; Fecha: 06-08-2025; Hora: 14:39:58
1 - Software; Archivo: medios.php; Acción: Lista las facturas en facturación; Fecha: 06-08-2025; Hora: 14:39:58
1 - Software; Archivo: medios.php; Acción: Lista las facturas en facturación; Fecha: 06-08-2025; Hora: 14:39:58
1 - Software; Archivo: medios.php; Acción: Lista las facturas en facturación; Fecha: 06-08-2025; Hora: 14:42:41
1 - Software; Archivo: medios.php; Acción: Lista las facturas en facturación; Fecha: 06-08-2025; Hora: 14:42:41
1 - Software; Archivo: medios.php; Acción: Lista las facturas en facturación; Fecha: 06-08-2025; Hora: 14:42:41
1 - Software; Archivo: medios.php; Acción: Lista las facturas en facturación; Fecha: 06-08-2025; Hora: 14:42:43
1 - Software; Archivo: medios.php; Acción: Lista las facturas en facturación; Fecha: 06-08-2025; Hora: 14:42:43
1 - Software; Archivo: medios.php; Acción: Lista las facturas en facturación; Fecha: 06-08-2025; Hora: 14:42:43
1 - Software; Archivo: medios.php; Acción: Lista las facturas en facturación; Fecha: 06-08-2025; Hora: 14:42:54
1 - Software; Archivo: medios.php; Acción: Lista las facturas en facturación; Fecha: 06-08-2025; Hora: 14:42:54
1 - Software; Archivo: medios.php; Acción: Lista las facturas en facturación; Fecha: 06-08-2025; Hora: 14:42:54
1 - Software; Archivo: medios.php; Acción: Lista las facturas en facturación; Fecha: 06-08-2025; Hora: 14:42:55
1 - Software; Archivo: medios.php; Acción: Lista las facturas en facturación; Fecha: 06-08-2025; Hora: 14:42:55
1 - Software; Archivo: medios.php; Acción: Lista las facturas en facturación; Fecha: 06-08-2025; Hora: 14:42:55
1 - Software; Archivo: medios.php; Acción: Lista las facturas en facturación; Fecha: 06-08-2025; Hora: 14:43:15
1 - Software; Archivo: medios.php; Acción: Lista las facturas en facturación; Fecha: 06-08-2025; Hora: 14:43:15
1 - Software; Archivo: medios.php; Acción: Lista las facturas en facturación; Fecha: 06-08-2025; Hora: 14:43:21
1 - Software; Archivo: medios.php; Acción: Lista las facturas en facturación; Fecha: 06-08-2025; Hora: 14:43:21
1 - Software; Archivo: medios.php; Acción: Lista las facturas en facturación; Fecha: 06-08-2025; Hora: 14:43:21
1 - Software; Archivo: medios.php; Acción: Lista las facturas en facturación; Fecha: 06-08-2025; Hora: 14:43:23
1 - Software; Archivo: medios.php; Acción: Lista las facturas en facturación; Fecha: 06-08-2025; Hora: 14:43:23
1 - Software; Archivo: medios.php; Acción: Lista las facturas en facturación; Fecha: 06-08-2025; Hora: 14:43:23
1 - Software; Archivo: medios.php; Acción: Lista las facturas en facturación; Fecha: 06-08-2025; Hora: 14:44:57
1 - Software; Archivo: medios.php; Acción: Lista las facturas en facturación; Fecha: 06-08-2025; Hora: 14:44:57
1 - Software; Archivo: medios.php; Acción: Lista las facturas en facturación; Fecha: 06-08-2025; Hora: 14:44:57
1 - Software; Archivo: medios.php; Acción: Lista las facturas en facturación; Fecha: 06-08-2025; Hora: 14:45:07
1 - Software; Archivo: medios.php; Acción: Lista las facturas en facturación; Fecha: 06-08-2025; Hora: 14:45:07
1 - Software; Archivo: medios.php; Acción: Lista las facturas en facturación; Fecha: 06-08-2025; Hora: 14:45:07
1 - Software; Archivo: medios.php; Acción: Lista las facturas en facturación; Fecha: 06-08-2025; Hora: 14:45:15
1 - Software; Archivo: medios.php; Acción: Lista las facturas en facturación; Fecha: 06-08-2025; Hora: 14:45:15
1 - Software; Archivo: medios.php; Acción: Lista las facturas en facturación; Fecha: 06-08-2025; Hora: 14:45:15
1 - Software; Archivo: medios.php; Acción: Lista las facturas en facturación; Fecha: 06-08-2025; Hora: 15:00:37
1 - Software; Archivo: medios.php; Acción: Lista las facturas en facturación; Fecha: 06-08-2025; Hora: 15:00:38
1 - Software; Archivo: medios.php; Acción: Lista las facturas en facturación; Fecha: 06-08-2025; Hora: 15:00:38
1 - Software; Archivo: medios.php; Acción: Lista las facturas en facturación; Fecha: 06-08-2025; Hora: 15:01:08
1 - Software; Archivo: medios.php; Acción: Lista las facturas en facturación; Fecha: 06-08-2025; Hora: 15:01:09
1 - Software; Archivo: medios.php; Acción: Lista las facturas en facturación; Fecha: 06-08-2025; Hora: 15:01:09
1 - Software; Archivo: medios.php; Acción: Lista las facturas en facturación; Fecha: 06-08-2025; Hora: 15:04:11
1 - Software; Archivo: medios.php; Acción: Lista las facturas en facturación; Fecha: 06-08-2025; Hora: 15:04:11
1 - Software; Archivo: medios.php; Acción: Lista las facturas en facturación; Fecha: 06-08-2025; Hora: 15:04:11
1 - Software; Archivo: medios.php; Acción: Lista las facturas en facturación; Fecha: 06-08-2025; Hora: 15:04:13
1 - Software; Archivo: medios.php; Acción: Lista las facturas en facturación; Fecha: 06-08-2025; Hora: 15:04:13
1 - Software; Archivo: medios.php; Acción: Lista las facturas en facturación; Fecha: 06-08-2025; Hora: 15:04:13
1 - Software; Archivo: medios.php; Acción: Lista las facturas en facturación; Fecha: 06-08-2025; Hora: 15:06:26
1 - Software; Archivo: medios.php; Acción: Lista las facturas en facturación; Fecha: 06-08-2025; Hora: 15:06:26
1 - Software; Archivo: medios.php; Acción: Lista las facturas en facturación; Fecha: 06-08-2025; Hora: 15:06:26
1 - Software; Archivo: medios.php; Acción: Lista las facturas en facturación; Fecha: 06-08-2025; Hora: 15:06:40
1 - Software; Archivo: medios.php; Acción: Lista las facturas en facturación; Fecha: 06-08-2025; Hora: 15:06:40
1 - Software; Archivo: medios.php; Acción: Lista las facturas en facturación; Fecha: 06-08-2025; Hora: 15:06:40
1 - Software; Archivo: medios.php; Acción: Lista las facturas en facturación; Fecha: 06-08-2025; Hora: 15:07:08
1 - Software; Archivo: medios.php; Acción: Lista las facturas en facturación; Fecha: 06-08-2025; Hora: 15:07:08
1 - Software; Archivo: medios.php; Acción: Lista las facturas en facturación; Fecha: 06-08-2025; Hora: 15:07:08
1 - Software; Archivo: medios.php; Acción: Lista las facturas en facturación; Fecha: 06-08-2025; Hora: 15:08:07
1 - Software; Archivo: medios.php; Acción: Lista las facturas en facturación; Fecha: 06-08-2025; Hora: 15:08:07
1 - Software; Archivo: medios.php; Acción: Lista las facturas en facturación; Fecha: 06-08-2025; Hora: 15:08:07
1 - Software; Archivo: medios.php; Acción: Lista las facturas en facturación; Fecha: 06-08-2025; Hora: 15:09:01
1 - Software; Archivo: medios.php; Acción: Lista las facturas en facturación; Fecha: 06-08-2025; Hora: 15:09:01
1 - Software; Archivo: medios.php; Acción: Lista las facturas en facturación; Fecha: 06-08-2025; Hora: 15:09:01
1 - Software; Archivo: medios.php; Acción: Lista las facturas en facturación; Fecha: 06-08-2025; Hora: 15:10:33
1 - Software; Archivo: medios.php; Acción: Lista las facturas en facturación; Fecha: 06-08-2025; Hora: 15:10:33
1 - Software; Archivo: medios.php; Acción: Lista las facturas en facturación; Fecha: 06-08-2025; Hora: 15:10:33
1 - Software; Archivo: medios.php; Acción: Lista las facturas en facturación; Fecha: 06-08-2025; Hora: 15:11:10
1 - Software; Archivo: medios.php; Acción: Lista las facturas en facturación; Fecha: 06-08-2025; Hora: 15:11:11
1 - Software; Archivo: medios.php; Acción: Lista las facturas en facturación; Fecha: 06-08-2025; Hora: 15:11:11
1 - Software; Archivo: medios.php; Acción: Lista las facturas en facturación; Fecha: 06-08-2025; Hora: 15:11:32
1 - Software; Archivo: medios.php; Acción: Lista las facturas en facturación; Fecha: 06-08-2025; Hora: 15:11:34
1 - Software; Archivo: medios.php; Acción: Lista las facturas en facturación; Fecha: 06-08-2025; Hora: 15:11:34
1 - Software; Archivo: medios.php; Acción: Lista las facturas en facturación; Fecha: 06-08-2025; Hora: 15:12:03
1 - Software; Archivo: medios.php; Acción: Lista las facturas en facturación; Fecha: 06-08-2025; Hora: 15:12:03
1 - Software; Archivo: medios.php; Acción: Lista las facturas en facturación; Fecha: 06-08-2025; Hora: 15:12:03
1 - Software; Archivo: medios.php; Acción: Lista las facturas en facturación; Fecha: 06-08-2025; Hora: 15:12:34
1 - Software; Archivo: medios.php; Acción: Lista las facturas en facturación; Fecha: 06-08-2025; Hora: 15:12:34
1 - Software; Archivo: medios.php; Acción: Lista las facturas en facturación; Fecha: 06-08-2025; Hora: 15:12:34
1 - Software; Archivo: medios.php; Acción: Lista las facturas en facturación; Fecha: 06-08-2025; Hora: 15:16:07
1 - Software; Archivo: medios.php; Acción: Lista las facturas en facturación; Fecha: 06-08-2025; Hora: 15:16:07
1 - Software; Archivo: medios.php; Acción: Lista las facturas en facturación; Fecha: 06-08-2025; Hora: 15:16:07
1 - Software; Archivo: medios.php; Acción: Lista las facturas en facturación; Fecha: 06-08-2025; Hora: 15:16:10
1 - Software; Archivo: medios.php; Acción: Lista las facturas en facturación; Fecha: 06-08-2025; Hora: 15:16:10
1 - Software; Archivo: medios.php; Acción: Lista las facturas en facturación; Fecha: 06-08-2025; Hora: 15:16:10
1 - Software; Archivo: medios.php; Acción: Lista las facturas en facturación; Fecha: 06-08-2025; Hora: 15:16:12
1 - Software; Archivo: medios.php; Acción: Lista las facturas en facturación; Fecha: 06-08-2025; Hora: 15:16:12
1 - Software; Archivo: medios.php; Acción: Lista las facturas en facturación; Fecha: 06-08-2025; Hora: 15:16:12
1 - Software; Archivo: medios.php; Acción: Lista las facturas en facturación; Fecha: 06-08-2025; Hora: 15:16:45
1 - Software; Archivo: medios.php; Acción: Lista las facturas en facturación; Fecha: 06-08-2025; Hora: 15:16:45
1 - Software; Archivo: medios.php; Acción: Lista las facturas en facturación; Fecha: 06-08-2025; Hora: 15:16:45
1 - Software; Archivo: medios.php; Acción: Lista las facturas en facturación; Fecha: 06-08-2025; Hora: 15:17:18
1 - Software; Archivo: medios.php; Acción: Lista las facturas en facturación; Fecha: 06-08-2025; Hora: 15:17:18
1 - Software; Archivo: medios.php; Acción: Lista las facturas en facturación; Fecha: 06-08-2025; Hora: 15:17:18
1 - Software; Archivo: medios.php; Acción: Lista las facturas en facturación; Fecha: 06-08-2025; Hora: 15:17:20
1 - Software; Archivo: medios.php; Acción: Lista las facturas en facturación; Fecha: 06-08-2025; Hora: 15:17:20
1 - Software; Archivo: medios.php; Acción: Lista las facturas en facturación; Fecha: 06-08-2025; Hora: 15:17:20
1 - Software; Archivo: medios.php; Acción: Lista las facturas en facturación; Fecha: 06-08-2025; Hora: 15:17:22
1 - Software; Archivo: medios.php; Acción: Lista las facturas en facturación; Fecha: 06-08-2025; Hora: 15:17:22
1 - Software; Archivo: medios.php; Acción: Lista las facturas en facturación; Fecha: 06-08-2025; Hora: 15:17:22
1 - Software; Archivo: medios.php; Acción: Lista las facturas en facturación; Fecha: 06-08-2025; Hora: 15:17:37
1 - Software; Archivo: medios.php; Acción: Lista las facturas en facturación; Fecha: 06-08-2025; Hora: 15:17:37
1 - Software; Archivo: medios.php; Acción: Lista las facturas en facturación; Fecha: 06-08-2025; Hora: 15:17:37
1 - Software; Archivo: medios.php; Acción: Lista las facturas en facturación; Fecha: 06-08-2025; Hora: 15:17:46
1 - Software; Archivo: medios.php; Acción: Lista las facturas en facturación; Fecha: 06-08-2025; Hora: 15:17:46
1 - Software; Archivo: medios.php; Acción: Lista las facturas en facturación; Fecha: 06-08-2025; Hora: 15:17:46
1 - Software; Archivo: medios.php; Acción: Lista las facturas en facturación; Fecha: 06-08-2025; Hora: 15:17:48
1 - Software; Archivo: medios.php; Acción: Lista las facturas en facturación; Fecha: 06-08-2025; Hora: 15:17:48
1 - Software; Archivo: medios.php; Acción: Lista las facturas en facturación; Fecha: 06-08-2025; Hora: 15:17:48
1 - Software; Archivo: medios.php; Acción: Lista las facturas en facturación; Fecha: 06-08-2025; Hora: 15:17:48
1 - Software; Archivo: medios.php; Acción: Lista las facturas en facturación; Fecha: 06-08-2025; Hora: 15:17:48
1 - Software; Archivo: medios.php; Acción: Lista las facturas en facturación; Fecha: 06-08-2025; Hora: 15:17:48
1 - Software; Archivo: medios.php; Acción: Lista las facturas en facturación; Fecha: 06-08-2025; Hora: 15:17:49
1 - Software; Archivo: medios.php; Acción: Lista las facturas en facturación; Fecha: 06-08-2025; Hora: 15:17:49
1 - Software; Archivo: medios.php; Acción: Lista las facturas en facturación; Fecha: 06-08-2025; Hora: 15:17:49
1 - Software; Archivo: medios.php; Acción: Lista las facturas en facturación; Fecha: 06-08-2025; Hora: 15:19:25
1 - Software; Archivo: medios.php; Acción: Lista las facturas en facturación; Fecha: 06-08-2025; Hora: 15:19:25
1 - Software; Archivo: medios.php; Acción: Lista las facturas en facturación; Fecha: 06-08-2025; Hora: 15:19:25
1 - Software; Archivo: medios.php; Acción: Lista las facturas en facturación; Fecha: 06-08-2025; Hora: 15:19:28
1 - Software; Archivo: medios.php; Acción: Lista las facturas en facturación; Fecha: 06-08-2025; Hora: 15:19:28
1 - Software; Archivo: medios.php; Acción: Lista las facturas en facturación; Fecha: 06-08-2025; Hora: 15:19:28
1 - Software; Archivo: medios.php; Acción: Lista las facturas en facturación; Fecha: 06-08-2025; Hora: 15:21:50
1 - Software; Archivo: medios.php; Acción: Lista las facturas en facturación; Fecha: 06-08-2025; Hora: 15:21:50
1 - Software; Archivo: medios.php; Acción: Lista las facturas en facturación; Fecha: 06-08-2025; Hora: 15:21:50
1 - Software; Archivo: medios.php; Acción: Lista las facturas en facturación; Fecha: 06-08-2025; Hora: 15:21:55
1 - Software; Archivo: medios.php; Acción: Lista las facturas en facturación; Fecha: 06-08-2025; Hora: 15:21:55
1 - Software; Archivo: medios.php; Acción: Lista las facturas en facturación; Fecha: 06-08-2025; Hora: 15:21:55
1 - Software; Archivo: medios.php; Acción: Lista las facturas en facturación; Fecha: 06-08-2025; Hora: 15:23:10
1 - Software; Archivo: medios.php; Acción: Lista las facturas en facturación; Fecha: 06-08-2025; Hora: 15:23:10
1 - Software; Archivo: medios.php; Acción: Lista las facturas en facturación; Fecha: 06-08-2025; Hora: 15:23:10
1 - Software; Archivo: medios.php; Acción: Lista las facturas en facturación; Fecha: 06-08-2025; Hora: 15:23:14
1 - Software; Archivo: medios.php; Acción: Lista las facturas en facturación; Fecha: 06-08-2025; Hora: 15:23:14
1 - Software; Archivo: medios.php; Acción: Lista las facturas en facturación; Fecha: 06-08-2025; Hora: 15:23:14
1 - Software; Archivo: medios.php; Acción: Lista las facturas en facturación; Fecha: 06-08-2025; Hora: 15:23:15
1 - Software; Archivo: medios.php; Acción: Lista las facturas en facturación; Fecha: 06-08-2025; Hora: 15:23:15
1 - Software; Archivo: medios.php; Acción: Lista las facturas en facturación; Fecha: 06-08-2025; Hora: 15:23:15
1 - Software; Archivo: medios.php; Acción: Lista las facturas en facturación; Fecha: 06-08-2025; Hora: 15:25:36
1 - Software; Archivo: medios.php; Acción: Lista las facturas en facturación; Fecha: 06-08-2025; Hora: 15:25:36
1 - Software; Archivo: medios.php; Acción: Lista las facturas en facturación; Fecha: 06-08-2025; Hora: 15:25:36
1 - Software; Archivo: medios.php; Acción: Lista las facturas en facturación; Fecha: 06-08-2025; Hora: 15:25:36
1 - Software; Archivo: medios.php; Acción: Lista las facturas en facturación; Fecha: 06-08-2025; Hora: 15:25:39
1 - Software; Archivo: medios.php; Acción: Lista las facturas en facturación; Fecha: 06-08-2025; Hora: 15:25:39
1 - Software; Archivo: medios.php; Acción: Lista las facturas en facturación; Fecha: 06-08-2025; Hora: 15:25:39
1 - Software; Archivo: medios.php; Acción: Lista las facturas en facturación; Fecha: 06-08-2025; Hora: 15:25:40
1 - Software; Archivo: proforma.php; Acción: La proforma 21fue activada; Fecha: 06-08-2025; Hora: 15:26:54
1 - Software; Archivo: medios.php; Acción: Lista las facturas en facturación; Fecha: 06-08-2025; Hora: 15:26:54
1 - Software; Archivo: medios.php; Acción: Lista las facturas en facturación; Fecha: 06-08-2025; Hora: 15:26:54
1 - Software; Archivo: medios.php; Acción: Lista las facturas en facturación; Fecha: 06-08-2025; Hora: 15:28:36
1 - Software; Archivo: medios.php; Acción: Lista las facturas en facturación; Fecha: 06-08-2025; Hora: 15:28:36
1 - Software; Archivo: medios.php; Acción: Lista las facturas en facturación; Fecha: 06-08-2025; Hora: 15:28:36
1 - Software; Archivo: medios.php; Acción: Lista las facturas en facturación; Fecha: 06-08-2025; Hora: 15:28:36
1 - Software; Archivo: medios.php; Acción: Lista las facturas en facturación; Fecha: 06-08-2025; Hora: 15:28:38
1 - Software; Archivo: medios.php; Acción: Lista las facturas en facturación; Fecha: 06-08-2025; Hora: 15:28:38
1 - Software; Archivo: medios.php; Acción: Lista las facturas en facturación; Fecha: 06-08-2025; Hora: 15:28:38
1 - Software; Archivo: medios.php; Acción: Lista las facturas en facturación; Fecha: 06-08-2025; Hora: 15:28:38
1 - Software; Archivo: medios.php; Acción: Lista las facturas en facturación; Fecha: 06-08-2025; Hora: 15:28:42
1 - Software; Archivo: medios.php; Acción: Lista las facturas en facturación; Fecha: 06-08-2025; Hora: 15:28:42
1 - Software; Archivo: medios.php; Acción: Lista las facturas en facturación; Fecha: 06-08-2025; Hora: 15:28:42
1 - Software; Archivo: medios.php; Acción: Lista las facturas en facturación; Fecha: 06-08-2025; Hora: 15:28:42
1 - Software; Archivo: medios.php; Acción: Lista las facturas en facturación; Fecha: 06-08-2025; Hora: 15:28:46
1 - Software; Archivo: medios.php; Acción: Lista las facturas en facturación; Fecha: 06-08-2025; Hora: 15:28:46
1 - Software; Archivo: medios.php; Acción: Lista las facturas en facturación; Fecha: 06-08-2025; Hora: 15:28:46
1 - Software; Archivo: medios.php; Acción: Lista las facturas en facturación; Fecha: 06-08-2025; Hora: 15:28:46
1 - Software; Archivo: medios.php; Acción: Lista las facturas en facturación; Fecha: 06-08-2025; Hora: 15:28:48
1 - Software; Archivo: medios.php; Acción: Lista las facturas en facturación; Fecha: 06-08-2025; Hora: 15:28:48
1 - Software; Archivo: medios.php; Acción: Lista las facturas en facturación; Fecha: 06-08-2025; Hora: 15:28:48
1 - Software; Archivo: medios.php; Acción: Lista las facturas en facturación; Fecha: 06-08-2025; Hora: 15:28:48
1 - Software; Archivo: medios.php; Acción: Lista las facturas en facturación; Fecha: 06-08-2025; Hora: 15:29:35
1 - Software; Archivo: medios.php; Acción: Lista las facturas en facturación; Fecha: 06-08-2025; Hora: 15:29:35
1 - Software; Archivo: medios.php; Acción: Lista las facturas en facturación; Fecha: 06-08-2025; Hora: 15:29:35
1 - Software; Archivo: medios.php; Acción: Lista las facturas en facturación; Fecha: 06-08-2025; Hora: 15:29:35
1 - Software; Archivo: medios.php; Acción: Lista las facturas en facturación; Fecha: 06-08-2025; Hora: 15:29:36
1 - Software; Archivo: medios.php; Acción: Lista las facturas en facturación; Fecha: 06-08-2025; Hora: 15:29:36
1 - Software; Archivo: medios.php; Acción: Lista las facturas en facturación; Fecha: 06-08-2025; Hora: 15:29:36
1 - Software; Archivo: medios.php; Acción: Lista las facturas en facturación; Fecha: 06-08-2025; Hora: 15:29:36
ID: 1 - Nombre: Software - IP: 192.168.31.3; Archivo: usuario.php; Acción: Se hace login; Fecha: 06-08-2025; Hora: 20:43:24
1 - Software; Archivo: pagos.php; Acción: Recoger los medios de pago; Fecha: 06-08-2025; Hora: 20:45:06
1 - Software; Archivo: tarifaAloja.php; Acción: Lista las tarifas de alojamiento; Fecha: 06-08-2025; Hora: 20:45:06
1 - Software; Archivo: tarifaAloja.php; Acción: Lista las tarifas de alojamiento; Fecha: 06-08-2025; Hora: 20:47:30
1 - Software; Archivo: tarifaAloja.php; Acción: Lista las tarifas de alojamiento; Fecha: 06-08-2025; Hora: 20:52:26
1 - Software; Archivo: tarifaAloja.php; Acción: Lista las tarifas de alojamiento; Fecha: 06-08-2025; Hora: 20:55:32
1 - Software; Archivo: tarifaAloja.php; Acción: Lista las tarifas de alojamiento; Fecha: 06-08-2025; Hora: 20:56:09
1 - Software; Archivo: tarifaAloja.php; Acción: Lista las tarifas de alojamiento; Fecha: 06-08-2025; Hora: 21:07:17
1 - Software; Archivo: tarifaAloja.php; Acción: Lista las tarifas de alojamiento; Fecha: 06-08-2025; Hora: 21:09:33
1 - Software; Archivo: tarifaAloja.php; Acción: Lista las tarifas de alojamiento; Fecha: 06-08-2025; Hora: 21:10:05
1 - Software; Archivo: tarifaAloja.php; Acción: Lista las tarifas de alojamiento; Fecha: 06-08-2025; Hora: 21:10:45
1 - Software; Archivo: tarifaAloja.php; Acción: Lista las tarifas de alojamiento; Fecha: 06-08-2025; Hora: 21:10:52
1 - Software; Archivo: tarifaAloja.php; Acción: Lista las tarifas de alojamiento; Fecha: 06-08-2025; Hora: 21:12:02
1 - Software; Archivo: tarifaAloja.php; Acción: Lista las tarifas de alojamiento; Fecha: 06-08-2025; Hora: 21:13:19
1 - Software; Archivo: tarifaAloja.php; Acción: Lista las tarifas de alojamiento; Fecha: 06-08-2025; Hora: 21:13:25
1 - Software; Archivo: tarifaAloja.php; Acción: Lista las tarifas de alojamiento; Fecha: 06-08-2025; Hora: 21:13:27
1 - Software; Archivo: tarifaAloja.php; Acción: Lista las tarifas de alojamiento; Fecha: 06-08-2025; Hora: 21:13:36
1 - Software; Archivo: tarifaAloja.php; Acción: Lista las tarifas de alojamiento; Fecha: 06-08-2025; Hora: 21:14:02
1 - Software; Archivo: tarifaAloja.php; Acción: Lista las tarifas de alojamiento; Fecha: 06-08-2025; Hora: 21:14:11
1 - Software; Archivo: tarifaAloja.php; Acción: Lista las tarifas de alojamiento; Fecha: 06-08-2025; Hora: 21:19:59
1 - Software; Archivo: tarifaAloja.php; Acción: Lista las tarifas de alojamiento; Fecha: 06-08-2025; Hora: 21:20:08
1 - Software; Archivo: tarifaAloja.php; Acción: Lista las tarifas de alojamiento; Fecha: 06-08-2025; Hora: 21:20:22
1 - Software; Archivo: tarifaAloja.php; Acción: Lista las tarifas de alojamiento; Fecha: 06-08-2025; Hora: 21:25:21
1 - Software; Archivo: tarifaAloja.php; Acción: Lista las tarifas de alojamiento; Fecha: 06-08-2025; Hora: 21:25:36
1 - Software; Archivo: tarifaAloja.php; Acción: Lista las tarifas de alojamiento; Fecha: 06-08-2025; Hora: 21:25:42
1 - Software; Archivo: tarifaAloja.php; Acción: Lista las tarifas de alojamiento; Fecha: 06-08-2025; Hora: 21:26:07
1 - Software; Archivo: tarifaAloja.php; Acción: Lista las tarifas de alojamiento; Fecha: 06-08-2025; Hora: 21:26:10
1 - Software; Archivo: tarifaAloja.php; Acción: Lista las tarifas de alojamiento; Fecha: 06-08-2025; Hora: 21:26:19
1 - Software; Archivo: tarifaAloja.php; Acción: Lista las tarifas de alojamiento; Fecha: 06-08-2025; Hora: 21:26:39
1 - Software; Archivo: tarifaAloja.php; Acción: Lista las tarifas de alojamiento; Fecha: 06-08-2025; Hora: 21:26:49
1 - Software; Archivo: tarifaAloja.php; Acción: Lista las tarifas de alojamiento; Fecha: 06-08-2025; Hora: 21:27:43
1 - Software; Archivo: tarifaAloja.php; Acción: Lista las tarifas de alojamiento; Fecha: 06-08-2025; Hora: 21:27:51
1 - Software; Archivo: tarifaAloja.php; Acción: Lista las tarifas de alojamiento; Fecha: 06-08-2025; Hora: 21:27:53
1 - Software; Archivo: proforma.php; Acción: La proforma 18fue activada; Fecha: 06-08-2025; Hora: 21:38:12
1 - Software; Archivo: proforma.php; Acción: La factura 18fue desactivada; Fecha: 06-08-2025; Hora: 21:38:15
1 - Software; Archivo: proforma.php; Acción: La proforma 19fue activada; Fecha: 06-08-2025; Hora: 21:40:13
1 - Software; Archivo: tarifaAloja.php; Acción: Lista las tarifas de alojamiento; Fecha: 06-08-2025; Hora: 21:41:00
1 - Software; Archivo: proforma.php; Acción: La proforma 18fue activada; Fecha: 06-08-2025; Hora: 21:41:10
1 - Software; Archivo: tarifaAloja.php; Acción: Lista las tarifas de alojamiento; Fecha: 06-08-2025; Hora: 21:41:15
1 - Software; Archivo: proforma.php; Acción: La factura 18fue desactivada; Fecha: 06-08-2025; Hora: 21:41:17
1 - Software; Archivo: tarifaAloja.php; Acción: Lista las tarifas de alojamiento; Fecha: 06-08-2025; Hora: 21:41:21
1 - Software; Archivo: proforma.php; Acción: La proforma 18fue activada; Fecha: 06-08-2025; Hora: 21:41:24
1 - Software; Archivo: tarifaAloja.php; Acción: Lista las tarifas de alojamiento; Fecha: 06-08-2025; Hora: 21:41:26
1 - Software; Archivo: proforma.php; Acción: La proforma 22fue activada; Fecha: 06-08-2025; Hora: 21:41:30
1 - Software; Archivo: tarifaAloja.php; Acción: Lista las tarifas de alojamiento; Fecha: 06-08-2025; Hora: 21:41:35
1 - Software; Archivo: tarifaAloja.php; Acción: Lista las tarifas de alojamiento; Fecha: 06-08-2025; Hora: 21:43:29
1 - Software; Archivo: tarifaAloja.php; Acción: Lista las tarifas de alojamiento; Fecha: 06-08-2025; Hora: 21:43:43
1 - Software; Archivo: tarifaAloja.php; Acción: Lista las tarifas de alojamiento; Fecha: 06-08-2025; Hora: 21:44:15
1 - Software; Archivo: tarifaAloja.php; Acción: Lista las tarifas de alojamiento; Fecha: 06-08-2025; Hora: 21:45:41
1 - Software; Archivo: tarifaAloja.php; Acción: Lista las tarifas de alojamiento; Fecha: 06-08-2025; Hora: 21:45:45
1 - Software; Archivo: tarifaAloja.php; Acción: Lista las tarifas de alojamiento; Fecha: 06-08-2025; Hora: 21:46:02
1 - Software; Archivo: tarifaAloja.php; Acción: Lista las tarifas de alojamiento; Fecha: 06-08-2025; Hora: 21:46:25
1 - Software; Archivo: tarifaAloja.php; Acción: Lista las tarifas de alojamiento; Fecha: 06-08-2025; Hora: 21:53:43
1 - Software; Archivo: tarifaAloja.php; Acción: Lista las tarifas de alojamiento; Fecha: 06-08-2025; Hora: 21:59:30
1 - Software; Archivo: tarifaAloja.php; Acción: Lista las tarifas de alojamiento; Fecha: 06-08-2025; Hora: 22:00:16
1 - Software; Archivo: tarifaAloja.php; Acción: Lista las tarifas de alojamiento; Fecha: 06-08-2025; Hora: 22:00:24
1 - Software; Archivo: tarifaAloja.php; Acción: Lista las tarifas de alojamiento; Fecha: 06-08-2025; Hora: 22:23:04
1 - Software; Archivo: tarifaAloja.php; Acción: Lista las tarifas de alojamiento; Fecha: 06-08-2025; Hora: 22:23:30
1 - Software; Archivo: tarifaAloja.php; Acción: Lista las tarifas de alojamiento; Fecha: 06-08-2025; Hora: 22:24:14
1 - Software; Archivo: tarifaAloja.php; Acción: Lista las tarifas de alojamiento; Fecha: 06-08-2025; Hora: 22:24:16
1 - Software; Archivo: tarifaAloja.php; Acción: Lista las tarifas de alojamiento; Fecha: 06-08-2025; Hora: 22:33:06
1 - Software; Archivo: tarifaAloja.php; Acción: Lista las tarifas de alojamiento; Fecha: 06-08-2025; Hora: 22:50:35
1 - Software; Archivo: tarifaAloja.php; Acción: Lista las tarifas de alojamiento; Fecha: 06-08-2025; Hora: 22:56:43
1 - Software; Archivo: tarifaAloja.php; Acción: Lista las tarifas de alojamiento; Fecha: 06-08-2025; Hora: 22:56:53
1 - Software; Archivo: tarifaAloja.php; Acción: Lista las tarifas de alojamiento; Fecha: 06-08-2025; Hora: 22:57:15
1 - Software; Archivo: tarifaAloja.php; Acción: Lista las tarifas de alojamiento; Fecha: 06-08-2025; Hora: 23:04:52
1 - Software; Archivo: tarifaAloja.php; Acción: Lista las tarifas de alojamiento; Fecha: 06-08-2025; Hora: 23:05:36
1 - Software; Archivo: tarifaAloja.php; Acción: Lista las tarifas de alojamiento; Fecha: 06-08-2025; Hora: 23:19:40
1 - Software; Archivo: tarifaAloja.php; Acción: Lista las tarifas de alojamiento; Fecha: 06-08-2025; Hora: 23:21:02
1 - Software; Archivo: tarifaAloja.php; Acción: Lista las tarifas de alojamiento; Fecha: 06-08-2025; Hora: 23:22:03
1 - Software; Archivo: tarifaAloja.php; Acción: Lista las tarifas de alojamiento; Fecha: 06-08-2025; Hora: 23:22:19
1 - Software; Archivo: tarifaAloja.php; Acción: Lista las tarifas de alojamiento; Fecha: 06-08-2025; Hora: 23:22:23
1 - Software; Archivo: tarifaAloja.php; Acción: Lista las tarifas de alojamiento; Fecha: 06-08-2025; Hora: 23:33:38
1 - Software; Archivo: tarifaAloja.php; Acción: Lista las tarifas de alojamiento; Fecha: 06-08-2025; Hora: 23:34:19
1 - Software; Archivo: tarifaAloja.php; Acción: Lista las tarifas de alojamiento; Fecha: 06-08-2025; Hora: 23:34:39
1 - Software; Archivo: tarifaAloja.php; Acción: Lista las tarifas de alojamiento; Fecha: 06-08-2025; Hora: 23:35:09
1 - Software; Archivo: tarifaAloja.php; Acción: Lista las tarifas de alojamiento; Fecha: 06-08-2025; Hora: 23:35:37
1 - Software; Archivo: tarifaAloja.php; Acción: Lista las tarifas de alojamiento; Fecha: 06-08-2025; Hora: 23:35:53
1 - Software; Archivo: tarifaAloja.php; Acción: Lista las tarifas de alojamiento; Fecha: 06-08-2025; Hora: 23:36:52
1 - Software; Archivo: tarifaAloja.php; Acción: Lista las tarifas de alojamiento; Fecha: 06-08-2025; Hora: 23:36:53
1 - Software; Archivo: tarifaAloja.php; Acción: Lista las tarifas de alojamiento; Fecha: 06-08-2025; Hora: 23:37:20
1 - Software; Archivo: tarifaAloja.php; Acción: Lista las tarifas de alojamiento; Fecha: 06-08-2025; Hora: 23:46:54
1 - Software; Archivo: tarifaAloja.php; Acción: Lista las tarifas de alojamiento; Fecha: 06-08-2025; Hora: 23:47:07
1 - Software; Archivo: tarifaAloja.php; Acción: Lista las tarifas de alojamiento; Fecha: 06-08-2025; Hora: 23:47:13
1 - Software; Archivo: tarifaAloja.php; Acción: Lista las tarifas de alojamiento; Fecha: 06-08-2025; Hora: 23:47:32
1 - Software; Archivo: tarifaAloja.php; Acción: Lista las tarifas de alojamiento; Fecha: 06-08-2025; Hora: 23:56:56
1 - Software; Archivo: pagos.php; Acción: Recoger los medios de pago; Fecha: 06-08-2025; Hora: 23:56:58
1 - Software; Archivo: tarifaAloja.php; Acción: Lista las tarifas de alojamiento; Fecha: 06-08-2025; Hora: 23:56:58
1 - Software; Archivo: tarifaAloja.php; Acción: Lista las tarifas de alojamiento; Fecha: 06-08-2025; Hora: 23:58:02
1 - Software; Archivo: tarifaAloja.php; Acción: Lista las tarifas de alojamiento; Fecha: 06-08-2025; Hora: 23:58:09
