ID:  - Nombre:  - IP: 192.168.31.3; Archivo: usuario.php; Acción: Se hace login Alumno; Fecha: 23-06-2025; Hora: 08:55:30
ID: 1 - Nombre: Software - IP: 192.168.31.3; Archivo: usuario.php; Acción: Se hace login; Fecha: 23-06-2025; Hora: 08:55:37
ID: 1 - Nombre: Software - IP: 192.168.31.3; Archivo: usuario.php; Acción: Se hace login; Fecha: 23-06-2025; Hora: 10:11:02
1 - Software; Archivo: tipoCurso_Edu.php; Acción: Lista los tipos de curso; Fecha: 23-06-2025; Hora: 10:11:39
1 - Software; Archivo: tarifaAloja.php; Acción: Lista las tarifas de alojamiento; Fecha: 23-06-2025; Hora: 10:11:42
1 - Software; Archivo: idiomas.php; Acción: Lista los idiomas; Fecha: 23-06-2025; Hora: 10:11:47
1 - Software; Archivo: tipoCurso_Edu.php; Acción: Lista los tipos de curso; Fecha: 23-06-2025; Hora: 10:11:49
1 - Software; Archivo: niveles.php; Acción: Lista los niveles; Fecha: 23-06-2025; Hora: 10:11:50
1 - Software; Archivo: tipoCurso_Edu.php; Acción: Lista los tipos de curso; Fecha: 23-06-2025; Hora: 10:12:52
1 - Software; Archivo: idiomas.php; Acción: Lista los idiomas; Fecha: 23-06-2025; Hora: 10:12:55
1 - Software; Archivo: tarifaAloja.php; Acción: Lista las tarifas de alojamiento; Fecha: 23-06-2025; Hora: 10:13:01
1 - Software; Archivo: tipoCurso_Edu.php; Acción: Lista los tipos de curso; Fecha: 23-06-2025; Hora: 10:13:03
1 - Software; Archivo: tipoCurso_Edu.php; Acción: Lista los tipos de curso; Fecha: 23-06-2025; Hora: 10:13:44
1 - Software; Archivo: tipoCurso_Edu.php; Acción: Lista los tipos de curso; Fecha: 23-06-2025; Hora: 10:14:27
1 - Software; Archivo: tarifaAloja.php; Acción: Lista las tarifas de alojamiento; Fecha: 23-06-2025; Hora: 10:14:50
1 - Software; Archivo: idiomas.php; Acción: Lista los idiomas; Fecha: 23-06-2025; Hora: 10:14:53
1 - Software; Archivo: tipoCurso_Edu.php; Acción: Lista los tipos de curso; Fecha: 23-06-2025; Hora: 10:14:54
1 - Software; Archivo: niveles.php; Acción: Lista los niveles; Fecha: 23-06-2025; Hora: 10:14:55
1 - Software; Archivo: tipoCurso_Edu.php; Acción: Lista los tipos de curso; Fecha: 23-06-2025; Hora: 10:14:56
1 - Software; Archivo: idiomas.php; Acción: Lista los idiomas; Fecha: 23-06-2025; Hora: 10:14:57
ID: 1 - Nombre: Software - IP: 192.168.31.3; Archivo: usuario.php; Acción: Se hace login; Fecha: 23-06-2025; Hora: 10:56:52
1 - Software; Archivo: tipoCurso_Edu.php; Acción: Lista los tipos de curso; Fecha: 23-06-2025; Hora: 11:08:20
1 - Software; Archivo: tipoCurso_Edu.php; Acción: Lista los tipos de curso; Fecha: 23-06-2025; Hora: 11:17:21
1 - Software; Archivo: tipoCurso_Edu.php; Acción: Lista los tipos de curso; Fecha: 23-06-2025; Hora: 11:17:48
1 - Software; Archivo: tipoCurso_Edu.php; Acción: Lista los tipos de curso; Fecha: 23-06-2025; Hora: 11:17:50
1 - Software; Archivo: tipoCurso_Edu.php; Acción: Lista los tipos de curso; Fecha: 23-06-2025; Hora: 11:18:57
1 - Software; Archivo: tipoCurso_Edu.php; Acción: Lista los tipos de curso; Fecha: 23-06-2025; Hora: 11:18:58
1 - Software; Archivo: tipoCurso_Edu.php; Acción: Lista los tipos de curso; Fecha: 23-06-2025; Hora: 11:20:50
1 - Software; Archivo: tipoCurso_Edu.php; Acción: Lista los tipos de curso; Fecha: 23-06-2025; Hora: 11:20:51
1 - Software; Archivo: tipoCurso_Edu.php; Acción: Lista los tipos de curso; Fecha: 23-06-2025; Hora: 11:22:25
1 - Software; Archivo: tipoCurso_Edu.php; Acción: Lista los tipos de curso; Fecha: 23-06-2025; Hora: 11:22:26
1 - Software; Archivo: tipoCurso_Edu.php; Acción: Lista los tipos de curso; Fecha: 23-06-2025; Hora: 11:23:03
1 - Software; Archivo: tipoCurso_Edu.php; Acción: Lista los tipos de curso; Fecha: 23-06-2025; Hora: 11:23:03
1 - Software; Archivo: tipoCurso_Edu.php; Acción: Lista los tipos de curso; Fecha: 23-06-2025; Hora: 11:23:29
1 - Software; Archivo: tipoCurso_Edu.php; Acción: Lista los tipos de curso; Fecha: 23-06-2025; Hora: 11:23:30
1 - Software; Archivo: tipoCurso_Edu.php; Acción: Lista los tipos de curso; Fecha: 23-06-2025; Hora: 11:25:01
1 - Software; Archivo: tipoCurso_Edu.php; Acción: Lista los tipos de curso; Fecha: 23-06-2025; Hora: 11:25:02
1 - Software; Archivo: tipoCurso_Edu.php; Acción: Lista los tipos de curso; Fecha: 23-06-2025; Hora: 11:26:41
1 - Software; Archivo: tipoCurso_Edu.php; Acción: Lista los tipos de curso; Fecha: 23-06-2025; Hora: 11:26:42
1 - Software; Archivo: tipoCurso_Edu.php; Acción: Lista los tipos de curso; Fecha: 23-06-2025; Hora: 11:27:43
1 - Software; Archivo: tipoCurso_Edu.php; Acción: Lista los tipos de curso; Fecha: 23-06-2025; Hora: 11:29:35
1 - Software; Archivo: tipoCurso_Edu.php; Acción: Lista los tipos de curso; Fecha: 23-06-2025; Hora: 11:29:36
1 - Software; Archivo: tipoCurso_Edu.php; Acción: Lista los tipos de curso; Fecha: 23-06-2025; Hora: 11:29:52
1 - Software; Archivo: tipoCurso_Edu.php; Acción: Lista los tipos de curso; Fecha: 23-06-2025; Hora: 11:30:21
1 - Software; Archivo: tipoCurso_Edu.php; Acción: Lista los tipos de curso; Fecha: 23-06-2025; Hora: 11:32:04
1 - Software; Archivo: tipoCurso_Edu.php; Acción: Lista los tipos de curso; Fecha: 23-06-2025; Hora: 11:32:05
1 - Software; Archivo: tipoCurso_Edu.php; Acción: Lista los tipos de curso; Fecha: 23-06-2025; Hora: 11:32:50
1 - Software; Archivo: tipoCurso_Edu.php; Acción: Lista los tipos de curso; Fecha: 23-06-2025; Hora: 11:32:51
ID: 1 - Nombre: Software - IP: 192.168.31.3; Archivo: usuario.php; Acción: Se hace login; Fecha: 23-06-2025; Hora: 11:34:34
1 - Software; Archivo: tipoCurso_Edu.php; Acción: Lista los tipos de curso; Fecha: 23-06-2025; Hora: 11:34:48
1 - Software; Archivo: tipoCurso_Edu.php; Acción: Lista los tipos de curso; Fecha: 23-06-2025; Hora: 11:34:49
1 - Software; Archivo: tipoCurso_Edu.php; Acción: Lista los tipos de curso; Fecha: 23-06-2025; Hora: 11:35:25
1 - Software; Archivo: tipoCurso_Edu.php; Acción: Lista los tipos de curso; Fecha: 23-06-2025; Hora: 11:35:27
1 - Software; Archivo: tipoCurso_Edu.php; Acción: Lista los tipos de curso; Fecha: 23-06-2025; Hora: 11:35:45
1 - Software; Archivo: tipoCurso_Edu.php; Acción: Lista los tipos de curso; Fecha: 23-06-2025; Hora: 11:35:51
1 - Software; Archivo: tipoCurso_Edu.php; Acción: Lista los tipos de curso; Fecha: 23-06-2025; Hora: 11:36:08
1 - Software; Archivo: tipoCurso_Edu.php; Acción: Lista los tipos de curso; Fecha: 23-06-2025; Hora: 11:36:14
1 - Software; Archivo: tipoCurso_Edu.php; Acción: Lista los tipos de curso; Fecha: 23-06-2025; Hora: 11:37:31
1 - Software; Archivo: tipoCurso_Edu.php; Acción: Lista los tipos de curso; Fecha: 23-06-2025; Hora: 11:37:32
1 - Software; Archivo: tipoCurso_Edu.php; Acción: Lista los tipos de curso; Fecha: 23-06-2025; Hora: 11:37:39
1 - Software; Archivo: tipoCurso_Edu.php; Acción: Lista los tipos de curso; Fecha: 23-06-2025; Hora: 11:37:50
1 - Software; Archivo: tipoCurso_Edu.php; Acción: Lista los tipos de curso; Fecha: 23-06-2025; Hora: 11:37:57
1 - Software; Archivo: tipoCurso_Edu.php; Acción: Lista los tipos de curso; Fecha: 23-06-2025; Hora: 11:37:59
1 - Software; Archivo: tipoCurso_Edu.php; Acción: Lista los tipos de curso; Fecha: 23-06-2025; Hora: 11:38:01
1 - Software; Archivo: pagos.php; Acción: Recoger los medios de pago; Fecha: 23-06-2025; Hora: 11:38:05
1 - Software; Archivo: tarifaAloja.php; Acción: Lista las tarifas de alojamiento; Fecha: 23-06-2025; Hora: 11:38:05
ID: 1 - Nombre: Software - IP: 192.168.31.3; Archivo: usuario.php; Acción: Se hace login; Fecha: 23-06-2025; Hora: 11:38:31
1 - Software; Archivo: tipoCurso_Edu.php; Acción: Lista los tipos de curso; Fecha: 23-06-2025; Hora: 11:38:35
1 - Software; Archivo: tipoCurso_Edu.php; Acción: Lista los tipos de curso; Fecha: 23-06-2025; Hora: 11:39:47
1 - Software; Archivo: tipoCurso_Edu.php; Acción: Lista los tipos de curso; Fecha: 23-06-2025; Hora: 11:39:48
1 - Software; Archivo: tipoCurso_Edu.php; Acción: Lista los tipos de curso; Fecha: 23-06-2025; Hora: 11:40:01
1 - Software; Archivo: tipoCurso_Edu.php; Acción: Lista los tipos de curso; Fecha: 23-06-2025; Hora: 11:40:27
1 - Software; Archivo: tipoCurso_Edu.php; Acción: Lista los tipos de curso; Fecha: 23-06-2025; Hora: 11:41:22
1 - Software; Archivo: tipoCurso_Edu.php; Acción: Lista los tipos de curso; Fecha: 23-06-2025; Hora: 11:41:24
1 - Software; Archivo: tipoCurso_Edu.php; Acción: Lista los tipos de curso; Fecha: 23-06-2025; Hora: 11:41:29
1 - Software; Archivo: tipoCurso_Edu.php; Acción: Lista los tipos de curso; Fecha: 23-06-2025; Hora: 11:41:31
1 - Software; Archivo: tipoCurso_Edu.php; Acción: Lista los tipos de curso; Fecha: 23-06-2025; Hora: 11:41:32
1 - Software; Archivo: tipoCurso_Edu.php; Acción: Lista los tipos de curso; Fecha: 23-06-2025; Hora: 11:41:39
1 - Software; Archivo: tipoCurso_Edu.php; Acción: Lista los tipos de curso; Fecha: 23-06-2025; Hora: 11:42:45
1 - Software; Archivo: tipoCurso_Edu.php; Acción: Lista los tipos de curso; Fecha: 23-06-2025; Hora: 11:42:46
1 - Software; Archivo: tipoCurso_Edu.php; Acción: Lista los tipos de curso; Fecha: 23-06-2025; Hora: 11:42:49
1 - Software; Archivo: tipoCurso_Edu.php; Acción: Lista los tipos de curso; Fecha: 23-06-2025; Hora: 11:43:29
1 - Software; Archivo: tipoCurso_Edu.php; Acción: Lista los tipos de curso; Fecha: 23-06-2025; Hora: 11:44:47
1 - Software; Archivo: tipoCurso_Edu.php; Acción: Lista los tipos de curso; Fecha: 23-06-2025; Hora: 11:44:48
1 - Software; Archivo: tipoCurso_Edu.php; Acción: Lista los tipos de curso; Fecha: 23-06-2025; Hora: 11:44:51
1 - Software; Archivo: tipoCurso_Edu.php; Acción: Lista los tipos de curso; Fecha: 23-06-2025; Hora: 11:44:54
1 - Software; Archivo: tipoCurso_Edu.php; Acción: Lista los tipos de curso; Fecha: 23-06-2025; Hora: 11:44:55
1 - Software; Archivo: tipoCurso_Edu.php; Acción: Lista los tipos de curso; Fecha: 23-06-2025; Hora: 11:45:05
1 - Software; Archivo: tipoCurso_Edu.php; Acción: Lista los tipos de curso; Fecha: 23-06-2025; Hora: 11:46:06
1 - Software; Archivo: tipoCurso_Edu.php; Acción: Lista los tipos de curso; Fecha: 23-06-2025; Hora: 11:46:07
1 - Software; Archivo: tipoCurso_Edu.php; Acción: Lista los tipos de curso; Fecha: 23-06-2025; Hora: 11:46:10
1 - Software; Archivo: tipoCurso_Edu.php; Acción: Lista los tipos de curso; Fecha: 23-06-2025; Hora: 11:46:14
1 - Software; Archivo: tipoCurso_Edu.php; Acción: Lista los tipos de curso; Fecha: 23-06-2025; Hora: 11:46:38
1 - Software; Archivo: tipoCurso_Edu.php; Acción: Lista los tipos de curso; Fecha: 23-06-2025; Hora: 11:46:41
1 - Software; Archivo: tipoCurso_Edu.php; Acción: Lista los tipos de curso; Fecha: 23-06-2025; Hora: 11:48:15
1 - Software; Archivo: tipoCurso_Edu.php; Acción: Lista los tipos de curso; Fecha: 23-06-2025; Hora: 11:48:58
1 - Software; Archivo: tipoCurso_Edu.php; Acción: Lista los tipos de curso; Fecha: 23-06-2025; Hora: 11:49:02
1 - Software; Archivo: tipoCurso_Edu.php; Acción: Lista los tipos de curso; Fecha: 23-06-2025; Hora: 11:49:18
1 - Software; Archivo: tipoCurso_Edu.php; Acción: Lista los tipos de curso; Fecha: 23-06-2025; Hora: 11:49:29
1 - Software; Archivo: tipoCurso_Edu.php; Acción: Lista los tipos de curso; Fecha: 23-06-2025; Hora: 11:51:16
1 - Software; Archivo: tipoCurso_Edu.php; Acción: Lista los tipos de curso; Fecha: 23-06-2025; Hora: 11:51:17
1 - Software; Archivo: tipoCurso_Edu.php; Acción: Lista los tipos de curso; Fecha: 23-06-2025; Hora: 11:51:20
1 - Software; Archivo: tipoCurso_Edu.php; Acción: Lista los tipos de curso; Fecha: 23-06-2025; Hora: 11:51:33
1 - Software; Archivo: tipoCurso_Edu.php; Acción: Lista los tipos de curso; Fecha: 23-06-2025; Hora: 11:51:36
1 - Software; Archivo: tipoCurso_Edu.php; Acción: Lista los tipos de curso; Fecha: 23-06-2025; Hora: 11:54:14
1 - Software; Archivo: tipoCurso_Edu.php; Acción: Lista los tipos de curso; Fecha: 23-06-2025; Hora: 11:54:15
1 - Software; Archivo: tipoCurso_Edu.php; Acción: Lista los tipos de curso; Fecha: 23-06-2025; Hora: 11:54:19
1 - Software; Archivo: tipoCurso_Edu.php; Acción: Lista los tipos de curso; Fecha: 23-06-2025; Hora: 11:54:42
1 - Software; Archivo: tipoCurso_Edu.php; Acción: Lista los tipos de curso; Fecha: 23-06-2025; Hora: 11:55:25
1 - Software; Archivo: tipoCurso_Edu.php; Acción: Lista los tipos de curso; Fecha: 23-06-2025; Hora: 11:55:26
1 - Software; Archivo: tipoCurso_Edu.php; Acción: Lista los tipos de curso; Fecha: 23-06-2025; Hora: 11:56:22
1 - Software; Archivo: tipoCurso_Edu.php; Acción: Lista los tipos de curso; Fecha: 23-06-2025; Hora: 11:56:23
1 - Software; Archivo: tipoCurso_Edu.php; Acción: Lista los tipos de curso; Fecha: 23-06-2025; Hora: 11:57:19
1 - Software; Archivo: tipoCurso_Edu.php; Acción: Lista los tipos de curso; Fecha: 23-06-2025; Hora: 11:57:30
1 - Software; Archivo: tipoCurso_Edu.php; Acción: Lista los tipos de curso; Fecha: 23-06-2025; Hora: 12:01:57
1 - Software; Archivo: tipoCurso_Edu.php; Acción: Lista los tipos de curso; Fecha: 23-06-2025; Hora: 12:01:58
1 - Software; Archivo: tipoCurso_Edu.php; Acción: Lista los tipos de curso; Fecha: 23-06-2025; Hora: 12:02:56
1 - Software; Archivo: tipoCurso_Edu.php; Acción: Lista los tipos de curso; Fecha: 23-06-2025; Hora: 12:02:57
1 - Software; Archivo: tipoCurso_Edu.php; Acción: Lista los tipos de curso; Fecha: 23-06-2025; Hora: 12:03:32
1 - Software; Archivo: tipoCurso_Edu.php; Acción: Lista los tipos de curso; Fecha: 23-06-2025; Hora: 12:03:40
1 - Software; Archivo: tipoCurso_Edu.php; Acción: Lista los tipos de curso; Fecha: 23-06-2025; Hora: 12:04:06
1 - Software; Archivo: tipoCurso_Edu.php; Acción: Lista los tipos de curso; Fecha: 23-06-2025; Hora: 12:04:07
1 - Software; Archivo: tipoCurso_Edu.php; Acción: Lista los tipos de curso; Fecha: 23-06-2025; Hora: 12:04:10
1 - Software; Archivo: tipoCurso_Edu.php; Acción: Lista los tipos de curso; Fecha: 23-06-2025; Hora: 12:04:34
1 - Software; Archivo: tipoCurso_Edu.php; Acción: Lista los tipos de curso; Fecha: 23-06-2025; Hora: 12:04:35
1 - Software; Archivo: tipoCurso_Edu.php; Acción: Lista los tipos de curso; Fecha: 23-06-2025; Hora: 12:04:41
1 - Software; Archivo: tipoCurso_Edu.php; Acción: Lista los tipos de curso; Fecha: 23-06-2025; Hora: 12:05:00
1 - Software; Archivo: tipoCurso_Edu.php; Acción: Lista los tipos de curso; Fecha: 23-06-2025; Hora: 12:05:46
1 - Software; Archivo: tipoCurso_Edu.php; Acción: Lista los tipos de curso; Fecha: 23-06-2025; Hora: 12:06:29
1 - Software; Archivo: tipoCurso_Edu.php; Acción: Lista los tipos de curso; Fecha: 23-06-2025; Hora: 12:06:56
1 - Software; Archivo: tipoCurso_Edu.php; Acción: Lista los tipos de curso; Fecha: 23-06-2025; Hora: 12:06:57
1 - Software; Archivo: tipoCurso_Edu.php; Acción: Lista los tipos de curso; Fecha: 23-06-2025; Hora: 12:07:04
1 - Software; Archivo: tipoCurso_Edu.php; Acción: Lista los tipos de curso; Fecha: 23-06-2025; Hora: 12:07:36
1 - Software; Archivo: tipoCurso_Edu.php; Acción: Lista los tipos de curso; Fecha: 23-06-2025; Hora: 12:07:37
1 - Software; Archivo: tipoCurso_Edu.php; Acción: Lista los tipos de curso; Fecha: 23-06-2025; Hora: 12:07:40
1 - Software; Archivo: tipoCurso_Edu.php; Acción: Lista los tipos de curso; Fecha: 23-06-2025; Hora: 12:07:54
1 - Software; Archivo: tipoCurso_Edu.php; Acción: Lista los tipos de curso; Fecha: 23-06-2025; Hora: 12:07:55
1 - Software; Archivo: tipoCurso_Edu.php; Acción: Lista los tipos de curso; Fecha: 23-06-2025; Hora: 12:12:22
1 - Software; Archivo: tipoCurso_Edu.php; Acción: Lista los tipos de curso; Fecha: 23-06-2025; Hora: 12:13:05
1 - Software; Archivo: tipoCurso_Edu.php; Acción: Lista los tipos de curso; Fecha: 23-06-2025; Hora: 12:13:06
1 - Software; Archivo: tipoCurso_Edu.php; Acción: Lista los tipos de curso; Fecha: 23-06-2025; Hora: 12:15:23
1 - Software; Archivo: tipoCurso_Edu.php; Acción: Lista los tipos de curso; Fecha: 23-06-2025; Hora: 12:15:23
1 - Software; Archivo: tipoCurso_Edu.php; Acción: Lista los tipos de curso; Fecha: 23-06-2025; Hora: 12:16:45
1 - Software; Archivo: tipoCurso_Edu.php; Acción: Lista los tipos de curso; Fecha: 23-06-2025; Hora: 12:16:46
1 - Software; Archivo: tipoCurso_Edu.php; Acción: Lista los tipos de curso; Fecha: 23-06-2025; Hora: 12:16:58
1 - Software; Archivo: tipoCurso_Edu.php; Acción: Lista los tipos de curso; Fecha: 23-06-2025; Hora: 12:16:59
1 - Software; Archivo: tipoCurso_Edu.php; Acción: Lista los tipos de curso; Fecha: 23-06-2025; Hora: 12:17:43
1 - Software; Archivo: tipoCurso_Edu.php; Acción: Lista los tipos de curso; Fecha: 23-06-2025; Hora: 12:17:45
1 - Software; Archivo: tipoCurso_Edu.php; Acción: Lista los tipos de curso; Fecha: 23-06-2025; Hora: 12:18:13
1 - Software; Archivo: tipoCurso_Edu.php; Acción: Lista los tipos de curso; Fecha: 23-06-2025; Hora: 12:18:21
1 - Software; Archivo: tipoCurso_Edu.php; Acción: Lista los tipos de curso; Fecha: 23-06-2025; Hora: 12:18:58
1 - Software; Archivo: tipoCurso_Edu.php; Acción: Lista los tipos de curso; Fecha: 23-06-2025; Hora: 12:18:59
1 - Software; Archivo: tipoCurso_Edu.php; Acción: Lista los tipos de curso; Fecha: 23-06-2025; Hora: 12:20:12
1 - Software; Archivo: tipoCurso_Edu.php; Acción: Lista los tipos de curso; Fecha: 23-06-2025; Hora: 12:20:14
1 - Software; Archivo: tipoCurso_Edu.php; Acción: Lista los tipos de curso; Fecha: 23-06-2025; Hora: 12:20:33
1 - Software; Archivo: tipoCurso_Edu.php; Acción: Lista los tipos de curso; Fecha: 23-06-2025; Hora: 12:20:34
1 - Software; Archivo: tipoCurso_Edu.php; Acción: Lista los tipos de curso; Fecha: 23-06-2025; Hora: 12:22:25
1 - Software; Archivo: tipoCurso_Edu.php; Acción: Lista los tipos de curso; Fecha: 23-06-2025; Hora: 12:24:34
1 - Software; Archivo: tipoCurso_Edu.php; Acción: Lista los tipos de curso; Fecha: 23-06-2025; Hora: 12:24:35
1 - Software; Archivo: tipoCurso_Edu.php; Acción: Lista los tipos de curso; Fecha: 23-06-2025; Hora: 12:24:53
1 - Software; Archivo: tipoCurso_Edu.php; Acción: Lista los tipos de curso; Fecha: 23-06-2025; Hora: 12:24:53
1 - Software; Archivo: tipoCurso_Edu.php; Acción: Lista los tipos de curso; Fecha: 23-06-2025; Hora: 12:25:07
1 - Software; Archivo: tipoCurso_Edu.php; Acción: Lista los tipos de curso; Fecha: 23-06-2025; Hora: 12:25:40
1 - Software; Archivo: tipoCurso_Edu.php; Acción: Lista los tipos de curso; Fecha: 23-06-2025; Hora: 12:25:41
1 - Software; Archivo: tipoCurso_Edu.php; Acción: Lista los tipos de curso; Fecha: 23-06-2025; Hora: 12:26:26
1 - Software; Archivo: tipoCurso_Edu.php; Acción: Lista los tipos de curso; Fecha: 23-06-2025; Hora: 12:26:45
1 - Software; Archivo: tipoCurso_Edu.php; Acción: Lista los tipos de curso; Fecha: 23-06-2025; Hora: 12:26:46
1 - Software; Archivo: tipoCurso_Edu.php; Acción: Lista los tipos de curso; Fecha: 23-06-2025; Hora: 12:27:15
1 - Software; Archivo: tipoCurso_Edu.php; Acción: Lista los tipos de curso; Fecha: 23-06-2025; Hora: 12:27:16
1 - Software; Archivo: tipoCurso_Edu.php; Acción: Lista los tipos de curso; Fecha: 23-06-2025; Hora: 12:28:56
1 - Software; Archivo: tipoCurso_Edu.php; Acción: Lista los tipos de curso; Fecha: 23-06-2025; Hora: 12:28:57
1 - Software; Archivo: tipoCurso_Edu.php; Acción: Lista los tipos de curso; Fecha: 23-06-2025; Hora: 12:29:32
1 - Software; Archivo: tipoCurso_Edu.php; Acción: Lista los tipos de curso; Fecha: 23-06-2025; Hora: 12:29:33
1 - Software; Archivo: tipoCurso_Edu.php; Acción: Lista los tipos de curso; Fecha: 23-06-2025; Hora: 12:30:21
1 - Software; Archivo: tipoCurso_Edu.php; Acción: Lista los tipos de curso; Fecha: 23-06-2025; Hora: 12:30:22
1 - Software; Archivo: tipoCurso_Edu.php; Acción: Lista los tipos de curso; Fecha: 23-06-2025; Hora: 12:34:02
1 - Software; Archivo: tipoCurso_Edu.php; Acción: Lista los tipos de curso; Fecha: 23-06-2025; Hora: 12:36:38
1 - Software; Archivo: tipoCurso_Edu.php; Acción: Lista los tipos de curso; Fecha: 23-06-2025; Hora: 12:36:39
1 - Software; Archivo: tipoCurso_Edu.php; Acción: Lista los tipos de curso; Fecha: 23-06-2025; Hora: 12:36:49
1 - Software; Archivo: tipoCurso_Edu.php; Acción: Lista los tipos de curso; Fecha: 23-06-2025; Hora: 12:37:59
1 - Software; Archivo: tipoCurso_Edu.php; Acción: Lista los tipos de curso; Fecha: 23-06-2025; Hora: 12:38:00
1 - Software; Archivo: tipoCurso_Edu.php; Acción: Lista los tipos de curso; Fecha: 23-06-2025; Hora: 12:38:09
1 - Software; Archivo: tipoCurso_Edu.php; Acción: Lista los tipos de curso; Fecha: 23-06-2025; Hora: 12:38:25
1 - Software; Archivo: tipoCurso_Edu.php; Acción: Lista los tipos de curso; Fecha: 23-06-2025; Hora: 12:38:26
1 - Software; Archivo: tipoCurso_Edu.php; Acción: Lista los tipos de curso; Fecha: 23-06-2025; Hora: 12:38:45
1 - Software; Archivo: tipoCurso_Edu.php; Acción: Lista los tipos de curso; Fecha: 23-06-2025; Hora: 12:41:34
1 - Software; Archivo: tipoCurso_Edu.php; Acción: Lista los tipos de curso; Fecha: 23-06-2025; Hora: 12:41:43
1 - Software; Archivo: tipoCurso_Edu.php; Acción: Lista los tipos de curso; Fecha: 23-06-2025; Hora: 12:41:51
1 - Software; Archivo: tipoCurso_Edu.php; Acción: Lista los tipos de curso; Fecha: 23-06-2025; Hora: 12:43:22
1 - Software; Archivo: tipoCurso_Edu.php; Acción: Lista los tipos de curso; Fecha: 23-06-2025; Hora: 12:43:31
1 - Software; Archivo: tipoCurso_Edu.php; Acción: Lista los tipos de curso; Fecha: 23-06-2025; Hora: 12:45:16
1 - Software; Archivo: tipoCurso_Edu.php; Acción: Lista los tipos de curso; Fecha: 23-06-2025; Hora: 12:45:32
1 - Software; Archivo: tipoCurso_Edu.php; Acción: Lista los tipos de curso; Fecha: 23-06-2025; Hora: 12:45:33
1 - Software; Archivo: tipoCurso_Edu.php; Acción: Lista los tipos de curso; Fecha: 23-06-2025; Hora: 12:45:40
1 - Software; Archivo: tipoCurso_Edu.php; Acción: Lista los tipos de curso; Fecha: 23-06-2025; Hora: 12:45:42
1 - Software; Archivo: tipoCurso_Edu.php; Acción: Lista los tipos de curso; Fecha: 23-06-2025; Hora: 12:46:09
1 - Software; Archivo: tipoCurso_Edu.php; Acción: Lista los tipos de curso; Fecha: 23-06-2025; Hora: 12:52:18
1 - Software; Archivo: tipoCurso_Edu.php; Acción: Lista los tipos de curso; Fecha: 23-06-2025; Hora: 12:52:19
1 - Software; Archivo: tipoCurso_Edu.php; Acción: Lista los tipos de curso; Fecha: 23-06-2025; Hora: 13:00:01
1 - Software; Archivo: tipoCurso_Edu.php; Acción: Lista los tipos de curso; Fecha: 23-06-2025; Hora: 13:00:02
1 - Software; Archivo: tipoCurso_Edu.php; Acción: Lista los tipos de curso; Fecha: 23-06-2025; Hora: 13:03:29
1 - Software; Archivo: tipoCurso_Edu.php; Acción: Lista los tipos de curso; Fecha: 23-06-2025; Hora: 13:03:31
1 - Software; Archivo: tipoCurso_Edu.php; Acción: Lista los tipos de curso; Fecha: 23-06-2025; Hora: 13:03:53
1 - Software; Archivo: tipoCurso_Edu.php; Acción: Lista los tipos de curso; Fecha: 23-06-2025; Hora: 13:08:52
1 - Software; Archivo: tipoCurso_Edu.php; Acción: Lista los tipos de curso; Fecha: 23-06-2025; Hora: 13:08:53
1 - Software; Archivo: tipoCurso_Edu.php; Acción: Lista los tipos de curso; Fecha: 23-06-2025; Hora: 13:09:19
1 - Software; Archivo: tipoCurso_Edu.php; Acción: Lista los tipos de curso; Fecha: 23-06-2025; Hora: 13:09:20
1 - Software; Archivo: tipoCurso_Edu.php; Acción: Lista los tipos de curso; Fecha: 23-06-2025; Hora: 13:09:31
1 - Software; Archivo: tipoCurso_Edu.php; Acción: Lista los tipos de curso; Fecha: 23-06-2025; Hora: 13:09:32
1 - Software; Archivo: tipoCurso_Edu.php; Acción: Lista los tipos de curso; Fecha: 23-06-2025; Hora: 13:10:26
1 - Software; Archivo: tipoCurso_Edu.php; Acción: Lista los tipos de curso; Fecha: 23-06-2025; Hora: 13:10:39
1 - Software; Archivo: tipoCurso_Edu.php; Acción: Lista los tipos de curso; Fecha: 23-06-2025; Hora: 13:10:40
1 - Software; Archivo: tipoCurso_Edu.php; Acción: Lista los tipos de curso; Fecha: 23-06-2025; Hora: 13:12:13
1 - Software; Archivo: tipoCurso_Edu.php; Acción: Lista los tipos de curso; Fecha: 23-06-2025; Hora: 13:12:14
1 - Software; Archivo: tipoCurso_Edu.php; Acción: Lista los tipos de curso; Fecha: 23-06-2025; Hora: 13:13:58
1 - Software; Archivo: tipoCurso_Edu.php; Acción: Lista los tipos de curso; Fecha: 23-06-2025; Hora: 13:13:59
ID: 1 - Nombre: Software - IP: 192.168.31.3; Archivo: usuario.php; Acción: Se hace login; Fecha: 23-06-2025; Hora: 13:19:32
1 - Software; Archivo: tipoCurso_Edu.php; Acción: Lista los tipos de curso; Fecha: 23-06-2025; Hora: 13:19:53
1 - Software; Archivo: tipoCurso_Edu.php; Acción: Lista los tipos de curso; Fecha: 23-06-2025; Hora: 13:19:54
1 - Software; Archivo: tipoCurso_Edu.php; Acción: Lista los tipos de curso; Fecha: 23-06-2025; Hora: 13:20:48
1 - Software; Archivo: tipoCurso_Edu.php; Acción: Lista los tipos de curso; Fecha: 23-06-2025; Hora: 13:21:07
1 - Software; Archivo: tipoCurso_Edu.php; Acción: Lista los tipos de curso; Fecha: 23-06-2025; Hora: 13:31:19
1 - Software; Archivo: tipoCurso_Edu.php; Acción: Lista los tipos de curso; Fecha: 23-06-2025; Hora: 13:31:40
1 - Software; Archivo: tipoCurso_Edu.php; Acción: Lista los tipos de curso; Fecha: 23-06-2025; Hora: 13:33:49
1 - Software; Archivo: tipoCurso_Edu.php; Acción: Lista los tipos de curso; Fecha: 23-06-2025; Hora: 13:34:06
1 - Software; Archivo: tipoCurso_Edu.php; Acción: Lista los tipos de curso; Fecha: 23-06-2025; Hora: 13:34:27
1 - Software; Archivo: tipoCurso_Edu.php; Acción: Lista los tipos de curso; Fecha: 23-06-2025; Hora: 13:34:54
1 - Software; Archivo: tipoCurso_Edu.php; Acción: Lista los tipos de curso; Fecha: 23-06-2025; Hora: 13:40:19
1 - Software; Archivo: tipoCurso_Edu.php; Acción: Lista los tipos de curso; Fecha: 23-06-2025; Hora: 13:40:20
1 - Software; Archivo: tipoCurso_Edu.php; Acción: Lista los tipos de curso; Fecha: 23-06-2025; Hora: 13:42:18
1 - Software; Archivo: tipoCurso_Edu.php; Acción: Lista los tipos de curso; Fecha: 23-06-2025; Hora: 13:42:19
1 - Software; Archivo: tipoCurso_Edu.php; Acción: Lista los tipos de curso; Fecha: 23-06-2025; Hora: 13:42:28
1 - Software; Archivo: tipoCurso_Edu.php; Acción: Lista los tipos de curso; Fecha: 23-06-2025; Hora: 13:42:29
1 - Software; Archivo: tipoCurso_Edu.php; Acción: Lista los tipos de curso; Fecha: 23-06-2025; Hora: 13:42:37
1 - Software; Archivo: tipoCurso_Edu.php; Acción: Lista los tipos de curso; Fecha: 23-06-2025; Hora: 13:42:58
1 - Software; Archivo: tipoCurso_Edu.php; Acción: Lista los tipos de curso; Fecha: 23-06-2025; Hora: 13:43:31
1 - Software; Archivo: tipoCurso_Edu.php; Acción: Lista los tipos de curso; Fecha: 23-06-2025; Hora: 13:47:13
1 - Software; Archivo: tipoCurso_Edu.php; Acción: Lista los tipos de curso; Fecha: 23-06-2025; Hora: 13:47:14
1 - Software; Archivo: tipoCurso_Edu.php; Acción: Lista los tipos de curso; Fecha: 23-06-2025; Hora: 13:47:52
1 - Software; Archivo: tipoCurso_Edu.php; Acción: Lista los tipos de curso; Fecha: 23-06-2025; Hora: 13:47:53
1 - Software; Archivo: tipoCurso_Edu.php; Acción: Lista los tipos de curso; Fecha: 23-06-2025; Hora: 13:48:22
1 - Software; Archivo: tipoCurso_Edu.php; Acción: Lista los tipos de curso; Fecha: 23-06-2025; Hora: 13:48:46
1 - Software; Archivo: tipoCurso_Edu.php; Acción: Lista los tipos de curso; Fecha: 23-06-2025; Hora: 13:49:55
1 - Software; Archivo: tipoCurso_Edu.php; Acción: Lista los tipos de curso; Fecha: 23-06-2025; Hora: 13:49:56
1 - Software; Archivo: tipoCurso_Edu.php; Acción: Lista los tipos de curso; Fecha: 23-06-2025; Hora: 13:52:26
1 - Software; Archivo: tipoCurso_Edu.php; Acción: Lista los tipos de curso; Fecha: 23-06-2025; Hora: 13:52:27
1 - Software; Archivo: tipoCurso_Edu.php; Acción: Lista los tipos de curso; Fecha: 23-06-2025; Hora: 13:55:15
1 - Software; Archivo: tipoCurso_Edu.php; Acción: Lista los tipos de curso; Fecha: 23-06-2025; Hora: 14:01:33
1 - Software; Archivo: tipoCurso_Edu.php; Acción: Lista los tipos de curso; Fecha: 23-06-2025; Hora: 14:02:33
1 - Software; Archivo: tipoCurso_Edu.php; Acción: Lista los tipos de curso; Fecha: 23-06-2025; Hora: 14:05:57
 - Software; Archivo: asistencia.php; Acción: Lista las asistencias; Fecha: 23-06-2025; Hora: 14:33:26
1 - Software; Archivo: personal_Edu.php; Acción: Lista los personales; Fecha: 23-06-2025; Hora: 14:33:43
1 - Software; Archivo: actividades.php; Acción: Lista las actividades de los adminitradores; Fecha: 23-06-2025; Hora: 14:33:47
1 - Software; Archivo: actividades.php; Acción: Lista las actividades de los adminitradores; Fecha: 23-06-2025; Hora: 14:33:58
1 - Software; Archivo: alojamientos.php; Acción: Lista los alojamientos; Fecha: 23-06-2025; Hora: 14:39:33
1 - Software; Archivo: alojamientos.php; Acción: Lista los alojamientos; Fecha: 23-06-2025; Hora: 14:39:33
1 - Software; Archivo: alojamientos.php; Acción: Lista los alojamientos; Fecha: 23-06-2025; Hora: 14:39:33
1 - Software; Archivo: alojamientos.php; Acción: Lista los alojamientos; Fecha: 23-06-2025; Hora: 14:39:33
1 - Software; Archivo: tiposAloja_Edu.php; Acción: Lista los tipos de alojamiento ; Fecha: 23-06-2025; Hora: 14:41:46
1 - Software; Archivo: actividades.php; Acción: Lista las actividades de los adminitradores; Fecha: 23-06-2025; Hora: 14:41:54
1 - Software; Archivo: actividades.php; Acción: Lista las actividades de los adminitradores; Fecha: 23-06-2025; Hora: 14:52:56
1 - Software; Archivo: actividades.php; Acción: Lista las actividades de los adminitradores; Fecha: 23-06-2025; Hora: 14:52:57
1 - Software; Archivo: actividades.php; Acción: Lista las actividades de los adminitradores; Fecha: 23-06-2025; Hora: 14:54:26
1 - Software; Archivo: actividades.php; Acción: Lista las actividades de los adminitradores; Fecha: 23-06-2025; Hora: 14:54:26
1 - Software; Archivo: actividades.php; Acción: Lista las actividades de los adminitradores; Fecha: 23-06-2025; Hora: 14:55:36
1 - Software; Archivo: actividades.php; Acción: Lista las actividades de los adminitradores; Fecha: 23-06-2025; Hora: 14:55:37
 - Software; Archivo: asistencia.php; Acción: Lista las asistencias; Fecha: 23-06-2025; Hora: 14:55:41
ID: 15 - Nombre: Andres - IP: 192.168.31.3; Archivo: usuario.php; Acción: Se hace login Alumno; Fecha: 23-06-2025; Hora: 15:26:20
15 - Andres; Archivo: actividades.php; Acción: Lista las actividades del usuario; Fecha: 23-06-2025; Hora: 15:29:51
ID: 1 - Nombre: Software - IP: 192.168.31.3; Archivo: usuario.php; Acción: Se hace login; Fecha: 23-06-2025; Hora: 15:37:27
ID: 15 - Nombre: Andres - IP: 192.168.31.3; Archivo: usuario.php; Acción: Se hace login Alumno; Fecha: 23-06-2025; Hora: 17:22:47
15 - Andres; Archivo: actividades.php; Acción: Lista las actividades del usuario; Fecha: 23-06-2025; Hora: 17:22:55
ID: 1 - Nombre: Software - IP: 192.168.31.3; Archivo: usuario.php; Acción: Se hace login; Fecha: 23-06-2025; Hora: 17:24:44
