ID: 1 - Nombre: Software - IP: 192.168.31.89; Archivo: usuario.php; Acción: Se hace login; Fecha: 21-01-2025; Hora: 08:07:45
1 - Software; Archivo: actividades.php; Acción: Lista las actividades de los adminitradores; Fecha: 21-01-2025; Hora: 08:07:47
1 - Software; Archivo: pagos.php; Acción: Recoger los medios de pago; Fecha: 21-01-2025; Hora: 08:08:57
1 - Software; Archivo: tarifaAloja.php; Acción: Lista las tarifas de alojamiento; Fecha: 21-01-2025; Hora: 08:08:57
1 - Software; Archivo: pagos.php; Acción: Recoger los medios de pago; Fecha: 21-01-2025; Hora: 08:30:10
1 - Software; Archivo: tarifaAloja.php; Acción: Lista las tarifas de alojamiento; Fecha: 21-01-2025; Hora: 08:30:10
1 - Software; Archivo: pagos.php; Acción: Recoger los medios de pago; Fecha: 21-01-2025; Hora: 08:48:01
1 - Software; Archivo: tarifaAloja.php; Acción: Lista las tarifas de alojamiento; Fecha: 21-01-2025; Hora: 08:48:01
1 - Software; Archivo: pagos.php; Acción: Recoger los medios de pago; Fecha: 21-01-2025; Hora: 08:49:28
1 - Software; Archivo: tarifaAloja.php; Acción: Lista las tarifas de alojamiento; Fecha: 21-01-2025; Hora: 08:49:28
1 - Software; Archivo: pagos.php; Acción: Recoger los medios de pago; Fecha: 21-01-2025; Hora: 08:49:53
1 - Software; Archivo: tarifaAloja.php; Acción: Lista las tarifas de alojamiento; Fecha: 21-01-2025; Hora: 08:49:53
1 - Software; Archivo: pagos.php; Acción: Recoger los medios de pago; Fecha: 21-01-2025; Hora: 08:51:25
1 - Software; Archivo: tarifaAloja.php; Acción: Lista las tarifas de alojamiento; Fecha: 21-01-2025; Hora: 08:51:25
1 - Software; Archivo: pagos.php; Acción: Recoger los medios de pago; Fecha: 21-01-2025; Hora: 08:51:31
1 - Software; Archivo: tarifaAloja.php; Acción: Lista las tarifas de alojamiento; Fecha: 21-01-2025; Hora: 08:51:31
1 - Software; Archivo: tarifaAloja.php; Acción: Lista las tarifas de alojamiento; Fecha: 21-01-2025; Hora: 08:51:39
1 - Software; Archivo: pagos.php; Acción: Recoger los medios de pago; Fecha: 21-01-2025; Hora: 08:51:47
1 - Software; Archivo: tarifaAloja.php; Acción: Lista las tarifas de alojamiento; Fecha: 21-01-2025; Hora: 08:51:47
1 - Software; Archivo: pagos.php; Acción: Recoger los medios de pago; Fecha: 21-01-2025; Hora: 08:52:14
1 - Software; Archivo: tarifaAloja.php; Acción: Lista las tarifas de alojamiento; Fecha: 21-01-2025; Hora: 08:52:14
1 - Software; Archivo: pagos.php; Acción: Recoger los medios de pago; Fecha: 21-01-2025; Hora: 08:53:37
1 - Software; Archivo: tarifaAloja.php; Acción: Lista las tarifas de alojamiento; Fecha: 21-01-2025; Hora: 08:53:37
1 - Software; Archivo: pagos.php; Acción: Recoger los medios de pago; Fecha: 21-01-2025; Hora: 08:53:46
1 - Software; Archivo: tarifaAloja.php; Acción: Lista las tarifas de alojamiento; Fecha: 21-01-2025; Hora: 08:53:46
1 - Software; Archivo: pagos.php; Acción: Recoger los medios de pago; Fecha: 21-01-2025; Hora: 08:56:49
1 - Software; Archivo: tarifaAloja.php; Acción: Lista las tarifas de alojamiento; Fecha: 21-01-2025; Hora: 08:56:49
1 - Software; Archivo: tarifaAloja.php; Acción: Lista las tarifas de alojamiento; Fecha: 21-01-2025; Hora: 09:05:53
1 - Software; Archivo: pagos.php; Acción: Recoger los medios de pago; Fecha: 21-01-2025; Hora: 09:06:02
1 - Software; Archivo: tarifaAloja.php; Acción: Lista las tarifas de alojamiento; Fecha: 21-01-2025; Hora: 09:06:02
1 - Software; Archivo: pagos.php; Acción: Recoger los medios de pago; Fecha: 21-01-2025; Hora: 09:06:13
1 - Software; Archivo: tarifaAloja.php; Acción: Lista las tarifas de alojamiento; Fecha: 21-01-2025; Hora: 09:06:13
1 - Software; Archivo: pagos.php; Acción: Recoger los medios de pago; Fecha: 21-01-2025; Hora: 09:06:17
1 - Software; Archivo: tarifaAloja.php; Acción: Lista las tarifas de alojamiento; Fecha: 21-01-2025; Hora: 09:06:17
1 - Software; Archivo: pagos.php; Acción: Recoger los medios de pago; Fecha: 21-01-2025; Hora: 09:07:26
1 - Software; Archivo: tarifaAloja.php; Acción: Lista las tarifas de alojamiento; Fecha: 21-01-2025; Hora: 09:07:26
1 - Software; Archivo: pagos.php; Acción: Recoger los medios de pago; Fecha: 21-01-2025; Hora: 09:13:46
1 - Software; Archivo: tarifaAloja.php; Acción: Lista las tarifas de alojamiento; Fecha: 21-01-2025; Hora: 09:13:46
1 - Software; Archivo: pagos.php; Acción: Recoger los medios de pago; Fecha: 21-01-2025; Hora: 09:14:33
1 - Software; Archivo: tarifaAloja.php; Acción: Lista las tarifas de alojamiento; Fecha: 21-01-2025; Hora: 09:14:33
1 - Software; Archivo: pagos.php; Acción: Recoger los medios de pago; Fecha: 21-01-2025; Hora: 09:14:40
1 - Software; Archivo: tarifaAloja.php; Acción: Lista las tarifas de alojamiento; Fecha: 21-01-2025; Hora: 09:14:40
1 - Software; Archivo: pagos.php; Acción: Recoger los medios de pago; Fecha: 21-01-2025; Hora: 09:14:45
1 - Software; Archivo: tarifaAloja.php; Acción: Lista las tarifas de alojamiento; Fecha: 21-01-2025; Hora: 09:14:45
1 - Software; Archivo: pagos.php; Acción: Recoger los medios de pago; Fecha: 21-01-2025; Hora: 09:14:47
1 - Software; Archivo: tarifaAloja.php; Acción: Lista las tarifas de alojamiento; Fecha: 21-01-2025; Hora: 09:14:47
1 - Software; Archivo: pagos.php; Acción: Recoger los medios de pago; Fecha: 21-01-2025; Hora: 09:14:52
1 - Software; Archivo: tarifaAloja.php; Acción: Lista las tarifas de alojamiento; Fecha: 21-01-2025; Hora: 09:14:52
1 - Software; Archivo: pagos.php; Acción: Recoger los medios de pago; Fecha: 21-01-2025; Hora: 09:16:33
1 - Software; Archivo: tarifaAloja.php; Acción: Lista las tarifas de alojamiento; Fecha: 21-01-2025; Hora: 09:16:33
1 - Software; Archivo: pagos.php; Acción: Recoger los medios de pago; Fecha: 21-01-2025; Hora: 09:16:55
1 - Software; Archivo: tarifaAloja.php; Acción: Lista las tarifas de alojamiento; Fecha: 21-01-2025; Hora: 09:16:55
1 - Software; Archivo: tarifaAloja.php; Acción: Lista las tarifas de alojamiento; Fecha: 21-01-2025; Hora: 09:18:13
1 - Software; Archivo: tarifaAloja.php; Acción: Lista las tarifas de alojamiento; Fecha: 21-01-2025; Hora: 09:20:45
1 - Software; Archivo: tarifaAloja.php; Acción: Lista las tarifas de alojamiento; Fecha: 21-01-2025; Hora: 09:21:25
1 - Software; Archivo: tarifaAloja.php; Acción: Lista las tarifas de alojamiento; Fecha: 21-01-2025; Hora: 09:21:51
1 - Software; Archivo: pagos.php; Acción: Recoger los medios de pago; Fecha: 21-01-2025; Hora: 09:22:39
1 - Software; Archivo: tarifaAloja.php; Acción: Lista las tarifas de alojamiento; Fecha: 21-01-2025; Hora: 09:22:39
1 - Software; Archivo: pagos.php; Acción: Recoger los medios de pago; Fecha: 21-01-2025; Hora: 09:23:34
1 - Software; Archivo: tarifaAloja.php; Acción: Lista las tarifas de alojamiento; Fecha: 21-01-2025; Hora: 09:23:34
1 - Software; Archivo: tarifaAloja.php; Acción: Lista las tarifas de alojamiento; Fecha: 21-01-2025; Hora: 09:23:42
1 - Software; Archivo: pagos.php; Acción: Recoger los medios de pago; Fecha: 21-01-2025; Hora: 09:23:54
1 - Software; Archivo: tarifaAloja.php; Acción: Lista las tarifas de alojamiento; Fecha: 21-01-2025; Hora: 09:23:54
1 - Software; Archivo: pagos.php; Acción: Recoger los medios de pago; Fecha: 21-01-2025; Hora: 09:24:12
1 - Software; Archivo: tarifaAloja.php; Acción: Lista las tarifas de alojamiento; Fecha: 21-01-2025; Hora: 09:24:12
1 - Software; Archivo: pagos.php; Acción: Recoger los medios de pago; Fecha: 21-01-2025; Hora: 09:24:37
1 - Software; Archivo: tarifaAloja.php; Acción: Lista las tarifas de alojamiento; Fecha: 21-01-2025; Hora: 09:24:37
1 - Software; Archivo: pagos.php; Acción: Recoger los medios de pago; Fecha: 21-01-2025; Hora: 09:24:56
1 - Software; Archivo: tarifaAloja.php; Acción: Lista las tarifas de alojamiento; Fecha: 21-01-2025; Hora: 09:24:56
1 - Software; Archivo: pagos.php; Acción: Recoger los medios de pago; Fecha: 21-01-2025; Hora: 09:25:09
1 - Software; Archivo: tarifaAloja.php; Acción: Lista las tarifas de alojamiento; Fecha: 21-01-2025; Hora: 09:25:09
1 - Software; Archivo: tarifaAloja.php; Acción: Lista las tarifas de alojamiento; Fecha: 21-01-2025; Hora: 09:25:55
1 - Software; Archivo: pagos.php; Acción: Recoger los medios de pago; Fecha: 21-01-2025; Hora: 09:26:48
1 - Software; Archivo: tarifaAloja.php; Acción: Lista las tarifas de alojamiento; Fecha: 21-01-2025; Hora: 09:26:48
1 - Software; Archivo: tarifaAloja.php; Acción: Lista las tarifas de alojamiento; Fecha: 21-01-2025; Hora: 09:27:26
1 - Software; Archivo: pagos.php; Acción: Recoger los medios de pago; Fecha: 21-01-2025; Hora: 09:27:58
1 - Software; Archivo: tarifaAloja.php; Acción: Lista las tarifas de alojamiento; Fecha: 21-01-2025; Hora: 09:27:58
1 - Software; Archivo: pagos.php; Acción: Recoger los medios de pago; Fecha: 21-01-2025; Hora: 09:43:17
1 - Software; Archivo: tarifaAloja.php; Acción: Lista las tarifas de alojamiento; Fecha: 21-01-2025; Hora: 09:43:18
1 - Software; Archivo: pagos.php; Acción: Recoger los medios de pago; Fecha: 21-01-2025; Hora: 09:43:27
1 - Software; Archivo: tarifaAloja.php; Acción: Lista las tarifas de alojamiento; Fecha: 21-01-2025; Hora: 09:43:27
1 - Software; Archivo: pagos.php; Acción: Recoger los medios de pago; Fecha: 21-01-2025; Hora: 09:47:28
1 - Software; Archivo: tarifaAloja.php; Acción: Lista las tarifas de alojamiento; Fecha: 21-01-2025; Hora: 09:47:28
1 - Software; Archivo: pagos.php; Acción: Recoger los medios de pago; Fecha: 21-01-2025; Hora: 09:47:37
1 - Software; Archivo: tarifaAloja.php; Acción: Lista las tarifas de alojamiento; Fecha: 21-01-2025; Hora: 09:47:37
1 - Software; Archivo: pagos.php; Acción: Recoger los medios de pago; Fecha: 21-01-2025; Hora: 09:47:47
1 - Software; Archivo: tarifaAloja.php; Acción: Lista las tarifas de alojamiento; Fecha: 21-01-2025; Hora: 09:47:47
1 - Software; Archivo: pagos.php; Acción: Recoger los medios de pago; Fecha: 21-01-2025; Hora: 09:48:05
1 - Software; Archivo: tarifaAloja.php; Acción: Lista las tarifas de alojamiento; Fecha: 21-01-2025; Hora: 09:48:05
1 - Software; Archivo: pagos.php; Acción: Recoger los medios de pago; Fecha: 21-01-2025; Hora: 09:48:24
1 - Software; Archivo: tarifaAloja.php; Acción: Lista las tarifas de alojamiento; Fecha: 21-01-2025; Hora: 09:48:24
1 - Software; Archivo: pagos.php; Acción: Recoger los medios de pago; Fecha: 21-01-2025; Hora: 09:49:27
1 - Software; Archivo: tarifaAloja.php; Acción: Lista las tarifas de alojamiento; Fecha: 21-01-2025; Hora: 09:49:27
1 - Software; Archivo: tarifaAloja.php; Acción: Lista las tarifas de alojamiento; Fecha: 21-01-2025; Hora: 09:49:34
1 - Software; Archivo: pagos.php; Acción: Recoger los medios de pago; Fecha: 21-01-2025; Hora: 09:49:44
1 - Software; Archivo: tarifaAloja.php; Acción: Lista las tarifas de alojamiento; Fecha: 21-01-2025; Hora: 09:49:44
1 - Software; Archivo: pagos.php; Acción: Recoger los medios de pago; Fecha: 21-01-2025; Hora: 09:50:10
1 - Software; Archivo: tarifaAloja.php; Acción: Lista las tarifas de alojamiento; Fecha: 21-01-2025; Hora: 09:50:10
1 - Software; Archivo: pagos.php; Acción: Recoger los medios de pago; Fecha: 21-01-2025; Hora: 09:50:32
1 - Software; Archivo: tarifaAloja.php; Acción: Lista las tarifas de alojamiento; Fecha: 21-01-2025; Hora: 09:50:32
1 - Software; Archivo: pagos.php; Acción: Recoger los medios de pago; Fecha: 21-01-2025; Hora: 09:50:36
1 - Software; Archivo: tarifaAloja.php; Acción: Lista las tarifas de alojamiento; Fecha: 21-01-2025; Hora: 09:50:36
1 - Software; Archivo: pagos.php; Acción: Recoger los medios de pago; Fecha: 21-01-2025; Hora: 09:50:38
1 - Software; Archivo: tarifaAloja.php; Acción: Lista las tarifas de alojamiento; Fecha: 21-01-2025; Hora: 09:50:38
1 - Software; Archivo: pagos.php; Acción: Recoger los medios de pago; Fecha: 21-01-2025; Hora: 09:50:40
1 - Software; Archivo: tarifaAloja.php; Acción: Lista las tarifas de alojamiento; Fecha: 21-01-2025; Hora: 09:50:40
1 - Software; Archivo: pagos.php; Acción: Recoger los medios de pago; Fecha: 21-01-2025; Hora: 09:51:01
1 - Software; Archivo: tarifaAloja.php; Acción: Lista las tarifas de alojamiento; Fecha: 21-01-2025; Hora: 09:51:01
1 - Software; Archivo: pagos.php; Acción: Recoger los medios de pago; Fecha: 21-01-2025; Hora: 09:51:21
1 - Software; Archivo: tarifaAloja.php; Acción: Lista las tarifas de alojamiento; Fecha: 21-01-2025; Hora: 09:51:21
1 - Software; Archivo: pagos.php; Acción: Recoger los medios de pago; Fecha: 21-01-2025; Hora: 09:51:24
1 - Software; Archivo: tarifaAloja.php; Acción: Lista las tarifas de alojamiento; Fecha: 21-01-2025; Hora: 09:51:24
1 - Software; Archivo: pagos.php; Acción: Recoger los medios de pago; Fecha: 21-01-2025; Hora: 09:51:49
1 - Software; Archivo: tarifaAloja.php; Acción: Lista las tarifas de alojamiento; Fecha: 21-01-2025; Hora: 09:51:49
1 - Software; Archivo: pagos.php; Acción: Recoger los medios de pago; Fecha: 21-01-2025; Hora: 09:51:52
1 - Software; Archivo: tarifaAloja.php; Acción: Lista las tarifas de alojamiento; Fecha: 21-01-2025; Hora: 09:51:52
1 - Software; Archivo: pagos.php; Acción: Recoger los medios de pago; Fecha: 21-01-2025; Hora: 09:51:54
1 - Software; Archivo: tarifaAloja.php; Acción: Lista las tarifas de alojamiento; Fecha: 21-01-2025; Hora: 09:51:54
1 - Software; Archivo: pagos.php; Acción: Recoger los medios de pago; Fecha: 21-01-2025; Hora: 09:52:08
1 - Software; Archivo: tarifaAloja.php; Acción: Lista las tarifas de alojamiento; Fecha: 21-01-2025; Hora: 09:52:09
1 - Software; Archivo: pagos.php; Acción: Recoger los medios de pago; Fecha: 21-01-2025; Hora: 09:52:10
1 - Software; Archivo: tarifaAloja.php; Acción: Lista las tarifas de alojamiento; Fecha: 21-01-2025; Hora: 09:52:11
1 - Software; Archivo: pagos.php; Acción: Recoger los medios de pago; Fecha: 21-01-2025; Hora: 09:52:18
1 - Software; Archivo: tarifaAloja.php; Acción: Lista las tarifas de alojamiento; Fecha: 21-01-2025; Hora: 09:52:18
1 - Software; Archivo: pagos.php; Acción: Recoger los medios de pago; Fecha: 21-01-2025; Hora: 09:52:26
1 - Software; Archivo: tarifaAloja.php; Acción: Lista las tarifas de alojamiento; Fecha: 21-01-2025; Hora: 09:52:26
1 - Software; Archivo: pagos.php; Acción: Recoger los medios de pago; Fecha: 21-01-2025; Hora: 09:52:29
1 - Software; Archivo: tarifaAloja.php; Acción: Lista las tarifas de alojamiento; Fecha: 21-01-2025; Hora: 09:52:29
1 - Software; Archivo: pagos.php; Acción: Recoger los medios de pago; Fecha: 21-01-2025; Hora: 09:52:30
1 - Software; Archivo: tarifaAloja.php; Acción: Lista las tarifas de alojamiento; Fecha: 21-01-2025; Hora: 09:52:30
1 - Software; Archivo: pagos.php; Acción: Recoger los medios de pago; Fecha: 21-01-2025; Hora: 10:09:19
1 - Software; Archivo: tarifaAloja.php; Acción: Lista las tarifas de alojamiento; Fecha: 21-01-2025; Hora: 10:09:19
1 - Software; Archivo: pagos.php; Acción: Recoger los medios de pago; Fecha: 21-01-2025; Hora: 10:23:46
1 - Software; Archivo: tarifaAloja.php; Acción: Lista las tarifas de alojamiento; Fecha: 21-01-2025; Hora: 10:23:46
1 - Software; Archivo: pagos.php; Acción: Recoger los medios de pago; Fecha: 21-01-2025; Hora: 10:23:57
1 - Software; Archivo: tarifaAloja.php; Acción: Lista las tarifas de alojamiento; Fecha: 21-01-2025; Hora: 10:23:57
1 - Software; Archivo: pagos.php; Acción: Recoger los medios de pago; Fecha: 21-01-2025; Hora: 10:29:15
1 - Software; Archivo: tarifaAloja.php; Acción: Lista las tarifas de alojamiento; Fecha: 21-01-2025; Hora: 10:29:16
1 - Software; Archivo: pagos.php; Acción: Recoger los medios de pago; Fecha: 21-01-2025; Hora: 10:29:47
1 - Software; Archivo: tarifaAloja.php; Acción: Lista las tarifas de alojamiento; Fecha: 21-01-2025; Hora: 10:29:48
1 - Software; Archivo: pagos.php; Acción: Recoger los medios de pago; Fecha: 21-01-2025; Hora: 10:31:15
1 - Software; Archivo: tarifaAloja.php; Acción: Lista las tarifas de alojamiento; Fecha: 21-01-2025; Hora: 10:31:15
1 - Software; Archivo: pagos.php; Acción: Recoger los medios de pago; Fecha: 21-01-2025; Hora: 10:31:35
1 - Software; Archivo: tarifaAloja.php; Acción: Lista las tarifas de alojamiento; Fecha: 21-01-2025; Hora: 10:31:36
1 - Software; Archivo: tarifaAloja.php; Acción: Lista las tarifas de alojamiento; Fecha: 21-01-2025; Hora: 10:31:57
1 - Software; Archivo: pagos.php; Acción: Recoger los medios de pago; Fecha: 21-01-2025; Hora: 10:32:13
1 - Software; Archivo: tarifaAloja.php; Acción: Lista las tarifas de alojamiento; Fecha: 21-01-2025; Hora: 10:32:13
1 - Software; Archivo: pagos.php; Acción: Recoger los medios de pago; Fecha: 21-01-2025; Hora: 10:32:22
1 - Software; Archivo: tarifaAloja.php; Acción: Lista las tarifas de alojamiento; Fecha: 21-01-2025; Hora: 10:32:22
1 - Software; Archivo: pagos.php; Acción: Recoger los medios de pago; Fecha: 21-01-2025; Hora: 10:32:30
1 - Software; Archivo: tarifaAloja.php; Acción: Lista las tarifas de alojamiento; Fecha: 21-01-2025; Hora: 10:32:30
1 - Software; Archivo: pagos.php; Acción: Recoger los medios de pago; Fecha: 21-01-2025; Hora: 10:32:34
1 - Software; Archivo: tarifaAloja.php; Acción: Lista las tarifas de alojamiento; Fecha: 21-01-2025; Hora: 10:32:34
1 - Software; Archivo: pagos.php; Acción: Recoger los medios de pago; Fecha: 21-01-2025; Hora: 10:32:37
1 - Software; Archivo: tarifaAloja.php; Acción: Lista las tarifas de alojamiento; Fecha: 21-01-2025; Hora: 10:32:37
1 - Software; Archivo: tarifaAloja.php; Acción: Lista las tarifas de alojamiento; Fecha: 21-01-2025; Hora: 10:32:52
1 - Software; Archivo: pagos.php; Acción: Recoger los medios de pago; Fecha: 21-01-2025; Hora: 10:33:02
1 - Software; Archivo: tarifaAloja.php; Acción: Lista las tarifas de alojamiento; Fecha: 21-01-2025; Hora: 10:33:02
1 - Software; Archivo: pagos.php; Acción: Recoger los medios de pago; Fecha: 21-01-2025; Hora: 10:33:12
1 - Software; Archivo: tarifaAloja.php; Acción: Lista las tarifas de alojamiento; Fecha: 21-01-2025; Hora: 10:33:12
1 - Software; Archivo: pagos.php; Acción: Recoger los medios de pago; Fecha: 21-01-2025; Hora: 10:33:15
1 - Software; Archivo: tarifaAloja.php; Acción: Lista las tarifas de alojamiento; Fecha: 21-01-2025; Hora: 10:33:15
1 - Software; Archivo: pagos.php; Acción: Recoger los medios de pago; Fecha: 21-01-2025; Hora: 10:42:20
1 - Software; Archivo: tarifaAloja.php; Acción: Lista las tarifas de alojamiento; Fecha: 21-01-2025; Hora: 10:42:20
1 - Software; Archivo: pagos.php; Acción: Recoger los medios de pago; Fecha: 21-01-2025; Hora: 10:42:38
1 - Software; Archivo: tarifaAloja.php; Acción: Lista las tarifas de alojamiento; Fecha: 21-01-2025; Hora: 10:42:38
1 - Software; Archivo: pagos.php; Acción: Recoger los medios de pago; Fecha: 21-01-2025; Hora: 10:42:43
1 - Software; Archivo: tarifaAloja.php; Acción: Lista las tarifas de alojamiento; Fecha: 21-01-2025; Hora: 10:42:43
1 - Software; Archivo: pagos.php; Acción: Recoger los medios de pago; Fecha: 21-01-2025; Hora: 10:42:54
1 - Software; Archivo: tarifaAloja.php; Acción: Lista las tarifas de alojamiento; Fecha: 21-01-2025; Hora: 10:42:54
1 - Software; Archivo: pagos.php; Acción: Recoger los medios de pago; Fecha: 21-01-2025; Hora: 10:44:25
1 - Software; Archivo: tarifaAloja.php; Acción: Lista las tarifas de alojamiento; Fecha: 21-01-2025; Hora: 10:44:25
1 - Software; Archivo: pagos.php; Acción: Recoger los medios de pago; Fecha: 21-01-2025; Hora: 10:44:30
1 - Software; Archivo: tarifaAloja.php; Acción: Lista las tarifas de alojamiento; Fecha: 21-01-2025; Hora: 10:44:30
1 - Software; Archivo: pagos.php; Acción: Recoger los medios de pago; Fecha: 21-01-2025; Hora: 10:44:31
1 - Software; Archivo: tarifaAloja.php; Acción: Lista las tarifas de alojamiento; Fecha: 21-01-2025; Hora: 10:44:31
1 - Software; Archivo: pagos.php; Acción: Recoger los medios de pago; Fecha: 21-01-2025; Hora: 10:44:32
1 - Software; Archivo: tarifaAloja.php; Acción: Lista las tarifas de alojamiento; Fecha: 21-01-2025; Hora: 10:44:32
1 - Software; Archivo: pagos.php; Acción: Recoger los medios de pago; Fecha: 21-01-2025; Hora: 10:58:14
1 - Software; Archivo: tarifaAloja.php; Acción: Lista las tarifas de alojamiento; Fecha: 21-01-2025; Hora: 10:58:14
ID: 1 - Nombre: Software - IP: 192.168.31.130; Archivo: usuario.php; Acción: Se hace login; Fecha: 21-01-2025; Hora: 10:58:42
1 - Software; Archivo: pagos.php; Acción: Recoger los medios de pago; Fecha: 21-01-2025; Hora: 11:00:33
1 - Software; Archivo: tarifaAloja.php; Acción: Lista las tarifas de alojamiento; Fecha: 21-01-2025; Hora: 11:00:33
1 - Software; Archivo: pagos.php; Acción: Recoger los medios de pago; Fecha: 21-01-2025; Hora: 11:02:03
1 - Software; Archivo: tarifaAloja.php; Acción: Lista las tarifas de alojamiento; Fecha: 21-01-2025; Hora: 11:02:03
1 - Software; Archivo: pagos.php; Acción: Recoger los medios de pago; Fecha: 21-01-2025; Hora: 11:02:23
1 - Software; Archivo: tarifaAloja.php; Acción: Lista las tarifas de alojamiento; Fecha: 21-01-2025; Hora: 11:02:23
1 - Software; Archivo: pagos.php; Acción: Recoger los medios de pago; Fecha: 21-01-2025; Hora: 11:02:49
1 - Software; Archivo: tarifaAloja.php; Acción: Lista las tarifas de alojamiento; Fecha: 21-01-2025; Hora: 11:02:49
1 - Software; Archivo: personal_Edu.php; Acción: Lista los personales; Fecha: 21-01-2025; Hora: 11:05:02
1 - Software; Archivo: pagos.php; Acción: Recoger los medios de pago; Fecha: 21-01-2025; Hora: 11:05:38
1 - Software; Archivo: tarifaAloja.php; Acción: Lista las tarifas de alojamiento; Fecha: 21-01-2025; Hora: 11:05:38
1 - Software; Archivo: pagos.php; Acción: Recoger los medios de pago; Fecha: 21-01-2025; Hora: 11:05:49
1 - Software; Archivo: tarifaAloja.php; Acción: Lista las tarifas de alojamiento; Fecha: 21-01-2025; Hora: 11:05:49
1 - Software; Archivo: pagos.php; Acción: Recoger los medios de pago; Fecha: 21-01-2025; Hora: 11:08:11
1 - Software; Archivo: tarifaAloja.php; Acción: Lista las tarifas de alojamiento; Fecha: 21-01-2025; Hora: 11:08:11
1 - Software; Archivo: tarifaAloja.php; Acción: Lista las tarifas de alojamiento; Fecha: 21-01-2025; Hora: 11:08:18
1 - Software; Archivo: pagos.php; Acción: Recoger los medios de pago; Fecha: 21-01-2025; Hora: 11:08:59
1 - Software; Archivo: tarifaAloja.php; Acción: Lista las tarifas de alojamiento; Fecha: 21-01-2025; Hora: 11:08:59
1 - Software; Archivo: pagos.php; Acción: Recoger los medios de pago; Fecha: 21-01-2025; Hora: 11:09:21
1 - Software; Archivo: tarifaAloja.php; Acción: Lista las tarifas de alojamiento; Fecha: 21-01-2025; Hora: 11:09:21
1 - Software; Archivo: pagos.php; Acción: Recoger los medios de pago; Fecha: 21-01-2025; Hora: 11:09:25
1 - Software; Archivo: tarifaAloja.php; Acción: Lista las tarifas de alojamiento; Fecha: 21-01-2025; Hora: 11:09:25
1 - Software; Archivo: pagos.php; Acción: Recoger los medios de pago; Fecha: 21-01-2025; Hora: 11:11:11
1 - Software; Archivo: tarifaAloja.php; Acción: Lista las tarifas de alojamiento; Fecha: 21-01-2025; Hora: 11:11:11
1 - Software; Archivo: pagos.php; Acción: Recoger los medios de pago; Fecha: 21-01-2025; Hora: 11:13:06
1 - Software; Archivo: tarifaAloja.php; Acción: Lista las tarifas de alojamiento; Fecha: 21-01-2025; Hora: 11:13:06
1 - Software; Archivo: pagos.php; Acción: Recoger los medios de pago; Fecha: 21-01-2025; Hora: 11:13:14
1 - Software; Archivo: tarifaAloja.php; Acción: Lista las tarifas de alojamiento; Fecha: 21-01-2025; Hora: 11:13:15
1 - Software; Archivo: pagos.php; Acción: Recoger los medios de pago; Fecha: 21-01-2025; Hora: 11:13:21
1 - Software; Archivo: tarifaAloja.php; Acción: Lista las tarifas de alojamiento; Fecha: 21-01-2025; Hora: 11:13:21
1 - Software; Archivo: pagos.php; Acción: Recoger los medios de pago; Fecha: 21-01-2025; Hora: 11:13:29
1 - Software; Archivo: tarifaAloja.php; Acción: Lista las tarifas de alojamiento; Fecha: 21-01-2025; Hora: 11:13:29
1 - Software; Archivo: pagos.php; Acción: Recoger los medios de pago; Fecha: 21-01-2025; Hora: 11:15:14
1 - Software; Archivo: tarifaAloja.php; Acción: Lista las tarifas de alojamiento; Fecha: 21-01-2025; Hora: 11:15:14
1 - Software; Archivo: pagos.php; Acción: Recoger los medios de pago; Fecha: 21-01-2025; Hora: 11:32:05
1 - Software; Archivo: tarifaAloja.php; Acción: Lista las tarifas de alojamiento; Fecha: 21-01-2025; Hora: 11:32:05
1 - Software; Archivo: pagos.php; Acción: Recoger los medios de pago; Fecha: 21-01-2025; Hora: 11:33:40
1 - Software; Archivo: tarifaAloja.php; Acción: Lista las tarifas de alojamiento; Fecha: 21-01-2025; Hora: 11:33:40
1 - Software; Archivo: tarifaAloja.php; Acción: Lista las tarifas de alojamiento; Fecha: 21-01-2025; Hora: 11:33:54
1 - Software; Archivo: pagos.php; Acción: Recoger los medios de pago; Fecha: 21-01-2025; Hora: 11:59:01
1 - Software; Archivo: tarifaAloja.php; Acción: Lista las tarifas de alojamiento; Fecha: 21-01-2025; Hora: 11:59:01
1 - Software; Archivo: pagos.php; Acción: Recoger los medios de pago; Fecha: 21-01-2025; Hora: 11:59:15
1 - Software; Archivo: tarifaAloja.php; Acción: Lista las tarifas de alojamiento; Fecha: 21-01-2025; Hora: 11:59:15
1 - Software; Archivo: pagos.php; Acción: Recoger los medios de pago; Fecha: 21-01-2025; Hora: 11:59:43
1 - Software; Archivo: tarifaAloja.php; Acción: Lista las tarifas de alojamiento; Fecha: 21-01-2025; Hora: 11:59:43
1 - Software; Archivo: pagos.php; Acción: Recoger los medios de pago; Fecha: 21-01-2025; Hora: 12:22:41
1 - Software; Archivo: tarifaAloja.php; Acción: Lista las tarifas de alojamiento; Fecha: 21-01-2025; Hora: 12:22:42
1 - Software; Archivo: pagos.php; Acción: Recoger los medios de pago; Fecha: 21-01-2025; Hora: 12:23:01
1 - Software; Archivo: tarifaAloja.php; Acción: Lista las tarifas de alojamiento; Fecha: 21-01-2025; Hora: 12:23:01
1 - Software; Archivo: pagos.php; Acción: Recoger los medios de pago; Fecha: 21-01-2025; Hora: 12:24:11
1 - Software; Archivo: tarifaAloja.php; Acción: Lista las tarifas de alojamiento; Fecha: 21-01-2025; Hora: 12:24:11
1 - Software; Archivo: pagos.php; Acción: Recoger los medios de pago; Fecha: 21-01-2025; Hora: 12:24:25
1 - Software; Archivo: tarifaAloja.php; Acción: Lista las tarifas de alojamiento; Fecha: 21-01-2025; Hora: 12:24:25
1 - Software; Archivo: pagos.php; Acción: Recoger los medios de pago; Fecha: 21-01-2025; Hora: 12:27:30
1 - Software; Archivo: tarifaAloja.php; Acción: Lista las tarifas de alojamiento; Fecha: 21-01-2025; Hora: 12:27:30
1 - Software; Archivo: pagos.php; Acción: Recoger los medios de pago; Fecha: 21-01-2025; Hora: 12:28:39
1 - Software; Archivo: tarifaAloja.php; Acción: Lista las tarifas de alojamiento; Fecha: 21-01-2025; Hora: 12:28:39
1 - Software; Archivo: pagos.php; Acción: Recoger los medios de pago; Fecha: 21-01-2025; Hora: 12:36:44
1 - Software; Archivo: tarifaAloja.php; Acción: Lista las tarifas de alojamiento; Fecha: 21-01-2025; Hora: 12:36:44
1 - Software; Archivo: pagos.php; Acción: Recoger los medios de pago; Fecha: 21-01-2025; Hora: 12:37:50
1 - Software; Archivo: tarifaAloja.php; Acción: Lista las tarifas de alojamiento; Fecha: 21-01-2025; Hora: 12:37:50
1 - Software; Archivo: pagos.php; Acción: Recoger los medios de pago; Fecha: 21-01-2025; Hora: 12:40:06
1 - Software; Archivo: tarifaAloja.php; Acción: Lista las tarifas de alojamiento; Fecha: 21-01-2025; Hora: 12:40:06
1 - Software; Archivo: pagos.php; Acción: Recoger los medios de pago; Fecha: 21-01-2025; Hora: 12:41:18
1 - Software; Archivo: tarifaAloja.php; Acción: Lista las tarifas de alojamiento; Fecha: 21-01-2025; Hora: 12:41:18
1 - Software; Archivo: pagos.php; Acción: Recoger los medios de pago; Fecha: 21-01-2025; Hora: 12:41:46
1 - Software; Archivo: tarifaAloja.php; Acción: Lista las tarifas de alojamiento; Fecha: 21-01-2025; Hora: 12:41:46
ID: 1 - Nombre: Software - IP: 192.168.31.89; Archivo: usuario.php; Acción: Se hace login; Fecha: 21-01-2025; Hora: 15:07:57
1 - Software; Archivo: pagos.php; Acción: Recoger los medios de pago; Fecha: 21-01-2025; Hora: 15:08:07
1 - Software; Archivo: tarifaAloja.php; Acción: Lista las tarifas de alojamiento; Fecha: 21-01-2025; Hora: 15:08:08
1 - Software; Archivo: pagos.php; Acción: Recoger los medios de pago; Fecha: 21-01-2025; Hora: 15:08:14
1 - Software; Archivo: tarifaAloja.php; Acción: Lista las tarifas de alojamiento; Fecha: 21-01-2025; Hora: 15:08:15
1 - Software; Archivo: tarifaAloja.php; Acción: Lista las tarifas de alojamiento; Fecha: 21-01-2025; Hora: 15:08:22
1 - Software; Archivo: pagos.php; Acción: Recoger los medios de pago; Fecha: 21-01-2025; Hora: 15:08:41
1 - Software; Archivo: tarifaAloja.php; Acción: Lista las tarifas de alojamiento; Fecha: 21-01-2025; Hora: 15:08:41
1 - Software; Archivo: pagos.php; Acción: Recoger los medios de pago; Fecha: 21-01-2025; Hora: 15:08:58
1 - Software; Archivo: tarifaAloja.php; Acción: Lista las tarifas de alojamiento; Fecha: 21-01-2025; Hora: 15:08:58
1 - Software; Archivo: pagos.php; Acción: Recoger los medios de pago; Fecha: 21-01-2025; Hora: 15:10:09
1 - Software; Archivo: tarifaAloja.php; Acción: Lista las tarifas de alojamiento; Fecha: 21-01-2025; Hora: 15:10:09
1 - Software; Archivo: pagos.php; Acción: Recoger los medios de pago; Fecha: 21-01-2025; Hora: 15:10:28
1 - Software; Archivo: tarifaAloja.php; Acción: Lista las tarifas de alojamiento; Fecha: 21-01-2025; Hora: 15:10:28
1 - Software; Archivo: pagos.php; Acción: Recoger los medios de pago; Fecha: 21-01-2025; Hora: 15:11:20
1 - Software; Archivo: tarifaAloja.php; Acción: Lista las tarifas de alojamiento; Fecha: 21-01-2025; Hora: 15:11:20
1 - Software; Archivo: pagos.php; Acción: Recoger los medios de pago; Fecha: 21-01-2025; Hora: 15:11:22
1 - Software; Archivo: tarifaAloja.php; Acción: Lista las tarifas de alojamiento; Fecha: 21-01-2025; Hora: 15:11:22
1 - Software; Archivo: pagos.php; Acción: Recoger los medios de pago; Fecha: 21-01-2025; Hora: 15:12:08
1 - Software; Archivo: tarifaAloja.php; Acción: Lista las tarifas de alojamiento; Fecha: 21-01-2025; Hora: 15:12:08
1 - Software; Archivo: pagos.php; Acción: Recoger los medios de pago; Fecha: 21-01-2025; Hora: 15:12:21
1 - Software; Archivo: tarifaAloja.php; Acción: Lista las tarifas de alojamiento; Fecha: 21-01-2025; Hora: 15:12:21
1 - Software; Archivo: pagos.php; Acción: Recoger los medios de pago; Fecha: 21-01-2025; Hora: 15:12:24
1 - Software; Archivo: tarifaAloja.php; Acción: Lista las tarifas de alojamiento; Fecha: 21-01-2025; Hora: 15:12:24
1 - Software; Archivo: pagos.php; Acción: Recoger los medios de pago; Fecha: 21-01-2025; Hora: 15:13:26
1 - Software; Archivo: tarifaAloja.php; Acción: Lista las tarifas de alojamiento; Fecha: 21-01-2025; Hora: 15:13:26
1 - Software; Archivo: pagos.php; Acción: Recoger los medios de pago; Fecha: 21-01-2025; Hora: 15:14:11
1 - Software; Archivo: tarifaAloja.php; Acción: Lista las tarifas de alojamiento; Fecha: 21-01-2025; Hora: 15:14:11
1 - Software; Archivo: pagos.php; Acción: Recoger los medios de pago; Fecha: 21-01-2025; Hora: 15:15:35
1 - Software; Archivo: tarifaAloja.php; Acción: Lista las tarifas de alojamiento; Fecha: 21-01-2025; Hora: 15:15:35
1 - Software; Archivo: pagos.php; Acción: Recoger los medios de pago; Fecha: 21-01-2025; Hora: 15:15:53
1 - Software; Archivo: tarifaAloja.php; Acción: Lista las tarifas de alojamiento; Fecha: 21-01-2025; Hora: 15:15:53
1 - Software; Archivo: pagos.php; Acción: Recoger los medios de pago; Fecha: 21-01-2025; Hora: 15:16:45
1 - Software; Archivo: tarifaAloja.php; Acción: Lista las tarifas de alojamiento; Fecha: 21-01-2025; Hora: 15:16:45
1 - Software; Archivo: pagos.php; Acción: Recoger los medios de pago; Fecha: 21-01-2025; Hora: 15:16:59
1 - Software; Archivo: tarifaAloja.php; Acción: Lista las tarifas de alojamiento; Fecha: 21-01-2025; Hora: 15:16:59
1 - Software; Archivo: pagos.php; Acción: Recoger los medios de pago; Fecha: 21-01-2025; Hora: 15:17:13
1 - Software; Archivo: tarifaAloja.php; Acción: Lista las tarifas de alojamiento; Fecha: 21-01-2025; Hora: 15:17:13
1 - Software; Archivo: tarifaAloja.php; Acción: Lista las tarifas de alojamiento; Fecha: 21-01-2025; Hora: 15:19:55
1 - Software; Archivo: tarifaAloja.php; Acción: Lista las tarifas de alojamiento; Fecha: 21-01-2025; Hora: 15:20:26
1 - Software; Archivo: pagos.php; Acción: Recoger los medios de pago; Fecha: 21-01-2025; Hora: 15:24:28
1 - Software; Archivo: tarifaAloja.php; Acción: Lista las tarifas de alojamiento; Fecha: 21-01-2025; Hora: 15:24:28
1 - Software; Archivo: tarifaAloja.php; Acción: Lista las tarifas de alojamiento; Fecha: 21-01-2025; Hora: 15:24:34
1 - Software; Archivo: pagos.php; Acción: Recoger los medios de pago; Fecha: 21-01-2025; Hora: 15:25:13
1 - Software; Archivo: tarifaAloja.php; Acción: Lista las tarifas de alojamiento; Fecha: 21-01-2025; Hora: 15:25:13
1 - Software; Archivo: pagos.php; Acción: Recoger los medios de pago; Fecha: 21-01-2025; Hora: 15:26:06
1 - Software; Archivo: tarifaAloja.php; Acción: Lista las tarifas de alojamiento; Fecha: 21-01-2025; Hora: 15:26:07
1 - Software; Archivo: pagos.php; Acción: Recoger los medios de pago; Fecha: 21-01-2025; Hora: 15:27:39
1 - Software; Archivo: tarifaAloja.php; Acción: Lista las tarifas de alojamiento; Fecha: 21-01-2025; Hora: 15:27:39
1 - Software; Archivo: pagos.php; Acción: Recoger los medios de pago; Fecha: 21-01-2025; Hora: 15:28:03
1 - Software; Archivo: tarifaAloja.php; Acción: Lista las tarifas de alojamiento; Fecha: 21-01-2025; Hora: 15:28:04
1 - Software; Archivo: tarifaAloja.php; Acción: Lista las tarifas de alojamiento; Fecha: 21-01-2025; Hora: 15:28:08
1 - Software; Archivo: pagos.php; Acción: Recoger los medios de pago; Fecha: 21-01-2025; Hora: 15:29:04
1 - Software; Archivo: tarifaAloja.php; Acción: Lista las tarifas de alojamiento; Fecha: 21-01-2025; Hora: 15:29:04
1 - Software; Archivo: pagos.php; Acción: Recoger los medios de pago; Fecha: 21-01-2025; Hora: 15:31:42
1 - Software; Archivo: tarifaAloja.php; Acción: Lista las tarifas de alojamiento; Fecha: 21-01-2025; Hora: 15:31:43
1 - Software; Archivo: tarifaAloja.php; Acción: Lista las tarifas de alojamiento; Fecha: 21-01-2025; Hora: 15:31:59
1 - Software; Archivo: pagos.php; Acción: Recoger los medios de pago; Fecha: 21-01-2025; Hora: 15:32:24
1 - Software; Archivo: tarifaAloja.php; Acción: Lista las tarifas de alojamiento; Fecha: 21-01-2025; Hora: 15:32:24
1 - Software; Archivo: pagos.php; Acción: Recoger los medios de pago; Fecha: 21-01-2025; Hora: 15:32:37
1 - Software; Archivo: tarifaAloja.php; Acción: Lista las tarifas de alojamiento; Fecha: 21-01-2025; Hora: 15:32:37
1 - Software; Archivo: tarifaAloja.php; Acción: Lista las tarifas de alojamiento; Fecha: 21-01-2025; Hora: 15:32:58
1 - Software; Archivo: tarifaAloja.php; Acción: Lista las tarifas de alojamiento; Fecha: 21-01-2025; Hora: 15:33:11
1 - Software; Archivo: pagos.php; Acción: Recoger los medios de pago; Fecha: 21-01-2025; Hora: 15:33:55
1 - Software; Archivo: tarifaAloja.php; Acción: Lista las tarifas de alojamiento; Fecha: 21-01-2025; Hora: 15:33:55
1 - Software; Archivo: pagos.php; Acción: Recoger los medios de pago; Fecha: 21-01-2025; Hora: 15:36:00
1 - Software; Archivo: tarifaAloja.php; Acción: Lista las tarifas de alojamiento; Fecha: 21-01-2025; Hora: 15:36:00
1 - Software; Archivo: pagos.php; Acción: Recoger los medios de pago; Fecha: 21-01-2025; Hora: 15:37:17
1 - Software; Archivo: tarifaAloja.php; Acción: Lista las tarifas de alojamiento; Fecha: 21-01-2025; Hora: 15:37:17
1 - Software; Archivo: pagos.php; Acción: Recoger los medios de pago; Fecha: 21-01-2025; Hora: 15:37:28
1 - Software; Archivo: tarifaAloja.php; Acción: Lista las tarifas de alojamiento; Fecha: 21-01-2025; Hora: 15:37:29
1 - Software; Archivo: pagos.php; Acción: Recoger los medios de pago; Fecha: 21-01-2025; Hora: 15:38:25
1 - Software; Archivo: tarifaAloja.php; Acción: Lista las tarifas de alojamiento; Fecha: 21-01-2025; Hora: 15:38:25
1 - Software; Archivo: tarifaAloja.php; Acción: Lista las tarifas de alojamiento; Fecha: 21-01-2025; Hora: 15:38:38
1 - Software; Archivo: pagos.php; Acción: Recoger los medios de pago; Fecha: 21-01-2025; Hora: 15:40:47
1 - Software; Archivo: tarifaAloja.php; Acción: Lista las tarifas de alojamiento; Fecha: 21-01-2025; Hora: 15:40:47
1 - Software; Archivo: pagos.php; Acción: Recoger los medios de pago; Fecha: 21-01-2025; Hora: 15:41:00
1 - Software; Archivo: tarifaAloja.php; Acción: Lista las tarifas de alojamiento; Fecha: 21-01-2025; Hora: 15:41:00
1 - Software; Archivo: tarifaAloja.php; Acción: Lista las tarifas de alojamiento; Fecha: 21-01-2025; Hora: 15:41:08
1 - Software; Archivo: pagos.php; Acción: Recoger los medios de pago; Fecha: 21-01-2025; Hora: 15:41:19
1 - Software; Archivo: tarifaAloja.php; Acción: Lista las tarifas de alojamiento; Fecha: 21-01-2025; Hora: 15:41:19
1 - Software; Archivo: pagos.php; Acción: Recoger los medios de pago; Fecha: 21-01-2025; Hora: 15:54:40
1 - Software; Archivo: tarifaAloja.php; Acción: Lista las tarifas de alojamiento; Fecha: 21-01-2025; Hora: 15:54:40
1 - Software; Archivo: pagos.php; Acción: Recoger los medios de pago; Fecha: 21-01-2025; Hora: 15:54:54
1 - Software; Archivo: tarifaAloja.php; Acción: Lista las tarifas de alojamiento; Fecha: 21-01-2025; Hora: 15:54:54
1 - Software; Archivo: tarifaAloja.php; Acción: Lista las tarifas de alojamiento; Fecha: 21-01-2025; Hora: 15:56:01
1 - Software; Archivo: pagos.php; Acción: Recoger los medios de pago; Fecha: 21-01-2025; Hora: 15:56:17
1 - Software; Archivo: tarifaAloja.php; Acción: Lista las tarifas de alojamiento; Fecha: 21-01-2025; Hora: 15:56:17
1 - Software; Archivo: pagos.php; Acción: Recoger los medios de pago; Fecha: 21-01-2025; Hora: 15:56:34
1 - Software; Archivo: tarifaAloja.php; Acción: Lista las tarifas de alojamiento; Fecha: 21-01-2025; Hora: 15:56:34
1 - Software; Archivo: pagos.php; Acción: Recoger los medios de pago; Fecha: 21-01-2025; Hora: 15:57:06
1 - Software; Archivo: tarifaAloja.php; Acción: Lista las tarifas de alojamiento; Fecha: 21-01-2025; Hora: 15:57:06
1 - Software; Archivo: pagos.php; Acción: Recoger los medios de pago; Fecha: 21-01-2025; Hora: 15:57:50
1 - Software; Archivo: tarifaAloja.php; Acción: Lista las tarifas de alojamiento; Fecha: 21-01-2025; Hora: 15:57:50
1 - Software; Archivo: pagos.php; Acción: Recoger los medios de pago; Fecha: 21-01-2025; Hora: 15:57:58
1 - Software; Archivo: tarifaAloja.php; Acción: Lista las tarifas de alojamiento; Fecha: 21-01-2025; Hora: 15:57:58
