ID:  - Nombre:  - IP: 192.168.31.3; Archivo: usuario.php; Acción: Se hace login; Fecha: 27-05-2025; Hora: 09:09:32
ID: 1 - Nombre: Software - IP: 192.168.31.3; Archivo: usuario.php; Acción: Se hace login; Fecha: 27-05-2025; Hora: 09:09:39
1 - Software; Archivo: alojamientos.php; Acción: Lista los alojamientos; Fecha: 27-05-2025; Hora: 09:27:46
1 - Software; Archivo: alojamientos.php; Acción: Lista los alojamientos; Fecha: 27-05-2025; Hora: 09:27:46
1 - Software; Archivo: alojamientos.php; Acción: Lista los alojamientos; Fecha: 27-05-2025; Hora: 09:27:46
1 - Software; Archivo: alojamientos.php; Acción: Lista los alojamientos; Fecha: 27-05-2025; Hora: 09:27:46
1 - Software; Archivo: alojamientos.php; Acción: Lista los alojamientos; Fecha: 27-05-2025; Hora: 09:27:54
1 - Software; Archivo: alojamientos.php; Acción: Lista los alojamientos; Fecha: 27-05-2025; Hora: 09:27:54
1 - Software; Archivo: alojamientos.php; Acción: Lista los alojamientos; Fecha: 27-05-2025; Hora: 09:27:54
1 - Software; Archivo: alojamientos.php; Acción: Lista los alojamientos; Fecha: 27-05-2025; Hora: 09:27:54
1 - Software; Archivo: pagos.php; Acción: Recoger los medios de pago; Fecha: 27-05-2025; Hora: 09:33:51
1 - Software; Archivo: tarifaAloja.php; Acción: Lista las tarifas de alojamiento; Fecha: 27-05-2025; Hora: 09:33:51
1 - Software; Archivo: tarifaAloja.php; Acción: Lista las tarifas de alojamiento; Fecha: 27-05-2025; Hora: 09:34:45
1 - Software; Archivo: tarifaAloja.php; Acción: Lista las tarifas de alojamiento; Fecha: 27-05-2025; Hora: 09:35:56
1 - Software; Archivo: pagos.php; Acción: Recoger los medios de pago; Fecha: 27-05-2025; Hora: 09:39:56
1 - Software; Archivo: tarifaAloja.php; Acción: Lista las tarifas de alojamiento; Fecha: 27-05-2025; Hora: 09:39:56
1 - Software; Archivo: pagos.php; Acción: Recoger los medios de pago; Fecha: 27-05-2025; Hora: 09:40:10
1 - Software; Archivo: tarifaAloja.php; Acción: Lista las tarifas de alojamiento; Fecha: 27-05-2025; Hora: 09:40:10
1 - Software; Archivo: pagos.php; Acción: Recoger los medios de pago; Fecha: 27-05-2025; Hora: 09:40:24
1 - Software; Archivo: tarifaAloja.php; Acción: Lista las tarifas de alojamiento; Fecha: 27-05-2025; Hora: 09:40:24
1 - Software; Archivo: tarifaAloja.php; Acción: Lista las tarifas de alojamiento; Fecha: 27-05-2025; Hora: 09:46:49
1 - Software; Archivo: tarifaAloja.php; Acción: Lista las tarifas de alojamiento; Fecha: 27-05-2025; Hora: 09:49:42
1 - Software; Archivo: tarifaAloja.php; Acción: Lista las tarifas de alojamiento; Fecha: 27-05-2025; Hora: 09:50:05
1 - Software; Archivo: pagos.php; Acción: Recoger los medios de pago; Fecha: 27-05-2025; Hora: 09:51:42
1 - Software; Archivo: tarifaAloja.php; Acción: Lista las tarifas de alojamiento; Fecha: 27-05-2025; Hora: 09:51:42
1 - Software; Archivo: pagos.php; Acción: Recoger los medios de pago; Fecha: 27-05-2025; Hora: 09:52:27
1 - Software; Archivo: tarifaAloja.php; Acción: Lista las tarifas de alojamiento; Fecha: 27-05-2025; Hora: 09:52:27
1 - Software; Archivo: tarifaAloja.php; Acción: Lista las tarifas de alojamiento; Fecha: 27-05-2025; Hora: 09:53:01
1 - Software; Archivo: pagos.php; Acción: Recoger los medios de pago; Fecha: 27-05-2025; Hora: 09:53:54
1 - Software; Archivo: tarifaAloja.php; Acción: Lista las tarifas de alojamiento; Fecha: 27-05-2025; Hora: 09:53:54
1 - Software; Archivo: pagos.php; Acción: Recoger los medios de pago; Fecha: 27-05-2025; Hora: 10:00:33
1 - Software; Archivo: tarifaAloja.php; Acción: Lista las tarifas de alojamiento; Fecha: 27-05-2025; Hora: 10:00:33
1 - Software; Archivo: pagos.php; Acción: Recoger los medios de pago; Fecha: 27-05-2025; Hora: 10:01:50
1 - Software; Archivo: tarifaAloja.php; Acción: Lista las tarifas de alojamiento; Fecha: 27-05-2025; Hora: 10:01:50
1 - Software; Archivo: pagos.php; Acción: Recoger los medios de pago; Fecha: 27-05-2025; Hora: 10:02:21
1 - Software; Archivo: tarifaAloja.php; Acción: Lista las tarifas de alojamiento; Fecha: 27-05-2025; Hora: 10:02:21
1 - Software; Archivo: tarifaAloja.php; Acción: Lista las tarifas de alojamiento; Fecha: 27-05-2025; Hora: 10:04:43
1 - Software; Archivo: tarifaAloja.php; Acción: Lista las tarifas de alojamiento; Fecha: 27-05-2025; Hora: 10:05:04
1 - Software; Archivo: tarifaAloja.php; Acción: Lista las tarifas de alojamiento; Fecha: 27-05-2025; Hora: 10:05:16
1 - Software; Archivo: pagos.php; Acción: Recoger los medios de pago; Fecha: 27-05-2025; Hora: 10:09:14
1 - Software; Archivo: tarifaAloja.php; Acción: Lista las tarifas de alojamiento; Fecha: 27-05-2025; Hora: 10:09:14
1 - Software; Archivo: pagos.php; Acción: Recoger los medios de pago; Fecha: 27-05-2025; Hora: 10:09:53
1 - Software; Archivo: tarifaAloja.php; Acción: Lista las tarifas de alojamiento; Fecha: 27-05-2025; Hora: 10:09:53
1 - Software; Archivo: alojamientos.php; Acción: Lista los alojamientos; Fecha: 27-05-2025; Hora: 10:13:32
1 - Software; Archivo: alojamientos.php; Acción: Lista los alojamientos; Fecha: 27-05-2025; Hora: 10:13:32
1 - Software; Archivo: alojamientos.php; Acción: Lista los alojamientos; Fecha: 27-05-2025; Hora: 10:13:32
1 - Software; Archivo: alojamientos.php; Acción: Lista los alojamientos; Fecha: 27-05-2025; Hora: 10:13:32
1 - Software; Archivo: alojamientos.php; Acción: Lista los alojamientos; Fecha: 27-05-2025; Hora: 10:14:10
1 - Software; Archivo: alojamientos.php; Acción: Lista los alojamientos; Fecha: 27-05-2025; Hora: 10:14:10
1 - Software; Archivo: alojamientos.php; Acción: Lista los alojamientos; Fecha: 27-05-2025; Hora: 10:14:11
1 - Software; Archivo: alojamientos.php; Acción: Lista los alojamientos; Fecha: 27-05-2025; Hora: 10:14:11
1 - Software; Archivo: alojamientos.php; Acción: Lista los alojamientos; Fecha: 27-05-2025; Hora: 10:14:11
1 - Software; Archivo: alojamientos.php; Acción: Lista los alojamientos; Fecha: 27-05-2025; Hora: 10:14:11
1 - Software; Archivo: alojamientos.php; Acción: Lista los alojamientos; Fecha: 27-05-2025; Hora: 10:14:13
1 - Software; Archivo: alojamientos.php; Acción: Lista los alojamientos; Fecha: 27-05-2025; Hora: 10:14:13
1 - Software; Archivo: alojamientos.php; Acción: Lista los alojamientos; Fecha: 27-05-2025; Hora: 10:14:13
1 - Software; Archivo: alojamientos.php; Acción: Lista los alojamientos; Fecha: 27-05-2025; Hora: 10:14:13
1 - Software; Archivo: alojamientos.php; Acción: Lista los alojamientos; Fecha: 27-05-2025; Hora: 10:14:18
1 - Software; Archivo: alojamientos.php; Acción: Lista los alojamientos; Fecha: 27-05-2025; Hora: 10:14:18
1 - Software; Archivo: alojamientos.php; Acción: Lista los alojamientos; Fecha: 27-05-2025; Hora: 10:14:18
1 - Software; Archivo: alojamientos.php; Acción: Lista los alojamientos; Fecha: 27-05-2025; Hora: 10:14:18
1 - Software; Archivo: alojamientos.php; Acción: Se inserta un nuevo alumno; Fecha: 27-05-2025; Hora: 10:17:18
1 - Software; Archivo: alojamientos.php; Acción: Lista los alojamientos; Fecha: 27-05-2025; Hora: 10:17:21
1 - Software; Archivo: alojamientos.php; Acción: Lista los alojamientos; Fecha: 27-05-2025; Hora: 10:17:21
1 - Software; Archivo: alojamientos.php; Acción: Lista los alojamientos; Fecha: 27-05-2025; Hora: 10:17:21
1 - Software; Archivo: alojamientos.php; Acción: Lista los alojamientos; Fecha: 27-05-2025; Hora: 10:17:21
1 - Software; Archivo: alojamientos.php; Acción: Lista los alumnos inscritos en el alojamiento 4; Fecha: 27-05-2025; Hora: 10:17:30
1 - Software; Archivo: alojamientos.php; Acción: Lista los alumnos inscritos en el alojamiento 4; Fecha: 27-05-2025; Hora: 10:17:37
1 - Software; Archivo: alojamientos.php; Acción: Lista los alojamientos; Fecha: 27-05-2025; Hora: 10:23:48
1 - Software; Archivo: alojamientos.php; Acción: Lista los alojamientos; Fecha: 27-05-2025; Hora: 10:23:48
1 - Software; Archivo: alojamientos.php; Acción: Lista los alojamientos; Fecha: 27-05-2025; Hora: 10:23:48
1 - Software; Archivo: alojamientos.php; Acción: Lista los alojamientos; Fecha: 27-05-2025; Hora: 10:23:48
1 - Software; Archivo: alojamientos.php; Acción: Lista los alojamientos; Fecha: 27-05-2025; Hora: 10:23:58
1 - Software; Archivo: alojamientos.php; Acción: Lista los alojamientos; Fecha: 27-05-2025; Hora: 10:23:58
1 - Software; Archivo: alojamientos.php; Acción: Lista los alojamientos; Fecha: 27-05-2025; Hora: 10:23:58
1 - Software; Archivo: alojamientos.php; Acción: Lista los alojamientos; Fecha: 27-05-2025; Hora: 10:23:58
1 - Software; Archivo: alojamientos.php; Acción: Activa el alojamiento 4; Fecha: 27-05-2025; Hora: 10:24:02
1 - Software; Archivo: alojamientos.php; Acción: Lista los alojamientos; Fecha: 27-05-2025; Hora: 10:24:02
1 - Software; Archivo: alojamientos.php; Acción: Lista los alojamientos; Fecha: 27-05-2025; Hora: 10:24:02
1 - Software; Archivo: alojamientos.php; Acción: Desactiva el alojamiento 4; Fecha: 27-05-2025; Hora: 10:24:06
1 - Software; Archivo: alojamientos.php; Acción: Lista los alojamientos; Fecha: 27-05-2025; Hora: 10:24:06
1 - Software; Archivo: alojamientos.php; Acción: Lista los alojamientos; Fecha: 27-05-2025; Hora: 10:24:06
1 - Software; Archivo: alojamientos.php; Acción: Lista los alumnos inscritos en el alojamiento 4; Fecha: 27-05-2025; Hora: 10:24:10
1 - Software; Archivo: pagos.php; Acción: Recoger los medios de pago; Fecha: 27-05-2025; Hora: 10:24:16
1 - Software; Archivo: tarifaAloja.php; Acción: Lista las tarifas de alojamiento; Fecha: 27-05-2025; Hora: 10:24:16
1 - Software; Archivo: alojamientos.php; Acción: Lista los alojamientos; Fecha: 27-05-2025; Hora: 10:24:27
1 - Software; Archivo: alojamientos.php; Acción: Lista los alojamientos; Fecha: 27-05-2025; Hora: 10:24:27
1 - Software; Archivo: alojamientos.php; Acción: Lista los alojamientos; Fecha: 27-05-2025; Hora: 10:24:27
1 - Software; Archivo: alojamientos.php; Acción: Lista los alojamientos; Fecha: 27-05-2025; Hora: 10:24:27
1 - Software; Archivo: alojamientos.php; Acción: Lista las visitas del alojamiento vdtyj11gn1309b336c4d90a3cea2e51; Fecha: 27-05-2025; Hora: 10:24:39
1 - Software; Archivo: alojamientos.php; Acción: Lista los alojamientos; Fecha: 27-05-2025; Hora: 10:24:41
1 - Software; Archivo: alojamientos.php; Acción: Lista los alojamientos; Fecha: 27-05-2025; Hora: 10:24:41
1 - Software; Archivo: alojamientos.php; Acción: Lista los alojamientos; Fecha: 27-05-2025; Hora: 10:24:41
1 - Software; Archivo: alojamientos.php; Acción: Lista los alojamientos; Fecha: 27-05-2025; Hora: 10:24:41
1 - Software; Archivo: alojamientos.php; Acción: Lista las visitas del alojamiento adtynk1t165af804fac914b57e00709b; Fecha: 27-05-2025; Hora: 10:24:43
1 - Software; Archivo: alojamientos.php; Acción: Lista los alojamientos; Fecha: 27-05-2025; Hora: 10:24:45
1 - Software; Archivo: alojamientos.php; Acción: Lista los alojamientos; Fecha: 27-05-2025; Hora: 10:24:45
1 - Software; Archivo: alojamientos.php; Acción: Lista los alojamientos; Fecha: 27-05-2025; Hora: 10:24:45
1 - Software; Archivo: alojamientos.php; Acción: Lista los alojamientos; Fecha: 27-05-2025; Hora: 10:24:45
1 - Software; Archivo: alojamientos.php; Acción: Lista las visitas del alojamiento vdtykel3a7d4417089d3d422acbb8f2; Fecha: 27-05-2025; Hora: 10:24:46
1 - Software; Archivo: alojamientos.php; Acción: Lista los alojamientos; Fecha: 27-05-2025; Hora: 10:24:59
1 - Software; Archivo: alojamientos.php; Acción: Lista los alojamientos; Fecha: 27-05-2025; Hora: 10:24:59
1 - Software; Archivo: alojamientos.php; Acción: Lista los alojamientos; Fecha: 27-05-2025; Hora: 10:24:59
1 - Software; Archivo: alojamientos.php; Acción: Lista los alojamientos; Fecha: 27-05-2025; Hora: 10:24:59
1 - Software; Archivo: alojamientos.php; Acción: Lista los alojamientos; Fecha: 27-05-2025; Hora: 10:25:06
1 - Software; Archivo: alojamientos.php; Acción: Lista los alojamientos; Fecha: 27-05-2025; Hora: 10:25:06
1 - Software; Archivo: alojamientos.php; Acción: Lista los alojamientos; Fecha: 27-05-2025; Hora: 10:25:06
1 - Software; Archivo: alojamientos.php; Acción: Lista los alojamientos; Fecha: 27-05-2025; Hora: 10:25:06
1 - Software; Archivo: alojamientos.php; Acción: Lista las opiniones del alojamiento.; Fecha: 27-05-2025; Hora: 10:25:17
1 - Software; Archivo: alojamientos.php; Acción: Lista los alojamientos; Fecha: 27-05-2025; Hora: 10:25:25
1 - Software; Archivo: alojamientos.php; Acción: Lista los alojamientos; Fecha: 27-05-2025; Hora: 10:25:25
1 - Software; Archivo: alojamientos.php; Acción: Lista los alojamientos; Fecha: 27-05-2025; Hora: 10:25:25
1 - Software; Archivo: alojamientos.php; Acción: Lista los alojamientos; Fecha: 27-05-2025; Hora: 10:25:25
1 - Software; Archivo: alojamientos.php; Acción: Lista las opiniones del alojamiento.; Fecha: 27-05-2025; Hora: 10:25:37
1 - Software; Archivo: alojamientos.php; Acción: Lista los alojamientos; Fecha: 27-05-2025; Hora: 10:28:05
1 - Software; Archivo: alojamientos.php; Acción: Lista los alojamientos; Fecha: 27-05-2025; Hora: 10:28:05
1 - Software; Archivo: alojamientos.php; Acción: Lista los alojamientos; Fecha: 27-05-2025; Hora: 10:28:05
1 - Software; Archivo: alojamientos.php; Acción: Lista los alojamientos; Fecha: 27-05-2025; Hora: 10:28:05
1 - Software; Archivo: alojamientos.php; Acción: Lista los alojamientos; Fecha: 27-05-2025; Hora: 10:28:45
1 - Software; Archivo: alojamientos.php; Acción: Lista los alojamientos; Fecha: 27-05-2025; Hora: 10:28:45
1 - Software; Archivo: alojamientos.php; Acción: Lista los alojamientos; Fecha: 27-05-2025; Hora: 10:28:45
1 - Software; Archivo: alojamientos.php; Acción: Lista los alojamientos; Fecha: 27-05-2025; Hora: 10:28:45
1 - Software; Archivo: alojamientos.php; Acción: Lista las opiniones del alojamiento.; Fecha: 27-05-2025; Hora: 10:29:47
1 - Software; Archivo: alojamientos.php; Acción: Lista los alojamientos; Fecha: 27-05-2025; Hora: 10:29:48
1 - Software; Archivo: alojamientos.php; Acción: Lista los alojamientos; Fecha: 27-05-2025; Hora: 10:29:48
1 - Software; Archivo: alojamientos.php; Acción: Lista los alojamientos; Fecha: 27-05-2025; Hora: 10:29:48
1 - Software; Archivo: alojamientos.php; Acción: Lista los alojamientos; Fecha: 27-05-2025; Hora: 10:29:48
1 - Software; Archivo: alojamientos.php; Acción: Lista las visitas del alojamiento adtynk1t165af804fac914b57e00709b; Fecha: 27-05-2025; Hora: 10:31:39
1 - Software; Archivo: alojamientos.php; Acción: Lista los alojamientos; Fecha: 27-05-2025; Hora: 10:31:42
1 - Software; Archivo: alojamientos.php; Acción: Lista los alojamientos; Fecha: 27-05-2025; Hora: 10:31:42
1 - Software; Archivo: alojamientos.php; Acción: Lista los alojamientos; Fecha: 27-05-2025; Hora: 10:31:42
1 - Software; Archivo: alojamientos.php; Acción: Lista los alojamientos; Fecha: 27-05-2025; Hora: 10:31:42
1 - Software; Archivo: alojamientos.php; Acción: Lista las visitas del alojamiento vdtykel3a7d4417089d3d422acbb8f2; Fecha: 27-05-2025; Hora: 10:31:53
1 - Software; Archivo: alojamientos.php; Acción: Se edita la visita 3; Fecha: 27-05-2025; Hora: 10:31:56
1 - Software; Archivo: alojamientos.php; Acción: Lista las visitas del alojamiento vdtykel3a7d4417089d3d422acbb8f2; Fecha: 27-05-2025; Hora: 10:31:56
1 - Software; Archivo: alojamientos.php; Acción: Se edita la visita 4; Fecha: 27-05-2025; Hora: 10:32:00
1 - Software; Archivo: alojamientos.php; Acción: Lista las visitas del alojamiento vdtykel3a7d4417089d3d422acbb8f2; Fecha: 27-05-2025; Hora: 10:32:00
1 - Software; Archivo: alojamientos.php; Acción: Lista los alojamientos; Fecha: 27-05-2025; Hora: 10:32:16
1 - Software; Archivo: alojamientos.php; Acción: Lista los alojamientos; Fecha: 27-05-2025; Hora: 10:32:16
1 - Software; Archivo: alojamientos.php; Acción: Lista los alojamientos; Fecha: 27-05-2025; Hora: 10:32:16
1 - Software; Archivo: alojamientos.php; Acción: Lista los alojamientos; Fecha: 27-05-2025; Hora: 10:32:16
1 - Software; Archivo: alojamientos.php; Acción: Lista las opiniones del alojamiento.; Fecha: 27-05-2025; Hora: 10:32:29
1 - Software; Archivo: alojamientos.php; Acción: Lista los alojamientos; Fecha: 27-05-2025; Hora: 10:32:31
1 - Software; Archivo: alojamientos.php; Acción: Lista los alojamientos; Fecha: 27-05-2025; Hora: 10:32:31
1 - Software; Archivo: alojamientos.php; Acción: Lista los alojamientos; Fecha: 27-05-2025; Hora: 10:32:31
1 - Software; Archivo: alojamientos.php; Acción: Lista los alojamientos; Fecha: 27-05-2025; Hora: 10:32:31
1 - Software; Archivo: alojamientos.php; Acción: Lista las opiniones del alojamiento.; Fecha: 27-05-2025; Hora: 10:32:33
1 - Software; Archivo: alojamientos.php; Acción: Lista los alojamientos; Fecha: 27-05-2025; Hora: 10:32:35
1 - Software; Archivo: alojamientos.php; Acción: Lista los alojamientos; Fecha: 27-05-2025; Hora: 10:32:35
1 - Software; Archivo: alojamientos.php; Acción: Lista los alojamientos; Fecha: 27-05-2025; Hora: 10:32:35
1 - Software; Archivo: alojamientos.php; Acción: Lista los alojamientos; Fecha: 27-05-2025; Hora: 10:32:35
1 - Software; Archivo: alojamientos.php; Acción: Lista las opiniones del alojamiento.; Fecha: 27-05-2025; Hora: 10:32:37
1 - Software; Archivo: alojamientos.php; Acción: Se desactiviva la opinión 8; Fecha: 27-05-2025; Hora: 10:32:49
1 - Software; Archivo: alojamientos.php; Acción: Lista las opiniones del alojamiento.; Fecha: 27-05-2025; Hora: 10:32:49
1 - Software; Archivo: alojamientos.php; Acción: Se activiva la opinión 8; Fecha: 27-05-2025; Hora: 10:32:54
1 - Software; Archivo: alojamientos.php; Acción: Lista las opiniones del alojamiento.; Fecha: 27-05-2025; Hora: 10:32:54
1 - Software; Archivo: alojamientos.php; Acción: Lista los alojamientos; Fecha: 27-05-2025; Hora: 10:33:00
1 - Software; Archivo: alojamientos.php; Acción: Lista los alojamientos; Fecha: 27-05-2025; Hora: 10:33:00
1 - Software; Archivo: alojamientos.php; Acción: Lista los alojamientos; Fecha: 27-05-2025; Hora: 10:33:00
1 - Software; Archivo: alojamientos.php; Acción: Lista los alojamientos; Fecha: 27-05-2025; Hora: 10:33:00
1 - Software; Archivo: tiposAloja_Edu.php; Acción: Lista los tipos de alojamiento ; Fecha: 27-05-2025; Hora: 10:33:14
1 - Software; Archivo: tiposAloja_Edu.php; Acción: Se edita un nuevo tipo de alojamiento ; Fecha: 27-05-2025; Hora: 10:34:53
1 - Software; Archivo: tiposAloja_Edu.php; Acción: Lista los tipos de alojamiento ; Fecha: 27-05-2025; Hora: 10:34:53
1 - Software; Archivo: tiposAloja_Edu.php; Acción: Se edita el tipo de alojamiento 11; Fecha: 27-05-2025; Hora: 10:35:07
1 - Software; Archivo: tiposAloja_Edu.php; Acción: Lista los tipos de alojamiento ; Fecha: 27-05-2025; Hora: 10:35:07
1 - Software; Archivo: tiposAloja_Edu.php; Acción: Lista los tipos de alojamiento ; Fecha: 27-05-2025; Hora: 10:35:09
1 - Software; Archivo: tiposAloja_Edu.php; Acción: Lista los tipos de alojamiento ; Fecha: 27-05-2025; Hora: 10:35:12
1 - Software; Archivo: tiposAloja_Edu.php; Acción: Lista los tipos de alojamiento ; Fecha: 27-05-2025; Hora: 10:35:14
1 - Software; Archivo: tiposAloja_Edu.php; Acción: Se edita el tipo de alojamiento 11; Fecha: 27-05-2025; Hora: 10:35:33
1 - Software; Archivo: tiposAloja_Edu.php; Acción: Lista los tipos de alojamiento ; Fecha: 27-05-2025; Hora: 10:35:33
1 - Software; Archivo: actividades.php; Acción: Lista las actividades de los adminitradores; Fecha: 27-05-2025; Hora: 10:35:49
1 - Software; Archivo: actividades.php; Acción: Lista los alumnos apuntados en la actividad 1; Fecha: 27-05-2025; Hora: 10:36:05
1 - Software; Archivo: actividades.php; Acción: El alumno 18 fue eliminad@ de la actividad; Fecha: 27-05-2025; Hora: 10:36:23
1 - Software; Archivo: actividades.php; Acción: Lista los alumnos apuntados en la actividad 1; Fecha: 27-05-2025; Hora: 10:36:23
1 - Software; Archivo: actividades.php; Acción: Lista las actividades de los adminitradores; Fecha: 27-05-2025; Hora: 10:36:30
1 - Software; Archivo: actividades.php; Acción: Lista los alumnos apuntados en la actividad 1; Fecha: 27-05-2025; Hora: 10:36:38
1 - Software; Archivo: actividades.php; Acción: Lista las actividades de los adminitradores; Fecha: 27-05-2025; Hora: 10:36:40
1 - Software; Archivo: actividades.php; Acción: Lista los alumnos apuntados en la actividad 1; Fecha: 27-05-2025; Hora: 10:37:24
1 - Software; Archivo: actividades.php; Acción: Lista las actividades de los adminitradores; Fecha: 27-05-2025; Hora: 10:37:48
1 - Software; Archivo: actividades.php; Acción: La actividad 1fue activada; Fecha: 27-05-2025; Hora: 10:38:06
1 - Software; Archivo: actividades.php; Acción: Edita Actividades1 Visita al Centro Histórico; Fecha: 27-05-2025; Hora: 10:39:41
1 - Software; Archivo: actividades.php; Acción: Lista las actividades de los adminitradores; Fecha: 27-05-2025; Hora: 10:39:43
1 - Software; Archivo: actividades.php; Acción: Lista los alumnos apuntados en la actividad 1; Fecha: 27-05-2025; Hora: 10:39:47
1 - Software; Archivo: actividades.php; Acción: Alumno 14 fue apuntado por Software a la actividad 1; Fecha: 27-05-2025; Hora: 10:39:54
1 - Software; Archivo: actividades.php; Acción: Lista los alumnos apuntados en la actividad 1; Fecha: 27-05-2025; Hora: 10:39:54
1 - Software; Archivo: actividades.php; Acción: Alumno 14 fue apuntado por Software a la actividad 1; Fecha: 27-05-2025; Hora: 10:40:01
1 - Software; Archivo: actividades.php; Acción: Lista los alumnos apuntados en la actividad 1; Fecha: 27-05-2025; Hora: 10:40:01
1 - Software; Archivo: actividades.php; Acción: Lista las actividades de los adminitradores; Fecha: 27-05-2025; Hora: 10:40:23
1 - Software; Archivo: actividades.php; Acción: Lista los alumnos apuntados en la actividad 1; Fecha: 27-05-2025; Hora: 10:41:04
1 - Software; Archivo: actividades.php; Acción: El alumno 20 fue eliminad@ de la actividad; Fecha: 27-05-2025; Hora: 10:41:09
1 - Software; Archivo: actividades.php; Acción: Lista los alumnos apuntados en la actividad 1; Fecha: 27-05-2025; Hora: 10:41:09
1 - Software; Archivo: actividades.php; Acción: El alumno 19 ha asistido; Fecha: 27-05-2025; Hora: 10:41:14
1 - Software; Archivo: actividades.php; Acción: Lista los alumnos apuntados en la actividad 1; Fecha: 27-05-2025; Hora: 10:41:14
1 - Software; Archivo: actividades.php; Acción: El alumno 19 ha asistido; Fecha: 27-05-2025; Hora: 10:41:16
1 - Software; Archivo: actividades.php; Acción: Lista los alumnos apuntados en la actividad 1; Fecha: 27-05-2025; Hora: 10:41:16
1 - Software; Archivo: actividades.php; Acción: El alumno 19 ha asistido; Fecha: 27-05-2025; Hora: 10:41:20
1 - Software; Archivo: actividades.php; Acción: Lista los alumnos apuntados en la actividad 1; Fecha: 27-05-2025; Hora: 10:41:20
1 - Software; Archivo: actividades.php; Acción: El alumno 19 ha asistido; Fecha: 27-05-2025; Hora: 10:41:24
1 - Software; Archivo: actividades.php; Acción: Lista los alumnos apuntados en la actividad 1; Fecha: 27-05-2025; Hora: 10:41:24
1 - Software; Archivo: actividades.php; Acción: El alumno 19 ha asistido; Fecha: 27-05-2025; Hora: 10:41:28
1 - Software; Archivo: actividades.php; Acción: Lista los alumnos apuntados en la actividad 1; Fecha: 27-05-2025; Hora: 10:41:28
1 - Software; Archivo: actividades.php; Acción: El alumno 19 ha asistido; Fecha: 27-05-2025; Hora: 10:41:31
1 - Software; Archivo: actividades.php; Acción: Lista los alumnos apuntados en la actividad 1; Fecha: 27-05-2025; Hora: 10:41:31
1 - Software; Archivo: actividades.php; Acción: El alumno 19 no ha asistido; Fecha: 27-05-2025; Hora: 10:41:47
1 - Software; Archivo: actividades.php; Acción: Lista los alumnos apuntados en la actividad 1; Fecha: 27-05-2025; Hora: 10:41:47
1 - Software; Archivo: actividades.php; Acción: El alumno 19 no ha asistido; Fecha: 27-05-2025; Hora: 10:41:51
1 - Software; Archivo: actividades.php; Acción: Lista los alumnos apuntados en la actividad 1; Fecha: 27-05-2025; Hora: 10:41:51
1 - Software; Archivo: actividades.php; Acción: El alumno 19 ha asistido; Fecha: 27-05-2025; Hora: 10:42:32
1 - Software; Archivo: actividades.php; Acción: Lista los alumnos apuntados en la actividad 1; Fecha: 27-05-2025; Hora: 10:42:32
1 - Software; Archivo: actividades.php; Acción: El alumno 19 ha asistido; Fecha: 27-05-2025; Hora: 10:42:35
1 - Software; Archivo: actividades.php; Acción: Lista los alumnos apuntados en la actividad 1; Fecha: 27-05-2025; Hora: 10:42:35
1 - Software; Archivo: actividades.php; Acción: El alumno 19 no ha asistido; Fecha: 27-05-2025; Hora: 10:42:40
1 - Software; Archivo: actividades.php; Acción: Lista los alumnos apuntados en la actividad 1; Fecha: 27-05-2025; Hora: 10:42:40
1 - Software; Archivo: actividades.php; Acción: El alumno 19 ha asistido; Fecha: 27-05-2025; Hora: 10:42:42
1 - Software; Archivo: actividades.php; Acción: Lista los alumnos apuntados en la actividad 1; Fecha: 27-05-2025; Hora: 10:42:42
1 - Software; Archivo: actividades.php; Acción: El alumno 19 no ha asistido; Fecha: 27-05-2025; Hora: 10:42:48
1 - Software; Archivo: actividades.php; Acción: Lista los alumnos apuntados en la actividad 1; Fecha: 27-05-2025; Hora: 10:42:48
1 - Software; Archivo: alojamientos.php; Acción: Lista los alojamientos; Fecha: 27-05-2025; Hora: 10:43:16
1 - Software; Archivo: alojamientos.php; Acción: Lista los alojamientos; Fecha: 27-05-2025; Hora: 10:43:16
1 - Software; Archivo: alojamientos.php; Acción: Lista los alojamientos; Fecha: 27-05-2025; Hora: 10:43:16
1 - Software; Archivo: alojamientos.php; Acción: Lista los alojamientos; Fecha: 27-05-2025; Hora: 10:43:16
1 - Software; Archivo: actividades.php; Acción: Lista las actividades de los adminitradores; Fecha: 27-05-2025; Hora: 10:43:20
1 - Software; Archivo: actividades.php; Acción: Lista los alumnos apuntados en la actividad 1; Fecha: 27-05-2025; Hora: 10:43:27
1 - Software; Archivo: actividades.php; Acción: Lista las actividades de los adminitradores; Fecha: 27-05-2025; Hora: 10:44:18
1 - Software; Archivo: actividades.php; Acción: Lista las actividades de los adminitradores; Fecha: 27-05-2025; Hora: 10:44:34
1 - Software; Archivo: actividades.php; Acción: Lista las actividades de los adminitradores; Fecha: 27-05-2025; Hora: 10:46:13
1 - Software; Archivo: pagos.php; Acción: Recoger los medios de pago; Fecha: 27-05-2025; Hora: 10:55:18
1 - Software; Archivo: tarifaAloja.php; Acción: Lista las tarifas de alojamiento; Fecha: 27-05-2025; Hora: 10:55:18
1 - Software; Archivo: personal_Edu.php; Acción: Lista los personales; Fecha: 27-05-2025; Hora: 10:55:52
1 - Software; Archivo: personal_Edu.php; Acción: Se inserta un nuevo personal; Fecha: 27-05-2025; Hora: 10:56:44
1 - Software; Archivo: personal_Edu.php; Acción: Lista los personales; Fecha: 27-05-2025; Hora: 10:56:44
1 - Software; Archivo: personal_Edu.php; Acción: Lista los personales; Fecha: 27-05-2025; Hora: 11:00:41
1 - Software; Archivo: personal_Edu.php; Acción: Lista los personales; Fecha: 27-05-2025; Hora: 11:00:42
1 - Software; Archivo: personal_Edu.php; Acción: Lista los personales; Fecha: 27-05-2025; Hora: 11:00:43
 - Software; Archivo: asistencia.php; Acción: Lista las asistencias; Fecha: 27-05-2025; Hora: 11:28:57
1 - Software; Archivo: personal_Edu.php; Acción: Lista los personales; Fecha: 27-05-2025; Hora: 11:28:59
 - Software; Archivo: asistencia.php; Acción: Lista las asistencias; Fecha: 27-05-2025; Hora: 11:29:01
1 - Software; Archivo: personal_Edu.php; Acción: Lista los personales; Fecha: 27-05-2025; Hora: 11:29:03
 - Software; Archivo: asistencia.php; Acción: Lista las asistencias; Fecha: 27-05-2025; Hora: 11:29:04
1 - Software; Archivo: personal_Edu.php; Acción: Lista los personales; Fecha: 27-05-2025; Hora: 11:29:05
1 - Software; Archivo: personal_Edu.php; Acción: Lista los personales; Fecha: 27-05-2025; Hora: 11:29:09
1 - Software; Archivo: contrato.php; Acción: Interta un nuevo contrato ; Fecha: 27-05-2025; Hora: 11:29:31
1 - Software; Archivo: contrato.php; Acción: Edita el contrato 17; Fecha: 27-05-2025; Hora: 11:29:47
1 - Software; Archivo: contrato.php; Acción: Edita el contrato 17; Fecha: 27-05-2025; Hora: 11:30:55
1 - Software; Archivo: personal_Edu.php; Acción: Lista los personales; Fecha: 27-05-2025; Hora: 12:01:26
1 - Software; Archivo: personal_Edu.php; Acción: Lista los personales; Fecha: 27-05-2025; Hora: 12:01:58
1 - Software; Archivo: personal_Edu.php; Acción: Lista los personales; Fecha: 27-05-2025; Hora: 12:02:51
1 - Software; Archivo: contrato.php; Acción: Edita el contrato 17; Fecha: 27-05-2025; Hora: 12:02:58
1 - Software; Archivo: personal_Edu.php; Acción: Lista los personales; Fecha: 27-05-2025; Hora: 12:03:30
1 - Software; Archivo: personal_Edu.php; Acción: Se edita el personal 29; Fecha: 27-05-2025; Hora: 12:03:35
1 - Software; Archivo: personal_Edu.php; Acción: Lista los personales; Fecha: 27-05-2025; Hora: 12:03:35
1 - Software; Archivo: personal_Edu.php; Acción: Lista los personales; Fecha: 27-05-2025; Hora: 12:03:38
1 - Software; Archivo: personal_Edu.php; Acción: Lista los personales; Fecha: 27-05-2025; Hora: 12:03:39
 - Software; Archivo: asistencia.php; Acción: Lista las asistencias; Fecha: 27-05-2025; Hora: 12:03:46
1 - Software; Archivo: personal_Edu.php; Acción: Lista los personales; Fecha: 27-05-2025; Hora: 12:04:05
1 - Software; Archivo: personal_Edu.php; Acción: Lista los personales; Fecha: 27-05-2025; Hora: 12:04:21
1 - Software; Archivo: contrato.php; Acción: Interta un nuevo contrato ; Fecha: 27-05-2025; Hora: 12:04:33
1 - Software; Archivo: personal_Edu.php; Acción: Lista los personales; Fecha: 27-05-2025; Hora: 12:04:58
 - Software; Archivo: asistencia.php; Acción: Lista las asistencias; Fecha: 27-05-2025; Hora: 12:05:02
1 - Software; Archivo: personal_Edu.php; Acción: Lista los personales; Fecha: 27-05-2025; Hora: 12:05:10
 - Software; Archivo: asistencia.php; Acción: Lista las asistencias; Fecha: 27-05-2025; Hora: 12:05:18
1 - Software; Archivo: personal_Edu.php; Acción: Lista los personales; Fecha: 27-05-2025; Hora: 12:05:20
 - Software; Archivo: asistencia.php; Acción: Lista las asistencias; Fecha: 27-05-2025; Hora: 12:05:26
1 - Software; Archivo: personal_Edu.php; Acción: Lista los personales; Fecha: 27-05-2025; Hora: 12:05:35
 - Software; Archivo: asistencia.php; Acción: Lista las asistencias; Fecha: 27-05-2025; Hora: 12:05:41
 - Software; Archivo: asistencia.php; Acción: Lista las asistencias; Fecha: 27-05-2025; Hora: 12:07:09
1 - Software; Archivo: tipoCurso_Edu.php; Acción: Lista los tipos de curso; Fecha: 27-05-2025; Hora: 12:07:19
1 - Software; Archivo: tipoCurso_Edu.php; Acción: Lista los tipos de curso; Fecha: 27-05-2025; Hora: 12:13:57
1 - Software; Archivo: tipoCurso_Edu.php; Acción: Lista los tipos de curso; Fecha: 27-05-2025; Hora: 12:20:26
1 - Software; Archivo: tarifaAloja.php; Acción: Lista las tarifas de alojamiento; Fecha: 27-05-2025; Hora: 12:23:16
1 - Software; Archivo: tarifaAloja.php; Acción: Se edita la tarifa de alojamiento 2815; Fecha: 27-05-2025; Hora: 12:23:26
1 - Software; Archivo: tarifaAloja.php; Acción: Lista las tarifas de alojamiento; Fecha: 27-05-2025; Hora: 12:23:26
1 - Software; Archivo: tarifaAloja.php; Acción: Se edita la tarifa de alojamiento 2815; Fecha: 27-05-2025; Hora: 12:23:33
1 - Software; Archivo: tarifaAloja.php; Acción: Lista las tarifas de alojamiento; Fecha: 27-05-2025; Hora: 12:23:33
1 - Software; Archivo: tarifaAloja.php; Acción: Se edita la tarifa de alojamiento 2815; Fecha: 27-05-2025; Hora: 12:23:46
1 - Software; Archivo: tarifaAloja.php; Acción: Lista las tarifas de alojamiento; Fecha: 27-05-2025; Hora: 12:23:46
1 - Software; Archivo: tarifaAloja.php; Acción: Se edita la tarifa de alojamiento 2815; Fecha: 27-05-2025; Hora: 12:25:05
1 - Software; Archivo: tarifaAloja.php; Acción: Lista las tarifas de alojamiento; Fecha: 27-05-2025; Hora: 12:25:06
1 - Software; Archivo: tarifaAloja.php; Acción: Se edita la tarifa de alojamiento 2816; Fecha: 27-05-2025; Hora: 12:26:16
1 - Software; Archivo: tarifaAloja.php; Acción: Lista las tarifas de alojamiento; Fecha: 27-05-2025; Hora: 12:26:16
1 - Software; Archivo: tarifaAloja.php; Acción: Lista las tarifas de alojamiento; Fecha: 27-05-2025; Hora: 12:26:50
1 - Software; Archivo: tarifaAloja.php; Acción: Lista las tarifas de alojamiento; Fecha: 27-05-2025; Hora: 12:26:53
1 - Software; Archivo: tarifaAloja.php; Acción: Lista las tarifas de alojamiento; Fecha: 27-05-2025; Hora: 12:26:55
1 - Software; Archivo: tarifaAloja.php; Acción: Lista las tarifas de alojamiento; Fecha: 27-05-2025; Hora: 12:27:37
1 - Software; Archivo: tarifaAloja.php; Acción: Lista las tarifas de alojamiento; Fecha: 27-05-2025; Hora: 12:34:39
1 - Software; Archivo: tipoCurso_Edu.php; Acción: Lista los tipos de curso; Fecha: 27-05-2025; Hora: 12:34:42
1 - Software; Archivo: tarifaAloja.php; Acción: Lista las tarifas de alojamiento; Fecha: 27-05-2025; Hora: 12:34:43
1 - Software; Archivo: tipoCurso_Edu.php; Acción: Lista los tipos de curso; Fecha: 27-05-2025; Hora: 12:35:11
1 - Software; Archivo: tarifaAloja.php; Acción: Lista las tarifas de alojamiento; Fecha: 27-05-2025; Hora: 12:35:16
1 - Software; Archivo: tarifaAloja.php; Acción: Se edita la tarifa de alojamiento 2829; Fecha: 27-05-2025; Hora: 12:36:07
1 - Software; Archivo: tarifaAloja.php; Acción: Lista las tarifas de alojamiento; Fecha: 27-05-2025; Hora: 12:36:07
1 - Software; Archivo: tarifaAloja.php; Acción: Lista las tarifas de alojamiento; Fecha: 27-05-2025; Hora: 12:36:13
1 - Software; Archivo: tarifaAloja.php; Acción: Lista las tarifas de alojamiento; Fecha: 27-05-2025; Hora: 12:36:18
1 - Software; Archivo: idiomas.php; Acción: Lista los idiomas; Fecha: 27-05-2025; Hora: 12:37:14
1 - Software; Archivo: idiomas.php; Acción: Lista los idiomas; Fecha: 27-05-2025; Hora: 12:37:39
1 - Software; Archivo: idiomas.php; Acción: Lista los idiomas; Fecha: 27-05-2025; Hora: 12:37:41
1 - Software; Archivo: tipoCurso_Edu.php; Acción: Lista los tipos de curso; Fecha: 27-05-2025; Hora: 12:37:45
1 - Software; Archivo: tipoCurso_Edu.php; Acción: Lista los tipos de curso; Fecha: 27-05-2025; Hora: 12:37:58
1 - Software; Archivo: tipoCurso_Edu.php; Acción: Lista los tipos de curso; Fecha: 27-05-2025; Hora: 12:37:59
1 - Software; Archivo: tipoCurso_Edu.php; Acción: Lista los tipos de curso; Fecha: 27-05-2025; Hora: 12:38:01
1 - Software; Archivo: tipoCurso_Edu.php; Acción: Lista los tipos de curso; Fecha: 27-05-2025; Hora: 12:38:58
1 - Software; Archivo: tipoCurso_Edu.php; Acción: Lista los tipos de curso; Fecha: 27-05-2025; Hora: 12:39:05
1 - Software; Archivo: tipoCurso_Edu.php; Acción: Lista los tipos de curso; Fecha: 27-05-2025; Hora: 12:39:22
1 - Software; Archivo: tipoCurso_Edu.php; Acción: Lista los tipos de curso; Fecha: 27-05-2025; Hora: 12:39:33
1 - Software; Archivo: tipoCurso_Edu.php; Acción: Lista los tipos de curso; Fecha: 27-05-2025; Hora: 12:40:38
1 - Software; Archivo: tipoCurso_Edu.php; Acción: Lista los tipos de curso; Fecha: 27-05-2025; Hora: 12:40:38
1 - Software; Archivo: niveles.php; Acción: Lista los niveles; Fecha: 27-05-2025; Hora: 12:40:42
1 - Software; Archivo: niveles.php; Acción: Se edita el nivel 1; Fecha: 27-05-2025; Hora: 12:40:46
1 - Software; Archivo: niveles.php; Acción: Lista los niveles; Fecha: 27-05-2025; Hora: 12:40:46
1 - Software; Archivo: niveles.php; Acción: Se inserta un nuevo nivel; Fecha: 27-05-2025; Hora: 12:41:14
1 - Software; Archivo: niveles.php; Acción: Lista los niveles; Fecha: 27-05-2025; Hora: 12:41:14
1 - Software; Archivo: niveles.php; Acción: Lista los niveles; Fecha: 27-05-2025; Hora: 12:41:33
1 - Software; Archivo: niveles.php; Acción: Lista los niveles; Fecha: 27-05-2025; Hora: 12:41:33
ID: 15 - Nombre: Andres - IP: 192.168.31.3; Archivo: usuario.php; Acción: Se hace login Alumno; Fecha: 27-05-2025; Hora: 12:47:43
15 - Andres; Archivo: actividades.php; Acción: Lista las actividades de los alumnos; Fecha: 27-05-2025; Hora: 12:48:21
15 - Andres; Archivo: actividades.php; Acción: Lista las actividades de los alumnos; Fecha: 27-05-2025; Hora: 12:49:49
15 - Andres; Archivo: actividades.php; Acción: El usuario 15 se apunta a la actividad 1; Fecha: 27-05-2025; Hora: 12:49:55
15 - Andres; Archivo: actividades.php; Acción: Lista las actividades de los alumnos; Fecha: 27-05-2025; Hora: 12:49:55
ID: 1 - Nombre: Software - IP: 192.168.31.3; Archivo: usuario.php; Acción: Se hace login; Fecha: 27-05-2025; Hora: 13:05:33
1 - Software; Archivo: pagos.php; Acción: Recoger los medios de pago; Fecha: 27-05-2025; Hora: 13:05:37
1 - Software; Archivo: tarifaAloja.php; Acción: Lista las tarifas de alojamiento; Fecha: 27-05-2025; Hora: 13:05:37
ID: 1 - Nombre: Software - IP: 192.168.31.3; Archivo: usuario.php; Acción: Se hace login; Fecha: 27-05-2025; Hora: 13:06:54
1 - Software; Archivo: actividades.php; Acción: Lista las actividades de los adminitradores; Fecha: 27-05-2025; Hora: 13:07:51
1 - Software; Archivo: alojamientos.php; Acción: Lista los alojamientos; Fecha: 27-05-2025; Hora: 13:07:54
1 - Software; Archivo: alojamientos.php; Acción: Lista los alojamientos; Fecha: 27-05-2025; Hora: 13:07:54
1 - Software; Archivo: alojamientos.php; Acción: Lista los alojamientos; Fecha: 27-05-2025; Hora: 13:07:54
1 - Software; Archivo: alojamientos.php; Acción: Lista los alojamientos; Fecha: 27-05-2025; Hora: 13:07:54
1 - Software; Archivo: pagos.php; Acción: Recoger los medios de pago; Fecha: 27-05-2025; Hora: 13:08:09
1 - Software; Archivo: tarifaAloja.php; Acción: Lista las tarifas de alojamiento; Fecha: 27-05-2025; Hora: 13:08:10
1 - Software; Archivo: pagos.php; Acción: Recoger los medios de pago; Fecha: 27-05-2025; Hora: 13:08:17
1 - Software; Archivo: tarifaAloja.php; Acción: Lista las tarifas de alojamiento; Fecha: 27-05-2025; Hora: 13:08:17
1 - Software; Archivo: alojamientos.php; Acción: Lista los alojamientos; Fecha: 27-05-2025; Hora: 13:17:59
1 - Software; Archivo: alojamientos.php; Acción: Lista los alojamientos; Fecha: 27-05-2025; Hora: 13:17:59
1 - Software; Archivo: alojamientos.php; Acción: Lista los alojamientos; Fecha: 27-05-2025; Hora: 13:17:59
1 - Software; Archivo: alojamientos.php; Acción: Lista los alojamientos; Fecha: 27-05-2025; Hora: 13:17:59
1 - Software; Archivo: alojamientos.php; Acción: Lista las opiniones del alojamiento.; Fecha: 27-05-2025; Hora: 13:18:21
1 - Software; Archivo: alojamientos.php; Acción: Lista los alojamientos; Fecha: 27-05-2025; Hora: 13:18:25
1 - Software; Archivo: alojamientos.php; Acción: Lista los alojamientos; Fecha: 27-05-2025; Hora: 13:18:25
1 - Software; Archivo: alojamientos.php; Acción: Lista los alojamientos; Fecha: 27-05-2025; Hora: 13:18:25
1 - Software; Archivo: alojamientos.php; Acción: Lista los alojamientos; Fecha: 27-05-2025; Hora: 13:18:25
1 - Software; Archivo: alojamientos.php; Acción: Lista las opiniones del alojamiento.; Fecha: 27-05-2025; Hora: 13:18:35
1 - Software; Archivo: alojamientos.php; Acción: Lista los alojamientos; Fecha: 27-05-2025; Hora: 13:18:43
1 - Software; Archivo: alojamientos.php; Acción: Lista los alojamientos; Fecha: 27-05-2025; Hora: 13:18:43
1 - Software; Archivo: alojamientos.php; Acción: Lista los alojamientos; Fecha: 27-05-2025; Hora: 13:18:43
1 - Software; Archivo: alojamientos.php; Acción: Lista los alojamientos; Fecha: 27-05-2025; Hora: 13:18:43
1 - Software; Archivo: alojamientos.php; Acción: Se inserta una nueva opinión; Fecha: 27-05-2025; Hora: 13:19:02
1 - Software; Archivo: alojamientos.php; Acción: Lista los alojamientos; Fecha: 27-05-2025; Hora: 13:19:02
1 - Software; Archivo: alojamientos.php; Acción: Lista los alojamientos; Fecha: 27-05-2025; Hora: 13:19:02
1 - Software; Archivo: alojamientos.php; Acción: Lista las opiniones del alojamiento.; Fecha: 27-05-2025; Hora: 13:19:04
1 - Software; Archivo: alojamientos.php; Acción: Lista los alojamientos; Fecha: 27-05-2025; Hora: 13:19:06
1 - Software; Archivo: alojamientos.php; Acción: Lista los alojamientos; Fecha: 27-05-2025; Hora: 13:19:06
1 - Software; Archivo: alojamientos.php; Acción: Lista los alojamientos; Fecha: 27-05-2025; Hora: 13:19:06
1 - Software; Archivo: alojamientos.php; Acción: Lista los alojamientos; Fecha: 27-05-2025; Hora: 13:19:06
1 - Software; Archivo: alojamientos.php; Acción: Lista las opiniones del alojamiento.; Fecha: 27-05-2025; Hora: 13:19:08
1 - Software; Archivo: alojamientos.php; Acción: Lista los alojamientos; Fecha: 27-05-2025; Hora: 13:20:10
1 - Software; Archivo: alojamientos.php; Acción: Lista los alojamientos; Fecha: 27-05-2025; Hora: 13:20:10
1 - Software; Archivo: alojamientos.php; Acción: Lista los alojamientos; Fecha: 27-05-2025; Hora: 13:20:10
1 - Software; Archivo: alojamientos.php; Acción: Lista los alojamientos; Fecha: 27-05-2025; Hora: 13:20:10
1 - Software; Archivo: alojamientos.php; Acción: Lista las opiniones del alojamiento.; Fecha: 27-05-2025; Hora: 13:20:18
1 - Software; Archivo: pagos.php; Acción: Recoger los medios de pago; Fecha: 27-05-2025; Hora: 13:20:50
1 - Software; Archivo: tarifaAloja.php; Acción: Lista las tarifas de alojamiento; Fecha: 27-05-2025; Hora: 13:20:50
1 - Software; Archivo: tarifaAloja.php; Acción: Lista las tarifas de alojamiento; Fecha: 27-05-2025; Hora: 13:20:57
1 - Software; Archivo: alojamientos.php; Acción: Lista los alojamientos; Fecha: 27-05-2025; Hora: 13:22:00
1 - Software; Archivo: alojamientos.php; Acción: Lista los alojamientos; Fecha: 27-05-2025; Hora: 13:22:00
1 - Software; Archivo: alojamientos.php; Acción: Lista los alojamientos; Fecha: 27-05-2025; Hora: 13:22:00
1 - Software; Archivo: alojamientos.php; Acción: Lista los alojamientos; Fecha: 27-05-2025; Hora: 13:22:00
1 - Software; Archivo: alojamientos.php; Acción: Se inserta una nueva opinión; Fecha: 27-05-2025; Hora: 13:22:06
1 - Software; Archivo: alojamientos.php; Acción: Lista los alojamientos; Fecha: 27-05-2025; Hora: 13:22:06
1 - Software; Archivo: alojamientos.php; Acción: Lista los alojamientos; Fecha: 27-05-2025; Hora: 13:22:06
1 - Software; Archivo: tarifaAloja.php; Acción: Lista las tarifas de alojamiento; Fecha: 27-05-2025; Hora: 13:32:18
1 - Software; Archivo: pagos.php; Acción: Recoger los medios de pago; Fecha: 27-05-2025; Hora: 13:38:06
1 - Software; Archivo: tarifaAloja.php; Acción: Lista las tarifas de alojamiento; Fecha: 27-05-2025; Hora: 13:38:06
1 - Software; Archivo: tarifaAloja.php; Acción: Lista las tarifas de alojamiento; Fecha: 27-05-2025; Hora: 13:38:21
1 - Software; Archivo: tarifaAloja.php; Acción: Lista las tarifas de alojamiento; Fecha: 27-05-2025; Hora: 13:38:40
1 - Software; Archivo: alojamientos.php; Acción: Lista los alojamientos; Fecha: 27-05-2025; Hora: 13:47:23
1 - Software; Archivo: alojamientos.php; Acción: Lista los alojamientos; Fecha: 27-05-2025; Hora: 13:47:23
1 - Software; Archivo: alojamientos.php; Acción: Lista los alojamientos; Fecha: 27-05-2025; Hora: 13:47:23
1 - Software; Archivo: alojamientos.php; Acción: Lista los alojamientos; Fecha: 27-05-2025; Hora: 13:47:23
1 - Software; Archivo: alojamientos.php; Acción: Lista los alojamientos; Fecha: 27-05-2025; Hora: 13:48:12
1 - Software; Archivo: alojamientos.php; Acción: Lista los alojamientos; Fecha: 27-05-2025; Hora: 13:48:12
1 - Software; Archivo: alojamientos.php; Acción: Lista los alojamientos; Fecha: 27-05-2025; Hora: 13:48:12
1 - Software; Archivo: alojamientos.php; Acción: Lista los alojamientos; Fecha: 27-05-2025; Hora: 13:48:12
1 - Software; Archivo: pagos.php; Acción: Recoger los medios de pago; Fecha: 27-05-2025; Hora: 13:48:19
1 - Software; Archivo: tarifaAloja.php; Acción: Lista las tarifas de alojamiento; Fecha: 27-05-2025; Hora: 13:48:19
1 - Software; Archivo: tarifaAloja.php; Acción: Lista las tarifas de alojamiento; Fecha: 27-05-2025; Hora: 13:49:18
1 - Software; Archivo: tarifaAloja.php; Acción: Lista las tarifas de alojamiento; Fecha: 27-05-2025; Hora: 13:49:50
1 - Software; Archivo: pagos.php; Acción: Recoger los medios de pago; Fecha: 27-05-2025; Hora: 14:05:10
1 - Software; Archivo: tarifaAloja.php; Acción: Lista las tarifas de alojamiento; Fecha: 27-05-2025; Hora: 14:05:10
1 - Software; Archivo: pagos.php; Acción: Recoger los medios de pago; Fecha: 27-05-2025; Hora: 14:17:39
1 - Software; Archivo: tarifaAloja.php; Acción: Lista las tarifas de alojamiento; Fecha: 27-05-2025; Hora: 14:17:39
1 - Software; Archivo: pagos.php; Acción: Recoger los medios de pago; Fecha: 27-05-2025; Hora: 14:17:54
1 - Software; Archivo: tarifaAloja.php; Acción: Lista las tarifas de alojamiento; Fecha: 27-05-2025; Hora: 14:17:54
1 - Software; Archivo: pagos.php; Acción: Recoger los medios de pago; Fecha: 27-05-2025; Hora: 14:20:50
1 - Software; Archivo: tarifaAloja.php; Acción: Lista las tarifas de alojamiento; Fecha: 27-05-2025; Hora: 14:20:50
1 - Software; Archivo: pagos.php; Acción: Recoger los medios de pago; Fecha: 27-05-2025; Hora: 14:25:50
1 - Software; Archivo: tarifaAloja.php; Acción: Lista las tarifas de alojamiento; Fecha: 27-05-2025; Hora: 14:25:50
1 - Software; Archivo: pagos.php; Acción: Recoger los medios de pago; Fecha: 27-05-2025; Hora: 14:26:11
1 - Software; Archivo: tarifaAloja.php; Acción: Lista las tarifas de alojamiento; Fecha: 27-05-2025; Hora: 14:26:11
1 - Software; Archivo: pagos.php; Acción: Recoger los medios de pago; Fecha: 27-05-2025; Hora: 14:26:14
1 - Software; Archivo: tarifaAloja.php; Acción: Lista las tarifas de alojamiento; Fecha: 27-05-2025; Hora: 14:26:14
1 - Software; Archivo: pagos.php; Acción: Recoger los medios de pago; Fecha: 27-05-2025; Hora: 14:27:15
1 - Software; Archivo: tarifaAloja.php; Acción: Lista las tarifas de alojamiento; Fecha: 27-05-2025; Hora: 14:27:15
1 - Software; Archivo: pagos.php; Acción: Recoger los medios de pago; Fecha: 27-05-2025; Hora: 14:27:17
1 - Software; Archivo: tarifaAloja.php; Acción: Lista las tarifas de alojamiento; Fecha: 27-05-2025; Hora: 14:27:17
1 - Software; Archivo: tarifaAloja.php; Acción: Lista las tarifas de alojamiento; Fecha: 27-05-2025; Hora: 14:28:33
1 - Software; Archivo: pagos.php; Acción: Recoger los medios de pago; Fecha: 27-05-2025; Hora: 14:28:51
1 - Software; Archivo: tarifaAloja.php; Acción: Lista las tarifas de alojamiento; Fecha: 27-05-2025; Hora: 14:28:51
1 - Software; Archivo: tarifaAloja.php; Acción: Lista las tarifas de alojamiento; Fecha: 27-05-2025; Hora: 14:29:03
1 - Software; Archivo: tarifaAloja.php; Acción: Lista las tarifas de alojamiento; Fecha: 27-05-2025; Hora: 14:29:18
1 - Software; Archivo: tarifaAloja.php; Acción: Lista las tarifas de alojamiento; Fecha: 27-05-2025; Hora: 14:29:38
1 - Software; Archivo: tarifaAloja.php; Acción: Lista las tarifas de alojamiento; Fecha: 27-05-2025; Hora: 14:30:13
1 - Software; Archivo: tarifaAloja.php; Acción: Lista las tarifas de alojamiento; Fecha: 27-05-2025; Hora: 14:30:40
1 - Software; Archivo: pagos.php; Acción: Recoger los medios de pago; Fecha: 27-05-2025; Hora: 14:31:01
1 - Software; Archivo: tarifaAloja.php; Acción: Lista las tarifas de alojamiento; Fecha: 27-05-2025; Hora: 14:31:01
1 - Software; Archivo: pagos.php; Acción: Recoger los medios de pago; Fecha: 27-05-2025; Hora: 14:31:36
1 - Software; Archivo: tarifaAloja.php; Acción: Lista las tarifas de alojamiento; Fecha: 27-05-2025; Hora: 14:31:36
1 - Software; Archivo: pagos.php; Acción: Recoger los medios de pago; Fecha: 27-05-2025; Hora: 14:38:28
1 - Software; Archivo: tarifaAloja.php; Acción: Lista las tarifas de alojamiento; Fecha: 27-05-2025; Hora: 14:38:28
1 - Software; Archivo: tarifaAloja.php; Acción: Lista las tarifas de alojamiento; Fecha: 27-05-2025; Hora: 14:38:38
1 - Software; Archivo: tarifaAloja.php; Acción: Lista las tarifas de alojamiento; Fecha: 27-05-2025; Hora: 14:39:08
1 - Software; Archivo: pagos.php; Acción: Recoger los medios de pago; Fecha: 27-05-2025; Hora: 14:44:05
1 - Software; Archivo: tarifaAloja.php; Acción: Lista las tarifas de alojamiento; Fecha: 27-05-2025; Hora: 14:44:05
1 - Software; Archivo: pagos.php; Acción: Recoger los medios de pago; Fecha: 27-05-2025; Hora: 14:45:08
1 - Software; Archivo: tarifaAloja.php; Acción: Lista las tarifas de alojamiento; Fecha: 27-05-2025; Hora: 14:45:08
1 - Software; Archivo: tarifaAloja.php; Acción: Lista las tarifas de alojamiento; Fecha: 27-05-2025; Hora: 14:45:20
1 - Software; Archivo: pagos.php; Acción: Recoger los medios de pago; Fecha: 27-05-2025; Hora: 14:50:22
1 - Software; Archivo: tarifaAloja.php; Acción: Lista las tarifas de alojamiento; Fecha: 27-05-2025; Hora: 14:50:22
1 - Software; Archivo: pagos.php; Acción: Recoger los medios de pago; Fecha: 27-05-2025; Hora: 14:53:17
1 - Software; Archivo: tarifaAloja.php; Acción: Lista las tarifas de alojamiento; Fecha: 27-05-2025; Hora: 14:53:17
1 - Software; Archivo: pagos.php; Acción: Recoger los medios de pago; Fecha: 27-05-2025; Hora: 14:53:31
1 - Software; Archivo: tarifaAloja.php; Acción: Lista las tarifas de alojamiento; Fecha: 27-05-2025; Hora: 14:53:31
1 - Software; Archivo: pagos.php; Acción: Recoger los medios de pago; Fecha: 27-05-2025; Hora: 14:53:33
1 - Software; Archivo: tarifaAloja.php; Acción: Lista las tarifas de alojamiento; Fecha: 27-05-2025; Hora: 14:53:33
1 - Software; Archivo: pagos.php; Acción: Recoger los medios de pago; Fecha: 27-05-2025; Hora: 14:55:11
1 - Software; Archivo: tarifaAloja.php; Acción: Lista las tarifas de alojamiento; Fecha: 27-05-2025; Hora: 14:55:11
1 - Software; Archivo: pagos.php; Acción: Recoger los medios de pago; Fecha: 27-05-2025; Hora: 14:55:14
1 - Software; Archivo: tarifaAloja.php; Acción: Lista las tarifas de alojamiento; Fecha: 27-05-2025; Hora: 14:55:15
1 - Software; Archivo: pagos.php; Acción: Recoger los medios de pago; Fecha: 27-05-2025; Hora: 14:55:16
1 - Software; Archivo: tarifaAloja.php; Acción: Lista las tarifas de alojamiento; Fecha: 27-05-2025; Hora: 14:55:16
1 - Software; Archivo: pagos.php; Acción: Recoger los medios de pago; Fecha: 27-05-2025; Hora: 14:55:44
1 - Software; Archivo: tarifaAloja.php; Acción: Lista las tarifas de alojamiento; Fecha: 27-05-2025; Hora: 14:55:44
ID: 1 - Nombre: Software - IP: 192.168.31.3; Archivo: usuario.php; Acción: Se hace login; Fecha: 27-05-2025; Hora: 16:21:26
ID: 15 - Nombre: Andres - IP: 192.168.31.3; Archivo: usuario.php; Acción: Se hace login Alumno; Fecha: 27-05-2025; Hora: 19:25:43
ID: 1 - Nombre: Software - IP: 192.168.31.3; Archivo: usuario.php; Acción: Se hace login; Fecha: 27-05-2025; Hora: 19:26:56
