ID: 2 - Nombre: Software Admin Software - IP: 192.168.31.3; Archivo: usuario.php; Acción: Se hace login; Fecha: 26-05-2025; Hora: 09:11:59
ID: 2 - Nombre: Software Admin Software - IP: 192.168.31.3; Archivo: usuario.php; Acción: Se hace login; Fecha: 26-05-2025; Hora: 09:12:15
ID: 2 - Nombre: Software Admin Software - IP: 192.168.31.3; Archivo: usuario.php; Acción: Se hace login; Fecha: 26-05-2025; Hora: 09:13:37
ID: 2 - Nombre: Software Admin Software - IP: 192.168.31.3; Archivo: usuario.php; Acción: Se hace login; Fecha: 26-05-2025; Hora: 09:14:44
ID: 1 - Nombre: Software - IP: 192.168.31.3; Archivo: usuario.php; Acción: Se hace login; Fecha: 26-05-2025; Hora: 09:15:09
1 - Software; Archivo: alojamientos.php; Acción: Lista los alojamientos; Fecha: 26-05-2025; Hora: 09:16:40
1 - Software; Archivo: alojamientos.php; Acción: Lista los alojamientos; Fecha: 26-05-2025; Hora: 09:16:40
1 - Software; Archivo: alojamientos.php; Acción: Lista los alojamientos; Fecha: 26-05-2025; Hora: 09:16:40
1 - Software; Archivo: alojamientos.php; Acción: Lista los alojamientos; Fecha: 26-05-2025; Hora: 09:16:40
1 - Software; Archivo: alojamientos.php; Acción: Lista las visitas del alojamiento vdtyj11gn1309b336c4d90a3cea2e51; Fecha: 26-05-2025; Hora: 09:16:54
1 - Software; Archivo: alojamientos.php; Acción: Lista los alojamientos; Fecha: 26-05-2025; Hora: 09:17:00
1 - Software; Archivo: alojamientos.php; Acción: Lista los alojamientos; Fecha: 26-05-2025; Hora: 09:17:00
1 - Software; Archivo: alojamientos.php; Acción: Lista los alojamientos; Fecha: 26-05-2025; Hora: 09:17:00
1 - Software; Archivo: alojamientos.php; Acción: Lista los alojamientos; Fecha: 26-05-2025; Hora: 09:17:00
1 - Software; Archivo: alojamientos.php; Acción: Lista las visitas del alojamiento adtynk1t165af804fac914b57e00709b; Fecha: 26-05-2025; Hora: 09:17:02
1 - Software; Archivo: alojamientos.php; Acción: Lista las visitas del alojamiento adtynk1t165af804fac914b57e00709b; Fecha: 26-05-2025; Hora: 09:25:50
1 - Software; Archivo: alojamientos.php; Acción: Lista las visitas del alojamiento adtynk1t165af804fac914b57e00709b; Fecha: 26-05-2025; Hora: 09:27:44
1 - Software; Archivo: alojamientos.php; Acción: Lista los alojamientos; Fecha: 26-05-2025; Hora: 09:27:53
1 - Software; Archivo: alojamientos.php; Acción: Lista los alojamientos; Fecha: 26-05-2025; Hora: 09:27:53
1 - Software; Archivo: alojamientos.php; Acción: Lista los alojamientos; Fecha: 26-05-2025; Hora: 09:27:53
1 - Software; Archivo: alojamientos.php; Acción: Lista los alojamientos; Fecha: 26-05-2025; Hora: 09:27:53
1 - Software; Archivo: alojamientos.php; Acción: Lista los alojamientos; Fecha: 26-05-2025; Hora: 09:27:57
1 - Software; Archivo: alojamientos.php; Acción: Lista los alojamientos; Fecha: 26-05-2025; Hora: 09:27:57
1 - Software; Archivo: alojamientos.php; Acción: Lista los alojamientos; Fecha: 26-05-2025; Hora: 09:27:57
1 - Software; Archivo: alojamientos.php; Acción: Lista los alojamientos; Fecha: 26-05-2025; Hora: 09:27:57
1 - Software; Archivo: alojamientos.php; Acción: Lista los alojamientos; Fecha: 26-05-2025; Hora: 09:28:00
1 - Software; Archivo: alojamientos.php; Acción: Lista los alojamientos; Fecha: 26-05-2025; Hora: 09:28:00
1 - Software; Archivo: alojamientos.php; Acción: Lista los alojamientos; Fecha: 26-05-2025; Hora: 09:28:00
1 - Software; Archivo: alojamientos.php; Acción: Lista los alojamientos; Fecha: 26-05-2025; Hora: 09:28:00
1 - Software; Archivo: alojamientos.php; Acción: Lista las visitas del alojamiento adtynk1t165af804fac914b57e00709b; Fecha: 26-05-2025; Hora: 09:28:06
1 - Software; Archivo: alojamientos.php; Acción: Lista las visitas del alojamiento adtynk1t165af804fac914b57e00709b; Fecha: 26-05-2025; Hora: 09:28:35
1 - Software; Archivo: alojamientos.php; Acción: Lista las visitas del alojamiento adtynk1t165af804fac914b57e00709b; Fecha: 26-05-2025; Hora: 09:28:44
1 - Software; Archivo: alojamientos.php; Acción: Lista los alojamientos; Fecha: 26-05-2025; Hora: 09:38:45
1 - Software; Archivo: alojamientos.php; Acción: Lista los alojamientos; Fecha: 26-05-2025; Hora: 09:38:45
1 - Software; Archivo: alojamientos.php; Acción: Lista los alojamientos; Fecha: 26-05-2025; Hora: 09:38:45
1 - Software; Archivo: alojamientos.php; Acción: Lista los alojamientos; Fecha: 26-05-2025; Hora: 09:38:45
1 - Software; Archivo: alojamientos.php; Acción: Lista las opiniones del alojamiento.; Fecha: 26-05-2025; Hora: 09:38:49
1 - Software; Archivo: alojamientos.php; Acción: Lista los alojamientos; Fecha: 26-05-2025; Hora: 09:38:53
1 - Software; Archivo: alojamientos.php; Acción: Lista los alojamientos; Fecha: 26-05-2025; Hora: 09:38:53
1 - Software; Archivo: alojamientos.php; Acción: Lista los alojamientos; Fecha: 26-05-2025; Hora: 09:38:53
1 - Software; Archivo: alojamientos.php; Acción: Lista los alojamientos; Fecha: 26-05-2025; Hora: 09:38:53
1 - Software; Archivo: alojamientos.php; Acción: Lista las opiniones del alojamiento.; Fecha: 26-05-2025; Hora: 09:38:56
1 - Software; Archivo: alojamientos.php; Acción: Lista los alojamientos; Fecha: 26-05-2025; Hora: 09:39:05
1 - Software; Archivo: alojamientos.php; Acción: Lista los alojamientos; Fecha: 26-05-2025; Hora: 09:39:05
1 - Software; Archivo: alojamientos.php; Acción: Lista los alojamientos; Fecha: 26-05-2025; Hora: 09:39:05
1 - Software; Archivo: alojamientos.php; Acción: Lista los alojamientos; Fecha: 26-05-2025; Hora: 09:39:05
1 - Software; Archivo: alojamientos.php; Acción: Lista las opiniones del alojamiento.; Fecha: 26-05-2025; Hora: 09:48:21
1 - Software; Archivo: alojamientos.php; Acción: Se desactiviva la opinión 8; Fecha: 26-05-2025; Hora: 09:48:24
1 - Software; Archivo: alojamientos.php; Acción: Lista las opiniones del alojamiento.; Fecha: 26-05-2025; Hora: 09:48:24
1 - Software; Archivo: alojamientos.php; Acción: Se activiva la opinión 8; Fecha: 26-05-2025; Hora: 09:48:27
1 - Software; Archivo: alojamientos.php; Acción: Lista las opiniones del alojamiento.; Fecha: 26-05-2025; Hora: 09:48:28
1 - Software; Archivo: alojamientos.php; Acción: Lista los alojamientos; Fecha: 26-05-2025; Hora: 09:50:17
1 - Software; Archivo: alojamientos.php; Acción: Lista los alojamientos; Fecha: 26-05-2025; Hora: 09:50:17
1 - Software; Archivo: alojamientos.php; Acción: Lista los alojamientos; Fecha: 26-05-2025; Hora: 09:50:17
1 - Software; Archivo: alojamientos.php; Acción: Lista los alojamientos; Fecha: 26-05-2025; Hora: 09:50:17
1 - Software; Archivo: alojamientos.php; Acción: Lista las visitas del alojamiento adtynk1t165af804fac914b57e00709b; Fecha: 26-05-2025; Hora: 09:50:20
1 - Software; Archivo: alojamientos.php; Acción: Lista los alojamientos; Fecha: 26-05-2025; Hora: 09:50:59
1 - Software; Archivo: alojamientos.php; Acción: Lista los alojamientos; Fecha: 26-05-2025; Hora: 09:50:59
1 - Software; Archivo: alojamientos.php; Acción: Lista los alojamientos; Fecha: 26-05-2025; Hora: 09:50:59
1 - Software; Archivo: alojamientos.php; Acción: Lista los alojamientos; Fecha: 26-05-2025; Hora: 09:50:59
1 - Software; Archivo: alojamientos.php; Acción: Lista las visitas del alojamiento adtynk1t165af804fac914b57e00709b; Fecha: 26-05-2025; Hora: 09:51:04
1 - Software; Archivo: alojamientos.php; Acción: Lista las visitas del alojamiento adtynk1t165af804fac914b57e00709b; Fecha: 26-05-2025; Hora: 09:56:14
1 - Software; Archivo: alojamientos.php; Acción: Lista las visitas del alojamiento adtynk1t165af804fac914b57e00709b; Fecha: 26-05-2025; Hora: 09:56:15
1 - Software; Archivo: alojamientos.php; Acción: Se elimina la visita 1; Fecha: 26-05-2025; Hora: 09:56:17
1 - Software; Archivo: alojamientos.php; Acción: Lista las visitas del alojamiento adtynk1t165af804fac914b57e00709b; Fecha: 26-05-2025; Hora: 09:56:17
1 - Software; Archivo: alojamientos.php; Acción: Lista los alojamientos; Fecha: 26-05-2025; Hora: 09:56:56
1 - Software; Archivo: alojamientos.php; Acción: Lista los alojamientos; Fecha: 26-05-2025; Hora: 09:56:56
1 - Software; Archivo: alojamientos.php; Acción: Lista los alojamientos; Fecha: 26-05-2025; Hora: 09:56:57
1 - Software; Archivo: alojamientos.php; Acción: Lista los alojamientos; Fecha: 26-05-2025; Hora: 09:56:57
1 - Software; Archivo: alojamientos.php; Acción: Lista las visitas del alojamiento vdtykel3a7d4417089d3d422acbb8f2; Fecha: 26-05-2025; Hora: 09:57:00
1 - Software; Archivo: alojamientos.php; Acción: Lista las visitas del alojamiento vdtykel3a7d4417089d3d422acbb8f2; Fecha: 26-05-2025; Hora: 10:23:43
1 - Software; Archivo: alojamientos.php; Acción: Lista las visitas del alojamiento vdtykel3a7d4417089d3d422acbb8f2; Fecha: 26-05-2025; Hora: 10:24:05
1 - Software; Archivo: alojamientos.php; Acción: Lista las visitas del alojamiento vdtykel3a7d4417089d3d422acbb8f2; Fecha: 26-05-2025; Hora: 10:25:32
1 - Software; Archivo: alojamientos.php; Acción: Lista las visitas del alojamiento vdtykel3a7d4417089d3d422acbb8f2; Fecha: 26-05-2025; Hora: 10:25:33
1 - Software; Archivo: alojamientos.php; Acción: Lista las visitas del alojamiento vdtykel3a7d4417089d3d422acbb8f2; Fecha: 26-05-2025; Hora: 10:39:01
1 - Software; Archivo: alojamientos.php; Acción: Lista las visitas del alojamiento vdtykel3a7d4417089d3d422acbb8f2; Fecha: 26-05-2025; Hora: 10:39:03
1 - Software; Archivo: alojamientos.php; Acción: Lista las visitas del alojamiento vdtykel3a7d4417089d3d422acbb8f2; Fecha: 26-05-2025; Hora: 10:39:43
1 - Software; Archivo: alojamientos.php; Acción: Lista las visitas del alojamiento vdtykel3a7d4417089d3d422acbb8f2; Fecha: 26-05-2025; Hora: 10:39:44
1 - Software; Archivo: alojamientos.php; Acción: Lista las visitas del alojamiento vdtykel3a7d4417089d3d422acbb8f2; Fecha: 26-05-2025; Hora: 10:40:58
1 - Software; Archivo: alojamientos.php; Acción: Lista las visitas del alojamiento vdtykel3a7d4417089d3d422acbb8f2; Fecha: 26-05-2025; Hora: 10:40:59
1 - Software; Archivo: alojamientos.php; Acción: Lista las visitas del alojamiento vdtykel3a7d4417089d3d422acbb8f2; Fecha: 26-05-2025; Hora: 10:47:04
1 - Software; Archivo: alojamientos.php; Acción: Lista las visitas del alojamiento vdtykel3a7d4417089d3d422acbb8f2; Fecha: 26-05-2025; Hora: 10:47:13
1 - Software; Archivo: alojamientos.php; Acción: Lista las visitas del alojamiento vdtykel3a7d4417089d3d422acbb8f2; Fecha: 26-05-2025; Hora: 10:49:16
1 - Software; Archivo: alojamientos.php; Acción: Lista las visitas del alojamiento vdtykel3a7d4417089d3d422acbb8f2; Fecha: 26-05-2025; Hora: 10:49:17
1 - Software; Archivo: alojamientos.php; Acción: Lista las visitas del alojamiento vdtykel3a7d4417089d3d422acbb8f2; Fecha: 26-05-2025; Hora: 10:50:32
1 - Software; Archivo: alojamientos.php; Acción: Lista las visitas del alojamiento vdtykel3a7d4417089d3d422acbb8f2; Fecha: 26-05-2025; Hora: 10:50:57
1 - Software; Archivo: alojamientos.php; Acción: Lista las visitas del alojamiento vdtykel3a7d4417089d3d422acbb8f2; Fecha: 26-05-2025; Hora: 10:53:13
1 - Software; Archivo: alojamientos.php; Acción: Se edita la visita 4; Fecha: 26-05-2025; Hora: 10:53:18
1 - Software; Archivo: alojamientos.php; Acción: Lista las visitas del alojamiento vdtykel3a7d4417089d3d422acbb8f2; Fecha: 26-05-2025; Hora: 10:53:18
1 - Software; Archivo: alojamientos.php; Acción: Se edita la visita 4; Fecha: 26-05-2025; Hora: 10:53:32
1 - Software; Archivo: alojamientos.php; Acción: Lista las visitas del alojamiento vdtykel3a7d4417089d3d422acbb8f2; Fecha: 26-05-2025; Hora: 10:53:32
1 - Software; Archivo: alojamientos.php; Acción: Se edita la visita 4; Fecha: 26-05-2025; Hora: 10:53:49
1 - Software; Archivo: alojamientos.php; Acción: Lista las visitas del alojamiento vdtykel3a7d4417089d3d422acbb8f2; Fecha: 26-05-2025; Hora: 10:53:49
1 - Software; Archivo: alojamientos.php; Acción: Lista las visitas del alojamiento vdtykel3a7d4417089d3d422acbb8f2; Fecha: 26-05-2025; Hora: 11:03:34
1 - Software; Archivo: alojamientos.php; Acción: Lista los alojamientos; Fecha: 26-05-2025; Hora: 11:04:52
1 - Software; Archivo: alojamientos.php; Acción: Lista los alojamientos; Fecha: 26-05-2025; Hora: 11:04:52
1 - Software; Archivo: alojamientos.php; Acción: Lista los alojamientos; Fecha: 26-05-2025; Hora: 11:04:52
1 - Software; Archivo: alojamientos.php; Acción: Lista los alojamientos; Fecha: 26-05-2025; Hora: 11:04:52
1 - Software; Archivo: alojamientos.php; Acción: Lista los alojamientos; Fecha: 26-05-2025; Hora: 11:08:42
1 - Software; Archivo: alojamientos.php; Acción: Lista los alojamientos; Fecha: 26-05-2025; Hora: 11:08:42
1 - Software; Archivo: alojamientos.php; Acción: Lista los alojamientos; Fecha: 26-05-2025; Hora: 11:08:42
1 - Software; Archivo: alojamientos.php; Acción: Lista los alojamientos; Fecha: 26-05-2025; Hora: 11:08:42
1 - Software; Archivo: alojamientos.php; Acción: Lista las visitas del alojamiento adtym1rl15fc93bfec56813fe4e47205; Fecha: 26-05-2025; Hora: 11:08:47
1 - Software; Archivo: alojamientos.php; Acción: Lista los alojamientos; Fecha: 26-05-2025; Hora: 11:08:51
1 - Software; Archivo: alojamientos.php; Acción: Lista los alojamientos; Fecha: 26-05-2025; Hora: 11:08:51
1 - Software; Archivo: alojamientos.php; Acción: Lista los alojamientos; Fecha: 26-05-2025; Hora: 11:08:51
1 - Software; Archivo: alojamientos.php; Acción: Lista los alojamientos; Fecha: 26-05-2025; Hora: 11:08:51
1 - Software; Archivo: alojamientos.php; Acción: Lista los alojamientos; Fecha: 26-05-2025; Hora: 11:09:27
1 - Software; Archivo: alojamientos.php; Acción: Lista los alojamientos; Fecha: 26-05-2025; Hora: 11:09:27
1 - Software; Archivo: alojamientos.php; Acción: Lista los alojamientos; Fecha: 26-05-2025; Hora: 11:09:27
1 - Software; Archivo: alojamientos.php; Acción: Lista los alojamientos; Fecha: 26-05-2025; Hora: 11:09:27
1 - Software; Archivo: alojamientos.php; Acción: Lista los alojamientos; Fecha: 26-05-2025; Hora: 11:09:30
1 - Software; Archivo: alojamientos.php; Acción: Lista los alojamientos; Fecha: 26-05-2025; Hora: 11:09:30
1 - Software; Archivo: alojamientos.php; Acción: Lista los alojamientos; Fecha: 26-05-2025; Hora: 11:09:30
1 - Software; Archivo: alojamientos.php; Acción: Lista los alojamientos; Fecha: 26-05-2025; Hora: 11:09:30
1 - Software; Archivo: alojamientos.php; Acción: Lista las visitas del alojamiento adtym1rl15fc93bfec56813fe4e47285; Fecha: 26-05-2025; Hora: 11:10:30
1 - Software; Archivo: alojamientos.php; Acción: Lista los alojamientos; Fecha: 26-05-2025; Hora: 11:10:34
1 - Software; Archivo: alojamientos.php; Acción: Lista los alojamientos; Fecha: 26-05-2025; Hora: 11:10:34
1 - Software; Archivo: alojamientos.php; Acción: Lista los alojamientos; Fecha: 26-05-2025; Hora: 11:10:34
1 - Software; Archivo: alojamientos.php; Acción: Lista los alojamientos; Fecha: 26-05-2025; Hora: 11:10:34
1 - Software; Archivo: alojamientos.php; Acción: Lista las visitas del alojamiento adtynk1t165af804fac914b57e00709b; Fecha: 26-05-2025; Hora: 11:10:36
1 - Software; Archivo: alojamientos.php; Acción: Lista los alojamientos; Fecha: 26-05-2025; Hora: 11:10:38
1 - Software; Archivo: alojamientos.php; Acción: Lista los alojamientos; Fecha: 26-05-2025; Hora: 11:10:38
1 - Software; Archivo: alojamientos.php; Acción: Lista los alojamientos; Fecha: 26-05-2025; Hora: 11:10:38
1 - Software; Archivo: alojamientos.php; Acción: Lista los alojamientos; Fecha: 26-05-2025; Hora: 11:10:38
1 - Software; Archivo: alojamientos.php; Acción: Lista las visitas del alojamiento vdtykel3a7d4417089d3d422acbb8f2; Fecha: 26-05-2025; Hora: 11:10:40
ID: 1 - Nombre: Software - IP: 192.168.31.3; Archivo: usuario.php; Acción: Se hace login; Fecha: 26-05-2025; Hora: 11:11:40
1 - Software; Archivo: alojamientos.php; Acción: Lista los alojamientos; Fecha: 26-05-2025; Hora: 11:11:47
1 - Software; Archivo: alojamientos.php; Acción: Lista los alojamientos; Fecha: 26-05-2025; Hora: 11:11:47
1 - Software; Archivo: alojamientos.php; Acción: Lista los alojamientos; Fecha: 26-05-2025; Hora: 11:11:47
1 - Software; Archivo: alojamientos.php; Acción: Lista los alojamientos; Fecha: 26-05-2025; Hora: 11:11:47
1 - Software; Archivo: alojamientos.php; Acción: Lista las visitas del alojamiento vdtyj11gn1309b336c4d90a3cea2e51; Fecha: 26-05-2025; Hora: 11:11:50
1 - Software; Archivo: alojamientos.php; Acción: Lista los alojamientos; Fecha: 26-05-2025; Hora: 11:11:52
1 - Software; Archivo: alojamientos.php; Acción: Lista los alojamientos; Fecha: 26-05-2025; Hora: 11:11:52
1 - Software; Archivo: alojamientos.php; Acción: Lista los alojamientos; Fecha: 26-05-2025; Hora: 11:11:52
1 - Software; Archivo: alojamientos.php; Acción: Lista los alojamientos; Fecha: 26-05-2025; Hora: 11:11:52
1 - Software; Archivo: alojamiento.php; Acción: Se inserta una nueva visita ; Fecha: 26-05-2025; Hora: 11:12:35
1 - Software; Archivo: alojamientos.php; Acción: Lista los alojamientos; Fecha: 26-05-2025; Hora: 11:12:35
1 - Software; Archivo: alojamientos.php; Acción: Lista los alojamientos; Fecha: 26-05-2025; Hora: 11:12:35
1 - Software; Archivo: alojamientos.php; Acción: Lista las visitas del alojamiento adtym1rl15fc93bfec56813fe4e47285; Fecha: 26-05-2025; Hora: 11:12:53
1 - Software; Archivo: alojamientos.php; Acción: Se edita la visita 5; Fecha: 26-05-2025; Hora: 11:13:00
1 - Software; Archivo: alojamientos.php; Acción: Lista las visitas del alojamiento adtym1rl15fc93bfec56813fe4e47285; Fecha: 26-05-2025; Hora: 11:13:00
1 - Software; Archivo: alojamientos.php; Acción: Se edita la visita 5; Fecha: 26-05-2025; Hora: 11:13:06
1 - Software; Archivo: alojamientos.php; Acción: Lista las visitas del alojamiento adtym1rl15fc93bfec56813fe4e47285; Fecha: 26-05-2025; Hora: 11:13:06
1 - Software; Archivo: alojamientos.php; Acción: Se edita la visita 5; Fecha: 26-05-2025; Hora: 11:13:13
1 - Software; Archivo: alojamientos.php; Acción: Lista las visitas del alojamiento adtym1rl15fc93bfec56813fe4e47285; Fecha: 26-05-2025; Hora: 11:13:13
1 - Software; Archivo: alojamientos.php; Acción: Se edita la visita 5; Fecha: 26-05-2025; Hora: 11:13:16
1 - Software; Archivo: alojamientos.php; Acción: Lista las visitas del alojamiento adtym1rl15fc93bfec56813fe4e47285; Fecha: 26-05-2025; Hora: 11:13:16
1 - Software; Archivo: alojamientos.php; Acción: Lista los alojamientos; Fecha: 26-05-2025; Hora: 11:14:12
1 - Software; Archivo: alojamientos.php; Acción: Lista los alojamientos; Fecha: 26-05-2025; Hora: 11:14:12
1 - Software; Archivo: alojamientos.php; Acción: Lista los alojamientos; Fecha: 26-05-2025; Hora: 11:14:12
1 - Software; Archivo: alojamientos.php; Acción: Lista los alojamientos; Fecha: 26-05-2025; Hora: 11:14:12
1 - Software; Archivo: alojamientos.php; Acción: Lista las visitas del alojamiento vdtykd1m230fc25993a03e45852f03f5; Fecha: 26-05-2025; Hora: 11:14:15
1 - Software; Archivo: alojamientos.php; Acción: Lista los alojamientos; Fecha: 26-05-2025; Hora: 11:14:17
1 - Software; Archivo: alojamientos.php; Acción: Lista los alojamientos; Fecha: 26-05-2025; Hora: 11:14:17
1 - Software; Archivo: alojamientos.php; Acción: Lista los alojamientos; Fecha: 26-05-2025; Hora: 11:14:17
1 - Software; Archivo: alojamientos.php; Acción: Lista los alojamientos; Fecha: 26-05-2025; Hora: 11:14:17
1 - Software; Archivo: alojamientos.php; Acción: Lista los alojamientos; Fecha: 26-05-2025; Hora: 11:14:18
1 - Software; Archivo: alojamientos.php; Acción: Lista los alojamientos; Fecha: 26-05-2025; Hora: 11:14:18
1 - Software; Archivo: alojamientos.php; Acción: Lista los alojamientos; Fecha: 26-05-2025; Hora: 11:14:19
1 - Software; Archivo: alojamientos.php; Acción: Lista los alojamientos; Fecha: 26-05-2025; Hora: 11:14:19
1 - Software; Archivo: alojamientos.php; Acción: Lista los alojamientos; Fecha: 26-05-2025; Hora: 11:14:29
1 - Software; Archivo: alojamientos.php; Acción: Lista los alojamientos; Fecha: 26-05-2025; Hora: 11:14:29
1 - Software; Archivo: alojamientos.php; Acción: Lista los alojamientos; Fecha: 26-05-2025; Hora: 11:14:29
1 - Software; Archivo: alojamientos.php; Acción: Lista los alojamientos; Fecha: 26-05-2025; Hora: 11:14:29
1 - Software; Archivo: alojamientos.php; Acción: Lista las visitas del alojamiento vdtykel3a7d4417089d3d422acbb8f2; Fecha: 26-05-2025; Hora: 11:14:31
1 - Software; Archivo: alojamientos.php; Acción: Lista las visitas del alojamiento vdtykel3a7d4417089d3d422acbb8f2; Fecha: 26-05-2025; Hora: 11:14:34
1 - Software; Archivo: alojamientos.php; Acción: Lista las visitas del alojamiento vdtykel3a7d4417089d3d422acbb8f2; Fecha: 26-05-2025; Hora: 11:14:48
1 - Software; Archivo: alojamientos.php; Acción: Lista las visitas del alojamiento vdtykel3a7d4417089d3d422acbb8f2; Fecha: 26-05-2025; Hora: 11:15:49
1 - Software; Archivo: alojamientos.php; Acción: Lista los alojamientos; Fecha: 26-05-2025; Hora: 11:22:23
1 - Software; Archivo: alojamientos.php; Acción: Lista los alojamientos; Fecha: 26-05-2025; Hora: 11:22:23
1 - Software; Archivo: alojamientos.php; Acción: Lista los alojamientos; Fecha: 26-05-2025; Hora: 11:22:23
1 - Software; Archivo: alojamientos.php; Acción: Lista los alojamientos; Fecha: 26-05-2025; Hora: 11:22:23
1 - Software; Archivo: alojamientos.php; Acción: Lista las visitas del alojamiento vdtykel3a7d4417089d3d422acbb8f2; Fecha: 26-05-2025; Hora: 11:22:27
1 - Software; Archivo: alojamientos.php; Acción: Lista los alojamientos; Fecha: 26-05-2025; Hora: 11:22:33
1 - Software; Archivo: alojamientos.php; Acción: Lista los alojamientos; Fecha: 26-05-2025; Hora: 11:22:33
1 - Software; Archivo: alojamientos.php; Acción: Lista los alojamientos; Fecha: 26-05-2025; Hora: 11:22:33
1 - Software; Archivo: alojamientos.php; Acción: Lista los alojamientos; Fecha: 26-05-2025; Hora: 11:22:33
ID: 1 - Nombre: Software - IP: 192.168.31.3; Archivo: usuario.php; Acción: Se hace login; Fecha: 26-05-2025; Hora: 11:42:14
ID: 15 - Nombre: Andres - IP: 192.168.31.3; Archivo: usuario.php; Acción: Se hace login Alumno; Fecha: 26-05-2025; Hora: 11:42:22
15 - Andres; Archivo: actividades.php; Acción: Lista las actividades de los alumnos; Fecha: 26-05-2025; Hora: 11:42:23
15 - Andres; Archivo: actividades.php; Acción: Lista las actividades de los alumnos; Fecha: 26-05-2025; Hora: 11:52:42
15 - Andres; Archivo: actividades.php; Acción: Lista las actividades de los alumnos; Fecha: 26-05-2025; Hora: 11:52:58
15 - Andres; Archivo: actividades.php; Acción: Lista las actividades de los alumnos; Fecha: 26-05-2025; Hora: 11:54:51
1 - Software; Archivo: alojamientos.php; Acción: Lista los alojamientos; Fecha: 26-05-2025; Hora: 11:57:38
1 - Software; Archivo: alojamientos.php; Acción: Lista los alojamientos; Fecha: 26-05-2025; Hora: 11:57:38
1 - Software; Archivo: alojamientos.php; Acción: Lista los alojamientos; Fecha: 26-05-2025; Hora: 11:57:38
1 - Software; Archivo: alojamientos.php; Acción: Lista los alojamientos; Fecha: 26-05-2025; Hora: 11:57:38
15 - Andres; Archivo: actividades.php; Acción: Lista las actividades de los alumnos; Fecha: 26-05-2025; Hora: 12:00:36
ID: 15 - Nombre: Andres - IP: 192.168.31.3; Archivo: usuario.php; Acción: Se hace login Alumno; Fecha: 26-05-2025; Hora: 12:02:37
15 - Andres; Archivo: actividades.php; Acción: Lista las actividades de los alumnos; Fecha: 26-05-2025; Hora: 12:02:38
ID: 15 - Nombre: Andres - IP: 192.168.31.3; Archivo: usuario.php; Acción: Se hace login Alumno; Fecha: 26-05-2025; Hora: 12:06:04
15 - Andres; Archivo: actividades.php; Acción: Lista las actividades de los alumnos; Fecha: 26-05-2025; Hora: 12:06:05
15 - Andres; Archivo: actividades.php; Acción: Lista las actividades de los alumnos; Fecha: 26-05-2025; Hora: 12:06:14
15 - Andres; Archivo: actividades.php; Acción: Lista las actividades de los alumnos; Fecha: 26-05-2025; Hora: 12:07:07
15 - Andres; Archivo: actividades.php; Acción: Lista las actividades de los alumnos; Fecha: 26-05-2025; Hora: 12:35:44
15 - Andres; Archivo: actividades.php; Acción: Lista las actividades de los alumnos; Fecha: 26-05-2025; Hora: 12:36:00
15 - Andres; Archivo: actividades.php; Acción: Lista las actividades de los alumnos; Fecha: 26-05-2025; Hora: 12:36:05
15 - Andres; Archivo: actividades.php; Acción: Lista las actividades de los alumnos; Fecha: 26-05-2025; Hora: 12:43:03
15 - Andres; Archivo: actividades.php; Acción: Lista las actividades de los alumnos; Fecha: 26-05-2025; Hora: 12:43:28
15 - Andres; Archivo: actividades.php; Acción: Lista las actividades de los alumnos; Fecha: 26-05-2025; Hora: 12:43:47
ID: 15 - Nombre: Andres - IP: 192.168.31.3; Archivo: usuario.php; Acción: Se hace login Alumno; Fecha: 26-05-2025; Hora: 12:48:58
15 - Andres; Archivo: actividades.php; Acción: Lista las actividades de los alumnos; Fecha: 26-05-2025; Hora: 12:48:59
15 - Andres; Archivo: actividades.php; Acción: Lista las actividades de los alumnos; Fecha: 26-05-2025; Hora: 13:15:15
ID: 15 - Nombre: Andres - IP: 192.168.31.3; Archivo: usuario.php; Acción: Se hace login Alumno; Fecha: 26-05-2025; Hora: 13:15:36
15 - Andres; Archivo: actividades.php; Acción: Lista las actividades de los alumnos; Fecha: 26-05-2025; Hora: 13:15:36
15 - Andres; Archivo: actividades.php; Acción: Lista las actividades de los alumnos; Fecha: 26-05-2025; Hora: 13:19:09
15 - Andres; Archivo: actividades.php; Acción: Lista las actividades de los alumnos; Fecha: 26-05-2025; Hora: 13:19:11
15 - Andres; Archivo: actividades.php; Acción: Lista las actividades de los alumnos; Fecha: 26-05-2025; Hora: 13:19:12
15 - Andres; Archivo: actividades.php; Acción: Lista las actividades de los alumnos; Fecha: 26-05-2025; Hora: 13:32:04
15 - Andres; Archivo: actividades.php; Acción: Lista las actividades de los alumnos; Fecha: 26-05-2025; Hora: 13:32:17
15 - Andres; Archivo: actividades.php; Acción: Lista las actividades de los alumnos; Fecha: 26-05-2025; Hora: 13:32:44
15 - Andres; Archivo: actividades.php; Acción: Lista las actividades de los alumnos; Fecha: 26-05-2025; Hora: 13:33:00
15 - Andres; Archivo: actividades.php; Acción: Lista las actividades de los alumnos; Fecha: 26-05-2025; Hora: 13:36:48
15 - Andres; Archivo: actividades.php; Acción: Lista las actividades de los alumnos; Fecha: 26-05-2025; Hora: 13:40:19
15 - Andres; Archivo: actividades.php; Acción: Lista las actividades de los alumnos; Fecha: 26-05-2025; Hora: 13:41:33
15 - Andres; Archivo: actividades.php; Acción: Lista las actividades de los alumnos; Fecha: 26-05-2025; Hora: 13:42:11
ID: 1 - Nombre: Software - IP: 192.168.31.3; Archivo: usuario.php; Acción: Se hace login; Fecha: 26-05-2025; Hora: 13:42:19
ID: 15 - Nombre: Andres - IP: 192.168.31.3; Archivo: usuario.php; Acción: Se hace login Alumno; Fecha: 26-05-2025; Hora: 13:43:30
15 - Andres; Archivo: actividades.php; Acción: Lista las actividades de los alumnos; Fecha: 26-05-2025; Hora: 13:43:31
15 - Andres; Archivo: actividades.php; Acción: Lista las actividades de los alumnos; Fecha: 26-05-2025; Hora: 14:17:40
15 - Andres; Archivo: actividades.php; Acción: Lista las actividades de los alumnos; Fecha: 26-05-2025; Hora: 14:17:44
15 - Andres; Archivo: actividades.php; Acción: Lista las actividades de los alumnos; Fecha: 26-05-2025; Hora: 14:17:52
15 - Andres; Archivo: actividades.php; Acción: Lista las actividades de los alumnos; Fecha: 26-05-2025; Hora: 14:17:53
ID: 1 - Nombre: Software - IP: 192.168.31.3; Archivo: usuario.php; Acción: Se hace login; Fecha: 26-05-2025; Hora: 14:21:57
ID: 9 - Nombre: Jose Manuel - IP: 192.168.31.3; Archivo: usuario.php; Acción: Se hace login Alumno; Fecha: 26-05-2025; Hora: 14:22:34
ID: 1 - Nombre: Software - IP: 192.168.31.3; Archivo: usuario.php; Acción: Se hace login; Fecha: 26-05-2025; Hora: 14:22:56
1 - Software; Archivo: pagos.php; Acción: Recoger los medios de pago; Fecha: 26-05-2025; Hora: 14:23:04
1 - Software; Archivo: tarifaAloja.php; Acción: Lista las tarifas de alojamiento; Fecha: 26-05-2025; Hora: 14:23:05
1 - Software; Archivo: tarifaAloja.php; Acción: Lista las tarifas de alojamiento; Fecha: 26-05-2025; Hora: 14:23:25
ID: 15 - Nombre: Andres - IP: 192.168.31.3; Archivo: usuario.php; Acción: Se hace login Alumno; Fecha: 26-05-2025; Hora: 14:24:50
ID: 1 - Nombre: Software - IP: 192.168.31.3; Archivo: usuario.php; Acción: Se hace login; Fecha: 26-05-2025; Hora: 14:25:37
ID: 15 - Nombre: Andres - IP: 192.168.31.3; Archivo: usuario.php; Acción: Se hace login Alumno; Fecha: 26-05-2025; Hora: 14:25:41
ID: 15 - Nombre: Andres - IP: 192.168.31.3; Archivo: usuario.php; Acción: Se hace login Alumno; Fecha: 26-05-2025; Hora: 14:32:22
15 - Andres; Archivo: actividades.php; Acción: Lista las actividades de los alumnos; Fecha: 26-05-2025; Hora: 14:33:27
ID: 1 - Nombre: Software - IP: 192.168.31.3; Archivo: usuario.php; Acción: Se hace login; Fecha: 26-05-2025; Hora: 14:37:32
1 - Software; Archivo: alojamientos.php; Acción: Lista los alojamientos; Fecha: 26-05-2025; Hora: 14:37:38
1 - Software; Archivo: alojamientos.php; Acción: Lista los alojamientos; Fecha: 26-05-2025; Hora: 14:37:38
1 - Software; Archivo: alojamientos.php; Acción: Lista los alojamientos; Fecha: 26-05-2025; Hora: 14:37:38
1 - Software; Archivo: alojamientos.php; Acción: Lista los alojamientos; Fecha: 26-05-2025; Hora: 14:37:38
1 - Software; Archivo: alojamientos.php; Acción: Lista los alojamientos; Fecha: 26-05-2025; Hora: 14:37:47
1 - Software; Archivo: alojamientos.php; Acción: Lista los alojamientos; Fecha: 26-05-2025; Hora: 14:37:47
1 - Software; Archivo: alojamientos.php; Acción: Lista los alojamientos; Fecha: 26-05-2025; Hora: 14:37:47
1 - Software; Archivo: alojamientos.php; Acción: Lista los alojamientos; Fecha: 26-05-2025; Hora: 14:37:47
1 - Software; Archivo: alojamientos.php; Acción: Lista los alojamientos; Fecha: 26-05-2025; Hora: 14:37:55
1 - Software; Archivo: alojamientos.php; Acción: Lista los alojamientos; Fecha: 26-05-2025; Hora: 14:37:55
1 - Software; Archivo: alojamientos.php; Acción: Lista los alojamientos; Fecha: 26-05-2025; Hora: 14:37:55
1 - Software; Archivo: alojamientos.php; Acción: Lista los alojamientos; Fecha: 26-05-2025; Hora: 14:37:55
1 - Software; Archivo: alojamientos.php; Acción: Lista los alojamientos; Fecha: 26-05-2025; Hora: 14:41:49
1 - Software; Archivo: alojamientos.php; Acción: Lista los alojamientos; Fecha: 26-05-2025; Hora: 14:41:49
1 - Software; Archivo: alojamientos.php; Acción: Lista los alojamientos; Fecha: 26-05-2025; Hora: 14:41:50
1 - Software; Archivo: alojamientos.php; Acción: Lista los alojamientos; Fecha: 26-05-2025; Hora: 14:41:50
1 - Software; Archivo: alojamientos.php; Acción: Lista las opiniones del alojamiento.; Fecha: 26-05-2025; Hora: 14:41:59
1 - Software; Archivo: alojamientos.php; Acción: Lista los alojamientos; Fecha: 26-05-2025; Hora: 14:42:03
1 - Software; Archivo: alojamientos.php; Acción: Lista los alojamientos; Fecha: 26-05-2025; Hora: 14:42:03
1 - Software; Archivo: alojamientos.php; Acción: Lista los alojamientos; Fecha: 26-05-2025; Hora: 14:42:03
1 - Software; Archivo: alojamientos.php; Acción: Lista los alojamientos; Fecha: 26-05-2025; Hora: 14:42:03
1 - Software; Archivo: alojamientos.php; Acción: Lista los alojamientos; Fecha: 26-05-2025; Hora: 14:42:21
1 - Software; Archivo: alojamientos.php; Acción: Lista los alojamientos; Fecha: 26-05-2025; Hora: 14:42:21
1 - Software; Archivo: alojamientos.php; Acción: Lista los alojamientos; Fecha: 26-05-2025; Hora: 14:42:21
1 - Software; Archivo: alojamientos.php; Acción: Lista los alojamientos; Fecha: 26-05-2025; Hora: 14:42:21
1 - Software; Archivo: alojamientos.php; Acción: Lista las visitas del alojamiento vdtyj11gn1309b336c4d90a3cea2e51; Fecha: 26-05-2025; Hora: 14:42:30
1 - Software; Archivo: alojamientos.php; Acción: Lista los alojamientos; Fecha: 26-05-2025; Hora: 14:42:38
1 - Software; Archivo: alojamientos.php; Acción: Lista los alojamientos; Fecha: 26-05-2025; Hora: 14:42:38
1 - Software; Archivo: alojamientos.php; Acción: Lista los alojamientos; Fecha: 26-05-2025; Hora: 14:42:38
1 - Software; Archivo: alojamientos.php; Acción: Lista los alojamientos; Fecha: 26-05-2025; Hora: 14:42:38
1 - Software; Archivo: alojamientos.php; Acción: Lista las visitas del alojamiento vdtykel3a7d4417089d3d422acbb8f2; Fecha: 26-05-2025; Hora: 14:42:46
ID: 1 - Nombre: Software - IP: 192.168.31.3; Archivo: usuario.php; Acción: Se hace login; Fecha: 26-05-2025; Hora: 14:52:54
ID: 15 - Nombre: Andres - IP: 192.168.31.3; Archivo: usuario.php; Acción: Se hace login Alumno; Fecha: 26-05-2025; Hora: 15:22:18
ID: 1 - Nombre: Software - IP: 192.168.31.3; Archivo: usuario.php; Acción: Se hace login; Fecha: 26-05-2025; Hora: 18:22:26
