ID: 1 - Nombre: Software - IP: 192.168.31.3; Archivo: usuario.php; Acción: Se hace login; Fecha: 14-08-2025; Hora: 09:05:23
1 - Software; Archivo: pagos.php; Acción: Recoger los medios de pago; Fecha: 14-08-2025; Hora: 09:05:32
1 - Software; Archivo: tarifaAloja.php; Acción: Lista las tarifas de alojamiento; Fecha: 14-08-2025; Hora: 09:05:32
1 - Software; Archivo: tarifaAloja.php; Acción: Lista las tarifas de alojamiento; Fecha: 14-08-2025; Hora: 09:05:40
1 - Software; Archivo: tarifaAloja.php; Acción: Lista las tarifas de alojamiento; Fecha: 14-08-2025; Hora: 09:05:45
1 - Software; Archivo: tarifaAloja.php; Acción: Lista las tarifas de alojamiento; Fecha: 14-08-2025; Hora: 09:06:03
1 - Software; Archivo: pagos.php; Acción: Recoger los medios de pago; Fecha: 14-08-2025; Hora: 09:06:04
1 - Software; Archivo: tarifaAloja.php; Acción: Lista las tarifas de alojamiento; Fecha: 14-08-2025; Hora: 09:06:04
1 - Software; Archivo: pagos.php; Acción: Recoger los medios de pago; Fecha: 14-08-2025; Hora: 09:06:15
1 - Software; Archivo: tarifaAloja.php; Acción: Lista las tarifas de alojamiento; Fecha: 14-08-2025; Hora: 09:06:15
1 - Software; Archivo: pagos.php; Acción: Recoger los medios de pago; Fecha: 14-08-2025; Hora: 09:06:41
1 - Software; Archivo: tarifaAloja.php; Acción: Lista las tarifas de alojamiento; Fecha: 14-08-2025; Hora: 09:06:41
1 - Software; Archivo: tipoCurso_Edu.php; Acción: Lista los tipos de curso; Fecha: 14-08-2025; Hora: 09:06:48
1 - Software; Archivo: pagos.php; Acción: Recoger los medios de pago; Fecha: 14-08-2025; Hora: 09:07:58
1 - Software; Archivo: tarifaAloja.php; Acción: Lista las tarifas de alojamiento; Fecha: 14-08-2025; Hora: 09:07:58
1 - Software; Archivo: tarifaAloja.php; Acción: Lista las tarifas de alojamiento; Fecha: 14-08-2025; Hora: 09:08:09
1 - Software; Archivo: pagos.php; Acción: Recoger los medios de pago; Fecha: 14-08-2025; Hora: 09:08:55
1 - Software; Archivo: tarifaAloja.php; Acción: Lista las tarifas de alojamiento; Fecha: 14-08-2025; Hora: 09:08:55
1 - Software; Archivo: pagos.php; Acción: Recoger los medios de pago; Fecha: 14-08-2025; Hora: 09:09:06
1 - Software; Archivo: tarifaAloja.php; Acción: Lista las tarifas de alojamiento; Fecha: 14-08-2025; Hora: 09:09:06
1 - Software; Archivo: pagos.php; Acción: Recoger los medios de pago; Fecha: 14-08-2025; Hora: 09:09:55
1 - Software; Archivo: tarifaAloja.php; Acción: Lista las tarifas de alojamiento; Fecha: 14-08-2025; Hora: 09:09:55
1 - Software; Archivo: pagos.php; Acción: Recoger los medios de pago; Fecha: 14-08-2025; Hora: 09:10:03
1 - Software; Archivo: tarifaAloja.php; Acción: Lista las tarifas de alojamiento; Fecha: 14-08-2025; Hora: 09:10:03
1 - Software; Archivo: pagos.php; Acción: Recoger los medios de pago; Fecha: 14-08-2025; Hora: 09:13:08
1 - Software; Archivo: tarifaAloja.php; Acción: Lista las tarifas de alojamiento; Fecha: 14-08-2025; Hora: 09:13:08
1 - Software; Archivo: pagos.php; Acción: Recoger los medios de pago; Fecha: 14-08-2025; Hora: 09:13:27
1 - Software; Archivo: tarifaAloja.php; Acción: Lista las tarifas de alojamiento; Fecha: 14-08-2025; Hora: 09:13:27
1 - Software; Archivo: tipoCurso_Edu.php; Acción: Lista los tipos de curso; Fecha: 14-08-2025; Hora: 09:13:41
1 - Software; Archivo: pagos.php; Acción: Recoger los medios de pago; Fecha: 14-08-2025; Hora: 09:14:07
1 - Software; Archivo: tarifaAloja.php; Acción: Lista las tarifas de alojamiento; Fecha: 14-08-2025; Hora: 09:14:07
1 - Software; Archivo: pagos.php; Acción: Recoger los medios de pago; Fecha: 14-08-2025; Hora: 09:14:32
1 - Software; Archivo: tarifaAloja.php; Acción: Lista las tarifas de alojamiento; Fecha: 14-08-2025; Hora: 09:14:32
1 - Software; Archivo: pagos.php; Acción: Recoger los medios de pago; Fecha: 14-08-2025; Hora: 09:27:03
1 - Software; Archivo: tarifaAloja.php; Acción: Lista las tarifas de alojamiento; Fecha: 14-08-2025; Hora: 09:27:04
1 - Software; Archivo: pagos.php; Acción: Recoger los medios de pago; Fecha: 14-08-2025; Hora: 09:27:06
1 - Software; Archivo: tarifaAloja.php; Acción: Lista las tarifas de alojamiento; Fecha: 14-08-2025; Hora: 09:27:06
1 - Software; Archivo: pagos.php; Acción: Recoger los medios de pago; Fecha: 14-08-2025; Hora: 09:27:31
1 - Software; Archivo: tarifaAloja.php; Acción: Lista las tarifas de alojamiento; Fecha: 14-08-2025; Hora: 09:27:31
1 - Software; Archivo: pagos.php; Acción: Recoger los medios de pago; Fecha: 14-08-2025; Hora: 09:27:57
1 - Software; Archivo: tarifaAloja.php; Acción: Lista las tarifas de alojamiento; Fecha: 14-08-2025; Hora: 09:27:57
1 - Software; Archivo: pagos.php; Acción: Recoger los medios de pago; Fecha: 14-08-2025; Hora: 09:32:24
1 - Software; Archivo: tarifaAloja.php; Acción: Lista las tarifas de alojamiento; Fecha: 14-08-2025; Hora: 09:32:24
1 - Software; Archivo: pagos.php; Acción: Recoger los medios de pago; Fecha: 14-08-2025; Hora: 09:32:26
1 - Software; Archivo: tarifaAloja.php; Acción: Lista las tarifas de alojamiento; Fecha: 14-08-2025; Hora: 09:32:26
1 - Software; Archivo: pagos.php; Acción: Recoger los medios de pago; Fecha: 14-08-2025; Hora: 09:33:38
1 - Software; Archivo: pagos.php; Acción: Recoger los medios de pago; Fecha: 14-08-2025; Hora: 09:33:39
1 - Software; Archivo: tarifaAloja.php; Acción: Lista las tarifas de alojamiento; Fecha: 14-08-2025; Hora: 09:33:39
1 - Software; Archivo: pagos.php; Acción: Recoger los medios de pago; Fecha: 14-08-2025; Hora: 09:34:24
1 - Software; Archivo: tarifaAloja.php; Acción: Lista las tarifas de alojamiento; Fecha: 14-08-2025; Hora: 09:34:24
1 - Software; Archivo: pagos.php; Acción: Recoger los medios de pago; Fecha: 14-08-2025; Hora: 09:35:33
1 - Software; Archivo: tarifaAloja.php; Acción: Lista las tarifas de alojamiento; Fecha: 14-08-2025; Hora: 09:35:33
1 - Software; Archivo: pagos.php; Acción: Recoger los medios de pago; Fecha: 14-08-2025; Hora: 09:35:35
1 - Software; Archivo: tarifaAloja.php; Acción: Lista las tarifas de alojamiento; Fecha: 14-08-2025; Hora: 09:35:35
1 - Software; Archivo: pagos.php; Acción: Recoger los medios de pago; Fecha: 14-08-2025; Hora: 09:35:49
1 - Software; Archivo: tarifaAloja.php; Acción: Lista las tarifas de alojamiento; Fecha: 14-08-2025; Hora: 09:35:49
1 - Software; Archivo: pagos.php; Acción: Recoger los medios de pago; Fecha: 14-08-2025; Hora: 09:36:02
1 - Software; Archivo: tarifaAloja.php; Acción: Lista las tarifas de alojamiento; Fecha: 14-08-2025; Hora: 09:36:02
1 - Software; Archivo: pagos.php; Acción: Recoger los medios de pago; Fecha: 14-08-2025; Hora: 09:39:17
1 - Software; Archivo: tarifaAloja.php; Acción: Lista las tarifas de alojamiento; Fecha: 14-08-2025; Hora: 09:39:17
1 - Software; Archivo: tarifaAloja.php; Acción: Lista las tarifas de alojamiento; Fecha: 14-08-2025; Hora: 09:39:32
1 - Software; Archivo: tarifaAloja.php; Acción: Lista las tarifas de alojamiento; Fecha: 14-08-2025; Hora: 09:39:36
1 - Software; Archivo: tarifaAloja.php; Acción: Lista las tarifas de alojamiento; Fecha: 14-08-2025; Hora: 09:40:21
1 - Software; Archivo: tarifaAloja.php; Acción: Lista las tarifas de alojamiento; Fecha: 14-08-2025; Hora: 09:40:31
1 - Software; Archivo: tarifaAloja.php; Acción: Lista las tarifas de alojamiento; Fecha: 14-08-2025; Hora: 09:42:52
1 - Software; Archivo: tarifaAloja.php; Acción: Lista las tarifas de alojamiento; Fecha: 14-08-2025; Hora: 09:44:09
1 - Software; Archivo: medios.php; Acción: Lista las facturas en facturación; Fecha: 14-08-2025; Hora: 09:44:31
1 - Software; Archivo: medios.php; Acción: Lista las facturas en facturación; Fecha: 14-08-2025; Hora: 09:44:31
1 - Software; Archivo: medios.php; Acción: Lista las facturas en facturación; Fecha: 14-08-2025; Hora: 09:44:31
1 - Software; Archivo: medios.php; Acción: Lista las facturas en facturación; Fecha: 14-08-2025; Hora: 09:44:31
1 - Software; Archivo: pagos.php; Acción: Recoger los medios de pago; Fecha: 14-08-2025; Hora: 09:44:43
1 - Software; Archivo: tarifaAloja.php; Acción: Lista las tarifas de alojamiento; Fecha: 14-08-2025; Hora: 09:44:43
1 - Software; Archivo: tarifaAloja.php; Acción: Lista las tarifas de alojamiento; Fecha: 14-08-2025; Hora: 09:44:52
1 - Software; Archivo: tarifaAloja.php; Acción: Lista las tarifas de alojamiento; Fecha: 14-08-2025; Hora: 09:45:02
1 - Software; Archivo: tarifaAloja.php; Acción: Lista las tarifas de alojamiento; Fecha: 14-08-2025; Hora: 09:51:29
1 - Software; Archivo: tarifaAloja.php; Acción: Lista las tarifas de alojamiento; Fecha: 14-08-2025; Hora: 09:52:25
1 - Software; Archivo: tarifaAloja.php; Acción: Lista las tarifas de alojamiento; Fecha: 14-08-2025; Hora: 09:52:28
1 - Software; Archivo: tarifaAloja.php; Acción: Lista las tarifas de alojamiento; Fecha: 14-08-2025; Hora: 09:53:13
1 - Software; Archivo: tarifaAloja.php; Acción: Lista las tarifas de alojamiento; Fecha: 14-08-2025; Hora: 09:53:22
1 - Software; Archivo: tarifaAloja.php; Acción: Lista las tarifas de alojamiento; Fecha: 14-08-2025; Hora: 09:56:57
1 - Software; Archivo: tarifaAloja.php; Acción: Lista las tarifas de alojamiento; Fecha: 14-08-2025; Hora: 09:58:51
1 - Software; Archivo: tarifaAloja.php; Acción: Lista las tarifas de alojamiento; Fecha: 14-08-2025; Hora: 09:58:52
1 - Software; Archivo: tarifaAloja.php; Acción: Lista las tarifas de alojamiento; Fecha: 14-08-2025; Hora: 09:59:01
1 - Software; Archivo: tarifaAloja.php; Acción: Lista las tarifas de alojamiento; Fecha: 14-08-2025; Hora: 09:59:10
1 - Software; Archivo: tarifaAloja.php; Acción: Lista las tarifas de alojamiento; Fecha: 14-08-2025; Hora: 09:59:11
1 - Software; Archivo: tarifaAloja.php; Acción: Lista las tarifas de alojamiento; Fecha: 14-08-2025; Hora: 09:59:18
1 - Software; Archivo: tarifaAloja.php; Acción: Lista las tarifas de alojamiento; Fecha: 14-08-2025; Hora: 09:59:20
1 - Software; Archivo: tarifaAloja.php; Acción: Lista las tarifas de alojamiento; Fecha: 14-08-2025; Hora: 10:03:49
1 - Software; Archivo: tarifaAloja.php; Acción: Lista las tarifas de alojamiento; Fecha: 14-08-2025; Hora: 10:03:51
1 - Software; Archivo: tarifaAloja.php; Acción: Lista las tarifas de alojamiento; Fecha: 14-08-2025; Hora: 10:04:12
1 - Software; Archivo: tarifaAloja.php; Acción: Lista las tarifas de alojamiento; Fecha: 14-08-2025; Hora: 10:04:52
1 - Software; Archivo: tarifaAloja.php; Acción: Lista las tarifas de alojamiento; Fecha: 14-08-2025; Hora: 10:05:43
1 - Software; Archivo: tarifaAloja.php; Acción: Lista las tarifas de alojamiento; Fecha: 14-08-2025; Hora: 10:07:52
1 - Software; Archivo: tarifaAloja.php; Acción: Lista las tarifas de alojamiento; Fecha: 14-08-2025; Hora: 10:11:27
1 - Software; Archivo: tarifaAloja.php; Acción: Lista las tarifas de alojamiento; Fecha: 14-08-2025; Hora: 10:12:50
1 - Software; Archivo: tarifaAloja.php; Acción: Lista las tarifas de alojamiento; Fecha: 14-08-2025; Hora: 10:13:43
1 - Software; Archivo: tarifaAloja.php; Acción: Lista las tarifas de alojamiento; Fecha: 14-08-2025; Hora: 10:13:44
1 - Software; Archivo: tarifaAloja.php; Acción: Lista las tarifas de alojamiento; Fecha: 14-08-2025; Hora: 10:18:15
1 - Software; Archivo: pagos.php; Acción: Recoger los medios de pago; Fecha: 14-08-2025; Hora: 10:18:44
1 - Software; Archivo: tarifaAloja.php; Acción: Lista las tarifas de alojamiento; Fecha: 14-08-2025; Hora: 10:18:44
1 - Software; Archivo: tarifaAloja.php; Acción: Lista las tarifas de alojamiento; Fecha: 14-08-2025; Hora: 10:18:58
1 - Software; Archivo: tarifaAloja.php; Acción: Lista las tarifas de alojamiento; Fecha: 14-08-2025; Hora: 10:19:05
1 - Software; Archivo: tarifaAloja.php; Acción: Lista las tarifas de alojamiento; Fecha: 14-08-2025; Hora: 10:22:24
1 - Software; Archivo: tarifaAloja.php; Acción: Lista las tarifas de alojamiento; Fecha: 14-08-2025; Hora: 10:23:09
1 - Software; Archivo: tarifaAloja.php; Acción: Lista las tarifas de alojamiento; Fecha: 14-08-2025; Hora: 10:23:56
1 - Software; Archivo: medios.php; Acción: Lista las facturas en facturación; Fecha: 14-08-2025; Hora: 10:23:59
1 - Software; Archivo: medios.php; Acción: Lista las facturas en facturación; Fecha: 14-08-2025; Hora: 10:23:59
1 - Software; Archivo: medios.php; Acción: Lista las facturas en facturación; Fecha: 14-08-2025; Hora: 10:23:59
1 - Software; Archivo: medios.php; Acción: Lista las facturas en facturación; Fecha: 14-08-2025; Hora: 10:23:59
1 - Software; Archivo: medios.php; Acción: Lista las facturas en facturación; Fecha: 14-08-2025; Hora: 10:24:05
1 - Software; Archivo: medios.php; Acción: Lista las facturas en facturación; Fecha: 14-08-2025; Hora: 10:24:05
1 - Software; Archivo: medios.php; Acción: Lista las facturas en facturación; Fecha: 14-08-2025; Hora: 10:24:05
1 - Software; Archivo: medios.php; Acción: Lista las facturas en facturación; Fecha: 14-08-2025; Hora: 10:24:05
1 - Software; Archivo: medios.php; Acción: Lista las facturas en facturación; Fecha: 14-08-2025; Hora: 10:24:57
1 - Software; Archivo: medios.php; Acción: Lista las facturas en facturación; Fecha: 14-08-2025; Hora: 10:24:57
1 - Software; Archivo: medios.php; Acción: Lista las facturas en facturación; Fecha: 14-08-2025; Hora: 10:24:57
1 - Software; Archivo: medios.php; Acción: Lista las facturas en facturación; Fecha: 14-08-2025; Hora: 10:24:57
1 - Software; Archivo: medios.php; Acción: Lista las facturas en facturación; Fecha: 14-08-2025; Hora: 10:25:10
1 - Software; Archivo: medios.php; Acción: Lista las facturas en facturación; Fecha: 14-08-2025; Hora: 10:25:10
1 - Software; Archivo: medios.php; Acción: Lista las facturas en facturación; Fecha: 14-08-2025; Hora: 10:25:10
1 - Software; Archivo: medios.php; Acción: Lista las facturas en facturación; Fecha: 14-08-2025; Hora: 10:25:10
1 - Software; Archivo: medios.php; Acción: Lista las facturas en facturación; Fecha: 14-08-2025; Hora: 10:25:47
1 - Software; Archivo: medios.php; Acción: Lista las facturas en facturación; Fecha: 14-08-2025; Hora: 10:25:47
1 - Software; Archivo: medios.php; Acción: Lista las facturas en facturación; Fecha: 14-08-2025; Hora: 10:25:47
1 - Software; Archivo: medios.php; Acción: Lista las facturas en facturación; Fecha: 14-08-2025; Hora: 10:25:47
1 - Software; Archivo: medios.php; Acción: Lista las facturas en facturación; Fecha: 14-08-2025; Hora: 10:26:07
1 - Software; Archivo: medios.php; Acción: Lista las facturas en facturación; Fecha: 14-08-2025; Hora: 10:26:07
1 - Software; Archivo: medios.php; Acción: Lista las facturas en facturación; Fecha: 14-08-2025; Hora: 10:26:07
1 - Software; Archivo: medios.php; Acción: Lista las facturas en facturación; Fecha: 14-08-2025; Hora: 10:26:07
1 - Software; Archivo: medios.php; Acción: Lista las facturas en facturación; Fecha: 14-08-2025; Hora: 10:26:40
1 - Software; Archivo: medios.php; Acción: Lista las facturas en facturación; Fecha: 14-08-2025; Hora: 10:26:40
1 - Software; Archivo: medios.php; Acción: Lista las facturas en facturación; Fecha: 14-08-2025; Hora: 10:26:40
1 - Software; Archivo: medios.php; Acción: Lista las facturas en facturación; Fecha: 14-08-2025; Hora: 10:26:40
1 - Software; Archivo: medios.php; Acción: Lista las facturas en facturación; Fecha: 14-08-2025; Hora: 10:27:00
1 - Software; Archivo: medios.php; Acción: Lista las facturas en facturación; Fecha: 14-08-2025; Hora: 10:27:00
1 - Software; Archivo: medios.php; Acción: Lista las facturas en facturación; Fecha: 14-08-2025; Hora: 10:27:00
1 - Software; Archivo: medios.php; Acción: Lista las facturas en facturación; Fecha: 14-08-2025; Hora: 10:27:00
1 - Software; Archivo: medios.php; Acción: Lista las facturas en facturación; Fecha: 14-08-2025; Hora: 10:27:23
1 - Software; Archivo: medios.php; Acción: Lista las facturas en facturación; Fecha: 14-08-2025; Hora: 10:27:24
1 - Software; Archivo: medios.php; Acción: Lista las facturas en facturación; Fecha: 14-08-2025; Hora: 10:27:24
1 - Software; Archivo: medios.php; Acción: Lista las facturas en facturación; Fecha: 14-08-2025; Hora: 10:27:24
1 - Software; Archivo: medios.php; Acción: Lista las facturas en facturación; Fecha: 14-08-2025; Hora: 10:27:28
1 - Software; Archivo: medios.php; Acción: Lista las facturas en facturación; Fecha: 14-08-2025; Hora: 10:27:28
1 - Software; Archivo: medios.php; Acción: Lista las facturas en facturación; Fecha: 14-08-2025; Hora: 10:27:28
1 - Software; Archivo: medios.php; Acción: Lista las facturas en facturación; Fecha: 14-08-2025; Hora: 10:27:28
1 - Software; Archivo: medios.php; Acción: Lista las facturas en facturación; Fecha: 14-08-2025; Hora: 10:27:49
1 - Software; Archivo: medios.php; Acción: Lista las facturas en facturación; Fecha: 14-08-2025; Hora: 10:27:49
1 - Software; Archivo: medios.php; Acción: Lista las facturas en facturación; Fecha: 14-08-2025; Hora: 10:27:49
1 - Software; Archivo: medios.php; Acción: Lista las facturas en facturación; Fecha: 14-08-2025; Hora: 10:27:49
1 - Software; Archivo: medios.php; Acción: Lista las facturas en facturación; Fecha: 14-08-2025; Hora: 10:28:40
1 - Software; Archivo: medios.php; Acción: Lista las facturas en facturación; Fecha: 14-08-2025; Hora: 10:28:40
1 - Software; Archivo: medios.php; Acción: Lista las facturas en facturación; Fecha: 14-08-2025; Hora: 10:28:40
1 - Software; Archivo: medios.php; Acción: Lista las facturas en facturación; Fecha: 14-08-2025; Hora: 10:28:40
1 - Software; Archivo: medios.php; Acción: Lista las facturas en facturación; Fecha: 14-08-2025; Hora: 10:30:26
1 - Software; Archivo: medios.php; Acción: Lista las facturas en facturación; Fecha: 14-08-2025; Hora: 10:30:26
1 - Software; Archivo: medios.php; Acción: Lista las facturas en facturación; Fecha: 14-08-2025; Hora: 10:30:26
1 - Software; Archivo: medios.php; Acción: Lista las facturas en facturación; Fecha: 14-08-2025; Hora: 10:30:26
1 - Software; Archivo: medios.php; Acción: Lista las facturas en facturación; Fecha: 14-08-2025; Hora: 10:30:44
1 - Software; Archivo: medios.php; Acción: Lista las facturas en facturación; Fecha: 14-08-2025; Hora: 10:30:44
1 - Software; Archivo: medios.php; Acción: Lista las facturas en facturación; Fecha: 14-08-2025; Hora: 10:30:44
1 - Software; Archivo: medios.php; Acción: Lista las facturas en facturación; Fecha: 14-08-2025; Hora: 10:30:44
1 - Software; Archivo: medios.php; Acción: Lista las facturas en facturación; Fecha: 14-08-2025; Hora: 10:31:51
1 - Software; Archivo: medios.php; Acción: Lista las facturas en facturación; Fecha: 14-08-2025; Hora: 10:31:51
1 - Software; Archivo: medios.php; Acción: Lista las facturas en facturación; Fecha: 14-08-2025; Hora: 10:31:51
1 - Software; Archivo: medios.php; Acción: Lista las facturas en facturación; Fecha: 14-08-2025; Hora: 10:31:51
1 - Software; Archivo: medios.php; Acción: Lista las facturas en facturación; Fecha: 14-08-2025; Hora: 10:48:41
1 - Software; Archivo: medios.php; Acción: Lista las facturas en facturación; Fecha: 14-08-2025; Hora: 10:49:04
1 - Software; Archivo: medios.php; Acción: Lista las facturas en facturación; Fecha: 14-08-2025; Hora: 10:49:04
1 - Software; Archivo: medios.php; Acción: Lista las facturas en facturación; Fecha: 14-08-2025; Hora: 10:49:04
1 - Software; Archivo: medios.php; Acción: Lista las facturas en facturación; Fecha: 14-08-2025; Hora: 10:49:04
1 - Software; Archivo: pagos.php; Acción: Recoger los medios de pago; Fecha: 14-08-2025; Hora: 10:49:33
1 - Software; Archivo: tarifaAloja.php; Acción: Lista las tarifas de alojamiento; Fecha: 14-08-2025; Hora: 10:49:33
1 - Software; Archivo: tarifaAloja.php; Acción: Lista las tarifas de alojamiento; Fecha: 14-08-2025; Hora: 10:49:37
1 - Software; Archivo: tarifaAloja.php; Acción: Lista las tarifas de alojamiento; Fecha: 14-08-2025; Hora: 10:49:41
1 - Software; Archivo: tarifaAloja.php; Acción: Lista las tarifas de alojamiento; Fecha: 14-08-2025; Hora: 10:50:13
1 - Software; Archivo: medios.php; Acción: Lista las facturas en facturación; Fecha: 14-08-2025; Hora: 10:50:16
1 - Software; Archivo: medios.php; Acción: Lista las facturas en facturación; Fecha: 14-08-2025; Hora: 10:50:22
1 - Software; Archivo: medios.php; Acción: Lista las facturas en facturación; Fecha: 14-08-2025; Hora: 10:50:22
1 - Software; Archivo: medios.php; Acción: Lista las facturas en facturación; Fecha: 14-08-2025; Hora: 10:50:22
1 - Software; Archivo: medios.php; Acción: Lista las facturas en facturación; Fecha: 14-08-2025; Hora: 10:50:22
1 - Software; Archivo: medios.php; Acción: Lista las facturas en facturación; Fecha: 14-08-2025; Hora: 10:50:27
1 - Software; Archivo: medios.php; Acción: Lista las facturas en facturación; Fecha: 14-08-2025; Hora: 10:50:29
1 - Software; Archivo: medios.php; Acción: Lista las facturas en facturación; Fecha: 14-08-2025; Hora: 10:50:29
1 - Software; Archivo: medios.php; Acción: Lista las facturas en facturación; Fecha: 14-08-2025; Hora: 10:50:29
1 - Software; Archivo: medios.php; Acción: Lista las facturas en facturación; Fecha: 14-08-2025; Hora: 10:50:29
1 - Software; Archivo: pagos.php; Acción: Recoger los medios de pago; Fecha: 14-08-2025; Hora: 10:50:44
1 - Software; Archivo: tarifaAloja.php; Acción: Lista las tarifas de alojamiento; Fecha: 14-08-2025; Hora: 10:50:44
1 - Software; Archivo: tarifaAloja.php; Acción: Lista las tarifas de alojamiento; Fecha: 14-08-2025; Hora: 10:50:48
1 - Software; Archivo: tarifaAloja.php; Acción: Lista las tarifas de alojamiento; Fecha: 14-08-2025; Hora: 10:50:53
1 - Software; Archivo: tarifaAloja.php; Acción: Lista las tarifas de alojamiento; Fecha: 14-08-2025; Hora: 10:50:59
1 - Software; Archivo: medios.php; Acción: Lista las facturas en facturación; Fecha: 14-08-2025; Hora: 10:51:10
1 - Software; Archivo: medios.php; Acción: Lista las facturas en facturación; Fecha: 14-08-2025; Hora: 10:51:51
1 - Software; Archivo: medios.php; Acción: Lista las facturas en facturación; Fecha: 14-08-2025; Hora: 10:51:53
1 - Software; Archivo: pagos.php; Acción: Recoger los medios de pago; Fecha: 14-08-2025; Hora: 10:55:31
1 - Software; Archivo: tarifaAloja.php; Acción: Lista las tarifas de alojamiento; Fecha: 14-08-2025; Hora: 10:55:31
1 - Software; Archivo: tarifaAloja.php; Acción: Lista las tarifas de alojamiento; Fecha: 14-08-2025; Hora: 10:55:35
1 - Software; Archivo: tarifaAloja.php; Acción: Lista las tarifas de alojamiento; Fecha: 14-08-2025; Hora: 10:56:44
1 - Software; Archivo: tarifaAloja.php; Acción: Lista las tarifas de alojamiento; Fecha: 14-08-2025; Hora: 10:57:32
1 - Software; Archivo: tarifaAloja.php; Acción: Lista las tarifas de alojamiento; Fecha: 14-08-2025; Hora: 10:57:43
1 - Software; Archivo: pagos.php; Acción: Recoger los medios de pago; Fecha: 14-08-2025; Hora: 10:58:31
1 - Software; Archivo: tarifaAloja.php; Acción: Lista las tarifas de alojamiento; Fecha: 14-08-2025; Hora: 10:58:31
1 - Software; Archivo: tarifaAloja.php; Acción: Lista las tarifas de alojamiento; Fecha: 14-08-2025; Hora: 10:58:38
1 - Software; Archivo: tarifaAloja.php; Acción: Lista las tarifas de alojamiento; Fecha: 14-08-2025; Hora: 10:58:59
1 - Software; Archivo: tarifaAloja.php; Acción: Lista las tarifas de alojamiento; Fecha: 14-08-2025; Hora: 10:59:19
1 - Software; Archivo: tarifaAloja.php; Acción: Lista las tarifas de alojamiento; Fecha: 14-08-2025; Hora: 10:59:41
1 - Software; Archivo: tarifaAloja.php; Acción: Lista las tarifas de alojamiento; Fecha: 14-08-2025; Hora: 10:59:44
1 - Software; Archivo: tarifaAloja.php; Acción: Lista las tarifas de alojamiento; Fecha: 14-08-2025; Hora: 11:00:14
1 - Software; Archivo: tarifaAloja.php; Acción: Lista las tarifas de alojamiento; Fecha: 14-08-2025; Hora: 11:00:34
1 - Software; Archivo: tarifaAloja.php; Acción: Lista las tarifas de alojamiento; Fecha: 14-08-2025; Hora: 11:00:54
1 - Software; Archivo: pagos.php; Acción: Recoger los medios de pago; Fecha: 14-08-2025; Hora: 11:02:39
1 - Software; Archivo: tarifaAloja.php; Acción: Lista las tarifas de alojamiento; Fecha: 14-08-2025; Hora: 11:02:39
1 - Software; Archivo: tarifaAloja.php; Acción: Lista las tarifas de alojamiento; Fecha: 14-08-2025; Hora: 11:02:48
1 - Software; Archivo: tarifaAloja.php; Acción: Lista las tarifas de alojamiento; Fecha: 14-08-2025; Hora: 11:03:11
ID: 1 - Nombre: Software - IP: 192.168.31.3; Archivo: usuario.php; Acción: Se hace login; Fecha: 14-08-2025; Hora: 11:40:11
1 - Software; Archivo: medios.php; Acción: Lista las facturas en facturación; Fecha: 14-08-2025; Hora: 11:40:13
1 - Software; Archivo: medios.php; Acción: Lista las facturas en facturación; Fecha: 14-08-2025; Hora: 11:40:17
1 - Software; Archivo: medios.php; Acción: Lista las facturas en facturación; Fecha: 14-08-2025; Hora: 11:40:17
1 - Software; Archivo: medios.php; Acción: Lista las facturas en facturación; Fecha: 14-08-2025; Hora: 11:40:17
1 - Software; Archivo: medios.php; Acción: Lista las facturas en facturación; Fecha: 14-08-2025; Hora: 11:40:17
1 - Software; Archivo: medios.php; Acción: Lista las facturas en facturación; Fecha: 14-08-2025; Hora: 11:40:38
1 - Software; Archivo: medios.php; Acción: Lista las facturas en facturación; Fecha: 14-08-2025; Hora: 11:40:38
1 - Software; Archivo: medios.php; Acción: Lista las facturas en facturación; Fecha: 14-08-2025; Hora: 11:40:40
1 - Software; Archivo: medios.php; Acción: Lista las facturas en facturación; Fecha: 14-08-2025; Hora: 11:40:40
1 - Software; Archivo: medios.php; Acción: Lista las facturas en facturación; Fecha: 14-08-2025; Hora: 11:40:40
1 - Software; Archivo: medios.php; Acción: Lista las facturas en facturación; Fecha: 14-08-2025; Hora: 11:40:40
1 - Software; Archivo: medios.php; Acción: Lista las facturas en facturación; Fecha: 14-08-2025; Hora: 11:40:51
1 - Software; Archivo: medios.php; Acción: Lista las facturas en facturación; Fecha: 14-08-2025; Hora: 11:40:58
1 - Software; Archivo: medios.php; Acción: Lista las facturas en facturación; Fecha: 14-08-2025; Hora: 11:41:00
1 - Software; Archivo: medios.php; Acción: Lista las facturas en facturación; Fecha: 14-08-2025; Hora: 11:41:04
1 - Software; Archivo: medios.php; Acción: Lista las facturas en facturación; Fecha: 14-08-2025; Hora: 11:41:04
1 - Software; Archivo: medios.php; Acción: Lista las facturas en facturación; Fecha: 14-08-2025; Hora: 11:41:04
1 - Software; Archivo: medios.php; Acción: Lista las facturas en facturación; Fecha: 14-08-2025; Hora: 11:41:04
1 - Software; Archivo: medios.php; Acción: Lista las facturas en facturación; Fecha: 14-08-2025; Hora: 11:41:24
1 - Software; Archivo: medios.php; Acción: Lista las facturas en facturación; Fecha: 14-08-2025; Hora: 11:41:29
1 - Software; Archivo: medios.php; Acción: Lista las facturas en facturación; Fecha: 14-08-2025; Hora: 11:41:29
1 - Software; Archivo: medios.php; Acción: Lista las facturas en facturación; Fecha: 14-08-2025; Hora: 11:41:29
1 - Software; Archivo: medios.php; Acción: Lista las facturas en facturación; Fecha: 14-08-2025; Hora: 11:41:29
1 - Software; Archivo: medios.php; Acción: Lista las facturas en facturación; Fecha: 14-08-2025; Hora: 11:41:42
1 - Software; Archivo: medios.php; Acción: Lista las facturas en facturación; Fecha: 14-08-2025; Hora: 11:41:42
1 - Software; Archivo: medios.php; Acción: Lista las facturas en facturación; Fecha: 14-08-2025; Hora: 11:41:45
1 - Software; Archivo: medios.php; Acción: Lista las facturas en facturación; Fecha: 14-08-2025; Hora: 11:41:56
1 - Software; Archivo: medios.php; Acción: Lista las facturas en facturación; Fecha: 14-08-2025; Hora: 11:41:58
1 - Software; Archivo: medios.php; Acción: Lista las facturas en facturación; Fecha: 14-08-2025; Hora: 11:42:02
1 - Software; Archivo: medios.php; Acción: Lista las facturas en facturación; Fecha: 14-08-2025; Hora: 11:42:04
1 - Software; Archivo: medios.php; Acción: Lista las facturas en facturación; Fecha: 14-08-2025; Hora: 11:42:08
1 - Software; Archivo: medios.php; Acción: Lista las facturas en facturación; Fecha: 14-08-2025; Hora: 11:42:10
1 - Software; Archivo: medios.php; Acción: Lista las facturas en facturación; Fecha: 14-08-2025; Hora: 11:42:11
1 - Software; Archivo: medios.php; Acción: Lista las facturas en facturación; Fecha: 14-08-2025; Hora: 11:42:11
1 - Software; Archivo: medios.php; Acción: Lista las facturas en facturación; Fecha: 14-08-2025; Hora: 11:42:11
1 - Software; Archivo: medios.php; Acción: Lista las facturas en facturación; Fecha: 14-08-2025; Hora: 11:42:11
1 - Software; Archivo: medios.php; Acción: Lista las facturas en facturación; Fecha: 14-08-2025; Hora: 11:42:24
1 - Software; Archivo: medios.php; Acción: Lista las facturas en facturación; Fecha: 14-08-2025; Hora: 11:42:26
1 - Software; Archivo: medios.php; Acción: Lista las facturas en facturación; Fecha: 14-08-2025; Hora: 11:42:26
1 - Software; Archivo: medios.php; Acción: Lista las facturas en facturación; Fecha: 14-08-2025; Hora: 11:42:26
1 - Software; Archivo: medios.php; Acción: Lista las facturas en facturación; Fecha: 14-08-2025; Hora: 11:42:26
1 - Software; Archivo: medios.php; Acción: Lista las facturas en facturación; Fecha: 14-08-2025; Hora: 11:42:31
1 - Software; Archivo: medios.php; Acción: Lista las facturas en facturación; Fecha: 14-08-2025; Hora: 11:42:31
1 - Software; Archivo: medios.php; Acción: Lista las facturas en facturación; Fecha: 14-08-2025; Hora: 11:42:33
1 - Software; Archivo: medios.php; Acción: Lista las facturas en facturación; Fecha: 14-08-2025; Hora: 11:42:35
1 - Software; Archivo: medios.php; Acción: Lista las facturas en facturación; Fecha: 14-08-2025; Hora: 11:42:35
1 - Software; Archivo: medios.php; Acción: Lista las facturas en facturación; Fecha: 14-08-2025; Hora: 11:42:35
1 - Software; Archivo: medios.php; Acción: Lista las facturas en facturación; Fecha: 14-08-2025; Hora: 11:42:35
1 - Software; Archivo: medios.php; Acción: Lista las facturas en facturación; Fecha: 14-08-2025; Hora: 11:43:27
1 - Software; Archivo: medios.php; Acción: Lista las facturas en facturación; Fecha: 14-08-2025; Hora: 11:43:27
1 - Software; Archivo: medios.php; Acción: Lista las facturas en facturación; Fecha: 14-08-2025; Hora: 11:43:30
1 - Software; Archivo: medios.php; Acción: Lista las facturas en facturación; Fecha: 14-08-2025; Hora: 11:43:30
1 - Software; Archivo: medios.php; Acción: Lista las facturas en facturación; Fecha: 14-08-2025; Hora: 11:43:30
1 - Software; Archivo: medios.php; Acción: Lista las facturas en facturación; Fecha: 14-08-2025; Hora: 11:43:30
1 - Software; Archivo: medios.php; Acción: Lista las facturas en facturación; Fecha: 14-08-2025; Hora: 11:43:35
1 - Software; Archivo: medios.php; Acción: Lista las facturas en facturación; Fecha: 14-08-2025; Hora: 11:43:37
1 - Software; Archivo: medios.php; Acción: Lista las facturas en facturación; Fecha: 14-08-2025; Hora: 11:43:37
1 - Software; Archivo: medios.php; Acción: Lista las facturas en facturación; Fecha: 14-08-2025; Hora: 11:43:37
1 - Software; Archivo: medios.php; Acción: Lista las facturas en facturación; Fecha: 14-08-2025; Hora: 11:43:37
1 - Software; Archivo: medios.php; Acción: Lista las facturas en facturación; Fecha: 14-08-2025; Hora: 11:43:41
1 - Software; Archivo: medios.php; Acción: Lista las facturas en facturación; Fecha: 14-08-2025; Hora: 11:43:41
1 - Software; Archivo: medios.php; Acción: Lista las facturas en facturación; Fecha: 14-08-2025; Hora: 11:43:43
1 - Software; Archivo: medios.php; Acción: Lista las facturas en facturación; Fecha: 14-08-2025; Hora: 11:43:43
1 - Software; Archivo: medios.php; Acción: Lista las facturas en facturación; Fecha: 14-08-2025; Hora: 11:43:43
1 - Software; Archivo: medios.php; Acción: Lista las facturas en facturación; Fecha: 14-08-2025; Hora: 11:43:43
1 - Software; Archivo: medios.php; Acción: Lista las facturas en facturación; Fecha: 14-08-2025; Hora: 11:47:03
1 - Software; Archivo: pagos.php; Acción: Recoger los medios de pago; Fecha: 14-08-2025; Hora: 11:47:11
1 - Software; Archivo: tarifaAloja.php; Acción: Lista las tarifas de alojamiento; Fecha: 14-08-2025; Hora: 11:47:11
1 - Software; Archivo: tarifaAloja.php; Acción: Lista las tarifas de alojamiento; Fecha: 14-08-2025; Hora: 11:47:17
1 - Software; Archivo: tarifaAloja.php; Acción: Lista las tarifas de alojamiento; Fecha: 14-08-2025; Hora: 11:47:29
1 - Software; Archivo: tarifaAloja.php; Acción: Lista las tarifas de alojamiento; Fecha: 14-08-2025; Hora: 11:47:40
1 - Software; Archivo: medios.php; Acción: Lista las facturas en facturación; Fecha: 14-08-2025; Hora: 11:47:43
1 - Software; Archivo: medios.php; Acción: Lista las facturas en facturación; Fecha: 14-08-2025; Hora: 11:47:46
1 - Software; Archivo: medios.php; Acción: Lista las facturas en facturación; Fecha: 14-08-2025; Hora: 11:47:46
1 - Software; Archivo: medios.php; Acción: Lista las facturas en facturación; Fecha: 14-08-2025; Hora: 11:47:46
1 - Software; Archivo: medios.php; Acción: Lista las facturas en facturación; Fecha: 14-08-2025; Hora: 11:47:46
1 - Software; Archivo: pagos.php; Acción: Recoger los medios de pago; Fecha: 14-08-2025; Hora: 11:47:56
1 - Software; Archivo: tarifaAloja.php; Acción: Lista las tarifas de alojamiento; Fecha: 14-08-2025; Hora: 11:47:56
1 - Software; Archivo: tarifaAloja.php; Acción: Lista las tarifas de alojamiento; Fecha: 14-08-2025; Hora: 11:48:01
1 - Software; Archivo: tarifaAloja.php; Acción: Lista las tarifas de alojamiento; Fecha: 14-08-2025; Hora: 11:48:15
1 - Software; Archivo: tarifaAloja.php; Acción: Lista las tarifas de alojamiento; Fecha: 14-08-2025; Hora: 11:48:23
1 - Software; Archivo: tarifaAloja.php; Acción: Lista las tarifas de alojamiento; Fecha: 14-08-2025; Hora: 11:48:33
1 - Software; Archivo: medios.php; Acción: Lista las facturas en facturación; Fecha: 14-08-2025; Hora: 11:48:36
1 - Software; Archivo: medios.php; Acción: Lista las facturas en facturación; Fecha: 14-08-2025; Hora: 11:48:36
1 - Software; Archivo: medios.php; Acción: Lista las facturas en facturación; Fecha: 14-08-2025; Hora: 11:48:36
1 - Software; Archivo: medios.php; Acción: Lista las facturas en facturación; Fecha: 14-08-2025; Hora: 11:48:36
1 - Software; Archivo: medios.php; Acción: Lista las facturas en facturación; Fecha: 14-08-2025; Hora: 11:48:38
1 - Software; Archivo: medios.php; Acción: Lista las facturas en facturación; Fecha: 14-08-2025; Hora: 11:48:41
1 - Software; Archivo: medios.php; Acción: Lista las facturas en facturación; Fecha: 14-08-2025; Hora: 11:48:41
1 - Software; Archivo: medios.php; Acción: Lista las facturas en facturación; Fecha: 14-08-2025; Hora: 11:48:41
1 - Software; Archivo: medios.php; Acción: Lista las facturas en facturación; Fecha: 14-08-2025; Hora: 11:48:41
1 - Software; Archivo: medios.php; Acción: Lista las facturas en facturación; Fecha: 14-08-2025; Hora: 11:48:44
1 - Software; Archivo: pagos.php; Acción: Recoger los medios de pago; Fecha: 14-08-2025; Hora: 11:48:51
1 - Software; Archivo: tarifaAloja.php; Acción: Lista las tarifas de alojamiento; Fecha: 14-08-2025; Hora: 11:48:51
1 - Software; Archivo: tarifaAloja.php; Acción: Lista las tarifas de alojamiento; Fecha: 14-08-2025; Hora: 11:48:54
1 - Software; Archivo: tarifaAloja.php; Acción: Lista las tarifas de alojamiento; Fecha: 14-08-2025; Hora: 11:48:59
1 - Software; Archivo: tarifaAloja.php; Acción: Lista las tarifas de alojamiento; Fecha: 14-08-2025; Hora: 11:49:04
1 - Software; Archivo: medios.php; Acción: Lista las facturas en facturación; Fecha: 14-08-2025; Hora: 11:49:12
1 - Software; Archivo: medios.php; Acción: Lista las facturas en facturación; Fecha: 14-08-2025; Hora: 11:49:13
1 - Software; Archivo: medios.php; Acción: Lista las facturas en facturación; Fecha: 14-08-2025; Hora: 11:49:13
1 - Software; Archivo: medios.php; Acción: Lista las facturas en facturación; Fecha: 14-08-2025; Hora: 11:49:13
1 - Software; Archivo: medios.php; Acción: Lista las facturas en facturación; Fecha: 14-08-2025; Hora: 11:49:13
1 - Software; Archivo: medios.php; Acción: Lista las facturas en facturación; Fecha: 14-08-2025; Hora: 11:49:21
1 - Software; Archivo: medios.php; Acción: Lista las facturas en facturación; Fecha: 14-08-2025; Hora: 11:54:15
1 - Software; Archivo: medios.php; Acción: Lista las facturas en facturación; Fecha: 14-08-2025; Hora: 11:54:19
1 - Software; Archivo: medios.php; Acción: Lista las facturas en facturación; Fecha: 14-08-2025; Hora: 11:54:19
1 - Software; Archivo: medios.php; Acción: Lista las facturas en facturación; Fecha: 14-08-2025; Hora: 11:54:19
1 - Software; Archivo: medios.php; Acción: Lista las facturas en facturación; Fecha: 14-08-2025; Hora: 11:54:19
1 - Software; Archivo: medios.php; Acción: Lista las facturas en facturación; Fecha: 14-08-2025; Hora: 11:55:49
1 - Software; Archivo: medios.php; Acción: Lista las facturas en facturación; Fecha: 14-08-2025; Hora: 11:55:49
1 - Software; Archivo: medios.php; Acción: Lista las facturas en facturación; Fecha: 14-08-2025; Hora: 11:55:49
1 - Software; Archivo: medios.php; Acción: Lista las facturas en facturación; Fecha: 14-08-2025; Hora: 11:55:49
1 - Software; Archivo: medios.php; Acción: Lista las facturas en facturación; Fecha: 14-08-2025; Hora: 12:00:17
1 - Software; Archivo: medios.php; Acción: Lista las facturas en facturación; Fecha: 14-08-2025; Hora: 12:00:19
1 - Software; Archivo: medios.php; Acción: Lista las facturas en facturación; Fecha: 14-08-2025; Hora: 12:00:19
1 - Software; Archivo: medios.php; Acción: Lista las facturas en facturación; Fecha: 14-08-2025; Hora: 12:00:19
1 - Software; Archivo: medios.php; Acción: Lista las facturas en facturación; Fecha: 14-08-2025; Hora: 12:00:19
1 - Software; Archivo: medios.php; Acción: Lista las facturas en facturación; Fecha: 14-08-2025; Hora: 12:00:27
1 - Software; Archivo: medios.php; Acción: Lista las facturas en facturación; Fecha: 14-08-2025; Hora: 12:00:27
1 - Software; Archivo: medios.php; Acción: Lista las facturas en facturación; Fecha: 14-08-2025; Hora: 12:00:29
1 - Software; Archivo: medios.php; Acción: Lista las facturas en facturación; Fecha: 14-08-2025; Hora: 12:00:29
1 - Software; Archivo: medios.php; Acción: Lista las facturas en facturación; Fecha: 14-08-2025; Hora: 12:00:29
1 - Software; Archivo: medios.php; Acción: Lista las facturas en facturación; Fecha: 14-08-2025; Hora: 12:00:29
1 - Software; Archivo: medios.php; Acción: Lista las facturas en facturación; Fecha: 14-08-2025; Hora: 12:00:39
1 - Software; Archivo: medios.php; Acción: Lista las facturas en facturación; Fecha: 14-08-2025; Hora: 12:00:41
1 - Software; Archivo: medios.php; Acción: Lista las facturas en facturación; Fecha: 14-08-2025; Hora: 12:00:41
1 - Software; Archivo: medios.php; Acción: Lista las facturas en facturación; Fecha: 14-08-2025; Hora: 12:00:41
1 - Software; Archivo: medios.php; Acción: Lista las facturas en facturación; Fecha: 14-08-2025; Hora: 12:00:41
1 - Software; Archivo: pagos.php; Acción: Recoger los medios de pago; Fecha: 14-08-2025; Hora: 12:02:07
1 - Software; Archivo: tarifaAloja.php; Acción: Lista las tarifas de alojamiento; Fecha: 14-08-2025; Hora: 12:02:07
1 - Software; Archivo: tarifaAloja.php; Acción: Lista las tarifas de alojamiento; Fecha: 14-08-2025; Hora: 12:02:11
1 - Software; Archivo: tarifaAloja.php; Acción: Lista las tarifas de alojamiento; Fecha: 14-08-2025; Hora: 12:02:15
1 - Software; Archivo: tarifaAloja.php; Acción: Lista las tarifas de alojamiento; Fecha: 14-08-2025; Hora: 12:02:20
1 - Software; Archivo: medios.php; Acción: Lista las facturas en facturación; Fecha: 14-08-2025; Hora: 12:02:25
1 - Software; Archivo: medios.php; Acción: Lista las facturas en facturación; Fecha: 14-08-2025; Hora: 12:02:25
1 - Software; Archivo: medios.php; Acción: Lista las facturas en facturación; Fecha: 14-08-2025; Hora: 12:02:25
1 - Software; Archivo: medios.php; Acción: Lista las facturas en facturación; Fecha: 14-08-2025; Hora: 12:02:25
1 - Software; Archivo: medios.php; Acción: Lista las facturas en facturación; Fecha: 14-08-2025; Hora: 12:02:53
1 - Software; Archivo: medios.php; Acción: Lista las facturas en facturación; Fecha: 14-08-2025; Hora: 12:15:07
1 - Software; Archivo: medios.php; Acción: Lista las facturas en facturación; Fecha: 14-08-2025; Hora: 12:15:09
1 - Software; Archivo: medios.php; Acción: Lista las facturas en facturación; Fecha: 14-08-2025; Hora: 12:15:09
1 - Software; Archivo: medios.php; Acción: Lista las facturas en facturación; Fecha: 14-08-2025; Hora: 12:15:09
1 - Software; Archivo: medios.php; Acción: Lista las facturas en facturación; Fecha: 14-08-2025; Hora: 12:15:09
1 - Software; Archivo: medios.php; Acción: Lista las facturas en facturación; Fecha: 14-08-2025; Hora: 12:15:47
1 - Software; Archivo: pagos.php; Acción: Recoger los medios de pago; Fecha: 14-08-2025; Hora: 12:18:49
1 - Software; Archivo: tarifaAloja.php; Acción: Lista las tarifas de alojamiento; Fecha: 14-08-2025; Hora: 12:18:49
1 - Software; Archivo: tarifaAloja.php; Acción: Lista las tarifas de alojamiento; Fecha: 14-08-2025; Hora: 12:18:52
1 - Software; Archivo: tarifaAloja.php; Acción: Lista las tarifas de alojamiento; Fecha: 14-08-2025; Hora: 12:19:05
1 - Software; Archivo: tarifaAloja.php; Acción: Lista las tarifas de alojamiento; Fecha: 14-08-2025; Hora: 12:19:08
1 - Software; Archivo: tarifaAloja.php; Acción: Lista las tarifas de alojamiento; Fecha: 14-08-2025; Hora: 12:19:19
1 - Software; Archivo: tarifaAloja.php; Acción: Lista las tarifas de alojamiento; Fecha: 14-08-2025; Hora: 12:19:43
1 - Software; Archivo: tarifaAloja.php; Acción: Lista las tarifas de alojamiento; Fecha: 14-08-2025; Hora: 12:19:44
1 - Software; Archivo: tarifaAloja.php; Acción: Lista las tarifas de alojamiento; Fecha: 14-08-2025; Hora: 12:19:54
1 - Software; Archivo: tarifaAloja.php; Acción: Lista las tarifas de alojamiento; Fecha: 14-08-2025; Hora: 12:20:09
1 - Software; Archivo: tarifaAloja.php; Acción: Lista las tarifas de alojamiento; Fecha: 14-08-2025; Hora: 12:20:22
1 - Software; Archivo: tarifaAloja.php; Acción: Lista las tarifas de alojamiento; Fecha: 14-08-2025; Hora: 12:21:47
1 - Software; Archivo: tarifaAloja.php; Acción: Lista las tarifas de alojamiento; Fecha: 14-08-2025; Hora: 12:21:50
1 - Software; Archivo: tarifaAloja.php; Acción: Lista las tarifas de alojamiento; Fecha: 14-08-2025; Hora: 12:21:56
1 - Software; Archivo: tarifaAloja.php; Acción: Lista las tarifas de alojamiento; Fecha: 14-08-2025; Hora: 12:27:43
1 - Software; Archivo: tarifaAloja.php; Acción: Lista las tarifas de alojamiento; Fecha: 14-08-2025; Hora: 12:27:44
1 - Software; Archivo: tarifaAloja.php; Acción: Lista las tarifas de alojamiento; Fecha: 14-08-2025; Hora: 12:29:00
1 - Software; Archivo: tarifaAloja.php; Acción: Lista las tarifas de alojamiento; Fecha: 14-08-2025; Hora: 12:32:42
1 - Software; Archivo: tarifaAloja.php; Acción: Lista las tarifas de alojamiento; Fecha: 14-08-2025; Hora: 12:32:43
1 - Software; Archivo: tarifaAloja.php; Acción: Lista las tarifas de alojamiento; Fecha: 14-08-2025; Hora: 12:33:04
1 - Software; Archivo: tarifaAloja.php; Acción: Lista las tarifas de alojamiento; Fecha: 14-08-2025; Hora: 12:33:06
1 - Software; Archivo: tarifaAloja.php; Acción: Lista las tarifas de alojamiento; Fecha: 14-08-2025; Hora: 12:34:07
1 - Software; Archivo: tarifaAloja.php; Acción: Lista las tarifas de alojamiento; Fecha: 14-08-2025; Hora: 12:34:09
1 - Software; Archivo: tarifaAloja.php; Acción: Lista las tarifas de alojamiento; Fecha: 14-08-2025; Hora: 12:34:52
1 - Software; Archivo: pagos.php; Acción: Recoger los medios de pago; Fecha: 14-08-2025; Hora: 12:37:07
1 - Software; Archivo: tarifaAloja.php; Acción: Lista las tarifas de alojamiento; Fecha: 14-08-2025; Hora: 12:37:07
1 - Software; Archivo: pagos.php; Acción: Recoger los medios de pago; Fecha: 14-08-2025; Hora: 12:37:12
1 - Software; Archivo: tarifaAloja.php; Acción: Lista las tarifas de alojamiento; Fecha: 14-08-2025; Hora: 12:37:12
1 - Software; Archivo: tarifaAloja.php; Acción: Lista las tarifas de alojamiento; Fecha: 14-08-2025; Hora: 12:37:15
1 - Software; Archivo: tarifaAloja.php; Acción: Lista las tarifas de alojamiento; Fecha: 14-08-2025; Hora: 12:37:18
1 - Software; Archivo: tarifaAloja.php; Acción: Lista las tarifas de alojamiento; Fecha: 14-08-2025; Hora: 12:37:34
1 - Software; Archivo: tarifaAloja.php; Acción: Lista las tarifas de alojamiento; Fecha: 14-08-2025; Hora: 12:37:36
1 - Software; Archivo: tarifaAloja.php; Acción: Lista las tarifas de alojamiento; Fecha: 14-08-2025; Hora: 12:37:52
1 - Software; Archivo: tarifaAloja.php; Acción: Lista las tarifas de alojamiento; Fecha: 14-08-2025; Hora: 12:37:54
1 - Software; Archivo: tarifaAloja.php; Acción: Lista las tarifas de alojamiento; Fecha: 14-08-2025; Hora: 12:38:04
1 - Software; Archivo: tarifaAloja.php; Acción: Lista las tarifas de alojamiento; Fecha: 14-08-2025; Hora: 12:40:48
1 - Software; Archivo: tarifaAloja.php; Acción: Lista las tarifas de alojamiento; Fecha: 14-08-2025; Hora: 12:40:49
1 - Software; Archivo: tarifaAloja.php; Acción: Lista las tarifas de alojamiento; Fecha: 14-08-2025; Hora: 12:42:46
1 - Software; Archivo: tarifaAloja.php; Acción: Lista las tarifas de alojamiento; Fecha: 14-08-2025; Hora: 12:42:56
1 - Software; Archivo: tarifaAloja.php; Acción: Lista las tarifas de alojamiento; Fecha: 14-08-2025; Hora: 12:42:57
1 - Software; Archivo: tarifaAloja.php; Acción: Lista las tarifas de alojamiento; Fecha: 14-08-2025; Hora: 12:43:35
1 - Software; Archivo: tarifaAloja.php; Acción: Lista las tarifas de alojamiento; Fecha: 14-08-2025; Hora: 12:43:37
1 - Software; Archivo: tarifaAloja.php; Acción: Lista las tarifas de alojamiento; Fecha: 14-08-2025; Hora: 12:44:52
1 - Software; Archivo: tarifaAloja.php; Acción: Lista las tarifas de alojamiento; Fecha: 14-08-2025; Hora: 12:46:00
1 - Software; Archivo: tarifaAloja.php; Acción: Lista las tarifas de alojamiento; Fecha: 14-08-2025; Hora: 12:46:43
1 - Software; Archivo: tarifaAloja.php; Acción: Lista las tarifas de alojamiento; Fecha: 14-08-2025; Hora: 12:48:55
1 - Software; Archivo: tarifaAloja.php; Acción: Lista las tarifas de alojamiento; Fecha: 14-08-2025; Hora: 12:50:51
1 - Software; Archivo: tarifaAloja.php; Acción: Lista las tarifas de alojamiento; Fecha: 14-08-2025; Hora: 12:59:43
1 - Software; Archivo: tarifaAloja.php; Acción: Lista las tarifas de alojamiento; Fecha: 14-08-2025; Hora: 12:59:44
1 - Software; Archivo: tarifaAloja.php; Acción: Lista las tarifas de alojamiento; Fecha: 14-08-2025; Hora: 13:00:07
1 - Software; Archivo: tarifaAloja.php; Acción: Lista las tarifas de alojamiento; Fecha: 14-08-2025; Hora: 13:00:37
1 - Software; Archivo: tarifaAloja.php; Acción: Lista las tarifas de alojamiento; Fecha: 14-08-2025; Hora: 13:02:53
1 - Software; Archivo: tarifaAloja.php; Acción: Lista las tarifas de alojamiento; Fecha: 14-08-2025; Hora: 13:03:41
1 - Software; Archivo: tarifaAloja.php; Acción: Lista las tarifas de alojamiento; Fecha: 14-08-2025; Hora: 13:03:51
1 - Software; Archivo: pagos.php; Acción: Recoger los medios de pago; Fecha: 14-08-2025; Hora: 13:04:11
1 - Software; Archivo: tarifaAloja.php; Acción: Lista las tarifas de alojamiento; Fecha: 14-08-2025; Hora: 13:04:11
1 - Software; Archivo: tarifaAloja.php; Acción: Lista las tarifas de alojamiento; Fecha: 14-08-2025; Hora: 13:04:17
1 - Software; Archivo: tarifaAloja.php; Acción: Lista las tarifas de alojamiento; Fecha: 14-08-2025; Hora: 13:04:36
1 - Software; Archivo: tarifaAloja.php; Acción: Lista las tarifas de alojamiento; Fecha: 14-08-2025; Hora: 13:04:43
1 - Software; Archivo: tarifaAloja.php; Acción: Lista las tarifas de alojamiento; Fecha: 14-08-2025; Hora: 13:04:52
1 - Software; Archivo: tarifaAloja.php; Acción: Lista las tarifas de alojamiento; Fecha: 14-08-2025; Hora: 13:04:55
1 - Software; Archivo: tarifaAloja.php; Acción: Lista las tarifas de alojamiento; Fecha: 14-08-2025; Hora: 13:05:00
1 - Software; Archivo: tarifaAloja.php; Acción: Lista las tarifas de alojamiento; Fecha: 14-08-2025; Hora: 13:06:41
1 - Software; Archivo: pagos.php; Acción: Recoger los medios de pago; Fecha: 14-08-2025; Hora: 13:06:56
1 - Software; Archivo: tarifaAloja.php; Acción: Lista las tarifas de alojamiento; Fecha: 14-08-2025; Hora: 13:06:56
1 - Software; Archivo: tarifaAloja.php; Acción: Lista las tarifas de alojamiento; Fecha: 14-08-2025; Hora: 13:07:01
1 - Software; Archivo: tarifaAloja.php; Acción: Lista las tarifas de alojamiento; Fecha: 14-08-2025; Hora: 13:07:04
1 - Software; Archivo: tarifaAloja.php; Acción: Lista las tarifas de alojamiento; Fecha: 14-08-2025; Hora: 13:07:11
1 - Software; Archivo: tarifaAloja.php; Acción: Lista las tarifas de alojamiento; Fecha: 14-08-2025; Hora: 13:07:30
1 - Software; Archivo: tarifaAloja.php; Acción: Lista las tarifas de alojamiento; Fecha: 14-08-2025; Hora: 13:07:50
1 - Software; Archivo: tarifaAloja.php; Acción: Lista las tarifas de alojamiento; Fecha: 14-08-2025; Hora: 13:07:57
1 - Software; Archivo: tarifaAloja.php; Acción: Lista las tarifas de alojamiento; Fecha: 14-08-2025; Hora: 13:08:01
1 - Software; Archivo: pagos.php; Acción: Recoger los medios de pago; Fecha: 14-08-2025; Hora: 13:08:33
1 - Software; Archivo: tarifaAloja.php; Acción: Lista las tarifas de alojamiento; Fecha: 14-08-2025; Hora: 13:08:33
1 - Software; Archivo: tarifaAloja.php; Acción: Lista las tarifas de alojamiento; Fecha: 14-08-2025; Hora: 13:08:37
1 - Software; Archivo: tarifaAloja.php; Acción: Lista las tarifas de alojamiento; Fecha: 14-08-2025; Hora: 13:08:47
1 - Software; Archivo: tarifaAloja.php; Acción: Lista las tarifas de alojamiento; Fecha: 14-08-2025; Hora: 13:09:17
1 - Software; Archivo: tarifaAloja.php; Acción: Lista las tarifas de alojamiento; Fecha: 14-08-2025; Hora: 13:09:25
1 - Software; Archivo: tarifaAloja.php; Acción: Lista las tarifas de alojamiento; Fecha: 14-08-2025; Hora: 13:10:17
1 - Software; Archivo: tarifaAloja.php; Acción: Lista las tarifas de alojamiento; Fecha: 14-08-2025; Hora: 13:10:27
1 - Software; Archivo: tarifaAloja.php; Acción: Lista las tarifas de alojamiento; Fecha: 14-08-2025; Hora: 13:10:42
1 - Software; Archivo: tarifaAloja.php; Acción: Lista las tarifas de alojamiento; Fecha: 14-08-2025; Hora: 13:10:44
1 - Software; Archivo: tarifaAloja.php; Acción: Lista las tarifas de alojamiento; Fecha: 14-08-2025; Hora: 13:10:51
1 - Software; Archivo: pagos.php; Acción: Recoger los medios de pago; Fecha: 14-08-2025; Hora: 13:12:55
1 - Software; Archivo: tarifaAloja.php; Acción: Lista las tarifas de alojamiento; Fecha: 14-08-2025; Hora: 13:12:56
1 - Software; Archivo: tarifaAloja.php; Acción: Lista las tarifas de alojamiento; Fecha: 14-08-2025; Hora: 13:13:58
1 - Software; Archivo: tarifaAloja.php; Acción: Lista las tarifas de alojamiento; Fecha: 14-08-2025; Hora: 13:14:01
1 - Software; Archivo: tarifaAloja.php; Acción: Lista las tarifas de alojamiento; Fecha: 14-08-2025; Hora: 13:23:34
1 - Software; Archivo: pagos.php; Acción: Recoger los medios de pago; Fecha: 14-08-2025; Hora: 13:23:53
1 - Software; Archivo: tarifaAloja.php; Acción: Lista las tarifas de alojamiento; Fecha: 14-08-2025; Hora: 13:23:53
1 - Software; Archivo: tarifaAloja.php; Acción: Lista las tarifas de alojamiento; Fecha: 14-08-2025; Hora: 13:23:56
1 - Software; Archivo: pagos.php; Acción: Recoger los medios de pago; Fecha: 14-08-2025; Hora: 13:24:03
1 - Software; Archivo: tarifaAloja.php; Acción: Lista las tarifas de alojamiento; Fecha: 14-08-2025; Hora: 13:24:03
1 - Software; Archivo: tarifaAloja.php; Acción: Lista las tarifas de alojamiento; Fecha: 14-08-2025; Hora: 13:24:07
1 - Software; Archivo: tarifaAloja.php; Acción: Lista las tarifas de alojamiento; Fecha: 14-08-2025; Hora: 13:24:16
1 - Software; Archivo: tarifaAloja.php; Acción: Lista las tarifas de alojamiento; Fecha: 14-08-2025; Hora: 13:24:20
1 - Software; Archivo: tarifaAloja.php; Acción: Lista las tarifas de alojamiento; Fecha: 14-08-2025; Hora: 13:24:28
1 - Software; Archivo: tarifaAloja.php; Acción: Lista las tarifas de alojamiento; Fecha: 14-08-2025; Hora: 13:24:37
1 - Software; Archivo: tarifaAloja.php; Acción: Lista las tarifas de alojamiento; Fecha: 14-08-2025; Hora: 13:24:40
1 - Software; Archivo: tarifaAloja.php; Acción: Lista las tarifas de alojamiento; Fecha: 14-08-2025; Hora: 13:24:44
1 - Software; Archivo: pagos.php; Acción: Recoger los medios de pago; Fecha: 14-08-2025; Hora: 13:25:23
1 - Software; Archivo: tarifaAloja.php; Acción: Lista las tarifas de alojamiento; Fecha: 14-08-2025; Hora: 13:25:23
1 - Software; Archivo: tarifaAloja.php; Acción: Lista las tarifas de alojamiento; Fecha: 14-08-2025; Hora: 13:25:26
1 - Software; Archivo: tarifaAloja.php; Acción: Lista las tarifas de alojamiento; Fecha: 14-08-2025; Hora: 13:25:29
1 - Software; Archivo: tarifaAloja.php; Acción: Lista las tarifas de alojamiento; Fecha: 14-08-2025; Hora: 13:26:18
1 - Software; Archivo: tarifaAloja.php; Acción: Lista las tarifas de alojamiento; Fecha: 14-08-2025; Hora: 13:26:19
1 - Software; Archivo: tarifaAloja.php; Acción: Lista las tarifas de alojamiento; Fecha: 14-08-2025; Hora: 13:29:29
1 - Software; Archivo: tarifaAloja.php; Acción: Lista las tarifas de alojamiento; Fecha: 14-08-2025; Hora: 13:29:31
1 - Software; Archivo: tarifaAloja.php; Acción: Lista las tarifas de alojamiento; Fecha: 14-08-2025; Hora: 13:54:17
1 - Software; Archivo: tarifaAloja.php; Acción: Lista las tarifas de alojamiento; Fecha: 14-08-2025; Hora: 13:55:11
1 - Software; Archivo: tarifaAloja.php; Acción: Lista las tarifas de alojamiento; Fecha: 14-08-2025; Hora: 13:55:12
1 - Software; Archivo: tarifaAloja.php; Acción: Lista las tarifas de alojamiento; Fecha: 14-08-2025; Hora: 13:56:05
1 - Software; Archivo: tarifaAloja.php; Acción: Lista las tarifas de alojamiento; Fecha: 14-08-2025; Hora: 13:56:07
1 - Software; Archivo: tarifaAloja.php; Acción: Lista las tarifas de alojamiento; Fecha: 14-08-2025; Hora: 13:58:30
1 - Software; Archivo: tarifaAloja.php; Acción: Lista las tarifas de alojamiento; Fecha: 14-08-2025; Hora: 13:58:31
1 - Software; Archivo: tarifaAloja.php; Acción: Lista las tarifas de alojamiento; Fecha: 14-08-2025; Hora: 14:01:46
1 - Software; Archivo: tarifaAloja.php; Acción: Lista las tarifas de alojamiento; Fecha: 14-08-2025; Hora: 14:01:47
1 - Software; Archivo: tarifaAloja.php; Acción: Lista las tarifas de alojamiento; Fecha: 14-08-2025; Hora: 14:02:26
1 - Software; Archivo: tarifaAloja.php; Acción: Lista las tarifas de alojamiento; Fecha: 14-08-2025; Hora: 14:02:28
1 - Software; Archivo: tarifaAloja.php; Acción: Lista las tarifas de alojamiento; Fecha: 14-08-2025; Hora: 14:03:19
1 - Software; Archivo: tarifaAloja.php; Acción: Lista las tarifas de alojamiento; Fecha: 14-08-2025; Hora: 14:03:21
1 - Software; Archivo: tarifaAloja.php; Acción: Lista las tarifas de alojamiento; Fecha: 14-08-2025; Hora: 14:05:42
1 - Software; Archivo: tarifaAloja.php; Acción: Lista las tarifas de alojamiento; Fecha: 14-08-2025; Hora: 14:05:43
1 - Software; Archivo: tarifaAloja.php; Acción: Lista las tarifas de alojamiento; Fecha: 14-08-2025; Hora: 14:06:54
1 - Software; Archivo: tarifaAloja.php; Acción: Lista las tarifas de alojamiento; Fecha: 14-08-2025; Hora: 14:12:29
1 - Software; Archivo: tarifaAloja.php; Acción: Lista las tarifas de alojamiento; Fecha: 14-08-2025; Hora: 14:12:31
1 - Software; Archivo: tarifaAloja.php; Acción: Lista las tarifas de alojamiento; Fecha: 14-08-2025; Hora: 14:17:50
1 - Software; Archivo: pagos.php; Acción: Recoger los medios de pago; Fecha: 14-08-2025; Hora: 14:19:57
1 - Software; Archivo: tarifaAloja.php; Acción: Lista las tarifas de alojamiento; Fecha: 14-08-2025; Hora: 14:19:57
1 - Software; Archivo: tarifaAloja.php; Acción: Lista las tarifas de alojamiento; Fecha: 14-08-2025; Hora: 14:20:00
1 - Software; Archivo: tarifaAloja.php; Acción: Lista las tarifas de alojamiento; Fecha: 14-08-2025; Hora: 14:20:03
1 - Software; Archivo: pagos.php; Acción: Recoger los medios de pago; Fecha: 14-08-2025; Hora: 14:20:36
1 - Software; Archivo: tarifaAloja.php; Acción: Lista las tarifas de alojamiento; Fecha: 14-08-2025; Hora: 14:20:36
1 - Software; Archivo: tarifaAloja.php; Acción: Lista las tarifas de alojamiento; Fecha: 14-08-2025; Hora: 14:20:39
1 - Software; Archivo: tarifaAloja.php; Acción: Lista las tarifas de alojamiento; Fecha: 14-08-2025; Hora: 14:20:41
1 - Software; Archivo: pagos.php; Acción: Recoger los medios de pago; Fecha: 14-08-2025; Hora: 14:23:24
1 - Software; Archivo: tarifaAloja.php; Acción: Lista las tarifas de alojamiento; Fecha: 14-08-2025; Hora: 14:23:24
1 - Software; Archivo: tarifaAloja.php; Acción: Lista las tarifas de alojamiento; Fecha: 14-08-2025; Hora: 14:23:29
1 - Software; Archivo: tarifaAloja.php; Acción: Lista las tarifas de alojamiento; Fecha: 14-08-2025; Hora: 14:23:38
1 - Software; Archivo: tarifaAloja.php; Acción: Lista las tarifas de alojamiento; Fecha: 14-08-2025; Hora: 14:23:54
1 - Software; Archivo: tarifaAloja.php; Acción: Lista las tarifas de alojamiento; Fecha: 14-08-2025; Hora: 14:24:04
1 - Software; Archivo: tarifaAloja.php; Acción: Lista las tarifas de alojamiento; Fecha: 14-08-2025; Hora: 14:24:54
1 - Software; Archivo: tarifaAloja.php; Acción: Lista las tarifas de alojamiento; Fecha: 14-08-2025; Hora: 14:24:56
1 - Software; Archivo: tarifaAloja.php; Acción: Lista las tarifas de alojamiento; Fecha: 14-08-2025; Hora: 14:25:01
1 - Software; Archivo: tarifaAloja.php; Acción: Lista las tarifas de alojamiento; Fecha: 14-08-2025; Hora: 14:29:09
1 - Software; Archivo: tarifaAloja.php; Acción: Lista las tarifas de alojamiento; Fecha: 14-08-2025; Hora: 14:29:20
1 - Software; Archivo: tarifaAloja.php; Acción: Lista las tarifas de alojamiento; Fecha: 14-08-2025; Hora: 14:32:13
1 - Software; Archivo: tarifaAloja.php; Acción: Lista las tarifas de alojamiento; Fecha: 14-08-2025; Hora: 14:32:14
1 - Software; Archivo: tarifaAloja.php; Acción: Lista las tarifas de alojamiento; Fecha: 14-08-2025; Hora: 14:33:38
1 - Software; Archivo: tarifaAloja.php; Acción: Lista las tarifas de alojamiento; Fecha: 14-08-2025; Hora: 14:33:43
1 - Software; Archivo: tarifaAloja.php; Acción: Lista las tarifas de alojamiento; Fecha: 14-08-2025; Hora: 14:38:31
1 - Software; Archivo: tarifaAloja.php; Acción: Lista las tarifas de alojamiento; Fecha: 14-08-2025; Hora: 14:39:30
1 - Software; Archivo: tarifaAloja.php; Acción: Lista las tarifas de alojamiento; Fecha: 14-08-2025; Hora: 14:41:51
1 - Software; Archivo: tarifaAloja.php; Acción: Lista las tarifas de alojamiento; Fecha: 14-08-2025; Hora: 14:41:53
1 - Software; Archivo: tarifaAloja.php; Acción: Lista las tarifas de alojamiento; Fecha: 14-08-2025; Hora: 14:44:18
1 - Software; Archivo: tarifaAloja.php; Acción: Lista las tarifas de alojamiento; Fecha: 14-08-2025; Hora: 14:44:20
1 - Software; Archivo: pagos.php; Acción: Recoger los medios de pago; Fecha: 14-08-2025; Hora: 14:46:49
1 - Software; Archivo: tarifaAloja.php; Acción: Lista las tarifas de alojamiento; Fecha: 14-08-2025; Hora: 14:46:50
1 - Software; Archivo: pagos.php; Acción: Recoger los medios de pago; Fecha: 14-08-2025; Hora: 14:47:04
1 - Software; Archivo: tarifaAloja.php; Acción: Lista las tarifas de alojamiento; Fecha: 14-08-2025; Hora: 14:47:04
1 - Software; Archivo: tarifaAloja.php; Acción: Lista las tarifas de alojamiento; Fecha: 14-08-2025; Hora: 14:47:09
1 - Software; Archivo: tarifaAloja.php; Acción: Lista las tarifas de alojamiento; Fecha: 14-08-2025; Hora: 14:47:20
1 - Software; Archivo: tarifaAloja.php; Acción: Lista las tarifas de alojamiento; Fecha: 14-08-2025; Hora: 14:47:30
1 - Software; Archivo: tarifaAloja.php; Acción: Lista las tarifas de alojamiento; Fecha: 14-08-2025; Hora: 14:47:40
1 - Software; Archivo: tarifaAloja.php; Acción: Lista las tarifas de alojamiento; Fecha: 14-08-2025; Hora: 14:47:53
1 - Software; Archivo: tarifaAloja.php; Acción: Lista las tarifas de alojamiento; Fecha: 14-08-2025; Hora: 14:48:14
1 - Software; Archivo: tarifaAloja.php; Acción: Lista las tarifas de alojamiento; Fecha: 14-08-2025; Hora: 14:48:23
1 - Software; Archivo: tarifaAloja.php; Acción: Lista las tarifas de alojamiento; Fecha: 14-08-2025; Hora: 14:49:20
1 - Software; Archivo: tarifaAloja.php; Acción: Lista las tarifas de alojamiento; Fecha: 14-08-2025; Hora: 14:49:22
1 - Software; Archivo: pagos.php; Acción: Recoger los medios de pago; Fecha: 14-08-2025; Hora: 14:49:36
1 - Software; Archivo: tarifaAloja.php; Acción: Lista las tarifas de alojamiento; Fecha: 14-08-2025; Hora: 14:49:36
1 - Software; Archivo: pagos.php; Acción: Recoger los medios de pago; Fecha: 14-08-2025; Hora: 14:49:56
1 - Software; Archivo: tarifaAloja.php; Acción: Lista las tarifas de alojamiento; Fecha: 14-08-2025; Hora: 14:49:56
1 - Software; Archivo: tarifaAloja.php; Acción: Lista las tarifas de alojamiento; Fecha: 14-08-2025; Hora: 14:50:01
1 - Software; Archivo: medios.php; Acción: Lista las facturas en facturación; Fecha: 14-08-2025; Hora: 14:51:59
1 - Software; Archivo: medios.php; Acción: Lista las facturas en facturación; Fecha: 14-08-2025; Hora: 14:51:59
1 - Software; Archivo: medios.php; Acción: Lista las facturas en facturación; Fecha: 14-08-2025; Hora: 14:51:59
1 - Software; Archivo: medios.php; Acción: Lista las facturas en facturación; Fecha: 14-08-2025; Hora: 14:51:59
1 - Software; Archivo: medios.php; Acción: Lista las facturas en facturación; Fecha: 14-08-2025; Hora: 14:52:45
1 - Software; Archivo: medios.php; Acción: Lista las facturas en facturación; Fecha: 14-08-2025; Hora: 14:52:45
1 - Software; Archivo: medios.php; Acción: Lista las facturas en facturación; Fecha: 14-08-2025; Hora: 14:52:46
1 - Software; Archivo: medios.php; Acción: Lista las facturas en facturación; Fecha: 14-08-2025; Hora: 14:52:46
1 - Software; Archivo: pagos.php; Acción: Recoger los medios de pago; Fecha: 14-08-2025; Hora: 14:52:59
1 - Software; Archivo: tarifaAloja.php; Acción: Lista las tarifas de alojamiento; Fecha: 14-08-2025; Hora: 14:52:59
1 - Software; Archivo: tarifaAloja.php; Acción: Lista las tarifas de alojamiento; Fecha: 14-08-2025; Hora: 14:53:02
1 - Software; Archivo: tarifaAloja.php; Acción: Lista las tarifas de alojamiento; Fecha: 14-08-2025; Hora: 14:53:18
1 - Software; Archivo: tarifaAloja.php; Acción: Lista las tarifas de alojamiento; Fecha: 14-08-2025; Hora: 14:53:20
1 - Software; Archivo: medios.php; Acción: Lista las facturas en facturación; Fecha: 14-08-2025; Hora: 15:01:00
1 - Software; Archivo: medios.php; Acción: Lista las facturas en facturación; Fecha: 14-08-2025; Hora: 15:01:02
1 - Software; Archivo: medios.php; Acción: Lista las facturas en facturación; Fecha: 14-08-2025; Hora: 15:01:02
1 - Software; Archivo: medios.php; Acción: Lista las facturas en facturación; Fecha: 14-08-2025; Hora: 15:01:02
1 - Software; Archivo: medios.php; Acción: Lista las facturas en facturación; Fecha: 14-08-2025; Hora: 15:01:02
