ID: 1 - Nombre: Software - IP: 192.168.31.3; Archivo: usuario.php; Acción: Se hace login; Fecha: 13-08-2025; Hora: 09:09:21
1 - Software; Archivo: pagos.php; Acción: Recoger los medios de pago; Fecha: 13-08-2025; Hora: 09:09:29
1 - Software; Archivo: tarifaAloja.php; Acción: Lista las tarifas de alojamiento; Fecha: 13-08-2025; Hora: 09:09:29
1 - Software; Archivo: tarifaAloja.php; Acción: Lista las tarifas de alojamiento; Fecha: 13-08-2025; Hora: 09:09:36
1 - Software; Archivo: tarifaAloja.php; Acción: Lista las tarifas de alojamiento; Fecha: 13-08-2025; Hora: 09:09:41
1 - Software; Archivo: tarifaAloja.php; Acción: Lista las tarifas de alojamiento; Fecha: 13-08-2025; Hora: 09:10:07
1 - Software; Archivo: tarifaAloja.php; Acción: Lista las tarifas de alojamiento; Fecha: 13-08-2025; Hora: 09:10:14
1 - Software; Archivo: tarifaAloja.php; Acción: Lista las tarifas de alojamiento; Fecha: 13-08-2025; Hora: 09:10:24
1 - Software; Archivo: tarifaAloja.php; Acción: Lista las tarifas de alojamiento; Fecha: 13-08-2025; Hora: 09:12:06
1 - Software; Archivo: tarifaAloja.php; Acción: Lista las tarifas de alojamiento; Fecha: 13-08-2025; Hora: 09:13:10
1 - Software; Archivo: medios.php; Acción: Lista las facturas en facturación; Fecha: 13-08-2025; Hora: 09:15:21
1 - Software; Archivo: medios.php; Acción: Lista las facturas en facturación; Fecha: 13-08-2025; Hora: 09:15:21
1 - Software; Archivo: medios.php; Acción: Lista las facturas en facturación; Fecha: 13-08-2025; Hora: 09:15:21
1 - Software; Archivo: medios.php; Acción: Lista las facturas en facturación; Fecha: 13-08-2025; Hora: 09:15:21
1 - Software; Archivo: pagos.php; Acción: Recoger los medios de pago; Fecha: 13-08-2025; Hora: 09:24:51
1 - Software; Archivo: tarifaAloja.php; Acción: Lista las tarifas de alojamiento; Fecha: 13-08-2025; Hora: 09:24:51
1 - Software; Archivo: medios.php; Acción: Lista las facturas en facturación; Fecha: 13-08-2025; Hora: 09:25:02
1 - Software; Archivo: medios.php; Acción: Lista las facturas en facturación; Fecha: 13-08-2025; Hora: 09:25:02
1 - Software; Archivo: medios.php; Acción: Lista las facturas en facturación; Fecha: 13-08-2025; Hora: 09:25:02
1 - Software; Archivo: medios.php; Acción: Lista las facturas en facturación; Fecha: 13-08-2025; Hora: 09:25:02
1 - Software; Archivo: pagos.php; Acción: Recoger los medios de pago; Fecha: 13-08-2025; Hora: 09:25:07
1 - Software; Archivo: tarifaAloja.php; Acción: Lista las tarifas de alojamiento; Fecha: 13-08-2025; Hora: 09:25:07
1 - Software; Archivo: tarifaAloja.php; Acción: Lista las tarifas de alojamiento; Fecha: 13-08-2025; Hora: 09:25:16
1 - Software; Archivo: tarifaAloja.php; Acción: Lista las tarifas de alojamiento; Fecha: 13-08-2025; Hora: 09:25:23
1 - Software; Archivo: tarifaAloja.php; Acción: Lista las tarifas de alojamiento; Fecha: 13-08-2025; Hora: 09:25:27
1 - Software; Archivo: tarifaAloja.php; Acción: Lista las tarifas de alojamiento; Fecha: 13-08-2025; Hora: 09:29:16
1 - Software; Archivo: tarifaAloja.php; Acción: Lista las tarifas de alojamiento; Fecha: 13-08-2025; Hora: 09:32:20
1 - Software; Archivo: medios.php; Acción: Lista las facturas en facturación; Fecha: 13-08-2025; Hora: 09:32:46
1 - Software; Archivo: medios.php; Acción: Lista las facturas en facturación; Fecha: 13-08-2025; Hora: 09:32:46
1 - Software; Archivo: medios.php; Acción: Lista las facturas en facturación; Fecha: 13-08-2025; Hora: 09:32:46
1 - Software; Archivo: medios.php; Acción: Lista las facturas en facturación; Fecha: 13-08-2025; Hora: 09:32:46
1 - Software; Archivo: pagos.php; Acción: Recoger los medios de pago; Fecha: 13-08-2025; Hora: 09:33:30
1 - Software; Archivo: tarifaAloja.php; Acción: Lista las tarifas de alojamiento; Fecha: 13-08-2025; Hora: 09:33:30
1 - Software; Archivo: tarifaAloja.php; Acción: Lista las tarifas de alojamiento; Fecha: 13-08-2025; Hora: 09:33:33
1 - Software; Archivo: tarifaAloja.php; Acción: Lista las tarifas de alojamiento; Fecha: 13-08-2025; Hora: 09:45:50
1 - Software; Archivo: tarifaAloja.php; Acción: Lista las tarifas de alojamiento; Fecha: 13-08-2025; Hora: 09:46:00
1 - Software; Archivo: tarifaAloja.php; Acción: Lista las tarifas de alojamiento; Fecha: 13-08-2025; Hora: 09:46:02
1 - Software; Archivo: tarifaAloja.php; Acción: Lista las tarifas de alojamiento; Fecha: 13-08-2025; Hora: 09:46:20
1 - Software; Archivo: tarifaAloja.php; Acción: Lista las tarifas de alojamiento; Fecha: 13-08-2025; Hora: 09:48:24
1 - Software; Archivo: tarifaAloja.php; Acción: Lista las tarifas de alojamiento; Fecha: 13-08-2025; Hora: 09:48:37
1 - Software; Archivo: tarifaAloja.php; Acción: Lista las tarifas de alojamiento; Fecha: 13-08-2025; Hora: 09:48:39
1 - Software; Archivo: tarifaAloja.php; Acción: Lista las tarifas de alojamiento; Fecha: 13-08-2025; Hora: 09:49:02
1 - Software; Archivo: tarifaAloja.php; Acción: Lista las tarifas de alojamiento; Fecha: 13-08-2025; Hora: 09:52:39
1 - Software; Archivo: tarifaAloja.php; Acción: Lista las tarifas de alojamiento; Fecha: 13-08-2025; Hora: 09:52:56
1 - Software; Archivo: tarifaAloja.php; Acción: Lista las tarifas de alojamiento; Fecha: 13-08-2025; Hora: 09:53:06
1 - Software; Archivo: tarifaAloja.php; Acción: Lista las tarifas de alojamiento; Fecha: 13-08-2025; Hora: 09:53:30
1 - Software; Archivo: tarifaAloja.php; Acción: Lista las tarifas de alojamiento; Fecha: 13-08-2025; Hora: 09:54:23
1 - Software; Archivo: tarifaAloja.php; Acción: Lista las tarifas de alojamiento; Fecha: 13-08-2025; Hora: 09:54:44
1 - Software; Archivo: tarifaAloja.php; Acción: Lista las tarifas de alojamiento; Fecha: 13-08-2025; Hora: 09:54:45
1 - Software; Archivo: tarifaAloja.php; Acción: Lista las tarifas de alojamiento; Fecha: 13-08-2025; Hora: 09:54:56
1 - Software; Archivo: tarifaAloja.php; Acción: Lista las tarifas de alojamiento; Fecha: 13-08-2025; Hora: 09:55:06
1 - Software; Archivo: tarifaAloja.php; Acción: Lista las tarifas de alojamiento; Fecha: 13-08-2025; Hora: 09:55:19
1 - Software; Archivo: tarifaAloja.php; Acción: Lista las tarifas de alojamiento; Fecha: 13-08-2025; Hora: 09:56:27
1 - Software; Archivo: tarifaAloja.php; Acción: Lista las tarifas de alojamiento; Fecha: 13-08-2025; Hora: 09:56:28
1 - Software; Archivo: tarifaAloja.php; Acción: Lista las tarifas de alojamiento; Fecha: 13-08-2025; Hora: 09:56:59
1 - Software; Archivo: tarifaAloja.php; Acción: Lista las tarifas de alojamiento; Fecha: 13-08-2025; Hora: 09:57:05
1 - Software; Archivo: tarifaAloja.php; Acción: Lista las tarifas de alojamiento; Fecha: 13-08-2025; Hora: 09:58:26
1 - Software; Archivo: tarifaAloja.php; Acción: Lista las tarifas de alojamiento; Fecha: 13-08-2025; Hora: 09:58:53
1 - Software; Archivo: tarifaAloja.php; Acción: Lista las tarifas de alojamiento; Fecha: 13-08-2025; Hora: 09:58:54
1 - Software; Archivo: tarifaAloja.php; Acción: Lista las tarifas de alojamiento; Fecha: 13-08-2025; Hora: 09:59:06
1 - Software; Archivo: medios.php; Acción: Lista las facturas en facturación; Fecha: 13-08-2025; Hora: 09:59:16
1 - Software; Archivo: medios.php; Acción: Lista las facturas en facturación; Fecha: 13-08-2025; Hora: 09:59:16
1 - Software; Archivo: medios.php; Acción: Lista las facturas en facturación; Fecha: 13-08-2025; Hora: 09:59:16
1 - Software; Archivo: medios.php; Acción: Lista las facturas en facturación; Fecha: 13-08-2025; Hora: 09:59:16
1 - Software; Archivo: medios.php; Acción: Lista las facturas en facturación; Fecha: 13-08-2025; Hora: 10:08:51
1 - Software; Archivo: medios.php; Acción: Lista las facturas en facturación; Fecha: 13-08-2025; Hora: 10:08:51
1 - Software; Archivo: medios.php; Acción: Lista las facturas en facturación; Fecha: 13-08-2025; Hora: 10:08:51
1 - Software; Archivo: medios.php; Acción: Lista las facturas en facturación; Fecha: 13-08-2025; Hora: 10:08:51
1 - Software; Archivo: medios.php; Acción: Lista las facturas en facturación; Fecha: 13-08-2025; Hora: 10:11:33
1 - Software; Archivo: medios.php; Acción: Lista las facturas en facturación; Fecha: 13-08-2025; Hora: 10:11:33
1 - Software; Archivo: medios.php; Acción: Lista las facturas en facturación; Fecha: 13-08-2025; Hora: 10:11:33
1 - Software; Archivo: medios.php; Acción: Lista las facturas en facturación; Fecha: 13-08-2025; Hora: 10:11:33
1 - Software; Archivo: medios.php; Acción: Lista las facturas en facturación; Fecha: 13-08-2025; Hora: 10:11:50
1 - Software; Archivo: medios.php; Acción: Lista las facturas en facturación; Fecha: 13-08-2025; Hora: 10:11:50
1 - Software; Archivo: medios.php; Acción: Lista las facturas en facturación; Fecha: 13-08-2025; Hora: 10:11:50
1 - Software; Archivo: medios.php; Acción: Lista las facturas en facturación; Fecha: 13-08-2025; Hora: 10:11:50
1 - Software; Archivo: medios.php; Acción: Lista las facturas en facturación; Fecha: 13-08-2025; Hora: 10:12:04
1 - Software; Archivo: medios.php; Acción: Lista las facturas en facturación; Fecha: 13-08-2025; Hora: 10:12:04
1 - Software; Archivo: medios.php; Acción: Lista las facturas en facturación; Fecha: 13-08-2025; Hora: 10:12:04
1 - Software; Archivo: medios.php; Acción: Lista las facturas en facturación; Fecha: 13-08-2025; Hora: 10:12:04
1 - Software; Archivo: pagos.php; Acción: Recoger los medios de pago; Fecha: 13-08-2025; Hora: 10:12:13
1 - Software; Archivo: tarifaAloja.php; Acción: Lista las tarifas de alojamiento; Fecha: 13-08-2025; Hora: 10:12:13
1 - Software; Archivo: tarifaAloja.php; Acción: Lista las tarifas de alojamiento; Fecha: 13-08-2025; Hora: 10:12:19
1 - Software; Archivo: tarifaAloja.php; Acción: Lista las tarifas de alojamiento; Fecha: 13-08-2025; Hora: 10:12:32
1 - Software; Archivo: tarifaAloja.php; Acción: Lista las tarifas de alojamiento; Fecha: 13-08-2025; Hora: 10:12:36
1 - Software; Archivo: tarifaAloja.php; Acción: Lista las tarifas de alojamiento; Fecha: 13-08-2025; Hora: 10:12:39
1 - Software; Archivo: tarifaAloja.php; Acción: Lista las tarifas de alojamiento; Fecha: 13-08-2025; Hora: 10:16:34
1 - Software; Archivo: tarifaAloja.php; Acción: Lista las tarifas de alojamiento; Fecha: 13-08-2025; Hora: 10:16:51
1 - Software; Archivo: tarifaAloja.php; Acción: Lista las tarifas de alojamiento; Fecha: 13-08-2025; Hora: 10:17:06
1 - Software; Archivo: tarifaAloja.php; Acción: Lista las tarifas de alojamiento; Fecha: 13-08-2025; Hora: 10:17:28
1 - Software; Archivo: tarifaAloja.php; Acción: Lista las tarifas de alojamiento; Fecha: 13-08-2025; Hora: 10:21:20
1 - Software; Archivo: tarifaAloja.php; Acción: Lista las tarifas de alojamiento; Fecha: 13-08-2025; Hora: 10:21:40
1 - Software; Archivo: tarifaAloja.php; Acción: Lista las tarifas de alojamiento; Fecha: 13-08-2025; Hora: 10:22:48
1 - Software; Archivo: tarifaAloja.php; Acción: Lista las tarifas de alojamiento; Fecha: 13-08-2025; Hora: 10:22:55
1 - Software; Archivo: tarifaAloja.php; Acción: Lista las tarifas de alojamiento; Fecha: 13-08-2025; Hora: 10:23:07
1 - Software; Archivo: tarifaAloja.php; Acción: Lista las tarifas de alojamiento; Fecha: 13-08-2025; Hora: 10:23:12
1 - Software; Archivo: tarifaAloja.php; Acción: Lista las tarifas de alojamiento; Fecha: 13-08-2025; Hora: 10:23:21
1 - Software; Archivo: tarifaAloja.php; Acción: Lista las tarifas de alojamiento; Fecha: 13-08-2025; Hora: 10:23:32
1 - Software; Archivo: tarifaAloja.php; Acción: Lista las tarifas de alojamiento; Fecha: 13-08-2025; Hora: 10:27:48
1 - Software; Archivo: tarifaAloja.php; Acción: Lista las tarifas de alojamiento; Fecha: 13-08-2025; Hora: 10:27:49
1 - Software; Archivo: tarifaAloja.php; Acción: Lista las tarifas de alojamiento; Fecha: 13-08-2025; Hora: 10:27:51
1 - Software; Archivo: tarifaAloja.php; Acción: Lista las tarifas de alojamiento; Fecha: 13-08-2025; Hora: 10:27:59
1 - Software; Archivo: tarifaAloja.php; Acción: Lista las tarifas de alojamiento; Fecha: 13-08-2025; Hora: 10:29:05
1 - Software; Archivo: tarifaAloja.php; Acción: Lista las tarifas de alojamiento; Fecha: 13-08-2025; Hora: 10:29:49
1 - Software; Archivo: tarifaAloja.php; Acción: Lista las tarifas de alojamiento; Fecha: 13-08-2025; Hora: 10:29:56
1 - Software; Archivo: tarifaAloja.php; Acción: Lista las tarifas de alojamiento; Fecha: 13-08-2025; Hora: 10:30:19
1 - Software; Archivo: tarifaAloja.php; Acción: Lista las tarifas de alojamiento; Fecha: 13-08-2025; Hora: 10:30:59
1 - Software; Archivo: pagos.php; Acción: Recoger los medios de pago; Fecha: 13-08-2025; Hora: 10:45:39
1 - Software; Archivo: tarifaAloja.php; Acción: Lista las tarifas de alojamiento; Fecha: 13-08-2025; Hora: 10:45:39
1 - Software; Archivo: tarifaAloja.php; Acción: Lista las tarifas de alojamiento; Fecha: 13-08-2025; Hora: 10:46:26
1 - Software; Archivo: tarifaAloja.php; Acción: Lista las tarifas de alojamiento; Fecha: 13-08-2025; Hora: 10:46:46
1 - Software; Archivo: tarifaAloja.php; Acción: Lista las tarifas de alojamiento; Fecha: 13-08-2025; Hora: 10:52:34
1 - Software; Archivo: tarifaAloja.php; Acción: Lista las tarifas de alojamiento; Fecha: 13-08-2025; Hora: 10:52:51
1 - Software; Archivo: tarifaAloja.php; Acción: Lista las tarifas de alojamiento; Fecha: 13-08-2025; Hora: 10:54:09
1 - Software; Archivo: tarifaAloja.php; Acción: Lista las tarifas de alojamiento; Fecha: 13-08-2025; Hora: 10:55:37
1 - Software; Archivo: tarifaAloja.php; Acción: Lista las tarifas de alojamiento; Fecha: 13-08-2025; Hora: 10:55:43
1 - Software; Archivo: tarifaAloja.php; Acción: Lista las tarifas de alojamiento; Fecha: 13-08-2025; Hora: 10:55:54
1 - Software; Archivo: tarifaAloja.php; Acción: Lista las tarifas de alojamiento; Fecha: 13-08-2025; Hora: 10:56:24
1 - Software; Archivo: tarifaAloja.php; Acción: Lista las tarifas de alojamiento; Fecha: 13-08-2025; Hora: 10:56:30
1 - Software; Archivo: tarifaAloja.php; Acción: Lista las tarifas de alojamiento; Fecha: 13-08-2025; Hora: 10:56:34
 - Software; Archivo: asistencia.php; Acción: Lista las asistencias; Fecha: 13-08-2025; Hora: 10:58:01
1 - Software; Archivo: medios.php; Acción: Lista las facturas en facturación; Fecha: 13-08-2025; Hora: 10:58:02
1 - Software; Archivo: medios.php; Acción: Lista las facturas en facturación; Fecha: 13-08-2025; Hora: 10:58:02
1 - Software; Archivo: medios.php; Acción: Lista las facturas en facturación; Fecha: 13-08-2025; Hora: 10:58:02
1 - Software; Archivo: medios.php; Acción: Lista las facturas en facturación; Fecha: 13-08-2025; Hora: 10:58:02
1 - Software; Archivo: pagos.php; Acción: Recoger los medios de pago; Fecha: 13-08-2025; Hora: 10:58:56
1 - Software; Archivo: tarifaAloja.php; Acción: Lista las tarifas de alojamiento; Fecha: 13-08-2025; Hora: 10:58:56
1 - Software; Archivo: pagos.php; Acción: Recoger los medios de pago; Fecha: 13-08-2025; Hora: 10:59:05
1 - Software; Archivo: tarifaAloja.php; Acción: Lista las tarifas de alojamiento; Fecha: 13-08-2025; Hora: 10:59:05
1 - Software; Archivo: pagos.php; Acción: Recoger los medios de pago; Fecha: 13-08-2025; Hora: 10:59:13
1 - Software; Archivo: tarifaAloja.php; Acción: Lista las tarifas de alojamiento; Fecha: 13-08-2025; Hora: 10:59:13
1 - Software; Archivo: pagos.php; Acción: Recoger los medios de pago; Fecha: 13-08-2025; Hora: 10:59:17
1 - Software; Archivo: tarifaAloja.php; Acción: Lista las tarifas de alojamiento; Fecha: 13-08-2025; Hora: 10:59:17
1 - Software; Archivo: pagos.php; Acción: Recoger los medios de pago; Fecha: 13-08-2025; Hora: 10:59:25
1 - Software; Archivo: tarifaAloja.php; Acción: Lista las tarifas de alojamiento; Fecha: 13-08-2025; Hora: 10:59:25
1 - Software; Archivo: personal_Edu.php; Acción: Lista los personales; Fecha: 13-08-2025; Hora: 10:59:29
1 - Software; Archivo: pagos.php; Acción: Recoger los medios de pago; Fecha: 13-08-2025; Hora: 10:59:33
1 - Software; Archivo: tarifaAloja.php; Acción: Lista las tarifas de alojamiento; Fecha: 13-08-2025; Hora: 10:59:33
1 - Software; Archivo: personal_Edu.php; Acción: Lista los personales; Fecha: 13-08-2025; Hora: 10:59:38
1 - Software; Archivo: pagos.php; Acción: Recoger los medios de pago; Fecha: 13-08-2025; Hora: 10:59:42
1 - Software; Archivo: tarifaAloja.php; Acción: Lista las tarifas de alojamiento; Fecha: 13-08-2025; Hora: 10:59:42
1 - Software; Archivo: tarifaAloja.php; Acción: Lista las tarifas de alojamiento; Fecha: 13-08-2025; Hora: 10:59:46
1 - Software; Archivo: pagos.php; Acción: Recoger los medios de pago; Fecha: 13-08-2025; Hora: 10:59:48
1 - Software; Archivo: tarifaAloja.php; Acción: Lista las tarifas de alojamiento; Fecha: 13-08-2025; Hora: 10:59:48
1 - Software; Archivo: tarifaAloja.php; Acción: Lista las tarifas de alojamiento; Fecha: 13-08-2025; Hora: 10:59:57
1 - Software; Archivo: pagos.php; Acción: Recoger los medios de pago; Fecha: 13-08-2025; Hora: 10:59:59
1 - Software; Archivo: tarifaAloja.php; Acción: Lista las tarifas de alojamiento; Fecha: 13-08-2025; Hora: 10:59:59
1 - Software; Archivo: tarifaAloja.php; Acción: Lista las tarifas de alojamiento; Fecha: 13-08-2025; Hora: 11:00:10
1 - Software; Archivo: pagos.php; Acción: Recoger los medios de pago; Fecha: 13-08-2025; Hora: 11:00:12
1 - Software; Archivo: tarifaAloja.php; Acción: Lista las tarifas de alojamiento; Fecha: 13-08-2025; Hora: 11:00:12
1 - Software; Archivo: tarifaAloja.php; Acción: Lista las tarifas de alojamiento; Fecha: 13-08-2025; Hora: 11:00:16
1 - Software; Archivo: pagos.php; Acción: Recoger los medios de pago; Fecha: 13-08-2025; Hora: 11:00:18
1 - Software; Archivo: tarifaAloja.php; Acción: Lista las tarifas de alojamiento; Fecha: 13-08-2025; Hora: 11:00:18
1 - Software; Archivo: pagos.php; Acción: Recoger los medios de pago; Fecha: 13-08-2025; Hora: 11:00:27
1 - Software; Archivo: tarifaAloja.php; Acción: Lista las tarifas de alojamiento; Fecha: 13-08-2025; Hora: 11:00:27
1 - Software; Archivo: tarifaAloja.php; Acción: Lista las tarifas de alojamiento; Fecha: 13-08-2025; Hora: 11:00:30
1 - Software; Archivo: pagos.php; Acción: Recoger los medios de pago; Fecha: 13-08-2025; Hora: 11:00:31
1 - Software; Archivo: tarifaAloja.php; Acción: Lista las tarifas de alojamiento; Fecha: 13-08-2025; Hora: 11:00:31
1 - Software; Archivo: tarifaAloja.php; Acción: Lista las tarifas de alojamiento; Fecha: 13-08-2025; Hora: 11:00:36
1 - Software; Archivo: pagos.php; Acción: Recoger los medios de pago; Fecha: 13-08-2025; Hora: 11:00:37
1 - Software; Archivo: tarifaAloja.php; Acción: Lista las tarifas de alojamiento; Fecha: 13-08-2025; Hora: 11:00:37
1 - Software; Archivo: pagos.php; Acción: Recoger los medios de pago; Fecha: 13-08-2025; Hora: 11:00:46
1 - Software; Archivo: tarifaAloja.php; Acción: Lista las tarifas de alojamiento; Fecha: 13-08-2025; Hora: 11:00:46
1 - Software; Archivo: tarifaAloja.php; Acción: Lista las tarifas de alojamiento; Fecha: 13-08-2025; Hora: 11:00:49
1 - Software; Archivo: pagos.php; Acción: Recoger los medios de pago; Fecha: 13-08-2025; Hora: 11:00:50
1 - Software; Archivo: tarifaAloja.php; Acción: Lista las tarifas de alojamiento; Fecha: 13-08-2025; Hora: 11:00:50
1 - Software; Archivo: pagos.php; Acción: Recoger los medios de pago; Fecha: 13-08-2025; Hora: 11:01:24
1 - Software; Archivo: tarifaAloja.php; Acción: Lista las tarifas de alojamiento; Fecha: 13-08-2025; Hora: 11:01:25
1 - Software; Archivo: tarifaAloja.php; Acción: Lista las tarifas de alojamiento; Fecha: 13-08-2025; Hora: 11:02:06
1 - Software; Archivo: tarifaAloja.php; Acción: Lista las tarifas de alojamiento; Fecha: 13-08-2025; Hora: 11:02:31
1 - Software; Archivo: tarifaAloja.php; Acción: Lista las tarifas de alojamiento; Fecha: 13-08-2025; Hora: 11:03:01
1 - Software; Archivo: tarifaAloja.php; Acción: Lista las tarifas de alojamiento; Fecha: 13-08-2025; Hora: 11:04:10
1 - Software; Archivo: tarifaAloja.php; Acción: Lista las tarifas de alojamiento; Fecha: 13-08-2025; Hora: 11:07:00
1 - Software; Archivo: tarifaAloja.php; Acción: Lista las tarifas de alojamiento; Fecha: 13-08-2025; Hora: 11:07:02
1 - Software; Archivo: tarifaAloja.php; Acción: Lista las tarifas de alojamiento; Fecha: 13-08-2025; Hora: 11:07:29
1 - Software; Archivo: tarifaAloja.php; Acción: Lista las tarifas de alojamiento; Fecha: 13-08-2025; Hora: 11:07:30
1 - Software; Archivo: tarifaAloja.php; Acción: Lista las tarifas de alojamiento; Fecha: 13-08-2025; Hora: 11:07:34
1 - Software; Archivo: tarifaAloja.php; Acción: Lista las tarifas de alojamiento; Fecha: 13-08-2025; Hora: 11:08:27
1 - Software; Archivo: tarifaAloja.php; Acción: Lista las tarifas de alojamiento; Fecha: 13-08-2025; Hora: 11:08:29
1 - Software; Archivo: tarifaAloja.php; Acción: Lista las tarifas de alojamiento; Fecha: 13-08-2025; Hora: 11:09:04
1 - Software; Archivo: tarifaAloja.php; Acción: Lista las tarifas de alojamiento; Fecha: 13-08-2025; Hora: 11:09:09
1 - Software; Archivo: tarifaAloja.php; Acción: Lista las tarifas de alojamiento; Fecha: 13-08-2025; Hora: 11:09:43
1 - Software; Archivo: tarifaAloja.php; Acción: Lista las tarifas de alojamiento; Fecha: 13-08-2025; Hora: 11:09:51
1 - Software; Archivo: tarifaAloja.php; Acción: Lista las tarifas de alojamiento; Fecha: 13-08-2025; Hora: 11:12:21
1 - Software; Archivo: tarifaAloja.php; Acción: Lista las tarifas de alojamiento; Fecha: 13-08-2025; Hora: 11:13:28
1 - Software; Archivo: tarifaAloja.php; Acción: Lista las tarifas de alojamiento; Fecha: 13-08-2025; Hora: 11:13:53
1 - Software; Archivo: tarifaAloja.php; Acción: Lista las tarifas de alojamiento; Fecha: 13-08-2025; Hora: 11:14:21
1 - Software; Archivo: tarifaAloja.php; Acción: Lista las tarifas de alojamiento; Fecha: 13-08-2025; Hora: 11:14:47
1 - Software; Archivo: tarifaAloja.php; Acción: Lista las tarifas de alojamiento; Fecha: 13-08-2025; Hora: 11:14:51
1 - Software; Archivo: tarifaAloja.php; Acción: Lista las tarifas de alojamiento; Fecha: 13-08-2025; Hora: 11:14:54
1 - Software; Archivo: pagos.php; Acción: Recoger los medios de pago; Fecha: 13-08-2025; Hora: 11:24:21
1 - Software; Archivo: tarifaAloja.php; Acción: Lista las tarifas de alojamiento; Fecha: 13-08-2025; Hora: 11:24:22
1 - Software; Archivo: tarifaAloja.php; Acción: Lista las tarifas de alojamiento; Fecha: 13-08-2025; Hora: 11:24:27
1 - Software; Archivo: tarifaAloja.php; Acción: Lista las tarifas de alojamiento; Fecha: 13-08-2025; Hora: 11:24:38
1 - Software; Archivo: medios.php; Acción: Lista las facturas en facturación; Fecha: 13-08-2025; Hora: 11:26:46
1 - Software; Archivo: medios.php; Acción: Lista las facturas en facturación; Fecha: 13-08-2025; Hora: 11:26:46
1 - Software; Archivo: medios.php; Acción: Lista las facturas en facturación; Fecha: 13-08-2025; Hora: 11:26:46
1 - Software; Archivo: medios.php; Acción: Lista las facturas en facturación; Fecha: 13-08-2025; Hora: 11:26:46
1 - Software; Archivo: medios.php; Acción: Lista las facturas en facturación; Fecha: 13-08-2025; Hora: 11:31:30
1 - Software; Archivo: medios.php; Acción: Lista las facturas en facturación; Fecha: 13-08-2025; Hora: 11:31:30
1 - Software; Archivo: medios.php; Acción: Lista las facturas en facturación; Fecha: 13-08-2025; Hora: 11:31:30
1 - Software; Archivo: medios.php; Acción: Lista las facturas en facturación; Fecha: 13-08-2025; Hora: 11:31:30
1 - Software; Archivo: medios.php; Acción: Lista las facturas en facturación; Fecha: 13-08-2025; Hora: 11:32:57
1 - Software; Archivo: medios.php; Acción: Lista las facturas en facturación; Fecha: 13-08-2025; Hora: 11:32:57
1 - Software; Archivo: medios.php; Acción: Lista las facturas en facturación; Fecha: 13-08-2025; Hora: 11:32:57
1 - Software; Archivo: medios.php; Acción: Lista las facturas en facturación; Fecha: 13-08-2025; Hora: 11:32:57
1 - Software; Archivo: medios.php; Acción: Lista las facturas en facturación; Fecha: 13-08-2025; Hora: 11:36:26
1 - Software; Archivo: medios.php; Acción: Lista las facturas en facturación; Fecha: 13-08-2025; Hora: 11:36:26
1 - Software; Archivo: medios.php; Acción: Lista las facturas en facturación; Fecha: 13-08-2025; Hora: 11:36:26
1 - Software; Archivo: medios.php; Acción: Lista las facturas en facturación; Fecha: 13-08-2025; Hora: 11:36:26
1 - Software; Archivo: medios.php; Acción: Lista las facturas en facturación; Fecha: 13-08-2025; Hora: 11:37:27
1 - Software; Archivo: medios.php; Acción: Lista las facturas en facturación; Fecha: 13-08-2025; Hora: 11:37:27
1 - Software; Archivo: medios.php; Acción: Lista las facturas en facturación; Fecha: 13-08-2025; Hora: 11:37:27
1 - Software; Archivo: medios.php; Acción: Lista las facturas en facturación; Fecha: 13-08-2025; Hora: 11:37:27
1 - Software; Archivo: medios.php; Acción: Lista las facturas en facturación; Fecha: 13-08-2025; Hora: 11:38:50
1 - Software; Archivo: medios.php; Acción: Lista las facturas en facturación; Fecha: 13-08-2025; Hora: 11:38:50
1 - Software; Archivo: medios.php; Acción: Lista las facturas en facturación; Fecha: 13-08-2025; Hora: 11:38:50
1 - Software; Archivo: medios.php; Acción: Lista las facturas en facturación; Fecha: 13-08-2025; Hora: 11:38:50
1 - Software; Archivo: medios.php; Acción: Lista las facturas en facturación; Fecha: 13-08-2025; Hora: 11:38:51
1 - Software; Archivo: medios.php; Acción: Lista las facturas en facturación; Fecha: 13-08-2025; Hora: 11:38:51
1 - Software; Archivo: medios.php; Acción: Lista las facturas en facturación; Fecha: 13-08-2025; Hora: 11:38:51
1 - Software; Archivo: medios.php; Acción: Lista las facturas en facturación; Fecha: 13-08-2025; Hora: 11:38:51
1 - Software; Archivo: medios.php; Acción: Lista las facturas en facturación; Fecha: 13-08-2025; Hora: 11:38:52
1 - Software; Archivo: medios.php; Acción: Lista las facturas en facturación; Fecha: 13-08-2025; Hora: 11:38:52
1 - Software; Archivo: medios.php; Acción: Lista las facturas en facturación; Fecha: 13-08-2025; Hora: 11:38:52
1 - Software; Archivo: medios.php; Acción: Lista las facturas en facturación; Fecha: 13-08-2025; Hora: 11:38:52
1 - Software; Archivo: medios.php; Acción: Lista las facturas en facturación; Fecha: 13-08-2025; Hora: 11:39:13
1 - Software; Archivo: medios.php; Acción: Lista las facturas en facturación; Fecha: 13-08-2025; Hora: 11:39:13
1 - Software; Archivo: medios.php; Acción: Lista las facturas en facturación; Fecha: 13-08-2025; Hora: 11:39:13
1 - Software; Archivo: medios.php; Acción: Lista las facturas en facturación; Fecha: 13-08-2025; Hora: 11:39:13
1 - Software; Archivo: pagos.php; Acción: Recoger los medios de pago; Fecha: 13-08-2025; Hora: 11:41:20
1 - Software; Archivo: tarifaAloja.php; Acción: Lista las tarifas de alojamiento; Fecha: 13-08-2025; Hora: 11:41:20
1 - Software; Archivo: tarifaAloja.php; Acción: Lista las tarifas de alojamiento; Fecha: 13-08-2025; Hora: 11:41:24
1 - Software; Archivo: tarifaAloja.php; Acción: Lista las tarifas de alojamiento; Fecha: 13-08-2025; Hora: 11:41:31
1 - Software; Archivo: tarifaAloja.php; Acción: Lista las tarifas de alojamiento; Fecha: 13-08-2025; Hora: 11:42:24
1 - Software; Archivo: pagos.php; Acción: Recoger los medios de pago; Fecha: 13-08-2025; Hora: 11:42:36
1 - Software; Archivo: tarifaAloja.php; Acción: Lista las tarifas de alojamiento; Fecha: 13-08-2025; Hora: 11:42:36
1 - Software; Archivo: medios.php; Acción: Lista las facturas en facturación; Fecha: 13-08-2025; Hora: 11:42:44
1 - Software; Archivo: medios.php; Acción: Lista las facturas en facturación; Fecha: 13-08-2025; Hora: 11:42:44
1 - Software; Archivo: medios.php; Acción: Lista las facturas en facturación; Fecha: 13-08-2025; Hora: 11:42:44
1 - Software; Archivo: medios.php; Acción: Lista las facturas en facturación; Fecha: 13-08-2025; Hora: 11:42:44
1 - Software; Archivo: medios.php; Acción: Lista las facturas en facturación; Fecha: 13-08-2025; Hora: 11:43:01
1 - Software; Archivo: medios.php; Acción: Lista las facturas en facturación; Fecha: 13-08-2025; Hora: 11:43:01
1 - Software; Archivo: medios.php; Acción: Lista las facturas en facturación; Fecha: 13-08-2025; Hora: 11:43:01
1 - Software; Archivo: medios.php; Acción: Lista las facturas en facturación; Fecha: 13-08-2025; Hora: 11:43:01
1 - Software; Archivo: medios.php; Acción: Lista las facturas en facturación; Fecha: 13-08-2025; Hora: 11:43:02
1 - Software; Archivo: medios.php; Acción: Lista las facturas en facturación; Fecha: 13-08-2025; Hora: 11:43:02
1 - Software; Archivo: medios.php; Acción: Lista las facturas en facturación; Fecha: 13-08-2025; Hora: 11:43:02
1 - Software; Archivo: medios.php; Acción: Lista las facturas en facturación; Fecha: 13-08-2025; Hora: 11:43:02
1 - Software; Archivo: medios.php; Acción: Lista las facturas en facturación; Fecha: 13-08-2025; Hora: 11:43:22
1 - Software; Archivo: medios.php; Acción: Lista las facturas en facturación; Fecha: 13-08-2025; Hora: 11:43:22
1 - Software; Archivo: medios.php; Acción: Lista las facturas en facturación; Fecha: 13-08-2025; Hora: 11:43:22
1 - Software; Archivo: medios.php; Acción: Lista las facturas en facturación; Fecha: 13-08-2025; Hora: 11:43:22
1 - Software; Archivo: medios.php; Acción: Lista las facturas en facturación; Fecha: 13-08-2025; Hora: 11:43:23
1 - Software; Archivo: medios.php; Acción: Lista las facturas en facturación; Fecha: 13-08-2025; Hora: 11:43:23
1 - Software; Archivo: medios.php; Acción: Lista las facturas en facturación; Fecha: 13-08-2025; Hora: 11:43:23
1 - Software; Archivo: medios.php; Acción: Lista las facturas en facturación; Fecha: 13-08-2025; Hora: 11:43:23
1 - Software; Archivo: medios.php; Acción: Lista las facturas en facturación; Fecha: 13-08-2025; Hora: 11:43:43
1 - Software; Archivo: medios.php; Acción: Lista las facturas en facturación; Fecha: 13-08-2025; Hora: 11:43:43
1 - Software; Archivo: medios.php; Acción: Lista las facturas en facturación; Fecha: 13-08-2025; Hora: 11:43:43
1 - Software; Archivo: medios.php; Acción: Lista las facturas en facturación; Fecha: 13-08-2025; Hora: 11:43:43
1 - Software; Archivo: medios.php; Acción: Lista las facturas en facturación; Fecha: 13-08-2025; Hora: 11:51:48
1 - Software; Archivo: medios.php; Acción: Lista las facturas en facturación; Fecha: 13-08-2025; Hora: 11:51:48
1 - Software; Archivo: medios.php; Acción: Lista las facturas en facturación; Fecha: 13-08-2025; Hora: 11:51:48
1 - Software; Archivo: medios.php; Acción: Lista las facturas en facturación; Fecha: 13-08-2025; Hora: 11:51:48
1 - Software; Archivo: medios.php; Acción: Lista las facturas en facturación; Fecha: 13-08-2025; Hora: 11:52:39
1 - Software; Archivo: medios.php; Acción: Lista las facturas en facturación; Fecha: 13-08-2025; Hora: 11:52:39
1 - Software; Archivo: medios.php; Acción: Lista las facturas en facturación; Fecha: 13-08-2025; Hora: 11:52:39
1 - Software; Archivo: medios.php; Acción: Lista las facturas en facturación; Fecha: 13-08-2025; Hora: 11:52:39
1 - Software; Archivo: medios.php; Acción: Lista las facturas en facturación; Fecha: 13-08-2025; Hora: 11:54:29
1 - Software; Archivo: medios.php; Acción: Lista las facturas en facturación; Fecha: 13-08-2025; Hora: 11:54:29
1 - Software; Archivo: medios.php; Acción: Lista las facturas en facturación; Fecha: 13-08-2025; Hora: 11:54:29
1 - Software; Archivo: medios.php; Acción: Lista las facturas en facturación; Fecha: 13-08-2025; Hora: 11:54:29
1 - Software; Archivo: medios.php; Acción: Lista las facturas en facturación; Fecha: 13-08-2025; Hora: 11:54:58
1 - Software; Archivo: medios.php; Acción: Lista las facturas en facturación; Fecha: 13-08-2025; Hora: 11:54:58
1 - Software; Archivo: medios.php; Acción: Lista las facturas en facturación; Fecha: 13-08-2025; Hora: 11:54:58
1 - Software; Archivo: medios.php; Acción: Lista las facturas en facturación; Fecha: 13-08-2025; Hora: 11:54:58
1 - Software; Archivo: medios.php; Acción: Lista las facturas en facturación; Fecha: 13-08-2025; Hora: 11:54:59
1 - Software; Archivo: medios.php; Acción: Lista las facturas en facturación; Fecha: 13-08-2025; Hora: 11:54:59
1 - Software; Archivo: medios.php; Acción: Lista las facturas en facturación; Fecha: 13-08-2025; Hora: 11:54:59
1 - Software; Archivo: medios.php; Acción: Lista las facturas en facturación; Fecha: 13-08-2025; Hora: 11:54:59
1 - Software; Archivo: medios.php; Acción: Lista las facturas en facturación; Fecha: 13-08-2025; Hora: 11:55:31
1 - Software; Archivo: medios.php; Acción: Lista las facturas en facturación; Fecha: 13-08-2025; Hora: 11:55:31
1 - Software; Archivo: medios.php; Acción: Lista las facturas en facturación; Fecha: 13-08-2025; Hora: 11:55:31
1 - Software; Archivo: medios.php; Acción: Lista las facturas en facturación; Fecha: 13-08-2025; Hora: 11:55:31
1 - Software; Archivo: medios.php; Acción: Lista las facturas en facturación; Fecha: 13-08-2025; Hora: 11:55:40
1 - Software; Archivo: medios.php; Acción: Lista las facturas en facturación; Fecha: 13-08-2025; Hora: 11:55:40
1 - Software; Archivo: medios.php; Acción: Lista las facturas en facturación; Fecha: 13-08-2025; Hora: 11:55:40
1 - Software; Archivo: medios.php; Acción: Lista las facturas en facturación; Fecha: 13-08-2025; Hora: 11:55:40
1 - Software; Archivo: medios.php; Acción: Lista las facturas en facturación; Fecha: 13-08-2025; Hora: 11:55:47
1 - Software; Archivo: medios.php; Acción: Lista las facturas en facturación; Fecha: 13-08-2025; Hora: 11:55:47
1 - Software; Archivo: medios.php; Acción: Lista las facturas en facturación; Fecha: 13-08-2025; Hora: 11:55:47
1 - Software; Archivo: medios.php; Acción: Lista las facturas en facturación; Fecha: 13-08-2025; Hora: 11:55:47
1 - Software; Archivo: medios.php; Acción: Lista las facturas en facturación; Fecha: 13-08-2025; Hora: 12:05:38
1 - Software; Archivo: medios.php; Acción: Lista las facturas en facturación; Fecha: 13-08-2025; Hora: 12:05:38
1 - Software; Archivo: medios.php; Acción: Lista las facturas en facturación; Fecha: 13-08-2025; Hora: 12:05:38
1 - Software; Archivo: medios.php; Acción: Lista las facturas en facturación; Fecha: 13-08-2025; Hora: 12:05:38
1 - Software; Archivo: medios.php; Acción: Lista las facturas en facturación; Fecha: 13-08-2025; Hora: 12:06:01
1 - Software; Archivo: medios.php; Acción: Lista las facturas en facturación; Fecha: 13-08-2025; Hora: 12:06:01
1 - Software; Archivo: medios.php; Acción: Lista las facturas en facturación; Fecha: 13-08-2025; Hora: 12:06:01
1 - Software; Archivo: medios.php; Acción: Lista las facturas en facturación; Fecha: 13-08-2025; Hora: 12:06:01
1 - Software; Archivo: medios.php; Acción: Lista las facturas en facturación; Fecha: 13-08-2025; Hora: 12:06:18
1 - Software; Archivo: medios.php; Acción: Lista las facturas en facturación; Fecha: 13-08-2025; Hora: 12:06:18
1 - Software; Archivo: medios.php; Acción: Lista las facturas en facturación; Fecha: 13-08-2025; Hora: 12:06:18
1 - Software; Archivo: medios.php; Acción: Lista las facturas en facturación; Fecha: 13-08-2025; Hora: 12:06:18
1 - Software; Archivo: medios.php; Acción: Lista las facturas en facturación; Fecha: 13-08-2025; Hora: 12:06:31
1 - Software; Archivo: medios.php; Acción: Lista las facturas en facturación; Fecha: 13-08-2025; Hora: 12:06:31
1 - Software; Archivo: medios.php; Acción: Lista las facturas en facturación; Fecha: 13-08-2025; Hora: 12:06:31
1 - Software; Archivo: medios.php; Acción: Lista las facturas en facturación; Fecha: 13-08-2025; Hora: 12:06:31
1 - Software; Archivo: medios.php; Acción: Lista las facturas en facturación; Fecha: 13-08-2025; Hora: 12:06:41
1 - Software; Archivo: medios.php; Acción: Lista las facturas en facturación; Fecha: 13-08-2025; Hora: 12:06:41
1 - Software; Archivo: medios.php; Acción: Lista las facturas en facturación; Fecha: 13-08-2025; Hora: 12:06:41
1 - Software; Archivo: medios.php; Acción: Lista las facturas en facturación; Fecha: 13-08-2025; Hora: 12:06:41
1 - Software; Archivo: medios.php; Acción: Lista las facturas en facturación; Fecha: 13-08-2025; Hora: 12:07:03
1 - Software; Archivo: medios.php; Acción: Lista las facturas en facturación; Fecha: 13-08-2025; Hora: 12:07:04
1 - Software; Archivo: medios.php; Acción: Lista las facturas en facturación; Fecha: 13-08-2025; Hora: 12:07:04
1 - Software; Archivo: medios.php; Acción: Lista las facturas en facturación; Fecha: 13-08-2025; Hora: 12:07:04
1 - Software; Archivo: medios.php; Acción: Lista las facturas en facturación; Fecha: 13-08-2025; Hora: 12:08:03
1 - Software; Archivo: medios.php; Acción: Lista las facturas en facturación; Fecha: 13-08-2025; Hora: 12:08:03
1 - Software; Archivo: medios.php; Acción: Lista las facturas en facturación; Fecha: 13-08-2025; Hora: 12:08:03
1 - Software; Archivo: medios.php; Acción: Lista las facturas en facturación; Fecha: 13-08-2025; Hora: 12:08:03
1 - Software; Archivo: medios.php; Acción: Lista las facturas en facturación; Fecha: 13-08-2025; Hora: 12:08:17
1 - Software; Archivo: medios.php; Acción: Lista las facturas en facturación; Fecha: 13-08-2025; Hora: 12:08:17
1 - Software; Archivo: medios.php; Acción: Lista las facturas en facturación; Fecha: 13-08-2025; Hora: 12:08:17
1 - Software; Archivo: medios.php; Acción: Lista las facturas en facturación; Fecha: 13-08-2025; Hora: 12:08:17
1 - Software; Archivo: medios.php; Acción: Lista las facturas en facturación; Fecha: 13-08-2025; Hora: 12:08:31
1 - Software; Archivo: medios.php; Acción: Lista las facturas en facturación; Fecha: 13-08-2025; Hora: 12:08:31
1 - Software; Archivo: medios.php; Acción: Lista las facturas en facturación; Fecha: 13-08-2025; Hora: 12:08:31
1 - Software; Archivo: medios.php; Acción: Lista las facturas en facturación; Fecha: 13-08-2025; Hora: 12:08:31
1 - Software; Archivo: medios.php; Acción: Lista las facturas en facturación; Fecha: 13-08-2025; Hora: 12:08:40
1 - Software; Archivo: medios.php; Acción: Lista las facturas en facturación; Fecha: 13-08-2025; Hora: 12:08:40
1 - Software; Archivo: medios.php; Acción: Lista las facturas en facturación; Fecha: 13-08-2025; Hora: 12:08:40
1 - Software; Archivo: medios.php; Acción: Lista las facturas en facturación; Fecha: 13-08-2025; Hora: 12:08:40
1 - Software; Archivo: medios.php; Acción: Lista las facturas en facturación; Fecha: 13-08-2025; Hora: 12:09:02
1 - Software; Archivo: medios.php; Acción: Lista las facturas en facturación; Fecha: 13-08-2025; Hora: 12:09:03
1 - Software; Archivo: medios.php; Acción: Lista las facturas en facturación; Fecha: 13-08-2025; Hora: 12:09:03
1 - Software; Archivo: medios.php; Acción: Lista las facturas en facturación; Fecha: 13-08-2025; Hora: 12:09:03
1 - Software; Archivo: medios.php; Acción: Lista las facturas en facturación; Fecha: 13-08-2025; Hora: 12:09:04
1 - Software; Archivo: medios.php; Acción: Lista las facturas en facturación; Fecha: 13-08-2025; Hora: 12:09:04
1 - Software; Archivo: medios.php; Acción: Lista las facturas en facturación; Fecha: 13-08-2025; Hora: 12:09:04
1 - Software; Archivo: medios.php; Acción: Lista las facturas en facturación; Fecha: 13-08-2025; Hora: 12:09:04
1 - Software; Archivo: medios.php; Acción: Lista las facturas en facturación; Fecha: 13-08-2025; Hora: 12:09:17
1 - Software; Archivo: medios.php; Acción: Lista las facturas en facturación; Fecha: 13-08-2025; Hora: 12:09:17
1 - Software; Archivo: medios.php; Acción: Lista las facturas en facturación; Fecha: 13-08-2025; Hora: 12:09:17
1 - Software; Archivo: medios.php; Acción: Lista las facturas en facturación; Fecha: 13-08-2025; Hora: 12:09:17
1 - Software; Archivo: medios.php; Acción: Lista las facturas en facturación; Fecha: 13-08-2025; Hora: 12:09:31
1 - Software; Archivo: medios.php; Acción: Lista las facturas en facturación; Fecha: 13-08-2025; Hora: 12:09:31
1 - Software; Archivo: medios.php; Acción: Lista las facturas en facturación; Fecha: 13-08-2025; Hora: 12:09:31
1 - Software; Archivo: medios.php; Acción: Lista las facturas en facturación; Fecha: 13-08-2025; Hora: 12:09:31
1 - Software; Archivo: medios.php; Acción: Lista las facturas en facturación; Fecha: 13-08-2025; Hora: 12:09:49
1 - Software; Archivo: medios.php; Acción: Lista las facturas en facturación; Fecha: 13-08-2025; Hora: 12:09:49
1 - Software; Archivo: medios.php; Acción: Lista las facturas en facturación; Fecha: 13-08-2025; Hora: 12:09:49
1 - Software; Archivo: medios.php; Acción: Lista las facturas en facturación; Fecha: 13-08-2025; Hora: 12:09:49
1 - Software; Archivo: medios.php; Acción: Lista las facturas en facturación; Fecha: 13-08-2025; Hora: 12:10:01
1 - Software; Archivo: medios.php; Acción: Lista las facturas en facturación; Fecha: 13-08-2025; Hora: 12:10:01
1 - Software; Archivo: medios.php; Acción: Lista las facturas en facturación; Fecha: 13-08-2025; Hora: 12:10:01
1 - Software; Archivo: medios.php; Acción: Lista las facturas en facturación; Fecha: 13-08-2025; Hora: 12:10:01
1 - Software; Archivo: medios.php; Acción: Lista las facturas en facturación; Fecha: 13-08-2025; Hora: 12:10:15
1 - Software; Archivo: medios.php; Acción: Lista las facturas en facturación; Fecha: 13-08-2025; Hora: 12:10:15
1 - Software; Archivo: medios.php; Acción: Lista las facturas en facturación; Fecha: 13-08-2025; Hora: 12:10:15
1 - Software; Archivo: medios.php; Acción: Lista las facturas en facturación; Fecha: 13-08-2025; Hora: 12:10:15
1 - Software; Archivo: medios.php; Acción: Lista las facturas en facturación; Fecha: 13-08-2025; Hora: 12:10:24
1 - Software; Archivo: medios.php; Acción: Lista las facturas en facturación; Fecha: 13-08-2025; Hora: 12:10:24
1 - Software; Archivo: medios.php; Acción: Lista las facturas en facturación; Fecha: 13-08-2025; Hora: 12:10:24
1 - Software; Archivo: medios.php; Acción: Lista las facturas en facturación; Fecha: 13-08-2025; Hora: 12:10:24
1 - Software; Archivo: medios.php; Acción: Lista las facturas en facturación; Fecha: 13-08-2025; Hora: 12:10:34
1 - Software; Archivo: medios.php; Acción: Lista las facturas en facturación; Fecha: 13-08-2025; Hora: 12:10:34
1 - Software; Archivo: medios.php; Acción: Lista las facturas en facturación; Fecha: 13-08-2025; Hora: 12:10:34
1 - Software; Archivo: medios.php; Acción: Lista las facturas en facturación; Fecha: 13-08-2025; Hora: 12:10:34
1 - Software; Archivo: medios.php; Acción: Lista las facturas en facturación; Fecha: 13-08-2025; Hora: 12:10:51
1 - Software; Archivo: medios.php; Acción: Lista las facturas en facturación; Fecha: 13-08-2025; Hora: 12:10:51
1 - Software; Archivo: medios.php; Acción: Lista las facturas en facturación; Fecha: 13-08-2025; Hora: 12:10:51
1 - Software; Archivo: medios.php; Acción: Lista las facturas en facturación; Fecha: 13-08-2025; Hora: 12:10:51
1 - Software; Archivo: medios.php; Acción: Lista las facturas en facturación; Fecha: 13-08-2025; Hora: 12:11:46
1 - Software; Archivo: medios.php; Acción: Lista las facturas en facturación; Fecha: 13-08-2025; Hora: 12:11:46
1 - Software; Archivo: medios.php; Acción: Lista las facturas en facturación; Fecha: 13-08-2025; Hora: 12:11:46
1 - Software; Archivo: medios.php; Acción: Lista las facturas en facturación; Fecha: 13-08-2025; Hora: 12:11:46
1 - Software; Archivo: medios.php; Acción: Lista las facturas en facturación; Fecha: 13-08-2025; Hora: 12:12:54
1 - Software; Archivo: medios.php; Acción: Lista las facturas en facturación; Fecha: 13-08-2025; Hora: 12:12:54
1 - Software; Archivo: medios.php; Acción: Lista las facturas en facturación; Fecha: 13-08-2025; Hora: 12:12:54
1 - Software; Archivo: medios.php; Acción: Lista las facturas en facturación; Fecha: 13-08-2025; Hora: 12:12:54
1 - Software; Archivo: medios.php; Acción: Lista las facturas en facturación; Fecha: 13-08-2025; Hora: 12:16:46
1 - Software; Archivo: medios.php; Acción: Lista las facturas en facturación; Fecha: 13-08-2025; Hora: 12:16:46
1 - Software; Archivo: medios.php; Acción: Lista las facturas en facturación; Fecha: 13-08-2025; Hora: 12:16:46
1 - Software; Archivo: medios.php; Acción: Lista las facturas en facturación; Fecha: 13-08-2025; Hora: 12:16:47
1 - Software; Archivo: medios.php; Acción: Lista las facturas en facturación; Fecha: 13-08-2025; Hora: 12:16:48
1 - Software; Archivo: medios.php; Acción: Lista las facturas en facturación; Fecha: 13-08-2025; Hora: 12:16:48
1 - Software; Archivo: medios.php; Acción: Lista las facturas en facturación; Fecha: 13-08-2025; Hora: 12:16:48
1 - Software; Archivo: medios.php; Acción: Lista las facturas en facturación; Fecha: 13-08-2025; Hora: 12:18:23
1 - Software; Archivo: medios.php; Acción: Lista las facturas en facturación; Fecha: 13-08-2025; Hora: 12:18:23
1 - Software; Archivo: medios.php; Acción: Lista las facturas en facturación; Fecha: 13-08-2025; Hora: 12:18:23
1 - Software; Archivo: medios.php; Acción: Lista las facturas en facturación; Fecha: 13-08-2025; Hora: 12:18:23
1 - Software; Archivo: pagos.php; Acción: Recoger los medios de pago; Fecha: 13-08-2025; Hora: 12:19:42
1 - Software; Archivo: tarifaAloja.php; Acción: Lista las tarifas de alojamiento; Fecha: 13-08-2025; Hora: 12:19:43
1 - Software; Archivo: tarifaAloja.php; Acción: Lista las tarifas de alojamiento; Fecha: 13-08-2025; Hora: 12:19:46
1 - Software; Archivo: tarifaAloja.php; Acción: Lista las tarifas de alojamiento; Fecha: 13-08-2025; Hora: 12:19:53
1 - Software; Archivo: tarifaAloja.php; Acción: Lista las tarifas de alojamiento; Fecha: 13-08-2025; Hora: 12:21:20
1 - Software; Archivo: tarifaAloja.php; Acción: Lista las tarifas de alojamiento; Fecha: 13-08-2025; Hora: 12:21:21
 - Software; Archivo: asistencia.php; Acción: Lista las asistencias; Fecha: 13-08-2025; Hora: 12:21:24
1 - Software; Archivo: medios.php; Acción: Lista las facturas en facturación; Fecha: 13-08-2025; Hora: 12:21:26
1 - Software; Archivo: medios.php; Acción: Lista las facturas en facturación; Fecha: 13-08-2025; Hora: 12:21:26
1 - Software; Archivo: medios.php; Acción: Lista las facturas en facturación; Fecha: 13-08-2025; Hora: 12:21:26
1 - Software; Archivo: medios.php; Acción: Lista las facturas en facturación; Fecha: 13-08-2025; Hora: 12:21:26
1 - Software; Archivo: medios.php; Acción: Lista las facturas en facturación; Fecha: 13-08-2025; Hora: 12:24:21
1 - Software; Archivo: medios.php; Acción: Lista las facturas en facturación; Fecha: 13-08-2025; Hora: 12:24:21
1 - Software; Archivo: medios.php; Acción: Lista las facturas en facturación; Fecha: 13-08-2025; Hora: 12:24:21
1 - Software; Archivo: medios.php; Acción: Lista las facturas en facturación; Fecha: 13-08-2025; Hora: 12:24:21
1 - Software; Archivo: medios.php; Acción: Lista las facturas en facturación; Fecha: 13-08-2025; Hora: 12:26:49
1 - Software; Archivo: medios.php; Acción: Lista las facturas en facturación; Fecha: 13-08-2025; Hora: 12:26:49
1 - Software; Archivo: medios.php; Acción: Lista las facturas en facturación; Fecha: 13-08-2025; Hora: 12:26:49
1 - Software; Archivo: medios.php; Acción: Lista las facturas en facturación; Fecha: 13-08-2025; Hora: 12:26:49
1 - Software; Archivo: medios.php; Acción: Lista las facturas en facturación; Fecha: 13-08-2025; Hora: 12:26:50
1 - Software; Archivo: medios.php; Acción: Lista las facturas en facturación; Fecha: 13-08-2025; Hora: 12:26:50
1 - Software; Archivo: medios.php; Acción: Lista las facturas en facturación; Fecha: 13-08-2025; Hora: 12:26:50
1 - Software; Archivo: medios.php; Acción: Lista las facturas en facturación; Fecha: 13-08-2025; Hora: 12:26:50
1 - Software; Archivo: medios.php; Acción: Lista las facturas en facturación; Fecha: 13-08-2025; Hora: 12:28:02
1 - Software; Archivo: medios.php; Acción: Lista las facturas en facturación; Fecha: 13-08-2025; Hora: 12:28:02
1 - Software; Archivo: medios.php; Acción: Lista las facturas en facturación; Fecha: 13-08-2025; Hora: 12:28:02
1 - Software; Archivo: medios.php; Acción: Lista las facturas en facturación; Fecha: 13-08-2025; Hora: 12:28:02
1 - Software; Archivo: medios.php; Acción: Lista las facturas en facturación; Fecha: 13-08-2025; Hora: 12:28:25
1 - Software; Archivo: medios.php; Acción: Lista las facturas en facturación; Fecha: 13-08-2025; Hora: 12:28:25
1 - Software; Archivo: medios.php; Acción: Lista las facturas en facturación; Fecha: 13-08-2025; Hora: 12:28:25
1 - Software; Archivo: medios.php; Acción: Lista las facturas en facturación; Fecha: 13-08-2025; Hora: 12:28:25
1 - Software; Archivo: medios.php; Acción: Lista las facturas en facturación; Fecha: 13-08-2025; Hora: 12:28:47
1 - Software; Archivo: medios.php; Acción: Lista las facturas en facturación; Fecha: 13-08-2025; Hora: 12:28:47
1 - Software; Archivo: medios.php; Acción: Lista las facturas en facturación; Fecha: 13-08-2025; Hora: 12:28:47
1 - Software; Archivo: medios.php; Acción: Lista las facturas en facturación; Fecha: 13-08-2025; Hora: 12:28:47
1 - Software; Archivo: medios.php; Acción: Lista las facturas en facturación; Fecha: 13-08-2025; Hora: 12:28:49
1 - Software; Archivo: medios.php; Acción: Lista las facturas en facturación; Fecha: 13-08-2025; Hora: 12:28:49
1 - Software; Archivo: medios.php; Acción: Lista las facturas en facturación; Fecha: 13-08-2025; Hora: 12:28:49
1 - Software; Archivo: medios.php; Acción: Lista las facturas en facturación; Fecha: 13-08-2025; Hora: 12:28:49
1 - Software; Archivo: medios.php; Acción: Lista las facturas en facturación; Fecha: 13-08-2025; Hora: 12:29:08
1 - Software; Archivo: medios.php; Acción: Lista las facturas en facturación; Fecha: 13-08-2025; Hora: 12:29:09
1 - Software; Archivo: medios.php; Acción: Lista las facturas en facturación; Fecha: 13-08-2025; Hora: 12:29:09
1 - Software; Archivo: medios.php; Acción: Lista las facturas en facturación; Fecha: 13-08-2025; Hora: 12:29:09
1 - Software; Archivo: medios.php; Acción: Lista las facturas en facturación; Fecha: 13-08-2025; Hora: 12:29:09
1 - Software; Archivo: medios.php; Acción: Lista las facturas en facturación; Fecha: 13-08-2025; Hora: 12:29:24
1 - Software; Archivo: medios.php; Acción: Lista las facturas en facturación; Fecha: 13-08-2025; Hora: 12:29:25
1 - Software; Archivo: medios.php; Acción: Lista las facturas en facturación; Fecha: 13-08-2025; Hora: 12:29:25
1 - Software; Archivo: medios.php; Acción: Lista las facturas en facturación; Fecha: 13-08-2025; Hora: 12:29:25
1 - Software; Archivo: medios.php; Acción: Lista las facturas en facturación; Fecha: 13-08-2025; Hora: 12:30:03
1 - Software; Archivo: medios.php; Acción: Lista las facturas en facturación; Fecha: 13-08-2025; Hora: 12:30:03
1 - Software; Archivo: medios.php; Acción: Lista las facturas en facturación; Fecha: 13-08-2025; Hora: 12:30:03
1 - Software; Archivo: medios.php; Acción: Lista las facturas en facturación; Fecha: 13-08-2025; Hora: 12:30:03
1 - Software; Archivo: medios.php; Acción: Lista las facturas en facturación; Fecha: 13-08-2025; Hora: 12:30:21
1 - Software; Archivo: medios.php; Acción: Lista las facturas en facturación; Fecha: 13-08-2025; Hora: 12:30:21
1 - Software; Archivo: medios.php; Acción: Lista las facturas en facturación; Fecha: 13-08-2025; Hora: 12:30:21
1 - Software; Archivo: medios.php; Acción: Lista las facturas en facturación; Fecha: 13-08-2025; Hora: 12:30:21
1 - Software; Archivo: medios.php; Acción: Lista las facturas en facturación; Fecha: 13-08-2025; Hora: 12:31:51
1 - Software; Archivo: medios.php; Acción: Lista las facturas en facturación; Fecha: 13-08-2025; Hora: 12:31:51
1 - Software; Archivo: medios.php; Acción: Lista las facturas en facturación; Fecha: 13-08-2025; Hora: 12:31:51
1 - Software; Archivo: medios.php; Acción: Lista las facturas en facturación; Fecha: 13-08-2025; Hora: 12:31:51
1 - Software; Archivo: medios.php; Acción: Lista las facturas en facturación; Fecha: 13-08-2025; Hora: 12:32:31
1 - Software; Archivo: medios.php; Acción: Lista las facturas en facturación; Fecha: 13-08-2025; Hora: 12:32:31
1 - Software; Archivo: medios.php; Acción: Lista las facturas en facturación; Fecha: 13-08-2025; Hora: 12:32:31
1 - Software; Archivo: medios.php; Acción: Lista las facturas en facturación; Fecha: 13-08-2025; Hora: 12:32:31
1 - Software; Archivo: medios.php; Acción: Lista las facturas en facturación; Fecha: 13-08-2025; Hora: 12:32:32
1 - Software; Archivo: medios.php; Acción: Lista las facturas en facturación; Fecha: 13-08-2025; Hora: 12:32:32
1 - Software; Archivo: medios.php; Acción: Lista las facturas en facturación; Fecha: 13-08-2025; Hora: 12:32:32
1 - Software; Archivo: medios.php; Acción: Lista las facturas en facturación; Fecha: 13-08-2025; Hora: 12:32:32
1 - Software; Archivo: medios.php; Acción: Lista las facturas en facturación; Fecha: 13-08-2025; Hora: 12:34:12
1 - Software; Archivo: medios.php; Acción: Lista las facturas en facturación; Fecha: 13-08-2025; Hora: 12:34:12
1 - Software; Archivo: medios.php; Acción: Lista las facturas en facturación; Fecha: 13-08-2025; Hora: 12:34:12
1 - Software; Archivo: medios.php; Acción: Lista las facturas en facturación; Fecha: 13-08-2025; Hora: 12:34:12
1 - Software; Archivo: pagos.php; Acción: Recoger los medios de pago; Fecha: 13-08-2025; Hora: 12:35:46
1 - Software; Archivo: tarifaAloja.php; Acción: Lista las tarifas de alojamiento; Fecha: 13-08-2025; Hora: 12:35:46
1 - Software; Archivo: tarifaAloja.php; Acción: Lista las tarifas de alojamiento; Fecha: 13-08-2025; Hora: 12:35:50
1 - Software; Archivo: tarifaAloja.php; Acción: Lista las tarifas de alojamiento; Fecha: 13-08-2025; Hora: 12:35:57
1 - Software; Archivo: medios.php; Acción: Lista las facturas en facturación; Fecha: 13-08-2025; Hora: 12:39:30
1 - Software; Archivo: medios.php; Acción: Lista las facturas en facturación; Fecha: 13-08-2025; Hora: 12:39:30
1 - Software; Archivo: medios.php; Acción: Lista las facturas en facturación; Fecha: 13-08-2025; Hora: 12:39:30
1 - Software; Archivo: medios.php; Acción: Lista las facturas en facturación; Fecha: 13-08-2025; Hora: 12:39:30
1 - Software; Archivo: medios.php; Acción: Lista las facturas en facturación; Fecha: 13-08-2025; Hora: 12:47:42
1 - Software; Archivo: medios.php; Acción: Lista las facturas en facturación; Fecha: 13-08-2025; Hora: 12:47:42
1 - Software; Archivo: medios.php; Acción: Lista las facturas en facturación; Fecha: 13-08-2025; Hora: 12:47:42
1 - Software; Archivo: medios.php; Acción: Lista las facturas en facturación; Fecha: 13-08-2025; Hora: 12:47:42
1 - Software; Archivo: medios.php; Acción: Lista las facturas en facturación; Fecha: 13-08-2025; Hora: 12:48:11
1 - Software; Archivo: medios.php; Acción: Lista las facturas en facturación; Fecha: 13-08-2025; Hora: 12:48:11
1 - Software; Archivo: medios.php; Acción: Lista las facturas en facturación; Fecha: 13-08-2025; Hora: 12:48:11
1 - Software; Archivo: medios.php; Acción: Lista las facturas en facturación; Fecha: 13-08-2025; Hora: 12:48:11
1 - Software; Archivo: medios.php; Acción: Lista las facturas en facturación; Fecha: 13-08-2025; Hora: 12:49:08
1 - Software; Archivo: medios.php; Acción: Lista las facturas en facturación; Fecha: 13-08-2025; Hora: 12:49:08
1 - Software; Archivo: medios.php; Acción: Lista las facturas en facturación; Fecha: 13-08-2025; Hora: 12:49:08
1 - Software; Archivo: medios.php; Acción: Lista las facturas en facturación; Fecha: 13-08-2025; Hora: 12:49:08
1 - Software; Archivo: medios.php; Acción: Lista las facturas en facturación; Fecha: 13-08-2025; Hora: 12:53:26
1 - Software; Archivo: medios.php; Acción: Lista las facturas en facturación; Fecha: 13-08-2025; Hora: 12:53:26
1 - Software; Archivo: medios.php; Acción: Lista las facturas en facturación; Fecha: 13-08-2025; Hora: 12:53:26
1 - Software; Archivo: medios.php; Acción: Lista las facturas en facturación; Fecha: 13-08-2025; Hora: 12:53:26
1 - Software; Archivo: medios.php; Acción: Lista las facturas en facturación; Fecha: 13-08-2025; Hora: 12:54:06
1 - Software; Archivo: medios.php; Acción: Lista las facturas en facturación; Fecha: 13-08-2025; Hora: 12:54:06
1 - Software; Archivo: medios.php; Acción: Lista las facturas en facturación; Fecha: 13-08-2025; Hora: 12:54:06
1 - Software; Archivo: medios.php; Acción: Lista las facturas en facturación; Fecha: 13-08-2025; Hora: 12:54:06
1 - Software; Archivo: medios.php; Acción: Lista las facturas en facturación; Fecha: 13-08-2025; Hora: 12:54:22
1 - Software; Archivo: medios.php; Acción: Lista las facturas en facturación; Fecha: 13-08-2025; Hora: 12:54:22
1 - Software; Archivo: medios.php; Acción: Lista las facturas en facturación; Fecha: 13-08-2025; Hora: 12:54:22
1 - Software; Archivo: medios.php; Acción: Lista las facturas en facturación; Fecha: 13-08-2025; Hora: 12:54:22
1 - Software; Archivo: medios.php; Acción: Lista las facturas en facturación; Fecha: 13-08-2025; Hora: 12:54:40
1 - Software; Archivo: medios.php; Acción: Lista las facturas en facturación; Fecha: 13-08-2025; Hora: 12:54:40
1 - Software; Archivo: medios.php; Acción: Lista las facturas en facturación; Fecha: 13-08-2025; Hora: 12:54:40
1 - Software; Archivo: medios.php; Acción: Lista las facturas en facturación; Fecha: 13-08-2025; Hora: 12:54:40
1 - Software; Archivo: medios.php; Acción: Lista las facturas en facturación; Fecha: 13-08-2025; Hora: 13:03:02
1 - Software; Archivo: medios.php; Acción: Lista las facturas en facturación; Fecha: 13-08-2025; Hora: 13:03:02
1 - Software; Archivo: medios.php; Acción: Lista las facturas en facturación; Fecha: 13-08-2025; Hora: 13:03:02
1 - Software; Archivo: medios.php; Acción: Lista las facturas en facturación; Fecha: 13-08-2025; Hora: 13:03:02
1 - Software; Archivo: medios.php; Acción: Lista las facturas en facturación; Fecha: 13-08-2025; Hora: 13:05:19
1 - Software; Archivo: medios.php; Acción: Lista las facturas en facturación; Fecha: 13-08-2025; Hora: 13:05:19
1 - Software; Archivo: medios.php; Acción: Lista las facturas en facturación; Fecha: 13-08-2025; Hora: 13:05:19
1 - Software; Archivo: medios.php; Acción: Lista las facturas en facturación; Fecha: 13-08-2025; Hora: 13:05:19
1 - Software; Archivo: medios.php; Acción: Lista las facturas en facturación; Fecha: 13-08-2025; Hora: 13:05:47
1 - Software; Archivo: medios.php; Acción: Lista las facturas en facturación; Fecha: 13-08-2025; Hora: 13:05:47
1 - Software; Archivo: medios.php; Acción: Lista las facturas en facturación; Fecha: 13-08-2025; Hora: 13:05:47
1 - Software; Archivo: medios.php; Acción: Lista las facturas en facturación; Fecha: 13-08-2025; Hora: 13:05:47
1 - Software; Archivo: medios.php; Acción: Lista las facturas en facturación; Fecha: 13-08-2025; Hora: 13:09:09
1 - Software; Archivo: medios.php; Acción: Lista las facturas en facturación; Fecha: 13-08-2025; Hora: 13:09:09
1 - Software; Archivo: medios.php; Acción: Lista las facturas en facturación; Fecha: 13-08-2025; Hora: 13:09:09
1 - Software; Archivo: medios.php; Acción: Lista las facturas en facturación; Fecha: 13-08-2025; Hora: 13:09:09
1 - Software; Archivo: medios.php; Acción: Lista las facturas en facturación; Fecha: 13-08-2025; Hora: 13:10:03
1 - Software; Archivo: medios.php; Acción: Lista las facturas en facturación; Fecha: 13-08-2025; Hora: 13:10:03
1 - Software; Archivo: medios.php; Acción: Lista las facturas en facturación; Fecha: 13-08-2025; Hora: 13:10:03
1 - Software; Archivo: medios.php; Acción: Lista las facturas en facturación; Fecha: 13-08-2025; Hora: 13:10:03
1 - Software; Archivo: medios.php; Acción: Lista las facturas en facturación; Fecha: 13-08-2025; Hora: 13:12:01
1 - Software; Archivo: medios.php; Acción: Lista las facturas en facturación; Fecha: 13-08-2025; Hora: 13:12:01
1 - Software; Archivo: medios.php; Acción: Lista las facturas en facturación; Fecha: 13-08-2025; Hora: 13:12:01
1 - Software; Archivo: medios.php; Acción: Lista las facturas en facturación; Fecha: 13-08-2025; Hora: 13:12:01
1 - Software; Archivo: medios.php; Acción: Lista las facturas en facturación; Fecha: 13-08-2025; Hora: 13:12:15
1 - Software; Archivo: medios.php; Acción: Lista las facturas en facturación; Fecha: 13-08-2025; Hora: 13:12:15
1 - Software; Archivo: medios.php; Acción: Lista las facturas en facturación; Fecha: 13-08-2025; Hora: 13:12:15
1 - Software; Archivo: medios.php; Acción: Lista las facturas en facturación; Fecha: 13-08-2025; Hora: 13:12:15
1 - Software; Archivo: medios.php; Acción: Lista las facturas en facturación; Fecha: 13-08-2025; Hora: 13:12:16
1 - Software; Archivo: medios.php; Acción: Lista las facturas en facturación; Fecha: 13-08-2025; Hora: 13:12:16
1 - Software; Archivo: medios.php; Acción: Lista las facturas en facturación; Fecha: 13-08-2025; Hora: 13:12:16
1 - Software; Archivo: medios.php; Acción: Lista las facturas en facturación; Fecha: 13-08-2025; Hora: 13:12:16
1 - Software; Archivo: medios.php; Acción: Lista las facturas en facturación; Fecha: 13-08-2025; Hora: 13:12:48
1 - Software; Archivo: medios.php; Acción: Lista las facturas en facturación; Fecha: 13-08-2025; Hora: 13:12:48
1 - Software; Archivo: medios.php; Acción: Lista las facturas en facturación; Fecha: 13-08-2025; Hora: 13:12:48
1 - Software; Archivo: medios.php; Acción: Lista las facturas en facturación; Fecha: 13-08-2025; Hora: 13:12:48
1 - Software; Archivo: medios.php; Acción: Lista las facturas en facturación; Fecha: 13-08-2025; Hora: 13:14:04
1 - Software; Archivo: medios.php; Acción: Lista las facturas en facturación; Fecha: 13-08-2025; Hora: 13:14:04
1 - Software; Archivo: medios.php; Acción: Lista las facturas en facturación; Fecha: 13-08-2025; Hora: 13:14:04
1 - Software; Archivo: medios.php; Acción: Lista las facturas en facturación; Fecha: 13-08-2025; Hora: 13:14:04
1 - Software; Archivo: medios.php; Acción: Lista las facturas en facturación; Fecha: 13-08-2025; Hora: 13:15:53
1 - Software; Archivo: medios.php; Acción: Lista las facturas en facturación; Fecha: 13-08-2025; Hora: 13:15:53
1 - Software; Archivo: medios.php; Acción: Lista las facturas en facturación; Fecha: 13-08-2025; Hora: 13:15:53
1 - Software; Archivo: medios.php; Acción: Lista las facturas en facturación; Fecha: 13-08-2025; Hora: 13:15:53
1 - Software; Archivo: medios.php; Acción: Lista las facturas en facturación; Fecha: 13-08-2025; Hora: 13:16:28
1 - Software; Archivo: medios.php; Acción: Lista las facturas en facturación; Fecha: 13-08-2025; Hora: 13:16:28
1 - Software; Archivo: medios.php; Acción: Lista las facturas en facturación; Fecha: 13-08-2025; Hora: 13:16:28
1 - Software; Archivo: medios.php; Acción: Lista las facturas en facturación; Fecha: 13-08-2025; Hora: 13:16:28
1 - Software; Archivo: medios.php; Acción: Lista las facturas en facturación; Fecha: 13-08-2025; Hora: 13:17:34
1 - Software; Archivo: medios.php; Acción: Lista las facturas en facturación; Fecha: 13-08-2025; Hora: 13:17:34
1 - Software; Archivo: medios.php; Acción: Lista las facturas en facturación; Fecha: 13-08-2025; Hora: 13:17:34
1 - Software; Archivo: medios.php; Acción: Lista las facturas en facturación; Fecha: 13-08-2025; Hora: 13:17:34
1 - Software; Archivo: medios.php; Acción: Lista las facturas en facturación; Fecha: 13-08-2025; Hora: 13:17:35
1 - Software; Archivo: medios.php; Acción: Lista las facturas en facturación; Fecha: 13-08-2025; Hora: 13:17:35
1 - Software; Archivo: medios.php; Acción: Lista las facturas en facturación; Fecha: 13-08-2025; Hora: 13:17:35
1 - Software; Archivo: medios.php; Acción: Lista las facturas en facturación; Fecha: 13-08-2025; Hora: 13:17:35
1 - Software; Archivo: medios.php; Acción: Lista las facturas en facturación; Fecha: 13-08-2025; Hora: 13:17:49
1 - Software; Archivo: medios.php; Acción: Lista las facturas en facturación; Fecha: 13-08-2025; Hora: 13:17:49
1 - Software; Archivo: medios.php; Acción: Lista las facturas en facturación; Fecha: 13-08-2025; Hora: 13:17:49
1 - Software; Archivo: medios.php; Acción: Lista las facturas en facturación; Fecha: 13-08-2025; Hora: 13:17:49
1 - Software; Archivo: medios.php; Acción: Lista las facturas en facturación; Fecha: 13-08-2025; Hora: 13:17:49
1 - Software; Archivo: medios.php; Acción: Lista las facturas en facturación; Fecha: 13-08-2025; Hora: 13:17:49
1 - Software; Archivo: medios.php; Acción: Lista las facturas en facturación; Fecha: 13-08-2025; Hora: 13:17:49
1 - Software; Archivo: medios.php; Acción: Lista las facturas en facturación; Fecha: 13-08-2025; Hora: 13:17:49
1 - Software; Archivo: medios.php; Acción: Lista las facturas en facturación; Fecha: 13-08-2025; Hora: 13:18:46
1 - Software; Archivo: medios.php; Acción: Lista las facturas en facturación; Fecha: 13-08-2025; Hora: 13:18:46
1 - Software; Archivo: medios.php; Acción: Lista las facturas en facturación; Fecha: 13-08-2025; Hora: 13:18:46
1 - Software; Archivo: medios.php; Acción: Lista las facturas en facturación; Fecha: 13-08-2025; Hora: 13:18:46
1 - Software; Archivo: medios.php; Acción: Lista las facturas en facturación; Fecha: 13-08-2025; Hora: 13:18:48
1 - Software; Archivo: medios.php; Acción: Lista las facturas en facturación; Fecha: 13-08-2025; Hora: 13:18:48
1 - Software; Archivo: medios.php; Acción: Lista las facturas en facturación; Fecha: 13-08-2025; Hora: 13:18:48
1 - Software; Archivo: medios.php; Acción: Lista las facturas en facturación; Fecha: 13-08-2025; Hora: 13:18:48
1 - Software; Archivo: medios.php; Acción: Lista las facturas en facturación; Fecha: 13-08-2025; Hora: 13:19:27
1 - Software; Archivo: medios.php; Acción: Lista las facturas en facturación; Fecha: 13-08-2025; Hora: 13:19:27
1 - Software; Archivo: medios.php; Acción: Lista las facturas en facturación; Fecha: 13-08-2025; Hora: 13:19:27
1 - Software; Archivo: medios.php; Acción: Lista las facturas en facturación; Fecha: 13-08-2025; Hora: 13:19:27
1 - Software; Archivo: medios.php; Acción: Lista las facturas en facturación; Fecha: 13-08-2025; Hora: 13:19:28
1 - Software; Archivo: medios.php; Acción: Lista las facturas en facturación; Fecha: 13-08-2025; Hora: 13:19:28
1 - Software; Archivo: medios.php; Acción: Lista las facturas en facturación; Fecha: 13-08-2025; Hora: 13:19:28
1 - Software; Archivo: medios.php; Acción: Lista las facturas en facturación; Fecha: 13-08-2025; Hora: 13:19:29
1 - Software; Archivo: medios.php; Acción: Lista las facturas en facturación; Fecha: 13-08-2025; Hora: 13:20:10
1 - Software; Archivo: medios.php; Acción: Lista las facturas en facturación; Fecha: 13-08-2025; Hora: 13:20:11
1 - Software; Archivo: medios.php; Acción: Lista las facturas en facturación; Fecha: 13-08-2025; Hora: 13:20:11
1 - Software; Archivo: medios.php; Acción: Lista las facturas en facturación; Fecha: 13-08-2025; Hora: 13:20:11
1 - Software; Archivo: medios.php; Acción: Lista las facturas en facturación; Fecha: 13-08-2025; Hora: 13:20:11
1 - Software; Archivo: medios.php; Acción: Lista las facturas en facturación; Fecha: 13-08-2025; Hora: 13:20:22
1 - Software; Archivo: medios.php; Acción: Lista las facturas en facturación; Fecha: 13-08-2025; Hora: 13:20:22
1 - Software; Archivo: medios.php; Acción: Lista las facturas en facturación; Fecha: 13-08-2025; Hora: 13:20:22
1 - Software; Archivo: medios.php; Acción: Lista las facturas en facturación; Fecha: 13-08-2025; Hora: 13:20:22
1 - Software; Archivo: medios.php; Acción: Lista las facturas en facturación; Fecha: 13-08-2025; Hora: 13:20:31
1 - Software; Archivo: medios.php; Acción: Lista las facturas en facturación; Fecha: 13-08-2025; Hora: 13:20:31
1 - Software; Archivo: medios.php; Acción: Lista las facturas en facturación; Fecha: 13-08-2025; Hora: 13:20:31
1 - Software; Archivo: medios.php; Acción: Lista las facturas en facturación; Fecha: 13-08-2025; Hora: 13:20:31
1 - Software; Archivo: medios.php; Acción: Lista las facturas en facturación; Fecha: 13-08-2025; Hora: 13:31:06
1 - Software; Archivo: medios.php; Acción: Lista las facturas en facturación; Fecha: 13-08-2025; Hora: 13:31:06
1 - Software; Archivo: medios.php; Acción: Lista las facturas en facturación; Fecha: 13-08-2025; Hora: 13:31:06
1 - Software; Archivo: medios.php; Acción: Lista las facturas en facturación; Fecha: 13-08-2025; Hora: 13:31:06
1 - Software; Archivo: medios.php; Acción: Lista las facturas en facturación; Fecha: 13-08-2025; Hora: 13:31:07
1 - Software; Archivo: medios.php; Acción: Lista las facturas en facturación; Fecha: 13-08-2025; Hora: 13:31:07
1 - Software; Archivo: medios.php; Acción: Lista las facturas en facturación; Fecha: 13-08-2025; Hora: 13:31:07
1 - Software; Archivo: medios.php; Acción: Lista las facturas en facturación; Fecha: 13-08-2025; Hora: 13:31:07
1 - Software; Archivo: medios.php; Acción: Lista las facturas en facturación; Fecha: 13-08-2025; Hora: 13:31:28
1 - Software; Archivo: medios.php; Acción: Lista las facturas en facturación; Fecha: 13-08-2025; Hora: 13:31:28
1 - Software; Archivo: medios.php; Acción: Lista las facturas en facturación; Fecha: 13-08-2025; Hora: 13:31:28
1 - Software; Archivo: medios.php; Acción: Lista las facturas en facturación; Fecha: 13-08-2025; Hora: 13:31:28
1 - Software; Archivo: medios.php; Acción: Lista las facturas en facturación; Fecha: 13-08-2025; Hora: 13:32:51
1 - Software; Archivo: medios.php; Acción: Lista las facturas en facturación; Fecha: 13-08-2025; Hora: 13:32:51
1 - Software; Archivo: medios.php; Acción: Lista las facturas en facturación; Fecha: 13-08-2025; Hora: 13:32:51
1 - Software; Archivo: medios.php; Acción: Lista las facturas en facturación; Fecha: 13-08-2025; Hora: 13:32:51
1 - Software; Archivo: medios.php; Acción: Lista las facturas en facturación; Fecha: 13-08-2025; Hora: 13:32:52
1 - Software; Archivo: medios.php; Acción: Lista las facturas en facturación; Fecha: 13-08-2025; Hora: 13:32:52
1 - Software; Archivo: medios.php; Acción: Lista las facturas en facturación; Fecha: 13-08-2025; Hora: 13:32:52
1 - Software; Archivo: medios.php; Acción: Lista las facturas en facturación; Fecha: 13-08-2025; Hora: 13:32:52
1 - Software; Archivo: medios.php; Acción: Lista las facturas en facturación; Fecha: 13-08-2025; Hora: 13:33:13
1 - Software; Archivo: medios.php; Acción: Lista las facturas en facturación; Fecha: 13-08-2025; Hora: 13:33:13
1 - Software; Archivo: medios.php; Acción: Lista las facturas en facturación; Fecha: 13-08-2025; Hora: 13:33:13
1 - Software; Archivo: medios.php; Acción: Lista las facturas en facturación; Fecha: 13-08-2025; Hora: 13:33:13
1 - Software; Archivo: medios.php; Acción: Lista las facturas en facturación; Fecha: 13-08-2025; Hora: 13:33:14
1 - Software; Archivo: medios.php; Acción: Lista las facturas en facturación; Fecha: 13-08-2025; Hora: 13:33:14
1 - Software; Archivo: medios.php; Acción: Lista las facturas en facturación; Fecha: 13-08-2025; Hora: 13:33:14
1 - Software; Archivo: medios.php; Acción: Lista las facturas en facturación; Fecha: 13-08-2025; Hora: 13:33:14
1 - Software; Archivo: medios.php; Acción: Lista las facturas en facturación; Fecha: 13-08-2025; Hora: 13:39:42
1 - Software; Archivo: medios.php; Acción: Lista las facturas en facturación; Fecha: 13-08-2025; Hora: 13:39:42
1 - Software; Archivo: medios.php; Acción: Lista las facturas en facturación; Fecha: 13-08-2025; Hora: 13:39:42
1 - Software; Archivo: medios.php; Acción: Lista las facturas en facturación; Fecha: 13-08-2025; Hora: 13:39:42
1 - Software; Archivo: pagos.php; Acción: Recoger los medios de pago; Fecha: 13-08-2025; Hora: 13:41:32
1 - Software; Archivo: tarifaAloja.php; Acción: Lista las tarifas de alojamiento; Fecha: 13-08-2025; Hora: 13:41:32
1 - Software; Archivo: tarifaAloja.php; Acción: Lista las tarifas de alojamiento; Fecha: 13-08-2025; Hora: 13:41:36
1 - Software; Archivo: pagos.php; Acción: Recoger los medios de pago; Fecha: 13-08-2025; Hora: 13:41:40
1 - Software; Archivo: tarifaAloja.php; Acción: Lista las tarifas de alojamiento; Fecha: 13-08-2025; Hora: 13:41:40
1 - Software; Archivo: tarifaAloja.php; Acción: Lista las tarifas de alojamiento; Fecha: 13-08-2025; Hora: 13:41:46
1 - Software; Archivo: tarifaAloja.php; Acción: Lista las tarifas de alojamiento; Fecha: 13-08-2025; Hora: 13:41:55
1 - Software; Archivo: tarifaAloja.php; Acción: Lista las tarifas de alojamiento; Fecha: 13-08-2025; Hora: 13:42:26
1 - Software; Archivo: tarifaAloja.php; Acción: Lista las tarifas de alojamiento; Fecha: 13-08-2025; Hora: 13:42:29
1 - Software; Archivo: tarifaAloja.php; Acción: Lista las tarifas de alojamiento; Fecha: 13-08-2025; Hora: 13:42:49
1 - Software; Archivo: tarifaAloja.php; Acción: Lista las tarifas de alojamiento; Fecha: 13-08-2025; Hora: 13:43:11
1 - Software; Archivo: tarifaAloja.php; Acción: Lista las tarifas de alojamiento; Fecha: 13-08-2025; Hora: 13:45:56
1 - Software; Archivo: tarifaAloja.php; Acción: Lista las tarifas de alojamiento; Fecha: 13-08-2025; Hora: 13:45:57
1 - Software; Archivo: tarifaAloja.php; Acción: Lista las tarifas de alojamiento; Fecha: 13-08-2025; Hora: 13:46:11
1 - Software; Archivo: medios.php; Acción: Lista las facturas en facturación; Fecha: 13-08-2025; Hora: 13:48:25
1 - Software; Archivo: medios.php; Acción: Lista las facturas en facturación; Fecha: 13-08-2025; Hora: 13:48:25
1 - Software; Archivo: medios.php; Acción: Lista las facturas en facturación; Fecha: 13-08-2025; Hora: 13:48:25
1 - Software; Archivo: medios.php; Acción: Lista las facturas en facturación; Fecha: 13-08-2025; Hora: 13:48:25
1 - Software; Archivo: medios.php; Acción: Lista las facturas en facturación; Fecha: 13-08-2025; Hora: 13:51:50
1 - Software; Archivo: medios.php; Acción: Lista las facturas en facturación; Fecha: 13-08-2025; Hora: 13:51:50
1 - Software; Archivo: medios.php; Acción: Lista las facturas en facturación; Fecha: 13-08-2025; Hora: 13:51:50
1 - Software; Archivo: medios.php; Acción: Lista las facturas en facturación; Fecha: 13-08-2025; Hora: 13:51:50
1 - Software; Archivo: medios.php; Acción: Lista las facturas en facturación; Fecha: 13-08-2025; Hora: 13:52:20
1 - Software; Archivo: medios.php; Acción: Lista las facturas en facturación; Fecha: 13-08-2025; Hora: 13:52:20
1 - Software; Archivo: medios.php; Acción: Lista las facturas en facturación; Fecha: 13-08-2025; Hora: 13:52:20
1 - Software; Archivo: medios.php; Acción: Lista las facturas en facturación; Fecha: 13-08-2025; Hora: 13:52:20
1 - Software; Archivo: pagos.php; Acción: Recoger los medios de pago; Fecha: 13-08-2025; Hora: 13:58:25
1 - Software; Archivo: tarifaAloja.php; Acción: Lista las tarifas de alojamiento; Fecha: 13-08-2025; Hora: 13:58:25
1 - Software; Archivo: tarifaAloja.php; Acción: Lista las tarifas de alojamiento; Fecha: 13-08-2025; Hora: 13:58:29
1 - Software; Archivo: pagos.php; Acción: Recoger los medios de pago; Fecha: 13-08-2025; Hora: 13:58:30
1 - Software; Archivo: tarifaAloja.php; Acción: Lista las tarifas de alojamiento; Fecha: 13-08-2025; Hora: 13:58:30
1 - Software; Archivo: tarifaAloja.php; Acción: Lista las tarifas de alojamiento; Fecha: 13-08-2025; Hora: 13:58:32
1 - Software; Archivo: pagos.php; Acción: Recoger los medios de pago; Fecha: 13-08-2025; Hora: 13:58:36
1 - Software; Archivo: tarifaAloja.php; Acción: Lista las tarifas de alojamiento; Fecha: 13-08-2025; Hora: 13:58:36
1 - Software; Archivo: tarifaAloja.php; Acción: Lista las tarifas de alojamiento; Fecha: 13-08-2025; Hora: 13:58:52
1 - Software; Archivo: tarifaAloja.php; Acción: Lista las tarifas de alojamiento; Fecha: 13-08-2025; Hora: 13:59:02
1 - Software; Archivo: tarifaAloja.php; Acción: Lista las tarifas de alojamiento; Fecha: 13-08-2025; Hora: 13:59:25
1 - Software; Archivo: tarifaAloja.php; Acción: Lista las tarifas de alojamiento; Fecha: 13-08-2025; Hora: 13:59:30
1 - Software; Archivo: tarifaAloja.php; Acción: Lista las tarifas de alojamiento; Fecha: 13-08-2025; Hora: 13:59:42
1 - Software; Archivo: tarifaAloja.php; Acción: Lista las tarifas de alojamiento; Fecha: 13-08-2025; Hora: 13:59:59
1 - Software; Archivo: tarifaAloja.php; Acción: Lista las tarifas de alojamiento; Fecha: 13-08-2025; Hora: 14:00:02
1 - Software; Archivo: tarifaAloja.php; Acción: Lista las tarifas de alojamiento; Fecha: 13-08-2025; Hora: 14:00:12
1 - Software; Archivo: pagos.php; Acción: Recoger los medios de pago; Fecha: 13-08-2025; Hora: 14:01:32
1 - Software; Archivo: tarifaAloja.php; Acción: Lista las tarifas de alojamiento; Fecha: 13-08-2025; Hora: 14:01:32
1 - Software; Archivo: pagos.php; Acción: Recoger los medios de pago; Fecha: 13-08-2025; Hora: 14:01:46
1 - Software; Archivo: tarifaAloja.php; Acción: Lista las tarifas de alojamiento; Fecha: 13-08-2025; Hora: 14:01:46
1 - Software; Archivo: tarifaAloja.php; Acción: Lista las tarifas de alojamiento; Fecha: 13-08-2025; Hora: 14:01:53
1 - Software; Archivo: tarifaAloja.php; Acción: Lista las tarifas de alojamiento; Fecha: 13-08-2025; Hora: 14:01:59
1 - Software; Archivo: tarifaAloja.php; Acción: Lista las tarifas de alojamiento; Fecha: 13-08-2025; Hora: 14:02:02
1 - Software; Archivo: tarifaAloja.php; Acción: Lista las tarifas de alojamiento; Fecha: 13-08-2025; Hora: 14:02:06
1 - Software; Archivo: pagos.php; Acción: Recoger los medios de pago; Fecha: 13-08-2025; Hora: 14:02:44
1 - Software; Archivo: tarifaAloja.php; Acción: Lista las tarifas de alojamiento; Fecha: 13-08-2025; Hora: 14:02:44
1 - Software; Archivo: tarifaAloja.php; Acción: Lista las tarifas de alojamiento; Fecha: 13-08-2025; Hora: 14:02:46
1 - Software; Archivo: tarifaAloja.php; Acción: Lista las tarifas de alojamiento; Fecha: 13-08-2025; Hora: 14:02:50
1 - Software; Archivo: pagos.php; Acción: Recoger los medios de pago; Fecha: 13-08-2025; Hora: 14:03:42
1 - Software; Archivo: tarifaAloja.php; Acción: Lista las tarifas de alojamiento; Fecha: 13-08-2025; Hora: 14:03:42
1 - Software; Archivo: pagos.php; Acción: Recoger los medios de pago; Fecha: 13-08-2025; Hora: 14:03:52
1 - Software; Archivo: tarifaAloja.php; Acción: Lista las tarifas de alojamiento; Fecha: 13-08-2025; Hora: 14:03:52
1 - Software; Archivo: pagos.php; Acción: Recoger los medios de pago; Fecha: 13-08-2025; Hora: 14:04:27
1 - Software; Archivo: tarifaAloja.php; Acción: Lista las tarifas de alojamiento; Fecha: 13-08-2025; Hora: 14:04:27
1 - Software; Archivo: pagos.php; Acción: Recoger los medios de pago; Fecha: 13-08-2025; Hora: 14:04:40
1 - Software; Archivo: tarifaAloja.php; Acción: Lista las tarifas de alojamiento; Fecha: 13-08-2025; Hora: 14:04:40
1 - Software; Archivo: pagos.php; Acción: Recoger los medios de pago; Fecha: 13-08-2025; Hora: 14:04:48
1 - Software; Archivo: tarifaAloja.php; Acción: Lista las tarifas de alojamiento; Fecha: 13-08-2025; Hora: 14:04:48
1 - Software; Archivo: tarifaAloja.php; Acción: Lista las tarifas de alojamiento; Fecha: 13-08-2025; Hora: 14:05:35
1 - Software; Archivo: pagos.php; Acción: Recoger los medios de pago; Fecha: 13-08-2025; Hora: 14:05:49
1 - Software; Archivo: tarifaAloja.php; Acción: Lista las tarifas de alojamiento; Fecha: 13-08-2025; Hora: 14:05:49
1 - Software; Archivo: tarifaAloja.php; Acción: Lista las tarifas de alojamiento; Fecha: 13-08-2025; Hora: 14:05:54
1 - Software; Archivo: tarifaAloja.php; Acción: Lista las tarifas de alojamiento; Fecha: 13-08-2025; Hora: 14:05:57
1 - Software; Archivo: tarifaAloja.php; Acción: Lista las tarifas de alojamiento; Fecha: 13-08-2025; Hora: 14:10:01
1 - Software; Archivo: tarifaAloja.php; Acción: Lista las tarifas de alojamiento; Fecha: 13-08-2025; Hora: 14:11:55
1 - Software; Archivo: pagos.php; Acción: Recoger los medios de pago; Fecha: 13-08-2025; Hora: 14:12:30
1 - Software; Archivo: tarifaAloja.php; Acción: Lista las tarifas de alojamiento; Fecha: 13-08-2025; Hora: 14:12:30
1 - Software; Archivo: pagos.php; Acción: Recoger los medios de pago; Fecha: 13-08-2025; Hora: 14:12:37
1 - Software; Archivo: tarifaAloja.php; Acción: Lista las tarifas de alojamiento; Fecha: 13-08-2025; Hora: 14:12:37
1 - Software; Archivo: tarifaAloja.php; Acción: Lista las tarifas de alojamiento; Fecha: 13-08-2025; Hora: 14:12:41
1 - Software; Archivo: tarifaAloja.php; Acción: Lista las tarifas de alojamiento; Fecha: 13-08-2025; Hora: 14:12:51
1 - Software; Archivo: tarifaAloja.php; Acción: Lista las tarifas de alojamiento; Fecha: 13-08-2025; Hora: 14:13:04
1 - Software; Archivo: tarifaAloja.php; Acción: Lista las tarifas de alojamiento; Fecha: 13-08-2025; Hora: 14:13:16
1 - Software; Archivo: tarifaAloja.php; Acción: Lista las tarifas de alojamiento; Fecha: 13-08-2025; Hora: 14:13:25
1 - Software; Archivo: pagos.php; Acción: Recoger los medios de pago; Fecha: 13-08-2025; Hora: 14:14:05
1 - Software; Archivo: tarifaAloja.php; Acción: Lista las tarifas de alojamiento; Fecha: 13-08-2025; Hora: 14:14:05
1 - Software; Archivo: pagos.php; Acción: Recoger los medios de pago; Fecha: 13-08-2025; Hora: 14:14:36
1 - Software; Archivo: tarifaAloja.php; Acción: Lista las tarifas de alojamiento; Fecha: 13-08-2025; Hora: 14:14:36
1 - Software; Archivo: pagos.php; Acción: Recoger los medios de pago; Fecha: 13-08-2025; Hora: 14:16:18
1 - Software; Archivo: tarifaAloja.php; Acción: Lista las tarifas de alojamiento; Fecha: 13-08-2025; Hora: 14:16:18
1 - Software; Archivo: pagos.php; Acción: Recoger los medios de pago; Fecha: 13-08-2025; Hora: 14:18:25
1 - Software; Archivo: tarifaAloja.php; Acción: Lista las tarifas de alojamiento; Fecha: 13-08-2025; Hora: 14:18:25
1 - Software; Archivo: tarifaAloja.php; Acción: Lista las tarifas de alojamiento; Fecha: 13-08-2025; Hora: 14:18:34
1 - Software; Archivo: tarifaAloja.php; Acción: Lista las tarifas de alojamiento; Fecha: 13-08-2025; Hora: 14:18:40
1 - Software; Archivo: medios.php; Acción: Lista las facturas en facturación; Fecha: 13-08-2025; Hora: 14:20:41
1 - Software; Archivo: medios.php; Acción: Lista las facturas en facturación; Fecha: 13-08-2025; Hora: 14:20:41
1 - Software; Archivo: medios.php; Acción: Lista las facturas en facturación; Fecha: 13-08-2025; Hora: 14:20:41
1 - Software; Archivo: medios.php; Acción: Lista las facturas en facturación; Fecha: 13-08-2025; Hora: 14:20:41
1 - Software; Archivo: medios.php; Acción: Lista las facturas en facturación; Fecha: 13-08-2025; Hora: 14:21:42
1 - Software; Archivo: medios.php; Acción: Lista las facturas en facturación; Fecha: 13-08-2025; Hora: 14:21:42
1 - Software; Archivo: medios.php; Acción: Lista las facturas en facturación; Fecha: 13-08-2025; Hora: 14:21:42
1 - Software; Archivo: medios.php; Acción: Lista las facturas en facturación; Fecha: 13-08-2025; Hora: 14:21:42
1 - Software; Archivo: medios.php; Acción: Lista las facturas en facturación; Fecha: 13-08-2025; Hora: 14:22:02
1 - Software; Archivo: medios.php; Acción: Lista las facturas en facturación; Fecha: 13-08-2025; Hora: 14:22:02
1 - Software; Archivo: medios.php; Acción: Lista las facturas en facturación; Fecha: 13-08-2025; Hora: 14:22:05
1 - Software; Archivo: medios.php; Acción: Lista las facturas en facturación; Fecha: 13-08-2025; Hora: 14:22:05
1 - Software; Archivo: medios.php; Acción: Lista las facturas en facturación; Fecha: 13-08-2025; Hora: 14:22:05
1 - Software; Archivo: medios.php; Acción: Lista las facturas en facturación; Fecha: 13-08-2025; Hora: 14:22:05
1 - Software; Archivo: pagos.php; Acción: Recoger los medios de pago; Fecha: 13-08-2025; Hora: 14:22:54
1 - Software; Archivo: tarifaAloja.php; Acción: Lista las tarifas de alojamiento; Fecha: 13-08-2025; Hora: 14:22:54
1 - Software; Archivo: pagos.php; Acción: Recoger los medios de pago; Fecha: 13-08-2025; Hora: 14:32:42
1 - Software; Archivo: tarifaAloja.php; Acción: Lista las tarifas de alojamiento; Fecha: 13-08-2025; Hora: 14:32:42
1 - Software; Archivo: pagos.php; Acción: Recoger los medios de pago; Fecha: 13-08-2025; Hora: 14:32:44
1 - Software; Archivo: tarifaAloja.php; Acción: Lista las tarifas de alojamiento; Fecha: 13-08-2025; Hora: 14:32:44
1 - Software; Archivo: pagos.php; Acción: Recoger los medios de pago; Fecha: 13-08-2025; Hora: 14:32:53
1 - Software; Archivo: tarifaAloja.php; Acción: Lista las tarifas de alojamiento; Fecha: 13-08-2025; Hora: 14:32:53
1 - Software; Archivo: pagos.php; Acción: Recoger los medios de pago; Fecha: 13-08-2025; Hora: 14:33:00
1 - Software; Archivo: tarifaAloja.php; Acción: Lista las tarifas de alojamiento; Fecha: 13-08-2025; Hora: 14:33:00
1 - Software; Archivo: pagos.php; Acción: Recoger los medios de pago; Fecha: 13-08-2025; Hora: 14:33:59
1 - Software; Archivo: tarifaAloja.php; Acción: Lista las tarifas de alojamiento; Fecha: 13-08-2025; Hora: 14:33:59
1 - Software; Archivo: pagos.php; Acción: Recoger los medios de pago; Fecha: 13-08-2025; Hora: 14:34:08
1 - Software; Archivo: tarifaAloja.php; Acción: Lista las tarifas de alojamiento; Fecha: 13-08-2025; Hora: 14:34:08
1 - Software; Archivo: pagos.php; Acción: Recoger los medios de pago; Fecha: 13-08-2025; Hora: 14:34:28
1 - Software; Archivo: tarifaAloja.php; Acción: Lista las tarifas de alojamiento; Fecha: 13-08-2025; Hora: 14:34:28
1 - Software; Archivo: pagos.php; Acción: Recoger los medios de pago; Fecha: 13-08-2025; Hora: 14:35:53
1 - Software; Archivo: tarifaAloja.php; Acción: Lista las tarifas de alojamiento; Fecha: 13-08-2025; Hora: 14:35:53
1 - Software; Archivo: pagos.php; Acción: Recoger los medios de pago; Fecha: 13-08-2025; Hora: 14:35:54
1 - Software; Archivo: tarifaAloja.php; Acción: Lista las tarifas de alojamiento; Fecha: 13-08-2025; Hora: 14:35:55
1 - Software; Archivo: pagos.php; Acción: Recoger los medios de pago; Fecha: 13-08-2025; Hora: 14:37:22
1 - Software; Archivo: tarifaAloja.php; Acción: Lista las tarifas de alojamiento; Fecha: 13-08-2025; Hora: 14:37:22
1 - Software; Archivo: pagos.php; Acción: Recoger los medios de pago; Fecha: 13-08-2025; Hora: 14:37:23
1 - Software; Archivo: tarifaAloja.php; Acción: Lista las tarifas de alojamiento; Fecha: 13-08-2025; Hora: 14:37:24
1 - Software; Archivo: pagos.php; Acción: Recoger los medios de pago; Fecha: 13-08-2025; Hora: 14:37:47
1 - Software; Archivo: tarifaAloja.php; Acción: Lista las tarifas de alojamiento; Fecha: 13-08-2025; Hora: 14:37:47
1 - Software; Archivo: pagos.php; Acción: Recoger los medios de pago; Fecha: 13-08-2025; Hora: 14:38:04
1 - Software; Archivo: tarifaAloja.php; Acción: Lista las tarifas de alojamiento; Fecha: 13-08-2025; Hora: 14:38:04
1 - Software; Archivo: pagos.php; Acción: Recoger los medios de pago; Fecha: 13-08-2025; Hora: 14:39:14
1 - Software; Archivo: tarifaAloja.php; Acción: Lista las tarifas de alojamiento; Fecha: 13-08-2025; Hora: 14:39:14
1 - Software; Archivo: pagos.php; Acción: Recoger los medios de pago; Fecha: 13-08-2025; Hora: 14:39:15
1 - Software; Archivo: tarifaAloja.php; Acción: Lista las tarifas de alojamiento; Fecha: 13-08-2025; Hora: 14:39:15
1 - Software; Archivo: pagos.php; Acción: Recoger los medios de pago; Fecha: 13-08-2025; Hora: 14:39:38
1 - Software; Archivo: tarifaAloja.php; Acción: Lista las tarifas de alojamiento; Fecha: 13-08-2025; Hora: 14:39:38
1 - Software; Archivo: pagos.php; Acción: Recoger los medios de pago; Fecha: 13-08-2025; Hora: 14:40:10
1 - Software; Archivo: tarifaAloja.php; Acción: Lista las tarifas de alojamiento; Fecha: 13-08-2025; Hora: 14:40:10
1 - Software; Archivo: pagos.php; Acción: Recoger los medios de pago; Fecha: 13-08-2025; Hora: 14:40:37
1 - Software; Archivo: tarifaAloja.php; Acción: Lista las tarifas de alojamiento; Fecha: 13-08-2025; Hora: 14:40:37
1 - Software; Archivo: pagos.php; Acción: Recoger los medios de pago; Fecha: 13-08-2025; Hora: 14:50:49
1 - Software; Archivo: tarifaAloja.php; Acción: Lista las tarifas de alojamiento; Fecha: 13-08-2025; Hora: 14:50:49
1 - Software; Archivo: pagos.php; Acción: Recoger los medios de pago; Fecha: 13-08-2025; Hora: 14:51:37
1 - Software; Archivo: tarifaAloja.php; Acción: Lista las tarifas de alojamiento; Fecha: 13-08-2025; Hora: 14:51:37
1 - Software; Archivo: pagos.php; Acción: Recoger los medios de pago; Fecha: 13-08-2025; Hora: 14:52:39
1 - Software; Archivo: tarifaAloja.php; Acción: Lista las tarifas de alojamiento; Fecha: 13-08-2025; Hora: 14:52:39
1 - Software; Archivo: pagos.php; Acción: Recoger los medios de pago; Fecha: 13-08-2025; Hora: 14:52:54
1 - Software; Archivo: tarifaAloja.php; Acción: Lista las tarifas de alojamiento; Fecha: 13-08-2025; Hora: 14:52:54
1 - Software; Archivo: pagos.php; Acción: Recoger los medios de pago; Fecha: 13-08-2025; Hora: 14:53:01
1 - Software; Archivo: tarifaAloja.php; Acción: Lista las tarifas de alojamiento; Fecha: 13-08-2025; Hora: 14:53:01
1 - Software; Archivo: pagos.php; Acción: Recoger los medios de pago; Fecha: 13-08-2025; Hora: 14:53:38
1 - Software; Archivo: tarifaAloja.php; Acción: Lista las tarifas de alojamiento; Fecha: 13-08-2025; Hora: 14:53:38
1 - Software; Archivo: pagos.php; Acción: Recoger los medios de pago; Fecha: 13-08-2025; Hora: 14:56:12
1 - Software; Archivo: tarifaAloja.php; Acción: Lista las tarifas de alojamiento; Fecha: 13-08-2025; Hora: 14:56:12
1 - Software; Archivo: pagos.php; Acción: Recoger los medios de pago; Fecha: 13-08-2025; Hora: 14:56:13
1 - Software; Archivo: tarifaAloja.php; Acción: Lista las tarifas de alojamiento; Fecha: 13-08-2025; Hora: 14:56:13
1 - Software; Archivo: pagos.php; Acción: Recoger los medios de pago; Fecha: 13-08-2025; Hora: 14:58:05
1 - Software; Archivo: tarifaAloja.php; Acción: Lista las tarifas de alojamiento; Fecha: 13-08-2025; Hora: 14:58:05
1 - Software; Archivo: pagos.php; Acción: Recoger los medios de pago; Fecha: 13-08-2025; Hora: 14:58:09
1 - Software; Archivo: tarifaAloja.php; Acción: Lista las tarifas de alojamiento; Fecha: 13-08-2025; Hora: 14:58:09
1 - Software; Archivo: pagos.php; Acción: Recoger los medios de pago; Fecha: 13-08-2025; Hora: 14:58:26
1 - Software; Archivo: tarifaAloja.php; Acción: Lista las tarifas de alojamiento; Fecha: 13-08-2025; Hora: 14:58:26
1 - Software; Archivo: pagos.php; Acción: Recoger los medios de pago; Fecha: 13-08-2025; Hora: 15:00:00
1 - Software; Archivo: tarifaAloja.php; Acción: Lista las tarifas de alojamiento; Fecha: 13-08-2025; Hora: 15:00:00
