ID: 1 - Nombre: Software - IP: 85.51.12.82; Archivo: usuario.php; Acción: Se hace login; Fecha: 20-10-2025; Hora: 14:12:15
1 - Software; Archivo: niveles.php; Acción: Lista los niveles; Fecha: 20-10-2025; Hora: 14:12:21
1 - Software; Archivo: niveles.php; Acción: Se inserta un nuevo nivel; Fecha: 20-10-2025; Hora: 14:12:49
1 - Software; Archivo: niveles.php; Acción: Lista los niveles; Fecha: 20-10-2025; Hora: 14:12:49
1 - Software; Archivo: niveles.php; Acción: Se inserta un nuevo nivel; Fecha: 20-10-2025; Hora: 14:13:15
1 - Software; Archivo: niveles.php; Acción: Lista los niveles; Fecha: 20-10-2025; Hora: 14:13:15
1 - Software; Archivo: actividades.php; Acción: Lista las actividades de los adminitradores; Fecha: 20-10-2025; Hora: 14:13:29
1 - Software; Archivo: niveles.php; Acción: Lista los niveles; Fecha: 20-10-2025; Hora: 14:14:46
1 - Software; Archivo: niveles.php; Acción: Se inserta un nuevo nivel; Fecha: 20-10-2025; Hora: 14:15:09
1 - Software; Archivo: niveles.php; Acción: Lista los niveles; Fecha: 20-10-2025; Hora: 14:15:09
1 - Software; Archivo: tipoCurso_Edu.php; Acción: Lista los tipos de curso; Fecha: 20-10-2025; Hora: 14:15:16
1 - Software; Archivo: niveles.php; Acción: Lista los niveles; Fecha: 20-10-2025; Hora: 14:15:18
1 - Software; Archivo: niveles.php; Acción: Lista los niveles; Fecha: 20-10-2025; Hora: 14:21:50
1 - Software; Archivo: niveles.php; Acción: Se inserta un nuevo nivel; Fecha: 20-10-2025; Hora: 14:22:11
1 - Software; Archivo: niveles.php; Acción: Lista los niveles; Fecha: 20-10-2025; Hora: 14:22:11
1 - Software; Archivo: niveles.php; Acción: Se inserta un nuevo nivel; Fecha: 20-10-2025; Hora: 14:22:37
1 - Software; Archivo: niveles.php; Acción: Lista los niveles; Fecha: 20-10-2025; Hora: 14:22:37
1 - Software; Archivo: niveles.php; Acción: Lista los niveles; Fecha: 20-10-2025; Hora: 14:23:17
1 - Software; Archivo: tipoCurso_Edu.php; Acción: Lista los tipos de curso; Fecha: 20-10-2025; Hora: 14:23:23
1 - Software; Archivo: tipoCurso_Edu.php; Acción: Lista los tipos de curso; Fecha: 20-10-2025; Hora: 14:23:35
1 - Software; Archivo: actividades.php; Acción: Lista las actividades de los adminitradores; Fecha: 20-10-2025; Hora: 14:23:54
ID: 1 - Nombre: Software - IP: 192.168.31.3; Archivo: usuario.php; Acción: Se hace login; Fecha: 20-10-2025; Hora: 16:15:24
1 - Software; Archivo: pagos.php; Acción: Recoger los medios de pago; Fecha: 20-10-2025; Hora: 16:15:42
1 - Software; Archivo: tarifaAloja.php; Acción: Lista las tarifas de alojamiento; Fecha: 20-10-2025; Hora: 16:15:42
1 - Software; Archivo: tarifaAloja.php; Acción: Lista las tarifas de alojamiento; Fecha: 20-10-2025; Hora: 16:16:00
1 - Software; Archivo: tarifaAloja.php; Acción: Lista las tarifas de alojamiento; Fecha: 20-10-2025; Hora: 16:27:49
1 - Software; Archivo: tarifaAloja.php; Acción: Lista las tarifas de alojamiento; Fecha: 20-10-2025; Hora: 16:27:56
1 - Software; Archivo: tarifaAloja.php; Acción: Lista las tarifas de alojamiento; Fecha: 20-10-2025; Hora: 16:27:59
1 - Software; Archivo: tarifaAloja.php; Acción: Lista las tarifas de alojamiento; Fecha: 20-10-2025; Hora: 16:29:52
1 - Software; Archivo: pagos.php; Acción: Recoger los medios de pago; Fecha: 20-10-2025; Hora: 16:36:20
1 - Software; Archivo: tarifaAloja.php; Acción: Lista las tarifas de alojamiento; Fecha: 20-10-2025; Hora: 16:36:20
1 - Software; Archivo: tarifaAloja.php; Acción: Lista las tarifas de alojamiento; Fecha: 20-10-2025; Hora: 16:37:06
1 - Software; Archivo: pagos.php; Acción: Recoger los medios de pago; Fecha: 20-10-2025; Hora: 16:37:34
1 - Software; Archivo: tarifaAloja.php; Acción: Lista las tarifas de alojamiento; Fecha: 20-10-2025; Hora: 16:37:34
1 - Software; Archivo: tarifaAloja.php; Acción: Lista las tarifas de alojamiento; Fecha: 20-10-2025; Hora: 16:37:39
1 - Software; Archivo: tarifaAloja.php; Acción: Lista las tarifas de alojamiento; Fecha: 20-10-2025; Hora: 16:37:44
1 - Software; Archivo: tarifaAloja.php; Acción: Lista las tarifas de alojamiento; Fecha: 20-10-2025; Hora: 16:37:52
1 - Software; Archivo: pagos.php; Acción: Recoger los medios de pago; Fecha: 20-10-2025; Hora: 16:42:06
1 - Software; Archivo: tarifaAloja.php; Acción: Lista las tarifas de alojamiento; Fecha: 20-10-2025; Hora: 16:42:06
1 - Software; Archivo: tarifaAloja.php; Acción: Lista las tarifas de alojamiento; Fecha: 20-10-2025; Hora: 17:01:24
1 - Software; Archivo: tarifaAloja.php; Acción: Lista las tarifas de alojamiento; Fecha: 20-10-2025; Hora: 17:01:47
1 - Software; Archivo: tarifaAloja.php; Acción: Lista las tarifas de alojamiento; Fecha: 20-10-2025; Hora: 17:06:03
1 - Software; Archivo: tarifaAloja.php; Acción: Lista las tarifas de alojamiento; Fecha: 20-10-2025; Hora: 17:08:47
1 - Software; Archivo: tarifaAloja.php; Acción: Lista las tarifas de alojamiento; Fecha: 20-10-2025; Hora: 17:09:25
1 - Software; Archivo: pagos.php; Acción: Recoger los medios de pago; Fecha: 20-10-2025; Hora: 17:11:30
1 - Software; Archivo: tarifaAloja.php; Acción: Lista las tarifas de alojamiento; Fecha: 20-10-2025; Hora: 17:11:30
1 - Software; Archivo: tarifaAloja.php; Acción: Lista las tarifas de alojamiento; Fecha: 20-10-2025; Hora: 17:11:41
1 - Software; Archivo: tarifaAloja.php; Acción: Lista las tarifas de alojamiento; Fecha: 20-10-2025; Hora: 17:11:51
1 - Software; Archivo: pagos.php; Acción: Recoger los medios de pago; Fecha: 20-10-2025; Hora: 17:12:28
1 - Software; Archivo: tarifaAloja.php; Acción: Lista las tarifas de alojamiento; Fecha: 20-10-2025; Hora: 17:12:28
1 - Software; Archivo: tarifaAloja.php; Acción: Lista las tarifas de alojamiento; Fecha: 20-10-2025; Hora: 17:12:41
1 - Software; Archivo: pagos.php; Acción: Recoger los medios de pago; Fecha: 20-10-2025; Hora: 17:12:54
1 - Software; Archivo: tarifaAloja.php; Acción: Lista las tarifas de alojamiento; Fecha: 20-10-2025; Hora: 17:12:54
1 - Software; Archivo: pagos.php; Acción: Recoger los medios de pago; Fecha: 20-10-2025; Hora: 17:13:08
1 - Software; Archivo: tarifaAloja.php; Acción: Lista las tarifas de alojamiento; Fecha: 20-10-2025; Hora: 17:13:08
1 - Software; Archivo: tarifaAloja.php; Acción: Lista las tarifas de alojamiento; Fecha: 20-10-2025; Hora: 17:13:15
1 - Software; Archivo: pagos.php; Acción: Recoger los medios de pago; Fecha: 20-10-2025; Hora: 17:13:43
1 - Software; Archivo: tarifaAloja.php; Acción: Lista las tarifas de alojamiento; Fecha: 20-10-2025; Hora: 17:13:43
1 - Software; Archivo: tarifaAloja.php; Acción: Lista las tarifas de alojamiento; Fecha: 20-10-2025; Hora: 17:14:02
1 - Software; Archivo: tarifaAloja.php; Acción: Lista las tarifas de alojamiento; Fecha: 20-10-2025; Hora: 17:15:06
1 - Software; Archivo: tarifaAloja.php; Acción: Lista las tarifas de alojamiento; Fecha: 20-10-2025; Hora: 17:17:10
1 - Software; Archivo: pagos.php; Acción: Recoger los medios de pago; Fecha: 20-10-2025; Hora: 17:17:27
1 - Software; Archivo: tarifaAloja.php; Acción: Lista las tarifas de alojamiento; Fecha: 20-10-2025; Hora: 17:17:27
1 - Software; Archivo: tarifaAloja.php; Acción: Lista las tarifas de alojamiento; Fecha: 20-10-2025; Hora: 17:17:34
1 - Software; Archivo: tarifaAloja.php; Acción: Lista las tarifas de alojamiento; Fecha: 20-10-2025; Hora: 17:17:47
1 - Software; Archivo: pagos.php; Acción: Recoger los medios de pago; Fecha: 20-10-2025; Hora: 17:33:50
1 - Software; Archivo: tarifaAloja.php; Acción: Lista las tarifas de alojamiento; Fecha: 20-10-2025; Hora: 17:33:50
1 - Software; Archivo: tarifaAloja.php; Acción: Lista las tarifas de alojamiento; Fecha: 20-10-2025; Hora: 17:33:57
1 - Software; Archivo: tarifaAloja.php; Acción: Lista las tarifas de alojamiento; Fecha: 20-10-2025; Hora: 17:34:07
1 - Software; Archivo: pagos.php; Acción: Recoger los medios de pago; Fecha: 20-10-2025; Hora: 17:39:52
1 - Software; Archivo: tarifaAloja.php; Acción: Lista las tarifas de alojamiento; Fecha: 20-10-2025; Hora: 17:39:52
1 - Software; Archivo: tarifaAloja.php; Acción: Lista las tarifas de alojamiento; Fecha: 20-10-2025; Hora: 17:40:03
1 - Software; Archivo: pagos.php; Acción: Recoger los medios de pago; Fecha: 20-10-2025; Hora: 18:01:57
1 - Software; Archivo: tarifaAloja.php; Acción: Lista las tarifas de alojamiento; Fecha: 20-10-2025; Hora: 18:01:57
1 - Software; Archivo: tarifaAloja.php; Acción: Lista las tarifas de alojamiento; Fecha: 20-10-2025; Hora: 18:02:13
1 - Software; Archivo: tarifaAloja.php; Acción: Lista las tarifas de alojamiento; Fecha: 20-10-2025; Hora: 18:05:31
1 - Software; Archivo: tarifaAloja.php; Acción: Lista las tarifas de alojamiento; Fecha: 20-10-2025; Hora: 18:07:00
1 - Software; Archivo: pagos.php; Acción: Recoger los medios de pago; Fecha: 20-10-2025; Hora: 18:36:29
1 - Software; Archivo: tarifaAloja.php; Acción: Lista las tarifas de alojamiento; Fecha: 20-10-2025; Hora: 18:36:29
1 - Software; Archivo: tarifaAloja.php; Acción: Lista las tarifas de alojamiento; Fecha: 20-10-2025; Hora: 18:37:02
1 - Software; Archivo: pagos.php; Acción: Recoger los medios de pago; Fecha: 20-10-2025; Hora: 18:38:04
1 - Software; Archivo: tarifaAloja.php; Acción: Lista las tarifas de alojamiento; Fecha: 20-10-2025; Hora: 18:38:05
1 - Software; Archivo: pagos.php; Acción: Recoger los medios de pago; Fecha: 20-10-2025; Hora: 18:38:24
1 - Software; Archivo: tarifaAloja.php; Acción: Lista las tarifas de alojamiento; Fecha: 20-10-2025; Hora: 18:38:24
1 - Software; Archivo: tarifaAloja.php; Acción: Lista las tarifas de alojamiento; Fecha: 20-10-2025; Hora: 18:38:28
1 - Software; Archivo: tarifaAloja.php; Acción: Lista las tarifas de alojamiento; Fecha: 20-10-2025; Hora: 18:38:34
1 - Software; Archivo: tarifaAloja.php; Acción: Lista las tarifas de alojamiento; Fecha: 20-10-2025; Hora: 18:38:49
1 - Software; Archivo: tarifaAloja.php; Acción: Lista las tarifas de alojamiento; Fecha: 20-10-2025; Hora: 18:38:54
1 - Software; Archivo: pagos.php; Acción: Recoger los medios de pago; Fecha: 20-10-2025; Hora: 18:40:57
1 - Software; Archivo: tarifaAloja.php; Acción: Lista las tarifas de alojamiento; Fecha: 20-10-2025; Hora: 18:40:57
1 - Software; Archivo: tarifaAloja.php; Acción: Lista las tarifas de alojamiento; Fecha: 20-10-2025; Hora: 18:41:04
1 - Software; Archivo: tarifaAloja.php; Acción: Lista las tarifas de alojamiento; Fecha: 20-10-2025; Hora: 18:41:16
1 - Software; Archivo: tarifaAloja.php; Acción: Lista las tarifas de alojamiento; Fecha: 20-10-2025; Hora: 18:41:45
1 - Software; Archivo: tarifaAloja.php; Acción: Lista las tarifas de alojamiento; Fecha: 20-10-2025; Hora: 18:42:27
1 - Software; Archivo: tarifaAloja.php; Acción: Lista las tarifas de alojamiento; Fecha: 20-10-2025; Hora: 18:42:43
1 - Software; Archivo: tarifaAloja.php; Acción: Lista las tarifas de alojamiento; Fecha: 20-10-2025; Hora: 18:43:07
1 - Software; Archivo: pagos.php; Acción: Recoger los medios de pago; Fecha: 20-10-2025; Hora: 18:57:58
1 - Software; Archivo: tarifaAloja.php; Acción: Lista las tarifas de alojamiento; Fecha: 20-10-2025; Hora: 18:57:58
1 - Software; Archivo: tarifaAloja.php; Acción: Lista las tarifas de alojamiento; Fecha: 20-10-2025; Hora: 18:58:05
1 - Software; Archivo: tarifaAloja.php; Acción: Lista las tarifas de alojamiento; Fecha: 20-10-2025; Hora: 18:59:06
ID: 1 - Nombre: Software - IP: 192.168.31.3; Archivo: usuario.php; Acción: Se hace login; Fecha: 20-10-2025; Hora: 19:44:36
1 - Software; Archivo: pagos.php; Acción: Recoger los medios de pago; Fecha: 20-10-2025; Hora: 19:44:43
1 - Software; Archivo: tarifaAloja.php; Acción: Lista las tarifas de alojamiento; Fecha: 20-10-2025; Hora: 19:44:43
1 - Software; Archivo: tarifaAloja.php; Acción: Lista las tarifas de alojamiento; Fecha: 20-10-2025; Hora: 19:44:48
1 - Software; Archivo: tarifaAloja.php; Acción: Lista las tarifas de alojamiento; Fecha: 20-10-2025; Hora: 19:44:53
1 - Software; Archivo: tarifaAloja.php; Acción: Lista las tarifas de alojamiento; Fecha: 20-10-2025; Hora: 19:45:00
1 - Software; Archivo: pagos.php; Acción: Recoger los medios de pago; Fecha: 20-10-2025; Hora: 19:47:36
1 - Software; Archivo: tarifaAloja.php; Acción: Lista las tarifas de alojamiento; Fecha: 20-10-2025; Hora: 19:47:36
1 - Software; Archivo: tarifaAloja.php; Acción: Lista las tarifas de alojamiento; Fecha: 20-10-2025; Hora: 19:47:50
1 - Software; Archivo: tarifaAloja.php; Acción: Lista las tarifas de alojamiento; Fecha: 20-10-2025; Hora: 19:49:09
1 - Software; Archivo: tarifaAloja.php; Acción: Lista las tarifas de alojamiento; Fecha: 20-10-2025; Hora: 19:49:12
1 - Software; Archivo: tarifaAloja.php; Acción: Lista las tarifas de alojamiento; Fecha: 20-10-2025; Hora: 19:53:03
1 - Software; Archivo: pagos.php; Acción: Recoger los medios de pago; Fecha: 20-10-2025; Hora: 19:54:20
1 - Software; Archivo: tarifaAloja.php; Acción: Lista las tarifas de alojamiento; Fecha: 20-10-2025; Hora: 19:54:20
1 - Software; Archivo: pagos.php; Acción: Recoger los medios de pago; Fecha: 20-10-2025; Hora: 19:56:43
1 - Software; Archivo: tarifaAloja.php; Acción: Lista las tarifas de alojamiento; Fecha: 20-10-2025; Hora: 19:56:43
1 - Software; Archivo: tarifaAloja.php; Acción: Lista las tarifas de alojamiento; Fecha: 20-10-2025; Hora: 19:56:52
1 - Software; Archivo: pagos.php; Acción: Recoger los medios de pago; Fecha: 20-10-2025; Hora: 19:57:16
1 - Software; Archivo: tarifaAloja.php; Acción: Lista las tarifas de alojamiento; Fecha: 20-10-2025; Hora: 19:57:16
1 - Software; Archivo: tarifaAloja.php; Acción: Lista las tarifas de alojamiento; Fecha: 20-10-2025; Hora: 19:57:24
ID: 1 - Nombre: Software - IP: 85.51.12.82; Archivo: usuario.php; Acción: Se hace login; Fecha: 20-10-2025; Hora: 19:57:41
1 - Software; Archivo: tarifaAloja.php; Acción: Lista las tarifas de alojamiento; Fecha: 20-10-2025; Hora: 19:57:44
1 - Software; Archivo: tarifaAloja.php; Acción: Lista las tarifas de alojamiento; Fecha: 20-10-2025; Hora: 19:58:04
1 - Software; Archivo: tarifaAloja.php; Acción: Lista las tarifas de alojamiento; Fecha: 20-10-2025; Hora: 19:58:24
1 - Software; Archivo: niveles.php; Acción: Lista los niveles; Fecha: 20-10-2025; Hora: 19:58:28
1 - Software; Archivo: actividades.php; Acción: Lista las actividades de los adminitradores; Fecha: 20-10-2025; Hora: 19:59:20
1 - Software; Archivo: idiomas.php; Acción: Lista los idiomas; Fecha: 20-10-2025; Hora: 20:04:32
1 - Software; Archivo: pagos.php; Acción: Recoger los medios de pago; Fecha: 20-10-2025; Hora: 20:07:47
1 - Software; Archivo: tarifaAloja.php; Acción: Lista las tarifas de alojamiento; Fecha: 20-10-2025; Hora: 20:07:47
1 - Software; Archivo: tarifaAloja.php; Acción: Lista las tarifas de alojamiento; Fecha: 20-10-2025; Hora: 20:09:40
1 - Software; Archivo: pagos.php; Acción: Recoger los medios de pago; Fecha: 20-10-2025; Hora: 20:09:49
1 - Software; Archivo: tarifaAloja.php; Acción: Lista las tarifas de alojamiento; Fecha: 20-10-2025; Hora: 20:09:49
1 - Software; Archivo: pagos.php; Acción: Recoger los medios de pago; Fecha: 20-10-2025; Hora: 20:10:00
1 - Software; Archivo: tarifaAloja.php; Acción: Lista las tarifas de alojamiento; Fecha: 20-10-2025; Hora: 20:10:00
1 - Software; Archivo: tarifaAloja.php; Acción: Lista las tarifas de alojamiento; Fecha: 20-10-2025; Hora: 20:12:06
1 - Software; Archivo: tarifaAloja.php; Acción: Lista las tarifas de alojamiento; Fecha: 20-10-2025; Hora: 20:12:23
1 - Software; Archivo: pagos.php; Acción: Recoger los medios de pago; Fecha: 20-10-2025; Hora: 20:12:38
1 - Software; Archivo: tarifaAloja.php; Acción: Lista las tarifas de alojamiento; Fecha: 20-10-2025; Hora: 20:12:39
1 - Software; Archivo: pagos.php; Acción: Recoger los medios de pago; Fecha: 20-10-2025; Hora: 20:14:24
1 - Software; Archivo: tarifaAloja.php; Acción: Lista las tarifas de alojamiento; Fecha: 20-10-2025; Hora: 20:14:24
1 - Software; Archivo: tarifaAloja.php; Acción: Lista las tarifas de alojamiento; Fecha: 20-10-2025; Hora: 20:15:20
1 - Software; Archivo: tarifaAloja.php; Acción: Lista las tarifas de alojamiento; Fecha: 20-10-2025; Hora: 20:15:37
1 - Software; Archivo: pagos.php; Acción: Recoger los medios de pago; Fecha: 20-10-2025; Hora: 20:17:25
1 - Software; Archivo: tarifaAloja.php; Acción: Lista las tarifas de alojamiento; Fecha: 20-10-2025; Hora: 20:17:25
1 - Software; Archivo: pagos.php; Acción: Recoger los medios de pago; Fecha: 20-10-2025; Hora: 20:20:20
1 - Software; Archivo: tarifaAloja.php; Acción: Lista las tarifas de alojamiento; Fecha: 20-10-2025; Hora: 20:20:20
1 - Software; Archivo: pagos.php; Acción: Recoger los medios de pago; Fecha: 20-10-2025; Hora: 20:21:49
1 - Software; Archivo: tarifaAloja.php; Acción: Lista las tarifas de alojamiento; Fecha: 20-10-2025; Hora: 20:21:49
1 - Software; Archivo: pagos.php; Acción: Recoger los medios de pago; Fecha: 20-10-2025; Hora: 20:27:00
1 - Software; Archivo: tarifaAloja.php; Acción: Lista las tarifas de alojamiento; Fecha: 20-10-2025; Hora: 20:27:00
1 - Software; Archivo: tipoCurso_Edu.php; Acción: Lista los tipos de curso; Fecha: 20-10-2025; Hora: 20:29:16
1 - Software; Archivo: pagos.php; Acción: Recoger los medios de pago; Fecha: 20-10-2025; Hora: 20:30:31
1 - Software; Archivo: tarifaAloja.php; Acción: Lista las tarifas de alojamiento; Fecha: 20-10-2025; Hora: 20:30:31
1 - Software; Archivo: tarifaAloja.php; Acción: Lista las tarifas de alojamiento; Fecha: 20-10-2025; Hora: 20:30:51
1 - Software; Archivo: tarifaAloja.php; Acción: Lista las tarifas de alojamiento; Fecha: 20-10-2025; Hora: 20:31:03
1 - Software; Archivo: pagos.php; Acción: Recoger los medios de pago; Fecha: 20-10-2025; Hora: 20:39:15
1 - Software; Archivo: tarifaAloja.php; Acción: Lista las tarifas de alojamiento; Fecha: 20-10-2025; Hora: 20:39:15
