2 - Software Admin Software; Archivo: alojamientos.php; Acción: Lista los alojamientos; Fecha: 23-05-2025; Hora: 09:20:54
2 - Software Admin Software; Archivo: alojamientos.php; Acción: Lista los alojamientos; Fecha: 23-05-2025; Hora: 09:20:54
2 - Software Admin Software; Archivo: alojamientos.php; Acción: Lista los alojamientos; Fecha: 23-05-2025; Hora: 09:20:54
2 - Software Admin Software; Archivo: alojamientos.php; Acción: Lista los alojamientos; Fecha: 23-05-2025; Hora: 09:20:54
2 - Software Admin Software; Archivo: alojamientos.php; Acción: Lista los alojamientos; Fecha: 23-05-2025; Hora: 09:22:44
2 - Software Admin Software; Archivo: alojamientos.php; Acción: Lista los alojamientos; Fecha: 23-05-2025; Hora: 09:22:44
2 - Software Admin Software; Archivo: alojamientos.php; Acción: Lista los alojamientos; Fecha: 23-05-2025; Hora: 09:22:44
2 - Software Admin Software; Archivo: alojamientos.php; Acción: Lista los alojamientos; Fecha: 23-05-2025; Hora: 09:22:44
2 - Software Admin Software; Archivo: alojamientos.php; Acción: Lista los alojamientos; Fecha: 23-05-2025; Hora: 09:22:45
2 - Software Admin Software; Archivo: alojamientos.php; Acción: Lista los alojamientos; Fecha: 23-05-2025; Hora: 09:22:45
2 - Software Admin Software; Archivo: alojamientos.php; Acción: Lista los alojamientos; Fecha: 23-05-2025; Hora: 09:22:45
2 - Software Admin Software; Archivo: alojamientos.php; Acción: Lista los alojamientos; Fecha: 23-05-2025; Hora: 09:22:45
2 - Software Admin Software; Archivo: alojamientos.php; Acción: Lista los alojamientos; Fecha: 23-05-2025; Hora: 09:35:04
2 - Software Admin Software; Archivo: alojamientos.php; Acción: Lista los alojamientos; Fecha: 23-05-2025; Hora: 09:35:04
2 - Software Admin Software; Archivo: alojamientos.php; Acción: Lista los alojamientos; Fecha: 23-05-2025; Hora: 09:35:04
2 - Software Admin Software; Archivo: alojamientos.php; Acción: Lista los alojamientos; Fecha: 23-05-2025; Hora: 09:35:04
2 - Software Admin Software; Archivo: alojamientos.php; Acción: Lista los alojamientos; Fecha: 23-05-2025; Hora: 09:37:41
2 - Software Admin Software; Archivo: alojamientos.php; Acción: Lista los alojamientos; Fecha: 23-05-2025; Hora: 09:37:41
2 - Software Admin Software; Archivo: alojamientos.php; Acción: Lista los alojamientos; Fecha: 23-05-2025; Hora: 09:37:41
2 - Software Admin Software; Archivo: alojamientos.php; Acción: Lista los alojamientos; Fecha: 23-05-2025; Hora: 09:37:41
2 - Software Admin Software; Archivo: alojamientos.php; Acción: Lista los alojamientos; Fecha: 23-05-2025; Hora: 09:37:42
2 - Software Admin Software; Archivo: alojamientos.php; Acción: Lista los alojamientos; Fecha: 23-05-2025; Hora: 09:37:42
2 - Software Admin Software; Archivo: alojamientos.php; Acción: Lista los alojamientos; Fecha: 23-05-2025; Hora: 09:37:42
2 - Software Admin Software; Archivo: alojamientos.php; Acción: Lista los alojamientos; Fecha: 23-05-2025; Hora: 09:37:42
ID: 1 - Nombre: Software - IP: 192.168.31.3; Archivo: usuario.php; Acción: Se hace login; Fecha: 23-05-2025; Hora: 09:49:54
1 - Software; Archivo: alojamientos.php; Acción: Lista los alojamientos; Fecha: 23-05-2025; Hora: 09:49:57
1 - Software; Archivo: alojamientos.php; Acción: Lista los alojamientos; Fecha: 23-05-2025; Hora: 09:49:57
1 - Software; Archivo: alojamientos.php; Acción: Lista los alojamientos; Fecha: 23-05-2025; Hora: 09:49:57
1 - Software; Archivo: alojamientos.php; Acción: Lista los alojamientos; Fecha: 23-05-2025; Hora: 09:49:57
1 - Software; Archivo: tiposAloja_Edu.php; Acción: Lista los tipos de alojamiento ; Fecha: 23-05-2025; Hora: 09:50:12
2 - Software Admin Software; Archivo: alojamientos.php; Acción: Lista los alojamientos; Fecha: 23-05-2025; Hora: 09:54:40
2 - Software Admin Software; Archivo: alojamientos.php; Acción: Lista los alojamientos; Fecha: 23-05-2025; Hora: 09:54:40
2 - Software Admin Software; Archivo: alojamientos.php; Acción: Lista los alojamientos; Fecha: 23-05-2025; Hora: 09:54:40
2 - Software Admin Software; Archivo: alojamientos.php; Acción: Lista los alojamientos; Fecha: 23-05-2025; Hora: 09:54:40
2 - Software Admin Software; Archivo: alojamientos.php; Acción: Lista los alojamientos; Fecha: 23-05-2025; Hora: 09:54:42
2 - Software Admin Software; Archivo: alojamientos.php; Acción: Lista los alojamientos; Fecha: 23-05-2025; Hora: 09:54:42
2 - Software Admin Software; Archivo: alojamientos.php; Acción: Lista los alojamientos; Fecha: 23-05-2025; Hora: 09:54:42
2 - Software Admin Software; Archivo: alojamientos.php; Acción: Lista los alojamientos; Fecha: 23-05-2025; Hora: 09:54:42
2 - Software Admin Software; Archivo: alojamientos.php; Acción: Lista los alojamientos; Fecha: 23-05-2025; Hora: 09:56:31
2 - Software Admin Software; Archivo: alojamientos.php; Acción: Lista los alojamientos; Fecha: 23-05-2025; Hora: 09:56:31
2 - Software Admin Software; Archivo: alojamientos.php; Acción: Lista los alojamientos; Fecha: 23-05-2025; Hora: 09:56:31
2 - Software Admin Software; Archivo: alojamientos.php; Acción: Lista los alojamientos; Fecha: 23-05-2025; Hora: 09:56:31
2 - Software Admin Software; Archivo: alojamientos.php; Acción: Lista los alojamientos; Fecha: 23-05-2025; Hora: 10:26:46
2 - Software Admin Software; Archivo: alojamientos.php; Acción: Lista los alojamientos; Fecha: 23-05-2025; Hora: 10:26:46
2 - Software Admin Software; Archivo: alojamientos.php; Acción: Lista los alojamientos; Fecha: 23-05-2025; Hora: 10:26:46
2 - Software Admin Software; Archivo: alojamientos.php; Acción: Lista los alojamientos; Fecha: 23-05-2025; Hora: 10:26:46
2 - Software Admin Software; Archivo: alojamientos.php; Acción: Lista los alojamientos; Fecha: 23-05-2025; Hora: 10:27:11
2 - Software Admin Software; Archivo: alojamientos.php; Acción: Lista los alojamientos; Fecha: 23-05-2025; Hora: 10:27:11
2 - Software Admin Software; Archivo: alojamientos.php; Acción: Lista los alojamientos; Fecha: 23-05-2025; Hora: 10:27:11
2 - Software Admin Software; Archivo: alojamientos.php; Acción: Lista los alojamientos; Fecha: 23-05-2025; Hora: 10:27:11
2 - Software Admin Software; Archivo: alojamientos.php; Acción: Lista los alojamientos; Fecha: 23-05-2025; Hora: 10:27:30
2 - Software Admin Software; Archivo: alojamientos.php; Acción: Lista los alojamientos; Fecha: 23-05-2025; Hora: 10:27:30
2 - Software Admin Software; Archivo: alojamientos.php; Acción: Lista los alojamientos; Fecha: 23-05-2025; Hora: 10:27:30
2 - Software Admin Software; Archivo: alojamientos.php; Acción: Lista los alojamientos; Fecha: 23-05-2025; Hora: 10:27:30
2 - Software Admin Software; Archivo: alojamientos.php; Acción: Lista los alojamientos; Fecha: 23-05-2025; Hora: 10:27:47
2 - Software Admin Software; Archivo: alojamientos.php; Acción: Lista los alojamientos; Fecha: 23-05-2025; Hora: 10:27:47
2 - Software Admin Software; Archivo: alojamientos.php; Acción: Lista los alojamientos; Fecha: 23-05-2025; Hora: 10:27:48
2 - Software Admin Software; Archivo: alojamientos.php; Acción: Lista los alojamientos; Fecha: 23-05-2025; Hora: 10:27:48
2 - Software Admin Software; Archivo: alojamientos.php; Acción: Lista los alojamientos; Fecha: 23-05-2025; Hora: 10:27:54
2 - Software Admin Software; Archivo: alojamientos.php; Acción: Lista los alojamientos; Fecha: 23-05-2025; Hora: 10:27:54
2 - Software Admin Software; Archivo: alojamientos.php; Acción: Lista los alojamientos; Fecha: 23-05-2025; Hora: 10:27:55
2 - Software Admin Software; Archivo: alojamientos.php; Acción: Lista los alojamientos; Fecha: 23-05-2025; Hora: 10:27:55
2 - Software Admin Software; Archivo: alojamientos.php; Acción: Lista los alojamientos; Fecha: 23-05-2025; Hora: 10:28:32
2 - Software Admin Software; Archivo: alojamientos.php; Acción: Lista los alojamientos; Fecha: 23-05-2025; Hora: 10:28:32
2 - Software Admin Software; Archivo: alojamientos.php; Acción: Lista los alojamientos; Fecha: 23-05-2025; Hora: 10:28:32
2 - Software Admin Software; Archivo: alojamientos.php; Acción: Lista los alojamientos; Fecha: 23-05-2025; Hora: 10:28:32
2 - Software Admin Software; Archivo: alojamientos.php; Acción: Lista los alojamientos; Fecha: 23-05-2025; Hora: 10:28:38
2 - Software Admin Software; Archivo: alojamientos.php; Acción: Lista los alojamientos; Fecha: 23-05-2025; Hora: 10:28:38
2 - Software Admin Software; Archivo: alojamientos.php; Acción: Lista los alojamientos; Fecha: 23-05-2025; Hora: 10:28:38
2 - Software Admin Software; Archivo: alojamientos.php; Acción: Lista los alojamientos; Fecha: 23-05-2025; Hora: 10:28:38
2 - Software Admin Software; Archivo: alojamientos.php; Acción: Lista los alojamientos; Fecha: 23-05-2025; Hora: 10:30:52
2 - Software Admin Software; Archivo: alojamientos.php; Acción: Lista los alojamientos; Fecha: 23-05-2025; Hora: 10:30:52
2 - Software Admin Software; Archivo: alojamientos.php; Acción: Lista los alojamientos; Fecha: 23-05-2025; Hora: 10:30:52
2 - Software Admin Software; Archivo: alojamientos.php; Acción: Lista los alojamientos; Fecha: 23-05-2025; Hora: 10:30:52
2 - Software Admin Software; Archivo: actividades.php; Acción: Lista las actividades de los adminitradores; Fecha: 23-05-2025; Hora: 10:31:59
 - Software Admin Software; Archivo: asistencia.php; Acción: Lista las asistencias; Fecha: 23-05-2025; Hora: 10:32:03
2 - Software Admin Software; Archivo: personal_Edu.php; Acción: Lista los personales; Fecha: 23-05-2025; Hora: 10:32:05
2 - Software Admin Software; Archivo: alojamientos.php; Acción: Lista los alojamientos; Fecha: 23-05-2025; Hora: 10:32:32
2 - Software Admin Software; Archivo: alojamientos.php; Acción: Lista los alojamientos; Fecha: 23-05-2025; Hora: 10:32:32
2 - Software Admin Software; Archivo: alojamientos.php; Acción: Lista los alojamientos; Fecha: 23-05-2025; Hora: 10:32:33
2 - Software Admin Software; Archivo: alojamientos.php; Acción: Lista los alojamientos; Fecha: 23-05-2025; Hora: 10:32:33
2 - Software Admin Software; Archivo: alojamientos.php; Acción: Lista los alojamientos; Fecha: 23-05-2025; Hora: 10:34:11
2 - Software Admin Software; Archivo: alojamientos.php; Acción: Lista los alojamientos; Fecha: 23-05-2025; Hora: 10:34:11
2 - Software Admin Software; Archivo: alojamientos.php; Acción: Lista los alojamientos; Fecha: 23-05-2025; Hora: 10:34:11
2 - Software Admin Software; Archivo: alojamientos.php; Acción: Lista los alojamientos; Fecha: 23-05-2025; Hora: 10:34:11
2 - Software Admin Software; Archivo: alojamientos.php; Acción: Lista los alojamientos; Fecha: 23-05-2025; Hora: 10:34:38
2 - Software Admin Software; Archivo: alojamientos.php; Acción: Lista los alojamientos; Fecha: 23-05-2025; Hora: 10:34:38
2 - Software Admin Software; Archivo: alojamientos.php; Acción: Lista los alojamientos; Fecha: 23-05-2025; Hora: 10:34:38
2 - Software Admin Software; Archivo: alojamientos.php; Acción: Lista los alojamientos; Fecha: 23-05-2025; Hora: 10:34:38
2 - Software Admin Software; Archivo: alojamientos.php; Acción: Lista los alojamientos; Fecha: 23-05-2025; Hora: 10:39:06
2 - Software Admin Software; Archivo: alojamientos.php; Acción: Lista los alojamientos; Fecha: 23-05-2025; Hora: 10:39:06
2 - Software Admin Software; Archivo: alojamientos.php; Acción: Lista los alojamientos; Fecha: 23-05-2025; Hora: 10:39:06
2 - Software Admin Software; Archivo: alojamientos.php; Acción: Lista los alojamientos; Fecha: 23-05-2025; Hora: 10:39:06
2 - Software Admin Software; Archivo: tiposAloja_Edu.php; Acción: Lista los tipos de alojamiento ; Fecha: 23-05-2025; Hora: 10:40:48
2 - Software Admin Software; Archivo: actividades.php; Acción: Lista las actividades de los adminitradores; Fecha: 23-05-2025; Hora: 10:40:51
2 - Software Admin Software; Archivo: alojamientos.php; Acción: Lista los alojamientos; Fecha: 23-05-2025; Hora: 10:41:19
2 - Software Admin Software; Archivo: alojamientos.php; Acción: Lista los alojamientos; Fecha: 23-05-2025; Hora: 10:41:19
2 - Software Admin Software; Archivo: alojamientos.php; Acción: Lista los alojamientos; Fecha: 23-05-2025; Hora: 10:41:19
2 - Software Admin Software; Archivo: alojamientos.php; Acción: Lista los alojamientos; Fecha: 23-05-2025; Hora: 10:41:19
2 - Software Admin Software; Archivo: alojamientos.php; Acción: Lista los alojamientos; Fecha: 23-05-2025; Hora: 10:44:57
2 - Software Admin Software; Archivo: alojamientos.php; Acción: Lista los alojamientos; Fecha: 23-05-2025; Hora: 10:44:57
2 - Software Admin Software; Archivo: alojamientos.php; Acción: Lista los alojamientos; Fecha: 23-05-2025; Hora: 10:44:57
2 - Software Admin Software; Archivo: alojamientos.php; Acción: Lista los alojamientos; Fecha: 23-05-2025; Hora: 10:44:57
2 - Software Admin Software; Archivo: alojamientos.php; Acción: Lista los alojamientos; Fecha: 23-05-2025; Hora: 10:45:32
2 - Software Admin Software; Archivo: alojamientos.php; Acción: Lista los alojamientos; Fecha: 23-05-2025; Hora: 10:45:32
2 - Software Admin Software; Archivo: alojamientos.php; Acción: Lista los alojamientos; Fecha: 23-05-2025; Hora: 10:45:32
2 - Software Admin Software; Archivo: alojamientos.php; Acción: Lista los alojamientos; Fecha: 23-05-2025; Hora: 10:45:32
2 - Software Admin Software; Archivo: alojamientos.php; Acción: Lista los alojamientos; Fecha: 23-05-2025; Hora: 10:51:45
2 - Software Admin Software; Archivo: alojamientos.php; Acción: Lista los alojamientos; Fecha: 23-05-2025; Hora: 10:51:45
2 - Software Admin Software; Archivo: alojamientos.php; Acción: Lista los alojamientos; Fecha: 23-05-2025; Hora: 10:51:59
2 - Software Admin Software; Archivo: alojamientos.php; Acción: Lista los alojamientos; Fecha: 23-05-2025; Hora: 10:51:59
2 - Software Admin Software; Archivo: alojamientos.php; Acción: Lista los alojamientos; Fecha: 23-05-2025; Hora: 10:52:00
2 - Software Admin Software; Archivo: alojamientos.php; Acción: Lista los alojamientos; Fecha: 23-05-2025; Hora: 10:52:00
2 - Software Admin Software; Archivo: alojamientos.php; Acción: Lista los alojamientos; Fecha: 23-05-2025; Hora: 10:52:10
2 - Software Admin Software; Archivo: alojamientos.php; Acción: Lista los alojamientos; Fecha: 23-05-2025; Hora: 10:52:10
2 - Software Admin Software; Archivo: alojamientos.php; Acción: Lista los alojamientos; Fecha: 23-05-2025; Hora: 10:52:10
2 - Software Admin Software; Archivo: alojamientos.php; Acción: Lista los alojamientos; Fecha: 23-05-2025; Hora: 10:52:10
2 - Software Admin Software; Archivo: alojamientos.php; Acción: Lista los alojamientos; Fecha: 23-05-2025; Hora: 10:55:38
2 - Software Admin Software; Archivo: alojamientos.php; Acción: Lista los alojamientos; Fecha: 23-05-2025; Hora: 10:55:38
2 - Software Admin Software; Archivo: alojamientos.php; Acción: Lista los alojamientos; Fecha: 23-05-2025; Hora: 10:55:39
2 - Software Admin Software; Archivo: alojamientos.php; Acción: Lista los alojamientos; Fecha: 23-05-2025; Hora: 10:55:39
2 - Software Admin Software; Archivo: alojamientos.php; Acción: Lista los alojamientos; Fecha: 23-05-2025; Hora: 10:58:47
2 - Software Admin Software; Archivo: alojamientos.php; Acción: Lista los alojamientos; Fecha: 23-05-2025; Hora: 10:58:47
2 - Software Admin Software; Archivo: alojamientos.php; Acción: Lista los alojamientos; Fecha: 23-05-2025; Hora: 10:58:47
2 - Software Admin Software; Archivo: alojamientos.php; Acción: Lista los alojamientos; Fecha: 23-05-2025; Hora: 10:58:47
2 - Software Admin Software; Archivo: alojamientos.php; Acción: Lista los alojamientos; Fecha: 23-05-2025; Hora: 11:00:38
2 - Software Admin Software; Archivo: alojamientos.php; Acción: Lista los alojamientos; Fecha: 23-05-2025; Hora: 11:00:38
2 - Software Admin Software; Archivo: alojamientos.php; Acción: Lista los alojamientos; Fecha: 23-05-2025; Hora: 11:00:38
2 - Software Admin Software; Archivo: alojamientos.php; Acción: Lista los alojamientos; Fecha: 23-05-2025; Hora: 11:00:38
2 - Software Admin Software; Archivo: alojamientos.php; Acción: Lista los alojamientos; Fecha: 23-05-2025; Hora: 11:16:10
2 - Software Admin Software; Archivo: alojamientos.php; Acción: Lista los alojamientos; Fecha: 23-05-2025; Hora: 11:16:10
2 - Software Admin Software; Archivo: alojamientos.php; Acción: Lista los alojamientos; Fecha: 23-05-2025; Hora: 11:16:10
2 - Software Admin Software; Archivo: alojamientos.php; Acción: Lista los alojamientos; Fecha: 23-05-2025; Hora: 11:16:10
2 - Software Admin Software; Archivo: alojamientos.php; Acción: Lista los alojamientos; Fecha: 23-05-2025; Hora: 11:17:09
2 - Software Admin Software; Archivo: alojamientos.php; Acción: Lista los alojamientos; Fecha: 23-05-2025; Hora: 11:17:09
2 - Software Admin Software; Archivo: alojamientos.php; Acción: Lista los alojamientos; Fecha: 23-05-2025; Hora: 11:17:10
2 - Software Admin Software; Archivo: alojamientos.php; Acción: Lista los alojamientos; Fecha: 23-05-2025; Hora: 11:17:10
2 - Software Admin Software; Archivo: alojamientos.php; Acción: Se inserta una nueva opinión; Fecha: 23-05-2025; Hora: 11:17:58
2 - Software Admin Software; Archivo: alojamientos.php; Acción: Lista los alojamientos; Fecha: 23-05-2025; Hora: 11:17:58
2 - Software Admin Software; Archivo: alojamientos.php; Acción: Lista los alojamientos; Fecha: 23-05-2025; Hora: 11:17:58
2 - Software Admin Software; Archivo: alojamientos.php; Acción: Lista los alojamientos; Fecha: 23-05-2025; Hora: 11:18:13
2 - Software Admin Software; Archivo: alojamientos.php; Acción: Lista los alojamientos; Fecha: 23-05-2025; Hora: 11:18:13
2 - Software Admin Software; Archivo: alojamientos.php; Acción: Lista los alojamientos; Fecha: 23-05-2025; Hora: 11:18:13
2 - Software Admin Software; Archivo: alojamientos.php; Acción: Lista los alojamientos; Fecha: 23-05-2025; Hora: 11:18:13
2 - Software Admin Software; Archivo: alojamientos.php; Acción: Se inserta una nueva opinión; Fecha: 23-05-2025; Hora: 11:18:35
2 - Software Admin Software; Archivo: alojamientos.php; Acción: Lista los alojamientos; Fecha: 23-05-2025; Hora: 11:18:35
2 - Software Admin Software; Archivo: alojamientos.php; Acción: Lista los alojamientos; Fecha: 23-05-2025; Hora: 11:18:35
2 - Software Admin Software; Archivo: alojamientos.php; Acción: Lista los alojamientos; Fecha: 23-05-2025; Hora: 11:21:35
2 - Software Admin Software; Archivo: alojamientos.php; Acción: Lista los alojamientos; Fecha: 23-05-2025; Hora: 11:21:35
2 - Software Admin Software; Archivo: alojamientos.php; Acción: Lista los alojamientos; Fecha: 23-05-2025; Hora: 11:21:35
2 - Software Admin Software; Archivo: alojamientos.php; Acción: Lista los alojamientos; Fecha: 23-05-2025; Hora: 11:21:35
2 - Software Admin Software; Archivo: alojamientos.php; Acción: Lista los alojamientos; Fecha: 23-05-2025; Hora: 11:21:39
2 - Software Admin Software; Archivo: alojamientos.php; Acción: Lista los alojamientos; Fecha: 23-05-2025; Hora: 11:21:39
2 - Software Admin Software; Archivo: alojamientos.php; Acción: Lista los alojamientos; Fecha: 23-05-2025; Hora: 11:21:39
2 - Software Admin Software; Archivo: alojamientos.php; Acción: Lista los alojamientos; Fecha: 23-05-2025; Hora: 11:21:39
 - Software Admin Software; Archivo: asistencia.php; Acción: Lista las asistencias; Fecha: 23-05-2025; Hora: 11:22:45
2 - Software Admin Software; Archivo: actividades.php; Acción: Lista las actividades de los adminitradores; Fecha: 23-05-2025; Hora: 11:23:00
2 - Software Admin Software; Archivo: alojamientos.php; Acción: Lista los alojamientos; Fecha: 23-05-2025; Hora: 11:24:02
2 - Software Admin Software; Archivo: alojamientos.php; Acción: Lista los alojamientos; Fecha: 23-05-2025; Hora: 11:24:02
2 - Software Admin Software; Archivo: alojamientos.php; Acción: Lista los alojamientos; Fecha: 23-05-2025; Hora: 11:24:02
2 - Software Admin Software; Archivo: alojamientos.php; Acción: Lista los alojamientos; Fecha: 23-05-2025; Hora: 11:24:02
2 - Software Admin Software; Archivo: alojamientos.php; Acción: Lista los alojamientos; Fecha: 23-05-2025; Hora: 11:24:35
2 - Software Admin Software; Archivo: alojamientos.php; Acción: Lista los alojamientos; Fecha: 23-05-2025; Hora: 11:24:35
2 - Software Admin Software; Archivo: alojamientos.php; Acción: Lista los alojamientos; Fecha: 23-05-2025; Hora: 11:24:35
2 - Software Admin Software; Archivo: alojamientos.php; Acción: Lista los alojamientos; Fecha: 23-05-2025; Hora: 11:24:35
2 - Software Admin Software; Archivo: alojamientos.php; Acción: Lista los alojamientos; Fecha: 23-05-2025; Hora: 11:25:09
2 - Software Admin Software; Archivo: alojamientos.php; Acción: Lista los alojamientos; Fecha: 23-05-2025; Hora: 11:25:09
2 - Software Admin Software; Archivo: alojamientos.php; Acción: Lista los alojamientos; Fecha: 23-05-2025; Hora: 11:25:09
2 - Software Admin Software; Archivo: alojamientos.php; Acción: Lista los alojamientos; Fecha: 23-05-2025; Hora: 11:25:09
2 - Software Admin Software; Archivo: alojamientos.php; Acción: Lista los alojamientos; Fecha: 23-05-2025; Hora: 11:30:39
2 - Software Admin Software; Archivo: alojamientos.php; Acción: Lista los alojamientos; Fecha: 23-05-2025; Hora: 11:30:39
2 - Software Admin Software; Archivo: alojamientos.php; Acción: Lista los alojamientos; Fecha: 23-05-2025; Hora: 11:30:40
2 - Software Admin Software; Archivo: alojamientos.php; Acción: Lista los alojamientos; Fecha: 23-05-2025; Hora: 11:30:40
2 - Software Admin Software; Archivo: alojamientos.php; Acción: Lista los alojamientos; Fecha: 23-05-2025; Hora: 11:32:53
2 - Software Admin Software; Archivo: alojamientos.php; Acción: Lista los alojamientos; Fecha: 23-05-2025; Hora: 11:32:53
2 - Software Admin Software; Archivo: alojamientos.php; Acción: Lista los alojamientos; Fecha: 23-05-2025; Hora: 11:32:53
2 - Software Admin Software; Archivo: alojamientos.php; Acción: Lista los alojamientos; Fecha: 23-05-2025; Hora: 11:32:53
2 - Software Admin Software; Archivo: alojamientos.php; Acción: Lista los alojamientos; Fecha: 23-05-2025; Hora: 11:33:04
2 - Software Admin Software; Archivo: alojamientos.php; Acción: Lista los alojamientos; Fecha: 23-05-2025; Hora: 11:33:04
2 - Software Admin Software; Archivo: alojamientos.php; Acción: Lista los alojamientos; Fecha: 23-05-2025; Hora: 11:33:04
2 - Software Admin Software; Archivo: alojamientos.php; Acción: Lista los alojamientos; Fecha: 23-05-2025; Hora: 11:33:04
2 - Software Admin Software; Archivo: alojamientos.php; Acción: Lista los alojamientos; Fecha: 23-05-2025; Hora: 11:36:20
2 - Software Admin Software; Archivo: alojamientos.php; Acción: Lista los alojamientos; Fecha: 23-05-2025; Hora: 11:36:20
2 - Software Admin Software; Archivo: alojamientos.php; Acción: Lista los alojamientos; Fecha: 23-05-2025; Hora: 11:36:20
2 - Software Admin Software; Archivo: alojamientos.php; Acción: Lista los alojamientos; Fecha: 23-05-2025; Hora: 11:36:20
2 - Software Admin Software; Archivo: alojamientos.php; Acción: Lista los alojamientos; Fecha: 23-05-2025; Hora: 11:40:48
2 - Software Admin Software; Archivo: alojamientos.php; Acción: Lista los alojamientos; Fecha: 23-05-2025; Hora: 11:40:48
2 - Software Admin Software; Archivo: alojamientos.php; Acción: Lista los alojamientos; Fecha: 23-05-2025; Hora: 11:40:48
2 - Software Admin Software; Archivo: alojamientos.php; Acción: Lista los alojamientos; Fecha: 23-05-2025; Hora: 11:40:48
2 - Software Admin Software; Archivo: alojamientos.php; Acción: Lista los alojamientos; Fecha: 23-05-2025; Hora: 11:40:53
2 - Software Admin Software; Archivo: alojamientos.php; Acción: Lista los alojamientos; Fecha: 23-05-2025; Hora: 11:40:53
2 - Software Admin Software; Archivo: alojamientos.php; Acción: Lista los alojamientos; Fecha: 23-05-2025; Hora: 11:40:56
2 - Software Admin Software; Archivo: alojamientos.php; Acción: Lista los alojamientos; Fecha: 23-05-2025; Hora: 11:40:56
2 - Software Admin Software; Archivo: alojamientos.php; Acción: Lista los alojamientos; Fecha: 23-05-2025; Hora: 11:40:56
2 - Software Admin Software; Archivo: alojamientos.php; Acción: Lista los alojamientos; Fecha: 23-05-2025; Hora: 11:40:56
2 - Software Admin Software; Archivo: alojamientos.php; Acción: Lista los alojamientos; Fecha: 23-05-2025; Hora: 11:41:35
2 - Software Admin Software; Archivo: alojamientos.php; Acción: Lista los alojamientos; Fecha: 23-05-2025; Hora: 11:41:35
2 - Software Admin Software; Archivo: alojamientos.php; Acción: Lista los alojamientos; Fecha: 23-05-2025; Hora: 11:41:35
2 - Software Admin Software; Archivo: alojamientos.php; Acción: Lista los alojamientos; Fecha: 23-05-2025; Hora: 11:41:35
2 - Software Admin Software; Archivo: alojamientos.php; Acción: Lista los alojamientos; Fecha: 23-05-2025; Hora: 11:41:38
2 - Software Admin Software; Archivo: alojamientos.php; Acción: Lista los alojamientos; Fecha: 23-05-2025; Hora: 11:41:38
2 - Software Admin Software; Archivo: alojamientos.php; Acción: Lista los alojamientos; Fecha: 23-05-2025; Hora: 11:41:38
2 - Software Admin Software; Archivo: alojamientos.php; Acción: Lista los alojamientos; Fecha: 23-05-2025; Hora: 11:41:38
2 - Software Admin Software; Archivo: alojamientos.php; Acción: Lista los alojamientos; Fecha: 23-05-2025; Hora: 11:55:16
2 - Software Admin Software; Archivo: alojamientos.php; Acción: Lista los alojamientos; Fecha: 23-05-2025; Hora: 11:55:16
2 - Software Admin Software; Archivo: alojamientos.php; Acción: Lista los alojamientos; Fecha: 23-05-2025; Hora: 11:55:16
2 - Software Admin Software; Archivo: alojamientos.php; Acción: Lista los alojamientos; Fecha: 23-05-2025; Hora: 11:55:16
2 - Software Admin Software; Archivo: alojamientos.php; Acción: Lista los alojamientos; Fecha: 23-05-2025; Hora: 12:01:16
2 - Software Admin Software; Archivo: alojamientos.php; Acción: Lista los alojamientos; Fecha: 23-05-2025; Hora: 12:01:16
2 - Software Admin Software; Archivo: alojamientos.php; Acción: Lista los alojamientos; Fecha: 23-05-2025; Hora: 12:01:16
2 - Software Admin Software; Archivo: alojamientos.php; Acción: Lista los alojamientos; Fecha: 23-05-2025; Hora: 12:01:16
2 - Software Admin Software; Archivo: alojamientos.php; Acción: Lista los alojamientos; Fecha: 23-05-2025; Hora: 12:01:20
2 - Software Admin Software; Archivo: alojamientos.php; Acción: Lista los alojamientos; Fecha: 23-05-2025; Hora: 12:01:20
2 - Software Admin Software; Archivo: alojamientos.php; Acción: Lista los alojamientos; Fecha: 23-05-2025; Hora: 12:01:20
2 - Software Admin Software; Archivo: alojamientos.php; Acción: Lista los alojamientos; Fecha: 23-05-2025; Hora: 12:01:20
2 - Software Admin Software; Archivo: alojamientos.php; Acción: Lista los alojamientos; Fecha: 23-05-2025; Hora: 12:01:35
2 - Software Admin Software; Archivo: alojamientos.php; Acción: Lista los alojamientos; Fecha: 23-05-2025; Hora: 12:01:35
2 - Software Admin Software; Archivo: alojamientos.php; Acción: Lista los alojamientos; Fecha: 23-05-2025; Hora: 12:01:37
2 - Software Admin Software; Archivo: alojamientos.php; Acción: Lista los alojamientos; Fecha: 23-05-2025; Hora: 12:01:37
2 - Software Admin Software; Archivo: alojamientos.php; Acción: Lista los alojamientos; Fecha: 23-05-2025; Hora: 12:01:37
2 - Software Admin Software; Archivo: alojamientos.php; Acción: Lista los alojamientos; Fecha: 23-05-2025; Hora: 12:01:37
2 - Software Admin Software; Archivo: alojamientos.php; Acción: Lista los alojamientos; Fecha: 23-05-2025; Hora: 12:01:40
2 - Software Admin Software; Archivo: alojamientos.php; Acción: Lista los alojamientos; Fecha: 23-05-2025; Hora: 12:01:40
2 - Software Admin Software; Archivo: alojamientos.php; Acción: Lista los alojamientos; Fecha: 23-05-2025; Hora: 12:01:40
2 - Software Admin Software; Archivo: alojamientos.php; Acción: Lista los alojamientos; Fecha: 23-05-2025; Hora: 12:01:40
2 - Software Admin Software; Archivo: alojamientos.php; Acción: Lista los alojamientos; Fecha: 23-05-2025; Hora: 12:07:36
2 - Software Admin Software; Archivo: alojamientos.php; Acción: Lista los alojamientos; Fecha: 23-05-2025; Hora: 12:07:36
2 - Software Admin Software; Archivo: alojamientos.php; Acción: Lista los alojamientos; Fecha: 23-05-2025; Hora: 12:07:37
2 - Software Admin Software; Archivo: alojamientos.php; Acción: Lista los alojamientos; Fecha: 23-05-2025; Hora: 12:07:37
2 - Software Admin Software; Archivo: alojamientos.php; Acción: Lista los alojamientos; Fecha: 23-05-2025; Hora: 12:10:46
2 - Software Admin Software; Archivo: alojamientos.php; Acción: Lista los alojamientos; Fecha: 23-05-2025; Hora: 12:10:46
2 - Software Admin Software; Archivo: alojamientos.php; Acción: Lista los alojamientos; Fecha: 23-05-2025; Hora: 12:10:46
2 - Software Admin Software; Archivo: alojamientos.php; Acción: Lista los alojamientos; Fecha: 23-05-2025; Hora: 12:10:46
2 - Software Admin Software; Archivo: alojamientos.php; Acción: Lista los alojamientos; Fecha: 23-05-2025; Hora: 12:10:48
2 - Software Admin Software; Archivo: alojamientos.php; Acción: Lista los alojamientos; Fecha: 23-05-2025; Hora: 12:10:48
2 - Software Admin Software; Archivo: alojamientos.php; Acción: Lista los alojamientos; Fecha: 23-05-2025; Hora: 12:10:48
2 - Software Admin Software; Archivo: alojamientos.php; Acción: Lista los alojamientos; Fecha: 23-05-2025; Hora: 12:10:48
2 - Software Admin Software; Archivo: alojamientos.php; Acción: Lista los alojamientos; Fecha: 23-05-2025; Hora: 12:28:49
2 - Software Admin Software; Archivo: alojamientos.php; Acción: Lista los alojamientos; Fecha: 23-05-2025; Hora: 12:28:49
2 - Software Admin Software; Archivo: alojamientos.php; Acción: Lista los alojamientos; Fecha: 23-05-2025; Hora: 12:28:52
2 - Software Admin Software; Archivo: alojamientos.php; Acción: Lista los alojamientos; Fecha: 23-05-2025; Hora: 12:28:52
2 - Software Admin Software; Archivo: alojamientos.php; Acción: Lista los alojamientos; Fecha: 23-05-2025; Hora: 12:28:52
2 - Software Admin Software; Archivo: alojamientos.php; Acción: Lista los alojamientos; Fecha: 23-05-2025; Hora: 12:28:52
2 - Software Admin Software; Archivo: alojamientos.php; Acción: Lista los alojamientos; Fecha: 23-05-2025; Hora: 12:29:55
2 - Software Admin Software; Archivo: alojamientos.php; Acción: Lista los alojamientos; Fecha: 23-05-2025; Hora: 12:29:55
2 - Software Admin Software; Archivo: alojamientos.php; Acción: Lista los alojamientos; Fecha: 23-05-2025; Hora: 12:29:55
2 - Software Admin Software; Archivo: alojamientos.php; Acción: Lista los alojamientos; Fecha: 23-05-2025; Hora: 12:29:55
2 - Software Admin Software; Archivo: alojamiento.php; Acción: Se inserta una nueva visita ; Fecha: 23-05-2025; Hora: 12:30:03
2 - Software Admin Software; Archivo: alojamientos.php; Acción: Lista los alojamientos; Fecha: 23-05-2025; Hora: 12:30:03
2 - Software Admin Software; Archivo: alojamientos.php; Acción: Lista los alojamientos; Fecha: 23-05-2025; Hora: 12:30:03
2 - Software Admin Software; Archivo: alojamientos.php; Acción: Lista los alojamientos; Fecha: 23-05-2025; Hora: 12:33:01
2 - Software Admin Software; Archivo: alojamientos.php; Acción: Lista los alojamientos; Fecha: 23-05-2025; Hora: 12:33:01
2 - Software Admin Software; Archivo: alojamientos.php; Acción: Lista los alojamientos; Fecha: 23-05-2025; Hora: 12:33:01
2 - Software Admin Software; Archivo: alojamientos.php; Acción: Lista los alojamientos; Fecha: 23-05-2025; Hora: 12:33:01
2 - Software Admin Software; Archivo: alojamientos.php; Acción: Lista los alojamientos; Fecha: 23-05-2025; Hora: 12:33:03
2 - Software Admin Software; Archivo: alojamientos.php; Acción: Lista los alojamientos; Fecha: 23-05-2025; Hora: 12:33:03
2 - Software Admin Software; Archivo: alojamientos.php; Acción: Lista los alojamientos; Fecha: 23-05-2025; Hora: 12:33:03
2 - Software Admin Software; Archivo: alojamientos.php; Acción: Lista los alojamientos; Fecha: 23-05-2025; Hora: 12:33:03
2 - Software Admin Software; Archivo: alojamientos.php; Acción: Lista los alojamientos; Fecha: 23-05-2025; Hora: 12:33:18
2 - Software Admin Software; Archivo: alojamientos.php; Acción: Lista los alojamientos; Fecha: 23-05-2025; Hora: 12:33:18
2 - Software Admin Software; Archivo: alojamientos.php; Acción: Lista los alojamientos; Fecha: 23-05-2025; Hora: 12:33:44
2 - Software Admin Software; Archivo: alojamientos.php; Acción: Lista los alojamientos; Fecha: 23-05-2025; Hora: 12:33:44
2 - Software Admin Software; Archivo: alojamientos.php; Acción: Lista los alojamientos; Fecha: 23-05-2025; Hora: 12:33:45
2 - Software Admin Software; Archivo: alojamientos.php; Acción: Lista los alojamientos; Fecha: 23-05-2025; Hora: 12:33:45
2 - Software Admin Software; Archivo: alojamientos.php; Acción: Lista los alojamientos; Fecha: 23-05-2025; Hora: 12:33:50
2 - Software Admin Software; Archivo: alojamientos.php; Acción: Lista los alojamientos; Fecha: 23-05-2025; Hora: 12:33:50
2 - Software Admin Software; Archivo: alojamientos.php; Acción: Lista los alojamientos; Fecha: 23-05-2025; Hora: 12:33:51
2 - Software Admin Software; Archivo: alojamientos.php; Acción: Lista los alojamientos; Fecha: 23-05-2025; Hora: 12:33:51
2 - Software Admin Software; Archivo: alojamientos.php; Acción: Lista los alojamientos; Fecha: 23-05-2025; Hora: 12:34:05
2 - Software Admin Software; Archivo: alojamientos.php; Acción: Lista los alojamientos; Fecha: 23-05-2025; Hora: 12:34:05
2 - Software Admin Software; Archivo: alojamientos.php; Acción: Lista los alojamientos; Fecha: 23-05-2025; Hora: 12:34:25
2 - Software Admin Software; Archivo: alojamientos.php; Acción: Lista los alojamientos; Fecha: 23-05-2025; Hora: 12:34:25
2 - Software Admin Software; Archivo: alojamientos.php; Acción: Lista los alojamientos; Fecha: 23-05-2025; Hora: 12:34:25
2 - Software Admin Software; Archivo: alojamientos.php; Acción: Lista los alojamientos; Fecha: 23-05-2025; Hora: 12:34:25
2 - Software Admin Software; Archivo: alojamientos.php; Acción: Lista los alojamientos; Fecha: 23-05-2025; Hora: 12:34:27
2 - Software Admin Software; Archivo: alojamientos.php; Acción: Lista los alojamientos; Fecha: 23-05-2025; Hora: 12:34:27
2 - Software Admin Software; Archivo: alojamientos.php; Acción: Lista los alojamientos; Fecha: 23-05-2025; Hora: 12:34:27
2 - Software Admin Software; Archivo: alojamientos.php; Acción: Lista los alojamientos; Fecha: 23-05-2025; Hora: 12:34:27
2 - Software Admin Software; Archivo: alojamientos.php; Acción: Lista los alojamientos; Fecha: 23-05-2025; Hora: 12:34:42
2 - Software Admin Software; Archivo: alojamientos.php; Acción: Lista los alojamientos; Fecha: 23-05-2025; Hora: 12:34:42
2 - Software Admin Software; Archivo: alojamientos.php; Acción: Lista los alojamientos; Fecha: 23-05-2025; Hora: 12:40:00
2 - Software Admin Software; Archivo: alojamientos.php; Acción: Lista los alojamientos; Fecha: 23-05-2025; Hora: 12:40:00
2 - Software Admin Software; Archivo: alojamientos.php; Acción: Lista los alojamientos; Fecha: 23-05-2025; Hora: 12:40:00
2 - Software Admin Software; Archivo: alojamientos.php; Acción: Lista los alojamientos; Fecha: 23-05-2025; Hora: 12:40:00
2 - Software Admin Software; Archivo: alojamientos.php; Acción: Lista los alojamientos; Fecha: 23-05-2025; Hora: 12:40:14
2 - Software Admin Software; Archivo: alojamientos.php; Acción: Lista los alojamientos; Fecha: 23-05-2025; Hora: 12:40:14
2 - Software Admin Software; Archivo: alojamientos.php; Acción: Lista los alojamientos; Fecha: 23-05-2025; Hora: 12:40:28
2 - Software Admin Software; Archivo: alojamientos.php; Acción: Lista los alojamientos; Fecha: 23-05-2025; Hora: 12:40:28
2 - Software Admin Software; Archivo: alojamientos.php; Acción: Lista los alojamientos; Fecha: 23-05-2025; Hora: 12:40:28
2 - Software Admin Software; Archivo: alojamientos.php; Acción: Lista los alojamientos; Fecha: 23-05-2025; Hora: 12:40:28
2 - Software Admin Software; Archivo: alojamientos.php; Acción: Lista los alojamientos; Fecha: 23-05-2025; Hora: 12:40:31
2 - Software Admin Software; Archivo: alojamientos.php; Acción: Lista los alojamientos; Fecha: 23-05-2025; Hora: 12:40:31
2 - Software Admin Software; Archivo: alojamientos.php; Acción: Lista los alojamientos; Fecha: 23-05-2025; Hora: 12:40:31
2 - Software Admin Software; Archivo: alojamientos.php; Acción: Lista los alojamientos; Fecha: 23-05-2025; Hora: 12:40:31
2 - Software Admin Software; Archivo: alojamientos.php; Acción: Lista los alojamientos; Fecha: 23-05-2025; Hora: 12:40:45
2 - Software Admin Software; Archivo: alojamientos.php; Acción: Lista los alojamientos; Fecha: 23-05-2025; Hora: 12:40:45
2 - Software Admin Software; Archivo: alojamientos.php; Acción: Lista los alojamientos; Fecha: 23-05-2025; Hora: 12:45:23
2 - Software Admin Software; Archivo: alojamientos.php; Acción: Lista los alojamientos; Fecha: 23-05-2025; Hora: 12:45:23
2 - Software Admin Software; Archivo: alojamientos.php; Acción: Lista los alojamientos; Fecha: 23-05-2025; Hora: 12:45:23
2 - Software Admin Software; Archivo: alojamientos.php; Acción: Lista los alojamientos; Fecha: 23-05-2025; Hora: 12:45:23
2 - Software Admin Software; Archivo: alojamientos.php; Acción: Lista los alojamientos; Fecha: 23-05-2025; Hora: 12:45:24
2 - Software Admin Software; Archivo: alojamientos.php; Acción: Lista los alojamientos; Fecha: 23-05-2025; Hora: 12:45:24
2 - Software Admin Software; Archivo: alojamientos.php; Acción: Lista los alojamientos; Fecha: 23-05-2025; Hora: 12:45:25
2 - Software Admin Software; Archivo: alojamientos.php; Acción: Lista los alojamientos; Fecha: 23-05-2025; Hora: 12:45:25
2 - Software Admin Software; Archivo: alojamiento.php; Acción: Se inserta una nueva visita ; Fecha: 23-05-2025; Hora: 12:45:39
2 - Software Admin Software; Archivo: alojamientos.php; Acción: Lista los alojamientos; Fecha: 23-05-2025; Hora: 12:45:40
2 - Software Admin Software; Archivo: alojamientos.php; Acción: Lista los alojamientos; Fecha: 23-05-2025; Hora: 12:45:40
2 - Software Admin Software; Archivo: alojamientos.php; Acción: Lista los alojamientos; Fecha: 23-05-2025; Hora: 12:49:03
2 - Software Admin Software; Archivo: alojamientos.php; Acción: Lista los alojamientos; Fecha: 23-05-2025; Hora: 12:49:03
2 - Software Admin Software; Archivo: alojamientos.php; Acción: Lista los alojamientos; Fecha: 23-05-2025; Hora: 12:49:03
2 - Software Admin Software; Archivo: alojamientos.php; Acción: Lista los alojamientos; Fecha: 23-05-2025; Hora: 12:49:03
2 - Software Admin Software; Archivo: alojamiento.php; Acción: Se inserta una nueva visita ; Fecha: 23-05-2025; Hora: 12:49:22
2 - Software Admin Software; Archivo: alojamientos.php; Acción: Lista los alojamientos; Fecha: 23-05-2025; Hora: 12:49:22
2 - Software Admin Software; Archivo: alojamientos.php; Acción: Lista los alojamientos; Fecha: 23-05-2025; Hora: 12:49:22
2 - Software Admin Software; Archivo: alojamientos.php; Acción: Lista las opiniones del alojamiento.; Fecha: 23-05-2025; Hora: 12:56:38
2 - Software Admin Software; Archivo: alojamientos.php; Acción: Lista los alojamientos; Fecha: 23-05-2025; Hora: 13:02:28
2 - Software Admin Software; Archivo: alojamientos.php; Acción: Lista los alojamientos; Fecha: 23-05-2025; Hora: 13:02:28
2 - Software Admin Software; Archivo: alojamientos.php; Acción: Lista los alojamientos; Fecha: 23-05-2025; Hora: 13:02:28
2 - Software Admin Software; Archivo: alojamientos.php; Acción: Lista los alojamientos; Fecha: 23-05-2025; Hora: 13:02:28
2 - Software Admin Software; Archivo: alojamientos.php; Acción: Lista los alojamientos; Fecha: 23-05-2025; Hora: 13:26:01
2 - Software Admin Software; Archivo: alojamientos.php; Acción: Lista los alojamientos; Fecha: 23-05-2025; Hora: 13:26:01
2 - Software Admin Software; Archivo: alojamientos.php; Acción: Lista los alojamientos; Fecha: 23-05-2025; Hora: 13:26:04
2 - Software Admin Software; Archivo: alojamientos.php; Acción: Lista los alojamientos; Fecha: 23-05-2025; Hora: 13:26:04
2 - Software Admin Software; Archivo: alojamientos.php; Acción: Lista los alojamientos; Fecha: 23-05-2025; Hora: 13:26:04
2 - Software Admin Software; Archivo: alojamientos.php; Acción: Lista los alojamientos; Fecha: 23-05-2025; Hora: 13:26:04
2 - Software Admin Software; Archivo: alojamientos.php; Acción: Lista los alojamientos; Fecha: 23-05-2025; Hora: 13:26:09
2 - Software Admin Software; Archivo: alojamientos.php; Acción: Lista los alojamientos; Fecha: 23-05-2025; Hora: 13:26:09
2 - Software Admin Software; Archivo: alojamientos.php; Acción: Lista los alojamientos; Fecha: 23-05-2025; Hora: 13:26:10
2 - Software Admin Software; Archivo: alojamientos.php; Acción: Lista los alojamientos; Fecha: 23-05-2025; Hora: 13:26:10
2 - Software Admin Software; Archivo: alojamientos.php; Acción: Lista los alojamientos; Fecha: 23-05-2025; Hora: 13:27:23
2 - Software Admin Software; Archivo: alojamientos.php; Acción: Lista los alojamientos; Fecha: 23-05-2025; Hora: 13:27:23
2 - Software Admin Software; Archivo: alojamientos.php; Acción: Lista los alojamientos; Fecha: 23-05-2025; Hora: 13:27:25
2 - Software Admin Software; Archivo: alojamientos.php; Acción: Lista los alojamientos; Fecha: 23-05-2025; Hora: 13:27:25
2 - Software Admin Software; Archivo: alojamientos.php; Acción: Lista los alojamientos; Fecha: 23-05-2025; Hora: 13:27:25
2 - Software Admin Software; Archivo: alojamientos.php; Acción: Lista los alojamientos; Fecha: 23-05-2025; Hora: 13:27:25
2 - Software Admin Software; Archivo: alojamientos.php; Acción: Lista las opiniones del alojamiento.; Fecha: 23-05-2025; Hora: 13:27:33
2 - Software Admin Software; Archivo: alojamientos.php; Acción: Lista los alojamientos; Fecha: 23-05-2025; Hora: 13:27:54
2 - Software Admin Software; Archivo: alojamientos.php; Acción: Lista los alojamientos; Fecha: 23-05-2025; Hora: 13:27:54
2 - Software Admin Software; Archivo: alojamientos.php; Acción: Lista los alojamientos; Fecha: 23-05-2025; Hora: 13:27:54
2 - Software Admin Software; Archivo: alojamientos.php; Acción: Lista los alojamientos; Fecha: 23-05-2025; Hora: 13:27:54
2 - Software Admin Software; Archivo: alojamientos.php; Acción: Lista los alojamientos; Fecha: 23-05-2025; Hora: 13:36:20
2 - Software Admin Software; Archivo: alojamientos.php; Acción: Lista los alojamientos; Fecha: 23-05-2025; Hora: 13:36:20
2 - Software Admin Software; Archivo: alojamientos.php; Acción: Lista los alojamientos; Fecha: 23-05-2025; Hora: 13:36:20
2 - Software Admin Software; Archivo: alojamientos.php; Acción: Lista los alojamientos; Fecha: 23-05-2025; Hora: 13:36:20
2 - Software Admin Software; Archivo: alojamientos.php; Acción: Lista las opiniones del alojamiento.; Fecha: 23-05-2025; Hora: 13:36:26
2 - Software Admin Software; Archivo: alojamientos.php; Acción: Lista los alojamientos; Fecha: 23-05-2025; Hora: 13:36:35
2 - Software Admin Software; Archivo: alojamientos.php; Acción: Lista los alojamientos; Fecha: 23-05-2025; Hora: 13:36:35
2 - Software Admin Software; Archivo: alojamientos.php; Acción: Lista los alojamientos; Fecha: 23-05-2025; Hora: 13:36:35
2 - Software Admin Software; Archivo: alojamientos.php; Acción: Lista los alojamientos; Fecha: 23-05-2025; Hora: 13:36:35
2 - Software Admin Software; Archivo: alojamientos.php; Acción: Se inserta una nueva opinión; Fecha: 23-05-2025; Hora: 13:36:53
2 - Software Admin Software; Archivo: alojamientos.php; Acción: Lista los alojamientos; Fecha: 23-05-2025; Hora: 13:36:53
2 - Software Admin Software; Archivo: alojamientos.php; Acción: Lista los alojamientos; Fecha: 23-05-2025; Hora: 13:36:53
2 - Software Admin Software; Archivo: alojamientos.php; Acción: Lista las opiniones del alojamiento.; Fecha: 23-05-2025; Hora: 13:36:57
2 - Software Admin Software; Archivo: alojamientos.php; Acción: Lista los alojamientos; Fecha: 23-05-2025; Hora: 13:37:18
2 - Software Admin Software; Archivo: alojamientos.php; Acción: Lista los alojamientos; Fecha: 23-05-2025; Hora: 13:37:18
2 - Software Admin Software; Archivo: alojamientos.php; Acción: Lista los alojamientos; Fecha: 23-05-2025; Hora: 13:37:18
2 - Software Admin Software; Archivo: alojamientos.php; Acción: Lista los alojamientos; Fecha: 23-05-2025; Hora: 13:37:18
2 - Software Admin Software; Archivo: alojamientos.php; Acción: Lista las visitas del alojamiento ; Fecha: 23-05-2025; Hora: 14:00:34
2 - Software Admin Software; Archivo: alojamientos.php; Acción: Lista las visitas del alojamiento ; Fecha: 23-05-2025; Hora: 14:05:27
2 - Software Admin Software; Archivo: alojamientos.php; Acción: Lista las visitas del alojamiento ; Fecha: 23-05-2025; Hora: 14:10:53
2 - Software Admin Software; Archivo: alojamientos.php; Acción: Lista los alojamientos; Fecha: 23-05-2025; Hora: 14:11:09
2 - Software Admin Software; Archivo: alojamientos.php; Acción: Lista los alojamientos; Fecha: 23-05-2025; Hora: 14:11:09
2 - Software Admin Software; Archivo: alojamientos.php; Acción: Lista los alojamientos; Fecha: 23-05-2025; Hora: 14:11:09
2 - Software Admin Software; Archivo: alojamientos.php; Acción: Lista los alojamientos; Fecha: 23-05-2025; Hora: 14:11:09
2 - Software Admin Software; Archivo: alojamiento.php; Acción: Se inserta una nueva visita ; Fecha: 23-05-2025; Hora: 14:11:36
2 - Software Admin Software; Archivo: alojamientos.php; Acción: Lista los alojamientos; Fecha: 23-05-2025; Hora: 14:11:37
2 - Software Admin Software; Archivo: alojamientos.php; Acción: Lista los alojamientos; Fecha: 23-05-2025; Hora: 14:11:37
2 - Software Admin Software; Archivo: alojamientos.php; Acción: Lista las visitas del alojamiento ; Fecha: 23-05-2025; Hora: 14:11:41
2 - Software Admin Software; Archivo: alojamientos.php; Acción: Lista los alojamientos; Fecha: 23-05-2025; Hora: 14:11:49
2 - Software Admin Software; Archivo: alojamientos.php; Acción: Lista los alojamientos; Fecha: 23-05-2025; Hora: 14:11:49
2 - Software Admin Software; Archivo: alojamientos.php; Acción: Lista los alojamientos; Fecha: 23-05-2025; Hora: 14:11:49
2 - Software Admin Software; Archivo: alojamientos.php; Acción: Lista los alojamientos; Fecha: 23-05-2025; Hora: 14:11:49
2 - Software Admin Software; Archivo: alojamientos.php; Acción: Lista las visitas del alojamiento ; Fecha: 23-05-2025; Hora: 14:11:53
2 - Software Admin Software; Archivo: alojamientos.php; Acción: Lista los alojamientos; Fecha: 23-05-2025; Hora: 14:11:57
2 - Software Admin Software; Archivo: alojamientos.php; Acción: Lista los alojamientos; Fecha: 23-05-2025; Hora: 14:11:57
2 - Software Admin Software; Archivo: alojamientos.php; Acción: Lista los alojamientos; Fecha: 23-05-2025; Hora: 14:11:57
2 - Software Admin Software; Archivo: alojamientos.php; Acción: Lista los alojamientos; Fecha: 23-05-2025; Hora: 14:11:57
2 - Software Admin Software; Archivo: alojamientos.php; Acción: Lista las visitas del alojamiento ; Fecha: 23-05-2025; Hora: 14:12:01
2 - Software Admin Software; Archivo: alojamientos.php; Acción: Lista los alojamientos; Fecha: 23-05-2025; Hora: 14:12:06
2 - Software Admin Software; Archivo: alojamientos.php; Acción: Lista los alojamientos; Fecha: 23-05-2025; Hora: 14:12:06
2 - Software Admin Software; Archivo: alojamientos.php; Acción: Lista los alojamientos; Fecha: 23-05-2025; Hora: 14:12:06
2 - Software Admin Software; Archivo: alojamientos.php; Acción: Lista los alojamientos; Fecha: 23-05-2025; Hora: 14:12:06
2 - Software Admin Software; Archivo: alojamientos.php; Acción: Lista las visitas del alojamiento ; Fecha: 23-05-2025; Hora: 14:12:09
2 - Software Admin Software; Archivo: alojamientos.php; Acción: Lista los alojamientos; Fecha: 23-05-2025; Hora: 14:12:14
2 - Software Admin Software; Archivo: alojamientos.php; Acción: Lista los alojamientos; Fecha: 23-05-2025; Hora: 14:12:14
2 - Software Admin Software; Archivo: alojamientos.php; Acción: Lista los alojamientos; Fecha: 23-05-2025; Hora: 14:12:15
2 - Software Admin Software; Archivo: alojamientos.php; Acción: Lista los alojamientos; Fecha: 23-05-2025; Hora: 14:12:15
2 - Software Admin Software; Archivo: alojamiento.php; Acción: Se inserta una nueva visita ; Fecha: 23-05-2025; Hora: 14:12:36
2 - Software Admin Software; Archivo: alojamientos.php; Acción: Lista los alojamientos; Fecha: 23-05-2025; Hora: 14:12:36
2 - Software Admin Software; Archivo: alojamientos.php; Acción: Lista los alojamientos; Fecha: 23-05-2025; Hora: 14:12:36
2 - Software Admin Software; Archivo: alojamientos.php; Acción: Lista las visitas del alojamiento ; Fecha: 23-05-2025; Hora: 14:13:00
2 - Software Admin Software; Archivo: alojamientos.php; Acción: Lista las visitas del alojamiento ; Fecha: 23-05-2025; Hora: 14:16:22
2 - Software Admin Software; Archivo: alojamientos.php; Acción: Lista los alojamientos; Fecha: 23-05-2025; Hora: 14:16:34
2 - Software Admin Software; Archivo: alojamientos.php; Acción: Lista los alojamientos; Fecha: 23-05-2025; Hora: 14:16:34
2 - Software Admin Software; Archivo: alojamientos.php; Acción: Lista los alojamientos; Fecha: 23-05-2025; Hora: 14:16:34
2 - Software Admin Software; Archivo: alojamientos.php; Acción: Lista los alojamientos; Fecha: 23-05-2025; Hora: 14:16:34
2 - Software Admin Software; Archivo: alojamientos.php; Acción: Lista las visitas del alojamiento ; Fecha: 23-05-2025; Hora: 14:16:37
2 - Software Admin Software; Archivo: alojamientos.php; Acción: Lista las visitas del alojamiento ; Fecha: 23-05-2025; Hora: 14:20:32
2 - Software Admin Software; Archivo: alojamientos.php; Acción: Lista las visitas del alojamiento ; Fecha: 23-05-2025; Hora: 14:20:33
2 - Software Admin Software; Archivo: alojamientos.php; Acción: Lista los alojamientos; Fecha: 23-05-2025; Hora: 14:20:45
2 - Software Admin Software; Archivo: alojamientos.php; Acción: Lista los alojamientos; Fecha: 23-05-2025; Hora: 14:20:45
2 - Software Admin Software; Archivo: alojamientos.php; Acción: Lista los alojamientos; Fecha: 23-05-2025; Hora: 14:20:45
2 - Software Admin Software; Archivo: alojamientos.php; Acción: Lista los alojamientos; Fecha: 23-05-2025; Hora: 14:20:45
2 - Software Admin Software; Archivo: alojamientos.php; Acción: Lista las visitas del alojamiento ; Fecha: 23-05-2025; Hora: 14:20:54
2 - Software Admin Software; Archivo: alojamientos.php; Acción: Lista los alojamientos; Fecha: 23-05-2025; Hora: 14:21:57
2 - Software Admin Software; Archivo: alojamientos.php; Acción: Lista los alojamientos; Fecha: 23-05-2025; Hora: 14:21:57
2 - Software Admin Software; Archivo: alojamientos.php; Acción: Lista los alojamientos; Fecha: 23-05-2025; Hora: 14:21:57
2 - Software Admin Software; Archivo: alojamientos.php; Acción: Lista los alojamientos; Fecha: 23-05-2025; Hora: 14:21:57
2 - Software Admin Software; Archivo: alojamientos.php; Acción: Lista los alojamientos; Fecha: 23-05-2025; Hora: 14:25:36
2 - Software Admin Software; Archivo: alojamientos.php; Acción: Lista los alojamientos; Fecha: 23-05-2025; Hora: 14:25:36
2 - Software Admin Software; Archivo: alojamientos.php; Acción: Lista los alojamientos; Fecha: 23-05-2025; Hora: 14:25:36
2 - Software Admin Software; Archivo: alojamientos.php; Acción: Lista los alojamientos; Fecha: 23-05-2025; Hora: 14:25:36
2 - Software Admin Software; Archivo: alojamientos.php; Acción: Lista las visitas del alojamiento ; Fecha: 23-05-2025; Hora: 14:25:39
2 - Software Admin Software; Archivo: alojamientos.php; Acción: Lista las visitas del alojamiento ; Fecha: 23-05-2025; Hora: 14:25:50
2 - Software Admin Software; Archivo: alojamientos.php; Acción: Lista los alojamientos; Fecha: 23-05-2025; Hora: 14:25:59
2 - Software Admin Software; Archivo: alojamientos.php; Acción: Lista los alojamientos; Fecha: 23-05-2025; Hora: 14:25:59
2 - Software Admin Software; Archivo: alojamientos.php; Acción: Lista los alojamientos; Fecha: 23-05-2025; Hora: 14:25:59
2 - Software Admin Software; Archivo: alojamientos.php; Acción: Lista los alojamientos; Fecha: 23-05-2025; Hora: 14:25:59
2 - Software Admin Software; Archivo: alojamientos.php; Acción: Lista las visitas del alojamiento ; Fecha: 23-05-2025; Hora: 14:26:04
2 - Software Admin Software; Archivo: alojamientos.php; Acción: Lista las visitas del alojamiento ; Fecha: 23-05-2025; Hora: 14:29:49
2 - Software Admin Software; Archivo: alojamientos.php; Acción: Lista las visitas del alojamiento ; Fecha: 23-05-2025; Hora: 14:29:51
2 - Software Admin Software; Archivo: alojamientos.php; Acción: Lista los alojamientos; Fecha: 23-05-2025; Hora: 14:29:53
2 - Software Admin Software; Archivo: alojamientos.php; Acción: Lista los alojamientos; Fecha: 23-05-2025; Hora: 14:29:53
2 - Software Admin Software; Archivo: alojamientos.php; Acción: Lista los alojamientos; Fecha: 23-05-2025; Hora: 14:29:53
2 - Software Admin Software; Archivo: alojamientos.php; Acción: Lista los alojamientos; Fecha: 23-05-2025; Hora: 14:29:53
2 - Software Admin Software; Archivo: alojamientos.php; Acción: Lista los alojamientos; Fecha: 23-05-2025; Hora: 14:30:04
2 - Software Admin Software; Archivo: alojamientos.php; Acción: Lista los alojamientos; Fecha: 23-05-2025; Hora: 14:30:04
2 - Software Admin Software; Archivo: alojamientos.php; Acción: Lista los alojamientos; Fecha: 23-05-2025; Hora: 14:30:04
2 - Software Admin Software; Archivo: alojamientos.php; Acción: Lista los alojamientos; Fecha: 23-05-2025; Hora: 14:30:04
2 - Software Admin Software; Archivo: alojamientos.php; Acción: Lista los alojamientos; Fecha: 23-05-2025; Hora: 14:30:22
2 - Software Admin Software; Archivo: alojamientos.php; Acción: Lista los alojamientos; Fecha: 23-05-2025; Hora: 14:30:22
2 - Software Admin Software; Archivo: alojamientos.php; Acción: Lista los alojamientos; Fecha: 23-05-2025; Hora: 14:30:23
2 - Software Admin Software; Archivo: alojamientos.php; Acción: Lista los alojamientos; Fecha: 23-05-2025; Hora: 14:30:23
2 - Software Admin Software; Archivo: alojamientos.php; Acción: Lista las visitas del alojamiento ; Fecha: 23-05-2025; Hora: 14:30:50
2 - Software Admin Software; Archivo: alojamientos.php; Acción: Lista los alojamientos; Fecha: 23-05-2025; Hora: 14:41:19
2 - Software Admin Software; Archivo: alojamientos.php; Acción: Lista los alojamientos; Fecha: 23-05-2025; Hora: 14:41:19
2 - Software Admin Software; Archivo: alojamientos.php; Acción: Lista los alojamientos; Fecha: 23-05-2025; Hora: 14:41:24
2 - Software Admin Software; Archivo: alojamientos.php; Acción: Lista los alojamientos; Fecha: 23-05-2025; Hora: 14:41:24
2 - Software Admin Software; Archivo: alojamientos.php; Acción: Lista los alojamientos; Fecha: 23-05-2025; Hora: 14:41:24
2 - Software Admin Software; Archivo: alojamientos.php; Acción: Lista los alojamientos; Fecha: 23-05-2025; Hora: 14:41:24
2 - Software Admin Software; Archivo: alojamientos.php; Acción: Lista las visitas del alojamiento ; Fecha: 23-05-2025; Hora: 14:41:28
2 - Software Admin Software; Archivo: alojamientos.php; Acción: Lista las visitas del alojamiento 3; Fecha: 23-05-2025; Hora: 14:41:50
2 - Software Admin Software; Archivo: alojamientos.php; Acción: Lista las visitas del alojamiento adtynk1t165af804fac914b57e00709b; Fecha: 23-05-2025; Hora: 14:44:51
2 - Software Admin Software; Archivo: alojamientos.php; Acción: Lista las visitas del alojamiento adtynk1t165af804fac914b57e00709b; Fecha: 23-05-2025; Hora: 14:51:05
2 - Software Admin Software; Archivo: alojamientos.php; Acción: Lista las visitas del alojamiento adtynk1t165af804fac914b57e00709b; Fecha: 23-05-2025; Hora: 14:51:06
2 - Software Admin Software; Archivo: alojamientos.php; Acción: Lista las visitas del alojamiento adtynk1t165af804fac914b57e00709b; Fecha: 23-05-2025; Hora: 14:52:35
ID: 1 - Nombre: Software - IP: 192.168.31.3; Archivo: usuario.php; Acción: Se hace login; Fecha: 23-05-2025; Hora: 15:25:31
